2024-06-18 16:52:44.407 [info] Extension host with pid 152465 started
2024-06-18 16:52:44.408 [error] Error: EEXIST: file already exists, open '/home/student/.vscode-server/data/User/workspaceStorage/5a2915a91ec150ae05f18a5fbc4e7562/vscode.lock'
2024-06-18 16:52:44.416 [info] Lock '/home/student/.vscode-server/data/User/workspaceStorage/5a2915a91ec150ae05f18a5fbc4e7562/vscode.lock': Could not acquire lock, checking if the file is stale.
2024-06-18 16:52:44.437 [info] Lock '/home/student/.vscode-server/data/User/workspaceStorage/5a2915a91ec150ae05f18a5fbc4e7562/vscode.lock': The lock does not look stale, elapsed: 795 ms, giving up.
2024-06-18 16:52:44.449 [info] Lock '/home/student/.vscode-server/data/User/workspaceStorage/5a2915a91ec150ae05f18a5fbc4e7562-1/vscode.lock': Lock acquired.
2024-06-18 16:52:46.565 [info] ExtensionService#_doActivateExtension vscode.tunnel-forwarding, startup: false, activationEvent: 'onTunnel'
2024-06-18 16:52:46.568 [info] ExtensionService#_doActivateExtension vscode.css-language-features, startup: false, activationEvent: 'onLanguage:scss'
2024-06-18 16:52:46.569 [info] ExtensionService#_doActivateExtension vscode.emmet, startup: false, activationEvent: 'onLanguage'
2024-06-18 16:52:47.572 [info] ExtensionService#_doActivateExtension vscode.git-base, startup: true, activationEvent: '*', root cause: vscode.git
2024-06-18 16:52:47.579 [info] ExtensionService#_doActivateExtension vscode.npm, startup: true, activationEvent: 'workspaceContains:package.json'
2024-06-18 16:52:53.006 [info] ExtensionService#_doActivateExtension vscode.git, startup: true, activationEvent: '*'
2024-06-18 16:52:53.008 [info] ExtensionService#_doActivateExtension vscode.github, startup: true, activationEvent: '*'
2024-06-18 16:52:53.891 [info] Eager extensions activated
2024-06-18 16:52:53.892 [info] ExtensionService#_doActivateExtension vscode.debug-auto-launch, startup: false, activationEvent: 'onStartupFinished'
2024-06-18 16:52:53.894 [info] ExtensionService#_doActivateExtension vscode.merge-conflict, startup: false, activationEvent: 'onStartupFinished'
2024-06-18 16:52:55.035 [warning] [Decorations] CAPPING events from decorations provider vscode.git 10259
2024-06-18 16:52:57.832 [warning] [Decorations] CAPPING events from decorations provider vscode.git 10261
2024-06-18 16:53:01.621 [warning] [Decorations] CAPPING events from decorations provider vscode.git 10262
2024-06-18 16:53:07.199 [warning] [Decorations] CAPPING events from decorations provider vscode.git 10263
2024-06-18 16:53:48.425 [warning] [Decorations] CAPPING events from decorations provider vscode.git 10263
2024-06-18 16:53:53.885 [warning] [Decorations] CAPPING events from decorations provider vscode.git 10263
2024-06-18 16:54:47.870 [warning] [Decorations] CAPPING events from decorations provider vscode.git 10263
2024-06-18 16:55:15.480 [warning] [Decorations] CAPPING events from decorations provider vscode.git 10265
2024-06-18 16:56:48.052 [warning] [Decorations] CAPPING events from decorations provider vscode.git 10266
2024-06-18 16:56:53.522 [warning] [Decorations] CAPPING events from decorations provider vscode.git 10267
2024-06-18 16:57:13.095 [warning] [Decorations] CAPPING events from decorations provider vscode.git 10267
2024-06-18 16:57:56.484 [warning] [Decorations] CAPPING events from decorations provider vscode.git 10270
2024-06-18 16:58:02.201 [warning] [Decorations] CAPPING events from decorations provider vscode.git 10270
2024-06-18 16:58:07.708 [warning] [Decorations] CAPPING events from decorations provider vscode.git 10271
2024-06-18 16:58:25.025 [warning] [Decorations] CAPPING events from decorations provider vscode.git 10271
2024-06-18 16:58:30.615 [warning] [Decorations] CAPPING events from decorations provider vscode.git 10271
2024-06-18 16:58:36.236 [warning] [Decorations] CAPPING events from decorations provider vscode.git 10271
2024-06-18 16:58:50.894 [warning] [Decorations] CAPPING events from decorations provider vscode.git 10272
2024-06-18 16:59:02.134 [warning] [Decorations] CAPPING events from decorations provider vscode.git 10272
2024-06-18 16:59:10.233 [warning] [Decorations] CAPPING events from decorations provider vscode.git 10272
2024-06-18 16:59:19.714 [warning] [Decorations] CAPPING events from decorations provider vscode.git 10272
2024-06-18 16:59:25.195 [warning] [Decorations] CAPPING events from decorations provider vscode.git 10273
2024-06-18 16:59:31.063 [warning] [Decorations] CAPPING events from decorations provider vscode.git 10273
2024-06-18 16:59:59.530 [warning] [Decorations] CAPPING events from decorations provider vscode.git 10273
2024-06-18 17:00:05.094 [warning] [Decorations] CAPPING events from decorations provider vscode.git 10273
2024-06-18 17:00:18.785 [warning] [Decorations] CAPPING events from decorations provider vscode.git 10273
2024-06-18 17:00:24.313 [warning] [Decorations] CAPPING events from decorations provider vscode.git 10273
2024-06-18 17:00:29.797 [warning] [Decorations] CAPPING events from decorations provider vscode.git 10273
2024-06-18 17:00:35.227 [warning] [Decorations] CAPPING events from decorations provider vscode.git 10273
2024-06-18 17:00:40.785 [warning] [Decorations] CAPPING events from decorations provider vscode.git 10273
2024-06-18 17:00:47.975 [warning] [Decorations] CAPPING events from decorations provider vscode.git 10274
2024-06-18 17:01:02.848 [warning] [Decorations] CAPPING events from decorations provider vscode.git 10274
2024-06-18 17:01:08.340 [warning] [Decorations] CAPPING events from decorations provider vscode.git 10274
2024-06-18 17:01:23.057 [warning] [Decorations] CAPPING events from decorations provider vscode.git 10275
2024-06-18 17:01:28.571 [warning] [Decorations] CAPPING events from decorations provider vscode.git 10275
2024-06-18 17:01:34.010 [warning] [Decorations] CAPPING events from decorations provider vscode.git 10276
2024-06-18 17:01:40.027 [warning] [Decorations] CAPPING events from decorations provider vscode.git 10276
2024-06-18 17:01:45.519 [warning] [Decorations] CAPPING events from decorations provider vscode.git 10276
2024-06-18 17:01:51.146 [warning] [Decorations] CAPPING events from decorations provider vscode.git 10277
2024-06-18 17:02:00.732 [warning] [Decorations] CAPPING events from decorations provider vscode.git 10278
2024-06-18 17:02:06.273 [warning] [Decorations] CAPPING events from decorations provider vscode.git 10279
2024-06-18 17:02:11.822 [warning] [Decorations] CAPPING events from decorations provider vscode.git 10279
2024-06-18 17:02:18.501 [warning] [Decorations] CAPPING events from decorations provider vscode.git 10279
2024-06-18 17:02:25.003 [warning] [Decorations] CAPPING events from decorations provider vscode.git 10279
2024-06-18 17:02:34.815 [warning] [Decorations] CAPPING events from decorations provider vscode.git 10279
2024-06-18 17:02:40.467 [warning] [Decorations] CAPPING events from decorations provider vscode.git 10280
2024-06-18 17:02:45.909 [warning] [Decorations] CAPPING events from decorations provider vscode.git 10280
2024-06-18 17:02:53.202 [warning] [Decorations] CAPPING events from decorations provider vscode.git 10280
2024-06-18 17:02:58.864 [warning] [Decorations] CAPPING events from decorations provider vscode.git 10280
2024-06-18 17:03:07.316 [warning] [Decorations] CAPPING events from decorations provider vscode.git 10281
2024-06-18 17:05:13.906 [warning] [Decorations] CAPPING events from decorations provider vscode.git 10281
2024-06-18 17:06:12.953 [warning] [Decorations] CAPPING events from decorations provider vscode.git 10281
2024-06-18 17:06:18.565 [warning] [Decorations] CAPPING events from decorations provider vscode.git 10281
2024-06-18 17:06:24.132 [warning] [Decorations] CAPPING events from decorations provider vscode.git 10282
2024-06-18 17:06:29.630 [warning] [Decorations] CAPPING events from decorations provider vscode.git 10283
2024-06-18 17:06:40.841 [warning] [Decorations] CAPPING events from decorations provider vscode.git 10284
2024-06-18 17:06:46.335 [warning] [Decorations] CAPPING events from decorations provider vscode.git 10284
2024-06-18 17:06:51.788 [warning] [Decorations] CAPPING events from decorations provider vscode.git 10285
2024-06-18 17:06:57.371 [warning] [Decorations] CAPPING events from decorations provider vscode.git 10285
2024-06-18 17:07:04.965 [warning] [Decorations] CAPPING events from decorations provider vscode.git 10285
2024-06-18 17:07:21.438 [warning] [Decorations] CAPPING events from decorations provider vscode.git 10285
2024-06-18 17:07:27.367 [warning] [Decorations] CAPPING events from decorations provider vscode.git 10285
2024-06-18 17:07:28.958 [info] ExtensionService#_doActivateExtension vscode.typescript-language-features, startup: false, activationEvent: 'onLanguage:typescriptreact'
2024-06-18 17:07:34.373 [warning] [Decorations] CAPPING events from decorations provider vscode.git 10286
2024-06-18 17:07:39.958 [warning] [Decorations] CAPPING events from decorations provider vscode.git 10286
2024-06-18 17:07:45.714 [warning] [Decorations] CAPPING events from decorations provider vscode.git 10286
2024-06-18 17:07:51.295 [warning] [Decorations] CAPPING events from decorations provider vscode.git 10287
2024-06-18 17:07:56.876 [warning] [Decorations] CAPPING events from decorations provider vscode.git 10287
2024-06-18 17:08:02.375 [warning] [Decorations] CAPPING events from decorations provider vscode.git 10287
2024-06-18 17:08:09.359 [warning] [Decorations] CAPPING events from decorations provider vscode.git 10288
2024-06-18 17:08:19.589 [warning] [Decorations] CAPPING events from decorations provider vscode.git 10288
2024-06-18 17:08:25.679 [warning] [Decorations] CAPPING events from decorations provider vscode.git 10289
2024-06-18 17:08:31.136 [warning] [Decorations] CAPPING events from decorations provider vscode.git 10289
2024-06-18 17:08:39.316 [warning] [Decorations] CAPPING events from decorations provider vscode.git 10290
2024-06-18 17:08:44.854 [warning] [Decorations] CAPPING events from decorations provider vscode.git 10290
2024-06-18 17:08:50.529 [warning] [Decorations] CAPPING events from decorations provider vscode.git 10290
2024-06-18 17:08:57.866 [warning] [Decorations] CAPPING events from decorations provider vscode.git 10291
2024-06-18 17:09:09.751 [warning] [Decorations] CAPPING events from decorations provider vscode.git 10291
2024-06-18 17:09:15.220 [warning] [Decorations] CAPPING events from decorations provider vscode.git 10291
2024-06-18 17:09:20.658 [warning] [Decorations] CAPPING events from decorations provider vscode.git 10291
2024-06-18 17:09:26.549 [warning] [Decorations] CAPPING events from decorations provider vscode.git 10291
2024-06-18 17:09:42.908 [warning] [Decorations] CAPPING events from decorations provider vscode.git 10292
2024-06-18 17:09:48.587 [warning] [Decorations] CAPPING events from decorations provider vscode.git 10292
2024-06-18 17:09:55.819 [warning] [Decorations] CAPPING events from decorations provider vscode.git 10293
2024-06-18 17:10:08.319 [warning] [Decorations] CAPPING events from decorations provider vscode.git 10293
2024-06-18 17:10:13.935 [warning] [Decorations] CAPPING events from decorations provider vscode.git 10293
2024-06-18 17:10:19.636 [warning] [Decorations] CAPPING events from decorations provider vscode.git 10293
2024-06-18 17:10:25.129 [warning] [Decorations] CAPPING events from decorations provider vscode.git 10294
2024-06-18 17:10:30.717 [warning] [Decorations] CAPPING events from decorations provider vscode.git 10294
2024-06-18 17:10:36.165 [warning] [Decorations] CAPPING events from decorations provider vscode.git 10295
2024-06-18 17:10:44.156 [warning] [Decorations] CAPPING events from decorations provider vscode.git 10295
2024-06-18 17:10:49.641 [warning] [Decorations] CAPPING events from decorations provider vscode.git 10295
2024-06-18 17:11:07.896 [warning] [Decorations] CAPPING events from decorations provider vscode.git 10295
2024-06-18 17:11:13.370 [warning] [Decorations] CAPPING events from decorations provider vscode.git 10295
2024-06-18 17:11:18.962 [warning] [Decorations] CAPPING events from decorations provider vscode.git 10296
2024-06-18 17:11:26.053 [warning] [Decorations] CAPPING events from decorations provider vscode.git 10296
2024-06-18 17:11:32.573 [warning] [Decorations] CAPPING events from decorations provider vscode.git 10296
2024-06-18 17:11:38.967 [warning] [Decorations] CAPPING events from decorations provider vscode.git 10296
2024-06-18 17:11:56.544 [warning] [Decorations] CAPPING events from decorations provider vscode.git 10297
2024-06-18 17:12:02.059 [warning] [Decorations] CAPPING events from decorations provider vscode.git 10297
2024-06-18 17:12:07.536 [warning] [Decorations] CAPPING events from decorations provider vscode.git 10297
2024-06-18 17:12:13.018 [warning] [Decorations] CAPPING events from decorations provider vscode.git 10297
2024-06-18 17:12:18.575 [warning] [Decorations] CAPPING events from decorations provider vscode.git 10297
2024-06-18 17:12:24.057 [warning] [Decorations] CAPPING events from decorations provider vscode.git 10297
2024-06-18 17:12:29.646 [warning] [Decorations] CAPPING events from decorations provider vscode.git 10297
2024-06-18 17:12:35.123 [warning] [Decorations] CAPPING events from decorations provider vscode.git 10297
2024-06-18 17:12:40.655 [warning] [Decorations] CAPPING events from decorations provider vscode.git 10297
2024-06-18 17:12:46.127 [warning] [Decorations] CAPPING events from decorations provider vscode.git 10297
2024-06-18 17:12:51.760 [warning] [Decorations] CAPPING events from decorations provider vscode.git 10297
2024-06-18 17:12:57.257 [warning] [Decorations] CAPPING events from decorations provider vscode.git 10297
2024-06-18 17:13:02.823 [warning] [Decorations] CAPPING events from decorations provider vscode.git 10297
2024-06-18 17:13:08.493 [warning] [Decorations] CAPPING events from decorations provider vscode.git 10297
2024-06-18 17:13:13.932 [warning] [Decorations] CAPPING events from decorations provider vscode.git 10297
2024-06-18 17:13:19.430 [warning] [Decorations] CAPPING events from decorations provider vscode.git 10297
2024-06-18 17:13:24.969 [warning] [Decorations] CAPPING events from decorations provider vscode.git 10297
2024-06-18 17:13:30.513 [warning] [Decorations] CAPPING events from decorations provider vscode.git 10299
2024-06-18 17:13:37.667 [warning] [Decorations] CAPPING events from decorations provider vscode.git 10299
2024-06-18 17:13:43.203 [warning] [Decorations] CAPPING events from decorations provider vscode.git 10299
2024-06-18 17:13:49.318 [warning] [Decorations] CAPPING events from decorations provider vscode.git 10299
2024-06-18 17:14:08.156 [warning] [Decorations] CAPPING events from decorations provider vscode.git 10300
2024-06-18 17:14:13.593 [warning] [Decorations] CAPPING events from decorations provider vscode.git 10300
2024-06-18 17:14:19.129 [warning] [Decorations] CAPPING events from decorations provider vscode.git 10300
2024-06-18 17:14:24.607 [warning] [Decorations] CAPPING events from decorations provider vscode.git 10300
2024-06-18 17:14:41.799 [warning] [Decorations] CAPPING events from decorations provider vscode.git 10300
2024-06-18 17:14:47.279 [warning] [Decorations] CAPPING events from decorations provider vscode.git 10300
2024-06-18 17:14:52.788 [warning] [Decorations] CAPPING events from decorations provider vscode.git 10300
2024-06-18 17:14:58.299 [warning] [Decorations] CAPPING events from decorations provider vscode.git 10300
2024-06-18 17:15:04.266 [warning] [Decorations] CAPPING events from decorations provider vscode.git 10301
2024-06-18 17:15:09.779 [warning] [Decorations] CAPPING events from decorations provider vscode.git 10301
2024-06-18 17:15:15.299 [warning] [Decorations] CAPPING events from decorations provider vscode.git 10301
2024-06-18 17:15:41.850 [warning] [Decorations] CAPPING events from decorations provider vscode.git 10301
2024-06-18 17:15:48.887 [warning] [Decorations] CAPPING events from decorations provider vscode.git 10301
2024-06-18 17:15:54.407 [warning] [Decorations] CAPPING events from decorations provider vscode.git 10301
2024-06-18 17:16:00.091 [warning] [Decorations] CAPPING events from decorations provider vscode.git 10301
2024-06-18 17:16:05.897 [warning] [Decorations] CAPPING events from decorations provider vscode.git 10301
2024-06-18 17:16:11.468 [warning] [Decorations] CAPPING events from decorations provider vscode.git 10301
2024-06-18 17:16:16.970 [warning] [Decorations] CAPPING events from decorations provider vscode.git 10301
2024-06-18 17:17:00.621 [warning] [Decorations] CAPPING events from decorations provider vscode.git 10301
2024-06-18 17:17:06.086 [warning] [Decorations] CAPPING events from decorations provider vscode.git 10301
2024-06-18 17:17:11.544 [warning] [Decorations] CAPPING events from decorations provider vscode.git 10301
2024-06-18 17:17:50.219 [warning] [Decorations] CAPPING events from decorations provider vscode.git 10301
2024-06-18 17:17:56.093 [warning] [Decorations] CAPPING events from decorations provider vscode.git 10301
2024-06-18 17:18:01.687 [warning] [Decorations] CAPPING events from decorations provider vscode.git 10301
2024-06-18 17:18:07.719 [warning] [Decorations] CAPPING events from decorations provider vscode.git 10301
2024-06-18 17:18:13.573 [warning] [Decorations] CAPPING events from decorations provider vscode.git 10302
2024-06-18 17:18:19.142 [warning] [Decorations] CAPPING events from decorations provider vscode.git 10302
2024-06-18 17:18:24.648 [warning] [Decorations] CAPPING events from decorations provider vscode.git 10302
2024-06-18 17:18:30.089 [warning] [Decorations] CAPPING events from decorations provider vscode.git 10302
2024-06-18 17:18:38.123 [warning] [Decorations] CAPPING events from decorations provider vscode.git 10302
2024-06-18 17:18:43.666 [warning] [Decorations] CAPPING events from decorations provider vscode.git 10302
2024-06-18 17:18:49.413 [warning] [Decorations] CAPPING events from decorations provider vscode.git 10303
2024-06-18 17:18:54.934 [warning] [Decorations] CAPPING events from decorations provider vscode.git 10303
2024-06-18 17:19:00.580 [warning] [Decorations] CAPPING events from decorations provider vscode.git 10303
2024-06-18 17:19:06.093 [warning] [Decorations] CAPPING events from decorations provider vscode.git 10303
2024-06-18 17:19:11.615 [warning] [Decorations] CAPPING events from decorations provider vscode.git 10303
2024-06-18 17:19:17.899 [warning] [Decorations] CAPPING events from decorations provider vscode.git 10304
2024-06-18 17:19:23.368 [warning] [Decorations] CAPPING events from decorations provider vscode.git 10304
2024-06-18 17:19:28.849 [warning] [Decorations] CAPPING events from decorations provider vscode.git 10304
2024-06-18 17:19:34.326 [warning] [Decorations] CAPPING events from decorations provider vscode.git 10304
2024-06-18 17:19:40.639 [warning] [Decorations] CAPPING events from decorations provider vscode.git 10305
2024-06-18 17:19:46.086 [warning] [Decorations] CAPPING events from decorations provider vscode.git 10305
2024-06-18 17:19:51.523 [warning] [Decorations] CAPPING events from decorations provider vscode.git 10305
2024-06-18 17:19:57.645 [warning] [Decorations] CAPPING events from decorations provider vscode.git 10305
2024-06-18 17:20:03.237 [warning] [Decorations] CAPPING events from decorations provider vscode.git 10305
2024-06-18 17:20:10.658 [warning] [Decorations] CAPPING events from decorations provider vscode.git 10306
2024-06-18 17:20:16.219 [warning] [Decorations] CAPPING events from decorations provider vscode.git 10306
2024-06-18 17:20:21.651 [warning] [Decorations] CAPPING events from decorations provider vscode.git 10307
2024-06-18 17:20:27.134 [warning] [Decorations] CAPPING events from decorations provider vscode.git 10307
2024-06-18 17:20:32.561 [warning] [Decorations] CAPPING events from decorations provider vscode.git 10307
2024-06-18 17:20:38.098 [warning] [Decorations] CAPPING events from decorations provider vscode.git 10307
2024-06-18 17:20:43.691 [warning] [Decorations] CAPPING events from decorations provider vscode.git 10308
2024-06-18 17:20:49.222 [warning] [Decorations] CAPPING events from decorations provider vscode.git 10308
2024-06-18 17:20:54.712 [warning] [Decorations] CAPPING events from decorations provider vscode.git 10308
2024-06-18 17:21:00.265 [warning] [Decorations] CAPPING events from decorations provider vscode.git 10308
2024-06-18 17:21:08.392 [warning] [Decorations] CAPPING events from decorations provider vscode.git 10308
2024-06-18 17:21:24.176 [warning] [Decorations] CAPPING events from decorations provider vscode.git 10308
2024-06-18 17:21:29.629 [warning] [Decorations] CAPPING events from decorations provider vscode.git 10308
2024-06-18 17:21:35.907 [warning] [Decorations] CAPPING events from decorations provider vscode.git 10309
2024-06-18 17:21:41.465 [warning] [Decorations] CAPPING events from decorations provider vscode.git 10309
2024-06-18 17:21:47.178 [warning] [Decorations] CAPPING events from decorations provider vscode.git 10309
2024-06-18 17:21:52.899 [warning] [Decorations] CAPPING events from decorations provider vscode.git 10310
2024-06-18 17:22:00.988 [warning] [Decorations] CAPPING events from decorations provider vscode.git 10310
2024-06-18 17:22:24.761 [warning] [Decorations] CAPPING events from decorations provider vscode.git 10310
2024-06-18 17:22:30.207 [warning] [Decorations] CAPPING events from decorations provider vscode.git 10310
2024-06-18 17:22:35.706 [warning] [Decorations] CAPPING events from decorations provider vscode.git 10310
2024-06-18 17:22:42.831 [warning] [Decorations] CAPPING events from decorations provider vscode.git 10311
2024-06-18 17:22:48.377 [warning] [Decorations] CAPPING events from decorations provider vscode.git 10311
2024-06-18 17:22:53.809 [warning] [Decorations] CAPPING events from decorations provider vscode.git 10311
2024-06-18 17:22:59.253 [warning] [Decorations] CAPPING events from decorations provider vscode.git 10311
2024-06-18 17:23:04.733 [warning] [Decorations] CAPPING events from decorations provider vscode.git 10312
2024-06-18 17:23:13.632 [warning] [Decorations] CAPPING events from decorations provider vscode.git 10312
2024-06-18 17:23:19.161 [warning] [Decorations] CAPPING events from decorations provider vscode.git 10312
2024-06-18 17:23:26.529 [warning] [Decorations] CAPPING events from decorations provider vscode.git 10312
2024-06-18 17:23:37.551 [warning] [Decorations] CAPPING events from decorations provider vscode.git 10312
2024-06-18 17:23:43.045 [warning] [Decorations] CAPPING events from decorations provider vscode.git 10312
2024-06-18 17:23:52.187 [warning] [Decorations] CAPPING events from decorations provider vscode.git 10312
2024-06-18 17:24:04.491 [warning] [Decorations] CAPPING events from decorations provider vscode.git 10312
2024-06-18 17:24:16.112 [warning] [Decorations] CAPPING events from decorations provider vscode.git 10312
2024-06-18 17:24:22.011 [warning] [Decorations] CAPPING events from decorations provider vscode.git 10312
2024-06-18 17:24:27.587 [warning] [Decorations] CAPPING events from decorations provider vscode.git 10312
2024-06-18 17:24:33.049 [warning] [Decorations] CAPPING events from decorations provider vscode.git 10312
2024-06-18 17:24:39.065 [warning] [Decorations] CAPPING events from decorations provider vscode.git 10312
2024-06-18 17:24:45.154 [warning] [Decorations] CAPPING events from decorations provider vscode.git 10312
2024-06-18 17:24:50.659 [warning] [Decorations] CAPPING events from decorations provider vscode.git 10312
2024-06-18 17:24:56.148 [warning] [Decorations] CAPPING events from decorations provider vscode.git 10312
2024-06-18 17:25:01.736 [warning] [Decorations] CAPPING events from decorations provider vscode.git 10312
2024-06-18 17:25:07.272 [warning] [Decorations] CAPPING events from decorations provider vscode.git 10312
2024-06-18 17:25:14.364 [warning] [Decorations] CAPPING events from decorations provider vscode.git 10312
2024-06-18 17:25:19.873 [warning] [Decorations] CAPPING events from decorations provider vscode.git 10312
2024-06-18 17:25:25.445 [warning] [Decorations] CAPPING events from decorations provider vscode.git 10312
2024-06-18 17:25:30.957 [warning] [Decorations] CAPPING events from decorations provider vscode.git 10312
2024-06-18 17:25:36.413 [warning] [Decorations] CAPPING events from decorations provider vscode.git 10312
2024-06-18 17:25:41.931 [warning] [Decorations] CAPPING events from decorations provider vscode.git 10312
2024-06-18 17:25:47.618 [warning] [Decorations] CAPPING events from decorations provider vscode.git 10312
2024-06-18 17:25:53.339 [warning] [Decorations] CAPPING events from decorations provider vscode.git 10313
2024-06-18 17:26:13.229 [warning] [Decorations] CAPPING events from decorations provider vscode.git 10313
2024-06-18 17:26:18.807 [warning] [Decorations] CAPPING events from decorations provider vscode.git 10314
2024-06-18 17:26:37.355 [warning] [Decorations] CAPPING events from decorations provider vscode.git 10314
2024-06-18 17:26:42.981 [warning] [Decorations] CAPPING events from decorations provider vscode.git 10315
2024-06-18 17:26:48.495 [warning] [Decorations] CAPPING events from decorations provider vscode.git 10316
2024-06-18 17:26:53.957 [warning] [Decorations] CAPPING events from decorations provider vscode.git 10317
2024-06-18 17:27:00.986 [warning] [Decorations] CAPPING events from decorations provider vscode.git 10318
2024-06-18 17:27:06.532 [warning] [Decorations] CAPPING events from decorations provider vscode.git 10319
2024-06-18 17:27:25.189 [warning] [Decorations] CAPPING events from decorations provider vscode.git 10319
2024-06-18 17:27:30.740 [warning] [Decorations] CAPPING events from decorations provider vscode.git 10320
2024-06-18 17:27:41.025 [warning] [Decorations] CAPPING events from decorations provider vscode.git 10320
2024-06-18 17:27:46.522 [warning] [Decorations] CAPPING events from decorations provider vscode.git 10320
2024-06-18 17:27:52.534 [warning] [Decorations] CAPPING events from decorations provider vscode.git 10321
2024-06-18 17:27:58.027 [warning] [Decorations] CAPPING events from decorations provider vscode.git 10321
2024-06-18 17:28:12.364 [warning] [Decorations] CAPPING events from decorations provider vscode.git 10321
2024-06-18 17:28:17.881 [warning] [Decorations] CAPPING events from decorations provider vscode.git 10322
2024-06-18 17:28:23.388 [warning] [Decorations] CAPPING events from decorations provider vscode.git 10322
2024-06-18 17:28:29.011 [warning] [Decorations] CAPPING events from decorations provider vscode.git 10322
2024-06-18 17:28:34.470 [warning] [Decorations] CAPPING events from decorations provider vscode.git 10323
2024-06-18 17:28:39.966 [warning] [Decorations] CAPPING events from decorations provider vscode.git 10323
2024-06-18 17:28:51.452 [warning] [Decorations] CAPPING events from decorations provider vscode.git 10323
2024-06-18 17:28:57.835 [warning] [Decorations] CAPPING events from decorations provider vscode.git 10323
2024-06-18 17:29:06.084 [warning] [Decorations] CAPPING events from decorations provider vscode.git 10324
2024-06-18 17:29:11.599 [warning] [Decorations] CAPPING events from decorations provider vscode.git 10324
2024-06-18 17:29:17.078 [warning] [Decorations] CAPPING events from decorations provider vscode.git 10324
2024-06-18 17:29:22.522 [warning] [Decorations] CAPPING events from decorations provider vscode.git 10325
2024-06-18 17:29:29.400 [warning] [Decorations] CAPPING events from decorations provider vscode.git 10325
2024-06-18 17:29:59.447 [warning] [Decorations] CAPPING events from decorations provider vscode.git 10325
2024-06-18 17:30:06.074 [warning] [Decorations] CAPPING events from decorations provider vscode.git 10325
2024-06-18 17:30:11.621 [warning] [Decorations] CAPPING events from decorations provider vscode.git 10326
2024-06-18 17:30:20.232 [warning] [Decorations] CAPPING events from decorations provider vscode.git 10326
2024-06-18 17:30:25.924 [warning] [Decorations] CAPPING events from decorations provider vscode.git 10327
2024-06-18 17:30:35.332 [warning] [Decorations] CAPPING events from decorations provider vscode.git 10328
2024-06-18 17:30:40.836 [warning] [Decorations] CAPPING events from decorations provider vscode.git 10328
2024-06-18 17:30:48.336 [warning] [Decorations] CAPPING events from decorations provider vscode.git 10328
2024-06-18 17:30:53.848 [warning] [Decorations] CAPPING events from decorations provider vscode.git 10328
2024-06-18 17:31:03.059 [warning] [Decorations] CAPPING events from decorations provider vscode.git 10328
2024-06-18 17:31:08.548 [warning] [Decorations] CAPPING events from decorations provider vscode.git 10328
2024-06-18 17:31:14.118 [warning] [Decorations] CAPPING events from decorations provider vscode.git 10328
2024-06-18 17:31:19.755 [warning] [Decorations] CAPPING events from decorations provider vscode.git 10328
2024-06-18 17:31:25.963 [warning] [Decorations] CAPPING events from decorations provider vscode.git 10329
2024-06-18 17:31:31.501 [warning] [Decorations] CAPPING events from decorations provider vscode.git 10329
2024-06-18 17:31:36.966 [warning] [Decorations] CAPPING events from decorations provider vscode.git 10330
2024-06-18 17:31:44.079 [warning] [Decorations] CAPPING events from decorations provider vscode.git 10330
2024-06-18 17:31:50.227 [warning] [Decorations] CAPPING events from decorations provider vscode.git 10330
2024-06-18 17:31:55.804 [warning] [Decorations] CAPPING events from decorations provider vscode.git 10330
2024-06-18 17:32:01.252 [warning] [Decorations] CAPPING events from decorations provider vscode.git 10330
2024-06-18 17:32:06.806 [warning] [Decorations] CAPPING events from decorations provider vscode.git 10330
2024-06-18 17:32:12.452 [warning] [Decorations] CAPPING events from decorations provider vscode.git 10331
2024-06-18 17:32:18.895 [warning] [Decorations] CAPPING events from decorations provider vscode.git 10331
2024-06-18 17:32:26.085 [warning] [Decorations] CAPPING events from decorations provider vscode.git 10331
2024-06-18 17:32:31.588 [warning] [Decorations] CAPPING events from decorations provider vscode.git 10331
2024-06-18 17:32:37.066 [warning] [Decorations] CAPPING events from decorations provider vscode.git 10331
2024-06-18 17:32:42.558 [warning] [Decorations] CAPPING events from decorations provider vscode.git 10331
2024-06-18 17:32:48.127 [warning] [Decorations] CAPPING events from decorations provider vscode.git 10331
2024-06-18 17:33:04.975 [warning] [Decorations] CAPPING events from decorations provider vscode.git 10331
2024-06-18 17:33:27.473 [warning] [Decorations] CAPPING events from decorations provider vscode.git 10331
2024-06-18 17:33:39.944 [warning] [Decorations] CAPPING events from decorations provider vscode.git 10331
2024-06-18 17:37:38.435 [warning] [Decorations] CAPPING events from decorations provider vscode.git 10331
2024-06-18 17:37:47.037 [warning] [Decorations] CAPPING events from decorations provider vscode.git 10331
2024-06-18 17:37:52.601 [warning] [Decorations] CAPPING events from decorations provider vscode.git 10331
2024-06-18 17:37:58.070 [warning] [Decorations] CAPPING events from decorations provider vscode.git 10331
2024-06-18 17:38:03.561 [warning] [Decorations] CAPPING events from decorations provider vscode.git 10331
2024-06-18 17:38:09.220 [warning] [Decorations] CAPPING events from decorations provider vscode.git 10331
2024-06-18 17:38:14.678 [warning] [Decorations] CAPPING events from decorations provider vscode.git 10331
2024-06-18 17:38:20.752 [warning] [Decorations] CAPPING events from decorations provider vscode.git 10331
2024-06-18 17:38:26.211 [warning] [Decorations] CAPPING events from decorations provider vscode.git 10331
2024-06-18 17:38:38.858 [warning] [Decorations] CAPPING events from decorations provider vscode.git 10331
2024-06-18 17:38:44.333 [warning] [Decorations] CAPPING events from decorations provider vscode.git 10332
2024-06-18 17:39:46.744 [warning] [Decorations] CAPPING events from decorations provider vscode.git 10333
2024-06-18 17:39:52.282 [warning] [Decorations] CAPPING events from decorations provider vscode.git 10333
2024-06-18 17:39:57.876 [warning] [Decorations] CAPPING events from decorations provider vscode.git 10333
2024-06-18 17:40:26.493 [warning] [Decorations] CAPPING events from decorations provider vscode.git 10333
2024-06-18 17:40:39.726 [warning] [Decorations] CAPPING events from decorations provider vscode.git 10334
2024-06-18 17:40:45.595 [warning] [Decorations] CAPPING events from decorations provider vscode.git 10335
2024-06-18 17:40:51.095 [warning] [Decorations] CAPPING events from decorations provider vscode.git 10335
2024-06-18 17:40:56.598 [warning] [Decorations] CAPPING events from decorations provider vscode.git 10335
2024-06-18 17:41:02.253 [warning] [Decorations] CAPPING events from decorations provider vscode.git 10335
2024-06-18 17:41:07.828 [warning] [Decorations] CAPPING events from decorations provider vscode.git 10335
2024-06-18 17:41:13.351 [warning] [Decorations] CAPPING events from decorations provider vscode.git 10335
2024-06-18 17:41:18.957 [warning] [Decorations] CAPPING events from decorations provider vscode.git 10335
2024-06-18 17:41:24.985 [warning] [Decorations] CAPPING events from decorations provider vscode.git 10335
2024-06-18 17:41:31.375 [warning] [Decorations] CAPPING events from decorations provider vscode.git 10335
2024-06-18 17:41:37.548 [warning] [Decorations] CAPPING events from decorations provider vscode.git 10335
2024-06-18 17:41:56.945 [warning] [Decorations] CAPPING events from decorations provider vscode.git 10335
2024-06-18 17:42:02.717 [warning] [Decorations] CAPPING events from decorations provider vscode.git 10336
2024-06-18 17:42:12.793 [warning] [Decorations] CAPPING events from decorations provider vscode.git 10336
2024-06-18 17:42:18.301 [warning] [Decorations] CAPPING events from decorations provider vscode.git 10336
2024-06-18 17:42:23.845 [warning] [Decorations] CAPPING events from decorations provider vscode.git 10336
2024-06-18 17:42:29.345 [warning] [Decorations] CAPPING events from decorations provider vscode.git 10336
2024-06-18 17:42:34.941 [warning] [Decorations] CAPPING events from decorations provider vscode.git 10337
2024-06-18 17:42:40.482 [warning] [Decorations] CAPPING events from decorations provider vscode.git 10337
2024-06-18 17:42:47.638 [warning] [Decorations] CAPPING events from decorations provider vscode.git 10337
2024-06-18 17:42:56.513 [warning] [Decorations] CAPPING events from decorations provider vscode.git 10337
2024-06-18 17:43:02.141 [warning] [Decorations] CAPPING events from decorations provider vscode.git 10337
2024-06-18 17:43:07.706 [warning] [Decorations] CAPPING events from decorations provider vscode.git 10337
2024-06-18 17:43:13.248 [warning] [Decorations] CAPPING events from decorations provider vscode.git 10337
2024-06-18 17:43:18.853 [warning] [Decorations] CAPPING events from decorations provider vscode.git 10337
2024-06-18 17:43:24.514 [warning] [Decorations] CAPPING events from decorations provider vscode.git 10338
2024-06-18 17:43:30.233 [warning] [Decorations] CAPPING events from decorations provider vscode.git 10338
2024-06-18 17:43:35.664 [warning] [Decorations] CAPPING events from decorations provider vscode.git 10338
2024-06-18 17:43:41.175 [warning] [Decorations] CAPPING events from decorations provider vscode.git 10338
2024-06-18 17:43:50.420 [warning] [Decorations] CAPPING events from decorations provider vscode.git 10339
2024-06-18 17:43:55.904 [warning] [Decorations] CAPPING events from decorations provider vscode.git 10339
2024-06-18 17:44:03.285 [warning] [Decorations] CAPPING events from decorations provider vscode.git 10339
2024-06-18 17:44:11.436 [warning] [Decorations] CAPPING events from decorations provider vscode.git 10339
2024-06-18 17:44:20.591 [warning] [Decorations] CAPPING events from decorations provider vscode.git 10340
2024-06-18 17:44:26.286 [warning] [Decorations] CAPPING events from decorations provider vscode.git 10340
2024-06-18 17:44:32.492 [warning] [Decorations] CAPPING events from decorations provider vscode.git 10340
2024-06-18 17:44:37.980 [warning] [Decorations] CAPPING events from decorations provider vscode.git 10340
2024-06-18 17:44:43.450 [warning] [Decorations] CAPPING events from decorations provider vscode.git 10340
2024-06-18 17:44:48.952 [warning] [Decorations] CAPPING events from decorations provider vscode.git 10340
2024-06-18 17:44:54.393 [warning] [Decorations] CAPPING events from decorations provider vscode.git 10340
2024-06-18 17:45:01.574 [warning] [Decorations] CAPPING events from decorations provider vscode.git 10340
2024-06-18 17:45:15.520 [warning] [Decorations] CAPPING events from decorations provider vscode.git 10340
2024-06-18 17:45:21.071 [warning] [Decorations] CAPPING events from decorations provider vscode.git 10340
2024-06-18 17:45:26.565 [warning] [Decorations] CAPPING events from decorations provider vscode.git 10341
2024-06-18 17:45:32.380 [warning] [Decorations] CAPPING events from decorations provider vscode.git 10340
2024-06-18 17:45:38.002 [warning] [Decorations] CAPPING events from decorations provider vscode.git 10340
2024-06-18 17:45:48.667 [warning] [Decorations] CAPPING events from decorations provider vscode.git 10341
2024-06-18 17:45:54.136 [warning] [Decorations] CAPPING events from decorations provider vscode.git 10340
2024-06-18 17:46:11.207 [warning] [Decorations] CAPPING events from decorations provider vscode.git 10341
2024-06-18 17:46:16.777 [warning] [Decorations] CAPPING events from decorations provider vscode.git 10340
2024-06-18 17:46:22.354 [warning] [Decorations] CAPPING events from decorations provider vscode.git 10340
2024-06-18 17:46:46.548 [warning] [Decorations] CAPPING events from decorations provider vscode.git 10341
2024-06-18 17:46:55.883 [warning] [Decorations] CAPPING events from decorations provider vscode.git 10340
2024-06-18 17:47:01.392 [warning] [Decorations] CAPPING events from decorations provider vscode.git 10340
2024-06-18 17:47:12.085 [warning] [Decorations] CAPPING events from decorations provider vscode.git 10341
2024-06-18 17:47:17.569 [warning] [Decorations] CAPPING events from decorations provider vscode.git 10340
2024-06-18 17:47:24.702 [warning] [Decorations] CAPPING events from decorations provider vscode.git 10341
2024-06-18 17:47:30.283 [warning] [Decorations] CAPPING events from decorations provider vscode.git 10340
2024-06-18 17:47:35.830 [warning] [Decorations] CAPPING events from decorations provider vscode.git 10341
2024-06-18 17:47:43.454 [warning] [Decorations] CAPPING events from decorations provider vscode.git 10342
2024-06-18 17:47:48.909 [warning] [Decorations] CAPPING events from decorations provider vscode.git 10340
2024-06-18 17:47:54.430 [warning] [Decorations] CAPPING events from decorations provider vscode.git 10340
2024-06-18 17:47:59.943 [warning] [Decorations] CAPPING events from decorations provider vscode.git 10341
2024-06-18 17:48:06.062 [warning] [Decorations] CAPPING events from decorations provider vscode.git 10340
2024-06-18 17:48:13.340 [warning] [Decorations] CAPPING events from decorations provider vscode.git 10341
2024-06-18 17:48:19.022 [warning] [Decorations] CAPPING events from decorations provider vscode.git 10340
2024-06-18 17:48:24.569 [warning] [Decorations] CAPPING events from decorations provider vscode.git 10340
2024-06-18 17:48:30.139 [warning] [Decorations] CAPPING events from decorations provider vscode.git 10340
2024-06-18 17:48:37.347 [warning] [Decorations] CAPPING events from decorations provider vscode.git 10341
2024-06-18 17:48:43.749 [warning] [Decorations] CAPPING events from decorations provider vscode.git 10340
2024-06-18 17:48:49.801 [warning] [Decorations] CAPPING events from decorations provider vscode.git 10340
2024-06-18 17:48:58.439 [warning] [Decorations] CAPPING events from decorations provider vscode.git 10340
2024-06-18 17:49:03.924 [warning] [Decorations] CAPPING events from decorations provider vscode.git 10340
2024-06-18 17:49:14.240 [warning] [Decorations] CAPPING events from decorations provider vscode.git 10341
2024-06-18 17:49:20.168 [warning] [Decorations] CAPPING events from decorations provider vscode.git 10341
2024-06-18 17:49:25.733 [warning] [Decorations] CAPPING events from decorations provider vscode.git 10341
2024-06-18 17:49:33.080 [warning] [Decorations] CAPPING events from decorations provider vscode.git 10341
2024-06-18 17:49:40.336 [warning] [Decorations] CAPPING events from decorations provider vscode.git 10342
2024-06-18 17:50:30.810 [warning] [Decorations] CAPPING events from decorations provider vscode.git 10342
2024-06-18 17:50:36.314 [warning] [Decorations] CAPPING events from decorations provider vscode.git 10342
2024-06-18 17:50:41.808 [warning] [Decorations] CAPPING events from decorations provider vscode.git 10342
2024-06-18 17:50:58.975 [warning] [Decorations] CAPPING events from decorations provider vscode.git 10343
2024-06-18 17:51:04.602 [warning] [Decorations] CAPPING events from decorations provider vscode.git 10343
2024-06-18 17:51:17.419 [warning] [Decorations] CAPPING events from decorations provider vscode.git 10344
2024-06-18 17:51:24.820 [warning] [Decorations] CAPPING events from decorations provider vscode.git 10344
2024-06-18 17:51:30.383 [warning] [Decorations] CAPPING events from decorations provider vscode.git 10343
2024-06-18 17:51:35.862 [warning] [Decorations] CAPPING events from decorations provider vscode.git 10344
2024-06-18 17:51:43.345 [warning] [Decorations] CAPPING events from decorations provider vscode.git 10344
2024-06-18 17:51:54.334 [warning] [Decorations] CAPPING events from decorations provider vscode.git 10343
2024-06-18 17:52:11.603 [warning] [Decorations] CAPPING events from decorations provider vscode.git 10344
2024-06-18 17:52:17.298 [warning] [Decorations] CAPPING events from decorations provider vscode.git 10343
2024-06-18 17:52:26.650 [warning] [Decorations] CAPPING events from decorations provider vscode.git 10344
2024-06-18 17:52:33.025 [warning] [Decorations] CAPPING events from decorations provider vscode.git 10344
2024-06-18 17:52:38.560 [warning] [Decorations] CAPPING events from decorations provider vscode.git 10344
2024-06-18 17:52:44.059 [warning] [Decorations] CAPPING events from decorations provider vscode.git 10344
2024-06-18 17:52:56.009 [warning] [Decorations] CAPPING events from decorations provider vscode.git 10343
2024-06-18 17:53:01.590 [warning] [Decorations] CAPPING events from decorations provider vscode.git 10343
2024-06-18 17:53:07.709 [warning] [Decorations] CAPPING events from decorations provider vscode.git 10344
2024-06-18 17:53:13.221 [warning] [Decorations] CAPPING events from decorations provider vscode.git 10343
2024-06-18 17:53:19.318 [warning] [Decorations] CAPPING events from decorations provider vscode.git 10343
2024-06-18 17:53:27.045 [warning] [Decorations] CAPPING events from decorations provider vscode.git 10343
2024-06-18 17:53:32.563 [warning] [Decorations] CAPPING events from decorations provider vscode.git 10343
2024-06-18 17:53:40.327 [warning] [Decorations] CAPPING events from decorations provider vscode.git 10343
2024-06-18 17:53:59.504 [warning] [Decorations] CAPPING events from decorations provider vscode.git 10344
2024-06-18 17:54:10.700 [warning] [Decorations] CAPPING events from decorations provider vscode.git 10344
2024-06-18 17:54:16.232 [warning] [Decorations] CAPPING events from decorations provider vscode.git 10343
2024-06-18 17:54:21.837 [warning] [Decorations] CAPPING events from decorations provider vscode.git 10343
2024-06-18 17:54:27.723 [warning] [Decorations] CAPPING events from decorations provider vscode.git 10343
2024-06-18 17:54:35.515 [warning] [Decorations] CAPPING events from decorations provider vscode.git 10344
2024-06-18 17:54:41.107 [warning] [Decorations] CAPPING events from decorations provider vscode.git 10343
2024-06-18 17:54:48.152 [warning] [Decorations] CAPPING events from decorations provider vscode.git 10344
2024-06-18 17:54:53.845 [warning] [Decorations] CAPPING events from decorations provider vscode.git 10343
2024-06-18 17:54:59.428 [warning] [Decorations] CAPPING events from decorations provider vscode.git 10343
2024-06-18 17:55:07.103 [warning] [Decorations] CAPPING events from decorations provider vscode.git 10344
2024-06-18 17:55:12.624 [warning] [Decorations] CAPPING events from decorations provider vscode.git 10344
2024-06-18 17:55:18.826 [warning] [Decorations] CAPPING events from decorations provider vscode.git 10344
2024-06-18 17:55:24.367 [warning] [Decorations] CAPPING events from decorations provider vscode.git 10343
2024-06-18 17:55:33.533 [warning] [Decorations] CAPPING events from decorations provider vscode.git 10344
2024-06-18 17:55:38.989 [warning] [Decorations] CAPPING events from decorations provider vscode.git 10343
2024-06-18 17:55:44.517 [warning] [Decorations] CAPPING events from decorations provider vscode.git 10343
2024-06-18 17:55:50.023 [warning] [Decorations] CAPPING events from decorations provider vscode.git 10343
2024-06-18 17:56:05.468 [warning] [Decorations] CAPPING events from decorations provider vscode.git 10343
2024-06-18 17:56:12.007 [warning] [Decorations] CAPPING events from decorations provider vscode.git 10343
2024-06-18 17:56:18.341 [warning] [Decorations] CAPPING events from decorations provider vscode.git 10343
2024-06-18 17:56:23.960 [warning] [Decorations] CAPPING events from decorations provider vscode.git 10343
2024-06-18 17:56:29.471 [warning] [Decorations] CAPPING events from decorations provider vscode.git 10344
2024-06-18 17:56:35.004 [warning] [Decorations] CAPPING events from decorations provider vscode.git 10343
2024-06-18 17:56:40.515 [warning] [Decorations] CAPPING events from decorations provider vscode.git 10344
2024-06-18 17:56:55.854 [warning] [Decorations] CAPPING events from decorations provider vscode.git 10343
2024-06-18 17:57:01.402 [warning] [Decorations] CAPPING events from decorations provider vscode.git 10345
2024-06-18 17:57:07.729 [warning] [Decorations] CAPPING events from decorations provider vscode.git 10343
2024-06-18 17:57:13.351 [warning] [Decorations] CAPPING events from decorations provider vscode.git 10344
2024-06-18 17:57:18.919 [warning] [Decorations] CAPPING events from decorations provider vscode.git 10343
2024-06-18 17:57:25.938 [warning] [Decorations] CAPPING events from decorations provider vscode.git 10343
2024-06-18 17:57:42.030 [warning] [Decorations] CAPPING events from decorations provider vscode.git 10343
2024-06-18 17:57:47.581 [warning] [Decorations] CAPPING events from decorations provider vscode.git 10343
2024-06-18 17:57:53.059 [warning] [Decorations] CAPPING events from decorations provider vscode.git 10343
2024-06-18 17:57:58.573 [warning] [Decorations] CAPPING events from decorations provider vscode.git 10343
2024-06-18 17:58:17.037 [warning] [Decorations] CAPPING events from decorations provider vscode.git 10343
2024-06-18 17:58:22.565 [warning] [Decorations] CAPPING events from decorations provider vscode.git 10343
2024-06-18 17:58:28.050 [warning] [Decorations] CAPPING events from decorations provider vscode.git 10343
2024-06-18 17:58:33.514 [warning] [Decorations] CAPPING events from decorations provider vscode.git 10343
2024-06-18 17:58:38.989 [warning] [Decorations] CAPPING events from decorations provider vscode.git 10343
2024-06-18 17:58:47.018 [warning] [Decorations] CAPPING events from decorations provider vscode.git 10343
2024-06-18 17:58:52.537 [warning] [Decorations] CAPPING events from decorations provider vscode.git 10343
2024-06-18 17:58:59.677 [warning] [Decorations] CAPPING events from decorations provider vscode.git 10344
2024-06-18 17:59:15.453 [warning] [Decorations] CAPPING events from decorations provider vscode.git 10343
2024-06-18 17:59:20.980 [warning] [Decorations] CAPPING events from decorations provider vscode.git 10344
2024-06-18 17:59:26.490 [warning] [Decorations] CAPPING events from decorations provider vscode.git 10343
2024-06-18 17:59:32.315 [warning] [Decorations] CAPPING events from decorations provider vscode.git 10343
2024-06-18 17:59:37.749 [warning] [Decorations] CAPPING events from decorations provider vscode.git 10343
2024-06-18 17:59:44.995 [warning] [Decorations] CAPPING events from decorations provider vscode.git 10343
2024-06-18 17:59:50.472 [warning] [Decorations] CAPPING events from decorations provider vscode.git 10343
2024-06-18 17:59:55.978 [warning] [Decorations] CAPPING events from decorations provider vscode.git 10343
2024-06-18 18:00:01.422 [warning] [Decorations] CAPPING events from decorations provider vscode.git 10343
2024-06-18 18:00:14.768 [warning] [Decorations] CAPPING events from decorations provider vscode.git 10344
2024-06-18 18:00:33.509 [warning] [Decorations] CAPPING events from decorations provider vscode.git 10343
2024-06-18 18:00:39.019 [warning] [Decorations] CAPPING events from decorations provider vscode.git 10343
2024-06-18 18:00:45.382 [warning] [Decorations] CAPPING events from decorations provider vscode.git 10343
2024-06-18 18:00:50.882 [warning] [Decorations] CAPPING events from decorations provider vscode.git 10343
2024-06-18 18:00:56.325 [warning] [Decorations] CAPPING events from decorations provider vscode.git 10343
2024-06-18 18:01:01.815 [warning] [Decorations] CAPPING events from decorations provider vscode.git 10343
2024-06-18 18:01:07.928 [warning] [Decorations] CAPPING events from decorations provider vscode.git 10343
2024-06-18 18:01:13.452 [warning] [Decorations] CAPPING events from decorations provider vscode.git 10343
2024-06-18 18:01:18.952 [warning] [Decorations] CAPPING events from decorations provider vscode.git 10343
2024-06-18 18:01:24.410 [warning] [Decorations] CAPPING events from decorations provider vscode.git 10343
2024-06-18 18:01:29.891 [warning] [Decorations] CAPPING events from decorations provider vscode.git 10343
2024-06-18 18:01:35.394 [warning] [Decorations] CAPPING events from decorations provider vscode.git 10343
2024-06-18 18:01:40.902 [warning] [Decorations] CAPPING events from decorations provider vscode.git 10343
2024-06-18 18:01:46.424 [warning] [Decorations] CAPPING events from decorations provider vscode.git 10343
2024-06-18 18:01:51.919 [warning] [Decorations] CAPPING events from decorations provider vscode.git 10343
2024-06-18 18:02:00.067 [warning] [Decorations] CAPPING events from decorations provider vscode.git 10344
2024-06-18 18:02:09.191 [warning] [Decorations] CAPPING events from decorations provider vscode.git 10344
2024-06-18 18:02:14.734 [warning] [Decorations] CAPPING events from decorations provider vscode.git 10344
2024-06-18 18:02:20.859 [warning] [Decorations] CAPPING events from decorations provider vscode.git 10344
2024-06-18 18:02:34.183 [warning] [Decorations] CAPPING events from decorations provider vscode.git 10344
2024-06-18 18:02:39.762 [warning] [Decorations] CAPPING events from decorations provider vscode.git 10344
2024-06-18 18:02:45.388 [warning] [Decorations] CAPPING events from decorations provider vscode.git 10344
2024-06-18 18:02:50.826 [warning] [Decorations] CAPPING events from decorations provider vscode.git 10345
2024-06-18 18:02:56.371 [warning] [Decorations] CAPPING events from decorations provider vscode.git 10345
2024-06-18 18:03:01.998 [warning] [Decorations] CAPPING events from decorations provider vscode.git 10345
2024-06-18 18:03:07.449 [warning] [Decorations] CAPPING events from decorations provider vscode.git 10345
2024-06-18 18:03:13.096 [warning] [Decorations] CAPPING events from decorations provider vscode.git 10345
2024-06-18 18:03:18.575 [warning] [Decorations] CAPPING events from decorations provider vscode.git 10346
2024-06-18 18:03:24.607 [warning] [Decorations] CAPPING events from decorations provider vscode.git 10349
2024-06-18 18:03:35.676 [warning] [Decorations] CAPPING events from decorations provider vscode.git 10350
2024-06-18 18:03:41.155 [warning] [Decorations] CAPPING events from decorations provider vscode.git 10350
2024-06-18 18:03:50.193 [warning] [Decorations] CAPPING events from decorations provider vscode.git 10350
2024-06-18 18:04:36.321 [warning] [Decorations] CAPPING events from decorations provider vscode.git 10350
2024-06-18 18:05:21.933 [warning] [Decorations] CAPPING events from decorations provider vscode.git 10350
2024-06-18 18:05:27.435 [warning] [Decorations] CAPPING events from decorations provider vscode.git 10350
2024-06-18 18:05:32.907 [warning] [Decorations] CAPPING events from decorations provider vscode.git 10350
2024-06-18 18:05:41.146 [warning] [Decorations] CAPPING events from decorations provider vscode.git 10350
2024-06-18 18:05:46.608 [warning] [Decorations] CAPPING events from decorations provider vscode.git 10350
2024-06-18 18:05:52.159 [warning] [Decorations] CAPPING events from decorations provider vscode.git 10350
2024-06-18 18:05:57.617 [warning] [Decorations] CAPPING events from decorations provider vscode.git 10350
2024-06-18 18:06:03.851 [warning] [Decorations] CAPPING events from decorations provider vscode.git 10350
2024-06-18 18:06:09.511 [warning] [Decorations] CAPPING events from decorations provider vscode.git 10352
2024-06-18 18:06:16.755 [warning] [Decorations] CAPPING events from decorations provider vscode.git 10352
2024-06-18 18:06:48.151 [warning] [Decorations] CAPPING events from decorations provider vscode.git 10353
2024-06-18 18:06:53.614 [warning] [Decorations] CAPPING events from decorations provider vscode.git 10353
2024-06-18 18:06:59.154 [warning] [Decorations] CAPPING events from decorations provider vscode.git 10353
2024-06-18 18:07:04.790 [warning] [Decorations] CAPPING events from decorations provider vscode.git 10353
2024-06-18 18:07:10.373 [warning] [Decorations] CAPPING events from decorations provider vscode.git 10353
2024-06-18 18:07:15.848 [warning] [Decorations] CAPPING events from decorations provider vscode.git 10354
2024-06-18 18:07:21.339 [warning] [Decorations] CAPPING events from decorations provider vscode.git 10354
2024-06-18 18:07:26.802 [warning] [Decorations] CAPPING events from decorations provider vscode.git 10355
2024-06-18 18:07:32.288 [warning] [Decorations] CAPPING events from decorations provider vscode.git 10355
2024-06-18 18:07:37.730 [warning] [Decorations] CAPPING events from decorations provider vscode.git 10355
2024-06-18 18:07:43.226 [warning] [Decorations] CAPPING events from decorations provider vscode.git 10355
2024-06-18 18:08:00.026 [warning] [Decorations] CAPPING events from decorations provider vscode.git 10356
2024-06-18 18:08:05.535 [warning] [Decorations] CAPPING events from decorations provider vscode.git 10356
2024-06-18 18:08:11.062 [warning] [Decorations] CAPPING events from decorations provider vscode.git 10356
2024-06-18 18:08:16.654 [warning] [Decorations] CAPPING events from decorations provider vscode.git 10356
2024-06-18 18:08:22.108 [warning] [Decorations] CAPPING events from decorations provider vscode.git 10356
2024-06-18 18:08:27.599 [warning] [Decorations] CAPPING events from decorations provider vscode.git 10356
2024-06-18 18:08:33.068 [warning] [Decorations] CAPPING events from decorations provider vscode.git 10357
2024-06-18 18:08:56.041 [warning] [Decorations] CAPPING events from decorations provider vscode.git 10357
2024-06-18 18:09:01.551 [warning] [Decorations] CAPPING events from decorations provider vscode.git 10357
2024-06-18 18:09:10.002 [warning] [Decorations] CAPPING events from decorations provider vscode.git 10358
2024-06-18 18:09:15.511 [warning] [Decorations] CAPPING events from decorations provider vscode.git 10358
2024-06-18 18:09:21.013 [warning] [Decorations] CAPPING events from decorations provider vscode.git 10358
2024-06-18 18:09:26.472 [warning] [Decorations] CAPPING events from decorations provider vscode.git 10359
2024-06-18 18:10:02.068 [warning] [Decorations] CAPPING events from decorations provider vscode.git 10359
2024-06-18 18:10:07.661 [warning] [Decorations] CAPPING events from decorations provider vscode.git 10359
2024-06-18 18:10:13.146 [warning] [Decorations] CAPPING events from decorations provider vscode.git 10361
2024-06-18 18:10:25.344 [warning] [Decorations] CAPPING events from decorations provider vscode.git 10361
2024-06-18 18:10:30.786 [warning] [Decorations] CAPPING events from decorations provider vscode.git 10362
2024-06-18 18:10:57.055 [warning] [Decorations] CAPPING events from decorations provider vscode.git 10362
2024-06-18 18:11:02.502 [warning] [Decorations] CAPPING events from decorations provider vscode.git 10362
2024-06-18 18:11:08.477 [warning] [Decorations] CAPPING events from decorations provider vscode.git 10362
2024-06-18 18:11:13.966 [warning] [Decorations] CAPPING events from decorations provider vscode.git 10362
2024-06-18 18:11:19.541 [warning] [Decorations] CAPPING events from decorations provider vscode.git 10362
2024-06-18 18:11:25.003 [warning] [Decorations] CAPPING events from decorations provider vscode.git 10362
2024-06-18 18:11:30.474 [warning] [Decorations] CAPPING events from decorations provider vscode.git 10362
2024-06-18 18:11:37.511 [warning] [Decorations] CAPPING events from decorations provider vscode.git 10362
2024-06-18 18:11:43.018 [warning] [Decorations] CAPPING events from decorations provider vscode.git 10362
2024-06-18 18:11:48.437 [warning] [Decorations] CAPPING events from decorations provider vscode.git 10362
2024-06-18 18:11:53.886 [warning] [Decorations] CAPPING events from decorations provider vscode.git 10362
2024-06-18 18:11:59.458 [warning] [Decorations] CAPPING events from decorations provider vscode.git 10363
2024-06-18 18:12:04.937 [warning] [Decorations] CAPPING events from decorations provider vscode.git 10363
2024-06-18 18:12:10.379 [warning] [Decorations] CAPPING events from decorations provider vscode.git 10363
2024-06-18 18:12:18.225 [warning] [Decorations] CAPPING events from decorations provider vscode.git 10363
2024-06-18 18:12:23.690 [warning] [Decorations] CAPPING events from decorations provider vscode.git 10364
2024-06-18 18:12:32.148 [warning] [Decorations] CAPPING events from decorations provider vscode.git 10364
2024-06-18 18:13:31.018 [warning] [Decorations] CAPPING events from decorations provider vscode.git 10364
2024-06-18 18:13:36.513 [warning] [Decorations] CAPPING events from decorations provider vscode.git 10364
2024-06-18 18:13:42.189 [warning] [Decorations] CAPPING events from decorations provider vscode.git 10364
2024-06-18 18:13:47.668 [warning] [Decorations] CAPPING events from decorations provider vscode.git 10364
2024-06-18 18:13:53.129 [warning] [Decorations] CAPPING events from decorations provider vscode.git 10364
2024-06-18 18:14:01.188 [warning] [Decorations] CAPPING events from decorations provider vscode.git 10364
2024-06-18 18:14:06.649 [warning] [Decorations] CAPPING events from decorations provider vscode.git 10364
2024-06-18 18:14:12.125 [warning] [Decorations] CAPPING events from decorations provider vscode.git 10364
2024-06-18 18:14:17.580 [warning] [Decorations] CAPPING events from decorations provider vscode.git 10364
2024-06-18 18:14:23.528 [warning] [Decorations] CAPPING events from decorations provider vscode.git 10364
2024-06-18 18:14:29.001 [warning] [Decorations] CAPPING events from decorations provider vscode.git 10364
2024-06-18 18:14:34.472 [warning] [Decorations] CAPPING events from decorations provider vscode.git 10364
2024-06-18 18:14:40.032 [warning] [Decorations] CAPPING events from decorations provider vscode.git 10364
2024-06-18 18:14:45.565 [warning] [Decorations] CAPPING events from decorations provider vscode.git 10364
2024-06-18 18:14:51.044 [warning] [Decorations] CAPPING events from decorations provider vscode.git 10364
2024-06-18 18:14:56.489 [warning] [Decorations] CAPPING events from decorations provider vscode.git 10364
2024-06-18 18:15:01.961 [warning] [Decorations] CAPPING events from decorations provider vscode.git 10364
2024-06-18 18:15:07.409 [warning] [Decorations] CAPPING events from decorations provider vscode.git 10364
2024-06-18 18:15:34.592 [warning] [Decorations] CAPPING events from decorations provider vscode.git 10364
2024-06-18 18:15:40.157 [warning] [Decorations] CAPPING events from decorations provider vscode.git 10364
2024-06-18 18:15:47.808 [warning] [Decorations] CAPPING events from decorations provider vscode.git 10365
2024-06-18 18:15:53.746 [warning] [Decorations] CAPPING events from decorations provider vscode.git 10365
2024-06-18 18:15:59.249 [warning] [Decorations] CAPPING events from decorations provider vscode.git 10365
2024-06-18 18:16:04.812 [warning] [Decorations] CAPPING events from decorations provider vscode.git 10365
2024-06-18 18:16:20.698 [warning] [Decorations] CAPPING events from decorations provider vscode.git 10365
2024-06-18 18:16:26.278 [warning] [Decorations] CAPPING events from decorations provider vscode.git 10365
2024-06-18 18:16:35.030 [warning] [Decorations] CAPPING events from decorations provider vscode.git 10366
2024-06-18 18:16:40.527 [warning] [Decorations] CAPPING events from decorations provider vscode.git 10367
2024-06-18 18:16:52.939 [warning] [Decorations] CAPPING events from decorations provider vscode.git 10367
2024-06-18 18:16:58.447 [warning] [Decorations] CAPPING events from decorations provider vscode.git 10368
2024-06-18 18:17:04.014 [warning] [Decorations] CAPPING events from decorations provider vscode.git 10368
2024-06-18 18:17:11.159 [warning] [Decorations] CAPPING events from decorations provider vscode.git 10368
2024-06-18 18:17:21.186 [warning] [Decorations] CAPPING events from decorations provider vscode.git 10369
2024-06-18 18:17:26.675 [warning] [Decorations] CAPPING events from decorations provider vscode.git 10369
2024-06-18 18:17:32.201 [warning] [Decorations] CAPPING events from decorations provider vscode.git 10369
2024-06-18 18:17:37.731 [warning] [Decorations] CAPPING events from decorations provider vscode.git 10369
2024-06-18 18:17:43.191 [warning] [Decorations] CAPPING events from decorations provider vscode.git 10369
2024-06-18 18:17:48.678 [warning] [Decorations] CAPPING events from decorations provider vscode.git 10369
2024-06-18 18:17:54.339 [warning] [Decorations] CAPPING events from decorations provider vscode.git 10369
2024-06-18 18:17:59.839 [warning] [Decorations] CAPPING events from decorations provider vscode.git 10369
2024-06-18 18:18:07.069 [warning] [Decorations] CAPPING events from decorations provider vscode.git 10369
2024-06-18 18:18:12.695 [warning] [Decorations] CAPPING events from decorations provider vscode.git 10370
2024-06-18 18:18:21.662 [warning] [Decorations] CAPPING events from decorations provider vscode.git 10370
2024-06-18 18:18:27.820 [warning] [Decorations] CAPPING events from decorations provider vscode.git 10370
2024-06-18 18:18:33.302 [warning] [Decorations] CAPPING events from decorations provider vscode.git 10370
2024-06-18 18:18:38.779 [warning] [Decorations] CAPPING events from decorations provider vscode.git 10370
2024-06-18 18:18:45.808 [warning] [Decorations] CAPPING events from decorations provider vscode.git 10370
2024-06-18 18:18:51.305 [warning] [Decorations] CAPPING events from decorations provider vscode.git 10370
2024-06-18 18:18:56.865 [warning] [Decorations] CAPPING events from decorations provider vscode.git 10370
2024-06-18 18:20:52.733 [warning] [Decorations] CAPPING events from decorations provider vscode.git 10371
2024-06-18 18:32:58.024 [warning] [Decorations] CAPPING events from decorations provider vscode.git 10371
2024-06-18 18:33:04.281 [warning] [Decorations] CAPPING events from decorations provider vscode.git 10371
2024-06-18 18:33:09.727 [warning] [Decorations] CAPPING events from decorations provider vscode.git 10371
2024-06-18 18:33:54.078 [warning] [Decorations] CAPPING events from decorations provider vscode.git 10372
2024-06-18 18:33:59.666 [warning] [Decorations] CAPPING events from decorations provider vscode.git 10372
2024-06-18 18:34:05.574 [warning] [Decorations] CAPPING events from decorations provider vscode.git 10372
2024-06-18 18:34:11.465 [warning] [Decorations] CAPPING events from decorations provider vscode.git 10373
2024-06-18 18:34:17.820 [warning] [Decorations] CAPPING events from decorations provider vscode.git 10373
2024-06-18 18:34:23.299 [warning] [Decorations] CAPPING events from decorations provider vscode.git 10373
2024-06-18 18:38:18.977 [warning] [Decorations] CAPPING events from decorations provider vscode.git 10375
2024-06-18 18:38:24.415 [warning] [Decorations] CAPPING events from decorations provider vscode.git 10375
2024-06-18 18:45:44.187 [info] Extension host terminating: renderer disconnected for too long (2)
2024-06-18 18:45:44.188 [info] Lock '/home/student/.vscode-server/data/User/workspaceStorage/5a2915a91ec150ae05f18a5fbc4e7562-1/vscode.lock': Marking the lockfile as scheduled to be released in 6000 ms.
2024-06-18 18:45:44.297 [error] Canceled: Canceled
	at new A (/home/student/.vscode-server/cli/servers/Stable-611f9bfce64f25108829dd295f54a6894e87339d/server/out/vs/workbench/api/node/extensionHostProcess.js:145:50615)
	at E.U (/home/student/.vscode-server/cli/servers/Stable-611f9bfce64f25108829dd295f54a6894e87339d/server/out/vs/workbench/api/node/extensionHostProcess.js:152:6007)
	at z.<computed>.M.charCodeAt.R.CharCode.DollarSign.z.<computed> (/home/student/.vscode-server/cli/servers/Stable-611f9bfce64f25108829dd295f54a6894e87339d/server/out/vs/workbench/api/node/extensionHostProcess.js:152:3091)
	at h.g (/home/student/.vscode-server/cli/servers/Stable-611f9bfce64f25108829dd295f54a6894e87339d/server/out/vs/workbench/api/node/extensionHostProcess.js:155:199935)
	at h.executeCommand (/home/student/.vscode-server/cli/servers/Stable-611f9bfce64f25108829dd295f54a6894e87339d/server/out/vs/workbench/api/node/extensionHostProcess.js:155:199373)
	at I.registerCommand.description (/home/student/.vscode-server/cli/servers/Stable-611f9bfce64f25108829dd295f54a6894e87339d/server/out/vs/workbench/api/node/extensionHostProcess.js:155:198697)
	at h (/home/student/.vscode-server/cli/servers/Stable-611f9bfce64f25108829dd295f54a6894e87339d/server/out/vs/workbench/api/node/extensionHostProcess.js:155:200474)
	at h.g (/home/student/.vscode-server/cli/servers/Stable-611f9bfce64f25108829dd295f54a6894e87339d/server/out/vs/workbench/api/node/extensionHostProcess.js:155:199466)
	at h.executeCommand (/home/student/.vscode-server/cli/servers/Stable-611f9bfce64f25108829dd295f54a6894e87339d/server/out/vs/workbench/api/node/extensionHostProcess.js:155:199373)
	at Object.executeCommand (/home/student/.vscode-server/cli/servers/Stable-611f9bfce64f25108829dd295f54a6894e87339d/server/out/vs/workbench/api/node/extensionHostProcess.js:165:22742)
	at n.O [as value] (/home/student/.vscode-server/cli/servers/Stable-611f9bfce64f25108829dd295f54a6894e87339d/server/extensions/git/dist/main.js:2:945191)
	at l.y (/home/student/.vscode-server/cli/servers/Stable-611f9bfce64f25108829dd295f54a6894e87339d/server/out/vs/workbench/api/node/extensionHostProcess.js:82:664)
	at l.z (/home/student/.vscode-server/cli/servers/Stable-611f9bfce64f25108829dd295f54a6894e87339d/server/out/vs/workbench/api/node/extensionHostProcess.js:82:734)
	at l.fire (/home/student/.vscode-server/cli/servers/Stable-611f9bfce64f25108829dd295f54a6894e87339d/server/out/vs/workbench/api/node/extensionHostProcess.js:82:950)
	at Object.p [as dispose] (/home/student/.vscode-server/cli/servers/Stable-611f9bfce64f25108829dd295f54a6894e87339d/server/extensions/git/dist/main.js:2:964275)
	at /home/student/.vscode-server/cli/servers/Stable-611f9bfce64f25108829dd295f54a6894e87339d/server/extensions/git/dist/main.js:2:970313
	at Array.forEach (<anonymous>)
	at f.dispose (/home/student/.vscode-server/cli/servers/Stable-611f9bfce64f25108829dd295f54a6894e87339d/server/extensions/git/dist/main.js:2:970299)
	at a.<anonymous> (/home/student/.vscode-server/cli/servers/Stable-611f9bfce64f25108829dd295f54a6894e87339d/server/out/vs/workbench/api/node/extensionHostProcess.js:153:4032)
	at a.dispose (/home/student/.vscode-server/cli/servers/Stable-611f9bfce64f25108829dd295f54a6894e87339d/server/out/vs/workbench/api/node/extensionHostProcess.js:153:4129)
	at a.<anonymous> (/home/student/.vscode-server/cli/servers/Stable-611f9bfce64f25108829dd295f54a6894e87339d/server/extensions/git/dist/main.js:2:947448)
	at a.dispose (/home/student/.vscode-server/cli/servers/Stable-611f9bfce64f25108829dd295f54a6894e87339d/server/out/vs/workbench/api/node/extensionHostProcess.js:153:4129)
	at f (/home/student/.vscode-server/cli/servers/Stable-611f9bfce64f25108829dd295f54a6894e87339d/server/out/vs/workbench/api/node/extensionHostProcess.js:30:744)
	at u.eb (/home/student/.vscode-server/cli/servers/Stable-611f9bfce64f25108829dd295f54a6894e87339d/server/out/vs/workbench/api/node/extensionHostProcess.js:161:9991)
	at /home/student/.vscode-server/cli/servers/Stable-611f9bfce64f25108829dd295f54a6894e87339d/server/out/vs/workbench/api/node/extensionHostProcess.js:161:7867
	at Array.map (<anonymous>)
	at u.$ (/home/student/.vscode-server/cli/servers/Stable-611f9bfce64f25108829dd295f54a6894e87339d/server/out/vs/workbench/api/node/extensionHostProcess.js:161:7854)
	at u.terminate (/home/student/.vscode-server/cli/servers/Stable-611f9bfce64f25108829dd295f54a6894e87339d/server/out/vs/workbench/api/node/extensionHostProcess.js:161:8127)
	at f.terminate (/home/student/.vscode-server/cli/servers/Stable-611f9bfce64f25108829dd295f54a6894e87339d/server/out/vs/workbench/api/node/extensionHostProcess.js:165:1513)
	at t (/home/student/.vscode-server/cli/servers/Stable-611f9bfce64f25108829dd295f54a6894e87339d/server/out/vs/workbench/api/node/extensionHostProcess.js:178:10459)
	at M.a (/home/student/.vscode-server/cli/servers/Stable-611f9bfce64f25108829dd295f54a6894e87339d/server/out/vs/workbench/api/node/extensionHostProcess.js:178:7151)
	at M.h (/home/student/.vscode-server/cli/servers/Stable-611f9bfce64f25108829dd295f54a6894e87339d/server/out/vs/workbench/api/node/extensionHostProcess.js:99:21182)
	at listOnTimeout (node:internal/timers:573:17)
	at process.processTimers (node:internal/timers:514:7) setContext undefined
2024-06-18 18:45:44.300 [error] Canceled: Canceled
	at new A (/home/student/.vscode-server/cli/servers/Stable-611f9bfce64f25108829dd295f54a6894e87339d/server/out/vs/workbench/api/node/extensionHostProcess.js:145:50615)
	at E.U (/home/student/.vscode-server/cli/servers/Stable-611f9bfce64f25108829dd295f54a6894e87339d/server/out/vs/workbench/api/node/extensionHostProcess.js:152:6007)
	at z.<computed>.M.charCodeAt.R.CharCode.DollarSign.z.<computed> (/home/student/.vscode-server/cli/servers/Stable-611f9bfce64f25108829dd295f54a6894e87339d/server/out/vs/workbench/api/node/extensionHostProcess.js:152:3091)
	at h.g (/home/student/.vscode-server/cli/servers/Stable-611f9bfce64f25108829dd295f54a6894e87339d/server/out/vs/workbench/api/node/extensionHostProcess.js:155:199935)
	at h.executeCommand (/home/student/.vscode-server/cli/servers/Stable-611f9bfce64f25108829dd295f54a6894e87339d/server/out/vs/workbench/api/node/extensionHostProcess.js:155:199373)
	at I.registerCommand.description (/home/student/.vscode-server/cli/servers/Stable-611f9bfce64f25108829dd295f54a6894e87339d/server/out/vs/workbench/api/node/extensionHostProcess.js:155:198697)
	at h (/home/student/.vscode-server/cli/servers/Stable-611f9bfce64f25108829dd295f54a6894e87339d/server/out/vs/workbench/api/node/extensionHostProcess.js:155:200474)
	at h.g (/home/student/.vscode-server/cli/servers/Stable-611f9bfce64f25108829dd295f54a6894e87339d/server/out/vs/workbench/api/node/extensionHostProcess.js:155:199466)
	at h.executeCommand (/home/student/.vscode-server/cli/servers/Stable-611f9bfce64f25108829dd295f54a6894e87339d/server/out/vs/workbench/api/node/extensionHostProcess.js:155:199373)
	at Object.executeCommand (/home/student/.vscode-server/cli/servers/Stable-611f9bfce64f25108829dd295f54a6894e87339d/server/out/vs/workbench/api/node/extensionHostProcess.js:165:22742)
	at n.O [as value] (/home/student/.vscode-server/cli/servers/Stable-611f9bfce64f25108829dd295f54a6894e87339d/server/extensions/git/dist/main.js:2:945191)
	at l.y (/home/student/.vscode-server/cli/servers/Stable-611f9bfce64f25108829dd295f54a6894e87339d/server/out/vs/workbench/api/node/extensionHostProcess.js:82:664)
	at l.z (/home/student/.vscode-server/cli/servers/Stable-611f9bfce64f25108829dd295f54a6894e87339d/server/out/vs/workbench/api/node/extensionHostProcess.js:82:734)
	at l.fire (/home/student/.vscode-server/cli/servers/Stable-611f9bfce64f25108829dd295f54a6894e87339d/server/out/vs/workbench/api/node/extensionHostProcess.js:82:950)
	at Object.p [as dispose] (/home/student/.vscode-server/cli/servers/Stable-611f9bfce64f25108829dd295f54a6894e87339d/server/extensions/git/dist/main.js:2:964275)
	at /home/student/.vscode-server/cli/servers/Stable-611f9bfce64f25108829dd295f54a6894e87339d/server/extensions/git/dist/main.js:2:970313
	at Array.forEach (<anonymous>)
	at f.dispose (/home/student/.vscode-server/cli/servers/Stable-611f9bfce64f25108829dd295f54a6894e87339d/server/extensions/git/dist/main.js:2:970299)
	at a.<anonymous> (/home/student/.vscode-server/cli/servers/Stable-611f9bfce64f25108829dd295f54a6894e87339d/server/out/vs/workbench/api/node/extensionHostProcess.js:153:4032)
	at a.dispose (/home/student/.vscode-server/cli/servers/Stable-611f9bfce64f25108829dd295f54a6894e87339d/server/out/vs/workbench/api/node/extensionHostProcess.js:153:4129)
	at a.<anonymous> (/home/student/.vscode-server/cli/servers/Stable-611f9bfce64f25108829dd295f54a6894e87339d/server/extensions/git/dist/main.js:2:947448)
	at a.dispose (/home/student/.vscode-server/cli/servers/Stable-611f9bfce64f25108829dd295f54a6894e87339d/server/out/vs/workbench/api/node/extensionHostProcess.js:153:4129)
	at f (/home/student/.vscode-server/cli/servers/Stable-611f9bfce64f25108829dd295f54a6894e87339d/server/out/vs/workbench/api/node/extensionHostProcess.js:30:744)
	at u.eb (/home/student/.vscode-server/cli/servers/Stable-611f9bfce64f25108829dd295f54a6894e87339d/server/out/vs/workbench/api/node/extensionHostProcess.js:161:9991)
	at /home/student/.vscode-server/cli/servers/Stable-611f9bfce64f25108829dd295f54a6894e87339d/server/out/vs/workbench/api/node/extensionHostProcess.js:161:7867
	at Array.map (<anonymous>)
	at u.$ (/home/student/.vscode-server/cli/servers/Stable-611f9bfce64f25108829dd295f54a6894e87339d/server/out/vs/workbench/api/node/extensionHostProcess.js:161:7854)
	at u.terminate (/home/student/.vscode-server/cli/servers/Stable-611f9bfce64f25108829dd295f54a6894e87339d/server/out/vs/workbench/api/node/extensionHostProcess.js:161:8127)
	at f.terminate (/home/student/.vscode-server/cli/servers/Stable-611f9bfce64f25108829dd295f54a6894e87339d/server/out/vs/workbench/api/node/extensionHostProcess.js:165:1513)
	at t (/home/student/.vscode-server/cli/servers/Stable-611f9bfce64f25108829dd295f54a6894e87339d/server/out/vs/workbench/api/node/extensionHostProcess.js:178:10459)
	at M.a (/home/student/.vscode-server/cli/servers/Stable-611f9bfce64f25108829dd295f54a6894e87339d/server/out/vs/workbench/api/node/extensionHostProcess.js:178:7151)
	at M.h (/home/student/.vscode-server/cli/servers/Stable-611f9bfce64f25108829dd295f54a6894e87339d/server/out/vs/workbench/api/node/extensionHostProcess.js:99:21182)
	at listOnTimeout (node:internal/timers:573:17)
	at process.processTimers (node:internal/timers:514:7) setContext undefined
2024-06-18 18:45:44.303 [error] Canceled: Canceled
	at new A (/home/student/.vscode-server/cli/servers/Stable-611f9bfce64f25108829dd295f54a6894e87339d/server/out/vs/workbench/api/node/extensionHostProcess.js:145:50615)
	at E.U (/home/student/.vscode-server/cli/servers/Stable-611f9bfce64f25108829dd295f54a6894e87339d/server/out/vs/workbench/api/node/extensionHostProcess.js:152:6007)
	at z.<computed>.M.charCodeAt.R.CharCode.DollarSign.z.<computed> (/home/student/.vscode-server/cli/servers/Stable-611f9bfce64f25108829dd295f54a6894e87339d/server/out/vs/workbench/api/node/extensionHostProcess.js:152:3091)
	at h.g (/home/student/.vscode-server/cli/servers/Stable-611f9bfce64f25108829dd295f54a6894e87339d/server/out/vs/workbench/api/node/extensionHostProcess.js:155:199935)
	at h.executeCommand (/home/student/.vscode-server/cli/servers/Stable-611f9bfce64f25108829dd295f54a6894e87339d/server/out/vs/workbench/api/node/extensionHostProcess.js:155:199373)
	at I.registerCommand.description (/home/student/.vscode-server/cli/servers/Stable-611f9bfce64f25108829dd295f54a6894e87339d/server/out/vs/workbench/api/node/extensionHostProcess.js:155:198697)
	at h (/home/student/.vscode-server/cli/servers/Stable-611f9bfce64f25108829dd295f54a6894e87339d/server/out/vs/workbench/api/node/extensionHostProcess.js:155:200474)
	at h.g (/home/student/.vscode-server/cli/servers/Stable-611f9bfce64f25108829dd295f54a6894e87339d/server/out/vs/workbench/api/node/extensionHostProcess.js:155:199466)
	at h.executeCommand (/home/student/.vscode-server/cli/servers/Stable-611f9bfce64f25108829dd295f54a6894e87339d/server/out/vs/workbench/api/node/extensionHostProcess.js:155:199373)
	at Object.executeCommand (/home/student/.vscode-server/cli/servers/Stable-611f9bfce64f25108829dd295f54a6894e87339d/server/out/vs/workbench/api/node/extensionHostProcess.js:165:22742)
	at n.O [as value] (/home/student/.vscode-server/cli/servers/Stable-611f9bfce64f25108829dd295f54a6894e87339d/server/extensions/git/dist/main.js:2:945191)
	at l.y (/home/student/.vscode-server/cli/servers/Stable-611f9bfce64f25108829dd295f54a6894e87339d/server/out/vs/workbench/api/node/extensionHostProcess.js:82:664)
	at l.z (/home/student/.vscode-server/cli/servers/Stable-611f9bfce64f25108829dd295f54a6894e87339d/server/out/vs/workbench/api/node/extensionHostProcess.js:82:734)
	at l.fire (/home/student/.vscode-server/cli/servers/Stable-611f9bfce64f25108829dd295f54a6894e87339d/server/out/vs/workbench/api/node/extensionHostProcess.js:82:950)
	at Object.p [as dispose] (/home/student/.vscode-server/cli/servers/Stable-611f9bfce64f25108829dd295f54a6894e87339d/server/extensions/git/dist/main.js:2:964275)
	at /home/student/.vscode-server/cli/servers/Stable-611f9bfce64f25108829dd295f54a6894e87339d/server/extensions/git/dist/main.js:2:970313
	at Array.forEach (<anonymous>)
	at f.dispose (/home/student/.vscode-server/cli/servers/Stable-611f9bfce64f25108829dd295f54a6894e87339d/server/extensions/git/dist/main.js:2:970299)
	at a.<anonymous> (/home/student/.vscode-server/cli/servers/Stable-611f9bfce64f25108829dd295f54a6894e87339d/server/out/vs/workbench/api/node/extensionHostProcess.js:153:4032)
	at a.dispose (/home/student/.vscode-server/cli/servers/Stable-611f9bfce64f25108829dd295f54a6894e87339d/server/out/vs/workbench/api/node/extensionHostProcess.js:153:4129)
	at a.<anonymous> (/home/student/.vscode-server/cli/servers/Stable-611f9bfce64f25108829dd295f54a6894e87339d/server/extensions/git/dist/main.js:2:947448)
	at a.dispose (/home/student/.vscode-server/cli/servers/Stable-611f9bfce64f25108829dd295f54a6894e87339d/server/out/vs/workbench/api/node/extensionHostProcess.js:153:4129)
	at f (/home/student/.vscode-server/cli/servers/Stable-611f9bfce64f25108829dd295f54a6894e87339d/server/out/vs/workbench/api/node/extensionHostProcess.js:30:744)
	at u.eb (/home/student/.vscode-server/cli/servers/Stable-611f9bfce64f25108829dd295f54a6894e87339d/server/out/vs/workbench/api/node/extensionHostProcess.js:161:9991)
	at /home/student/.vscode-server/cli/servers/Stable-611f9bfce64f25108829dd295f54a6894e87339d/server/out/vs/workbench/api/node/extensionHostProcess.js:161:7867
	at Array.map (<anonymous>)
	at u.$ (/home/student/.vscode-server/cli/servers/Stable-611f9bfce64f25108829dd295f54a6894e87339d/server/out/vs/workbench/api/node/extensionHostProcess.js:161:7854)
	at u.terminate (/home/student/.vscode-server/cli/servers/Stable-611f9bfce64f25108829dd295f54a6894e87339d/server/out/vs/workbench/api/node/extensionHostProcess.js:161:8127)
	at f.terminate (/home/student/.vscode-server/cli/servers/Stable-611f9bfce64f25108829dd295f54a6894e87339d/server/out/vs/workbench/api/node/extensionHostProcess.js:165:1513)
	at t (/home/student/.vscode-server/cli/servers/Stable-611f9bfce64f25108829dd295f54a6894e87339d/server/out/vs/workbench/api/node/extensionHostProcess.js:178:10459)
	at M.a (/home/student/.vscode-server/cli/servers/Stable-611f9bfce64f25108829dd295f54a6894e87339d/server/out/vs/workbench/api/node/extensionHostProcess.js:178:7151)
	at M.h (/home/student/.vscode-server/cli/servers/Stable-611f9bfce64f25108829dd295f54a6894e87339d/server/out/vs/workbench/api/node/extensionHostProcess.js:99:21182)
	at listOnTimeout (node:internal/timers:573:17)
	at process.processTimers (node:internal/timers:514:7) setContext undefined
2024-06-18 18:45:44.306 [error] Canceled: Canceled
	at new A (/home/student/.vscode-server/cli/servers/Stable-611f9bfce64f25108829dd295f54a6894e87339d/server/out/vs/workbench/api/node/extensionHostProcess.js:145:50615)
	at E.U (/home/student/.vscode-server/cli/servers/Stable-611f9bfce64f25108829dd295f54a6894e87339d/server/out/vs/workbench/api/node/extensionHostProcess.js:152:6007)
	at z.<computed>.M.charCodeAt.R.CharCode.DollarSign.z.<computed> (/home/student/.vscode-server/cli/servers/Stable-611f9bfce64f25108829dd295f54a6894e87339d/server/out/vs/workbench/api/node/extensionHostProcess.js:152:3091)
	at h.g (/home/student/.vscode-server/cli/servers/Stable-611f9bfce64f25108829dd295f54a6894e87339d/server/out/vs/workbench/api/node/extensionHostProcess.js:155:199935)
	at h.executeCommand (/home/student/.vscode-server/cli/servers/Stable-611f9bfce64f25108829dd295f54a6894e87339d/server/out/vs/workbench/api/node/extensionHostProcess.js:155:199373)
	at I.registerCommand.description (/home/student/.vscode-server/cli/servers/Stable-611f9bfce64f25108829dd295f54a6894e87339d/server/out/vs/workbench/api/node/extensionHostProcess.js:155:198697)
	at h (/home/student/.vscode-server/cli/servers/Stable-611f9bfce64f25108829dd295f54a6894e87339d/server/out/vs/workbench/api/node/extensionHostProcess.js:155:200474)
	at h.g (/home/student/.vscode-server/cli/servers/Stable-611f9bfce64f25108829dd295f54a6894e87339d/server/out/vs/workbench/api/node/extensionHostProcess.js:155:199466)
	at h.executeCommand (/home/student/.vscode-server/cli/servers/Stable-611f9bfce64f25108829dd295f54a6894e87339d/server/out/vs/workbench/api/node/extensionHostProcess.js:155:199373)
	at Object.executeCommand (/home/student/.vscode-server/cli/servers/Stable-611f9bfce64f25108829dd295f54a6894e87339d/server/out/vs/workbench/api/node/extensionHostProcess.js:165:22742)
	at n.O [as value] (/home/student/.vscode-server/cli/servers/Stable-611f9bfce64f25108829dd295f54a6894e87339d/server/extensions/git/dist/main.js:2:945191)
	at l.y (/home/student/.vscode-server/cli/servers/Stable-611f9bfce64f25108829dd295f54a6894e87339d/server/out/vs/workbench/api/node/extensionHostProcess.js:82:664)
	at l.z (/home/student/.vscode-server/cli/servers/Stable-611f9bfce64f25108829dd295f54a6894e87339d/server/out/vs/workbench/api/node/extensionHostProcess.js:82:734)
	at l.fire (/home/student/.vscode-server/cli/servers/Stable-611f9bfce64f25108829dd295f54a6894e87339d/server/out/vs/workbench/api/node/extensionHostProcess.js:82:950)
	at Object.p [as dispose] (/home/student/.vscode-server/cli/servers/Stable-611f9bfce64f25108829dd295f54a6894e87339d/server/extensions/git/dist/main.js:2:964275)
	at /home/student/.vscode-server/cli/servers/Stable-611f9bfce64f25108829dd295f54a6894e87339d/server/extensions/git/dist/main.js:2:970313
	at Array.forEach (<anonymous>)
	at f.dispose (/home/student/.vscode-server/cli/servers/Stable-611f9bfce64f25108829dd295f54a6894e87339d/server/extensions/git/dist/main.js:2:970299)
	at a.<anonymous> (/home/student/.vscode-server/cli/servers/Stable-611f9bfce64f25108829dd295f54a6894e87339d/server/out/vs/workbench/api/node/extensionHostProcess.js:153:4032)
	at a.dispose (/home/student/.vscode-server/cli/servers/Stable-611f9bfce64f25108829dd295f54a6894e87339d/server/out/vs/workbench/api/node/extensionHostProcess.js:153:4129)
	at a.<anonymous> (/home/student/.vscode-server/cli/servers/Stable-611f9bfce64f25108829dd295f54a6894e87339d/server/extensions/git/dist/main.js:2:947448)
	at a.dispose (/home/student/.vscode-server/cli/servers/Stable-611f9bfce64f25108829dd295f54a6894e87339d/server/out/vs/workbench/api/node/extensionHostProcess.js:153:4129)
	at f (/home/student/.vscode-server/cli/servers/Stable-611f9bfce64f25108829dd295f54a6894e87339d/server/out/vs/workbench/api/node/extensionHostProcess.js:30:744)
	at u.eb (/home/student/.vscode-server/cli/servers/Stable-611f9bfce64f25108829dd295f54a6894e87339d/server/out/vs/workbench/api/node/extensionHostProcess.js:161:9991)
	at /home/student/.vscode-server/cli/servers/Stable-611f9bfce64f25108829dd295f54a6894e87339d/server/out/vs/workbench/api/node/extensionHostProcess.js:161:7867
	at Array.map (<anonymous>)
	at u.$ (/home/student/.vscode-server/cli/servers/Stable-611f9bfce64f25108829dd295f54a6894e87339d/server/out/vs/workbench/api/node/extensionHostProcess.js:161:7854)
	at u.terminate (/home/student/.vscode-server/cli/servers/Stable-611f9bfce64f25108829dd295f54a6894e87339d/server/out/vs/workbench/api/node/extensionHostProcess.js:161:8127)
	at f.terminate (/home/student/.vscode-server/cli/servers/Stable-611f9bfce64f25108829dd295f54a6894e87339d/server/out/vs/workbench/api/node/extensionHostProcess.js:165:1513)
	at t (/home/student/.vscode-server/cli/servers/Stable-611f9bfce64f25108829dd295f54a6894e87339d/server/out/vs/workbench/api/node/extensionHostProcess.js:178:10459)
	at M.a (/home/student/.vscode-server/cli/servers/Stable-611f9bfce64f25108829dd295f54a6894e87339d/server/out/vs/workbench/api/node/extensionHostProcess.js:178:7151)
	at M.h (/home/student/.vscode-server/cli/servers/Stable-611f9bfce64f25108829dd295f54a6894e87339d/server/out/vs/workbench/api/node/extensionHostProcess.js:99:21182)
	at listOnTimeout (node:internal/timers:573:17)
	at process.processTimers (node:internal/timers:514:7) setContext undefined
2024-06-18 18:45:44.308 [error] Canceled: Canceled
	at new A (/home/student/.vscode-server/cli/servers/Stable-611f9bfce64f25108829dd295f54a6894e87339d/server/out/vs/workbench/api/node/extensionHostProcess.js:145:50615)
	at E.U (/home/student/.vscode-server/cli/servers/Stable-611f9bfce64f25108829dd295f54a6894e87339d/server/out/vs/workbench/api/node/extensionHostProcess.js:152:6007)
	at z.<computed>.M.charCodeAt.R.CharCode.DollarSign.z.<computed> (/home/student/.vscode-server/cli/servers/Stable-611f9bfce64f25108829dd295f54a6894e87339d/server/out/vs/workbench/api/node/extensionHostProcess.js:152:3091)
	at h.g (/home/student/.vscode-server/cli/servers/Stable-611f9bfce64f25108829dd295f54a6894e87339d/server/out/vs/workbench/api/node/extensionHostProcess.js:155:199935)
	at h.executeCommand (/home/student/.vscode-server/cli/servers/Stable-611f9bfce64f25108829dd295f54a6894e87339d/server/out/vs/workbench/api/node/extensionHostProcess.js:155:199373)
	at I.registerCommand.description (/home/student/.vscode-server/cli/servers/Stable-611f9bfce64f25108829dd295f54a6894e87339d/server/out/vs/workbench/api/node/extensionHostProcess.js:155:198697)
	at h (/home/student/.vscode-server/cli/servers/Stable-611f9bfce64f25108829dd295f54a6894e87339d/server/out/vs/workbench/api/node/extensionHostProcess.js:155:200474)
	at h.g (/home/student/.vscode-server/cli/servers/Stable-611f9bfce64f25108829dd295f54a6894e87339d/server/out/vs/workbench/api/node/extensionHostProcess.js:155:199466)
	at h.executeCommand (/home/student/.vscode-server/cli/servers/Stable-611f9bfce64f25108829dd295f54a6894e87339d/server/out/vs/workbench/api/node/extensionHostProcess.js:155:199373)
	at Object.executeCommand (/home/student/.vscode-server/cli/servers/Stable-611f9bfce64f25108829dd295f54a6894e87339d/server/out/vs/workbench/api/node/extensionHostProcess.js:165:22742)
	at set hasGitHubRepositories [as hasGitHubRepositories] (/home/student/.vscode-server/cli/servers/Stable-611f9bfce64f25108829dd295f54a6894e87339d/server/extensions/github/dist/extension.js:2:322969)
	at /home/student/.vscode-server/cli/servers/Stable-611f9bfce64f25108829dd295f54a6894e87339d/server/extensions/github/dist/extension.js:2:323928
	at n.value (/home/student/.vscode-server/cli/servers/Stable-611f9bfce64f25108829dd295f54a6894e87339d/server/extensions/git/dist/main.js:2:1050764)
	at l.y (/home/student/.vscode-server/cli/servers/Stable-611f9bfce64f25108829dd295f54a6894e87339d/server/out/vs/workbench/api/node/extensionHostProcess.js:82:664)
	at l.z (/home/student/.vscode-server/cli/servers/Stable-611f9bfce64f25108829dd295f54a6894e87339d/server/out/vs/workbench/api/node/extensionHostProcess.js:82:734)
	at l.fire (/home/student/.vscode-server/cli/servers/Stable-611f9bfce64f25108829dd295f54a6894e87339d/server/out/vs/workbench/api/node/extensionHostProcess.js:82:950)
	at Object.p [as dispose] (/home/student/.vscode-server/cli/servers/Stable-611f9bfce64f25108829dd295f54a6894e87339d/server/extensions/git/dist/main.js:2:964275)
	at /home/student/.vscode-server/cli/servers/Stable-611f9bfce64f25108829dd295f54a6894e87339d/server/extensions/git/dist/main.js:2:970313
	at Array.forEach (<anonymous>)
	at f.dispose (/home/student/.vscode-server/cli/servers/Stable-611f9bfce64f25108829dd295f54a6894e87339d/server/extensions/git/dist/main.js:2:970299)
	at a.<anonymous> (/home/student/.vscode-server/cli/servers/Stable-611f9bfce64f25108829dd295f54a6894e87339d/server/out/vs/workbench/api/node/extensionHostProcess.js:153:4032)
	at a.dispose (/home/student/.vscode-server/cli/servers/Stable-611f9bfce64f25108829dd295f54a6894e87339d/server/out/vs/workbench/api/node/extensionHostProcess.js:153:4129)
	at a.<anonymous> (/home/student/.vscode-server/cli/servers/Stable-611f9bfce64f25108829dd295f54a6894e87339d/server/extensions/git/dist/main.js:2:947448)
	at a.dispose (/home/student/.vscode-server/cli/servers/Stable-611f9bfce64f25108829dd295f54a6894e87339d/server/out/vs/workbench/api/node/extensionHostProcess.js:153:4129)
	at f (/home/student/.vscode-server/cli/servers/Stable-611f9bfce64f25108829dd295f54a6894e87339d/server/out/vs/workbench/api/node/extensionHostProcess.js:30:744)
	at u.eb (/home/student/.vscode-server/cli/servers/Stable-611f9bfce64f25108829dd295f54a6894e87339d/server/out/vs/workbench/api/node/extensionHostProcess.js:161:9991)
	at /home/student/.vscode-server/cli/servers/Stable-611f9bfce64f25108829dd295f54a6894e87339d/server/out/vs/workbench/api/node/extensionHostProcess.js:161:7867
	at Array.map (<anonymous>)
	at u.$ (/home/student/.vscode-server/cli/servers/Stable-611f9bfce64f25108829dd295f54a6894e87339d/server/out/vs/workbench/api/node/extensionHostProcess.js:161:7854)
	at u.terminate (/home/student/.vscode-server/cli/servers/Stable-611f9bfce64f25108829dd295f54a6894e87339d/server/out/vs/workbench/api/node/extensionHostProcess.js:161:8127)
	at f.terminate (/home/student/.vscode-server/cli/servers/Stable-611f9bfce64f25108829dd295f54a6894e87339d/server/out/vs/workbench/api/node/extensionHostProcess.js:165:1513)
	at t (/home/student/.vscode-server/cli/servers/Stable-611f9bfce64f25108829dd295f54a6894e87339d/server/out/vs/workbench/api/node/extensionHostProcess.js:178:10459)
	at M.a (/home/student/.vscode-server/cli/servers/Stable-611f9bfce64f25108829dd295f54a6894e87339d/server/out/vs/workbench/api/node/extensionHostProcess.js:178:7151)
	at M.h (/home/student/.vscode-server/cli/servers/Stable-611f9bfce64f25108829dd295f54a6894e87339d/server/out/vs/workbench/api/node/extensionHostProcess.js:99:21182)
	at listOnTimeout (node:internal/timers:573:17)
	at process.processTimers (node:internal/timers:514:7) setContext undefined
2024-06-18 18:45:44.333 [info] Extension host with pid 152465 exiting with code 0
