2024-08-02 09:19:47.843 [info] Log level: Info
2024-08-02 09:19:47.843 [info] Validating found git in: "git"
2024-08-02 09:19:47.843 [info] Using git "2.34.1" from "git"
2024-08-02 09:19:47.843 [info] > git rev-parse --show-toplevel [42ms]
2024-08-02 09:19:47.845 [info] > git rev-parse --git-dir --git-common-dir [8ms]
2024-08-02 09:19:47.884 [info] Open repository: /home/student
2024-08-02 09:19:48.142 [info] > git rev-parse --show-toplevel [230ms]
2024-08-02 09:19:48.156 [info] > git config --get commit.template [250ms]
2024-08-02 09:19:48.195 [info] > git rev-parse --git-dir --git-common-dir [13ms]
2024-08-02 09:19:48.215 [info] Open repository: /home/student/E01-S04-AutoBudget-cedricRGT45
2024-08-02 09:19:48.266 [info] > git for-each-ref --format=%(refname)%00%(upstream:short)%00%(objectname)%00%(upstream:track)%00%(upstream:remotename)%00%(upstream:remoteref) refs/heads/main refs/remotes/main [93ms]
2024-08-02 09:19:48.268 [info] > git config --get commit.template [18ms]
2024-08-02 09:19:48.299 [info] > git rev-parse --show-toplevel [34ms]
2024-08-02 09:19:48.318 [info] > git for-each-ref --format=%(refname)%00%(upstream:short)%00%(objectname)%00%(upstream:track)%00%(upstream:remotename)%00%(upstream:remoteref) refs/heads/main refs/remotes/main [37ms]
2024-08-02 09:19:48.320 [info] > git rev-parse --show-toplevel [3ms]
2024-08-02 09:19:48.392 [info] > git rev-parse --show-toplevel [34ms]
2024-08-02 09:19:48.418 [info] > git status -z -uall [49ms]
2024-08-02 09:19:48.501 [info] > git rev-parse --show-toplevel [84ms]
2024-08-02 09:19:48.503 [info] > git for-each-ref --format=%(refname)%00%(upstream:short)%00%(objectname)%00%(upstream:track)%00%(upstream:remotename)%00%(upstream:remoteref) refs/heads/main refs/remotes/main [45ms]
2024-08-02 09:19:48.521 [info] > git config --get commit.template [19ms]
2024-08-02 09:19:48.537 [info] > git config --local branch.main.vscode-merge-base [24ms]
2024-08-02 09:19:48.548 [info] > git for-each-ref --format=%(refname)%00%(upstream:short)%00%(objectname)%00%(upstream:track)%00%(upstream:remotename)%00%(upstream:remoteref) refs/heads/main refs/remotes/main [12ms]
2024-08-02 09:19:48.551 [info] > git rev-parse --show-toplevel [32ms]
2024-08-02 09:19:48.560 [info] > git for-each-ref --format=%(refname)%00%(upstream:short)%00%(objectname)%00%(upstream:track)%00%(upstream:remotename)%00%(upstream:remoteref) refs/heads/origin/master refs/remotes/origin/master [14ms]
2024-08-02 09:19:48.596 [info] > git rev-parse --show-toplevel [37ms]
2024-08-02 09:19:48.611 [info] > git status -z -uall [10ms]
2024-08-02 09:19:48.625 [info] > git merge-base refs/heads/main refs/remotes/origin/master [30ms]
2024-08-02 09:19:48.637 [info] > git for-each-ref --format=%(refname)%00%(upstream:short)%00%(objectname)%00%(upstream:track)%00%(upstream:remotename)%00%(upstream:remoteref) refs/heads/main refs/remotes/main [17ms]
2024-08-02 09:19:48.645 [info] > git rev-parse --show-toplevel [35ms]
2024-08-02 09:19:48.653 [info] > git rev-list --count --left-right refs/heads/main...refs/remotes/origin/master [18ms]
2024-08-02 09:19:48.662 [info] > git rev-parse --show-toplevel [9ms]
2024-08-02 09:19:48.662 [info] > git config --local branch.main.vscode-merge-base [17ms]
2024-08-02 09:19:48.691 [info] > git diff --name-status -z --diff-filter=ADMR 9bd9d524436050e86d87de2b3d2d6b23983e954b...refs/remotes/origin/master [30ms]
2024-08-02 09:19:48.693 [info] > git for-each-ref --format=%(refname)%00%(upstream:short)%00%(objectname)%00%(upstream:track)%00%(upstream:remotename)%00%(upstream:remoteref) refs/heads/origin/master refs/remotes/origin/master [10ms]
2024-08-02 09:19:48.700 [info] > git rev-parse --show-toplevel [9ms]
2024-08-02 09:19:48.708 [info] > git rev-parse --show-toplevel [4ms]
2024-08-02 09:19:48.755 [info] > git rev-parse --show-toplevel [14ms]
2024-08-02 09:19:48.773 [info] > git rev-parse --git-dir --git-common-dir [9ms]
2024-08-02 09:19:48.789 [info] Open repository: /home/student/P01-Atelier-cedricRGT45
2024-08-02 09:19:48.848 [info] > git config --get commit.template [43ms]
2024-08-02 09:19:48.892 [info] > git rev-parse --show-toplevel [71ms]
2024-08-02 09:19:48.944 [info] > git rev-parse --git-dir --git-common-dir [34ms]
2024-08-02 09:19:48.962 [info] Open repository: /home/student/P01-Parcours_dev-cedricRGT45
2024-08-02 09:19:48.977 [info] > git for-each-ref --format=%(refname)%00%(upstream:short)%00%(objectname)%00%(upstream:track)%00%(upstream:remotename)%00%(upstream:remoteref) refs/heads/master refs/remotes/master [104ms]
2024-08-02 09:19:49.034 [warning] ENOENT: no such file or directory, open '/home/student/P01-Atelier-cedricRGT45/.git/refs/remotes/origin/master'
2024-08-02 09:19:49.108 [info] > git rev-parse refs/remotes/origin/master [75ms]
2024-08-02 09:19:49.124 [info] > git rev-parse --show-toplevel [102ms]
2024-08-02 09:19:49.124 [info] > git config --get commit.template [127ms]
2024-08-02 09:19:49.143 [info] > git check-ignore -v -z --stdin [38ms]
2024-08-02 09:19:49.159 [info] > git rev-parse --git-dir --git-common-dir [17ms]
2024-08-02 09:19:49.180 [info] Open repository: /home/student/S04_TDD
2024-08-02 09:19:49.248 [info] > git check-ignore -v -z --stdin [157ms]
2024-08-02 09:19:49.249 [info] > git status -z -uall [126ms]
2024-08-02 09:19:49.249 [info] > git for-each-ref --format=%(refname)%00%(upstream:short)%00%(objectname)%00%(upstream:track)%00%(upstream:remotename)%00%(upstream:remoteref) refs/heads/master refs/remotes/master [91ms]
2024-08-02 09:19:49.325 [info] > git for-each-ref --format=%(refname)%00%(upstream:short)%00%(objectname)%00%(upstream:track)%00%(upstream:remotename)%00%(upstream:remoteref) refs/heads/master refs/remotes/master [17ms]
2024-08-02 09:19:49.344 [info] > git config --get commit.template [96ms]
2024-08-02 09:19:49.352 [info] > git config --get commit.template [28ms]
2024-08-02 09:19:49.352 [info] > git config --local branch.master.vscode-merge-base [9ms]
2024-08-02 09:19:49.374 [info] > git for-each-ref --format=%(refname)%00%(upstream:short)%00%(objectname)%00%(upstream:track)%00%(upstream:remotename)%00%(upstream:remoteref) refs/heads/main refs/remotes/main [23ms]
2024-08-02 09:19:49.406 [info] > git for-each-ref --format=%(refname)%00%(upstream:short)%00%(objectname)%00%(upstream:track)%00%(upstream:remotename)%00%(upstream:remoteref) refs/heads/origin/master refs/remotes/origin/master [44ms]
2024-08-02 09:19:49.418 [info] > git status -z -uall [45ms]
2024-08-02 09:19:49.418 [info] > git status -z -uall [27ms]
2024-08-02 09:19:49.418 [info] > git for-each-ref --format=%(refname)%00%(upstream:short)%00%(objectname)%00%(upstream:track)%00%(upstream:remotename)%00%(upstream:remoteref) refs/heads/master refs/remotes/master [13ms]
2024-08-02 09:19:49.493 [warning] ENOENT: no such file or directory, open '/home/student/P01-Atelier-cedricRGT45/.git/refs/remotes/origin/master'
2024-08-02 09:19:49.538 [info] > git for-each-ref --format=%(refname)%00%(upstream:short)%00%(objectname)%00%(upstream:track)%00%(upstream:remotename)%00%(upstream:remoteref) refs/heads/main refs/remotes/main [111ms]
2024-08-02 09:19:49.550 [info] > git merge-base refs/heads/master refs/remotes/origin/master [134ms]
2024-08-02 09:19:49.865 [info] > git show --textconv :autobudget/autobudget-main/frontend/src/types/types.ts [152ms]
2024-08-02 09:19:49.865 [info] > git rev-list --count --left-right refs/heads/master...refs/remotes/origin/master [303ms]
2024-08-02 09:19:49.870 [info] > git config --local branch.main.vscode-merge-base [321ms]
2024-08-02 09:19:49.882 [info] > git config --get commit.template [344ms]
2024-08-02 09:19:49.882 [info] > git config --get commit.template [377ms]
2024-08-02 09:19:49.882 [info] > git rev-parse refs/remotes/origin/master [389ms]
2024-08-02 09:19:49.900 [info] > git for-each-ref --format=%(refname)%00%(upstream:short)%00%(objectname)%00%(upstream:track)%00%(upstream:remotename)%00%(upstream:remoteref) refs/heads/master refs/remotes/master [439ms]
2024-08-02 09:19:49.963 [info] > git status -z -uall [64ms]
2024-08-02 09:19:49.963 [info] > git check-ignore -v -z --stdin [29ms]
2024-08-02 09:19:49.964 [info] > git config --local branch.master.vscode-merge-base [40ms]
2024-08-02 09:19:49.998 [info] > git for-each-ref --format=%(refname)%00%(upstream:short)%00%(objectname)%00%(upstream:track)%00%(upstream:remotename)%00%(upstream:remoteref) refs/heads/origin/E01 refs/remotes/origin/E01 [117ms]
2024-08-02 09:19:49.999 [info] > git diff --name-status -z --diff-filter=ADMR a613dd18878647b208b6ea7b58ca1aa45040182f...refs/remotes/origin/master [129ms]
2024-08-02 09:19:49.999 [info] > git ls-files --stage -- /home/student/E01-S04-AutoBudget-cedricRGT45/autobudget/autobudget-main/frontend/src/types/types.ts [268ms]
2024-08-02 09:19:50.051 [info] > git check-ignore -v -z --stdin [95ms]
2024-08-02 09:19:50.056 [info] > git for-each-ref --format=%(refname)%00%(upstream:short)%00%(objectname)%00%(upstream:track)%00%(upstream:remotename)%00%(upstream:remoteref) refs/heads/master refs/remotes/master [55ms]
2024-08-02 09:19:50.094 [info] > git for-each-ref --format=%(refname)%00%(upstream:short)%00%(objectname)%00%(upstream:track)%00%(upstream:remotename)%00%(upstream:remoteref) refs/heads/origin/master refs/remotes/origin/master [111ms]
2024-08-02 09:19:50.256 [info] > git config --local branch.master.vscode-merge-base [161ms]
2024-08-02 09:19:50.293 [info] > git for-each-ref --format=%(refname)%00%(upstream:short)%00%(objectname)%00%(upstream:track)%00%(upstream:remotename)%00%(upstream:remoteref) refs/heads/master refs/remotes/master [250ms]
2024-08-02 09:19:50.294 [info] > git for-each-ref --format=%(refname)%00%(upstream:short)%00%(objectname)%00%(upstream:track)%00%(upstream:remotename)%00%(upstream:remoteref) refs/heads/main refs/remotes/main [267ms]
2024-08-02 09:19:50.314 [info] > git cat-file -s eddfa8094a832c0dd70a556472b17809493c865b [295ms]
2024-08-02 09:19:50.317 [info] > git merge-base refs/heads/master refs/remotes/origin/master [209ms]
2024-08-02 09:19:50.360 [info] > git status -z -uall [47ms]
2024-08-02 09:19:50.378 [info] > git for-each-ref --format=%(refname)%00%(upstream:short)%00%(objectname)%00%(upstream:track)%00%(upstream:remotename)%00%(upstream:remoteref) refs/heads/origin/master refs/remotes/origin/master [85ms]
2024-08-02 09:19:50.381 [info] > git rev-list --count --left-right refs/heads/master...refs/remotes/origin/master [50ms]
2024-08-02 09:19:50.402 [info] > git for-each-ref --format=%(refname)%00%(upstream:short)%00%(objectname)%00%(upstream:track)%00%(upstream:remotename)%00%(upstream:remoteref) refs/heads/main refs/remotes/main [28ms]
2024-08-02 09:19:50.429 [info] > git diff --name-status -z --diff-filter=ADMR b9aeda9dc5f5420772aedbe98d41cca3042ad341...refs/remotes/origin/master [37ms]
2024-08-02 09:19:50.433 [info] > git status -z -uall [2136ms] (cancelled)
2024-08-02 09:19:50.438 [info] > git status -z -uall [33ms]
2024-08-02 09:19:50.461 [info] > git config --local branch.main.vscode-merge-base [48ms]
2024-08-02 09:19:50.505 [info] > git for-each-ref --format=%(refname)%00%(upstream:short)%00%(objectname)%00%(upstream:track)%00%(upstream:remotename)%00%(upstream:remoteref) refs/heads/origin/E01 refs/remotes/origin/E01 [30ms]
2024-08-02 09:19:50.506 [info] > git for-each-ref --format=%(refname)%00%(upstream:short)%00%(objectname)%00%(upstream:track)%00%(upstream:remotename)%00%(upstream:remoteref) refs/heads/master refs/remotes/master [62ms]
2024-08-02 09:19:50.545 [info] > git config --local branch.master.vscode-merge-base [33ms]
2024-08-02 09:19:50.558 [info] > git for-each-ref --format=%(refname)%00%(upstream:short)%00%(objectname)%00%(upstream:track)%00%(upstream:remotename)%00%(upstream:remoteref) refs/heads/origin/master refs/remotes/origin/master [4ms]
2024-08-02 09:20:44.962 [info] > git check-ignore -v -z --stdin [25ms]
2024-08-02 09:20:44.962 [info] > git check-ignore -v -z --stdin [20ms]
2024-08-02 09:20:44.962 [info] > git check-ignore -v -z --stdin [13ms]
2024-08-02 09:20:44.963 [info] > git check-ignore -v -z --stdin [10ms]
2024-08-02 09:20:44.963 [info] > git check-ignore -v -z --stdin [5ms]
2024-08-02 09:20:54.819 [info] > git check-ignore -v -z --stdin [11ms]
2024-08-02 09:20:55.881 [info] > git config --get commit.template [9ms]
2024-08-02 09:20:55.882 [info] > git for-each-ref --format=%(refname)%00%(upstream:short)%00%(objectname)%00%(upstream:track)%00%(upstream:remotename)%00%(upstream:remoteref) refs/heads/main refs/remotes/main [5ms]
2024-08-02 09:20:55.892 [info] > git status -z -uall [4ms]
2024-08-02 09:20:55.908 [info] > git for-each-ref --format=%(refname)%00%(upstream:short)%00%(objectname)%00%(upstream:track)%00%(upstream:remotename)%00%(upstream:remoteref) refs/heads/main refs/remotes/main [10ms]
2024-08-02 09:20:55.915 [info] > git config --local branch.main.vscode-merge-base [2ms]
2024-08-02 09:20:55.922 [info] > git for-each-ref --format=%(refname)%00%(upstream:short)%00%(objectname)%00%(upstream:track)%00%(upstream:remotename)%00%(upstream:remoteref) refs/heads/origin/master refs/remotes/origin/master [2ms]
2024-08-02 09:21:00.218 [info] > git check-ignore -v -z --stdin [1ms]
2024-08-02 09:23:43.812 [info] > git config --get commit.template [7ms]
2024-08-02 09:23:43.814 [info] > git for-each-ref --format=%(refname)%00%(upstream:short)%00%(objectname)%00%(upstream:track)%00%(upstream:remotename)%00%(upstream:remoteref) refs/heads/main refs/remotes/main [3ms]
2024-08-02 09:23:43.823 [info] > git status -z -uall [4ms]
2024-08-02 09:23:43.833 [info] > git for-each-ref --format=%(refname)%00%(upstream:short)%00%(objectname)%00%(upstream:track)%00%(upstream:remotename)%00%(upstream:remoteref) refs/heads/main refs/remotes/main [5ms]
2024-08-02 09:23:43.843 [info] > git config --local branch.main.vscode-merge-base [4ms]
2024-08-02 09:23:43.853 [info] > git for-each-ref --format=%(refname)%00%(upstream:short)%00%(objectname)%00%(upstream:track)%00%(upstream:remotename)%00%(upstream:remoteref) refs/heads/origin/master refs/remotes/origin/master [3ms]
2024-08-02 09:23:45.139 [info] > git check-ignore -v -z --stdin [2ms]
2024-08-02 09:23:48.883 [info] > git check-ignore -v -z --stdin [2ms]
2024-08-02 09:24:03.297 [info] > git config --get commit.template [8ms]
2024-08-02 09:24:03.300 [info] > git for-each-ref --format=%(refname)%00%(upstream:short)%00%(objectname)%00%(upstream:track)%00%(upstream:remotename)%00%(upstream:remoteref) refs/heads/main refs/remotes/main [5ms]
2024-08-02 09:24:03.310 [info] > git status -z -uall [4ms]
2024-08-02 09:24:03.327 [info] > git for-each-ref --format=%(refname)%00%(upstream:short)%00%(objectname)%00%(upstream:track)%00%(upstream:remotename)%00%(upstream:remoteref) refs/heads/main refs/remotes/main [9ms]
2024-08-02 09:24:03.336 [info] > git config --local branch.main.vscode-merge-base [2ms]
2024-08-02 09:24:03.344 [info] > git for-each-ref --format=%(refname)%00%(upstream:short)%00%(objectname)%00%(upstream:track)%00%(upstream:remotename)%00%(upstream:remoteref) refs/heads/origin/master refs/remotes/origin/master [3ms]
2024-08-02 09:24:08.335 [info] > git config --get commit.template [5ms]
2024-08-02 09:24:08.337 [info] > git for-each-ref --format=%(refname)%00%(upstream:short)%00%(objectname)%00%(upstream:track)%00%(upstream:remotename)%00%(upstream:remoteref) refs/heads/main refs/remotes/main [3ms]
2024-08-02 09:24:08.347 [info] > git status -z -uall [5ms]
2024-08-02 09:24:08.358 [info] > git for-each-ref --format=%(refname)%00%(upstream:short)%00%(objectname)%00%(upstream:track)%00%(upstream:remotename)%00%(upstream:remoteref) refs/heads/main refs/remotes/main [5ms]
2024-08-02 09:24:08.365 [info] > git config --local branch.main.vscode-merge-base [3ms]
2024-08-02 09:24:08.374 [info] > git for-each-ref --format=%(refname)%00%(upstream:short)%00%(objectname)%00%(upstream:track)%00%(upstream:remotename)%00%(upstream:remoteref) refs/heads/origin/master refs/remotes/origin/master [3ms]
2024-08-02 09:26:18.667 [info] > git config --get commit.template [2ms]
2024-08-02 09:26:18.678 [info] > git for-each-ref --format=%(refname)%00%(upstream:short)%00%(objectname)%00%(upstream:track)%00%(upstream:remotename)%00%(upstream:remoteref) refs/heads/main refs/remotes/main [4ms]
2024-08-02 09:26:18.689 [info] > git status -z -uall [5ms]
2024-08-02 09:26:18.701 [info] > git for-each-ref --format=%(refname)%00%(upstream:short)%00%(objectname)%00%(upstream:track)%00%(upstream:remotename)%00%(upstream:remoteref) refs/heads/main refs/remotes/main [5ms]
2024-08-02 09:26:18.710 [info] > git config --local branch.main.vscode-merge-base [2ms]
2024-08-02 09:26:18.722 [info] > git for-each-ref --format=%(refname)%00%(upstream:short)%00%(objectname)%00%(upstream:track)%00%(upstream:remotename)%00%(upstream:remoteref) refs/heads/origin/master refs/remotes/origin/master [5ms]
2024-08-02 09:26:23.732 [info] > git config --get commit.template [6ms]
2024-08-02 09:26:23.735 [info] > git for-each-ref --format=%(refname)%00%(upstream:short)%00%(objectname)%00%(upstream:track)%00%(upstream:remotename)%00%(upstream:remoteref) refs/heads/main refs/remotes/main [4ms]
2024-08-02 09:26:23.752 [info] > git status -z -uall [5ms]
2024-08-02 09:26:23.786 [info] > git for-each-ref --format=%(refname)%00%(upstream:short)%00%(objectname)%00%(upstream:track)%00%(upstream:remotename)%00%(upstream:remoteref) refs/heads/main refs/remotes/main [4ms]
2024-08-02 09:26:23.793 [info] > git config --local branch.main.vscode-merge-base [2ms]
2024-08-02 09:26:23.800 [info] > git for-each-ref --format=%(refname)%00%(upstream:short)%00%(objectname)%00%(upstream:track)%00%(upstream:remotename)%00%(upstream:remoteref) refs/heads/origin/master refs/remotes/origin/master [3ms]
2024-08-02 09:29:27.709 [info] > git config --get commit.template [7ms]
2024-08-02 09:29:27.711 [info] > git for-each-ref --format=%(refname)%00%(upstream:short)%00%(objectname)%00%(upstream:track)%00%(upstream:remotename)%00%(upstream:remoteref) refs/heads/main refs/remotes/main [3ms]
2024-08-02 09:29:27.719 [info] > git status -z -uall [3ms]
2024-08-02 09:29:27.729 [info] > git for-each-ref --format=%(refname)%00%(upstream:short)%00%(objectname)%00%(upstream:track)%00%(upstream:remotename)%00%(upstream:remoteref) refs/heads/main refs/remotes/main [4ms]
2024-08-02 09:29:27.736 [info] > git config --local branch.main.vscode-merge-base [3ms]
2024-08-02 09:29:27.743 [info] > git for-each-ref --format=%(refname)%00%(upstream:short)%00%(objectname)%00%(upstream:track)%00%(upstream:remotename)%00%(upstream:remoteref) refs/heads/origin/master refs/remotes/origin/master [2ms]
2024-08-02 09:29:29.547 [info] > git check-ignore -v -z --stdin [11ms]
2024-08-02 09:36:37.919 [info] > git check-ignore -v -z --stdin [2ms]
2024-08-02 09:46:40.268 [info] > git config --get commit.template [6ms]
2024-08-02 09:46:40.269 [info] > git for-each-ref --format=%(refname)%00%(upstream:short)%00%(objectname)%00%(upstream:track)%00%(upstream:remotename)%00%(upstream:remoteref) refs/heads/main refs/remotes/main [3ms]
2024-08-02 09:46:40.277 [info] > git status -z -uall [3ms]
2024-08-02 09:46:40.287 [info] > git for-each-ref --format=%(refname)%00%(upstream:short)%00%(objectname)%00%(upstream:track)%00%(upstream:remotename)%00%(upstream:remoteref) refs/heads/main refs/remotes/main [4ms]
2024-08-02 09:46:40.294 [info] > git config --local branch.main.vscode-merge-base [1ms]
2024-08-02 09:46:40.301 [info] > git for-each-ref --format=%(refname)%00%(upstream:short)%00%(objectname)%00%(upstream:track)%00%(upstream:remotename)%00%(upstream:remoteref) refs/heads/origin/master refs/remotes/origin/master [2ms]
2024-08-02 09:46:45.297 [info] > git config --get commit.template [5ms]
2024-08-02 09:46:45.300 [info] > git for-each-ref --format=%(refname)%00%(upstream:short)%00%(objectname)%00%(upstream:track)%00%(upstream:remotename)%00%(upstream:remoteref) refs/heads/main refs/remotes/main [2ms]
2024-08-02 09:46:45.308 [info] > git status -z -uall [4ms]
2024-08-02 09:46:45.320 [info] > git for-each-ref --format=%(refname)%00%(upstream:short)%00%(objectname)%00%(upstream:track)%00%(upstream:remotename)%00%(upstream:remoteref) refs/heads/main refs/remotes/main [6ms]
2024-08-02 09:46:45.326 [info] > git config --local branch.main.vscode-merge-base [1ms]
2024-08-02 09:46:45.335 [info] > git for-each-ref --format=%(refname)%00%(upstream:short)%00%(objectname)%00%(upstream:track)%00%(upstream:remotename)%00%(upstream:remoteref) refs/heads/origin/master refs/remotes/origin/master [4ms]
2024-08-02 09:46:51.685 [info] > git config --get commit.template [5ms]
2024-08-02 09:46:51.688 [info] > git for-each-ref --format=%(refname)%00%(upstream:short)%00%(objectname)%00%(upstream:track)%00%(upstream:remotename)%00%(upstream:remoteref) refs/heads/main refs/remotes/main [3ms]
2024-08-02 09:46:51.696 [info] > git status -z -uall [4ms]
2024-08-02 09:46:51.707 [info] > git for-each-ref --format=%(refname)%00%(upstream:short)%00%(objectname)%00%(upstream:track)%00%(upstream:remotename)%00%(upstream:remoteref) refs/heads/main refs/remotes/main [5ms]
2024-08-02 09:46:51.713 [info] > git config --local branch.main.vscode-merge-base [2ms]
2024-08-02 09:46:51.721 [info] > git for-each-ref --format=%(refname)%00%(upstream:short)%00%(objectname)%00%(upstream:track)%00%(upstream:remotename)%00%(upstream:remoteref) refs/heads/origin/master refs/remotes/origin/master [2ms]
2024-08-02 09:46:56.718 [info] > git config --get commit.template [6ms]
2024-08-02 09:46:56.721 [info] > git for-each-ref --format=%(refname)%00%(upstream:short)%00%(objectname)%00%(upstream:track)%00%(upstream:remotename)%00%(upstream:remoteref) refs/heads/main refs/remotes/main [3ms]
2024-08-02 09:46:56.729 [info] > git status -z -uall [3ms]
2024-08-02 09:46:56.741 [info] > git for-each-ref --format=%(refname)%00%(upstream:short)%00%(objectname)%00%(upstream:track)%00%(upstream:remotename)%00%(upstream:remoteref) refs/heads/main refs/remotes/main [7ms]
2024-08-02 09:46:56.749 [info] > git config --local branch.main.vscode-merge-base [3ms]
2024-08-02 09:46:56.758 [info] > git for-each-ref --format=%(refname)%00%(upstream:short)%00%(objectname)%00%(upstream:track)%00%(upstream:remotename)%00%(upstream:remoteref) refs/heads/origin/master refs/remotes/origin/master [3ms]
2024-08-02 09:47:01.752 [info] > git config --get commit.template [6ms]
2024-08-02 09:47:01.755 [info] > git for-each-ref --format=%(refname)%00%(upstream:short)%00%(objectname)%00%(upstream:track)%00%(upstream:remotename)%00%(upstream:remoteref) refs/heads/main refs/remotes/main [3ms]
2024-08-02 09:47:01.764 [info] > git status -z -uall [4ms]
2024-08-02 09:47:01.776 [info] > git for-each-ref --format=%(refname)%00%(upstream:short)%00%(objectname)%00%(upstream:track)%00%(upstream:remotename)%00%(upstream:remoteref) refs/heads/main refs/remotes/main [5ms]
2024-08-02 09:47:01.783 [info] > git config --local branch.main.vscode-merge-base [2ms]
2024-08-02 09:47:01.791 [info] > git for-each-ref --format=%(refname)%00%(upstream:short)%00%(objectname)%00%(upstream:track)%00%(upstream:remotename)%00%(upstream:remoteref) refs/heads/origin/master refs/remotes/origin/master [2ms]
2024-08-02 09:47:06.818 [info] > git config --get commit.template [8ms]
2024-08-02 09:47:06.821 [info] > git for-each-ref --format=%(refname)%00%(upstream:short)%00%(objectname)%00%(upstream:track)%00%(upstream:remotename)%00%(upstream:remoteref) refs/heads/main refs/remotes/main [4ms]
2024-08-02 09:47:06.832 [info] > git status -z -uall [2ms]
2024-08-02 09:47:06.845 [info] > git for-each-ref --format=%(refname)%00%(upstream:short)%00%(objectname)%00%(upstream:track)%00%(upstream:remotename)%00%(upstream:remoteref) refs/heads/main refs/remotes/main [7ms]
2024-08-02 09:47:06.854 [info] > git config --local branch.main.vscode-merge-base [2ms]
2024-08-02 09:47:06.870 [info] > git for-each-ref --format=%(refname)%00%(upstream:short)%00%(objectname)%00%(upstream:track)%00%(upstream:remotename)%00%(upstream:remoteref) refs/heads/origin/master refs/remotes/origin/master [8ms]
2024-08-02 09:47:11.855 [info] > git config --get commit.template [5ms]
2024-08-02 09:47:11.857 [info] > git for-each-ref --format=%(refname)%00%(upstream:short)%00%(objectname)%00%(upstream:track)%00%(upstream:remotename)%00%(upstream:remoteref) refs/heads/main refs/remotes/main [2ms]
2024-08-02 09:47:11.865 [info] > git status -z -uall [3ms]
2024-08-02 09:47:11.876 [info] > git for-each-ref --format=%(refname)%00%(upstream:short)%00%(objectname)%00%(upstream:track)%00%(upstream:remotename)%00%(upstream:remoteref) refs/heads/main refs/remotes/main [6ms]
2024-08-02 09:47:11.883 [info] > git config --local branch.main.vscode-merge-base [2ms]
2024-08-02 09:47:11.889 [info] > git for-each-ref --format=%(refname)%00%(upstream:short)%00%(objectname)%00%(upstream:track)%00%(upstream:remotename)%00%(upstream:remoteref) refs/heads/origin/master refs/remotes/origin/master [2ms]
2024-08-02 09:47:16.887 [info] > git config --get commit.template [6ms]
2024-08-02 09:47:16.888 [info] > git for-each-ref --format=%(refname)%00%(upstream:short)%00%(objectname)%00%(upstream:track)%00%(upstream:remotename)%00%(upstream:remoteref) refs/heads/main refs/remotes/main [4ms]
2024-08-02 09:47:16.897 [info] > git status -z -uall [4ms]
2024-08-02 09:47:16.906 [info] > git for-each-ref --format=%(refname)%00%(upstream:short)%00%(objectname)%00%(upstream:track)%00%(upstream:remotename)%00%(upstream:remoteref) refs/heads/main refs/remotes/main [4ms]
2024-08-02 09:47:16.913 [info] > git config --local branch.main.vscode-merge-base [2ms]
2024-08-02 09:47:16.923 [info] > git for-each-ref --format=%(refname)%00%(upstream:short)%00%(objectname)%00%(upstream:track)%00%(upstream:remotename)%00%(upstream:remoteref) refs/heads/origin/master refs/remotes/origin/master [2ms]
2024-08-02 09:48:07.004 [info] > git config --get commit.template [5ms]
2024-08-02 09:48:07.007 [info] > git for-each-ref --format=%(refname)%00%(upstream:short)%00%(objectname)%00%(upstream:track)%00%(upstream:remotename)%00%(upstream:remoteref) refs/heads/main refs/remotes/main [4ms]
2024-08-02 09:48:07.015 [info] > git status -z -uall [3ms]
2024-08-02 09:48:07.024 [info] > git for-each-ref --format=%(refname)%00%(upstream:short)%00%(objectname)%00%(upstream:track)%00%(upstream:remotename)%00%(upstream:remoteref) refs/heads/main refs/remotes/main [3ms]
2024-08-02 09:48:07.031 [info] > git config --local branch.main.vscode-merge-base [2ms]
2024-08-02 09:48:07.037 [info] > git for-each-ref --format=%(refname)%00%(upstream:short)%00%(objectname)%00%(upstream:track)%00%(upstream:remotename)%00%(upstream:remoteref) refs/heads/origin/master refs/remotes/origin/master [2ms]
2024-08-02 09:48:18.009 [info] > git check-ignore -v -z --stdin [10ms]
2024-08-02 09:48:18.717 [warning] ENOENT: no such file or directory, open '/home/student/E01-S04-AutoBudget-cedricRGT45/.git/HEAD'
2024-08-02 09:48:18.729 [warning] getRemotes() - ENOENT: no such file or directory, open '/home/student/E01-S04-AutoBudget-cedricRGT45/.git/config'
2024-08-02 09:48:18.741 [warning] ENOENT: no such file or directory, open '/home/student/E01-S04-AutoBudget-cedricRGT45/.git/HEAD'
2024-08-02 09:48:18.748 [warning] getRemotes() - ENOENT: no such file or directory, open '/home/student/E01-S04-AutoBudget-cedricRGT45/.git/config'
2024-08-02 09:48:19.529 [info] > git check-ignore -v -z --stdin [28ms]
2024-08-02 09:48:19.529 [info] > git check-ignore -v -z --stdin [14ms]
2024-08-02 09:48:19.534 [info] > git check-ignore -v -z --stdin [7ms]
2024-08-02 09:48:19.541 [info] > git check-ignore -v -z --stdin [32ms]
2024-08-02 09:48:50.022 [info] > git check-ignore -v -z --stdin [9ms]
2024-08-02 09:48:54.835 [info] > git check-ignore -v -z --stdin [11ms]
2024-08-02 09:48:56.775 [info] > git check-ignore -v -z --stdin [16ms]
2024-08-02 09:48:58.288 [info] > git check-ignore -v -z --stdin [9ms]
2024-08-02 09:48:59.725 [info] > git check-ignore -v -z --stdin [13ms]
2024-08-02 09:49:08.838 [info] > git check-ignore -v -z --stdin [8ms]
2024-08-02 09:49:44.747 [info] > git check-ignore -v -z --stdin [9ms]
2024-08-02 09:49:46.350 [info] > git check-ignore -v -z --stdin [13ms]
2024-08-02 09:49:48.786 [info] > git show --textconv :E01-S04-AutoBudget-cedricRGT45/autobudget/autobudget-main/frontend/src/tests/api.test.ts [11ms]
2024-08-02 09:49:48.791 [info] > git ls-files --stage -- /home/student/E01-S04-AutoBudget-cedricRGT45/autobudget/autobudget-main/frontend/src/tests/api.test.ts [11ms]
