2024-07-10 08:48:15.214 [info] Log level: Info
2024-07-10 08:48:15.214 [info] Validating found git in: "git"
2024-07-10 08:48:15.214 [info] Using git "2.34.1" from "git"
2024-07-10 08:48:15.214 [info] > git rev-parse --show-toplevel [937ms]
2024-07-10 08:48:15.240 [info] > git rev-parse --git-dir --git-common-dir [41ms]
2024-07-10 08:48:15.367 [info] Open repository: /home/student
2024-07-10 08:48:15.967 [info] > git rev-parse --show-toplevel [336ms]
2024-07-10 08:48:15.975 [info] > git config --get commit.template [379ms]
2024-07-10 08:48:16.021 [info] > git rev-parse --git-dir --git-common-dir [14ms]
2024-07-10 08:48:16.096 [info] Open repository: /home/student/P01-Parcours_dev-cedricRGT45
2024-07-10 08:48:16.173 [info] > git for-each-ref --format=%(refname)%00%(upstream:short)%00%(objectname)%00%(upstream:track)%00%(upstream:remotename)%00%(upstream:remoteref) refs/heads/main refs/remotes/main [176ms]
2024-07-10 08:48:16.205 [info] > git config --get commit.template [69ms]
2024-07-10 08:48:16.221 [info] > git rev-parse --show-toplevel [52ms]
2024-07-10 08:48:16.369 [info] > git rev-parse --show-toplevel [78ms]
2024-07-10 08:48:16.376 [info] > git for-each-ref --format=%(refname)%00%(upstream:short)%00%(objectname)%00%(upstream:track)%00%(upstream:remotename)%00%(upstream:remoteref) refs/heads/master refs/remotes/master [138ms]
2024-07-10 08:48:16.551 [info] > git rev-parse --show-toplevel [139ms]
2024-07-10 08:48:16.677 [info] > git status -z -uall [133ms]
2024-07-10 08:48:16.907 [info] > git check-ignore -v -z --stdin [51ms]
2024-07-10 08:48:16.916 [info] > git for-each-ref --format=%(refname)%00%(upstream:short)%00%(objectname)%00%(upstream:track)%00%(upstream:remotename)%00%(upstream:remoteref) refs/heads/master refs/remotes/master [221ms]
2024-07-10 08:48:16.957 [info] > git rev-parse --show-toplevel [329ms]
2024-07-10 08:48:17.269 [info] > git check-ignore -v -z --stdin [468ms]
2024-07-10 08:48:17.270 [info] > git config --local branch.master.vscode-merge-base [314ms]
2024-07-10 08:48:17.296 [info] > git config --get commit.template [399ms]
2024-07-10 08:48:17.310 [info] > git rev-parse --show-toplevel [187ms]
2024-07-10 08:48:17.357 [info] > git for-each-ref --format=%(refname)%00%(upstream:short)%00%(objectname)%00%(upstream:track)%00%(upstream:remotename)%00%(upstream:remoteref) refs/heads/master refs/remotes/master [15ms]
2024-07-10 08:48:17.366 [info] > git for-each-ref --format=%(refname)%00%(upstream:short)%00%(objectname)%00%(upstream:track)%00%(upstream:remotename)%00%(upstream:remoteref) refs/heads/origin/master refs/remotes/origin/master [70ms]
2024-07-10 08:48:17.424 [info] > git rev-parse --show-toplevel [69ms]
2024-07-10 08:48:17.442 [info] > git merge-base refs/heads/master refs/remotes/origin/master [51ms]
2024-07-10 08:48:17.493 [info] > git rev-list --count --left-right refs/heads/master...refs/remotes/origin/master [23ms]
2024-07-10 08:48:17.508 [info] > git status -z -uall [16ms]
2024-07-10 08:48:17.530 [info] > git rev-parse --show-toplevel [52ms]
2024-07-10 08:48:17.531 [info] > git diff --name-status -z --diff-filter=ADMR 2fc650aa6104e8054e535196d3c6923a241673a6...refs/remotes/origin/master [25ms]
2024-07-10 08:48:17.554 [info] > git for-each-ref --format=%(refname)%00%(upstream:short)%00%(objectname)%00%(upstream:track)%00%(upstream:remotename)%00%(upstream:remoteref) refs/heads/master refs/remotes/master [25ms]
2024-07-10 08:48:17.581 [info] > git rev-parse --show-toplevel [29ms]
2024-07-10 08:48:17.602 [info] > git config --local branch.master.vscode-merge-base [23ms]
2024-07-10 08:48:17.616 [info] > git rev-parse --show-toplevel [15ms]
2024-07-10 08:48:17.642 [info] > git for-each-ref --format=%(refname)%00%(upstream:short)%00%(objectname)%00%(upstream:track)%00%(upstream:remotename)%00%(upstream:remoteref) refs/heads/origin/master refs/remotes/origin/master [29ms]
2024-07-10 08:48:17.646 [info] > git rev-parse --show-toplevel [5ms]
2024-07-10 08:48:17.748 [info] > git show --textconv :projet/frontend/src/pages/Home.tsx [79ms]
2024-07-10 08:48:17.758 [info] > git ls-files --stage -- /home/student/P01-Parcours_dev-cedricRGT45/projet/frontend/src/pages/Home.tsx [36ms]
2024-07-10 08:48:17.794 [info] > git cat-file -s 37ec72b8979f10c14730bc54dde99084f7b92a9d [21ms]
2024-07-10 08:48:18.423 [info] > git status -z -uall [2080ms] (cancelled)
2024-07-10 08:50:48.638 [info] > git ls-files --stage -- /home/student/P01-Parcours_dev-cedricRGT45/projet/frontend/src/App.tsx [2ms]
2024-07-10 08:50:48.644 [info] > git show --textconv :projet/frontend/src/App.tsx [13ms]
2024-07-10 08:50:48.646 [info] > git cat-file -s 568ef69d65386e60aaa32b631ed8c00e5744b596 [3ms]
2024-07-10 08:56:25.704 [info] > git check-ignore -v -z --stdin [2ms]
2024-07-10 08:56:26.364 [info] > git check-ignore -v -z --stdin [5ms]
2024-07-10 08:56:26.376 [info] > git check-ignore -v -z --stdin [13ms]
2024-07-10 08:56:27.195 [info] > git check-ignore -v -z --stdin [15ms]
2024-07-10 08:56:28.487 [info] > git check-ignore -v -z --stdin [2ms]
2024-07-10 08:56:35.221 [info] > git show --textconv :README.md [9ms]
2024-07-10 08:56:35.227 [info] > git ls-files --stage -- /home/student/P01-Parcours_dev-cedricRGT45/README.md [7ms]
2024-07-10 08:56:35.235 [info] > git cat-file -s 5284b6553d294876d0dcbd5382ca43b40e8585af [4ms]
2024-07-10 08:56:50.192 [info] > git show --textconv :CDCF.md [10ms]
2024-07-10 08:56:50.196 [info] > git ls-files --stage -- /home/student/P01-Parcours_dev-cedricRGT45/CDCF.md [5ms]
2024-07-10 08:56:50.205 [info] > git cat-file -s 29da3fd473d9cf9c4f868187e40210d90f9e24a9 [4ms]
2024-07-10 09:54:14.422 [info] > git check-ignore -v -z --stdin [3ms]
2024-07-10 09:54:15.865 [info] > git check-ignore -v -z --stdin [22ms]
2024-07-10 09:54:40.924 [info] > git check-ignore -v -z --stdin [14ms]
2024-07-10 09:54:45.503 [info] > git check-ignore -v -z --stdin [12ms]
2024-07-10 09:55:43.081 [info] > git check-ignore -v -z --stdin [9ms]
2024-07-10 09:56:10.466 [info] > git check-ignore -v -z --stdin [15ms]
2024-07-10 10:09:18.074 [info] > git check-ignore -v -z --stdin [3ms]
2024-07-10 10:09:24.627 [info] > git show --textconv :projet/frontend/src/App.tsx [5ms]
2024-07-10 10:09:24.629 [info] > git ls-files --stage -- /home/student/P01-Parcours_dev-cedricRGT45/projet/frontend/src/App.tsx [3ms]
2024-07-10 10:09:24.635 [info] > git cat-file -s 568ef69d65386e60aaa32b631ed8c00e5744b596 [2ms]
2024-07-10 10:09:41.519 [info] > git show --textconv :projet/frontend/src/main.tsx [6ms]
2024-07-10 10:09:41.520 [info] > git ls-files --stage -- /home/student/P01-Parcours_dev-cedricRGT45/projet/frontend/src/main.tsx [2ms]
2024-07-10 10:09:41.528 [info] > git cat-file -s b72762b1061f0ad76ae4da8e0b08230dc93dfd0f [2ms]
2024-07-10 10:09:51.730 [info] > git show --textconv :projet/frontend/src/index.css [11ms]
2024-07-10 10:09:51.736 [info] > git ls-files --stage -- /home/student/P01-Parcours_dev-cedricRGT45/projet/frontend/src/index.css [5ms]
2024-07-10 10:09:51.745 [info] > git cat-file -s 6119ad9a8faaa5073a454f67b50fb98a25972fd2 [4ms]
2024-07-10 10:09:53.601 [info] > git show --textconv :projet/frontend/src/App.tsx [20ms]
2024-07-10 10:09:53.609 [info] > git ls-files --stage -- /home/student/P01-Parcours_dev-cedricRGT45/projet/frontend/src/App.tsx [10ms]
2024-07-10 10:09:53.630 [info] > git cat-file -s 568ef69d65386e60aaa32b631ed8c00e5744b596 [15ms]
2024-07-10 10:10:08.578 [info] > git show --textconv :projet/frontend/src/hooks/Datafetcher.tsx [12ms]
2024-07-10 10:10:08.582 [info] > git ls-files --stage -- /home/student/P01-Parcours_dev-cedricRGT45/projet/frontend/src/hooks/Datafetcher.tsx [6ms]
2024-07-10 10:10:08.592 [info] > git cat-file -s 572b9c4f95d663e5664abc14fd6e8c4aafc0b7ff [5ms]
2024-07-10 10:10:18.473 [info] > git show --textconv :projet/frontend/src/components/ProfessorCard.tsx [8ms]
2024-07-10 10:10:18.475 [info] > git ls-files --stage -- /home/student/P01-Parcours_dev-cedricRGT45/projet/frontend/src/components/ProfessorCard.tsx [2ms]
2024-07-10 10:10:18.482 [info] > git cat-file -s dc3f131c839b374fc0b2ab4160ceb885ca015f3c [3ms]
2024-07-10 10:10:35.973 [info] > git show --textconv :projet/frontend/src/components/SubjetCard.tsx [5ms]
2024-07-10 10:10:35.975 [info] > git ls-files --stage -- /home/student/P01-Parcours_dev-cedricRGT45/projet/frontend/src/components/SubjetCard.tsx [2ms]
2024-07-10 10:10:35.981 [info] > git cat-file -s 00fc6af9110805de7d8299314b05244dd22830b0 [2ms]
2024-07-10 10:10:46.203 [info] > git ls-files --stage -- /home/student/P01-Parcours_dev-cedricRGT45/projet/frontend/src/pages/Home.tsx [4ms]
2024-07-10 10:10:46.208 [info] > git show --textconv :projet/frontend/src/pages/Home.tsx [19ms]
2024-07-10 10:10:46.211 [info] > git cat-file -s 37ec72b8979f10c14730bc54dde99084f7b92a9d [3ms]
2024-07-10 10:10:53.146 [info] > git show --textconv :projet/frontend/src/components/SubjetCard.tsx [9ms]
2024-07-10 10:10:53.148 [info] > git ls-files --stage -- /home/student/P01-Parcours_dev-cedricRGT45/projet/frontend/src/components/SubjetCard.tsx [3ms]
2024-07-10 10:10:53.157 [info] > git cat-file -s 00fc6af9110805de7d8299314b05244dd22830b0 [3ms]
2024-07-10 10:10:56.719 [info] > git show --textconv :projet/frontend/src/pages/Home.tsx [8ms]
2024-07-10 10:10:56.723 [info] > git ls-files --stage -- /home/student/P01-Parcours_dev-cedricRGT45/projet/frontend/src/pages/Home.tsx [5ms]
2024-07-10 10:10:56.734 [info] > git cat-file -s 37ec72b8979f10c14730bc54dde99084f7b92a9d [4ms]
