2024-05-31 12:01:51.102 [info] Extension host with pid 40025 started
2024-05-31 12:01:51.131 [info] Lock '/home/student/.vscode-server/data/User/workspaceStorage/404aa306607452d73f441395f4ef8961/vscode.lock': Lock acquired.
2024-05-31 12:01:51.833 [info] ExtensionService#_doActivateExtension ms-vsliveshare.vsliveshare, startup: false, activationEvent: 'onFileSystem:vsls'
2024-05-31 12:01:52.844 [info] ExtensionService#_doActivateExtension vscode.git-base, startup: true, activationEvent: '*', root cause: vscode.git
2024-05-31 12:01:53.094 [info] ExtensionService#_doActivateExtension vscode.git, startup: true, activationEvent: '*'
2024-05-31 12:01:53.509 [info] Eager extensions activated
2024-05-31 12:01:53.510 [info] ExtensionService#_doActivateExtension vscode.merge-conflict, startup: false, activationEvent: 'onStartupFinished'
2024-05-31 12:01:58.078 [info] ExtensionService#_doActivateExtension vscode.json-language-features, startup: false, activationEvent: 'onLanguage:jsonc'
2024-05-31 12:01:58.079 [info] ExtensionService#_doActivateExtension vscode.typescript-language-features, startup: false, activationEvent: 'onLanguage:jsonc'
2024-05-31 12:01:58.079 [info] ExtensionService#_doActivateExtension vscode.emmet, startup: false, activationEvent: 'onLanguage'
2024-05-31 12:01:59.200 [info] ExtensionService#_doActivateExtension vscode.extension-editing, startup: false, activationEvent: 'onLanguage:json'
2024-05-31 12:01:59.201 [info] ExtensionService#_doActivateExtension vscode.npm, startup: false, activationEvent: 'onLanguage:json'
2024-05-31 12:02:01.355 [info] ExtensionService#_doActivateExtension vscode.css-language-features, startup: false, activationEvent: 'onLanguage:scss'
2024-05-31 12:02:01.357 [info] ExtensionService#_doActivateExtension vscode.markdown-language-features, startup: false, activationEvent: 'onLanguage:markdown'
2024-05-31 12:02:01.357 [info] ExtensionService#_doActivateExtension vscode.html-language-features, startup: false, activationEvent: 'onLanguage:html'
2024-05-31 12:18:15.137 [error] TypeError: Cannot read properties of null (reading 'fileName')
	at CoEditing.<anonymous> (/home/student/.vscode-server/extensions/ms-vsliveshare.vsliveshare-1.0.5918/extension.js:94:324379)
	at Generator.next (<anonymous>)
	at /home/student/.vscode-server/extensions/ms-vsliveshare.vsliveshare-1.0.5918/extension.js:94:296037
	at new Promise (<anonymous>)
	at v (/home/student/.vscode-server/extensions/ms-vsliveshare.vsliveshare-1.0.5918/extension.js:94:295723)
	at /home/student/.vscode-server/extensions/ms-vsliveshare.vsliveshare-1.0.5918/extension.js:94:323037
	at Array.forEach (<anonymous>)
	at CoEditing.fileServiceFilesChanged (/home/student/.vscode-server/extensions/ms-vsliveshare.vsliveshare-1.0.5918/extension.js:94:323025)
	at /home/student/.vscode-server/extensions/ms-vsliveshare.vsliveshare-1.0.5918/extension.js:94:306998
	at CallbackList.invoke (/home/student/.vscode-server/extensions/ms-vsliveshare.vsliveshare-1.0.5918/extension.js:94:1652831)
	at Emitter.fire (/home/student/.vscode-server/extensions/ms-vsliveshare.vsliveshare-1.0.5918/extension.js:94:1653584)
	at /home/student/.vscode-server/extensions/ms-vsliveshare.vsliveshare-1.0.5918/extension.js:94:1196235
	at handleNotification (/home/student/.vscode-server/extensions/ms-vsliveshare.vsliveshare-1.0.5918/extension.js:94:1663569)
	at processMessageQueue (/home/student/.vscode-server/extensions/ms-vsliveshare.vsliveshare-1.0.5918/extension.js:94:1663825)
	at Immediate.<anonymous> (/home/student/.vscode-server/extensions/ms-vsliveshare.vsliveshare-1.0.5918/extension.js:94:1665476)
	at process.processImmediate (node:internal/timers:476:21)
2024-05-31 12:18:30.565 [error] TypeError: Cannot read properties of null (reading 'fileName')
	at CoEditing.<anonymous> (/home/student/.vscode-server/extensions/ms-vsliveshare.vsliveshare-1.0.5918/extension.js:94:324379)
	at Generator.next (<anonymous>)
	at /home/student/.vscode-server/extensions/ms-vsliveshare.vsliveshare-1.0.5918/extension.js:94:296037
	at new Promise (<anonymous>)
	at v (/home/student/.vscode-server/extensions/ms-vsliveshare.vsliveshare-1.0.5918/extension.js:94:295723)
	at /home/student/.vscode-server/extensions/ms-vsliveshare.vsliveshare-1.0.5918/extension.js:94:323037
	at Array.forEach (<anonymous>)
	at CoEditing.fileServiceFilesChanged (/home/student/.vscode-server/extensions/ms-vsliveshare.vsliveshare-1.0.5918/extension.js:94:323025)
	at /home/student/.vscode-server/extensions/ms-vsliveshare.vsliveshare-1.0.5918/extension.js:94:306998
	at CallbackList.invoke (/home/student/.vscode-server/extensions/ms-vsliveshare.vsliveshare-1.0.5918/extension.js:94:1652831)
	at Emitter.fire (/home/student/.vscode-server/extensions/ms-vsliveshare.vsliveshare-1.0.5918/extension.js:94:1653584)
	at /home/student/.vscode-server/extensions/ms-vsliveshare.vsliveshare-1.0.5918/extension.js:94:1196235
	at handleNotification (/home/student/.vscode-server/extensions/ms-vsliveshare.vsliveshare-1.0.5918/extension.js:94:1663569)
	at processMessageQueue (/home/student/.vscode-server/extensions/ms-vsliveshare.vsliveshare-1.0.5918/extension.js:94:1663825)
	at Immediate.<anonymous> (/home/student/.vscode-server/extensions/ms-vsliveshare.vsliveshare-1.0.5918/extension.js:94:1665476)
	at process.processImmediate (node:internal/timers:476:21)
2024-05-31 12:18:35.817 [error] TypeError: Cannot read properties of null (reading 'fileName')
	at CoEditing.<anonymous> (/home/student/.vscode-server/extensions/ms-vsliveshare.vsliveshare-1.0.5918/extension.js:94:324379)
	at Generator.next (<anonymous>)
	at /home/student/.vscode-server/extensions/ms-vsliveshare.vsliveshare-1.0.5918/extension.js:94:296037
	at new Promise (<anonymous>)
	at v (/home/student/.vscode-server/extensions/ms-vsliveshare.vsliveshare-1.0.5918/extension.js:94:295723)
	at /home/student/.vscode-server/extensions/ms-vsliveshare.vsliveshare-1.0.5918/extension.js:94:323037
	at Array.forEach (<anonymous>)
	at CoEditing.fileServiceFilesChanged (/home/student/.vscode-server/extensions/ms-vsliveshare.vsliveshare-1.0.5918/extension.js:94:323025)
	at /home/student/.vscode-server/extensions/ms-vsliveshare.vsliveshare-1.0.5918/extension.js:94:306998
	at CallbackList.invoke (/home/student/.vscode-server/extensions/ms-vsliveshare.vsliveshare-1.0.5918/extension.js:94:1652831)
	at Emitter.fire (/home/student/.vscode-server/extensions/ms-vsliveshare.vsliveshare-1.0.5918/extension.js:94:1653584)
	at /home/student/.vscode-server/extensions/ms-vsliveshare.vsliveshare-1.0.5918/extension.js:94:1196235
	at handleNotification (/home/student/.vscode-server/extensions/ms-vsliveshare.vsliveshare-1.0.5918/extension.js:94:1663569)
	at processMessageQueue (/home/student/.vscode-server/extensions/ms-vsliveshare.vsliveshare-1.0.5918/extension.js:94:1663825)
	at Immediate.<anonymous> (/home/student/.vscode-server/extensions/ms-vsliveshare.vsliveshare-1.0.5918/extension.js:94:1665476)
	at process.processImmediate (node:internal/timers:476:21)
2024-05-31 12:24:44.147 [error] TypeError: Cannot read properties of null (reading 'fileName')
	at CoEditing.<anonymous> (/home/student/.vscode-server/extensions/ms-vsliveshare.vsliveshare-1.0.5918/extension.js:94:324379)
	at Generator.next (<anonymous>)
	at /home/student/.vscode-server/extensions/ms-vsliveshare.vsliveshare-1.0.5918/extension.js:94:296037
	at new Promise (<anonymous>)
	at v (/home/student/.vscode-server/extensions/ms-vsliveshare.vsliveshare-1.0.5918/extension.js:94:295723)
	at /home/student/.vscode-server/extensions/ms-vsliveshare.vsliveshare-1.0.5918/extension.js:94:323037
	at Array.forEach (<anonymous>)
	at CoEditing.fileServiceFilesChanged (/home/student/.vscode-server/extensions/ms-vsliveshare.vsliveshare-1.0.5918/extension.js:94:323025)
	at /home/student/.vscode-server/extensions/ms-vsliveshare.vsliveshare-1.0.5918/extension.js:94:306998
	at CallbackList.invoke (/home/student/.vscode-server/extensions/ms-vsliveshare.vsliveshare-1.0.5918/extension.js:94:1652831)
	at Emitter.fire (/home/student/.vscode-server/extensions/ms-vsliveshare.vsliveshare-1.0.5918/extension.js:94:1653584)
	at /home/student/.vscode-server/extensions/ms-vsliveshare.vsliveshare-1.0.5918/extension.js:94:1196235
	at handleNotification (/home/student/.vscode-server/extensions/ms-vsliveshare.vsliveshare-1.0.5918/extension.js:94:1663569)
	at processMessageQueue (/home/student/.vscode-server/extensions/ms-vsliveshare.vsliveshare-1.0.5918/extension.js:94:1663825)
	at Immediate.<anonymous> (/home/student/.vscode-server/extensions/ms-vsliveshare.vsliveshare-1.0.5918/extension.js:94:1665476)
	at process.processImmediate (node:internal/timers:476:21)
2024-05-31 12:26:02.162 [error] TypeError: Cannot read properties of null (reading 'fileName')
	at CoEditing.<anonymous> (/home/student/.vscode-server/extensions/ms-vsliveshare.vsliveshare-1.0.5918/extension.js:94:324379)
	at Generator.next (<anonymous>)
	at /home/student/.vscode-server/extensions/ms-vsliveshare.vsliveshare-1.0.5918/extension.js:94:296037
	at new Promise (<anonymous>)
	at v (/home/student/.vscode-server/extensions/ms-vsliveshare.vsliveshare-1.0.5918/extension.js:94:295723)
	at /home/student/.vscode-server/extensions/ms-vsliveshare.vsliveshare-1.0.5918/extension.js:94:323037
	at Array.forEach (<anonymous>)
	at CoEditing.fileServiceFilesChanged (/home/student/.vscode-server/extensions/ms-vsliveshare.vsliveshare-1.0.5918/extension.js:94:323025)
	at /home/student/.vscode-server/extensions/ms-vsliveshare.vsliveshare-1.0.5918/extension.js:94:306998
	at CallbackList.invoke (/home/student/.vscode-server/extensions/ms-vsliveshare.vsliveshare-1.0.5918/extension.js:94:1652831)
	at Emitter.fire (/home/student/.vscode-server/extensions/ms-vsliveshare.vsliveshare-1.0.5918/extension.js:94:1653584)
	at /home/student/.vscode-server/extensions/ms-vsliveshare.vsliveshare-1.0.5918/extension.js:94:1196235
	at handleNotification (/home/student/.vscode-server/extensions/ms-vsliveshare.vsliveshare-1.0.5918/extension.js:94:1663569)
	at processMessageQueue (/home/student/.vscode-server/extensions/ms-vsliveshare.vsliveshare-1.0.5918/extension.js:94:1663825)
	at Immediate.<anonymous> (/home/student/.vscode-server/extensions/ms-vsliveshare.vsliveshare-1.0.5918/extension.js:94:1665476)
	at process.processImmediate (node:internal/timers:476:21)
2024-05-31 12:29:08.084 [error] TypeError: Cannot read properties of null (reading 'fileName')
	at CoEditing.<anonymous> (/home/student/.vscode-server/extensions/ms-vsliveshare.vsliveshare-1.0.5918/extension.js:94:324379)
	at Generator.next (<anonymous>)
	at /home/student/.vscode-server/extensions/ms-vsliveshare.vsliveshare-1.0.5918/extension.js:94:296037
	at new Promise (<anonymous>)
	at v (/home/student/.vscode-server/extensions/ms-vsliveshare.vsliveshare-1.0.5918/extension.js:94:295723)
	at /home/student/.vscode-server/extensions/ms-vsliveshare.vsliveshare-1.0.5918/extension.js:94:323037
	at Array.forEach (<anonymous>)
	at CoEditing.fileServiceFilesChanged (/home/student/.vscode-server/extensions/ms-vsliveshare.vsliveshare-1.0.5918/extension.js:94:323025)
	at /home/student/.vscode-server/extensions/ms-vsliveshare.vsliveshare-1.0.5918/extension.js:94:306998
	at CallbackList.invoke (/home/student/.vscode-server/extensions/ms-vsliveshare.vsliveshare-1.0.5918/extension.js:94:1652831)
	at Emitter.fire (/home/student/.vscode-server/extensions/ms-vsliveshare.vsliveshare-1.0.5918/extension.js:94:1653584)
	at /home/student/.vscode-server/extensions/ms-vsliveshare.vsliveshare-1.0.5918/extension.js:94:1196235
	at handleNotification (/home/student/.vscode-server/extensions/ms-vsliveshare.vsliveshare-1.0.5918/extension.js:94:1663569)
	at processMessageQueue (/home/student/.vscode-server/extensions/ms-vsliveshare.vsliveshare-1.0.5918/extension.js:94:1663825)
	at Immediate.<anonymous> (/home/student/.vscode-server/extensions/ms-vsliveshare.vsliveshare-1.0.5918/extension.js:94:1665476)
	at process.processImmediate (node:internal/timers:476:21)
2024-05-31 12:32:52.256 [error] TypeError: Cannot read properties of null (reading 'fileName')
	at CoEditing.<anonymous> (/home/student/.vscode-server/extensions/ms-vsliveshare.vsliveshare-1.0.5918/extension.js:94:324379)
	at Generator.next (<anonymous>)
	at /home/student/.vscode-server/extensions/ms-vsliveshare.vsliveshare-1.0.5918/extension.js:94:296037
	at new Promise (<anonymous>)
	at v (/home/student/.vscode-server/extensions/ms-vsliveshare.vsliveshare-1.0.5918/extension.js:94:295723)
	at /home/student/.vscode-server/extensions/ms-vsliveshare.vsliveshare-1.0.5918/extension.js:94:323037
	at Array.forEach (<anonymous>)
	at CoEditing.fileServiceFilesChanged (/home/student/.vscode-server/extensions/ms-vsliveshare.vsliveshare-1.0.5918/extension.js:94:323025)
	at /home/student/.vscode-server/extensions/ms-vsliveshare.vsliveshare-1.0.5918/extension.js:94:306998
	at CallbackList.invoke (/home/student/.vscode-server/extensions/ms-vsliveshare.vsliveshare-1.0.5918/extension.js:94:1652831)
	at Emitter.fire (/home/student/.vscode-server/extensions/ms-vsliveshare.vsliveshare-1.0.5918/extension.js:94:1653584)
	at /home/student/.vscode-server/extensions/ms-vsliveshare.vsliveshare-1.0.5918/extension.js:94:1196235
	at handleNotification (/home/student/.vscode-server/extensions/ms-vsliveshare.vsliveshare-1.0.5918/extension.js:94:1663569)
	at processMessageQueue (/home/student/.vscode-server/extensions/ms-vsliveshare.vsliveshare-1.0.5918/extension.js:94:1663825)
	at Immediate.<anonymous> (/home/student/.vscode-server/extensions/ms-vsliveshare.vsliveshare-1.0.5918/extension.js:94:1665476)
	at process.processImmediate (node:internal/timers:476:21)
2024-05-31 13:10:45.839 [error] TypeError: Cannot read properties of null (reading 'fileName')
	at CoEditing.<anonymous> (/home/student/.vscode-server/extensions/ms-vsliveshare.vsliveshare-1.0.5918/extension.js:94:324379)
	at Generator.next (<anonymous>)
	at /home/student/.vscode-server/extensions/ms-vsliveshare.vsliveshare-1.0.5918/extension.js:94:296037
	at new Promise (<anonymous>)
	at v (/home/student/.vscode-server/extensions/ms-vsliveshare.vsliveshare-1.0.5918/extension.js:94:295723)
	at /home/student/.vscode-server/extensions/ms-vsliveshare.vsliveshare-1.0.5918/extension.js:94:323037
	at Array.forEach (<anonymous>)
	at CoEditing.fileServiceFilesChanged (/home/student/.vscode-server/extensions/ms-vsliveshare.vsliveshare-1.0.5918/extension.js:94:323025)
	at /home/student/.vscode-server/extensions/ms-vsliveshare.vsliveshare-1.0.5918/extension.js:94:306998
	at CallbackList.invoke (/home/student/.vscode-server/extensions/ms-vsliveshare.vsliveshare-1.0.5918/extension.js:94:1652831)
	at Emitter.fire (/home/student/.vscode-server/extensions/ms-vsliveshare.vsliveshare-1.0.5918/extension.js:94:1653584)
	at /home/student/.vscode-server/extensions/ms-vsliveshare.vsliveshare-1.0.5918/extension.js:94:1196235
	at handleNotification (/home/student/.vscode-server/extensions/ms-vsliveshare.vsliveshare-1.0.5918/extension.js:94:1663569)
	at processMessageQueue (/home/student/.vscode-server/extensions/ms-vsliveshare.vsliveshare-1.0.5918/extension.js:94:1663825)
	at Immediate.<anonymous> (/home/student/.vscode-server/extensions/ms-vsliveshare.vsliveshare-1.0.5918/extension.js:94:1665476)
	at process.processImmediate (node:internal/timers:476:21)
2024-05-31 13:10:58.526 [error] TypeError: Cannot read properties of null (reading 'fileName')
	at CoEditing.<anonymous> (/home/student/.vscode-server/extensions/ms-vsliveshare.vsliveshare-1.0.5918/extension.js:94:324379)
	at Generator.next (<anonymous>)
	at /home/student/.vscode-server/extensions/ms-vsliveshare.vsliveshare-1.0.5918/extension.js:94:296037
	at new Promise (<anonymous>)
	at v (/home/student/.vscode-server/extensions/ms-vsliveshare.vsliveshare-1.0.5918/extension.js:94:295723)
	at /home/student/.vscode-server/extensions/ms-vsliveshare.vsliveshare-1.0.5918/extension.js:94:323037
	at Array.forEach (<anonymous>)
	at CoEditing.fileServiceFilesChanged (/home/student/.vscode-server/extensions/ms-vsliveshare.vsliveshare-1.0.5918/extension.js:94:323025)
	at /home/student/.vscode-server/extensions/ms-vsliveshare.vsliveshare-1.0.5918/extension.js:94:306998
	at CallbackList.invoke (/home/student/.vscode-server/extensions/ms-vsliveshare.vsliveshare-1.0.5918/extension.js:94:1652831)
	at Emitter.fire (/home/student/.vscode-server/extensions/ms-vsliveshare.vsliveshare-1.0.5918/extension.js:94:1653584)
	at /home/student/.vscode-server/extensions/ms-vsliveshare.vsliveshare-1.0.5918/extension.js:94:1196235
	at handleNotification (/home/student/.vscode-server/extensions/ms-vsliveshare.vsliveshare-1.0.5918/extension.js:94:1663569)
	at processMessageQueue (/home/student/.vscode-server/extensions/ms-vsliveshare.vsliveshare-1.0.5918/extension.js:94:1663825)
	at Immediate.<anonymous> (/home/student/.vscode-server/extensions/ms-vsliveshare.vsliveshare-1.0.5918/extension.js:94:1665476)
	at process.processImmediate (node:internal/timers:476:21)
2024-05-31 13:11:03.162 [error] TypeError: Cannot read properties of null (reading 'fileName')
	at CoEditing.<anonymous> (/home/student/.vscode-server/extensions/ms-vsliveshare.vsliveshare-1.0.5918/extension.js:94:324379)
	at Generator.next (<anonymous>)
	at /home/student/.vscode-server/extensions/ms-vsliveshare.vsliveshare-1.0.5918/extension.js:94:296037
	at new Promise (<anonymous>)
	at v (/home/student/.vscode-server/extensions/ms-vsliveshare.vsliveshare-1.0.5918/extension.js:94:295723)
	at /home/student/.vscode-server/extensions/ms-vsliveshare.vsliveshare-1.0.5918/extension.js:94:323037
	at Array.forEach (<anonymous>)
	at CoEditing.fileServiceFilesChanged (/home/student/.vscode-server/extensions/ms-vsliveshare.vsliveshare-1.0.5918/extension.js:94:323025)
	at /home/student/.vscode-server/extensions/ms-vsliveshare.vsliveshare-1.0.5918/extension.js:94:306998
	at CallbackList.invoke (/home/student/.vscode-server/extensions/ms-vsliveshare.vsliveshare-1.0.5918/extension.js:94:1652831)
	at Emitter.fire (/home/student/.vscode-server/extensions/ms-vsliveshare.vsliveshare-1.0.5918/extension.js:94:1653584)
	at /home/student/.vscode-server/extensions/ms-vsliveshare.vsliveshare-1.0.5918/extension.js:94:1196235
	at handleNotification (/home/student/.vscode-server/extensions/ms-vsliveshare.vsliveshare-1.0.5918/extension.js:94:1663569)
	at processMessageQueue (/home/student/.vscode-server/extensions/ms-vsliveshare.vsliveshare-1.0.5918/extension.js:94:1663825)
	at Immediate.<anonymous> (/home/student/.vscode-server/extensions/ms-vsliveshare.vsliveshare-1.0.5918/extension.js:94:1665476)
	at process.processImmediate (node:internal/timers:476:21)
2024-05-31 13:11:07.854 [error] TypeError: Cannot read properties of null (reading 'fileName')
	at CoEditing.<anonymous> (/home/student/.vscode-server/extensions/ms-vsliveshare.vsliveshare-1.0.5918/extension.js:94:324379)
	at Generator.next (<anonymous>)
	at /home/student/.vscode-server/extensions/ms-vsliveshare.vsliveshare-1.0.5918/extension.js:94:296037
	at new Promise (<anonymous>)
	at v (/home/student/.vscode-server/extensions/ms-vsliveshare.vsliveshare-1.0.5918/extension.js:94:295723)
	at /home/student/.vscode-server/extensions/ms-vsliveshare.vsliveshare-1.0.5918/extension.js:94:323037
	at Array.forEach (<anonymous>)
	at CoEditing.fileServiceFilesChanged (/home/student/.vscode-server/extensions/ms-vsliveshare.vsliveshare-1.0.5918/extension.js:94:323025)
	at /home/student/.vscode-server/extensions/ms-vsliveshare.vsliveshare-1.0.5918/extension.js:94:306998
	at CallbackList.invoke (/home/student/.vscode-server/extensions/ms-vsliveshare.vsliveshare-1.0.5918/extension.js:94:1652831)
	at Emitter.fire (/home/student/.vscode-server/extensions/ms-vsliveshare.vsliveshare-1.0.5918/extension.js:94:1653584)
	at /home/student/.vscode-server/extensions/ms-vsliveshare.vsliveshare-1.0.5918/extension.js:94:1196235
	at handleNotification (/home/student/.vscode-server/extensions/ms-vsliveshare.vsliveshare-1.0.5918/extension.js:94:1663569)
	at processMessageQueue (/home/student/.vscode-server/extensions/ms-vsliveshare.vsliveshare-1.0.5918/extension.js:94:1663825)
	at Immediate.<anonymous> (/home/student/.vscode-server/extensions/ms-vsliveshare.vsliveshare-1.0.5918/extension.js:94:1665476)
	at process.processImmediate (node:internal/timers:476:21)
2024-05-31 13:12:44.290 [info] Extension host terminating: renderer disconnected for too long (2)
2024-05-31 13:12:44.330 [info] Lock '/home/student/.vscode-server/data/User/workspaceStorage/404aa306607452d73f441395f4ef8961/vscode.lock': Marking the lockfile as scheduled to be released in 6000 ms.
2024-05-31 13:12:44.416 [warning] Canceled
2024-05-31 13:12:44.416 [warning] Canceled
2024-05-31 13:12:44.416 [warning] Canceled
2024-05-31 13:12:44.541 [error] Error: Channel has been closed
	at r (/home/student/.vscode-server/cli/servers/Stable-dc96b837cf6bb4af9cd736aa3af08cf8279f7685/server/out/vs/workbench/api/node/extensionHostProcess.js:158:2490)
	at Object.appendLine (/home/student/.vscode-server/cli/servers/Stable-dc96b837cf6bb4af9cd736aa3af08cf8279f7685/server/out/vs/workbench/api/node/extensionHostProcess.js:158:2608)
	at w.logOutputMessage (/home/student/.vscode-server/cli/servers/Stable-dc96b837cf6bb4af9cd736aa3af08cf8279f7685/server/extensions/html-language-features/client/dist/node/htmlClientMain.js:1:255662)
	at w.info (/home/student/.vscode-server/cli/servers/Stable-dc96b837cf6bb4af9cd736aa3af08cf8279f7685/server/extensions/html-language-features/client/dist/node/htmlClientMain.js:1:255395)
	at ChildProcess.<anonymous> (/home/student/.vscode-server/cli/servers/Stable-dc96b837cf6bb4af9cd736aa3af08cf8279f7685/server/extensions/html-language-features/client/dist/node/htmlClientMain.js:1:439149)
	at ChildProcess.emit (node:events:517:28)
	at ChildProcess._handle.onexit (node:internal/child_process:292:12)
2024-05-31 13:12:44.677 [error] Canceled: Canceled
	at new O (/home/student/.vscode-server/cli/servers/Stable-dc96b837cf6bb4af9cd736aa3af08cf8279f7685/server/out/vs/workbench/api/node/extensionHostProcess.js:145:47131)
	at c.U (/home/student/.vscode-server/cli/servers/Stable-dc96b837cf6bb4af9cd736aa3af08cf8279f7685/server/out/vs/workbench/api/node/extensionHostProcess.js:152:5542)
	at F.<computed>.z.charCodeAt.F.<computed> (/home/student/.vscode-server/cli/servers/Stable-dc96b837cf6bb4af9cd736aa3af08cf8279f7685/server/out/vs/workbench/api/node/extensionHostProcess.js:152:2993)
	at r.g (/home/student/.vscode-server/cli/servers/Stable-dc96b837cf6bb4af9cd736aa3af08cf8279f7685/server/out/vs/workbench/api/node/extensionHostProcess.js:155:188928)
	at r.executeCommand (/home/student/.vscode-server/cli/servers/Stable-dc96b837cf6bb4af9cd736aa3af08cf8279f7685/server/out/vs/workbench/api/node/extensionHostProcess.js:155:188366)
	at E.registerCommand.description (/home/student/.vscode-server/cli/servers/Stable-dc96b837cf6bb4af9cd736aa3af08cf8279f7685/server/out/vs/workbench/api/node/extensionHostProcess.js:155:187690)
	at r.h (/home/student/.vscode-server/cli/servers/Stable-dc96b837cf6bb4af9cd736aa3af08cf8279f7685/server/out/vs/workbench/api/node/extensionHostProcess.js:155:189467)
	at r.g (/home/student/.vscode-server/cli/servers/Stable-dc96b837cf6bb4af9cd736aa3af08cf8279f7685/server/out/vs/workbench/api/node/extensionHostProcess.js:155:188459)
	at r.executeCommand (/home/student/.vscode-server/cli/servers/Stable-dc96b837cf6bb4af9cd736aa3af08cf8279f7685/server/out/vs/workbench/api/node/extensionHostProcess.js:155:188366)
	at Object.executeCommand (/home/student/.vscode-server/cli/servers/Stable-dc96b837cf6bb4af9cd736aa3af08cf8279f7685/server/out/vs/workbench/api/node/extensionHostProcess.js:165:22673)
	at ExtensionUtil.<anonymous> (/home/student/.vscode-server/extensions/ms-vsliveshare.vsliveshare-1.0.5918/extension.js:94:712938)
	at Generator.next (<anonymous>)
	at /home/student/.vscode-server/extensions/ms-vsliveshare.vsliveshare-1.0.5918/extension.js:94:711653
	at new Promise (<anonymous>)
	at v (/home/student/.vscode-server/extensions/ms-vsliveshare.vsliveshare-1.0.5918/extension.js:94:711339)
	at ExtensionUtil.setCommandContext (/home/student/.vscode-server/extensions/ms-vsliveshare.vsliveshare-1.0.5918/extension.js:94:712854)
	at CoEditing.updatePinableCommandStatus (/home/student/.vscode-server/extensions/ms-vsliveshare.vsliveshare-1.0.5918/extension.js:94:349676)
	at CoEditing.dispose (/home/student/.vscode-server/extensions/ms-vsliveshare.vsliveshare-1.0.5918/extension.js:94:310605)
	at h.<anonymous> (/home/student/.vscode-server/extensions/ms-vsliveshare.vsliveshare-1.0.5918/extension.js:94:208020)
	at h.dispose (/home/student/.vscode-server/cli/servers/Stable-dc96b837cf6bb4af9cd736aa3af08cf8279f7685/server/out/vs/workbench/api/node/extensionHostProcess.js:153:4052)
	at /home/student/.vscode-server/extensions/ms-vsliveshare.vsliveshare-1.0.5918/extension.js:94:1263468
	at Generator.next (<anonymous>)
	at fulfilled (/home/student/.vscode-server/extensions/ms-vsliveshare.vsliveshare-1.0.5918/extension.js:94:1262567) setContext undefined
2024-05-31 13:12:44.677 [error] Canceled: Canceled
	at new O (/home/student/.vscode-server/cli/servers/Stable-dc96b837cf6bb4af9cd736aa3af08cf8279f7685/server/out/vs/workbench/api/node/extensionHostProcess.js:145:47131)
	at c.U (/home/student/.vscode-server/cli/servers/Stable-dc96b837cf6bb4af9cd736aa3af08cf8279f7685/server/out/vs/workbench/api/node/extensionHostProcess.js:152:5542)
	at F.<computed>.z.charCodeAt.F.<computed> (/home/student/.vscode-server/cli/servers/Stable-dc96b837cf6bb4af9cd736aa3af08cf8279f7685/server/out/vs/workbench/api/node/extensionHostProcess.js:152:2993)
	at r.g (/home/student/.vscode-server/cli/servers/Stable-dc96b837cf6bb4af9cd736aa3af08cf8279f7685/server/out/vs/workbench/api/node/extensionHostProcess.js:155:188928)
	at r.executeCommand (/home/student/.vscode-server/cli/servers/Stable-dc96b837cf6bb4af9cd736aa3af08cf8279f7685/server/out/vs/workbench/api/node/extensionHostProcess.js:155:188366)
	at E.registerCommand.description (/home/student/.vscode-server/cli/servers/Stable-dc96b837cf6bb4af9cd736aa3af08cf8279f7685/server/out/vs/workbench/api/node/extensionHostProcess.js:155:187690)
	at r.h (/home/student/.vscode-server/cli/servers/Stable-dc96b837cf6bb4af9cd736aa3af08cf8279f7685/server/out/vs/workbench/api/node/extensionHostProcess.js:155:189467)
	at r.g (/home/student/.vscode-server/cli/servers/Stable-dc96b837cf6bb4af9cd736aa3af08cf8279f7685/server/out/vs/workbench/api/node/extensionHostProcess.js:155:188459)
	at r.executeCommand (/home/student/.vscode-server/cli/servers/Stable-dc96b837cf6bb4af9cd736aa3af08cf8279f7685/server/out/vs/workbench/api/node/extensionHostProcess.js:155:188366)
	at Object.executeCommand (/home/student/.vscode-server/cli/servers/Stable-dc96b837cf6bb4af9cd736aa3af08cf8279f7685/server/out/vs/workbench/api/node/extensionHostProcess.js:165:22673)
	at ExtensionUtil.<anonymous> (/home/student/.vscode-server/extensions/ms-vsliveshare.vsliveshare-1.0.5918/extension.js:94:712938)
	at Generator.next (<anonymous>)
	at /home/student/.vscode-server/extensions/ms-vsliveshare.vsliveshare-1.0.5918/extension.js:94:711653
	at new Promise (<anonymous>)
	at v (/home/student/.vscode-server/extensions/ms-vsliveshare.vsliveshare-1.0.5918/extension.js:94:711339)
	at ExtensionUtil.setCommandContext (/home/student/.vscode-server/extensions/ms-vsliveshare.vsliveshare-1.0.5918/extension.js:94:712854)
	at CoEditing.setPinned (/home/student/.vscode-server/extensions/ms-vsliveshare.vsliveshare-1.0.5918/extension.js:94:349850)
	at CoEditing.dispose (/home/student/.vscode-server/extensions/ms-vsliveshare.vsliveshare-1.0.5918/extension.js:94:310641)
	at h.<anonymous> (/home/student/.vscode-server/extensions/ms-vsliveshare.vsliveshare-1.0.5918/extension.js:94:208020)
	at h.dispose (/home/student/.vscode-server/cli/servers/Stable-dc96b837cf6bb4af9cd736aa3af08cf8279f7685/server/out/vs/workbench/api/node/extensionHostProcess.js:153:4052)
	at /home/student/.vscode-server/extensions/ms-vsliveshare.vsliveshare-1.0.5918/extension.js:94:1263468
	at Generator.next (<anonymous>)
	at fulfilled (/home/student/.vscode-server/extensions/ms-vsliveshare.vsliveshare-1.0.5918/extension.js:94:1262567) setContext undefined
2024-05-31 13:12:44.697 [error] Canceled: Canceled
	at new O (/home/student/.vscode-server/cli/servers/Stable-dc96b837cf6bb4af9cd736aa3af08cf8279f7685/server/out/vs/workbench/api/node/extensionHostProcess.js:145:47131)
	at c.U (/home/student/.vscode-server/cli/servers/Stable-dc96b837cf6bb4af9cd736aa3af08cf8279f7685/server/out/vs/workbench/api/node/extensionHostProcess.js:152:5542)
	at F.<computed>.z.charCodeAt.F.<computed> (/home/student/.vscode-server/cli/servers/Stable-dc96b837cf6bb4af9cd736aa3af08cf8279f7685/server/out/vs/workbench/api/node/extensionHostProcess.js:152:2993)
	at r.g (/home/student/.vscode-server/cli/servers/Stable-dc96b837cf6bb4af9cd736aa3af08cf8279f7685/server/out/vs/workbench/api/node/extensionHostProcess.js:155:188928)
	at r.executeCommand (/home/student/.vscode-server/cli/servers/Stable-dc96b837cf6bb4af9cd736aa3af08cf8279f7685/server/out/vs/workbench/api/node/extensionHostProcess.js:155:188366)
	at E.registerCommand.description (/home/student/.vscode-server/cli/servers/Stable-dc96b837cf6bb4af9cd736aa3af08cf8279f7685/server/out/vs/workbench/api/node/extensionHostProcess.js:155:187690)
	at r.h (/home/student/.vscode-server/cli/servers/Stable-dc96b837cf6bb4af9cd736aa3af08cf8279f7685/server/out/vs/workbench/api/node/extensionHostProcess.js:155:189467)
	at r.g (/home/student/.vscode-server/cli/servers/Stable-dc96b837cf6bb4af9cd736aa3af08cf8279f7685/server/out/vs/workbench/api/node/extensionHostProcess.js:155:188459)
	at r.executeCommand (/home/student/.vscode-server/cli/servers/Stable-dc96b837cf6bb4af9cd736aa3af08cf8279f7685/server/out/vs/workbench/api/node/extensionHostProcess.js:155:188366)
	at Object.executeCommand (/home/student/.vscode-server/cli/servers/Stable-dc96b837cf6bb4af9cd736aa3af08cf8279f7685/server/out/vs/workbench/api/node/extensionHostProcess.js:165:22673)
	at GuestSourceControlManager.updateSourceControlCountContext (/home/student/.vscode-server/extensions/ms-vsliveshare.vsliveshare-1.0.5918/extension.js:94:1008165)
	at GuestSourceControlManager.disposeSourceControls (/home/student/.vscode-server/extensions/ms-vsliveshare.vsliveshare-1.0.5918/extension.js:94:1005416)
	at GuestSourceControlManager.<anonymous> (/home/student/.vscode-server/extensions/ms-vsliveshare.vsliveshare-1.0.5918/extension.js:94:1004350)
	at Generator.next (<anonymous>)
	at /home/student/.vscode-server/extensions/ms-vsliveshare.vsliveshare-1.0.5918/extension.js:94:992040
	at new Promise (<anonymous>)
	at C (/home/student/.vscode-server/extensions/ms-vsliveshare.vsliveshare-1.0.5918/extension.js:94:991726)
	at GuestSourceControlManager.dispose (/home/student/.vscode-server/extensions/ms-vsliveshare.vsliveshare-1.0.5918/extension.js:94:1004278)
	at /home/student/.vscode-server/extensions/ms-vsliveshare.vsliveshare-1.0.5918/extension.js:94:1263468
	at Generator.next (<anonymous>)
	at fulfilled (/home/student/.vscode-server/extensions/ms-vsliveshare.vsliveshare-1.0.5918/extension.js:94:1262567)
	at process.processTicksAndRejections (node:internal/process/task_queues:95:5) setContext undefined
2024-05-31 13:12:44.698 [error] Canceled: Canceled
	at new O (/home/student/.vscode-server/cli/servers/Stable-dc96b837cf6bb4af9cd736aa3af08cf8279f7685/server/out/vs/workbench/api/node/extensionHostProcess.js:145:47131)
	at c.U (/home/student/.vscode-server/cli/servers/Stable-dc96b837cf6bb4af9cd736aa3af08cf8279f7685/server/out/vs/workbench/api/node/extensionHostProcess.js:152:5542)
	at F.<computed>.z.charCodeAt.F.<computed> (/home/student/.vscode-server/cli/servers/Stable-dc96b837cf6bb4af9cd736aa3af08cf8279f7685/server/out/vs/workbench/api/node/extensionHostProcess.js:152:2993)
	at r.g (/home/student/.vscode-server/cli/servers/Stable-dc96b837cf6bb4af9cd736aa3af08cf8279f7685/server/out/vs/workbench/api/node/extensionHostProcess.js:155:188928)
	at r.executeCommand (/home/student/.vscode-server/cli/servers/Stable-dc96b837cf6bb4af9cd736aa3af08cf8279f7685/server/out/vs/workbench/api/node/extensionHostProcess.js:155:188366)
	at E.registerCommand.description (/home/student/.vscode-server/cli/servers/Stable-dc96b837cf6bb4af9cd736aa3af08cf8279f7685/server/out/vs/workbench/api/node/extensionHostProcess.js:155:187690)
	at r.h (/home/student/.vscode-server/cli/servers/Stable-dc96b837cf6bb4af9cd736aa3af08cf8279f7685/server/out/vs/workbench/api/node/extensionHostProcess.js:155:189467)
	at r.g (/home/student/.vscode-server/cli/servers/Stable-dc96b837cf6bb4af9cd736aa3af08cf8279f7685/server/out/vs/workbench/api/node/extensionHostProcess.js:155:188459)
	at r.executeCommand (/home/student/.vscode-server/cli/servers/Stable-dc96b837cf6bb4af9cd736aa3af08cf8279f7685/server/out/vs/workbench/api/node/extensionHostProcess.js:155:188366)
	at Object.executeCommand (/home/student/.vscode-server/cli/servers/Stable-dc96b837cf6bb4af9cd736aa3af08cf8279f7685/server/out/vs/workbench/api/node/extensionHostProcess.js:165:22673)
	at ExtensionUtil.<anonymous> (/home/student/.vscode-server/extensions/ms-vsliveshare.vsliveshare-1.0.5918/extension.js:94:712938)
	at Generator.next (<anonymous>)
	at /home/student/.vscode-server/extensions/ms-vsliveshare.vsliveshare-1.0.5918/extension.js:94:711653
	at new Promise (<anonymous>)
	at v (/home/student/.vscode-server/extensions/ms-vsliveshare.vsliveshare-1.0.5918/extension.js:94:711339)
	at ExtensionUtil.setCommandContext (/home/student/.vscode-server/extensions/ms-vsliveshare.vsliveshare-1.0.5918/extension.js:94:712854)
	at SessionContext.onSessionStateChanged (/home/student/.vscode-server/extensions/ms-vsliveshare.vsliveshare-1.0.5918/extension.js:94:209666)
	at o.y (/home/student/.vscode-server/cli/servers/Stable-dc96b837cf6bb4af9cd736aa3af08cf8279f7685/server/out/vs/workbench/api/node/extensionHostProcess.js:82:660)
	at o.z (/home/student/.vscode-server/cli/servers/Stable-dc96b837cf6bb4af9cd736aa3af08cf8279f7685/server/out/vs/workbench/api/node/extensionHostProcess.js:82:730)
	at o.fire (/home/student/.vscode-server/cli/servers/Stable-dc96b837cf6bb4af9cd736aa3af08cf8279f7685/server/out/vs/workbench/api/node/extensionHostProcess.js:82:946)
	at SessionStateTracker.setState (/home/student/.vscode-server/extensions/ms-vsliveshare.vsliveshare-1.0.5918/extension.js:94:214149)
	at SessionStateTracker.transition (/home/student/.vscode-server/extensions/ms-vsliveshare.vsliveshare-1.0.5918/extension.js:94:213858)
	at LeaveCollaborationCommand.invoke (/home/student/.vscode-server/extensions/ms-vsliveshare.vsliveshare-1.0.5918/extension.js:94:2016311)
	at process.processTicksAndRejections (node:internal/process/task_queues:95:5) setContext undefined
2024-05-31 13:12:44.698 [error] Canceled: Canceled
	at new O (/home/student/.vscode-server/cli/servers/Stable-dc96b837cf6bb4af9cd736aa3af08cf8279f7685/server/out/vs/workbench/api/node/extensionHostProcess.js:145:47131)
	at c.U (/home/student/.vscode-server/cli/servers/Stable-dc96b837cf6bb4af9cd736aa3af08cf8279f7685/server/out/vs/workbench/api/node/extensionHostProcess.js:152:5542)
	at F.<computed>.z.charCodeAt.F.<computed> (/home/student/.vscode-server/cli/servers/Stable-dc96b837cf6bb4af9cd736aa3af08cf8279f7685/server/out/vs/workbench/api/node/extensionHostProcess.js:152:2993)
	at r.g (/home/student/.vscode-server/cli/servers/Stable-dc96b837cf6bb4af9cd736aa3af08cf8279f7685/server/out/vs/workbench/api/node/extensionHostProcess.js:155:188928)
	at r.executeCommand (/home/student/.vscode-server/cli/servers/Stable-dc96b837cf6bb4af9cd736aa3af08cf8279f7685/server/out/vs/workbench/api/node/extensionHostProcess.js:155:188366)
	at E.registerCommand.description (/home/student/.vscode-server/cli/servers/Stable-dc96b837cf6bb4af9cd736aa3af08cf8279f7685/server/out/vs/workbench/api/node/extensionHostProcess.js:155:187690)
	at r.h (/home/student/.vscode-server/cli/servers/Stable-dc96b837cf6bb4af9cd736aa3af08cf8279f7685/server/out/vs/workbench/api/node/extensionHostProcess.js:155:189467)
	at r.g (/home/student/.vscode-server/cli/servers/Stable-dc96b837cf6bb4af9cd736aa3af08cf8279f7685/server/out/vs/workbench/api/node/extensionHostProcess.js:155:188459)
	at r.executeCommand (/home/student/.vscode-server/cli/servers/Stable-dc96b837cf6bb4af9cd736aa3af08cf8279f7685/server/out/vs/workbench/api/node/extensionHostProcess.js:155:188366)
	at Object.executeCommand (/home/student/.vscode-server/cli/servers/Stable-dc96b837cf6bb4af9cd736aa3af08cf8279f7685/server/out/vs/workbench/api/node/extensionHostProcess.js:165:22673)
	at ExtensionUtil.<anonymous> (/home/student/.vscode-server/extensions/ms-vsliveshare.vsliveshare-1.0.5918/extension.js:94:712938)
	at Generator.next (<anonymous>)
	at /home/student/.vscode-server/extensions/ms-vsliveshare.vsliveshare-1.0.5918/extension.js:94:711653
	at new Promise (<anonymous>)
	at v (/home/student/.vscode-server/extensions/ms-vsliveshare.vsliveshare-1.0.5918/extension.js:94:711339)
	at ExtensionUtil.setCommandContext (/home/student/.vscode-server/extensions/ms-vsliveshare.vsliveshare-1.0.5918/extension.js:94:712854)
	at SessionContext.onSessionStateChanged (/home/student/.vscode-server/extensions/ms-vsliveshare.vsliveshare-1.0.5918/extension.js:94:209737)
	at o.y (/home/student/.vscode-server/cli/servers/Stable-dc96b837cf6bb4af9cd736aa3af08cf8279f7685/server/out/vs/workbench/api/node/extensionHostProcess.js:82:660)
	at o.z (/home/student/.vscode-server/cli/servers/Stable-dc96b837cf6bb4af9cd736aa3af08cf8279f7685/server/out/vs/workbench/api/node/extensionHostProcess.js:82:730)
	at o.fire (/home/student/.vscode-server/cli/servers/Stable-dc96b837cf6bb4af9cd736aa3af08cf8279f7685/server/out/vs/workbench/api/node/extensionHostProcess.js:82:946)
	at SessionStateTracker.setState (/home/student/.vscode-server/extensions/ms-vsliveshare.vsliveshare-1.0.5918/extension.js:94:214149)
	at SessionStateTracker.transition (/home/student/.vscode-server/extensions/ms-vsliveshare.vsliveshare-1.0.5918/extension.js:94:213858)
	at LeaveCollaborationCommand.invoke (/home/student/.vscode-server/extensions/ms-vsliveshare.vsliveshare-1.0.5918/extension.js:94:2016311)
	at process.processTicksAndRejections (node:internal/process/task_queues:95:5) setContext undefined
2024-05-31 13:12:44.699 [error] Canceled: Canceled
	at new O (/home/student/.vscode-server/cli/servers/Stable-dc96b837cf6bb4af9cd736aa3af08cf8279f7685/server/out/vs/workbench/api/node/extensionHostProcess.js:145:47131)
	at c.U (/home/student/.vscode-server/cli/servers/Stable-dc96b837cf6bb4af9cd736aa3af08cf8279f7685/server/out/vs/workbench/api/node/extensionHostProcess.js:152:5542)
	at F.<computed>.z.charCodeAt.F.<computed> (/home/student/.vscode-server/cli/servers/Stable-dc96b837cf6bb4af9cd736aa3af08cf8279f7685/server/out/vs/workbench/api/node/extensionHostProcess.js:152:2993)
	at r.g (/home/student/.vscode-server/cli/servers/Stable-dc96b837cf6bb4af9cd736aa3af08cf8279f7685/server/out/vs/workbench/api/node/extensionHostProcess.js:155:188928)
	at r.executeCommand (/home/student/.vscode-server/cli/servers/Stable-dc96b837cf6bb4af9cd736aa3af08cf8279f7685/server/out/vs/workbench/api/node/extensionHostProcess.js:155:188366)
	at E.registerCommand.description (/home/student/.vscode-server/cli/servers/Stable-dc96b837cf6bb4af9cd736aa3af08cf8279f7685/server/out/vs/workbench/api/node/extensionHostProcess.js:155:187690)
	at r.h (/home/student/.vscode-server/cli/servers/Stable-dc96b837cf6bb4af9cd736aa3af08cf8279f7685/server/out/vs/workbench/api/node/extensionHostProcess.js:155:189467)
	at r.g (/home/student/.vscode-server/cli/servers/Stable-dc96b837cf6bb4af9cd736aa3af08cf8279f7685/server/out/vs/workbench/api/node/extensionHostProcess.js:155:188459)
	at r.executeCommand (/home/student/.vscode-server/cli/servers/Stable-dc96b837cf6bb4af9cd736aa3af08cf8279f7685/server/out/vs/workbench/api/node/extensionHostProcess.js:155:188366)
	at Object.executeCommand (/home/student/.vscode-server/cli/servers/Stable-dc96b837cf6bb4af9cd736aa3af08cf8279f7685/server/out/vs/workbench/api/node/extensionHostProcess.js:165:22673)
	at ExtensionUtil.<anonymous> (/home/student/.vscode-server/extensions/ms-vsliveshare.vsliveshare-1.0.5918/extension.js:94:712938)
	at Generator.next (<anonymous>)
	at /home/student/.vscode-server/extensions/ms-vsliveshare.vsliveshare-1.0.5918/extension.js:94:711653
	at new Promise (<anonymous>)
	at v (/home/student/.vscode-server/extensions/ms-vsliveshare.vsliveshare-1.0.5918/extension.js:94:711339)
	at ExtensionUtil.setCommandContext (/home/student/.vscode-server/extensions/ms-vsliveshare.vsliveshare-1.0.5918/extension.js:94:712854)
	at set hasCollaborators [as hasCollaborators] (/home/student/.vscode-server/extensions/ms-vsliveshare.vsliveshare-1.0.5918/extension.js:94:210176)
	at CollaboratorManager.dispose (/home/student/.vscode-server/extensions/ms-vsliveshare.vsliveshare-1.0.5918/extension.js:94:166819)
	at SessionContext.disposeCoEditingContext (/home/student/.vscode-server/extensions/ms-vsliveshare.vsliveshare-1.0.5918/extension.js:94:208666)
	at SessionContext.onSessionStateChanged (/home/student/.vscode-server/extensions/ms-vsliveshare.vsliveshare-1.0.5918/extension.js:94:209897)
	at o.y (/home/student/.vscode-server/cli/servers/Stable-dc96b837cf6bb4af9cd736aa3af08cf8279f7685/server/out/vs/workbench/api/node/extensionHostProcess.js:82:660)
	at o.z (/home/student/.vscode-server/cli/servers/Stable-dc96b837cf6bb4af9cd736aa3af08cf8279f7685/server/out/vs/workbench/api/node/extensionHostProcess.js:82:730)
	at o.fire (/home/student/.vscode-server/cli/servers/Stable-dc96b837cf6bb4af9cd736aa3af08cf8279f7685/server/out/vs/workbench/api/node/extensionHostProcess.js:82:946)
	at SessionStateTracker.setState (/home/student/.vscode-server/extensions/ms-vsliveshare.vsliveshare-1.0.5918/extension.js:94:214149)
	at SessionStateTracker.transition (/home/student/.vscode-server/extensions/ms-vsliveshare.vsliveshare-1.0.5918/extension.js:94:213858)
	at LeaveCollaborationCommand.invoke (/home/student/.vscode-server/extensions/ms-vsliveshare.vsliveshare-1.0.5918/extension.js:94:2016311)
	at process.processTicksAndRejections (node:internal/process/task_queues:95:5) setContext undefined
2024-05-31 13:12:44.699 [error] Canceled: Canceled
	at new O (/home/student/.vscode-server/cli/servers/Stable-dc96b837cf6bb4af9cd736aa3af08cf8279f7685/server/out/vs/workbench/api/node/extensionHostProcess.js:145:47131)
	at c.U (/home/student/.vscode-server/cli/servers/Stable-dc96b837cf6bb4af9cd736aa3af08cf8279f7685/server/out/vs/workbench/api/node/extensionHostProcess.js:152:5542)
	at F.<computed>.z.charCodeAt.F.<computed> (/home/student/.vscode-server/cli/servers/Stable-dc96b837cf6bb4af9cd736aa3af08cf8279f7685/server/out/vs/workbench/api/node/extensionHostProcess.js:152:2993)
	at r.g (/home/student/.vscode-server/cli/servers/Stable-dc96b837cf6bb4af9cd736aa3af08cf8279f7685/server/out/vs/workbench/api/node/extensionHostProcess.js:155:188928)
	at r.executeCommand (/home/student/.vscode-server/cli/servers/Stable-dc96b837cf6bb4af9cd736aa3af08cf8279f7685/server/out/vs/workbench/api/node/extensionHostProcess.js:155:188366)
	at E.registerCommand.description (/home/student/.vscode-server/cli/servers/Stable-dc96b837cf6bb4af9cd736aa3af08cf8279f7685/server/out/vs/workbench/api/node/extensionHostProcess.js:155:187690)
	at r.h (/home/student/.vscode-server/cli/servers/Stable-dc96b837cf6bb4af9cd736aa3af08cf8279f7685/server/out/vs/workbench/api/node/extensionHostProcess.js:155:189467)
	at r.g (/home/student/.vscode-server/cli/servers/Stable-dc96b837cf6bb4af9cd736aa3af08cf8279f7685/server/out/vs/workbench/api/node/extensionHostProcess.js:155:188459)
	at r.executeCommand (/home/student/.vscode-server/cli/servers/Stable-dc96b837cf6bb4af9cd736aa3af08cf8279f7685/server/out/vs/workbench/api/node/extensionHostProcess.js:155:188366)
	at Object.executeCommand (/home/student/.vscode-server/cli/servers/Stable-dc96b837cf6bb4af9cd736aa3af08cf8279f7685/server/out/vs/workbench/api/node/extensionHostProcess.js:165:22673)
	at ExtensionUtil.<anonymous> (/home/student/.vscode-server/extensions/ms-vsliveshare.vsliveshare-1.0.5918/extension.js:94:712938)
	at Generator.next (<anonymous>)
	at /home/student/.vscode-server/extensions/ms-vsliveshare.vsliveshare-1.0.5918/extension.js:94:711653
	at new Promise (<anonymous>)
	at v (/home/student/.vscode-server/extensions/ms-vsliveshare.vsliveshare-1.0.5918/extension.js:94:711339)
	at ExtensionUtil.setCommandContext (/home/student/.vscode-server/extensions/ms-vsliveshare.vsliveshare-1.0.5918/extension.js:94:712854)
	at set hasServersShared [as hasServersShared] (/home/student/.vscode-server/extensions/ms-vsliveshare.vsliveshare-1.0.5918/extension.js:94:208968)
	at SessionContext.onSessionStateChanged (/home/student/.vscode-server/extensions/ms-vsliveshare.vsliveshare-1.0.5918/extension.js:94:209944)
	at o.y (/home/student/.vscode-server/cli/servers/Stable-dc96b837cf6bb4af9cd736aa3af08cf8279f7685/server/out/vs/workbench/api/node/extensionHostProcess.js:82:660)
	at o.z (/home/student/.vscode-server/cli/servers/Stable-dc96b837cf6bb4af9cd736aa3af08cf8279f7685/server/out/vs/workbench/api/node/extensionHostProcess.js:82:730)
	at o.fire (/home/student/.vscode-server/cli/servers/Stable-dc96b837cf6bb4af9cd736aa3af08cf8279f7685/server/out/vs/workbench/api/node/extensionHostProcess.js:82:946)
	at SessionStateTracker.setState (/home/student/.vscode-server/extensions/ms-vsliveshare.vsliveshare-1.0.5918/extension.js:94:214149)
	at SessionStateTracker.transition (/home/student/.vscode-server/extensions/ms-vsliveshare.vsliveshare-1.0.5918/extension.js:94:213858)
	at LeaveCollaborationCommand.invoke (/home/student/.vscode-server/extensions/ms-vsliveshare.vsliveshare-1.0.5918/extension.js:94:2016311)
	at process.processTicksAndRejections (node:internal/process/task_queues:95:5) setContext undefined
2024-05-31 13:12:44.699 [error] Canceled: Canceled
	at new O (/home/student/.vscode-server/cli/servers/Stable-dc96b837cf6bb4af9cd736aa3af08cf8279f7685/server/out/vs/workbench/api/node/extensionHostProcess.js:145:47131)
	at c.U (/home/student/.vscode-server/cli/servers/Stable-dc96b837cf6bb4af9cd736aa3af08cf8279f7685/server/out/vs/workbench/api/node/extensionHostProcess.js:152:5542)
	at F.<computed>.z.charCodeAt.F.<computed> (/home/student/.vscode-server/cli/servers/Stable-dc96b837cf6bb4af9cd736aa3af08cf8279f7685/server/out/vs/workbench/api/node/extensionHostProcess.js:152:2993)
	at r.g (/home/student/.vscode-server/cli/servers/Stable-dc96b837cf6bb4af9cd736aa3af08cf8279f7685/server/out/vs/workbench/api/node/extensionHostProcess.js:155:188928)
	at r.executeCommand (/home/student/.vscode-server/cli/servers/Stable-dc96b837cf6bb4af9cd736aa3af08cf8279f7685/server/out/vs/workbench/api/node/extensionHostProcess.js:155:188366)
	at E.registerCommand.description (/home/student/.vscode-server/cli/servers/Stable-dc96b837cf6bb4af9cd736aa3af08cf8279f7685/server/out/vs/workbench/api/node/extensionHostProcess.js:155:187690)
	at r.h (/home/student/.vscode-server/cli/servers/Stable-dc96b837cf6bb4af9cd736aa3af08cf8279f7685/server/out/vs/workbench/api/node/extensionHostProcess.js:155:189467)
	at r.g (/home/student/.vscode-server/cli/servers/Stable-dc96b837cf6bb4af9cd736aa3af08cf8279f7685/server/out/vs/workbench/api/node/extensionHostProcess.js:155:188459)
	at r.executeCommand (/home/student/.vscode-server/cli/servers/Stable-dc96b837cf6bb4af9cd736aa3af08cf8279f7685/server/out/vs/workbench/api/node/extensionHostProcess.js:155:188366)
	at Object.executeCommand (/home/student/.vscode-server/cli/servers/Stable-dc96b837cf6bb4af9cd736aa3af08cf8279f7685/server/out/vs/workbench/api/node/extensionHostProcess.js:165:22673)
	at ExtensionUtil.<anonymous> (/home/student/.vscode-server/extensions/ms-vsliveshare.vsliveshare-1.0.5918/extension.js:94:712938)
	at Generator.next (<anonymous>)
	at /home/student/.vscode-server/extensions/ms-vsliveshare.vsliveshare-1.0.5918/extension.js:94:711653
	at new Promise (<anonymous>)
	at v (/home/student/.vscode-server/extensions/ms-vsliveshare.vsliveshare-1.0.5918/extension.js:94:711339)
	at ExtensionUtil.setCommandContext (/home/student/.vscode-server/extensions/ms-vsliveshare.vsliveshare-1.0.5918/extension.js:94:712854)
	at set hasSharedTerminals [as hasSharedTerminals] (/home/student/.vscode-server/extensions/ms-vsliveshare.vsliveshare-1.0.5918/extension.js:94:209148)
	at SessionContext.onSessionStateChanged (/home/student/.vscode-server/extensions/ms-vsliveshare.vsliveshare-1.0.5918/extension.js:94:209971)
	at o.y (/home/student/.vscode-server/cli/servers/Stable-dc96b837cf6bb4af9cd736aa3af08cf8279f7685/server/out/vs/workbench/api/node/extensionHostProcess.js:82:660)
	at o.z (/home/student/.vscode-server/cli/servers/Stable-dc96b837cf6bb4af9cd736aa3af08cf8279f7685/server/out/vs/workbench/api/node/extensionHostProcess.js:82:730)
	at o.fire (/home/student/.vscode-server/cli/servers/Stable-dc96b837cf6bb4af9cd736aa3af08cf8279f7685/server/out/vs/workbench/api/node/extensionHostProcess.js:82:946)
	at SessionStateTracker.setState (/home/student/.vscode-server/extensions/ms-vsliveshare.vsliveshare-1.0.5918/extension.js:94:214149)
	at SessionStateTracker.transition (/home/student/.vscode-server/extensions/ms-vsliveshare.vsliveshare-1.0.5918/extension.js:94:213858)
	at LeaveCollaborationCommand.invoke (/home/student/.vscode-server/extensions/ms-vsliveshare.vsliveshare-1.0.5918/extension.js:94:2016311)
	at process.processTicksAndRejections (node:internal/process/task_queues:95:5) setContext undefined
2024-05-31 13:12:44.700 [error] Canceled: Canceled
	at new O (/home/student/.vscode-server/cli/servers/Stable-dc96b837cf6bb4af9cd736aa3af08cf8279f7685/server/out/vs/workbench/api/node/extensionHostProcess.js:145:47131)
	at c.U (/home/student/.vscode-server/cli/servers/Stable-dc96b837cf6bb4af9cd736aa3af08cf8279f7685/server/out/vs/workbench/api/node/extensionHostProcess.js:152:5542)
	at F.<computed>.z.charCodeAt.F.<computed> (/home/student/.vscode-server/cli/servers/Stable-dc96b837cf6bb4af9cd736aa3af08cf8279f7685/server/out/vs/workbench/api/node/extensionHostProcess.js:152:2993)
	at r.g (/home/student/.vscode-server/cli/servers/Stable-dc96b837cf6bb4af9cd736aa3af08cf8279f7685/server/out/vs/workbench/api/node/extensionHostProcess.js:155:188928)
	at r.executeCommand (/home/student/.vscode-server/cli/servers/Stable-dc96b837cf6bb4af9cd736aa3af08cf8279f7685/server/out/vs/workbench/api/node/extensionHostProcess.js:155:188366)
	at E.registerCommand.description (/home/student/.vscode-server/cli/servers/Stable-dc96b837cf6bb4af9cd736aa3af08cf8279f7685/server/out/vs/workbench/api/node/extensionHostProcess.js:155:187690)
	at r.h (/home/student/.vscode-server/cli/servers/Stable-dc96b837cf6bb4af9cd736aa3af08cf8279f7685/server/out/vs/workbench/api/node/extensionHostProcess.js:155:189467)
	at r.g (/home/student/.vscode-server/cli/servers/Stable-dc96b837cf6bb4af9cd736aa3af08cf8279f7685/server/out/vs/workbench/api/node/extensionHostProcess.js:155:188459)
	at r.executeCommand (/home/student/.vscode-server/cli/servers/Stable-dc96b837cf6bb4af9cd736aa3af08cf8279f7685/server/out/vs/workbench/api/node/extensionHostProcess.js:155:188366)
	at Object.executeCommand (/home/student/.vscode-server/cli/servers/Stable-dc96b837cf6bb4af9cd736aa3af08cf8279f7685/server/out/vs/workbench/api/node/extensionHostProcess.js:165:22673)
	at ExtensionUtil.<anonymous> (/home/student/.vscode-server/extensions/ms-vsliveshare.vsliveshare-1.0.5918/extension.js:94:712938)
	at Generator.next (<anonymous>)
	at /home/student/.vscode-server/extensions/ms-vsliveshare.vsliveshare-1.0.5918/extension.js:94:711653
	at new Promise (<anonymous>)
	at v (/home/student/.vscode-server/extensions/ms-vsliveshare.vsliveshare-1.0.5918/extension.js:94:711339)
	at ExtensionUtil.setCommandContext (/home/student/.vscode-server/extensions/ms-vsliveshare.vsliveshare-1.0.5918/extension.js:94:712854)
	at a.value (/home/student/.vscode-server/extensions/ms-vsliveshare.vsliveshare-1.0.5918/extension.js:94:205724)
	at o.y (/home/student/.vscode-server/cli/servers/Stable-dc96b837cf6bb4af9cd736aa3af08cf8279f7685/server/out/vs/workbench/api/node/extensionHostProcess.js:82:660)
	at o.z (/home/student/.vscode-server/cli/servers/Stable-dc96b837cf6bb4af9cd736aa3af08cf8279f7685/server/out/vs/workbench/api/node/extensionHostProcess.js:82:730)
	at o.fire (/home/student/.vscode-server/cli/servers/Stable-dc96b837cf6bb4af9cd736aa3af08cf8279f7685/server/out/vs/workbench/api/node/extensionHostProcess.js:82:946)
	at set isReadOnly [as isReadOnly] (/home/student/.vscode-server/extensions/ms-vsliveshare.vsliveshare-1.0.5918/extension.js:94:229171)
	at SessionContext.onSessionStateChanged (/home/student/.vscode-server/extensions/ms-vsliveshare.vsliveshare-1.0.5918/extension.js:94:210015)
	at o.y (/home/student/.vscode-server/cli/servers/Stable-dc96b837cf6bb4af9cd736aa3af08cf8279f7685/server/out/vs/workbench/api/node/extensionHostProcess.js:82:660)
	at o.z (/home/student/.vscode-server/cli/servers/Stable-dc96b837cf6bb4af9cd736aa3af08cf8279f7685/server/out/vs/workbench/api/node/extensionHostProcess.js:82:730)
	at o.fire (/home/student/.vscode-server/cli/servers/Stable-dc96b837cf6bb4af9cd736aa3af08cf8279f7685/server/out/vs/workbench/api/node/extensionHostProcess.js:82:946)
	at SessionStateTracker.setState (/home/student/.vscode-server/extensions/ms-vsliveshare.vsliveshare-1.0.5918/extension.js:94:214149)
	at SessionStateTracker.transition (/home/student/.vscode-server/extensions/ms-vsliveshare.vsliveshare-1.0.5918/extension.js:94:213858)
	at LeaveCollaborationCommand.invoke (/home/student/.vscode-server/extensions/ms-vsliveshare.vsliveshare-1.0.5918/extension.js:94:2016311)
	at process.processTicksAndRejections (node:internal/process/task_queues:95:5) setContext undefined
2024-05-31 13:12:44.747 [info] Extension host with pid 40025 exiting with code 0
