2024-05-31 15:50:38.289 [info] Extension host with pid 56099 started
2024-05-31 15:50:38.306 [info] Lock '/home/student/.vscode-server/data/User/workspaceStorage/d34d55b13ffaba7adbeff2444733f56d/vscode.lock': Lock acquired.
2024-05-31 15:50:38.568 [info] ExtensionService#_doActivateExtension vscode.emmet, startup: false, activationEvent: 'onLanguage'
2024-05-31 15:50:39.156 [info] ExtensionService#_doActivateExtension vscode.git-base, startup: true, activationEvent: '*', root cause: vscode.git
2024-05-31 15:50:39.265 [info] ExtensionService#_doActivateExtension vscode.git, startup: true, activationEvent: '*'
2024-05-31 15:50:39.266 [info] ExtensionService#_doActivateExtension vscode.github, startup: true, activationEvent: '*'
2024-05-31 15:50:39.877 [info] Eager extensions activated
2024-05-31 15:50:39.880 [info] ExtensionService#_doActivateExtension vscode.debug-auto-launch, startup: false, activationEvent: 'onStartupFinished'
2024-05-31 15:50:39.882 [info] ExtensionService#_doActivateExtension vscode.merge-conflict, startup: false, activationEvent: 'onStartupFinished'
2024-05-31 15:50:40.795 [info] ExtensionService#_doActivateExtension vscode.tunnel-forwarding, startup: false, activationEvent: 'onTunnel'
2024-05-31 15:50:46.283 [info] ExtensionService#_doActivateExtension vscode.css-language-features, startup: false, activationEvent: 'onLanguage:scss'
2024-05-31 15:56:31.291 [info] ExtensionService#_doActivateExtension vscode.typescript-language-features, startup: false, activationEvent: 'onLanguage:typescriptreact'
2024-05-31 19:57:05.998 [info] Extension host terminating: renderer disconnected for too long (1)
2024-05-31 19:57:06.001 [info] Lock '/home/student/.vscode-server/data/User/workspaceStorage/d34d55b13ffaba7adbeff2444733f56d/vscode.lock': Marking the lockfile as scheduled to be released in 6000 ms.
2024-05-31 19:57:06.058 [error] Canceled: Canceled
	at Object.P [as $6] (/home/student/.vscode-server/cli/servers/Stable-dc96b837cf6bb4af9cd736aa3af08cf8279f7685/server/out/vs/workbench/api/node/extensionHostProcess.js:10:967)
	at /home/student/.vscode-server/cli/servers/Stable-dc96b837cf6bb4af9cd736aa3af08cf8279f7685/server/out/vs/workbench/api/node/extensionHostProcess.js:152:2335
	at Array.forEach (<anonymous>)
	at c.dispose (/home/student/.vscode-server/cli/servers/Stable-dc96b837cf6bb4af9cd736aa3af08cf8279f7685/server/out/vs/workbench/api/node/extensionHostProcess.js:152:2273)
	at f.terminate (/home/student/.vscode-server/cli/servers/Stable-dc96b837cf6bb4af9cd736aa3af08cf8279f7685/server/out/vs/workbench/api/node/extensionHostProcess.js:161:8061)
	at a.terminate (/home/student/.vscode-server/cli/servers/Stable-dc96b837cf6bb4af9cd736aa3af08cf8279f7685/server/out/vs/workbench/api/node/extensionHostProcess.js:165:1513)
	at t (/home/student/.vscode-server/cli/servers/Stable-dc96b837cf6bb4af9cd736aa3af08cf8279f7685/server/out/vs/workbench/api/node/extensionHostProcess.js:178:9922)
	at T.a (/home/student/.vscode-server/cli/servers/Stable-dc96b837cf6bb4af9cd736aa3af08cf8279f7685/server/out/vs/workbench/api/node/extensionHostProcess.js:178:6652)
	at T.h (/home/student/.vscode-server/cli/servers/Stable-dc96b837cf6bb4af9cd736aa3af08cf8279f7685/server/out/vs/workbench/api/node/extensionHostProcess.js:99:20709)
	at listOnTimeout (node:internal/timers:569:17)
	at process.processTimers (node:internal/timers:512:7) setContext undefined
2024-05-31 19:57:06.059 [error] Canceled: Canceled
	at Object.P [as $6] (/home/student/.vscode-server/cli/servers/Stable-dc96b837cf6bb4af9cd736aa3af08cf8279f7685/server/out/vs/workbench/api/node/extensionHostProcess.js:10:967)
	at /home/student/.vscode-server/cli/servers/Stable-dc96b837cf6bb4af9cd736aa3af08cf8279f7685/server/out/vs/workbench/api/node/extensionHostProcess.js:152:2335
	at Array.forEach (<anonymous>)
	at c.dispose (/home/student/.vscode-server/cli/servers/Stable-dc96b837cf6bb4af9cd736aa3af08cf8279f7685/server/out/vs/workbench/api/node/extensionHostProcess.js:152:2273)
	at f.terminate (/home/student/.vscode-server/cli/servers/Stable-dc96b837cf6bb4af9cd736aa3af08cf8279f7685/server/out/vs/workbench/api/node/extensionHostProcess.js:161:8061)
	at a.terminate (/home/student/.vscode-server/cli/servers/Stable-dc96b837cf6bb4af9cd736aa3af08cf8279f7685/server/out/vs/workbench/api/node/extensionHostProcess.js:165:1513)
	at t (/home/student/.vscode-server/cli/servers/Stable-dc96b837cf6bb4af9cd736aa3af08cf8279f7685/server/out/vs/workbench/api/node/extensionHostProcess.js:178:9922)
	at T.a (/home/student/.vscode-server/cli/servers/Stable-dc96b837cf6bb4af9cd736aa3af08cf8279f7685/server/out/vs/workbench/api/node/extensionHostProcess.js:178:6652)
	at T.h (/home/student/.vscode-server/cli/servers/Stable-dc96b837cf6bb4af9cd736aa3af08cf8279f7685/server/out/vs/workbench/api/node/extensionHostProcess.js:99:20709)
	at listOnTimeout (node:internal/timers:569:17)
	at process.processTimers (node:internal/timers:512:7) setContext undefined
2024-05-31 19:57:06.059 [error] Canceled: Canceled
	at Object.P [as $6] (/home/student/.vscode-server/cli/servers/Stable-dc96b837cf6bb4af9cd736aa3af08cf8279f7685/server/out/vs/workbench/api/node/extensionHostProcess.js:10:967)
	at /home/student/.vscode-server/cli/servers/Stable-dc96b837cf6bb4af9cd736aa3af08cf8279f7685/server/out/vs/workbench/api/node/extensionHostProcess.js:152:2335
	at Array.forEach (<anonymous>)
	at c.dispose (/home/student/.vscode-server/cli/servers/Stable-dc96b837cf6bb4af9cd736aa3af08cf8279f7685/server/out/vs/workbench/api/node/extensionHostProcess.js:152:2273)
	at f.terminate (/home/student/.vscode-server/cli/servers/Stable-dc96b837cf6bb4af9cd736aa3af08cf8279f7685/server/out/vs/workbench/api/node/extensionHostProcess.js:161:8061)
	at a.terminate (/home/student/.vscode-server/cli/servers/Stable-dc96b837cf6bb4af9cd736aa3af08cf8279f7685/server/out/vs/workbench/api/node/extensionHostProcess.js:165:1513)
	at t (/home/student/.vscode-server/cli/servers/Stable-dc96b837cf6bb4af9cd736aa3af08cf8279f7685/server/out/vs/workbench/api/node/extensionHostProcess.js:178:9922)
	at T.a (/home/student/.vscode-server/cli/servers/Stable-dc96b837cf6bb4af9cd736aa3af08cf8279f7685/server/out/vs/workbench/api/node/extensionHostProcess.js:178:6652)
	at T.h (/home/student/.vscode-server/cli/servers/Stable-dc96b837cf6bb4af9cd736aa3af08cf8279f7685/server/out/vs/workbench/api/node/extensionHostProcess.js:99:20709)
	at listOnTimeout (node:internal/timers:569:17)
	at process.processTimers (node:internal/timers:512:7) setContext undefined
2024-05-31 19:57:06.060 [error] Canceled: Canceled
	at new O (/home/student/.vscode-server/cli/servers/Stable-dc96b837cf6bb4af9cd736aa3af08cf8279f7685/server/out/vs/workbench/api/node/extensionHostProcess.js:145:47131)
	at c.U (/home/student/.vscode-server/cli/servers/Stable-dc96b837cf6bb4af9cd736aa3af08cf8279f7685/server/out/vs/workbench/api/node/extensionHostProcess.js:152:5542)
	at F.<computed>.z.charCodeAt.F.<computed> (/home/student/.vscode-server/cli/servers/Stable-dc96b837cf6bb4af9cd736aa3af08cf8279f7685/server/out/vs/workbench/api/node/extensionHostProcess.js:152:2993)
	at r.g (/home/student/.vscode-server/cli/servers/Stable-dc96b837cf6bb4af9cd736aa3af08cf8279f7685/server/out/vs/workbench/api/node/extensionHostProcess.js:155:188928)
	at r.executeCommand (/home/student/.vscode-server/cli/servers/Stable-dc96b837cf6bb4af9cd736aa3af08cf8279f7685/server/out/vs/workbench/api/node/extensionHostProcess.js:155:188366)
	at E.registerCommand.description (/home/student/.vscode-server/cli/servers/Stable-dc96b837cf6bb4af9cd736aa3af08cf8279f7685/server/out/vs/workbench/api/node/extensionHostProcess.js:155:187690)
	at r.h (/home/student/.vscode-server/cli/servers/Stable-dc96b837cf6bb4af9cd736aa3af08cf8279f7685/server/out/vs/workbench/api/node/extensionHostProcess.js:155:189467)
	at r.g (/home/student/.vscode-server/cli/servers/Stable-dc96b837cf6bb4af9cd736aa3af08cf8279f7685/server/out/vs/workbench/api/node/extensionHostProcess.js:155:188459)
	at r.executeCommand (/home/student/.vscode-server/cli/servers/Stable-dc96b837cf6bb4af9cd736aa3af08cf8279f7685/server/out/vs/workbench/api/node/extensionHostProcess.js:155:188366)
	at Object.executeCommand (/home/student/.vscode-server/cli/servers/Stable-dc96b837cf6bb4af9cd736aa3af08cf8279f7685/server/out/vs/workbench/api/node/extensionHostProcess.js:165:22673)
	at a.O [as value] (/home/student/.vscode-server/cli/servers/Stable-dc96b837cf6bb4af9cd736aa3af08cf8279f7685/server/extensions/git/dist/main.js:2:945138)
	at o.y (/home/student/.vscode-server/cli/servers/Stable-dc96b837cf6bb4af9cd736aa3af08cf8279f7685/server/out/vs/workbench/api/node/extensionHostProcess.js:82:660)
	at o.z (/home/student/.vscode-server/cli/servers/Stable-dc96b837cf6bb4af9cd736aa3af08cf8279f7685/server/out/vs/workbench/api/node/extensionHostProcess.js:82:730)
	at o.fire (/home/student/.vscode-server/cli/servers/Stable-dc96b837cf6bb4af9cd736aa3af08cf8279f7685/server/out/vs/workbench/api/node/extensionHostProcess.js:82:946)
	at Object.p [as dispose] (/home/student/.vscode-server/cli/servers/Stable-dc96b837cf6bb4af9cd736aa3af08cf8279f7685/server/extensions/git/dist/main.js:2:964222)
	at /home/student/.vscode-server/cli/servers/Stable-dc96b837cf6bb4af9cd736aa3af08cf8279f7685/server/extensions/git/dist/main.js:2:970260
	at Array.forEach (<anonymous>)
	at f.dispose (/home/student/.vscode-server/cli/servers/Stable-dc96b837cf6bb4af9cd736aa3af08cf8279f7685/server/extensions/git/dist/main.js:2:970246)
	at h.<anonymous> (/home/student/.vscode-server/cli/servers/Stable-dc96b837cf6bb4af9cd736aa3af08cf8279f7685/server/out/vs/workbench/api/node/extensionHostProcess.js:153:3955)
	at h.dispose (/home/student/.vscode-server/cli/servers/Stable-dc96b837cf6bb4af9cd736aa3af08cf8279f7685/server/out/vs/workbench/api/node/extensionHostProcess.js:153:4052)
	at h.<anonymous> (/home/student/.vscode-server/cli/servers/Stable-dc96b837cf6bb4af9cd736aa3af08cf8279f7685/server/extensions/git/dist/main.js:2:947395)
	at h.dispose (/home/student/.vscode-server/cli/servers/Stable-dc96b837cf6bb4af9cd736aa3af08cf8279f7685/server/out/vs/workbench/api/node/extensionHostProcess.js:153:4052)
	at a (/home/student/.vscode-server/cli/servers/Stable-dc96b837cf6bb4af9cd736aa3af08cf8279f7685/server/out/vs/workbench/api/node/extensionHostProcess.js:30:744)
	at f.eb (/home/student/.vscode-server/cli/servers/Stable-dc96b837cf6bb4af9cd736aa3af08cf8279f7685/server/out/vs/workbench/api/node/extensionHostProcess.js:161:9975)
	at /home/student/.vscode-server/cli/servers/Stable-dc96b837cf6bb4af9cd736aa3af08cf8279f7685/server/out/vs/workbench/api/node/extensionHostProcess.js:161:7824
	at Array.map (<anonymous>)
	at f.$ (/home/student/.vscode-server/cli/servers/Stable-dc96b837cf6bb4af9cd736aa3af08cf8279f7685/server/out/vs/workbench/api/node/extensionHostProcess.js:161:7811)
	at f.terminate (/home/student/.vscode-server/cli/servers/Stable-dc96b837cf6bb4af9cd736aa3af08cf8279f7685/server/out/vs/workbench/api/node/extensionHostProcess.js:161:8085)
	at a.terminate (/home/student/.vscode-server/cli/servers/Stable-dc96b837cf6bb4af9cd736aa3af08cf8279f7685/server/out/vs/workbench/api/node/extensionHostProcess.js:165:1513)
	at t (/home/student/.vscode-server/cli/servers/Stable-dc96b837cf6bb4af9cd736aa3af08cf8279f7685/server/out/vs/workbench/api/node/extensionHostProcess.js:178:9922)
	at T.a (/home/student/.vscode-server/cli/servers/Stable-dc96b837cf6bb4af9cd736aa3af08cf8279f7685/server/out/vs/workbench/api/node/extensionHostProcess.js:178:6652)
	at T.h (/home/student/.vscode-server/cli/servers/Stable-dc96b837cf6bb4af9cd736aa3af08cf8279f7685/server/out/vs/workbench/api/node/extensionHostProcess.js:99:20709)
	at listOnTimeout (node:internal/timers:569:17)
	at process.processTimers (node:internal/timers:512:7) setContext undefined
2024-05-31 19:57:06.068 [error] Canceled: Canceled
	at new O (/home/student/.vscode-server/cli/servers/Stable-dc96b837cf6bb4af9cd736aa3af08cf8279f7685/server/out/vs/workbench/api/node/extensionHostProcess.js:145:47131)
	at c.U (/home/student/.vscode-server/cli/servers/Stable-dc96b837cf6bb4af9cd736aa3af08cf8279f7685/server/out/vs/workbench/api/node/extensionHostProcess.js:152:5542)
	at F.<computed>.z.charCodeAt.F.<computed> (/home/student/.vscode-server/cli/servers/Stable-dc96b837cf6bb4af9cd736aa3af08cf8279f7685/server/out/vs/workbench/api/node/extensionHostProcess.js:152:2993)
	at r.g (/home/student/.vscode-server/cli/servers/Stable-dc96b837cf6bb4af9cd736aa3af08cf8279f7685/server/out/vs/workbench/api/node/extensionHostProcess.js:155:188928)
	at r.executeCommand (/home/student/.vscode-server/cli/servers/Stable-dc96b837cf6bb4af9cd736aa3af08cf8279f7685/server/out/vs/workbench/api/node/extensionHostProcess.js:155:188366)
	at E.registerCommand.description (/home/student/.vscode-server/cli/servers/Stable-dc96b837cf6bb4af9cd736aa3af08cf8279f7685/server/out/vs/workbench/api/node/extensionHostProcess.js:155:187690)
	at r.h (/home/student/.vscode-server/cli/servers/Stable-dc96b837cf6bb4af9cd736aa3af08cf8279f7685/server/out/vs/workbench/api/node/extensionHostProcess.js:155:189467)
	at r.g (/home/student/.vscode-server/cli/servers/Stable-dc96b837cf6bb4af9cd736aa3af08cf8279f7685/server/out/vs/workbench/api/node/extensionHostProcess.js:155:188459)
	at r.executeCommand (/home/student/.vscode-server/cli/servers/Stable-dc96b837cf6bb4af9cd736aa3af08cf8279f7685/server/out/vs/workbench/api/node/extensionHostProcess.js:155:188366)
	at Object.executeCommand (/home/student/.vscode-server/cli/servers/Stable-dc96b837cf6bb4af9cd736aa3af08cf8279f7685/server/out/vs/workbench/api/node/extensionHostProcess.js:165:22673)
	at set hasGitHubRepositories [as hasGitHubRepositories] (/home/student/.vscode-server/cli/servers/Stable-dc96b837cf6bb4af9cd736aa3af08cf8279f7685/server/extensions/github/dist/extension.js:2:322969)
	at /home/student/.vscode-server/cli/servers/Stable-dc96b837cf6bb4af9cd736aa3af08cf8279f7685/server/extensions/github/dist/extension.js:2:323928
	at a.value (/home/student/.vscode-server/cli/servers/Stable-dc96b837cf6bb4af9cd736aa3af08cf8279f7685/server/extensions/git/dist/main.js:2:1050711)
	at o.y (/home/student/.vscode-server/cli/servers/Stable-dc96b837cf6bb4af9cd736aa3af08cf8279f7685/server/out/vs/workbench/api/node/extensionHostProcess.js:82:660)
	at o.z (/home/student/.vscode-server/cli/servers/Stable-dc96b837cf6bb4af9cd736aa3af08cf8279f7685/server/out/vs/workbench/api/node/extensionHostProcess.js:82:730)
	at o.fire (/home/student/.vscode-server/cli/servers/Stable-dc96b837cf6bb4af9cd736aa3af08cf8279f7685/server/out/vs/workbench/api/node/extensionHostProcess.js:82:946)
	at Object.p [as dispose] (/home/student/.vscode-server/cli/servers/Stable-dc96b837cf6bb4af9cd736aa3af08cf8279f7685/server/extensions/git/dist/main.js:2:964222)
	at /home/student/.vscode-server/cli/servers/Stable-dc96b837cf6bb4af9cd736aa3af08cf8279f7685/server/extensions/git/dist/main.js:2:970260
	at Array.forEach (<anonymous>)
	at f.dispose (/home/student/.vscode-server/cli/servers/Stable-dc96b837cf6bb4af9cd736aa3af08cf8279f7685/server/extensions/git/dist/main.js:2:970246)
	at h.<anonymous> (/home/student/.vscode-server/cli/servers/Stable-dc96b837cf6bb4af9cd736aa3af08cf8279f7685/server/out/vs/workbench/api/node/extensionHostProcess.js:153:3955)
	at h.dispose (/home/student/.vscode-server/cli/servers/Stable-dc96b837cf6bb4af9cd736aa3af08cf8279f7685/server/out/vs/workbench/api/node/extensionHostProcess.js:153:4052)
	at h.<anonymous> (/home/student/.vscode-server/cli/servers/Stable-dc96b837cf6bb4af9cd736aa3af08cf8279f7685/server/extensions/git/dist/main.js:2:947395)
	at h.dispose (/home/student/.vscode-server/cli/servers/Stable-dc96b837cf6bb4af9cd736aa3af08cf8279f7685/server/out/vs/workbench/api/node/extensionHostProcess.js:153:4052)
	at a (/home/student/.vscode-server/cli/servers/Stable-dc96b837cf6bb4af9cd736aa3af08cf8279f7685/server/out/vs/workbench/api/node/extensionHostProcess.js:30:744)
	at f.eb (/home/student/.vscode-server/cli/servers/Stable-dc96b837cf6bb4af9cd736aa3af08cf8279f7685/server/out/vs/workbench/api/node/extensionHostProcess.js:161:9975)
	at /home/student/.vscode-server/cli/servers/Stable-dc96b837cf6bb4af9cd736aa3af08cf8279f7685/server/out/vs/workbench/api/node/extensionHostProcess.js:161:7824
	at Array.map (<anonymous>)
	at f.$ (/home/student/.vscode-server/cli/servers/Stable-dc96b837cf6bb4af9cd736aa3af08cf8279f7685/server/out/vs/workbench/api/node/extensionHostProcess.js:161:7811)
	at f.terminate (/home/student/.vscode-server/cli/servers/Stable-dc96b837cf6bb4af9cd736aa3af08cf8279f7685/server/out/vs/workbench/api/node/extensionHostProcess.js:161:8085)
	at a.terminate (/home/student/.vscode-server/cli/servers/Stable-dc96b837cf6bb4af9cd736aa3af08cf8279f7685/server/out/vs/workbench/api/node/extensionHostProcess.js:165:1513)
	at t (/home/student/.vscode-server/cli/servers/Stable-dc96b837cf6bb4af9cd736aa3af08cf8279f7685/server/out/vs/workbench/api/node/extensionHostProcess.js:178:9922)
	at T.a (/home/student/.vscode-server/cli/servers/Stable-dc96b837cf6bb4af9cd736aa3af08cf8279f7685/server/out/vs/workbench/api/node/extensionHostProcess.js:178:6652)
	at T.h (/home/student/.vscode-server/cli/servers/Stable-dc96b837cf6bb4af9cd736aa3af08cf8279f7685/server/out/vs/workbench/api/node/extensionHostProcess.js:99:20709)
	at listOnTimeout (node:internal/timers:569:17)
	at process.processTimers (node:internal/timers:512:7) setContext undefined
2024-05-31 19:57:06.071 [info] Extension host with pid 56099 exiting with code 0
