2024-05-31 11:44:05.645 [info] Log level: Info
2024-05-31 11:44:05.645 [info] Validating found git in: "git"
2024-05-31 11:44:05.645 [info] Using git "2.34.1" from "git"
2024-05-31 11:44:05.645 [info] > git rev-parse --show-toplevel [30ms]
2024-05-31 11:44:05.705 [info] > git rev-parse --git-dir --git-common-dir [72ms]
2024-05-31 11:44:05.798 [info] Open repository: /home/student
2024-05-31 11:44:06.177 [info] > git config --get commit.template [98ms]
2024-05-31 11:44:06.197 [info] > git rev-parse --show-toplevel [87ms]
2024-05-31 11:44:06.288 [info] > git for-each-ref --format=%(refname)%00%(upstream:short)%00%(objectname)%00%(upstream:track)%00%(upstream:remotename)%00%(upstream:remoteref) refs/heads/main refs/remotes/main [41ms]
2024-05-31 11:44:06.295 [info] > git rev-parse --show-toplevel [15ms]
2024-05-31 11:44:06.359 [info] > git rev-parse --show-toplevel [36ms]
2024-05-31 11:44:06.445 [info] > git rev-parse --show-toplevel [7ms]
2024-05-31 11:44:06.488 [info] > git rev-parse --show-toplevel [10ms]
2024-05-31 11:44:06.521 [info] > git rev-parse --show-toplevel [3ms]
2024-05-31 11:44:06.572 [info] > git rev-parse --show-toplevel [12ms]
2024-05-31 11:44:06.613 [info] > git rev-parse --show-toplevel [3ms]
2024-05-31 11:44:06.693 [info] > git rev-parse --show-toplevel [42ms]
2024-05-31 11:44:06.744 [info] > git check-ignore -v -z --stdin [53ms]
2024-05-31 11:44:06.746 [info] > git rev-parse --show-toplevel [26ms]
2024-05-31 11:44:06.765 [info] > git rev-parse --show-toplevel [4ms]
2024-05-31 11:44:06.783 [info] > git rev-parse --show-toplevel [3ms]
2024-05-31 11:44:06.801 [info] > git rev-parse --git-dir --git-common-dir [3ms]
2024-05-31 11:44:06.809 [info] Open repository: /home/student/S02_Coclock_working_challenge_E01-cedricRGT45
2024-05-31 11:44:06.846 [info] > git config --get commit.template [19ms]
2024-05-31 11:44:06.864 [info] > git rev-parse --show-toplevel [21ms]
2024-05-31 11:44:06.890 [info] > git for-each-ref --format=%(refname)%00%(upstream:short)%00%(objectname)%00%(upstream:track)%00%(upstream:remotename)%00%(upstream:remoteref) refs/heads/master refs/remotes/master [27ms]
2024-05-31 11:44:06.908 [warning] ENOENT: no such file or directory, open '/home/student/S02_Coclock_working_challenge_E01-cedricRGT45/.git/refs/remotes/origin/master'
2024-05-31 11:44:06.910 [info] > git rev-parse --git-dir --git-common-dir [20ms]
2024-05-31 11:44:06.920 [info] Open repository: /home/student/S03_CICD_archi_frontend
2024-05-31 11:44:07.013 [info] > git rev-parse refs/remotes/origin/master [105ms]
2024-05-31 11:44:07.086 [info] > git rev-parse --show-toplevel [59ms]
2024-05-31 11:44:07.088 [info] > git config --get commit.template [118ms]
2024-05-31 11:44:07.234 [info] > git rev-parse --git-dir --git-common-dir [68ms]
2024-05-31 11:44:07.257 [info] Open repository: /home/student/S03_challenge_E03-cedricRGT45
2024-05-31 11:44:07.359 [info] > git for-each-ref --format=%(refname)%00%(upstream:short)%00%(objectname)%00%(upstream:track)%00%(upstream:remotename)%00%(upstream:remoteref) refs/heads/master refs/remotes/master [126ms]
2024-05-31 11:44:07.421 [warning] ENOENT: no such file or directory, open '/home/student/S03_CICD_archi_frontend/.git/refs/remotes/origin/master'
2024-05-31 11:44:07.422 [info] > git rev-parse --show-toplevel [86ms]
2024-05-31 11:44:07.566 [info] > git config --get commit.template [258ms]
2024-05-31 11:44:07.590 [info] > git status -z -uall [536ms]
2024-05-31 11:44:07.591 [info] > git show --textconv :redux/redux_example/src/store/features/themes/themeSlice.ts [67ms]
2024-05-31 11:44:07.592 [info] > git rev-parse refs/remotes/origin/master [172ms]
2024-05-31 11:44:07.804 [info] > git status -z -uall [181ms]
2024-05-31 11:44:07.812 [info] > git merge-base refs/heads/master refs/remotes/origin/master [103ms]
2024-05-31 11:44:07.902 [info] > git ls-files --stage -- /home/student/redux/redux_example/src/store/features/themes/themeSlice.ts [337ms]
2024-05-31 11:44:07.922 [info] > git merge-base refs/heads/master refs/remotes/origin/master [44ms]
2024-05-31 11:44:07.943 [info] > git rev-list --count --left-right refs/heads/master...refs/remotes/origin/master [99ms]
2024-05-31 11:44:07.969 [info] > git config --get commit.template [188ms]
2024-05-31 11:44:07.970 [info] > git for-each-ref --format=%(refname)%00%(upstream:short)%00%(objectname)%00%(upstream:track)%00%(upstream:remotename)%00%(upstream:remoteref) refs/heads/master refs/remotes/master [222ms]
2024-05-31 11:44:08.204 [info] > git diff --name-status -z --diff-filter=ADMR c2231ce522b0b531a34f233a6c1944226e16b1f1...refs/remotes/origin/master [235ms]
2024-05-31 11:44:08.207 [info] > git rev-list --count --left-right refs/heads/master...refs/remotes/origin/master [264ms]
2024-05-31 11:44:08.280 [info] > git config --get commit.template [361ms]
2024-05-31 11:44:08.337 [info] > git diff --name-status -z --diff-filter=ADMR 4c00948e25e702a642836f79638d3d376e03e5ea...refs/remotes/origin/master [58ms]
2024-05-31 11:44:08.379 [info] > git for-each-ref --format=%(refname)%00%(upstream:short)%00%(objectname)%00%(upstream:track)%00%(upstream:remotename)%00%(upstream:remoteref) refs/heads/master refs/remotes/master [45ms]
2024-05-31 11:44:08.440 [warning] ENOENT: no such file or directory, open '/home/student/S02_Coclock_working_challenge_E01-cedricRGT45/.git/refs/remotes/origin/master'
2024-05-31 11:44:08.441 [info] > git for-each-ref --format=%(refname)%00%(upstream:short)%00%(objectname)%00%(upstream:track)%00%(upstream:remotename)%00%(upstream:remoteref) refs/heads/master refs/remotes/master [74ms]
2024-05-31 11:44:08.480 [warning] ENOENT: no such file or directory, open '/home/student/S03_CICD_archi_frontend/.git/refs/remotes/origin/master'
2024-05-31 11:44:08.481 [info] > git check-ignore -v -z --stdin [180ms]
2024-05-31 11:44:08.483 [info] > git status -z -uall [62ms]
2024-05-31 11:44:08.566 [info] > git merge-base refs/heads/master refs/remotes/origin/master [54ms]
2024-05-31 11:44:08.583 [info] > git rev-parse refs/remotes/origin/master [103ms]
2024-05-31 11:44:08.601 [info] > git rev-parse refs/remotes/origin/master [161ms]
2024-05-31 11:44:08.713 [info] > git status -z -uall [112ms]
2024-05-31 11:44:08.724 [info] > git rev-list --count --left-right refs/heads/master...refs/remotes/origin/master [141ms]
2024-05-31 11:44:08.745 [info] > git config --get commit.template [195ms]
2024-05-31 11:44:08.869 [info] > git status -z -uall [246ms]
2024-05-31 11:44:08.869 [info] > git diff --name-status -z --diff-filter=ADMR 975a3b72ecb66730915a439ab1fcef8b86382076...refs/remotes/origin/master [125ms]
2024-05-31 11:44:08.974 [info] > git for-each-ref --format=%(refname)%00%(upstream:short)%00%(objectname)%00%(upstream:track)%00%(upstream:remotename)%00%(upstream:remoteref) refs/heads/master refs/remotes/master [109ms]
2024-05-31 11:44:09.042 [info] > git status -z -uall [17ms]
2024-05-31 11:44:09.235 [info] > git status -z -uall [2878ms] (cancelled)
2024-05-31 11:44:09.247 [info] > git check-ignore -v -z --stdin [12ms]
2024-05-31 11:44:32.517 [info] > git show --textconv :redux/redux_example/src/App.tsx [19ms]
2024-05-31 11:44:32.521 [info] > git ls-files --stage -- /home/student/redux/redux_example/src/App.tsx [9ms]
2024-05-31 11:45:17.471 [info] > git check-ignore -v -z --stdin [13ms]
2024-05-31 11:45:27.197 [info] > git check-ignore -v -z --stdin [42ms]
2024-05-31 11:45:27.198 [info] > git check-ignore -v -z --stdin [29ms]
2024-05-31 11:45:27.199 [info] > git check-ignore -v -z --stdin [16ms]
2024-05-31 11:45:27.206 [info] > git check-ignore -v -z --stdin [11ms]
2024-05-31 11:45:28.614 [info] > git check-ignore -v -z --stdin [12ms]
2024-05-31 11:45:31.857 [info] > git check-ignore -v -z --stdin [12ms]
2024-05-31 11:45:33.133 [info] > git check-ignore -v -z --stdin [12ms]
2024-05-31 11:45:33.700 [info] > git check-ignore -v -z --stdin [15ms]
2024-05-31 11:45:34.404 [info] > git check-ignore -v -z --stdin [15ms]
2024-05-31 11:45:36.515 [info] > git check-ignore -v -z --stdin [39ms]
2024-05-31 11:45:38.966 [info] > git check-ignore -v -z --stdin [22ms]
2024-05-31 11:45:42.962 [info] > git check-ignore -v -z --stdin [59ms]
2024-05-31 11:45:54.781 [info] > git show --textconv :redux/redux_example/index.html [25ms]
2024-05-31 11:45:54.795 [info] > git ls-files --stage -- /home/student/redux/redux_example/index.html [16ms]
2024-05-31 11:51:39.788 [info] > git show --textconv :redux/redux_example/src/main.tsx [16ms]
2024-05-31 11:51:39.794 [info] > git ls-files --stage -- /home/student/redux/redux_example/src/main.tsx [8ms]
2024-05-31 11:53:14.211 [info] > git show --textconv :redux/redux_example/src/App.tsx [17ms]
2024-05-31 11:53:14.217 [info] > git ls-files --stage -- /home/student/redux/redux_example/src/App.tsx [8ms]
2024-05-31 11:53:42.490 [info] > git show --textconv :redux/redux_example/src/main.tsx [20ms]
2024-05-31 11:53:42.496 [info] > git ls-files --stage -- /home/student/redux/redux_example/src/main.tsx [10ms]
2024-05-31 11:53:55.902 [info] > git show --textconv :redux/redux_example/src/store/index.ts [24ms]
2024-05-31 11:53:55.949 [info] > git ls-files --stage -- /home/student/redux/redux_example/src/store/index.ts [55ms]
2024-05-31 11:54:09.805 [info] > git show --textconv :redux/redux_example/src/components/Enfant.tsx [20ms]
2024-05-31 11:54:09.812 [info] > git ls-files --stage -- /home/student/redux/redux_example/src/components/Enfant.tsx [9ms]
2024-05-31 11:54:17.307 [info] > git show --textconv :redux/redux_example/src/components/Parent.tsx [19ms]
2024-05-31 11:54:17.312 [info] > git ls-files --stage -- /home/student/redux/redux_example/src/components/Parent.tsx [10ms]
2024-05-31 11:54:30.444 [info] > git show --textconv :redux/redux_example/src/hooks/redux.ts [16ms]
2024-05-31 11:54:30.453 [info] > git ls-files --stage -- /home/student/redux/redux_example/src/hooks/redux.ts [12ms]
2024-05-31 11:54:44.399 [info] > git show --textconv :redux/redux_example/src/store/features/themes/themeSlice.ts [20ms]
2024-05-31 11:54:44.402 [info] > git ls-files --stage -- /home/student/redux/redux_example/src/store/features/themes/themeSlice.ts [9ms]
2024-05-31 11:55:31.621 [info] > git show --textconv :redux/redux_example/src/components/Parent.tsx [24ms]
2024-05-31 11:55:31.624 [info] > git ls-files --stage -- /home/student/redux/redux_example/src/components/Parent.tsx [13ms]
2024-05-31 11:55:33.732 [info] > git show --textconv :redux/redux_example/src/store/features/themes/themeSlice.ts [17ms]
2024-05-31 11:55:33.740 [info] > git ls-files --stage -- /home/student/redux/redux_example/src/store/features/themes/themeSlice.ts [9ms]
2024-05-31 11:55:34.442 [info] > git show --textconv :redux/redux_example/src/components/Enfant.tsx [18ms]
2024-05-31 11:55:34.451 [info] > git ls-files --stage -- /home/student/redux/redux_example/src/components/Enfant.tsx [10ms]
