2024-07-29 09:09:58.670 [info] Log level: Info
2024-07-29 09:09:58.670 [info] Validating found git in: "git"
2024-07-29 09:09:58.670 [info] Using git "2.34.1" from "git"
2024-07-29 09:09:58.670 [info] > git rev-parse --show-toplevel [38ms]
2024-07-29 09:09:58.670 [info] > git rev-parse --git-dir --git-common-dir [23ms]
2024-07-29 09:09:58.670 [info] Open repository: /home/student
2024-07-29 09:09:58.670 [info] > git rev-parse --show-toplevel [234ms]
2024-07-29 09:09:58.670 [info] > git config --get commit.template [267ms]
2024-07-29 09:09:58.691 [info] > git rev-parse --git-dir --git-common-dir [21ms]
2024-07-29 09:09:58.696 [info] Open repository: /home/student/P01-Parcours_dev-cedricRGT45
2024-07-29 09:09:58.737 [info] > git for-each-ref --format=%(refname)%00%(upstream:short)%00%(objectname)%00%(upstream:track)%00%(upstream:remotename)%00%(upstream:remoteref) refs/heads/main refs/remotes/main [48ms]
2024-07-29 09:09:58.754 [info] > git config --get commit.template [18ms]
2024-07-29 09:09:58.936 [info] > git for-each-ref --format=%(refname)%00%(upstream:short)%00%(objectname)%00%(upstream:track)%00%(upstream:remotename)%00%(upstream:remoteref) refs/heads/master refs/remotes/master [152ms]
2024-07-29 09:09:58.956 [info] > git rev-parse --show-toplevel [21ms]
2024-07-29 09:09:59.837 [info] > git status -z -uall [89ms]
2024-07-29 09:09:59.837 [info] > git rev-parse --show-toplevel [125ms]
2024-07-29 09:09:59.952 [info] > git check-ignore -v -z --stdin [219ms]
2024-07-29 09:09:59.954 [info] > git for-each-ref --format=%(refname)%00%(upstream:short)%00%(objectname)%00%(upstream:track)%00%(upstream:remotename)%00%(upstream:remoteref) refs/heads/master refs/remotes/master [57ms]
2024-07-29 09:09:59.976 [info] > git rev-parse --show-toplevel [117ms]
2024-07-29 09:10:00.007 [info] > git config --get commit.template [64ms]
2024-07-29 09:10:00.009 [info] > git config --local branch.master.vscode-merge-base [32ms]
2024-07-29 09:10:00.037 [info] > git rev-parse --show-toplevel [31ms]
2024-07-29 09:10:00.145 [info] > git for-each-ref --format=%(refname)%00%(upstream:short)%00%(objectname)%00%(upstream:track)%00%(upstream:remotename)%00%(upstream:remoteref) refs/heads/master refs/remotes/master [110ms]
2024-07-29 09:10:00.148 [info] > git for-each-ref --format=%(refname)%00%(upstream:short)%00%(objectname)%00%(upstream:track)%00%(upstream:remotename)%00%(upstream:remoteref) refs/heads/origin/master refs/remotes/origin/master [125ms]
2024-07-29 09:10:00.190 [info] > git rev-parse --show-toplevel [128ms]
2024-07-29 09:10:00.220 [info] > git merge-base refs/heads/master refs/remotes/origin/master [34ms]
2024-07-29 09:10:00.293 [info] > git rev-parse --show-toplevel [74ms]
2024-07-29 09:10:00.337 [info] > git rev-list --count --left-right refs/heads/master...refs/remotes/origin/master [99ms]
2024-07-29 09:10:00.397 [info] > git status -z -uall [136ms]
2024-07-29 09:10:00.438 [info] > git diff --name-status -z --diff-filter=ADMR b9aeda9dc5f5420772aedbe98d41cca3042ad341...refs/remotes/origin/master [89ms]
2024-07-29 09:10:00.439 [info] > git rev-parse --show-toplevel [103ms]
2024-07-29 09:10:00.534 [info] > git check-ignore -v -z --stdin [58ms]
2024-07-29 09:10:00.535 [info] > git for-each-ref --format=%(refname)%00%(upstream:short)%00%(objectname)%00%(upstream:track)%00%(upstream:remotename)%00%(upstream:remoteref) refs/heads/master refs/remotes/master [105ms]
2024-07-29 09:10:00.627 [info] > git check-ignore -v -z --stdin [130ms]
2024-07-29 09:10:00.650 [info] > git rev-parse --show-toplevel [117ms]
2024-07-29 09:10:00.711 [info] > git config --local branch.master.vscode-merge-base [144ms]
2024-07-29 09:10:00.778 [info] > git rev-parse --show-toplevel [93ms]
2024-07-29 09:10:00.812 [info] > git for-each-ref --format=%(refname)%00%(upstream:short)%00%(objectname)%00%(upstream:track)%00%(upstream:remotename)%00%(upstream:remoteref) refs/heads/origin/master refs/remotes/origin/master [63ms]
2024-07-29 09:10:00.842 [info] > git rev-parse --show-toplevel [31ms]
2024-07-29 09:10:00.920 [info] > git rev-parse --show-toplevel [48ms]
2024-07-29 09:10:00.928 [info] > git rev-parse --git-dir --git-common-dir [3ms]
2024-07-29 09:10:00.936 [info] Open repository: /home/student/P01-Atelier-cedricRGT45
2024-07-29 09:10:00.969 [info] > git show --textconv :projet/frontend/src/pages/role/Role.tsx [18ms]
2024-07-29 09:10:00.971 [info] > git ls-files --stage -- /home/student/P01-Parcours_dev-cedricRGT45/projet/frontend/src/pages/role/Role.tsx [11ms]
2024-07-29 09:10:00.979 [info] > git config --get commit.template [10ms]
2024-07-29 09:10:00.987 [info] > git cat-file -s 6b81fdedda745cef903a4d87c5711658caf362b8 [10ms]
2024-07-29 09:10:00.999 [info] > git for-each-ref --format=%(refname)%00%(upstream:short)%00%(objectname)%00%(upstream:track)%00%(upstream:remotename)%00%(upstream:remoteref) refs/heads/master refs/remotes/master [12ms]
2024-07-29 09:10:01.026 [warning] ENOENT: no such file or directory, open '/home/student/P01-Atelier-cedricRGT45/.git/refs/remotes/origin/master'
2024-07-29 09:10:01.033 [info] > git rev-parse refs/remotes/origin/master [7ms]
2024-07-29 09:10:01.075 [info] > git status -z -uall [2121ms] (cancelled)
2024-07-29 09:10:01.125 [info] > git status -z -uall [88ms]
2024-07-29 09:10:01.184 [info] > git for-each-ref --format=%(refname)%00%(upstream:short)%00%(objectname)%00%(upstream:track)%00%(upstream:remotename)%00%(upstream:remoteref) refs/heads/master refs/remotes/master [39ms]
2024-07-29 09:10:01.194 [info] > git config --get commit.template [10ms]
2024-07-29 09:10:01.209 [info] > git config --local branch.master.vscode-merge-base [17ms]
2024-07-29 09:10:01.217 [info] > git for-each-ref --format=%(refname)%00%(upstream:short)%00%(objectname)%00%(upstream:track)%00%(upstream:remotename)%00%(upstream:remoteref) refs/heads/master refs/remotes/master [10ms]
2024-07-29 09:10:01.225 [warning] ENOENT: no such file or directory, open '/home/student/P01-Atelier-cedricRGT45/.git/refs/remotes/origin/master'
2024-07-29 09:10:01.230 [info] > git for-each-ref --format=%(refname)%00%(upstream:short)%00%(objectname)%00%(upstream:track)%00%(upstream:remotename)%00%(upstream:remoteref) refs/heads/origin/master refs/remotes/origin/master [14ms]
2024-07-29 09:10:01.245 [info] > git rev-parse refs/remotes/origin/master [20ms]
2024-07-29 09:10:01.254 [info] > git merge-base refs/heads/master refs/remotes/origin/master [16ms]
2024-07-29 09:10:01.278 [info] > git rev-list --count --left-right refs/heads/master...refs/remotes/origin/master [8ms]
2024-07-29 09:10:01.286 [info] > git status -z -uall [36ms]
2024-07-29 09:10:01.304 [info] > git diff --name-status -z --diff-filter=ADMR a613dd18878647b208b6ea7b58ca1aa45040182f...refs/remotes/origin/master [17ms]
2024-07-29 09:10:01.311 [info] > git for-each-ref --format=%(refname)%00%(upstream:short)%00%(objectname)%00%(upstream:track)%00%(upstream:remotename)%00%(upstream:remoteref) refs/heads/master refs/remotes/master [16ms]
2024-07-29 09:10:01.320 [info] > git config --local branch.master.vscode-merge-base [3ms]
2024-07-29 09:10:01.333 [info] > git for-each-ref --format=%(refname)%00%(upstream:short)%00%(objectname)%00%(upstream:track)%00%(upstream:remotename)%00%(upstream:remoteref) refs/heads/origin/master refs/remotes/origin/master [5ms]
2024-07-29 09:10:01.573 [info] > git check-ignore -v -z --stdin [14ms]
2024-07-29 09:10:01.623 [info] > git check-ignore -v -z --stdin [53ms]
2024-07-29 09:10:21.052 [info] > git check-ignore -v -z --stdin [9ms]
2024-07-29 09:10:21.056 [info] > git check-ignore -v -z --stdin [5ms]
2024-07-29 09:10:21.065 [info] > git check-ignore -v -z --stdin [18ms]
2024-07-29 09:10:23.819 [info] > git check-ignore -v -z --stdin [8ms]
2024-07-29 09:10:33.481 [info] > git check-ignore -v -z --stdin [9ms]
2024-07-29 09:11:02.084 [info] > git check-ignore -v -z --stdin [3ms]
2024-07-29 09:20:31.818 [info] > git check-ignore -v -z --stdin [17ms]
2024-07-29 09:20:46.954 [info] > git check-ignore -v -z --stdin [23ms]
2024-07-29 09:20:52.567 [info] > git check-ignore -v -z --stdin [9ms]
2024-07-29 09:20:54.117 [info] > git check-ignore -v -z --stdin [12ms]
2024-07-29 09:21:12.975 [info] > git check-ignore -v -z --stdin [9ms]
2024-07-29 09:21:18.249 [info] > git check-ignore -v -z --stdin [9ms]
2024-07-29 09:24:23.352 [info] > git show --textconv :S04_TDD/projet1/@latest/package-lock.json [21ms]
2024-07-29 09:24:23.354 [info] > git ls-files --stage -- /home/student/S04_TDD/projet1/@latest/package-lock.json [9ms]
2024-07-29 09:24:41.028 [info] > git show --textconv :projet/frontend/src/pages/role/Role.tsx [6ms]
2024-07-29 09:24:41.030 [info] > git ls-files --stage -- /home/student/P01-Parcours_dev-cedricRGT45/projet/frontend/src/pages/role/Role.tsx [2ms]
2024-07-29 09:24:41.037 [info] > git cat-file -s 6b81fdedda745cef903a4d87c5711658caf362b8 [2ms]
2024-07-29 09:24:53.106 [info] > git show --textconv :projet/frontend/src/pages/App.tsx [10ms]
2024-07-29 09:24:53.111 [info] > git ls-files --stage -- /home/student/P01-Parcours_dev-cedricRGT45/projet/frontend/src/pages/App.tsx [6ms]
2024-07-29 09:24:53.129 [info] > git cat-file -s bd9073e2b523e4513b0605cde92508bfd7d3f325 [5ms]
2024-07-29 09:25:16.046 [info] > git show --textconv :S04_TDD/projet1/@latest/src/utils/function.test.js [50ms]
2024-07-29 09:25:16.062 [info] > git ls-files --stage -- /home/student/S04_TDD/projet1/@latest/src/utils/function.test.js [46ms]
2024-07-29 09:25:16.218 [info] > git check-ignore -v -z --stdin [23ms]
2024-07-29 09:27:45.852 [info] > git show --textconv :S04_TDD/projet1/@latest/src/utils/sum.test.js [28ms]
2024-07-29 09:27:45.853 [info] > git ls-files --stage -- /home/student/S04_TDD/projet1/@latest/src/utils/sum.test.js [17ms]
2024-07-29 09:27:45.996 [info] > git check-ignore -v -z --stdin [9ms]
2024-07-29 09:27:51.206 [info] > git show --textconv :S04_TDD/projet1/@latest/src/utils/sum.js [9ms]
2024-07-29 09:27:51.211 [info] > git ls-files --stage -- /home/student/S04_TDD/projet1/@latest/src/utils/sum.js [9ms]
2024-07-29 09:27:51.405 [info] > git check-ignore -v -z --stdin [9ms]
2024-07-29 09:28:26.691 [info] > git show --textconv :S04_TDD/projet1/@latest/src/utils/sum.test.js [9ms]
2024-07-29 09:28:26.696 [info] > git ls-files --stage -- /home/student/S04_TDD/projet1/@latest/src/utils/sum.test.js [10ms]
2024-07-29 09:30:42.581 [info] > git show --textconv :S04_TDD/projet1/@latest/src/utils/sum.js [9ms]
2024-07-29 09:30:42.588 [info] > git ls-files --stage -- /home/student/S04_TDD/projet1/@latest/src/utils/sum.js [9ms]
2024-07-29 09:30:43.351 [info] > git show --textconv :S04_TDD/projet1/@latest/src/utils/sum.test.js [9ms]
2024-07-29 09:30:43.359 [info] > git ls-files --stage -- /home/student/S04_TDD/projet1/@latest/src/utils/sum.test.js [12ms]
2024-07-29 09:31:49.136 [info] > git show --textconv :S04_TDD/projet1/@latest/package.json [30ms]
2024-07-29 09:31:49.146 [info] > git ls-files --stage -- /home/student/S04_TDD/projet1/@latest/package.json [30ms]
2024-07-29 09:32:19.742 [info] > git show --textconv :S04_TDD/projet1/@latest/src/utils/sum.test.js [10ms]
2024-07-29 09:32:19.748 [info] > git ls-files --stage -- /home/student/S04_TDD/projet1/@latest/src/utils/sum.test.js [10ms]
2024-07-29 09:35:11.947 [info] > git show --textconv :S04_TDD/projet1/@latest/src/utils/sum.js [9ms]
2024-07-29 09:35:11.953 [info] > git ls-files --stage -- /home/student/S04_TDD/projet1/@latest/src/utils/sum.js [10ms]
2024-07-29 09:35:55.003 [info] > git show --textconv :S04_TDD/projet1/@latest/package.json [11ms]
2024-07-29 09:35:55.007 [info] > git ls-files --stage -- /home/student/S04_TDD/projet1/@latest/package.json [10ms]
2024-07-29 09:35:56.738 [info] > git show --textconv :S04_TDD/projet1/@latest/src/utils/sum.js [9ms]
2024-07-29 09:35:56.746 [info] > git ls-files --stage -- /home/student/S04_TDD/projet1/@latest/src/utils/sum.js [11ms]
2024-07-29 09:36:04.232 [info] > git show --textconv :S04_TDD/projet1/@latest/src/utils/sum.test.js [15ms]
2024-07-29 09:36:04.244 [info] > git ls-files --stage -- /home/student/S04_TDD/projet1/@latest/src/utils/sum.test.js [14ms]
2024-07-29 09:36:05.085 [info] > git show --textconv :S04_TDD/projet1/@latest/package.json [10ms]
2024-07-29 09:36:05.090 [info] > git ls-files --stage -- /home/student/S04_TDD/projet1/@latest/package.json [10ms]
2024-07-29 09:36:06.489 [info] > git ls-files --stage -- /home/student/S04_TDD/projet1/@latest/src/utils/sum.test.js [10ms]
2024-07-29 09:36:06.492 [info] > git show --textconv :S04_TDD/projet1/@latest/src/utils/sum.test.js [18ms]
2024-07-29 09:38:26.142 [info] > git show --textconv :S04_TDD/projet1/@latest/src/utils/sum.js [10ms]
2024-07-29 09:38:26.148 [info] > git ls-files --stage -- /home/student/S04_TDD/projet1/@latest/src/utils/sum.js [9ms]
2024-07-29 09:38:35.310 [info] > git show --textconv :S04_TDD/projet1/@latest/src/utils/sum.test.js [10ms]
2024-07-29 09:38:35.316 [info] > git ls-files --stage -- /home/student/S04_TDD/projet1/@latest/src/utils/sum.test.js [11ms]
2024-07-29 09:48:26.846 [info] > git show --textconv :S04_TDD/projet1/@latest/src/utils/sum.js [10ms]
2024-07-29 09:48:26.853 [info] > git ls-files --stage -- /home/student/S04_TDD/projet1/@latest/src/utils/sum.js [10ms]
2024-07-29 09:48:29.493 [info] > git show --textconv :S04_TDD/projet1/@latest/src/utils/sum.test.js [16ms]
2024-07-29 09:48:29.503 [info] > git ls-files --stage -- /home/student/S04_TDD/projet1/@latest/src/utils/sum.test.js [19ms]
2024-07-29 09:48:38.084 [info] > git show --textconv :S04_TDD/projet1/@latest/src/utils/sum.js [9ms]
2024-07-29 09:48:38.090 [info] > git ls-files --stage -- /home/student/S04_TDD/projet1/@latest/src/utils/sum.js [10ms]
2024-07-29 09:48:39.187 [info] > git show --textconv :S04_TDD/projet1/@latest/src/utils/sum.test.js [9ms]
2024-07-29 09:48:39.194 [info] > git ls-files --stage -- /home/student/S04_TDD/projet1/@latest/src/utils/sum.test.js [11ms]
2024-07-29 09:50:10.880 [info] > git show --textconv :S04_TDD/projet1/@latest/src/utils/sum.js [11ms]
2024-07-29 09:50:10.887 [info] > git ls-files --stage -- /home/student/S04_TDD/projet1/@latest/src/utils/sum.js [10ms]
2024-07-29 09:50:20.732 [info] > git show --textconv :S04_TDD/projet1/@latest/src/utils/sum.test.js [9ms]
2024-07-29 09:50:20.739 [info] > git ls-files --stage -- /home/student/S04_TDD/projet1/@latest/src/utils/sum.test.js [10ms]
2024-07-29 09:50:39.989 [info] > git show --textconv :S04_TDD/projet1/@latest/src/utils/sum.js [10ms]
2024-07-29 09:50:39.995 [info] > git ls-files --stage -- /home/student/S04_TDD/projet1/@latest/src/utils/sum.js [10ms]
2024-07-29 09:51:51.817 [info] > git show --textconv :S04_TDD/projet1/@latest/src/utils/sum.test.js [11ms]
2024-07-29 09:51:51.823 [info] > git ls-files --stage -- /home/student/S04_TDD/projet1/@latest/src/utils/sum.test.js [10ms]
2024-07-29 09:53:08.973 [info] > git show --textconv :S04_TDD/projet1/@latest/src/utils/sum.js [12ms]
2024-07-29 09:53:08.979 [info] > git ls-files --stage -- /home/student/S04_TDD/projet1/@latest/src/utils/sum.js [11ms]
2024-07-29 09:53:17.374 [info] > git show --textconv :S04_TDD/projet1/@latest/src/utils/sum.test.js [14ms]
2024-07-29 09:53:17.379 [info] > git ls-files --stage -- /home/student/S04_TDD/projet1/@latest/src/utils/sum.test.js [11ms]
2024-07-29 09:55:42.440 [info] > git show --textconv :S04_TDD/projet1/@latest/src/utils/sum.js [15ms]
2024-07-29 09:55:42.447 [info] > git ls-files --stage -- /home/student/S04_TDD/projet1/@latest/src/utils/sum.js [8ms]
2024-07-29 09:56:15.075 [info] > git show --textconv :S04_TDD/projet1/@latest/src/utils/sum.test.js [9ms]
2024-07-29 09:56:15.081 [info] > git ls-files --stage -- /home/student/S04_TDD/projet1/@latest/src/utils/sum.test.js [9ms]
2024-07-29 09:57:06.425 [info] > git show --textconv :S04_TDD/projet1/@latest/src/utils/sum.js [9ms]
2024-07-29 09:57:06.432 [info] > git ls-files --stage -- /home/student/S04_TDD/projet1/@latest/src/utils/sum.js [9ms]
2024-07-29 09:57:31.046 [info] > git ls-files --stage -- /home/student/S04_TDD/projet1/@latest/src/utils/sum.test.js [10ms]
2024-07-29 09:57:31.046 [info] > git show --textconv :S04_TDD/projet1/@latest/src/utils/sum.test.js [24ms]
2024-07-29 10:09:56.735 [info] > git show --textconv :S04_TDD/projet1/@latest/src/utils/sum.js [11ms]
2024-07-29 10:09:56.740 [info] > git ls-files --stage -- /home/student/S04_TDD/projet1/@latest/src/utils/sum.js [9ms]
2024-07-29 10:11:17.543 [info] > git show --textconv :S04_TDD/projet1/@latest/src/utils/sum.test.js [9ms]
2024-07-29 10:11:17.550 [info] > git ls-files --stage -- /home/student/S04_TDD/projet1/@latest/src/utils/sum.test.js [10ms]
2024-07-29 10:11:25.862 [info] > git show --textconv :S04_TDD/projet1/@latest/src/utils/sum.js [10ms]
2024-07-29 10:11:25.868 [info] > git ls-files --stage -- /home/student/S04_TDD/projet1/@latest/src/utils/sum.js [10ms]
2024-07-29 10:22:35.818 [info] > git check-ignore -v -z --stdin [9ms]
2024-07-29 10:22:43.011 [info] > git show --textconv :S04_TDD/projet1/@latest/src/utils/moyenne.js/moyenne.js [32ms]
2024-07-29 10:22:43.014 [info] > git ls-files --stage -- /home/student/S04_TDD/projet1/@latest/src/utils/moyenne.js/moyenne.js [20ms]
2024-07-29 10:22:43.156 [info] > git check-ignore -v -z --stdin [18ms]
2024-07-29 10:22:51.059 [info] > git show --textconv :S04_TDD/projet1/@latest/src/utils/moyenne.js/moyenne.test.js [11ms]
2024-07-29 10:22:51.066 [info] > git ls-files --stage -- /home/student/S04_TDD/projet1/@latest/src/utils/moyenne.js/moyenne.test.js [10ms]
2024-07-29 10:22:51.137 [info] > git check-ignore -v -z --stdin [11ms]
2024-07-29 10:22:56.695 [info] > git check-ignore -v -z --stdin [9ms]
2024-07-29 10:22:58.332 [info] > git show --textconv :S04_TDD/projet1/@latest/src/utils/sum.js [14ms]
2024-07-29 10:22:58.334 [info] > git ls-files --stage -- /home/student/S04_TDD/projet1/@latest/src/utils/sum.js [9ms]
2024-07-29 10:24:55.833 [info] > git show --textconv :S04_TDD/projet1/@latest/src/utils/moyenne.js/moyenne.test.js [17ms]
2024-07-29 10:24:55.840 [info] > git ls-files --stage -- /home/student/S04_TDD/projet1/@latest/src/utils/moyenne.js/moyenne.test.js [8ms]
2024-07-29 10:28:11.231 [info] > git show --textconv :S04_TDD/projet1/@latest/src/utils/moyenne.js/moyenne.js [11ms]
2024-07-29 10:28:11.238 [info] > git ls-files --stage -- /home/student/S04_TDD/projet1/@latest/src/utils/moyenne.js/moyenne.js [10ms]
2024-07-29 10:29:02.492 [info] > git show --textconv :S04_TDD/projet1/@latest/src/utils/moyenne.js/moyenne.test.js [11ms]
2024-07-29 10:29:02.498 [info] > git ls-files --stage -- /home/student/S04_TDD/projet1/@latest/src/utils/moyenne.js/moyenne.test.js [9ms]
2024-07-29 10:32:55.731 [info] > git show --textconv :S04_TDD/projet1/@latest/src/utils/moyenne.js/moyenne.js [18ms]
2024-07-29 10:32:55.743 [info] > git ls-files --stage -- /home/student/S04_TDD/projet1/@latest/src/utils/moyenne.js/moyenne.js [16ms]
2024-07-29 10:35:44.675 [info] > git check-ignore -v -z --stdin [11ms]
2024-07-29 10:35:45.071 [info] > git ls-files --stage -- /home/student/S04_TDD/projet1/@latest/src/utils/moyenne.js/moyenne.ts [12ms]
2024-07-29 10:35:45.073 [info] > git show --textconv :S04_TDD/projet1/@latest/src/utils/moyenne.js/moyenne.ts [23ms]
2024-07-29 10:35:50.384 [info] > git show --textconv :S04_TDD/projet1/@latest/src/utils/moyenne.js/moyenne.test.js [15ms]
2024-07-29 10:35:50.395 [info] > git ls-files --stage -- /home/student/S04_TDD/projet1/@latest/src/utils/moyenne.js/moyenne.test.js [17ms]
2024-07-29 10:36:28.055 [info] > git show --textconv :S04_TDD/projet1/@latest/src/utils/moyenne.js/moyenne.ts [10ms]
2024-07-29 10:36:28.062 [info] > git ls-files --stage -- /home/student/S04_TDD/projet1/@latest/src/utils/moyenne.js/moyenne.ts [10ms]
2024-07-29 10:37:43.864 [info] > git show --textconv :S04_TDD/projet1/@latest/src/utils/moyenne.js/moyenne.test.js [15ms]
2024-07-29 10:37:43.871 [info] > git ls-files --stage -- /home/student/S04_TDD/projet1/@latest/src/utils/moyenne.js/moyenne.test.js [8ms]
2024-07-29 10:38:19.737 [info] > git show --textconv :S04_TDD/projet1/@latest/src/utils/moyenne.js/moyenne.ts [8ms]
2024-07-29 10:38:19.747 [info] > git ls-files --stage -- /home/student/S04_TDD/projet1/@latest/src/utils/moyenne.js/moyenne.ts [11ms]
2024-07-29 10:39:35.861 [info] > git show --textconv :S04_TDD/projet1/@latest/src/utils/moyenne.js/moyenne.test.js [10ms]
2024-07-29 10:39:35.868 [info] > git ls-files --stage -- /home/student/S04_TDD/projet1/@latest/src/utils/moyenne.js/moyenne.test.js [10ms]
2024-07-29 10:40:02.116 [info] > git show --textconv :S04_TDD/projet1/@latest/src/utils/moyenne.js/moyenne.ts [19ms]
2024-07-29 10:40:02.123 [info] > git ls-files --stage -- /home/student/S04_TDD/projet1/@latest/src/utils/moyenne.js/moyenne.ts [18ms]
2024-07-29 10:40:11.534 [info] > git show --textconv :S04_TDD/projet1/@latest/src/utils/moyenne.js/moyenne.test.js [10ms]
2024-07-29 10:40:11.547 [info] > git ls-files --stage -- /home/student/S04_TDD/projet1/@latest/src/utils/moyenne.js/moyenne.test.js [15ms]
2024-07-29 10:40:43.334 [info] > git show --textconv :S04_TDD/projet1/@latest/src/utils/moyenne.js/moyenne.ts [19ms]
2024-07-29 10:40:43.342 [info] > git ls-files --stage -- /home/student/S04_TDD/projet1/@latest/src/utils/moyenne.js/moyenne.ts [13ms]
2024-07-29 10:41:19.270 [info] > git show --textconv :S04_TDD/projet1/@latest/src/utils/moyenne.js/moyenne.test.js [35ms]
2024-07-29 10:41:19.272 [info] > git ls-files --stage -- /home/student/S04_TDD/projet1/@latest/src/utils/moyenne.js/moyenne.test.js [11ms]
2024-07-29 10:42:56.479 [info] > git show --textconv :S04_TDD/projet1/@latest/src/utils/moyenne.js/moyenne.ts [10ms]
2024-07-29 10:42:56.486 [info] > git ls-files --stage -- /home/student/S04_TDD/projet1/@latest/src/utils/moyenne.js/moyenne.ts [10ms]
2024-07-29 10:43:16.720 [info] > git show --textconv :S04_TDD/projet1/@latest/src/utils/moyenne.js/moyenne.test.js [10ms]
2024-07-29 10:43:16.729 [info] > git ls-files --stage -- /home/student/S04_TDD/projet1/@latest/src/utils/moyenne.js/moyenne.test.js [12ms]
2024-07-29 10:43:20.257 [info] > git show --textconv :S04_TDD/projet1/@latest/src/utils/moyenne.js/moyenne.ts [10ms]
2024-07-29 10:43:20.265 [info] > git ls-files --stage -- /home/student/S04_TDD/projet1/@latest/src/utils/moyenne.js/moyenne.ts [10ms]
2024-07-29 10:43:56.698 [info] > git show --textconv :S04_TDD/projet1/@latest/src/utils/moyenne.js/moyenne.test.js [10ms]
2024-07-29 10:43:56.711 [info] > git ls-files --stage -- /home/student/S04_TDD/projet1/@latest/src/utils/moyenne.js/moyenne.test.js [16ms]
2024-07-29 10:44:12.897 [info] > git show --textconv :S04_TDD/projet1/@latest/src/utils/moyenne.js/moyenne.ts [10ms]
2024-07-29 10:44:12.904 [info] > git ls-files --stage -- /home/student/S04_TDD/projet1/@latest/src/utils/moyenne.js/moyenne.ts [10ms]
2024-07-29 10:44:43.244 [info] > git show --textconv :S04_TDD/projet1/@latest/src/utils/moyenne.js/moyenne.test.js [13ms]
2024-07-29 10:44:43.259 [info] > git ls-files --stage -- /home/student/S04_TDD/projet1/@latest/src/utils/moyenne.js/moyenne.test.js [16ms]
2024-07-29 10:45:55.641 [info] > git show --textconv :S04_TDD/projet1/@latest/src/utils/moyenne.js/moyenne.ts [11ms]
2024-07-29 10:45:55.649 [info] > git ls-files --stage -- /home/student/S04_TDD/projet1/@latest/src/utils/moyenne.js/moyenne.ts [11ms]
2024-07-29 10:46:26.766 [info] > git show --textconv :S04_TDD/projet1/@latest/src/utils/moyenne.js/moyenne.test.js [12ms]
2024-07-29 10:46:26.774 [info] > git ls-files --stage -- /home/student/S04_TDD/projet1/@latest/src/utils/moyenne.js/moyenne.test.js [12ms]
2024-07-29 10:47:23.461 [info] > git show --textconv :S04_TDD/projet1/@latest/src/utils/moyenne.js/moyenne.ts [11ms]
2024-07-29 10:47:23.469 [info] > git ls-files --stage -- /home/student/S04_TDD/projet1/@latest/src/utils/moyenne.js/moyenne.ts [10ms]
2024-07-29 10:47:25.343 [info] > git show --textconv :S04_TDD/projet1/@latest/src/utils/moyenne.js/moyenne.test.js [27ms]
2024-07-29 10:47:25.353 [info] > git ls-files --stage -- /home/student/S04_TDD/projet1/@latest/src/utils/moyenne.js/moyenne.test.js [12ms]
2024-07-29 10:47:31.674 [info] > git show --textconv :S04_TDD/projet1/@latest/src/utils/moyenne.js/moyenne.ts [9ms]
2024-07-29 10:47:31.680 [info] > git ls-files --stage -- /home/student/S04_TDD/projet1/@latest/src/utils/moyenne.js/moyenne.ts [9ms]
2024-07-29 10:47:40.274 [info] > git show --textconv :S04_TDD/projet1/@latest/src/utils/moyenne.js/moyenne.test.js [10ms]
2024-07-29 10:47:40.282 [info] > git ls-files --stage -- /home/student/S04_TDD/projet1/@latest/src/utils/moyenne.js/moyenne.test.js [11ms]
2024-07-29 11:38:00.456 [info] > git show --textconv :S04_TDD/projet1/@latest/src/utils/moyenne.js/moyenne.test.js [14ms]
2024-07-29 11:38:00.464 [info] > git ls-files --stage -- /home/student/S04_TDD/projet1/@latest/src/utils/moyenne.js/moyenne.test.js [9ms]
2024-07-29 11:38:02.085 [info] > git show --textconv :S04_TDD/projet1/@latest/src/utils/moyenne.js/moyenne.ts [11ms]
2024-07-29 11:38:02.093 [info] > git ls-files --stage -- /home/student/S04_TDD/projet1/@latest/src/utils/moyenne.js/moyenne.ts [12ms]
2024-07-29 11:49:37.290 [info] > git show --textconv :S04_TDD/projet1/@latest/src/utils/moyenne.js/moyenne.test.js [10ms]
2024-07-29 11:49:37.297 [info] > git ls-files --stage -- /home/student/S04_TDD/projet1/@latest/src/utils/moyenne.js/moyenne.test.js [9ms]
