2024-04-11 21:58:32.629 [info] Log level: Info
2024-04-11 21:58:32.630 [info] Validating found git in: "git"
2024-04-11 21:58:32.630 [info] Using git "2.34.1" from "git"
2024-04-11 21:58:32.630 [info] > git rev-parse --show-toplevel [33ms]
2024-04-11 21:58:32.630 [info] > git rev-parse --git-dir --git-common-dir [37ms]
2024-04-11 21:58:32.630 [info] Open repository: /home/student
2024-04-11 21:58:32.630 [info] > git rev-parse --show-toplevel [11ms]
2024-04-11 21:58:32.630 [info] > git config --get commit.template [26ms]
2024-04-11 21:58:32.630 [info] > git for-each-ref --format=%(refname)%00%(upstream:short)%00%(objectname)%00%(upstream:track)%00%(upstream:remotename)%00%(upstream:remoteref) refs/heads/main refs/remotes/main [34ms]
2024-04-11 21:58:32.630 [info] > git rev-parse --git-dir --git-common-dir [57ms]
2024-04-11 21:58:32.630 [info] Open repository: /home/student/S01-OVitrine-J3-cedricRGT45
2024-04-11 21:58:32.630 [info] > git config --get commit.template [23ms]
2024-04-11 21:58:32.632 [info] > git rev-parse --show-toplevel [57ms]
2024-04-11 21:58:32.865 [info] > git for-each-ref --format=%(refname)%00%(upstream:short)%00%(objectname)%00%(upstream:track)%00%(upstream:remotename)%00%(upstream:remoteref) refs/heads/master refs/remotes/master [237ms]
2024-04-11 21:58:32.924 [info] > git rev-parse --show-toplevel [225ms]
2024-04-11 21:58:32.961 [info] > git rev-parse --show-toplevel [19ms]
2024-04-11 21:58:32.980 [info] > git status -z -uall [21ms]
2024-04-11 21:58:33.036 [info] > git status -z -uall [433ms]
2024-04-11 21:58:33.036 [info] > git merge-base refs/heads/master refs/remotes/origin/master [36ms]
2024-04-11 21:58:33.113 [info] > git rev-parse --show-toplevel [134ms]
2024-04-11 21:58:33.204 [info] > git merge-base refs/heads/main refs/remotes/origin/main [134ms]
2024-04-11 21:58:33.243 [info] > git rev-list --count --left-right refs/heads/master...refs/remotes/origin/master [195ms]
2024-04-11 21:58:33.265 [info] > git config --get commit.template [244ms]
2024-04-11 21:58:33.683 [info] > git check-ignore -v -z --stdin [37ms]
2024-04-11 21:58:33.703 [info] > git check-ignore -v -z --stdin [34ms]
2024-04-11 21:58:33.705 [info] > git diff --name-status -z --diff-filter=ADMR 244031b1d5b74eff4afe3386f633f2bec4516685...refs/remotes/origin/master [440ms]
2024-04-11 21:58:33.706 [info] > git rev-list --count --left-right refs/heads/main...refs/remotes/origin/main [464ms]
2024-04-11 21:58:33.721 [info] > git rev-parse --show-toplevel [565ms]
2024-04-11 21:58:33.722 [info] > git config --get commit.template [578ms]
2024-04-11 21:58:33.772 [info] > git rev-parse --show-toplevel [19ms]
2024-04-11 21:58:33.774 [info] > git for-each-ref --format=%(refname)%00%(upstream:short)%00%(objectname)%00%(upstream:track)%00%(upstream:remotename)%00%(upstream:remoteref) refs/heads/master refs/remotes/master [35ms]
2024-04-11 21:58:33.775 [info] > git diff --name-status -z --diff-filter=ADMR 639a350f8ddf2650c2ee80bd4730ec5309dd64c7...refs/remotes/origin/main [54ms]
2024-04-11 21:58:33.791 [info] > git for-each-ref --format=%(refname)%00%(upstream:short)%00%(objectname)%00%(upstream:track)%00%(upstream:remotename)%00%(upstream:remoteref) refs/heads/main refs/remotes/main [20ms]
2024-04-11 21:58:33.818 [info] > git rev-parse --show-toplevel [30ms]
2024-04-11 21:58:33.859 [info] > git status -z -uall [15ms]
2024-04-11 21:58:33.859 [info] > git rev-parse --show-toplevel [28ms]
2024-04-11 21:58:33.947 [info] > git rev-parse --show-toplevel [32ms]
2024-04-11 21:58:33.968 [info] > git rev-parse --git-dir --git-common-dir [6ms]
2024-04-11 21:58:33.975 [info] Open repository: /home/student/S01-OVitrine-BenoitOClock
2024-04-11 21:58:34.009 [info] > git config --get commit.template [17ms]
2024-04-11 21:58:34.026 [info] > git rev-parse --show-toplevel [19ms]
2024-04-11 21:58:34.045 [info] > git for-each-ref --format=%(refname)%00%(upstream:short)%00%(objectname)%00%(upstream:track)%00%(upstream:remotename)%00%(upstream:remoteref) refs/heads/jour4 refs/remotes/jour4 [19ms]
2024-04-11 21:58:34.063 [info] > git rev-parse --git-dir --git-common-dir [19ms]
2024-04-11 21:58:34.070 [info] Open repository: /home/student/S01-OVitrine-cedricRGT45
2024-04-11 21:58:34.113 [info] > git status -z -uall [256ms]
2024-04-11 21:58:34.113 [info] > git status -z -uall [51ms]
2024-04-11 21:58:34.150 [info] > git merge-base refs/heads/jour4 refs/remotes/origin/jour4 [23ms]
2024-04-11 21:58:34.164 [info] > git rev-parse --show-toplevel [52ms]
2024-04-11 21:58:34.165 [info] > git config --get commit.template [74ms]
2024-04-11 21:58:34.243 [info] > git rev-list --count --left-right refs/heads/jour4...refs/remotes/origin/jour4 [80ms]
2024-04-11 21:58:34.255 [info] > git config --get commit.template [108ms]
2024-04-11 21:58:34.272 [info] > git rev-parse --git-dir --git-common-dir [41ms]
2024-04-11 21:58:34.276 [info] Open repository: /home/student/S01-Ovitrine-J2-cedricRGT45
2024-04-11 21:58:34.642 [info] > git for-each-ref --format=%(refname)%00%(upstream:short)%00%(objectname)%00%(upstream:track)%00%(upstream:remotename)%00%(upstream:remoteref) refs/heads/master refs/remotes/master [374ms]
2024-04-11 21:58:34.643 [info] > git diff --name-status -z --diff-filter=ADMR a0bca5b7e2a09f0cc6b28ab9fc120adf5e19a04e...refs/remotes/origin/jour4 [388ms]
2024-04-11 21:58:34.648 [info] > git rev-parse --show-toplevel [8ms]
2024-04-11 21:58:34.648 [info] > git config --get commit.template [21ms]
2024-04-11 21:58:34.649 [info] > git for-each-ref --format=%(refname)%00%(upstream:short)%00%(objectname)%00%(upstream:track)%00%(upstream:remotename)%00%(upstream:remoteref) refs/heads/jour4 refs/remotes/jour4 [38ms]
2024-04-11 21:58:34.691 [info] > git rev-parse --show-toplevel [29ms]
2024-04-11 21:58:34.741 [info] > git status -z -uall [51ms]
2024-04-11 21:58:34.741 [info] > git show --textconv :.gitignore [31ms]
2024-04-11 21:58:34.742 [info] > git ls-files --stage -- /home/student/S01-OVitrine-J3-cedricRGT45/.gitignore [17ms]
2024-04-11 21:58:34.776 [info] > git for-each-ref --format=%(refname)%00%(upstream:short)%00%(objectname)%00%(upstream:track)%00%(upstream:remotename)%00%(upstream:remoteref) refs/heads/master refs/remotes/master [101ms]
2024-04-11 21:58:34.805 [info] > git status -z -uall [16ms]
2024-04-11 21:58:34.805 [info] > git merge-base refs/heads/master refs/remotes/origin/master [35ms]
2024-04-11 21:58:34.819 [info] > git cat-file -s d2927e0c6e4245c09fa60c7e5c3aa7f007550286 [65ms]
2024-04-11 21:58:34.821 [info] > git config --get commit.template [18ms]
2024-04-11 21:58:34.825 [info] > git rev-list --count --left-right refs/heads/master...refs/remotes/origin/master [6ms]
2024-04-11 21:58:34.870 [info] > git status -z -uall [5ms]
2024-04-11 21:58:34.889 [info] > git for-each-ref --format=%(refname)%00%(upstream:short)%00%(objectname)%00%(upstream:track)%00%(upstream:remotename)%00%(upstream:remoteref) refs/heads/master refs/remotes/master [38ms]
2024-04-11 21:58:34.889 [info] > git diff --name-status -z --diff-filter=ADMR 55af2fb2167fd1adeaf1ffb76abda4636a5d4b53...refs/remotes/origin/master [51ms]
2024-04-11 21:58:34.904 [info] > git merge-base refs/heads/master refs/remotes/origin/master [20ms]
2024-04-11 21:58:34.919 [info] > git config --get commit.template [15ms]
2024-04-11 21:58:34.949 [info] > git rev-list --count --left-right refs/heads/master...refs/remotes/origin/master [32ms]
2024-04-11 21:58:34.965 [info] > git status -z -uall [17ms]
2024-04-11 21:58:34.968 [info] > git for-each-ref --format=%(refname)%00%(upstream:short)%00%(objectname)%00%(upstream:track)%00%(upstream:remotename)%00%(upstream:remoteref) refs/heads/master refs/remotes/master [36ms]
2024-04-11 21:58:34.969 [info] > git diff --name-status -z --diff-filter=ADMR c28f19ae484ac4961f3ef8e6b7cf10409d8c45a4...refs/remotes/origin/master [6ms]
2024-04-11 21:58:34.986 [info] > git status -z -uall [4ms]
2024-04-11 21:58:35.700 [info] > git check-ignore -v -z --stdin [34ms]
2024-04-11 21:58:35.702 [info] > git check-ignore -v -z --stdin [22ms]
2024-04-11 21:58:35.705 [info] > git check-ignore -v -z --stdin [12ms]
2024-04-11 21:58:36.228 [info] > git check-ignore -v -z --stdin [15ms]
2024-04-11 21:58:36.239 [info] > git check-ignore -v -z --stdin [13ms]
2024-04-11 21:58:44.006 [info] > git config --get commit.template [15ms]
2024-04-11 21:58:44.008 [info] > git for-each-ref --format=%(refname)%00%(upstream:short)%00%(objectname)%00%(upstream:track)%00%(upstream:remotename)%00%(upstream:remoteref) refs/heads/main refs/remotes/main [4ms]
2024-04-11 21:58:44.198 [info] > git status -z -uall [175ms]
2024-04-11 21:58:49.266 [info] > git config --get commit.template [18ms]
2024-04-11 21:58:49.268 [info] > git for-each-ref --format=%(refname)%00%(upstream:short)%00%(objectname)%00%(upstream:track)%00%(upstream:remotename)%00%(upstream:remoteref) refs/heads/main refs/remotes/main [4ms]
2024-04-11 21:58:49.462 [info] > git status -z -uall [178ms]
2024-04-11 21:59:01.011 [info] > git config --get commit.template [15ms]
2024-04-11 21:59:01.014 [info] > git for-each-ref --format=%(refname)%00%(upstream:short)%00%(objectname)%00%(upstream:track)%00%(upstream:remotename)%00%(upstream:remoteref) refs/heads/main refs/remotes/main [3ms]
2024-04-11 21:59:01.207 [info] > git status -z -uall [179ms]
2024-04-11 21:59:06.271 [info] > git config --get commit.template [15ms]
2024-04-11 21:59:06.273 [info] > git for-each-ref --format=%(refname)%00%(upstream:short)%00%(objectname)%00%(upstream:track)%00%(upstream:remotename)%00%(upstream:remoteref) refs/heads/main refs/remotes/main [3ms]
2024-04-11 21:59:06.461 [info] > git status -z -uall [173ms]
2024-04-11 21:59:15.017 [info] > git config --get commit.template [16ms]
2024-04-11 21:59:15.019 [info] > git for-each-ref --format=%(refname)%00%(upstream:short)%00%(objectname)%00%(upstream:track)%00%(upstream:remotename)%00%(upstream:remoteref) refs/heads/main refs/remotes/main [3ms]
2024-04-11 21:59:15.259 [info] > git status -z -uall [225ms]
2024-04-11 21:59:20.318 [info] > git config --get commit.template [16ms]
2024-04-11 21:59:20.319 [info] > git for-each-ref --format=%(refname)%00%(upstream:short)%00%(objectname)%00%(upstream:track)%00%(upstream:remotename)%00%(upstream:remoteref) refs/heads/main refs/remotes/main [3ms]
2024-04-11 21:59:20.510 [info] > git status -z -uall [175ms]
2024-04-11 21:59:28.024 [info] > git config --get commit.template [17ms]
2024-04-11 21:59:28.026 [info] > git for-each-ref --format=%(refname)%00%(upstream:short)%00%(objectname)%00%(upstream:track)%00%(upstream:remotename)%00%(upstream:remoteref) refs/heads/main refs/remotes/main [3ms]
2024-04-11 21:59:28.222 [info] > git status -z -uall [179ms]
2024-04-11 21:59:31.764 [info] > git config --get commit.template [17ms]
2024-04-11 21:59:31.765 [info] > git for-each-ref --format=%(refname)%00%(upstream:short)%00%(objectname)%00%(upstream:track)%00%(upstream:remotename)%00%(upstream:remoteref) refs/heads/master refs/remotes/master [3ms]
2024-04-11 21:59:31.787 [info] > git status -z -uall [6ms]
2024-04-11 21:59:31.880 [info] > git ls-files --stage -- /home/student/S01-OVitrine-J3-cedricRGT45/.gitignore [2ms]
2024-04-11 21:59:31.901 [info] > git cat-file -s 0aa82b3cf11ab5882ca3891b6742908d5eb349c2 [5ms]
2024-04-11 21:59:31.969 [info] > git show --textconv :.gitignore [3ms]
2024-04-11 21:59:41.034 [info] > git config --get commit.template [17ms]
2024-04-11 21:59:41.036 [info] > git for-each-ref --format=%(refname)%00%(upstream:short)%00%(objectname)%00%(upstream:track)%00%(upstream:remotename)%00%(upstream:remoteref) refs/heads/main refs/remotes/main [3ms]
2024-04-11 21:59:41.228 [info] > git status -z -uall [176ms]
2024-04-11 21:59:45.292 [info] > git config --get commit.template [18ms]
2024-04-11 21:59:45.294 [info] > git for-each-ref --format=%(refname)%00%(upstream:short)%00%(objectname)%00%(upstream:track)%00%(upstream:remotename)%00%(upstream:remoteref) refs/heads/master refs/remotes/master [3ms]
2024-04-11 21:59:45.315 [info] > git status -z -uall [3ms]
2024-04-11 21:59:45.336 [info] > git merge-base refs/heads/master refs/remotes/origin/master [4ms]
2024-04-11 21:59:45.356 [info] > git rev-list --count --left-right refs/heads/master...refs/remotes/origin/master [3ms]
2024-04-11 21:59:45.375 [info] > git diff --name-status -z --diff-filter=ADMR 244031b1d5b74eff4afe3386f633f2bec4516685...refs/remotes/origin/master [3ms]
2024-04-11 21:59:45.461 [info] > git ls-files --stage -- /home/student/S01-OVitrine-J3-cedricRGT45/.gitignore [2ms]
2024-04-11 21:59:45.479 [info] > git cat-file -s 0aa82b3cf11ab5882ca3891b6742908d5eb349c2 [2ms]
2024-04-11 21:59:45.518 [info] > git show --textconv :.gitignore [3ms]
2024-04-11 21:59:46.294 [info] > git config --get commit.template [20ms]
2024-04-11 21:59:46.294 [info] > git for-each-ref --format=%(refname)%00%(upstream:short)%00%(objectname)%00%(upstream:track)%00%(upstream:remotename)%00%(upstream:remoteref) refs/heads/main refs/remotes/main [4ms]
2024-04-11 21:59:46.490 [info] > git status -z -uall [179ms]
2024-04-11 21:59:58.047 [info] > git config --get commit.template [17ms]
2024-04-11 21:59:58.049 [info] > git for-each-ref --format=%(refname)%00%(upstream:short)%00%(objectname)%00%(upstream:track)%00%(upstream:remotename)%00%(upstream:remoteref) refs/heads/main refs/remotes/main [4ms]
2024-04-11 21:59:58.240 [info] > git status -z -uall [175ms]
2024-04-11 22:00:03.310 [info] > git config --get commit.template [25ms]
2024-04-11 22:00:03.313 [info] > git for-each-ref --format=%(refname)%00%(upstream:short)%00%(objectname)%00%(upstream:track)%00%(upstream:remotename)%00%(upstream:remoteref) refs/heads/main refs/remotes/main [3ms]
2024-04-11 22:00:03.511 [info] > git status -z -uall [180ms]
2024-04-11 22:00:09.056 [info] > git config --get commit.template [20ms]
2024-04-11 22:00:09.058 [info] > git for-each-ref --format=%(refname)%00%(upstream:short)%00%(objectname)%00%(upstream:track)%00%(upstream:remotename)%00%(upstream:remoteref) refs/heads/main refs/remotes/main [3ms]
2024-04-11 22:00:09.252 [info] > git status -z -uall [176ms]
2024-04-11 22:00:14.315 [info] > git config --get commit.template [19ms]
2024-04-11 22:00:14.318 [info] > git for-each-ref --format=%(refname)%00%(upstream:short)%00%(objectname)%00%(upstream:track)%00%(upstream:remotename)%00%(upstream:remoteref) refs/heads/main refs/remotes/main [4ms]
2024-04-11 22:00:14.519 [info] > git status -z -uall [182ms]
2024-04-11 22:00:19.581 [info] > git config --get commit.template [16ms]
2024-04-11 22:00:19.583 [info] > git for-each-ref --format=%(refname)%00%(upstream:short)%00%(objectname)%00%(upstream:track)%00%(upstream:remotename)%00%(upstream:remoteref) refs/heads/main refs/remotes/main [4ms]
2024-04-11 22:00:19.776 [info] > git status -z -uall [178ms]
2024-04-11 22:00:28.054 [info] > git config --get commit.template [15ms]
2024-04-11 22:00:28.056 [info] > git for-each-ref --format=%(refname)%00%(upstream:short)%00%(objectname)%00%(upstream:track)%00%(upstream:remotename)%00%(upstream:remoteref) refs/heads/main refs/remotes/main [3ms]
2024-04-11 22:00:28.263 [info] > git status -z -uall [192ms]
2024-04-11 22:02:20.339 [info] > git config --get commit.template [14ms]
2024-04-11 22:02:20.341 [info] > git for-each-ref --format=%(refname)%00%(upstream:short)%00%(objectname)%00%(upstream:track)%00%(upstream:remotename)%00%(upstream:remoteref) refs/heads/main refs/remotes/main [4ms]
2024-04-11 22:02:20.533 [info] > git status -z -uall [180ms]
2024-04-11 22:02:30.606 [info] > git config --get commit.template [14ms]
2024-04-11 22:02:30.609 [info] > git for-each-ref --format=%(refname)%00%(upstream:short)%00%(objectname)%00%(upstream:track)%00%(upstream:remotename)%00%(upstream:remoteref) refs/heads/main refs/remotes/main [4ms]
2024-04-11 22:02:30.805 [info] > git status -z -uall [183ms]
2024-04-11 22:02:34.460 [info] > git check-ignore -v -z --stdin [2ms]
2024-04-11 22:02:35.869 [info] > git config --get commit.template [15ms]
2024-04-11 22:02:35.871 [info] > git for-each-ref --format=%(refname)%00%(upstream:short)%00%(objectname)%00%(upstream:track)%00%(upstream:remotename)%00%(upstream:remoteref) refs/heads/main refs/remotes/main [3ms]
2024-04-11 22:02:36.062 [info] > git status -z -uall [177ms]
2024-04-11 22:02:37.918 [info] > git show --textconv :sandbox/voiture.js [110ms]
2024-04-11 22:02:37.919 [info] > git ls-files --stage -- /home/student/S01-OVitrine-J3-cedricRGT45/sandbox/voiture.js [33ms]
2024-04-11 22:02:38.020 [info] > git cat-file -s f87c7d3a144e57b54f7a2198af995f48cd1128b8 [20ms]
2024-04-11 22:02:41.392 [info] > git config --get commit.template [2ms]
2024-04-11 22:02:41.411 [info] > git for-each-ref --format=%(refname)%00%(upstream:short)%00%(objectname)%00%(upstream:track)%00%(upstream:remotename)%00%(upstream:remoteref) refs/heads/main refs/remotes/main [3ms]
2024-04-11 22:02:41.647 [info] > git status -z -uall [220ms]
2024-04-11 22:02:46.722 [info] > git config --get commit.template [17ms]
2024-04-11 22:02:46.724 [info] > git for-each-ref --format=%(refname)%00%(upstream:short)%00%(objectname)%00%(upstream:track)%00%(upstream:remotename)%00%(upstream:remoteref) refs/heads/main refs/remotes/main [3ms]
2024-04-11 22:02:46.934 [info] > git status -z -uall [171ms]
2024-04-11 22:02:51.998 [info] > git config --get commit.template [16ms]
2024-04-11 22:02:52.000 [info] > git for-each-ref --format=%(refname)%00%(upstream:short)%00%(objectname)%00%(upstream:track)%00%(upstream:remotename)%00%(upstream:remoteref) refs/heads/main refs/remotes/main [3ms]
2024-04-11 22:02:52.204 [info] > git status -z -uall [187ms]
2024-04-11 22:02:52.542 [info] > git check-ignore -v -z --stdin [2ms]
2024-04-11 22:02:54.695 [info] > git show --textconv :énoncés/J03.md [17ms]
2024-04-11 22:02:54.697 [info] > git ls-files --stage -- /home/student/S01-OVitrine-J3-cedricRGT45/énoncés/J03.md [3ms]
2024-04-11 22:02:54.715 [info] > git cat-file -s be5b40c35cb8b46329d127a56912b9e4d77db4c2 [3ms]
2024-04-11 22:03:01.498 [info] > git config --get commit.template [18ms]
2024-04-11 22:03:01.501 [info] > git for-each-ref --format=%(refname)%00%(upstream:short)%00%(objectname)%00%(upstream:track)%00%(upstream:remotename)%00%(upstream:remoteref) refs/heads/main refs/remotes/main [4ms]
2024-04-11 22:03:01.707 [info] > git status -z -uall [188ms]
2024-04-11 22:03:11.495 [info] > git config --get commit.template [17ms]
2024-04-11 22:03:11.497 [info] > git for-each-ref --format=%(refname)%00%(upstream:short)%00%(objectname)%00%(upstream:track)%00%(upstream:remotename)%00%(upstream:remoteref) refs/heads/main refs/remotes/main [3ms]
2024-04-11 22:03:11.686 [info] > git status -z -uall [173ms]
2024-04-11 22:03:16.749 [info] > git config --get commit.template [17ms]
2024-04-11 22:03:16.751 [info] > git for-each-ref --format=%(refname)%00%(upstream:short)%00%(objectname)%00%(upstream:track)%00%(upstream:remotename)%00%(upstream:remoteref) refs/heads/main refs/remotes/main [3ms]
2024-04-11 22:03:16.947 [info] > git status -z -uall [179ms]
2024-04-11 22:03:30.277 [info] > git check-ignore -v -z --stdin [10ms]
2024-04-11 22:03:33.008 [info] > git config --get commit.template [17ms]
2024-04-11 22:03:33.011 [info] > git for-each-ref --format=%(refname)%00%(upstream:short)%00%(objectname)%00%(upstream:track)%00%(upstream:remotename)%00%(upstream:remoteref) refs/heads/main refs/remotes/main [3ms]
2024-04-11 22:03:33.206 [info] > git status -z -uall [177ms]
2024-04-11 22:03:38.269 [info] > git config --get commit.template [17ms]
2024-04-11 22:03:38.272 [info] > git for-each-ref --format=%(refname)%00%(upstream:short)%00%(objectname)%00%(upstream:track)%00%(upstream:remotename)%00%(upstream:remoteref) refs/heads/main refs/remotes/main [3ms]
2024-04-11 22:03:38.474 [info] > git status -z -uall [184ms]
2024-04-11 22:03:39.491 [info] > git check-ignore -v -z --stdin [9ms]
2024-04-11 22:03:40.743 [info] > git check-ignore -v -z --stdin [13ms]
2024-04-11 22:03:45.878 [info] > git check-ignore -v -z --stdin [8ms]
2024-04-11 22:03:47.268 [info] > git check-ignore -v -z --stdin [11ms]
2024-04-11 22:03:48.605 [info] > git check-ignore -v -z --stdin [10ms]
2024-04-11 22:03:49.902 [info] > git show --textconv :typescript/src/controllers/helloController.ts [38ms]
2024-04-11 22:03:49.915 [info] > git ls-files --stage -- /home/student/typescript/src/controllers/helloController.ts [15ms]
2024-04-11 22:03:49.955 [info] > git cat-file -s 37fc3b65b1236187892fa8b5bf7cc43b02a5eb82 [5ms]
2024-04-11 22:03:56.071 [info] > git config --get commit.template [17ms]
2024-04-11 22:03:56.073 [info] > git for-each-ref --format=%(refname)%00%(upstream:short)%00%(objectname)%00%(upstream:track)%00%(upstream:remotename)%00%(upstream:remoteref) refs/heads/main refs/remotes/main [3ms]
2024-04-11 22:03:56.266 [info] > git status -z -uall [175ms]
2024-04-11 22:04:01.330 [info] > git config --get commit.template [20ms]
2024-04-11 22:04:01.333 [info] > git for-each-ref --format=%(refname)%00%(upstream:short)%00%(objectname)%00%(upstream:track)%00%(upstream:remotename)%00%(upstream:remoteref) refs/heads/main refs/remotes/main [4ms]
2024-04-11 22:04:01.532 [info] > git status -z -uall [180ms]
2024-04-11 22:04:02.036 [info] > git check-ignore -v -z --stdin [10ms]
2024-04-11 22:04:06.594 [info] > git config --get commit.template [19ms]
2024-04-11 22:04:06.596 [info] > git for-each-ref --format=%(refname)%00%(upstream:short)%00%(objectname)%00%(upstream:track)%00%(upstream:remotename)%00%(upstream:remoteref) refs/heads/main refs/remotes/main [3ms]
2024-04-11 22:04:06.788 [info] > git status -z -uall [174ms]
2024-04-11 22:04:12.073 [info] > git config --get commit.template [17ms]
2024-04-11 22:04:12.075 [info] > git for-each-ref --format=%(refname)%00%(upstream:short)%00%(objectname)%00%(upstream:track)%00%(upstream:remotename)%00%(upstream:remoteref) refs/heads/main refs/remotes/main [3ms]
2024-04-11 22:04:12.259 [info] > git status -z -uall [167ms]
2024-04-11 22:04:21.083 [info] > git config --get commit.template [19ms]
2024-04-11 22:04:21.085 [info] > git for-each-ref --format=%(refname)%00%(upstream:short)%00%(objectname)%00%(upstream:track)%00%(upstream:remotename)%00%(upstream:remoteref) refs/heads/main refs/remotes/main [3ms]
2024-04-11 22:04:21.282 [info] > git status -z -uall [177ms]
2024-04-11 22:04:26.346 [info] > git config --get commit.template [18ms]
2024-04-11 22:04:26.347 [info] > git for-each-ref --format=%(refname)%00%(upstream:short)%00%(objectname)%00%(upstream:track)%00%(upstream:remotename)%00%(upstream:remoteref) refs/heads/main refs/remotes/main [3ms]
2024-04-11 22:04:26.541 [info] > git status -z -uall [176ms]
2024-04-11 22:04:36.087 [info] > git config --get commit.template [18ms]
2024-04-11 22:04:36.089 [info] > git for-each-ref --format=%(refname)%00%(upstream:short)%00%(objectname)%00%(upstream:track)%00%(upstream:remotename)%00%(upstream:remoteref) refs/heads/main refs/remotes/main [3ms]
2024-04-11 22:04:36.288 [info] > git status -z -uall [181ms]
2024-04-11 22:04:41.342 [info] > git config --get commit.template [6ms]
2024-04-11 22:04:41.364 [info] > git for-each-ref --format=%(refname)%00%(upstream:short)%00%(objectname)%00%(upstream:track)%00%(upstream:remotename)%00%(upstream:remoteref) refs/heads/main refs/remotes/main [3ms]
2024-04-11 22:04:41.562 [info] > git status -z -uall [179ms]
2024-04-11 22:04:46.635 [info] > git for-each-ref --format=%(refname)%00%(upstream:short)%00%(objectname)%00%(upstream:track)%00%(upstream:remotename)%00%(upstream:remoteref) refs/heads/main refs/remotes/main [7ms]
2024-04-11 22:04:46.636 [info] > git config --get commit.template [26ms]
2024-04-11 22:04:46.835 [info] > git status -z -uall [181ms]
2024-04-11 22:04:52.100 [info] > git config --get commit.template [18ms]
2024-04-11 22:04:52.102 [info] > git for-each-ref --format=%(refname)%00%(upstream:short)%00%(objectname)%00%(upstream:track)%00%(upstream:remotename)%00%(upstream:remoteref) refs/heads/main refs/remotes/main [4ms]
2024-04-11 22:04:52.293 [info] > git status -z -uall [174ms]
2024-04-11 22:04:58.103 [info] > git config --get commit.template [20ms]
2024-04-11 22:04:58.105 [info] > git for-each-ref --format=%(refname)%00%(upstream:short)%00%(objectname)%00%(upstream:track)%00%(upstream:remotename)%00%(upstream:remoteref) refs/heads/main refs/remotes/main [3ms]
2024-04-11 22:04:58.302 [info] > git status -z -uall [178ms]
2024-04-11 22:05:03.364 [info] > git config --get commit.template [18ms]
2024-04-11 22:05:03.366 [info] > git for-each-ref --format=%(refname)%00%(upstream:short)%00%(objectname)%00%(upstream:track)%00%(upstream:remotename)%00%(upstream:remoteref) refs/heads/main refs/remotes/main [3ms]
2024-04-11 22:05:03.561 [info] > git status -z -uall [176ms]
2024-04-11 22:05:08.625 [info] > git config --get commit.template [19ms]
2024-04-11 22:05:08.627 [info] > git for-each-ref --format=%(refname)%00%(upstream:short)%00%(objectname)%00%(upstream:track)%00%(upstream:remotename)%00%(upstream:remoteref) refs/heads/main refs/remotes/main [4ms]
2024-04-11 22:05:08.821 [info] > git status -z -uall [177ms]
2024-04-11 22:05:14.105 [info] > git config --get commit.template [18ms]
2024-04-11 22:05:14.108 [info] > git for-each-ref --format=%(refname)%00%(upstream:short)%00%(objectname)%00%(upstream:track)%00%(upstream:remotename)%00%(upstream:remoteref) refs/heads/main refs/remotes/main [4ms]
2024-04-11 22:05:14.310 [info] > git status -z -uall [184ms]
2024-04-11 22:05:26.111 [info] > git config --get commit.template [18ms]
2024-04-11 22:05:26.113 [info] > git for-each-ref --format=%(refname)%00%(upstream:short)%00%(objectname)%00%(upstream:track)%00%(upstream:remotename)%00%(upstream:remoteref) refs/heads/main refs/remotes/main [3ms]
2024-04-11 22:05:26.316 [info] > git status -z -uall [185ms]
2024-04-11 22:05:31.408 [info] > git config --get commit.template [25ms]
2024-04-11 22:05:31.410 [info] > git for-each-ref --format=%(refname)%00%(upstream:short)%00%(objectname)%00%(upstream:track)%00%(upstream:remotename)%00%(upstream:remoteref) refs/heads/main refs/remotes/main [3ms]
2024-04-11 22:05:31.612 [info] > git status -z -uall [184ms]
2024-04-11 22:06:10.819 [info] > git config --get commit.template [16ms]
2024-04-11 22:06:10.822 [info] > git for-each-ref --format=%(refname)%00%(upstream:short)%00%(objectname)%00%(upstream:track)%00%(upstream:remotename)%00%(upstream:remoteref) refs/heads/main refs/remotes/main [4ms]
2024-04-11 22:06:11.017 [info] > git status -z -uall [181ms]
2024-04-11 22:06:16.090 [info] > git config --get commit.template [15ms]
2024-04-11 22:06:16.092 [info] > git for-each-ref --format=%(refname)%00%(upstream:short)%00%(objectname)%00%(upstream:track)%00%(upstream:remotename)%00%(upstream:remoteref) refs/heads/main refs/remotes/main [3ms]
2024-04-11 22:06:16.283 [info] > git status -z -uall [177ms]
