2024-06-04 18:10:07.292 [info] Log level: Info
2024-06-04 18:10:07.292 [info] Validating found git in: "git"
2024-06-04 18:10:07.292 [info] Using git "2.34.1" from "git"
2024-06-04 18:10:07.292 [info] > git rev-parse --show-toplevel [323ms]
2024-06-04 18:10:07.292 [info] > git rev-parse --git-dir --git-common-dir [145ms]
2024-06-04 18:10:07.292 [info] Open repository: /home/student
2024-06-04 18:10:07.294 [info] > git config --get commit.template [64ms]
2024-06-04 18:10:07.386 [info] > git rev-parse --show-toplevel [96ms]
2024-06-04 18:10:07.475 [info] > git for-each-ref --format=%(refname)%00%(upstream:short)%00%(objectname)%00%(upstream:track)%00%(upstream:remotename)%00%(upstream:remoteref) refs/heads/main refs/remotes/main [92ms]
2024-06-04 18:10:07.553 [info] > git rev-parse --git-dir --git-common-dir [79ms]
2024-06-04 18:10:07.576 [info] Open repository: /home/student/S03_CICD
2024-06-04 18:10:07.836 [info] > git config --get commit.template [83ms]
2024-06-04 18:10:07.844 [info] > git rev-parse --show-toplevel [25ms]
2024-06-04 18:10:07.960 [info] > git for-each-ref --format=%(refname)%00%(upstream:short)%00%(objectname)%00%(upstream:track)%00%(upstream:remotename)%00%(upstream:remoteref) refs/heads/main refs/remotes/main [77ms]
2024-06-04 18:10:08.169 [info] > git rev-parse --show-toplevel [229ms]
2024-06-04 18:10:08.300 [info] > git rev-parse --show-toplevel [102ms]
2024-06-04 18:10:08.386 [info] > git status -z -uall [88ms]
2024-06-04 18:10:08.814 [info] > git merge-base refs/heads/main refs/remotes/origin/main [295ms]
2024-06-04 18:10:08.961 [info] > git rev-parse --show-toplevel [578ms]
2024-06-04 18:10:08.976 [info] > git status -z -uall [1426ms]
2024-06-04 18:10:08.976 [info] > git config --get commit.template [166ms]
2024-06-04 18:10:09.797 [info] > git merge-base refs/heads/main refs/remotes/origin/main [700ms]
2024-06-04 18:10:09.816 [info] > git rev-list --count --left-right refs/heads/main...refs/remotes/origin/main [855ms]
2024-06-04 18:10:09.893 [info] > git rev-list --count --left-right refs/heads/main...refs/remotes/origin/main [76ms]
2024-06-04 18:10:09.925 [info] > git config --get commit.template [482ms]
2024-06-04 18:10:09.926 [info] > git rev-parse --show-toplevel [548ms]
2024-06-04 18:10:09.967 [info] > git for-each-ref --format=%(refname)%00%(upstream:short)%00%(objectname)%00%(upstream:track)%00%(upstream:remotename)%00%(upstream:remoteref) refs/heads/main refs/remotes/main [103ms]
2024-06-04 18:10:09.967 [info] > git diff --name-status -z --diff-filter=ADMR a7014ff6b939981ba0b176f7c1832f5985321980...refs/remotes/origin/main [130ms]
2024-06-04 18:10:09.998 [info] > git rev-parse --show-toplevel [37ms]
2024-06-04 18:10:10.001 [info] > git diff --name-status -z --diff-filter=ADMR 82fdcc4827cad87ccb8e6374629a90d1dd519f36...refs/remotes/origin/main [76ms]
2024-06-04 18:10:10.057 [info] > git check-ignore -v -z --stdin [27ms]
2024-06-04 18:10:10.060 [info] > git for-each-ref --format=%(refname)%00%(upstream:short)%00%(objectname)%00%(upstream:track)%00%(upstream:remotename)%00%(upstream:remoteref) refs/heads/main refs/remotes/main [72ms]
2024-06-04 18:10:10.065 [info] > git rev-parse --show-toplevel [9ms]
2024-06-04 18:10:10.150 [info] > git status -z -uall [42ms]
2024-06-04 18:10:10.171 [info] > git rev-parse --show-toplevel [23ms]
2024-06-04 18:10:10.352 [info] > git rev-parse --show-toplevel [137ms]
2024-06-04 18:10:10.449 [info] > git rev-parse --show-toplevel [11ms]
2024-06-04 18:10:10.524 [info] > git rev-parse --show-toplevel [25ms]
2024-06-04 18:10:10.608 [info] > git rev-parse --git-dir --git-common-dir [22ms]
2024-06-04 18:10:10.616 [info] Open repository: /home/student/S02_Coclock_Working
2024-06-04 18:10:10.683 [info] > git rev-parse --show-toplevel [6ms]
2024-06-04 18:10:10.684 [info] > git config --get commit.template [33ms]
2024-06-04 18:10:10.720 [info] > git rev-parse --git-dir --git-common-dir [20ms]
2024-06-04 18:10:10.730 [info] Open repository: /home/student/S03_challenge_E03-cedricRGT45
2024-06-04 18:10:10.773 [info] > git status -z -uall [585ms]
2024-06-04 18:10:10.781 [info] > git for-each-ref --format=%(refname)%00%(upstream:short)%00%(objectname)%00%(upstream:track)%00%(upstream:remotename)%00%(upstream:remoteref) refs/heads/master refs/remotes/master [61ms]
2024-06-04 18:10:10.803 [warning] ENOENT: no such file or directory, open '/home/student/S02_Coclock_Working/.git/refs/remotes/origin/master'
2024-06-04 18:10:10.804 [info] > git rev-parse --show-toplevel [33ms]
2024-06-04 18:10:10.813 [info] > git config --get commit.template [61ms]
2024-06-04 18:10:10.815 [info] > git rev-parse refs/remotes/origin/master [13ms]
2024-06-04 18:10:10.933 [info] > git for-each-ref --format=%(refname)%00%(upstream:short)%00%(objectname)%00%(upstream:track)%00%(upstream:remotename)%00%(upstream:remoteref) refs/heads/master refs/remotes/master [56ms]
2024-06-04 18:10:10.964 [info] > git status -z -uall [7ms]
2024-06-04 18:10:11.034 [info] > git status -z -uall [200ms]
2024-06-04 18:10:11.034 [info] > git merge-base refs/heads/master refs/remotes/origin/master [41ms]
2024-06-04 18:10:11.057 [info] > git config --get commit.template [24ms]
2024-06-04 18:10:11.116 [info] > git merge-base refs/heads/master refs/remotes/origin/master [35ms]
2024-06-04 18:10:11.137 [info] > git rev-list --count --left-right refs/heads/master...refs/remotes/origin/master [81ms]
2024-06-04 18:10:11.181 [info] > git rev-list --count --left-right refs/heads/master...refs/remotes/origin/master [45ms]
2024-06-04 18:10:11.205 [info] > git config --get commit.template [90ms]
2024-06-04 18:10:11.208 [info] > git for-each-ref --format=%(refname)%00%(upstream:short)%00%(objectname)%00%(upstream:track)%00%(upstream:remotename)%00%(upstream:remoteref) refs/heads/master refs/remotes/master [29ms]
2024-06-04 18:10:11.208 [info] > git diff --name-status -z --diff-filter=ADMR 975a3b72ecb66730915a439ab1fcef8b86382076...refs/remotes/origin/master [50ms]
2024-06-04 18:10:11.232 [info] > git diff --name-status -z --diff-filter=ADMR 55e66f96c5ba6b77b9d257d5579e211274f560ad...refs/remotes/origin/master [28ms]
2024-06-04 18:10:11.254 [info] > git for-each-ref --format=%(refname)%00%(upstream:short)%00%(objectname)%00%(upstream:track)%00%(upstream:remotename)%00%(upstream:remoteref) refs/heads/master refs/remotes/master [24ms]
2024-06-04 18:10:11.277 [warning] ENOENT: no such file or directory, open '/home/student/S02_Coclock_Working/.git/refs/remotes/origin/master'
2024-06-04 18:10:11.278 [info] > git status -z -uall [25ms]
2024-06-04 18:10:11.286 [info] > git rev-parse refs/remotes/origin/master [9ms]
2024-06-04 18:10:11.418 [info] > git status -z -uall [115ms]
2024-06-04 18:10:21.700 [info] > git check-ignore -v -z --stdin [39ms]
2024-06-04 18:10:24.728 [info] > git show --textconv :projet/frontend/src/components/App/Content/Products/ProductsList.tsx [24ms]
2024-06-04 18:10:24.743 [info] > git ls-files --stage -- /home/student/S03_CICD/projet/frontend/src/components/App/Content/Products/ProductsList.tsx [17ms]
2024-06-04 18:10:52.657 [info] > git check-ignore -v -z --stdin [58ms]
2024-06-04 18:10:52.658 [info] > git check-ignore -v -z --stdin [39ms]
2024-06-04 18:10:52.659 [info] > git check-ignore -v -z --stdin [22ms]
2024-06-04 18:10:52.664 [info] > git check-ignore -v -z --stdin [10ms]
2024-06-04 18:10:57.296 [info] > git config --get commit.template [29ms]
2024-06-04 18:10:57.298 [info] > git for-each-ref --format=%(refname)%00%(upstream:short)%00%(objectname)%00%(upstream:track)%00%(upstream:remotename)%00%(upstream:remoteref) refs/heads/main refs/remotes/main [12ms]
2024-06-04 18:10:57.548 [info] > git status -z -uall [230ms]
2024-06-04 18:11:02.586 [info] > git config --get commit.template [17ms]
2024-06-04 18:11:02.588 [info] > git for-each-ref --format=%(refname)%00%(upstream:short)%00%(objectname)%00%(upstream:track)%00%(upstream:remotename)%00%(upstream:remoteref) refs/heads/main refs/remotes/main [4ms]
2024-06-04 18:11:02.786 [info] > git status -z -uall [181ms]
2024-06-04 18:11:07.830 [info] > git config --get commit.template [15ms]
2024-06-04 18:11:07.832 [info] > git for-each-ref --format=%(refname)%00%(upstream:short)%00%(objectname)%00%(upstream:track)%00%(upstream:remotename)%00%(upstream:remoteref) refs/heads/main refs/remotes/main [4ms]
2024-06-04 18:11:08.044 [info] > git status -z -uall [196ms]
2024-06-04 18:11:13.092 [info] > git config --get commit.template [23ms]
2024-06-04 18:11:13.098 [info] > git for-each-ref --format=%(refname)%00%(upstream:short)%00%(objectname)%00%(upstream:track)%00%(upstream:remotename)%00%(upstream:remoteref) refs/heads/main refs/remotes/main [7ms]
2024-06-04 18:11:13.302 [info] > git status -z -uall [179ms]
2024-06-04 18:11:18.335 [info] > git config --get commit.template [14ms]
2024-06-04 18:11:18.337 [info] > git for-each-ref --format=%(refname)%00%(upstream:short)%00%(objectname)%00%(upstream:track)%00%(upstream:remotename)%00%(upstream:remoteref) refs/heads/main refs/remotes/main [3ms]
2024-06-04 18:11:18.512 [info] > git status -z -uall [160ms]
2024-06-04 18:11:23.544 [info] > git config --get commit.template [14ms]
2024-06-04 18:11:23.547 [info] > git for-each-ref --format=%(refname)%00%(upstream:short)%00%(objectname)%00%(upstream:track)%00%(upstream:remotename)%00%(upstream:remoteref) refs/heads/main refs/remotes/main [4ms]
2024-06-04 18:11:23.726 [info] > git status -z -uall [165ms]
2024-06-04 18:11:28.766 [info] > git config --get commit.template [17ms]
2024-06-04 18:11:28.769 [info] > git for-each-ref --format=%(refname)%00%(upstream:short)%00%(objectname)%00%(upstream:track)%00%(upstream:remotename)%00%(upstream:remoteref) refs/heads/main refs/remotes/main [4ms]
2024-06-04 18:11:29.027 [info] > git status -z -uall [241ms]
2024-06-04 18:11:34.059 [info] > git config --get commit.template [15ms]
2024-06-04 18:11:34.061 [info] > git for-each-ref --format=%(refname)%00%(upstream:short)%00%(objectname)%00%(upstream:track)%00%(upstream:remotename)%00%(upstream:remoteref) refs/heads/main refs/remotes/main [3ms]
2024-06-04 18:11:34.239 [info] > git status -z -uall [163ms]
2024-06-04 18:11:39.259 [info] > git config --get commit.template [3ms]
2024-06-04 18:11:39.275 [info] > git for-each-ref --format=%(refname)%00%(upstream:short)%00%(objectname)%00%(upstream:track)%00%(upstream:remotename)%00%(upstream:remoteref) refs/heads/main refs/remotes/main [3ms]
2024-06-04 18:11:39.459 [info] > git status -z -uall [169ms]
2024-06-04 18:11:44.482 [info] > git config --get commit.template [4ms]
2024-06-04 18:11:44.503 [info] > git for-each-ref --format=%(refname)%00%(upstream:short)%00%(objectname)%00%(upstream:track)%00%(upstream:remotename)%00%(upstream:remoteref) refs/heads/main refs/remotes/main [5ms]
2024-06-04 18:11:44.720 [info] > git status -z -uall [202ms]
2024-06-04 18:11:49.761 [info] > git config --get commit.template [19ms]
2024-06-04 18:11:49.764 [info] > git for-each-ref --format=%(refname)%00%(upstream:short)%00%(objectname)%00%(upstream:track)%00%(upstream:remotename)%00%(upstream:remoteref) refs/heads/main refs/remotes/main [4ms]
2024-06-04 18:11:50.040 [info] > git status -z -uall [261ms]
2024-06-04 18:11:55.079 [info] > git config --get commit.template [17ms]
2024-06-04 18:11:55.083 [info] > git for-each-ref --format=%(refname)%00%(upstream:short)%00%(objectname)%00%(upstream:track)%00%(upstream:remotename)%00%(upstream:remoteref) refs/heads/main refs/remotes/main [6ms]
2024-06-04 18:11:55.362 [info] > git status -z -uall [263ms]
2024-06-04 18:12:00.403 [info] > git config --get commit.template [18ms]
2024-06-04 18:12:00.409 [info] > git for-each-ref --format=%(refname)%00%(upstream:short)%00%(objectname)%00%(upstream:track)%00%(upstream:remotename)%00%(upstream:remoteref) refs/heads/main refs/remotes/main [7ms]
2024-06-04 18:12:00.695 [info] > git status -z -uall [270ms]
2024-06-04 18:12:05.739 [info] > git config --get commit.template [19ms]
2024-06-04 18:12:05.748 [info] > git for-each-ref --format=%(refname)%00%(upstream:short)%00%(objectname)%00%(upstream:track)%00%(upstream:remotename)%00%(upstream:remoteref) refs/heads/main refs/remotes/main [10ms]
2024-06-04 18:12:06.055 [info] > git status -z -uall [291ms]
2024-06-04 18:12:11.095 [info] > git config --get commit.template [18ms]
2024-06-04 18:12:11.102 [info] > git for-each-ref --format=%(refname)%00%(upstream:short)%00%(objectname)%00%(upstream:track)%00%(upstream:remotename)%00%(upstream:remoteref) refs/heads/main refs/remotes/main [7ms]
2024-06-04 18:12:11.367 [info] > git status -z -uall [248ms]
2024-06-04 18:12:16.405 [info] > git config --get commit.template [16ms]
2024-06-04 18:12:16.438 [info] > git for-each-ref --format=%(refname)%00%(upstream:short)%00%(objectname)%00%(upstream:track)%00%(upstream:remotename)%00%(upstream:remoteref) refs/heads/main refs/remotes/main [33ms]
2024-06-04 18:12:16.678 [info] > git status -z -uall [222ms]
2024-06-04 18:12:21.718 [info] > git config --get commit.template [17ms]
2024-06-04 18:12:21.725 [info] > git for-each-ref --format=%(refname)%00%(upstream:short)%00%(objectname)%00%(upstream:track)%00%(upstream:remotename)%00%(upstream:remoteref) refs/heads/main refs/remotes/main [8ms]
2024-06-04 18:12:21.984 [info] > git status -z -uall [243ms]
2024-06-04 18:12:22.257 [info] > git config --get commit.template [23ms]
2024-06-04 18:12:22.261 [info] > git for-each-ref --format=%(refname)%00%(upstream:short)%00%(objectname)%00%(upstream:track)%00%(upstream:remotename)%00%(upstream:remoteref) refs/heads/master refs/remotes/master [5ms]
2024-06-04 18:12:22.276 [warning] ENOENT: no such file or directory, open '/home/student/S02_Coclock_Working/.git/refs/remotes/origin/master'
2024-06-04 18:12:22.279 [info] > git rev-parse refs/remotes/origin/master [4ms]
2024-06-04 18:12:22.389 [info] > git status -z -uall [95ms]
2024-06-04 18:12:27.048 [info] > git config --get commit.template [23ms]
2024-06-04 18:12:27.051 [info] > git for-each-ref --format=%(refname)%00%(upstream:short)%00%(objectname)%00%(upstream:track)%00%(upstream:remotename)%00%(upstream:remoteref) refs/heads/main refs/remotes/main [5ms]
2024-06-04 18:12:27.276 [info] > git status -z -uall [211ms]
2024-06-04 18:12:27.459 [info] > git config --get commit.template [26ms]
2024-06-04 18:12:27.464 [info] > git for-each-ref --format=%(refname)%00%(upstream:short)%00%(objectname)%00%(upstream:track)%00%(upstream:remotename)%00%(upstream:remoteref) refs/heads/master refs/remotes/master [6ms]
2024-06-04 18:12:27.484 [warning] ENOENT: no such file or directory, open '/home/student/S02_Coclock_Working/.git/refs/remotes/origin/master'
2024-06-04 18:12:27.489 [info] > git rev-parse refs/remotes/origin/master [3ms]
2024-06-04 18:12:27.612 [info] > git status -z -uall [102ms]
2024-06-04 18:12:32.330 [info] > git config --get commit.template [22ms]
2024-06-04 18:12:32.335 [info] > git for-each-ref --format=%(refname)%00%(upstream:short)%00%(objectname)%00%(upstream:track)%00%(upstream:remotename)%00%(upstream:remoteref) refs/heads/main refs/remotes/main [6ms]
2024-06-04 18:12:32.635 [info] > git status -z -uall [278ms]
2024-06-04 18:12:37.660 [info] > git config --get commit.template [2ms]
2024-06-04 18:12:37.684 [info] > git for-each-ref --format=%(refname)%00%(upstream:short)%00%(objectname)%00%(upstream:track)%00%(upstream:remotename)%00%(upstream:remoteref) refs/heads/main refs/remotes/main [6ms]
2024-06-04 18:12:37.906 [info] > git status -z -uall [207ms]
2024-06-04 18:12:42.957 [info] > git config --get commit.template [21ms]
2024-06-04 18:12:42.960 [info] > git for-each-ref --format=%(refname)%00%(upstream:short)%00%(objectname)%00%(upstream:track)%00%(upstream:remotename)%00%(upstream:remoteref) refs/heads/main refs/remotes/main [4ms]
2024-06-04 18:12:43.169 [info] > git status -z -uall [195ms]
2024-06-04 18:12:48.220 [info] > git config --get commit.template [24ms]
2024-06-04 18:12:48.228 [info] > git for-each-ref --format=%(refname)%00%(upstream:short)%00%(objectname)%00%(upstream:track)%00%(upstream:remotename)%00%(upstream:remoteref) refs/heads/main refs/remotes/main [8ms]
2024-06-04 18:12:48.421 [info] > git status -z -uall [166ms]
2024-06-04 18:12:53.463 [info] > git config --get commit.template [18ms]
2024-06-04 18:12:53.466 [info] > git for-each-ref --format=%(refname)%00%(upstream:short)%00%(objectname)%00%(upstream:track)%00%(upstream:remotename)%00%(upstream:remoteref) refs/heads/main refs/remotes/main [4ms]
2024-06-04 18:12:53.702 [info] > git status -z -uall [217ms]
2024-06-04 18:12:56.332 [info] > git check-ignore -v -z --stdin [16ms]
2024-06-04 18:12:56.333 [info] > git check-ignore -v -z --stdin [3ms]
2024-06-04 18:12:58.773 [info] > git config --get commit.template [43ms]
2024-06-04 18:12:58.776 [info] > git for-each-ref --format=%(refname)%00%(upstream:short)%00%(objectname)%00%(upstream:track)%00%(upstream:remotename)%00%(upstream:remoteref) refs/heads/main refs/remotes/main [4ms]
2024-06-04 18:12:58.965 [info] > git status -z -uall [173ms]
2024-06-04 18:13:04.002 [info] > git config --get commit.template [16ms]
2024-06-04 18:13:04.005 [info] > git for-each-ref --format=%(refname)%00%(upstream:short)%00%(objectname)%00%(upstream:track)%00%(upstream:remotename)%00%(upstream:remoteref) refs/heads/main refs/remotes/main [3ms]
2024-06-04 18:13:04.201 [info] > git status -z -uall [183ms]
2024-06-04 18:13:09.271 [info] > git config --get commit.template [33ms]
2024-06-04 18:13:09.276 [info] > git for-each-ref --format=%(refname)%00%(upstream:short)%00%(objectname)%00%(upstream:track)%00%(upstream:remotename)%00%(upstream:remoteref) refs/heads/main refs/remotes/main [7ms]
2024-06-04 18:13:09.534 [info] > git status -z -uall [233ms]
2024-06-04 18:13:14.585 [info] > git config --get commit.template [23ms]
2024-06-04 18:13:14.590 [info] > git for-each-ref --format=%(refname)%00%(upstream:short)%00%(objectname)%00%(upstream:track)%00%(upstream:remotename)%00%(upstream:remoteref) refs/heads/main refs/remotes/main [5ms]
2024-06-04 18:13:14.809 [info] > git status -z -uall [199ms]
2024-06-04 18:13:19.866 [info] > git config --get commit.template [33ms]
2024-06-04 18:13:19.867 [info] > git for-each-ref --format=%(refname)%00%(upstream:short)%00%(objectname)%00%(upstream:track)%00%(upstream:remotename)%00%(upstream:remoteref) refs/heads/main refs/remotes/main [3ms]
2024-06-04 18:13:20.069 [info] > git status -z -uall [174ms]
2024-06-04 18:13:25.108 [info] > git config --get commit.template [19ms]
2024-06-04 18:13:25.110 [info] > git for-each-ref --format=%(refname)%00%(upstream:short)%00%(objectname)%00%(upstream:track)%00%(upstream:remotename)%00%(upstream:remoteref) refs/heads/main refs/remotes/main [4ms]
2024-06-04 18:13:25.308 [info] > git status -z -uall [183ms]
2024-06-04 18:13:30.827 [info] > git config --get commit.template [19ms]
2024-06-04 18:13:30.829 [info] > git for-each-ref --format=%(refname)%00%(upstream:short)%00%(objectname)%00%(upstream:track)%00%(upstream:remotename)%00%(upstream:remoteref) refs/heads/main refs/remotes/main [4ms]
2024-06-04 18:13:31.026 [info] > git status -z -uall [181ms]
2024-06-04 18:13:36.108 [info] > git config --get commit.template [36ms]
2024-06-04 18:13:36.112 [info] > git for-each-ref --format=%(refname)%00%(upstream:short)%00%(objectname)%00%(upstream:track)%00%(upstream:remotename)%00%(upstream:remoteref) refs/heads/main refs/remotes/main [5ms]
2024-06-04 18:13:36.329 [info] > git status -z -uall [183ms]
2024-06-04 18:13:41.380 [info] > git config --get commit.template [23ms]
2024-06-04 18:13:41.389 [info] > git for-each-ref --format=%(refname)%00%(upstream:short)%00%(objectname)%00%(upstream:track)%00%(upstream:remotename)%00%(upstream:remoteref) refs/heads/main refs/remotes/main [9ms]
2024-06-04 18:13:41.654 [info] > git status -z -uall [247ms]
2024-06-04 18:13:46.707 [info] > git config --get commit.template [24ms]
2024-06-04 18:13:46.714 [info] > git for-each-ref --format=%(refname)%00%(upstream:short)%00%(objectname)%00%(upstream:track)%00%(upstream:remotename)%00%(upstream:remoteref) refs/heads/main refs/remotes/main [8ms]
2024-06-04 18:13:46.988 [info] > git status -z -uall [256ms]
2024-06-04 18:13:52.030 [info] > git config --get commit.template [16ms]
2024-06-04 18:13:52.033 [info] > git for-each-ref --format=%(refname)%00%(upstream:short)%00%(objectname)%00%(upstream:track)%00%(upstream:remotename)%00%(upstream:remoteref) refs/heads/main refs/remotes/main [4ms]
2024-06-04 18:13:52.219 [info] > git status -z -uall [172ms]
2024-06-04 18:13:57.253 [info] > git config --get commit.template [2ms]
2024-06-04 18:13:57.284 [info] > git for-each-ref --format=%(refname)%00%(upstream:short)%00%(objectname)%00%(upstream:track)%00%(upstream:remotename)%00%(upstream:remoteref) refs/heads/main refs/remotes/main [6ms]
2024-06-04 18:13:57.479 [info] > git status -z -uall [174ms]
2024-06-04 18:14:03.430 [info] > git config --get commit.template [1ms]
2024-06-04 18:14:03.446 [info] > git for-each-ref --format=%(refname)%00%(upstream:short)%00%(objectname)%00%(upstream:track)%00%(upstream:remotename)%00%(upstream:remoteref) refs/heads/main refs/remotes/main [4ms]
2024-06-04 18:14:03.697 [info] > git status -z -uall [236ms]
2024-06-04 18:14:11.912 [info] > git for-each-ref --format=%(refname)%00%(upstream:short)%00%(objectname)%00%(upstream:track)%00%(upstream:remotename)%00%(upstream:remoteref) refs/heads/main refs/remotes/main [6ms]
2024-06-04 18:14:11.913 [info] > git config --get commit.template [44ms]
2024-06-04 18:14:12.109 [info] > git status -z -uall [175ms]
2024-06-04 18:14:17.162 [info] > git config --get commit.template [31ms]
2024-06-04 18:14:17.166 [info] > git for-each-ref --format=%(refname)%00%(upstream:short)%00%(objectname)%00%(upstream:track)%00%(upstream:remotename)%00%(upstream:remoteref) refs/heads/main refs/remotes/main [5ms]
2024-06-04 18:14:17.435 [info] > git status -z -uall [237ms]
2024-06-04 18:14:22.469 [info] > git config --get commit.template [14ms]
2024-06-04 18:14:22.471 [info] > git for-each-ref --format=%(refname)%00%(upstream:short)%00%(objectname)%00%(upstream:track)%00%(upstream:remotename)%00%(upstream:remoteref) refs/heads/main refs/remotes/main [4ms]
2024-06-04 18:14:22.665 [info] > git status -z -uall [180ms]
2024-06-04 18:14:27.699 [info] > git config --get commit.template [15ms]
2024-06-04 18:14:27.702 [info] > git for-each-ref --format=%(refname)%00%(upstream:short)%00%(objectname)%00%(upstream:track)%00%(upstream:remotename)%00%(upstream:remoteref) refs/heads/main refs/remotes/main [4ms]
2024-06-04 18:14:27.894 [info] > git status -z -uall [177ms]
2024-06-04 18:14:32.939 [info] > git config --get commit.template [24ms]
2024-06-04 18:14:32.943 [info] > git for-each-ref --format=%(refname)%00%(upstream:short)%00%(objectname)%00%(upstream:track)%00%(upstream:remotename)%00%(upstream:remoteref) refs/heads/main refs/remotes/main [5ms]
2024-06-04 18:14:33.171 [info] > git status -z -uall [213ms]
2024-06-04 18:14:38.210 [info] > git config --get commit.template [16ms]
2024-06-04 18:14:38.213 [info] > git for-each-ref --format=%(refname)%00%(upstream:short)%00%(objectname)%00%(upstream:track)%00%(upstream:remotename)%00%(upstream:remoteref) refs/heads/main refs/remotes/main [4ms]
2024-06-04 18:14:38.420 [info] > git status -z -uall [191ms]
2024-06-04 18:14:43.473 [info] > git config --get commit.template [17ms]
2024-06-04 18:14:43.476 [info] > git for-each-ref --format=%(refname)%00%(upstream:short)%00%(objectname)%00%(upstream:track)%00%(upstream:remotename)%00%(upstream:remoteref) refs/heads/main refs/remotes/main [4ms]
2024-06-04 18:14:43.676 [info] > git status -z -uall [182ms]
2024-06-04 18:14:48.727 [info] > git config --get commit.template [24ms]
2024-06-04 18:14:48.734 [info] > git for-each-ref --format=%(refname)%00%(upstream:short)%00%(objectname)%00%(upstream:track)%00%(upstream:remotename)%00%(upstream:remoteref) refs/heads/main refs/remotes/main [8ms]
2024-06-04 18:14:48.962 [info] > git status -z -uall [205ms]
2024-06-04 18:14:53.999 [info] > git config --get commit.template [16ms]
2024-06-04 18:14:54.001 [info] > git for-each-ref --format=%(refname)%00%(upstream:short)%00%(objectname)%00%(upstream:track)%00%(upstream:remotename)%00%(upstream:remoteref) refs/heads/main refs/remotes/main [4ms]
2024-06-04 18:14:54.188 [info] > git status -z -uall [172ms]
2024-06-04 18:14:59.223 [info] > git config --get commit.template [17ms]
2024-06-04 18:14:59.226 [info] > git for-each-ref --format=%(refname)%00%(upstream:short)%00%(objectname)%00%(upstream:track)%00%(upstream:remotename)%00%(upstream:remoteref) refs/heads/main refs/remotes/main [4ms]
2024-06-04 18:14:59.430 [info] > git status -z -uall [190ms]
2024-06-04 18:15:04.472 [info] > git config --get commit.template [19ms]
2024-06-04 18:15:04.475 [info] > git for-each-ref --format=%(refname)%00%(upstream:short)%00%(objectname)%00%(upstream:track)%00%(upstream:remotename)%00%(upstream:remoteref) refs/heads/main refs/remotes/main [4ms]
2024-06-04 18:15:04.730 [info] > git status -z -uall [238ms]
2024-06-04 18:15:17.746 [info] > git config --get commit.template [29ms]
2024-06-04 18:15:17.749 [info] > git for-each-ref --format=%(refname)%00%(upstream:short)%00%(objectname)%00%(upstream:track)%00%(upstream:remotename)%00%(upstream:remoteref) refs/heads/main refs/remotes/main [4ms]
2024-06-04 18:15:17.984 [info] > git status -z -uall [190ms]
2024-06-04 18:15:23.030 [info] > git config --get commit.template [21ms]
2024-06-04 18:15:23.033 [info] > git for-each-ref --format=%(refname)%00%(upstream:short)%00%(objectname)%00%(upstream:track)%00%(upstream:remotename)%00%(upstream:remoteref) refs/heads/main refs/remotes/main [7ms]
2024-06-04 18:15:23.246 [info] > git status -z -uall [196ms]
2024-06-04 18:15:28.288 [info] > git config --get commit.template [16ms]
2024-06-04 18:15:28.293 [info] > git for-each-ref --format=%(refname)%00%(upstream:short)%00%(objectname)%00%(upstream:track)%00%(upstream:remotename)%00%(upstream:remoteref) refs/heads/main refs/remotes/main [6ms]
2024-06-04 18:15:28.507 [info] > git status -z -uall [199ms]
2024-06-04 18:15:39.309 [info] > git config --get commit.template [25ms]
2024-06-04 18:15:39.312 [info] > git for-each-ref --format=%(refname)%00%(upstream:short)%00%(objectname)%00%(upstream:track)%00%(upstream:remotename)%00%(upstream:remoteref) refs/heads/main refs/remotes/main [5ms]
2024-06-04 18:15:39.601 [info] > git status -z -uall [264ms]
2024-06-04 18:15:44.645 [info] > git config --get commit.template [17ms]
2024-06-04 18:15:44.647 [info] > git for-each-ref --format=%(refname)%00%(upstream:short)%00%(objectname)%00%(upstream:track)%00%(upstream:remotename)%00%(upstream:remoteref) refs/heads/main refs/remotes/main [4ms]
2024-06-04 18:15:44.849 [info] > git status -z -uall [186ms]
2024-06-04 18:15:54.548 [info] > git config --get commit.template [24ms]
2024-06-04 18:15:54.553 [info] > git for-each-ref --format=%(refname)%00%(upstream:short)%00%(objectname)%00%(upstream:track)%00%(upstream:remotename)%00%(upstream:remoteref) refs/heads/main refs/remotes/main [7ms]
2024-06-04 18:15:54.822 [info] > git status -z -uall [244ms]
2024-06-04 18:15:59.872 [info] > git config --get commit.template [23ms]
2024-06-04 18:15:59.876 [info] > git for-each-ref --format=%(refname)%00%(upstream:short)%00%(objectname)%00%(upstream:track)%00%(upstream:remotename)%00%(upstream:remoteref) refs/heads/main refs/remotes/main [5ms]
2024-06-04 18:16:00.111 [info] > git status -z -uall [215ms]
2024-06-04 18:16:05.152 [info] > git config --get commit.template [15ms]
2024-06-04 18:16:05.155 [info] > git for-each-ref --format=%(refname)%00%(upstream:short)%00%(objectname)%00%(upstream:track)%00%(upstream:remotename)%00%(upstream:remoteref) refs/heads/main refs/remotes/main [4ms]
2024-06-04 18:16:05.335 [info] > git status -z -uall [165ms]
2024-06-04 18:16:10.373 [info] > git config --get commit.template [18ms]
2024-06-04 18:16:10.377 [info] > git for-each-ref --format=%(refname)%00%(upstream:short)%00%(objectname)%00%(upstream:track)%00%(upstream:remotename)%00%(upstream:remoteref) refs/heads/main refs/remotes/main [5ms]
2024-06-04 18:16:10.578 [info] > git status -z -uall [184ms]
2024-06-04 18:16:15.638 [info] > git config --get commit.template [27ms]
2024-06-04 18:16:15.641 [info] > git for-each-ref --format=%(refname)%00%(upstream:short)%00%(objectname)%00%(upstream:track)%00%(upstream:remotename)%00%(upstream:remoteref) refs/heads/main refs/remotes/main [10ms]
2024-06-04 18:16:15.840 [info] > git status -z -uall [178ms]
2024-06-04 18:16:23.127 [info] > git config --get commit.template [17ms]
2024-06-04 18:16:23.129 [info] > git for-each-ref --format=%(refname)%00%(upstream:short)%00%(objectname)%00%(upstream:track)%00%(upstream:remotename)%00%(upstream:remoteref) refs/heads/main refs/remotes/main [4ms]
2024-06-04 18:16:23.393 [info] > git status -z -uall [245ms]
2024-06-04 18:16:26.649 [info] > git config --get commit.template [21ms]
2024-06-04 18:16:26.653 [info] > git for-each-ref --format=%(refname)%00%(upstream:short)%00%(objectname)%00%(upstream:track)%00%(upstream:remotename)%00%(upstream:remoteref) refs/heads/master refs/remotes/master [5ms]
2024-06-04 18:16:26.671 [warning] ENOENT: no such file or directory, open '/home/student/S02_Coclock_Working/.git/refs/remotes/origin/master'
2024-06-04 18:16:26.675 [info] > git rev-parse refs/remotes/origin/master [5ms]
2024-06-04 18:16:26.792 [info] > git status -z -uall [101ms]
2024-06-04 18:16:28.456 [info] > git config --get commit.template [21ms]
2024-06-04 18:16:28.462 [info] > git for-each-ref --format=%(refname)%00%(upstream:short)%00%(objectname)%00%(upstream:track)%00%(upstream:remotename)%00%(upstream:remoteref) refs/heads/main refs/remotes/main [8ms]
2024-06-04 18:16:28.744 [info] > git status -z -uall [260ms]
2024-06-04 18:16:33.797 [info] > git config --get commit.template [22ms]
2024-06-04 18:16:33.802 [info] > git for-each-ref --format=%(refname)%00%(upstream:short)%00%(objectname)%00%(upstream:track)%00%(upstream:remotename)%00%(upstream:remoteref) refs/heads/main refs/remotes/main [7ms]
2024-06-04 18:16:34.105 [info] > git status -z -uall [286ms]
2024-06-04 18:16:39.152 [info] > git config --get commit.template [20ms]
2024-06-04 18:16:39.155 [info] > git for-each-ref --format=%(refname)%00%(upstream:short)%00%(objectname)%00%(upstream:track)%00%(upstream:remotename)%00%(upstream:remoteref) refs/heads/main refs/remotes/main [3ms]
2024-06-04 18:16:39.427 [info] > git status -z -uall [257ms]
2024-06-04 18:16:44.451 [info] > git config --get commit.template [2ms]
2024-06-04 18:16:44.468 [info] > git for-each-ref --format=%(refname)%00%(upstream:short)%00%(objectname)%00%(upstream:track)%00%(upstream:remotename)%00%(upstream:remoteref) refs/heads/main refs/remotes/main [3ms]
2024-06-04 18:16:44.645 [info] > git status -z -uall [164ms]
2024-06-04 18:16:49.689 [info] > git config --get commit.template [21ms]
2024-06-04 18:16:49.690 [info] > git for-each-ref --format=%(refname)%00%(upstream:short)%00%(objectname)%00%(upstream:track)%00%(upstream:remotename)%00%(upstream:remoteref) refs/heads/main refs/remotes/main [5ms]
2024-06-04 18:16:49.880 [info] > git status -z -uall [172ms]
2024-06-04 18:16:54.927 [info] > git config --get commit.template [23ms]
2024-06-04 18:16:54.929 [info] > git for-each-ref --format=%(refname)%00%(upstream:short)%00%(objectname)%00%(upstream:track)%00%(upstream:remotename)%00%(upstream:remoteref) refs/heads/main refs/remotes/main [4ms]
2024-06-04 18:16:55.134 [info] > git status -z -uall [187ms]
2024-06-04 18:17:00.200 [info] > git config --get commit.template [36ms]
2024-06-04 18:17:00.209 [info] > git for-each-ref --format=%(refname)%00%(upstream:short)%00%(objectname)%00%(upstream:track)%00%(upstream:remotename)%00%(upstream:remoteref) refs/heads/main refs/remotes/main [13ms]
2024-06-04 18:17:00.471 [info] > git status -z -uall [227ms]
2024-06-04 18:17:05.523 [info] > git config --get commit.template [24ms]
2024-06-04 18:17:05.527 [info] > git for-each-ref --format=%(refname)%00%(upstream:short)%00%(objectname)%00%(upstream:track)%00%(upstream:remotename)%00%(upstream:remoteref) refs/heads/main refs/remotes/main [7ms]
2024-06-04 18:17:05.762 [info] > git status -z -uall [218ms]
2024-06-04 18:17:10.813 [info] > git config --get commit.template [21ms]
2024-06-04 18:17:10.816 [info] > git for-each-ref --format=%(refname)%00%(upstream:short)%00%(objectname)%00%(upstream:track)%00%(upstream:remotename)%00%(upstream:remoteref) refs/heads/main refs/remotes/main [6ms]
2024-06-04 18:17:11.008 [info] > git status -z -uall [176ms]
2024-06-04 18:17:16.059 [info] > git config --get commit.template [16ms]
2024-06-04 18:17:16.061 [info] > git for-each-ref --format=%(refname)%00%(upstream:short)%00%(objectname)%00%(upstream:track)%00%(upstream:remotename)%00%(upstream:remoteref) refs/heads/main refs/remotes/main [4ms]
2024-06-04 18:17:16.261 [info] > git status -z -uall [186ms]
2024-06-04 18:17:21.294 [info] > git config --get commit.template [14ms]
2024-06-04 18:17:21.297 [info] > git for-each-ref --format=%(refname)%00%(upstream:short)%00%(objectname)%00%(upstream:track)%00%(upstream:remotename)%00%(upstream:remoteref) refs/heads/main refs/remotes/main [3ms]
2024-06-04 18:17:21.471 [info] > git status -z -uall [161ms]
2024-06-04 18:17:26.499 [info] > git config --get commit.template [2ms]
2024-06-04 18:17:26.517 [info] > git for-each-ref --format=%(refname)%00%(upstream:short)%00%(objectname)%00%(upstream:track)%00%(upstream:remotename)%00%(upstream:remoteref) refs/heads/main refs/remotes/main [4ms]
2024-06-04 18:17:26.744 [info] > git status -z -uall [211ms]
2024-06-04 18:17:31.782 [info] > git config --get commit.template [17ms]
2024-06-04 18:17:31.784 [info] > git for-each-ref --format=%(refname)%00%(upstream:short)%00%(objectname)%00%(upstream:track)%00%(upstream:remotename)%00%(upstream:remoteref) refs/heads/main refs/remotes/main [5ms]
2024-06-04 18:17:31.978 [info] > git status -z -uall [179ms]
2024-06-04 18:17:37.021 [info] > git config --get commit.template [19ms]
2024-06-04 18:17:37.025 [info] > git for-each-ref --format=%(refname)%00%(upstream:short)%00%(objectname)%00%(upstream:track)%00%(upstream:remotename)%00%(upstream:remoteref) refs/heads/main refs/remotes/main [5ms]
2024-06-04 18:17:37.273 [info] > git status -z -uall [231ms]
2024-06-04 18:17:42.316 [info] > git config --get commit.template [20ms]
2024-06-04 18:17:42.322 [info] > git for-each-ref --format=%(refname)%00%(upstream:short)%00%(objectname)%00%(upstream:track)%00%(upstream:remotename)%00%(upstream:remoteref) refs/heads/main refs/remotes/main [5ms]
2024-06-04 18:17:42.549 [info] > git status -z -uall [200ms]
2024-06-04 18:17:47.586 [info] > git config --get commit.template [16ms]
2024-06-04 18:17:47.588 [info] > git for-each-ref --format=%(refname)%00%(upstream:short)%00%(objectname)%00%(upstream:track)%00%(upstream:remotename)%00%(upstream:remoteref) refs/heads/main refs/remotes/main [4ms]
2024-06-04 18:17:47.815 [info] > git status -z -uall [201ms]
2024-06-04 18:17:52.865 [info] > git config --get commit.template [16ms]
2024-06-04 18:17:52.867 [info] > git for-each-ref --format=%(refname)%00%(upstream:short)%00%(objectname)%00%(upstream:track)%00%(upstream:remotename)%00%(upstream:remoteref) refs/heads/main refs/remotes/main [4ms]
2024-06-04 18:17:53.060 [info] > git status -z -uall [178ms]
2024-06-04 18:17:58.097 [info] > git config --get commit.template [16ms]
2024-06-04 18:17:58.099 [info] > git for-each-ref --format=%(refname)%00%(upstream:short)%00%(objectname)%00%(upstream:track)%00%(upstream:remotename)%00%(upstream:remoteref) refs/heads/main refs/remotes/main [3ms]
2024-06-04 18:17:58.340 [info] > git status -z -uall [226ms]
2024-06-04 18:18:03.364 [info] > git config --get commit.template [1ms]
2024-06-04 18:18:03.381 [info] > git for-each-ref --format=%(refname)%00%(upstream:short)%00%(objectname)%00%(upstream:track)%00%(upstream:remotename)%00%(upstream:remoteref) refs/heads/main refs/remotes/main [3ms]
2024-06-04 18:18:03.605 [info] > git status -z -uall [207ms]
2024-06-04 18:18:08.653 [info] > git config --get commit.template [22ms]
2024-06-04 18:18:08.657 [info] > git for-each-ref --format=%(refname)%00%(upstream:short)%00%(objectname)%00%(upstream:track)%00%(upstream:remotename)%00%(upstream:remoteref) refs/heads/main refs/remotes/main [5ms]
2024-06-04 18:18:08.932 [info] > git status -z -uall [258ms]
2024-06-04 18:18:14.161 [info] > git config --get commit.template [25ms]
2024-06-04 18:18:14.163 [info] > git for-each-ref --format=%(refname)%00%(upstream:short)%00%(objectname)%00%(upstream:track)%00%(upstream:remotename)%00%(upstream:remoteref) refs/heads/main refs/remotes/main [3ms]
2024-06-04 18:18:14.438 [info] > git status -z -uall [256ms]
2024-06-04 18:18:19.601 [info] > git config --get commit.template [24ms]
2024-06-04 18:18:19.604 [info] > git for-each-ref --format=%(refname)%00%(upstream:short)%00%(objectname)%00%(upstream:track)%00%(upstream:remotename)%00%(upstream:remoteref) refs/heads/main refs/remotes/main [4ms]
2024-06-04 18:18:19.869 [info] > git status -z -uall [241ms]
2024-06-04 18:21:10.165 [info] > git check-ignore -v -z --stdin [6ms]
2024-06-04 18:21:10.874 [info] > git config --get commit.template [19ms]
2024-06-04 18:21:10.876 [info] > git for-each-ref --format=%(refname)%00%(upstream:short)%00%(objectname)%00%(upstream:track)%00%(upstream:remotename)%00%(upstream:remoteref) refs/heads/main refs/remotes/main [3ms]
2024-06-04 18:21:11.151 [info] > git status -z -uall [256ms]
2024-06-04 18:22:11.910 [info] > git config --get commit.template [24ms]
2024-06-04 18:22:11.911 [info] > git for-each-ref --format=%(refname)%00%(upstream:short)%00%(objectname)%00%(upstream:track)%00%(upstream:remotename)%00%(upstream:remoteref) refs/heads/master refs/remotes/master [3ms]
2024-06-04 18:22:11.932 [warning] ENOENT: no such file or directory, open '/home/student/S02_Coclock_Working/.git/refs/remotes/origin/master'
2024-06-04 18:22:11.934 [info] > git rev-parse refs/remotes/origin/master [3ms]
2024-06-04 18:22:12.027 [info] > git status -z -uall [75ms]
2024-06-04 18:22:18.033 [info] > git config --get commit.template [19ms]
2024-06-04 18:22:18.035 [info] > git for-each-ref --format=%(refname)%00%(upstream:short)%00%(objectname)%00%(upstream:track)%00%(upstream:remotename)%00%(upstream:remoteref) refs/heads/main refs/remotes/main [3ms]
2024-06-04 18:22:18.254 [info] > git status -z -uall [200ms]
2024-06-04 18:22:23.415 [info] > git config --get commit.template [22ms]
2024-06-04 18:22:23.417 [info] > git for-each-ref --format=%(refname)%00%(upstream:short)%00%(objectname)%00%(upstream:track)%00%(upstream:remotename)%00%(upstream:remoteref) refs/heads/main refs/remotes/main [5ms]
2024-06-04 18:22:23.657 [info] > git status -z -uall [219ms]
2024-06-04 18:22:28.802 [info] > git config --get commit.template [23ms]
2024-06-04 18:22:28.807 [info] > git for-each-ref --format=%(refname)%00%(upstream:short)%00%(objectname)%00%(upstream:track)%00%(upstream:remotename)%00%(upstream:remoteref) refs/heads/main refs/remotes/main [5ms]
2024-06-04 18:22:29.034 [info] > git status -z -uall [205ms]
2024-06-04 18:22:34.185 [info] > git config --get commit.template [39ms]
2024-06-04 18:22:34.190 [info] > git for-each-ref --format=%(refname)%00%(upstream:short)%00%(objectname)%00%(upstream:track)%00%(upstream:remotename)%00%(upstream:remoteref) refs/heads/main refs/remotes/main [6ms]
2024-06-04 18:22:34.504 [info] > git status -z -uall [282ms]
2024-06-04 18:22:39.679 [info] > git config --get commit.template [22ms]
2024-06-04 18:22:39.681 [info] > git for-each-ref --format=%(refname)%00%(upstream:short)%00%(objectname)%00%(upstream:track)%00%(upstream:remotename)%00%(upstream:remoteref) refs/heads/main refs/remotes/main [4ms]
2024-06-04 18:22:39.929 [info] > git status -z -uall [218ms]
2024-06-04 18:22:45.050 [info] > git config --get commit.template [22ms]
2024-06-04 18:22:45.053 [info] > git for-each-ref --format=%(refname)%00%(upstream:short)%00%(objectname)%00%(upstream:track)%00%(upstream:remotename)%00%(upstream:remoteref) refs/heads/main refs/remotes/main [4ms]
2024-06-04 18:22:45.280 [info] > git status -z -uall [206ms]
2024-06-04 18:22:50.407 [info] > git config --get commit.template [26ms]
2024-06-04 18:22:50.410 [info] > git for-each-ref --format=%(refname)%00%(upstream:short)%00%(objectname)%00%(upstream:track)%00%(upstream:remotename)%00%(upstream:remoteref) refs/heads/main refs/remotes/main [4ms]
2024-06-04 18:22:50.693 [info] > git status -z -uall [250ms]
2024-06-04 18:22:55.849 [info] > git config --get commit.template [27ms]
2024-06-04 18:22:55.852 [info] > git for-each-ref --format=%(refname)%00%(upstream:short)%00%(objectname)%00%(upstream:track)%00%(upstream:remotename)%00%(upstream:remoteref) refs/heads/main refs/remotes/main [5ms]
2024-06-04 18:22:56.076 [info] > git status -z -uall [199ms]
2024-06-04 18:23:01.201 [info] > git config --get commit.template [28ms]
2024-06-04 18:23:01.206 [info] > git for-each-ref --format=%(refname)%00%(upstream:short)%00%(objectname)%00%(upstream:track)%00%(upstream:remotename)%00%(upstream:remoteref) refs/heads/main refs/remotes/main [6ms]
2024-06-04 18:23:01.431 [info] > git status -z -uall [197ms]
2024-06-04 18:23:06.577 [info] > git config --get commit.template [38ms]
2024-06-04 18:23:06.586 [info] > git for-each-ref --format=%(refname)%00%(upstream:short)%00%(objectname)%00%(upstream:track)%00%(upstream:remotename)%00%(upstream:remoteref) refs/heads/main refs/remotes/main [11ms]
2024-06-04 18:23:06.920 [info] > git status -z -uall [284ms]
2024-06-04 18:23:12.076 [info] > git config --get commit.template [33ms]
2024-06-04 18:23:12.079 [info] > git for-each-ref --format=%(refname)%00%(upstream:short)%00%(objectname)%00%(upstream:track)%00%(upstream:remotename)%00%(upstream:remoteref) refs/heads/main refs/remotes/main [4ms]
2024-06-04 18:23:12.329 [info] > git status -z -uall [223ms]
2024-06-04 18:23:17.483 [info] > git config --get commit.template [34ms]
2024-06-04 18:23:17.486 [info] > git for-each-ref --format=%(refname)%00%(upstream:short)%00%(objectname)%00%(upstream:track)%00%(upstream:remotename)%00%(upstream:remoteref) refs/heads/main refs/remotes/main [4ms]
2024-06-04 18:23:17.766 [info] > git status -z -uall [249ms]
2024-06-04 18:23:22.902 [info] > git config --get commit.template [31ms]
2024-06-04 18:23:22.905 [info] > git for-each-ref --format=%(refname)%00%(upstream:short)%00%(objectname)%00%(upstream:track)%00%(upstream:remotename)%00%(upstream:remoteref) refs/heads/main refs/remotes/main [4ms]
2024-06-04 18:23:23.135 [info] > git status -z -uall [199ms]
2024-06-04 18:23:28.264 [info] > git config --get commit.template [32ms]
2024-06-04 18:23:28.268 [info] > git for-each-ref --format=%(refname)%00%(upstream:short)%00%(objectname)%00%(upstream:track)%00%(upstream:remotename)%00%(upstream:remoteref) refs/heads/main refs/remotes/main [5ms]
2024-06-04 18:23:28.513 [info] > git status -z -uall [216ms]
2024-06-04 18:23:33.669 [info] > git config --get commit.template [43ms]
2024-06-04 18:23:33.673 [info] > git for-each-ref --format=%(refname)%00%(upstream:short)%00%(objectname)%00%(upstream:track)%00%(upstream:remotename)%00%(upstream:remoteref) refs/heads/main refs/remotes/main [5ms]
2024-06-04 18:23:33.957 [info] > git status -z -uall [232ms]
2024-06-04 18:23:39.143 [info] > git config --get commit.template [32ms]
2024-06-04 18:23:39.146 [info] > git for-each-ref --format=%(refname)%00%(upstream:short)%00%(objectname)%00%(upstream:track)%00%(upstream:remotename)%00%(upstream:remoteref) refs/heads/main refs/remotes/main [4ms]
2024-06-04 18:23:39.372 [info] > git status -z -uall [193ms]
2024-06-04 18:23:44.495 [info] > git config --get commit.template [34ms]
2024-06-04 18:23:44.497 [info] > git for-each-ref --format=%(refname)%00%(upstream:short)%00%(objectname)%00%(upstream:track)%00%(upstream:remotename)%00%(upstream:remoteref) refs/heads/main refs/remotes/main [4ms]
2024-06-04 18:23:44.733 [info] > git status -z -uall [203ms]
2024-06-04 18:30:32.920 [info] > git config --get commit.template [18ms]
2024-06-04 18:30:32.922 [info] > git for-each-ref --format=%(refname)%00%(upstream:short)%00%(objectname)%00%(upstream:track)%00%(upstream:remotename)%00%(upstream:remoteref) refs/heads/main refs/remotes/main [4ms]
2024-06-04 18:30:33.214 [info] > git status -z -uall [275ms]
2024-06-04 18:30:38.368 [info] > git config --get commit.template [26ms]
2024-06-04 18:30:38.370 [info] > git for-each-ref --format=%(refname)%00%(upstream:short)%00%(objectname)%00%(upstream:track)%00%(upstream:remotename)%00%(upstream:remoteref) refs/heads/main refs/remotes/main [5ms]
2024-06-04 18:30:38.653 [info] > git status -z -uall [263ms]
