2024-03-29 08:38:58.532 [info] Log level: Info
2024-03-29 08:38:58.532 [info] Validating found git in: "git"
2024-03-29 08:38:58.532 [info] Using git "2.34.1" from "git"
2024-03-29 08:38:58.532 [info] > git rev-parse --show-toplevel [2ms]
2024-03-29 08:38:58.532 [info] fatal: not a git repository (or any of the parent directories): .git
2024-03-29 08:38:58.532 [info] > git rev-parse --show-toplevel [3ms]
2024-03-29 08:38:58.532 [info] fatal: not a git repository (or any of the parent directories): .git
2024-03-29 08:38:58.532 [info] > git rev-parse --show-toplevel [3ms]
2024-03-29 08:38:58.532 [info] fatal: not a git repository (or any of the parent directories): .git
2024-03-29 08:38:58.532 [info] > git rev-parse --show-toplevel [4ms]
2024-03-29 08:38:58.532 [info] fatal: not a git repository (or any of the parent directories): .git
2024-03-29 08:38:58.532 [info] > git rev-parse --show-toplevel [4ms]
2024-03-29 08:38:58.532 [info] fatal: not a git repository (or any of the parent directories): .git
2024-03-29 08:38:58.532 [info] > git rev-parse --show-toplevel [5ms]
2024-03-29 08:38:58.532 [info] fatal: not a git repository (or any of the parent directories): .git
2024-03-29 08:38:58.532 [info] > git rev-parse --show-toplevel [10ms]
2024-03-29 08:38:58.532 [info] fatal: not a git repository (or any of the parent directories): .git
2024-03-29 08:38:58.532 [info] > git rev-parse --show-toplevel [3ms]
2024-03-29 08:38:58.532 [info] fatal: not a git repository (or any of the parent directories): .git
2024-03-29 08:38:58.532 [info] > git rev-parse --show-toplevel [3ms]
2024-03-29 08:38:58.532 [info] fatal: not a git repository (or any of the parent directories): .git
2024-03-29 08:38:58.532 [info] > git rev-parse --show-toplevel [1ms]
2024-03-29 08:38:58.532 [info] > git rev-parse --git-dir --git-common-dir [2ms]
2024-03-29 08:38:58.532 [info] Open repository: /home/student/S01-OVitrine-J3-cedricRGT45
2024-03-29 08:38:58.532 [info] > git config --get commit.template [58ms]
2024-03-29 08:38:58.532 [info] > git rev-parse --show-toplevel [53ms]
2024-03-29 08:38:58.532 [info] > git for-each-ref --format=%(refname)%00%(upstream:short)%00%(objectname)%00%(upstream:track)%00%(upstream:remotename)%00%(upstream:remoteref) refs/heads/master refs/remotes/master [22ms]
2024-03-29 08:38:58.532 [info] > git rev-parse --git-dir --git-common-dir [10ms]
2024-03-29 08:38:58.532 [info] Open repository: /home/student/S01-OVitrine-cedricRGT45
2024-03-29 08:38:58.532 [info] > git rev-parse --show-toplevel [6ms]
2024-03-29 08:38:58.532 [info] > git config --get commit.template [19ms]
2024-03-29 08:38:58.572 [info] > git status -z -uall [25ms]
2024-03-29 08:38:58.612 [info] > git for-each-ref --format=%(refname)%00%(upstream:short)%00%(objectname)%00%(upstream:track)%00%(upstream:remotename)%00%(upstream:remoteref) refs/heads/master refs/remotes/master [41ms]
2024-03-29 08:38:58.613 [info] > git rev-parse --git-dir --git-common-dir [54ms]
2024-03-29 08:38:58.620 [info] Open repository: /home/student/S01-Ovitrine-J2-cedricRGT45
2024-03-29 08:38:58.668 [info] > git config --get commit.template [69ms]
2024-03-29 08:38:58.676 [info] > git config --get commit.template [35ms]
2024-03-29 08:38:58.697 [info] > git rev-parse --show-toplevel [29ms]
2024-03-29 08:38:58.697 [info] fatal: not a git repository (or any of the parent directories): .git
2024-03-29 08:38:58.754 [info] > git for-each-ref --format=%(refname)%00%(upstream:short)%00%(objectname)%00%(upstream:track)%00%(upstream:remotename)%00%(upstream:remoteref) refs/heads/master refs/remotes/master [61ms]
2024-03-29 08:38:58.862 [info] > git status -z -uall [139ms]
2024-03-29 08:38:58.862 [info] > git for-each-ref --format=%(refname)%00%(upstream:short)%00%(objectname)%00%(upstream:track)%00%(upstream:remotename)%00%(upstream:remoteref) refs/heads/master refs/remotes/master [125ms]
2024-03-29 08:38:58.891 [info] > git rev-parse --show-toplevel [137ms]
2024-03-29 08:38:58.891 [info] fatal: not a git repository (or any of the parent directories): .git
2024-03-29 08:38:58.898 [info] > git config --get commit.template [13ms]
2024-03-29 08:38:58.959 [info] > git status -z -uall [51ms]
2024-03-29 08:38:58.959 [info] > git status -z -uall [40ms]
2024-03-29 08:38:58.959 [info] > git check-ignore -v -z --stdin [28ms]
2024-03-29 08:38:59.000 [info] > git for-each-ref --format=%(refname)%00%(upstream:short)%00%(objectname)%00%(upstream:track)%00%(upstream:remotename)%00%(upstream:remoteref) refs/heads/master refs/remotes/master [58ms]
2024-03-29 08:38:59.001 [info] > git config --get commit.template [3ms]
2024-03-29 08:38:59.023 [info] > git for-each-ref --format=%(refname)%00%(upstream:short)%00%(objectname)%00%(upstream:track)%00%(upstream:remotename)%00%(upstream:remoteref) refs/heads/master refs/remotes/master [12ms]
2024-03-29 08:38:59.036 [info] > git status -z -uall [13ms]
2024-03-29 08:38:59.040 [info] > git status -z -uall [6ms]
2024-03-29 08:38:59.644 [info] > git check-ignore -v -z --stdin [27ms]
2024-03-29 08:38:59.646 [info] > git check-ignore -v -z --stdin [15ms]
2024-03-29 08:38:59.646 [info] > git check-ignore -v -z --stdin [4ms]
2024-03-29 08:41:51.169 [info] > git rev-parse --show-toplevel [4ms]
2024-03-29 08:41:51.170 [info] fatal: not a git repository (or any of the parent directories): .git
2024-03-29 08:41:52.429 [info] > git rev-parse --show-toplevel [5ms]
2024-03-29 08:41:52.429 [info] fatal: not a git repository (or any of the parent directories): .git
2024-03-29 08:41:52.812 [info] > git check-ignore -v -z --stdin [17ms]
2024-03-29 08:41:56.167 [info] > git check-ignore -v -z --stdin [4ms]
2024-03-29 08:46:14.748 [info] > git log --oneline --cherry master...master@{upstream} -- [3ms]
2024-03-29 08:46:16.111 [info] > git pull --tags origin master [1345ms]
2024-03-29 08:46:16.111 [info] From github.com:O-clock-Naga/S01-OVitrine-J3-cedricRGT45
 * branch            master     -> FETCH_HEAD
2024-03-29 08:46:16.146 [info] > git config --get commit.template [16ms]
2024-03-29 08:46:16.147 [info] > git for-each-ref --format=%(refname)%00%(upstream:short)%00%(objectname)%00%(upstream:track)%00%(upstream:remotename)%00%(upstream:remoteref) refs/heads/master refs/remotes/master [4ms]
2024-03-29 08:46:16.169 [info] > git status -z -uall [4ms]
2024-03-29 08:46:17.297 [info] > git config --get commit.template [15ms]
2024-03-29 08:46:17.300 [info] > git for-each-ref --format=%(refname)%00%(upstream:short)%00%(objectname)%00%(upstream:track)%00%(upstream:remotename)%00%(upstream:remoteref) refs/heads/master refs/remotes/master [6ms]
2024-03-29 08:46:17.316 [info] > git status -z -uall [3ms]
2024-03-29 08:46:22.058 [info] > git rev-parse --show-toplevel [5ms]
2024-03-29 08:46:22.058 [info] fatal: not a git repository (or any of the parent directories): .git
