2024-06-17 09:08:52.177 [info] Log level: Info
2024-06-17 09:08:52.177 [info] Validating found git in: "git"
2024-06-17 09:08:52.177 [info] Using git "2.34.1" from "git"
2024-06-17 09:08:52.177 [info] > git rev-parse --show-toplevel [442ms]
2024-06-17 09:08:52.187 [info] > git rev-parse --git-dir --git-common-dir [17ms]
2024-06-17 09:08:52.216 [info] Open repository: /home/student
2024-06-17 09:08:52.256 [info] > git config --get commit.template [21ms]
2024-06-17 09:08:52.285 [info] > git rev-parse --show-toplevel [35ms]
2024-06-17 09:08:52.317 [info] > git for-each-ref --format=%(refname)%00%(upstream:short)%00%(objectname)%00%(upstream:track)%00%(upstream:remotename)%00%(upstream:remoteref) refs/heads/main refs/remotes/main [35ms]
2024-06-17 09:08:52.338 [info] > git rev-parse --git-dir --git-common-dir [25ms]
2024-06-17 09:08:52.344 [info] Open repository: /home/student/S03_CICD
2024-06-17 09:08:52.432 [info] > git config --get commit.template [38ms]
2024-06-17 09:08:52.435 [info] > git rev-parse --show-toplevel [21ms]
2024-06-17 09:08:52.519 [info] > git for-each-ref --format=%(refname)%00%(upstream:short)%00%(objectname)%00%(upstream:track)%00%(upstream:remotename)%00%(upstream:remoteref) refs/heads/main refs/remotes/main [48ms]
2024-06-17 09:08:52.587 [info] > git rev-parse --show-toplevel [79ms]
2024-06-17 09:08:52.613 [info] > git status -z -uall [27ms]
2024-06-17 09:08:52.749 [info] > git merge-base refs/heads/main refs/remotes/origin/main [100ms]
2024-06-17 09:08:52.804 [info] > git rev-parse --show-toplevel [196ms]
2024-06-17 09:08:53.004 [info] > git rev-list --count --left-right refs/heads/main...refs/remotes/origin/main [201ms]
2024-06-17 09:08:53.020 [info] > git config --get commit.template [273ms]
2024-06-17 09:08:53.075 [info] > git check-ignore -v -z --stdin [32ms]
2024-06-17 09:08:53.077 [info] > git diff --name-status -z --diff-filter=ADMR a7014ff6b939981ba0b176f7c1832f5985321980...refs/remotes/origin/main [57ms]
2024-06-17 09:08:53.078 [info] > git rev-parse --show-toplevel [105ms]
2024-06-17 09:08:53.204 [info] > git status -z -uall [869ms]
2024-06-17 09:08:53.206 [info] > git check-ignore -v -z --stdin [137ms]
2024-06-17 09:08:53.207 [info] > git for-each-ref --format=%(refname)%00%(upstream:short)%00%(objectname)%00%(upstream:track)%00%(upstream:remotename)%00%(upstream:remoteref) refs/heads/main refs/remotes/main [97ms]
2024-06-17 09:08:53.223 [info] > git rev-parse --show-toplevel [94ms]
2024-06-17 09:08:54.980 [info] > git merge-base refs/heads/main refs/remotes/origin/main [1638ms]
2024-06-17 09:08:55.023 [info] > git rev-list --count --left-right refs/heads/main...refs/remotes/origin/main [20ms]
2024-06-17 09:08:55.041 [info] > git config --get commit.template [87ms]
2024-06-17 09:08:55.041 [info] > git rev-parse --show-toplevel [104ms]
2024-06-17 09:08:55.106 [info] > git status -z -uall [46ms]
2024-06-17 09:08:55.106 [info] > git rev-parse --show-toplevel [29ms]
2024-06-17 09:08:55.113 [info] > git diff --name-status -z --diff-filter=ADMR 82fdcc4827cad87ccb8e6374629a90d1dd519f36...refs/remotes/origin/main [74ms]
2024-06-17 09:08:55.140 [info] > git for-each-ref --format=%(refname)%00%(upstream:short)%00%(objectname)%00%(upstream:track)%00%(upstream:remotename)%00%(upstream:remoteref) refs/heads/main refs/remotes/main [36ms]
2024-06-17 09:08:55.168 [info] > git rev-parse --show-toplevel [30ms]
2024-06-17 09:08:55.235 [info] > git rev-parse --show-toplevel [28ms]
2024-06-17 09:08:55.302 [info] > git rev-parse --show-toplevel [14ms]
2024-06-17 09:08:55.343 [info] > git rev-parse --show-toplevel [14ms]
2024-06-17 09:08:55.380 [info] > git rev-parse --git-dir --git-common-dir [15ms]
2024-06-17 09:08:55.387 [info] Open repository: /home/student/S02_Coclock_Working
2024-06-17 09:08:55.440 [info] > git config --get commit.template [28ms]
2024-06-17 09:08:55.464 [info] > git rev-parse --show-toplevel [30ms]
2024-06-17 09:08:55.534 [info] > git status -z -uall [371ms]
2024-06-17 09:08:55.534 [info] > git check-ignore -v -z --stdin [29ms]
2024-06-17 09:08:55.535 [info] > git check-ignore -v -z --stdin [12ms]
2024-06-17 09:08:55.535 [info] > git rev-parse --git-dir --git-common-dir [50ms]
2024-06-17 09:08:55.540 [info] Open repository: /home/student/S03_challenge_E03-cedricRGT45
2024-06-17 09:08:55.541 [info] > git for-each-ref --format=%(refname)%00%(upstream:short)%00%(objectname)%00%(upstream:track)%00%(upstream:remotename)%00%(upstream:remoteref) refs/heads/master refs/remotes/master [79ms]
2024-06-17 09:08:55.591 [warning] ENOENT: no such file or directory, open '/home/student/S02_Coclock_Working/.git/refs/remotes/origin/master'
2024-06-17 09:08:55.705 [info] > git rev-parse refs/remotes/origin/master [115ms]
2024-06-17 09:08:55.721 [info] > git rev-parse --show-toplevel [147ms]
2024-06-17 09:08:55.768 [info] > git config --get commit.template [211ms]
2024-06-17 09:08:56.795 [info] > git status -z -uall [1074ms]
2024-06-17 09:08:56.795 [info] > git show --textconv :projet/frontend/src/components/App/Content/Products/ProductsList.tsx [1050ms]
2024-06-17 09:08:56.795 [info] > git ls-files --stage -- /home/student/S03_CICD/projet/frontend/src/components/App/Content/Products/ProductsList.tsx [1027ms]
2024-06-17 09:08:56.855 [info] > git merge-base refs/heads/master refs/remotes/origin/master [42ms]
2024-06-17 09:08:56.884 [info] > git config --get commit.template [30ms]
2024-06-17 09:08:56.884 [info] > git for-each-ref --format=%(refname)%00%(upstream:short)%00%(objectname)%00%(upstream:track)%00%(upstream:remotename)%00%(upstream:remoteref) refs/heads/master refs/remotes/master [48ms]
2024-06-17 09:08:56.885 [info] > git rev-list --count --left-right refs/heads/master...refs/remotes/origin/master [13ms]
2024-06-17 09:08:56.928 [info] > git for-each-ref --format=%(refname)%00%(upstream:short)%00%(objectname)%00%(upstream:track)%00%(upstream:remotename)%00%(upstream:remoteref) refs/heads/master refs/remotes/master [7ms]
2024-06-17 09:08:56.928 [info] > git diff --name-status -z --diff-filter=ADMR 55e66f96c5ba6b77b9d257d5579e211274f560ad...refs/remotes/origin/master [25ms]
2024-06-17 09:08:56.962 [warning] ENOENT: no such file or directory, open '/home/student/S02_Coclock_Working/.git/refs/remotes/origin/master'
2024-06-17 09:08:56.967 [info] > git status -z -uall [22ms]
2024-06-17 09:08:57.009 [info] > git merge-base refs/heads/master refs/remotes/origin/master [23ms]
2024-06-17 09:08:57.028 [info] > git rev-parse refs/remotes/origin/master [66ms]
2024-06-17 09:08:57.069 [info] > git rev-list --count --left-right refs/heads/master...refs/remotes/origin/master [41ms]
2024-06-17 09:08:57.134 [info] > git config --get commit.template [125ms]
2024-06-17 09:08:57.146 [info] > git diff --name-status -z --diff-filter=ADMR 975a3b72ecb66730915a439ab1fcef8b86382076...refs/remotes/origin/master [13ms]
2024-06-17 09:08:57.183 [info] > git for-each-ref --format=%(refname)%00%(upstream:short)%00%(objectname)%00%(upstream:track)%00%(upstream:remotename)%00%(upstream:remoteref) refs/heads/master refs/remotes/master [17ms]
2024-06-17 09:08:57.210 [info] > git status -z -uall [147ms]
2024-06-17 09:08:57.214 [info] > git status -z -uall [5ms]
2024-06-17 09:08:57.451 [info] > git check-ignore -v -z --stdin [58ms]
2024-06-17 09:08:57.452 [info] > git check-ignore -v -z --stdin [40ms]
2024-06-17 09:08:57.453 [info] > git check-ignore -v -z --stdin [22ms]
2024-06-17 09:08:57.457 [info] > git check-ignore -v -z --stdin [8ms]
2024-06-17 09:08:57.882 [info] > git for-each-ref --format=%(refname)%00%(upstream:short)%00%(objectname)%00%(upstream:track)%00%(upstream:remotename)%00%(upstream:remoteref) refs/heads/main refs/remotes/main [60ms]
2024-06-17 09:08:57.882 [info] > git config --get commit.template [77ms]
2024-06-17 09:08:58.093 [info] > git status -z -uall [192ms]
2024-06-17 09:08:59.736 [info] > git check-ignore -v -z --stdin [20ms]
2024-06-17 09:08:59.738 [info] > git check-ignore -v -z --stdin [4ms]
2024-06-17 09:09:01.108 [info] > git check-ignore -v -z --stdin [21ms]
2024-06-17 09:09:01.109 [info] > git check-ignore -v -z --stdin [3ms]
2024-06-17 09:09:03.221 [info] > git config --get commit.template [19ms]
2024-06-17 09:09:03.224 [info] > git for-each-ref --format=%(refname)%00%(upstream:short)%00%(objectname)%00%(upstream:track)%00%(upstream:remotename)%00%(upstream:remoteref) refs/heads/main refs/remotes/main [3ms]
2024-06-17 09:09:03.428 [info] > git status -z -uall [187ms]
2024-06-17 09:09:08.528 [info] > git config --get commit.template [2ms]
2024-06-17 09:09:08.550 [info] > git for-each-ref --format=%(refname)%00%(upstream:short)%00%(objectname)%00%(upstream:track)%00%(upstream:remotename)%00%(upstream:remoteref) refs/heads/main refs/remotes/main [3ms]
2024-06-17 09:09:08.756 [info] > git status -z -uall [186ms]
2024-06-17 09:09:13.866 [info] > git config --get commit.template [23ms]
2024-06-17 09:09:13.868 [info] > git for-each-ref --format=%(refname)%00%(upstream:short)%00%(objectname)%00%(upstream:track)%00%(upstream:remotename)%00%(upstream:remoteref) refs/heads/main refs/remotes/main [3ms]
2024-06-17 09:09:14.077 [info] > git status -z -uall [190ms]
2024-06-17 09:09:19.190 [info] > git config --get commit.template [25ms]
2024-06-17 09:09:19.195 [info] > git for-each-ref --format=%(refname)%00%(upstream:short)%00%(objectname)%00%(upstream:track)%00%(upstream:remotename)%00%(upstream:remoteref) refs/heads/main refs/remotes/main [6ms]
2024-06-17 09:09:19.408 [info] > git status -z -uall [189ms]
2024-06-17 09:09:24.522 [info] > git config --get commit.template [23ms]
2024-06-17 09:09:24.524 [info] > git for-each-ref --format=%(refname)%00%(upstream:short)%00%(objectname)%00%(upstream:track)%00%(upstream:remotename)%00%(upstream:remoteref) refs/heads/main refs/remotes/main [3ms]
2024-06-17 09:09:24.734 [info] > git status -z -uall [187ms]
2024-06-17 09:09:29.853 [info] > git config --get commit.template [25ms]
2024-06-17 09:09:29.855 [info] > git for-each-ref --format=%(refname)%00%(upstream:short)%00%(objectname)%00%(upstream:track)%00%(upstream:remotename)%00%(upstream:remoteref) refs/heads/main refs/remotes/main [4ms]
2024-06-17 09:09:30.065 [info] > git status -z -uall [186ms]
2024-06-17 09:09:35.202 [info] > git config --get commit.template [33ms]
2024-06-17 09:09:35.204 [info] > git for-each-ref --format=%(refname)%00%(upstream:short)%00%(objectname)%00%(upstream:track)%00%(upstream:remotename)%00%(upstream:remoteref) refs/heads/main refs/remotes/main [4ms]
2024-06-17 09:09:35.464 [info] > git status -z -uall [232ms]
2024-06-17 09:09:37.818 [info] > git config --get commit.template [27ms]
2024-06-17 09:09:37.819 [info] > git for-each-ref --format=%(refname)%00%(upstream:short)%00%(objectname)%00%(upstream:track)%00%(upstream:remotename)%00%(upstream:remoteref) refs/heads/main refs/remotes/main [3ms]
2024-06-17 09:09:37.848 [info] > git status -z -uall [4ms]
2024-06-17 09:09:40.610 [info] > git config --get commit.template [26ms]
2024-06-17 09:09:40.612 [info] > git for-each-ref --format=%(refname)%00%(upstream:short)%00%(objectname)%00%(upstream:track)%00%(upstream:remotename)%00%(upstream:remoteref) refs/heads/main refs/remotes/main [3ms]
2024-06-17 09:09:40.830 [info] > git status -z -uall [192ms]
2024-06-17 09:09:45.955 [info] > git config --get commit.template [28ms]
2024-06-17 09:09:45.957 [info] > git for-each-ref --format=%(refname)%00%(upstream:short)%00%(objectname)%00%(upstream:track)%00%(upstream:remotename)%00%(upstream:remoteref) refs/heads/main refs/remotes/main [4ms]
2024-06-17 09:09:46.235 [info] > git status -z -uall [251ms]
2024-06-17 09:09:56.220 [info] > git config --get commit.template [29ms]
2024-06-17 09:09:56.222 [info] > git for-each-ref --format=%(refname)%00%(upstream:short)%00%(objectname)%00%(upstream:track)%00%(upstream:remotename)%00%(upstream:remoteref) refs/heads/main refs/remotes/main [4ms]
2024-06-17 09:09:56.439 [info] > git status -z -uall [188ms]
2024-06-17 09:10:20.193 [info] > git config --get commit.template [31ms]
2024-06-17 09:10:20.195 [info] > git for-each-ref --format=%(refname)%00%(upstream:short)%00%(objectname)%00%(upstream:track)%00%(upstream:remotename)%00%(upstream:remoteref) refs/heads/main refs/remotes/main [3ms]
2024-06-17 09:10:20.416 [info] > git status -z -uall [189ms]
2024-06-17 09:10:39.585 [info] > git config --get commit.template [31ms]
2024-06-17 09:10:39.588 [info] > git for-each-ref --format=%(refname)%00%(upstream:short)%00%(objectname)%00%(upstream:track)%00%(upstream:remotename)%00%(upstream:remoteref) refs/heads/main refs/remotes/main [3ms]
2024-06-17 09:10:39.803 [info] > git status -z -uall [187ms]
2024-06-17 09:11:06.652 [info] > git for-each-ref --format=%(refname)%00%(upstream:short)%00%(objectname)%00%(upstream:track)%00%(upstream:remotename)%00%(upstream:remoteref) refs/heads/main refs/remotes/main [4ms]
2024-06-17 09:11:06.652 [info] > git config --get commit.template [21ms]
2024-06-17 09:11:06.868 [info] > git status -z -uall [201ms]
2024-06-17 09:11:52.445 [info] > git for-each-ref --format=%(refname)%00%(upstream:short)%00%(objectname)%00%(upstream:track)%00%(upstream:remotename)%00%(upstream:remoteref) refs/heads/main refs/remotes/main [11ms]
2024-06-17 09:11:52.447 [info] > git config --get commit.template [31ms]
2024-06-17 09:11:52.656 [info] > git status -z -uall [195ms]
2024-06-17 09:12:11.593 [info] > git config --get commit.template [18ms]
2024-06-17 09:12:11.594 [info] > git for-each-ref --format=%(refname)%00%(upstream:short)%00%(objectname)%00%(upstream:track)%00%(upstream:remotename)%00%(upstream:remoteref) refs/heads/main refs/remotes/main [3ms]
2024-06-17 09:12:11.802 [info] > git status -z -uall [190ms]
2024-06-17 09:12:24.084 [info] > git config --get commit.template [17ms]
2024-06-17 09:12:24.086 [info] > git for-each-ref --format=%(refname)%00%(upstream:short)%00%(objectname)%00%(upstream:track)%00%(upstream:remotename)%00%(upstream:remoteref) refs/heads/main refs/remotes/main [3ms]
2024-06-17 09:12:24.291 [info] > git status -z -uall [189ms]
2024-06-17 09:12:26.243 [info] > git check-ignore -v -z --stdin [2ms]
2024-06-17 09:12:27.245 [info] > git check-ignore -v -z --stdin [2ms]
2024-06-17 09:12:28.065 [info] > git check-ignore -v -z --stdin [2ms]
2024-06-17 09:12:29.414 [info] > git config --get commit.template [19ms]
2024-06-17 09:12:29.416 [info] > git for-each-ref --format=%(refname)%00%(upstream:short)%00%(objectname)%00%(upstream:track)%00%(upstream:remotename)%00%(upstream:remoteref) refs/heads/main refs/remotes/main [4ms]
2024-06-17 09:12:29.618 [info] > git status -z -uall [185ms]
2024-06-17 09:12:34.476 [info] > git check-ignore -v -z --stdin [2ms]
2024-06-17 09:12:34.729 [info] > git config --get commit.template [18ms]
2024-06-17 09:12:34.731 [info] > git for-each-ref --format=%(refname)%00%(upstream:short)%00%(objectname)%00%(upstream:track)%00%(upstream:remotename)%00%(upstream:remoteref) refs/heads/main refs/remotes/main [3ms]
2024-06-17 09:12:34.933 [info] > git status -z -uall [185ms]
2024-06-17 09:12:38.406 [info] > git check-ignore -v -z --stdin [2ms]
2024-06-17 09:12:40.044 [info] > git config --get commit.template [19ms]
2024-06-17 09:12:40.046 [info] > git for-each-ref --format=%(refname)%00%(upstream:short)%00%(objectname)%00%(upstream:track)%00%(upstream:remotename)%00%(upstream:remoteref) refs/heads/main refs/remotes/main [3ms]
2024-06-17 09:12:40.250 [info] > git status -z -uall [185ms]
2024-06-17 09:12:41.740 [info] > git check-ignore -v -z --stdin [2ms]
2024-06-17 09:12:42.433 [info] > git check-ignore -v -z --stdin [2ms]
2024-06-17 09:12:43.828 [info] > git check-ignore -v -z --stdin [2ms]
2024-06-17 09:12:45.361 [info] > git config --get commit.template [20ms]
2024-06-17 09:12:45.364 [info] > git for-each-ref --format=%(refname)%00%(upstream:short)%00%(objectname)%00%(upstream:track)%00%(upstream:remotename)%00%(upstream:remoteref) refs/heads/main refs/remotes/main [4ms]
2024-06-17 09:12:45.571 [info] > git status -z -uall [188ms]
2024-06-17 09:12:47.887 [info] > git check-ignore -v -z --stdin [2ms]
2024-06-17 09:12:50.686 [info] > git config --get commit.template [20ms]
2024-06-17 09:12:50.688 [info] > git for-each-ref --format=%(refname)%00%(upstream:short)%00%(objectname)%00%(upstream:track)%00%(upstream:remotename)%00%(upstream:remoteref) refs/heads/main refs/remotes/main [3ms]
2024-06-17 09:12:50.894 [info] > git status -z -uall [186ms]
2024-06-17 09:12:53.969 [info] > git check-ignore -v -z --stdin [9ms]
2024-06-17 09:13:00.280 [info] > git config --get commit.template [21ms]
2024-06-17 09:13:00.282 [info] > git for-each-ref --format=%(refname)%00%(upstream:short)%00%(objectname)%00%(upstream:track)%00%(upstream:remotename)%00%(upstream:remoteref) refs/heads/main refs/remotes/main [3ms]
2024-06-17 09:13:00.489 [info] > git status -z -uall [186ms]
2024-06-17 09:13:10.731 [info] > git config --get commit.template [23ms]
2024-06-17 09:13:10.733 [info] > git for-each-ref --format=%(refname)%00%(upstream:short)%00%(objectname)%00%(upstream:track)%00%(upstream:remotename)%00%(upstream:remoteref) refs/heads/main refs/remotes/main [4ms]
2024-06-17 09:13:10.940 [info] > git status -z -uall [186ms]
2024-06-17 09:13:16.059 [info] > git config --get commit.template [26ms]
2024-06-17 09:13:16.060 [info] > git for-each-ref --format=%(refname)%00%(upstream:short)%00%(objectname)%00%(upstream:track)%00%(upstream:remotename)%00%(upstream:remoteref) refs/heads/main refs/remotes/main [3ms]
2024-06-17 09:13:16.270 [info] > git status -z -uall [187ms]
2024-06-17 09:13:21.390 [info] > git config --get commit.template [26ms]
2024-06-17 09:13:21.392 [info] > git for-each-ref --format=%(refname)%00%(upstream:short)%00%(objectname)%00%(upstream:track)%00%(upstream:remotename)%00%(upstream:remoteref) refs/heads/main refs/remotes/main [3ms]
2024-06-17 09:13:21.607 [info] > git status -z -uall [191ms]
2024-06-17 09:13:26.729 [info] > git config --get commit.template [26ms]
2024-06-17 09:13:26.731 [info] > git for-each-ref --format=%(refname)%00%(upstream:short)%00%(objectname)%00%(upstream:track)%00%(upstream:remotename)%00%(upstream:remoteref) refs/heads/main refs/remotes/main [3ms]
2024-06-17 09:13:26.942 [info] > git status -z -uall [186ms]
2024-06-17 09:13:29.027 [info] > git config --get commit.template [20ms]
2024-06-17 09:13:29.028 [info] > git for-each-ref --format=%(refname)%00%(upstream:short)%00%(objectname)%00%(upstream:track)%00%(upstream:remotename)%00%(upstream:remoteref) refs/heads/main refs/remotes/main [3ms]
2024-06-17 09:13:29.050 [info] > git status -z -uall [4ms]
2024-06-17 09:13:32.051 [info] > git config --get commit.template [20ms]
2024-06-17 09:13:32.053 [info] > git for-each-ref --format=%(refname)%00%(upstream:short)%00%(objectname)%00%(upstream:track)%00%(upstream:remotename)%00%(upstream:remoteref) refs/heads/main refs/remotes/main [3ms]
2024-06-17 09:13:32.265 [info] > git status -z -uall [193ms]
2024-06-17 09:13:37.383 [info] > git config --get commit.template [19ms]
2024-06-17 09:13:37.385 [info] > git for-each-ref --format=%(refname)%00%(upstream:short)%00%(objectname)%00%(upstream:track)%00%(upstream:remotename)%00%(upstream:remoteref) refs/heads/main refs/remotes/main [3ms]
2024-06-17 09:13:37.591 [info] > git status -z -uall [187ms]
2024-06-17 09:13:42.702 [info] > git config --get commit.template [20ms]
2024-06-17 09:13:42.705 [info] > git for-each-ref --format=%(refname)%00%(upstream:short)%00%(objectname)%00%(upstream:track)%00%(upstream:remotename)%00%(upstream:remoteref) refs/heads/main refs/remotes/main [3ms]
2024-06-17 09:13:42.909 [info] > git status -z -uall [186ms]
2024-06-17 09:13:48.019 [info] > git config --get commit.template [20ms]
2024-06-17 09:13:48.021 [info] > git for-each-ref --format=%(refname)%00%(upstream:short)%00%(objectname)%00%(upstream:track)%00%(upstream:remotename)%00%(upstream:remoteref) refs/heads/main refs/remotes/main [3ms]
2024-06-17 09:13:48.226 [info] > git status -z -uall [186ms]
2024-06-17 09:13:53.336 [info] > git config --get commit.template [20ms]
2024-06-17 09:13:53.338 [info] > git for-each-ref --format=%(refname)%00%(upstream:short)%00%(objectname)%00%(upstream:track)%00%(upstream:remotename)%00%(upstream:remoteref) refs/heads/main refs/remotes/main [3ms]
2024-06-17 09:13:53.545 [info] > git status -z -uall [183ms]
2024-06-17 09:13:58.657 [info] > git config --get commit.template [21ms]
2024-06-17 09:13:58.660 [info] > git for-each-ref --format=%(refname)%00%(upstream:short)%00%(objectname)%00%(upstream:track)%00%(upstream:remotename)%00%(upstream:remoteref) refs/heads/main refs/remotes/main [4ms]
2024-06-17 09:13:58.866 [info] > git status -z -uall [186ms]
2024-06-17 09:14:03.980 [info] > git config --get commit.template [22ms]
2024-06-17 09:14:03.983 [info] > git for-each-ref --format=%(refname)%00%(upstream:short)%00%(objectname)%00%(upstream:track)%00%(upstream:remotename)%00%(upstream:remoteref) refs/heads/main refs/remotes/main [3ms]
2024-06-17 09:14:04.191 [info] > git status -z -uall [186ms]
2024-06-17 09:14:09.309 [info] > git config --get commit.template [24ms]
2024-06-17 09:14:09.311 [info] > git for-each-ref --format=%(refname)%00%(upstream:short)%00%(objectname)%00%(upstream:track)%00%(upstream:remotename)%00%(upstream:remoteref) refs/heads/main refs/remotes/main [3ms]
2024-06-17 09:14:09.519 [info] > git status -z -uall [186ms]
2024-06-17 09:14:14.638 [info] > git config --get commit.template [25ms]
2024-06-17 09:14:14.640 [info] > git for-each-ref --format=%(refname)%00%(upstream:short)%00%(objectname)%00%(upstream:track)%00%(upstream:remotename)%00%(upstream:remoteref) refs/heads/main refs/remotes/main [3ms]
2024-06-17 09:14:14.851 [info] > git status -z -uall [186ms]
2024-06-17 09:14:19.976 [info] > git config --get commit.template [25ms]
2024-06-17 09:14:19.979 [info] > git for-each-ref --format=%(refname)%00%(upstream:short)%00%(objectname)%00%(upstream:track)%00%(upstream:remotename)%00%(upstream:remoteref) refs/heads/main refs/remotes/main [4ms]
2024-06-17 09:14:20.189 [info] > git status -z -uall [186ms]
2024-06-17 09:14:25.311 [info] > git config --get commit.template [26ms]
2024-06-17 09:14:25.313 [info] > git for-each-ref --format=%(refname)%00%(upstream:short)%00%(objectname)%00%(upstream:track)%00%(upstream:remotename)%00%(upstream:remoteref) refs/heads/main refs/remotes/main [3ms]
2024-06-17 09:14:25.524 [info] > git status -z -uall [186ms]
2024-06-17 09:14:30.649 [info] > git config --get commit.template [28ms]
2024-06-17 09:14:30.651 [info] > git for-each-ref --format=%(refname)%00%(upstream:short)%00%(objectname)%00%(upstream:track)%00%(upstream:remotename)%00%(upstream:remoteref) refs/heads/main refs/remotes/main [3ms]
2024-06-17 09:14:30.865 [info] > git status -z -uall [188ms]
2024-06-17 09:14:35.991 [info] > git config --get commit.template [29ms]
2024-06-17 09:14:35.993 [info] > git for-each-ref --format=%(refname)%00%(upstream:short)%00%(objectname)%00%(upstream:track)%00%(upstream:remotename)%00%(upstream:remoteref) refs/heads/main refs/remotes/main [3ms]
2024-06-17 09:14:36.206 [info] > git status -z -uall [186ms]
2024-06-17 09:14:41.336 [info] > git config --get commit.template [29ms]
2024-06-17 09:14:41.338 [info] > git for-each-ref --format=%(refname)%00%(upstream:short)%00%(objectname)%00%(upstream:track)%00%(upstream:remotename)%00%(upstream:remoteref) refs/heads/main refs/remotes/main [3ms]
2024-06-17 09:14:41.578 [info] > git status -z -uall [211ms]
2024-06-17 09:14:45.557 [info] > git config --get commit.template [30ms]
2024-06-17 09:14:45.559 [info] > git for-each-ref --format=%(refname)%00%(upstream:short)%00%(objectname)%00%(upstream:track)%00%(upstream:remotename)%00%(upstream:remoteref) refs/heads/main refs/remotes/main [2ms]
2024-06-17 09:14:45.592 [info] > git status -z -uall [4ms]
2024-06-17 09:14:46.712 [info] > git config --get commit.template [32ms]
2024-06-17 09:14:46.714 [info] > git for-each-ref --format=%(refname)%00%(upstream:short)%00%(objectname)%00%(upstream:track)%00%(upstream:remotename)%00%(upstream:remoteref) refs/heads/main refs/remotes/main [4ms]
2024-06-17 09:14:46.944 [info] > git status -z -uall [201ms]
2024-06-17 09:14:52.088 [info] > git config --get commit.template [44ms]
2024-06-17 09:14:52.090 [info] > git for-each-ref --format=%(refname)%00%(upstream:short)%00%(objectname)%00%(upstream:track)%00%(upstream:remotename)%00%(upstream:remoteref) refs/heads/main refs/remotes/main [12ms]
2024-06-17 09:14:52.344 [info] > git status -z -uall [221ms]
2024-06-17 09:14:56.083 [info] > git config --get commit.template [32ms]
2024-06-17 09:14:56.084 [info] > git for-each-ref --format=%(refname)%00%(upstream:short)%00%(objectname)%00%(upstream:track)%00%(upstream:remotename)%00%(upstream:remoteref) refs/heads/main refs/remotes/main [2ms]
2024-06-17 09:14:56.120 [info] > git status -z -uall [4ms]
2024-06-17 09:14:57.447 [info] > git config --get commit.template [2ms]
2024-06-17 09:14:57.481 [info] > git for-each-ref --format=%(refname)%00%(upstream:short)%00%(objectname)%00%(upstream:track)%00%(upstream:remotename)%00%(upstream:remoteref) refs/heads/main refs/remotes/main [3ms]
2024-06-17 09:14:57.700 [info] > git status -z -uall [187ms]
2024-06-17 09:15:02.845 [info] > git config --get commit.template [34ms]
2024-06-17 09:15:02.846 [info] > git for-each-ref --format=%(refname)%00%(upstream:short)%00%(objectname)%00%(upstream:track)%00%(upstream:remotename)%00%(upstream:remoteref) refs/heads/main refs/remotes/main [4ms]
2024-06-17 09:15:03.064 [info] > git status -z -uall [186ms]
2024-06-17 09:15:08.187 [info] > git config --get commit.template [24ms]
2024-06-17 09:15:08.189 [info] > git for-each-ref --format=%(refname)%00%(upstream:short)%00%(objectname)%00%(upstream:track)%00%(upstream:remotename)%00%(upstream:remoteref) refs/heads/main refs/remotes/main [3ms]
2024-06-17 09:15:08.399 [info] > git status -z -uall [187ms]
2024-06-17 09:15:13.528 [info] > git config --get commit.template [24ms]
2024-06-17 09:15:13.530 [info] > git for-each-ref --format=%(refname)%00%(upstream:short)%00%(objectname)%00%(upstream:track)%00%(upstream:remotename)%00%(upstream:remoteref) refs/heads/main refs/remotes/main [3ms]
2024-06-17 09:15:13.738 [info] > git status -z -uall [186ms]
2024-06-17 09:15:18.861 [info] > git config --get commit.template [24ms]
2024-06-17 09:15:18.864 [info] > git for-each-ref --format=%(refname)%00%(upstream:short)%00%(objectname)%00%(upstream:track)%00%(upstream:remotename)%00%(upstream:remoteref) refs/heads/main refs/remotes/main [4ms]
2024-06-17 09:15:19.072 [info] > git status -z -uall [185ms]
2024-06-17 09:15:24.191 [info] > git config --get commit.template [23ms]
2024-06-17 09:15:24.194 [info] > git for-each-ref --format=%(refname)%00%(upstream:short)%00%(objectname)%00%(upstream:track)%00%(upstream:remotename)%00%(upstream:remoteref) refs/heads/main refs/remotes/main [3ms]
2024-06-17 09:15:24.402 [info] > git status -z -uall [186ms]
2024-06-17 09:15:36.745 [info] > git config --get commit.template [24ms]
2024-06-17 09:15:36.747 [info] > git for-each-ref --format=%(refname)%00%(upstream:short)%00%(objectname)%00%(upstream:track)%00%(upstream:remotename)%00%(upstream:remoteref) refs/heads/main refs/remotes/main [4ms]
2024-06-17 09:15:36.957 [info] > git status -z -uall [187ms]
2024-06-17 09:15:42.076 [info] > git config --get commit.template [23ms]
2024-06-17 09:15:42.078 [info] > git for-each-ref --format=%(refname)%00%(upstream:short)%00%(objectname)%00%(upstream:track)%00%(upstream:remotename)%00%(upstream:remoteref) refs/heads/main refs/remotes/main [4ms]
2024-06-17 09:15:42.287 [info] > git status -z -uall [187ms]
2024-06-17 09:15:47.406 [info] > git config --get commit.template [24ms]
2024-06-17 09:15:47.408 [info] > git for-each-ref --format=%(refname)%00%(upstream:short)%00%(objectname)%00%(upstream:track)%00%(upstream:remotename)%00%(upstream:remoteref) refs/heads/main refs/remotes/main [3ms]
2024-06-17 09:15:47.617 [info] > git status -z -uall [185ms]
2024-06-17 09:15:52.736 [info] > git config --get commit.template [24ms]
2024-06-17 09:15:52.737 [info] > git for-each-ref --format=%(refname)%00%(upstream:short)%00%(objectname)%00%(upstream:track)%00%(upstream:remotename)%00%(upstream:remoteref) refs/heads/main refs/remotes/main [3ms]
2024-06-17 09:15:52.946 [info] > git status -z -uall [186ms]
2024-06-17 09:15:58.068 [info] > git config --get commit.template [26ms]
2024-06-17 09:15:58.070 [info] > git for-each-ref --format=%(refname)%00%(upstream:short)%00%(objectname)%00%(upstream:track)%00%(upstream:remotename)%00%(upstream:remoteref) refs/heads/main refs/remotes/main [3ms]
2024-06-17 09:15:58.281 [info] > git status -z -uall [187ms]
2024-06-17 09:16:03.402 [info] > git config --get commit.template [26ms]
2024-06-17 09:16:03.404 [info] > git for-each-ref --format=%(refname)%00%(upstream:short)%00%(objectname)%00%(upstream:track)%00%(upstream:remotename)%00%(upstream:remoteref) refs/heads/main refs/remotes/main [3ms]
2024-06-17 09:16:03.615 [info] > git status -z -uall [186ms]
2024-06-17 09:16:08.738 [info] > git config --get commit.template [26ms]
2024-06-17 09:16:08.741 [info] > git for-each-ref --format=%(refname)%00%(upstream:short)%00%(objectname)%00%(upstream:track)%00%(upstream:remotename)%00%(upstream:remoteref) refs/heads/main refs/remotes/main [4ms]
2024-06-17 09:16:08.953 [info] > git status -z -uall [186ms]
2024-06-17 09:16:14.082 [info] > git config --get commit.template [29ms]
2024-06-17 09:16:14.084 [info] > git for-each-ref --format=%(refname)%00%(upstream:short)%00%(objectname)%00%(upstream:track)%00%(upstream:remotename)%00%(upstream:remoteref) refs/heads/main refs/remotes/main [4ms]
2024-06-17 09:16:14.296 [info] > git status -z -uall [185ms]
2024-06-17 09:16:19.426 [info] > git config --get commit.template [29ms]
2024-06-17 09:16:19.429 [info] > git for-each-ref --format=%(refname)%00%(upstream:short)%00%(objectname)%00%(upstream:track)%00%(upstream:remotename)%00%(upstream:remoteref) refs/heads/main refs/remotes/main [3ms]
2024-06-17 09:16:19.646 [info] > git status -z -uall [189ms]
2024-06-17 09:16:24.779 [info] > git config --get commit.template [31ms]
2024-06-17 09:16:24.782 [info] > git for-each-ref --format=%(refname)%00%(upstream:short)%00%(objectname)%00%(upstream:track)%00%(upstream:remotename)%00%(upstream:remoteref) refs/heads/main refs/remotes/main [3ms]
2024-06-17 09:16:24.998 [info] > git status -z -uall [188ms]
2024-06-17 09:16:30.131 [info] > git config --get commit.template [31ms]
2024-06-17 09:16:30.133 [info] > git for-each-ref --format=%(refname)%00%(upstream:short)%00%(objectname)%00%(upstream:track)%00%(upstream:remotename)%00%(upstream:remoteref) refs/heads/main refs/remotes/main [3ms]
2024-06-17 09:16:30.349 [info] > git status -z -uall [186ms]
2024-06-17 09:23:15.106 [info] > git config --get commit.template [14ms]
2024-06-17 09:23:15.108 [info] > git for-each-ref --format=%(refname)%00%(upstream:short)%00%(objectname)%00%(upstream:track)%00%(upstream:remotename)%00%(upstream:remoteref) refs/heads/main refs/remotes/main [3ms]
2024-06-17 09:23:15.323 [info] > git status -z -uall [201ms]
2024-06-17 09:29:08.205 [info] > git config --get commit.template [17ms]
2024-06-17 09:29:08.207 [info] > git for-each-ref --format=%(refname)%00%(upstream:short)%00%(objectname)%00%(upstream:track)%00%(upstream:remotename)%00%(upstream:remoteref) refs/heads/main refs/remotes/main [4ms]
2024-06-17 09:29:08.412 [info] > git status -z -uall [191ms]
2024-06-17 09:29:27.328 [info] > git config --get commit.template [17ms]
2024-06-17 09:29:27.330 [info] > git for-each-ref --format=%(refname)%00%(upstream:short)%00%(objectname)%00%(upstream:track)%00%(upstream:remotename)%00%(upstream:remoteref) refs/heads/main refs/remotes/main [3ms]
2024-06-17 09:29:27.533 [info] > git status -z -uall [186ms]
2024-06-17 09:29:32.663 [info] > git for-each-ref --format=%(refname)%00%(upstream:short)%00%(objectname)%00%(upstream:track)%00%(upstream:remotename)%00%(upstream:remoteref) refs/heads/main refs/remotes/main [5ms]
2024-06-17 09:29:32.664 [info] > git config --get commit.template [24ms]
2024-06-17 09:29:32.868 [info] > git status -z -uall [186ms]
2024-06-17 09:29:41.448 [info] > git config --get commit.template [20ms]
2024-06-17 09:29:41.450 [info] > git for-each-ref --format=%(refname)%00%(upstream:short)%00%(objectname)%00%(upstream:track)%00%(upstream:remotename)%00%(upstream:remoteref) refs/heads/main refs/remotes/main [3ms]
2024-06-17 09:29:41.658 [info] > git status -z -uall [189ms]
2024-06-17 09:29:58.289 [info] > git config --get commit.template [18ms]
2024-06-17 09:29:58.292 [info] > git for-each-ref --format=%(refname)%00%(upstream:short)%00%(objectname)%00%(upstream:track)%00%(upstream:remotename)%00%(upstream:remoteref) refs/heads/main refs/remotes/main [4ms]
2024-06-17 09:29:58.496 [info] > git status -z -uall [187ms]
2024-06-17 09:30:04.009 [info] > git config --get commit.template [18ms]
2024-06-17 09:30:04.012 [info] > git for-each-ref --format=%(refname)%00%(upstream:short)%00%(objectname)%00%(upstream:track)%00%(upstream:remotename)%00%(upstream:remoteref) refs/heads/main refs/remotes/main [3ms]
2024-06-17 09:30:04.216 [info] > git status -z -uall [187ms]
2024-06-17 09:30:16.460 [info] > git config --get commit.template [20ms]
2024-06-17 09:30:16.462 [info] > git for-each-ref --format=%(refname)%00%(upstream:short)%00%(objectname)%00%(upstream:track)%00%(upstream:remotename)%00%(upstream:remoteref) refs/heads/main refs/remotes/main [3ms]
2024-06-17 09:30:16.668 [info] > git status -z -uall [189ms]
2024-06-17 09:32:05.169 [info] > git config --get commit.template [15ms]
2024-06-17 09:32:05.171 [info] > git for-each-ref --format=%(refname)%00%(upstream:short)%00%(objectname)%00%(upstream:track)%00%(upstream:remotename)%00%(upstream:remoteref) refs/heads/main refs/remotes/main [3ms]
2024-06-17 09:32:05.390 [info] > git status -z -uall [205ms]
2024-06-17 09:32:10.523 [info] > git config --get commit.template [19ms]
2024-06-17 09:32:10.526 [info] > git for-each-ref --format=%(refname)%00%(upstream:short)%00%(objectname)%00%(upstream:track)%00%(upstream:remotename)%00%(upstream:remoteref) refs/heads/main refs/remotes/main [3ms]
2024-06-17 09:32:10.729 [info] > git status -z -uall [187ms]
2024-06-17 09:32:15.842 [info] > git config --get commit.template [18ms]
2024-06-17 09:32:15.843 [info] > git for-each-ref --format=%(refname)%00%(upstream:short)%00%(objectname)%00%(upstream:track)%00%(upstream:remotename)%00%(upstream:remoteref) refs/heads/main refs/remotes/main [3ms]
2024-06-17 09:32:16.048 [info] > git status -z -uall [188ms]
2024-06-17 09:32:21.170 [info] > git config --get commit.template [19ms]
2024-06-17 09:32:21.172 [info] > git for-each-ref --format=%(refname)%00%(upstream:short)%00%(objectname)%00%(upstream:track)%00%(upstream:remotename)%00%(upstream:remoteref) refs/heads/main refs/remotes/main [4ms]
2024-06-17 09:32:21.381 [info] > git status -z -uall [192ms]
2024-06-17 09:32:27.395 [info] > git config --get commit.template [18ms]
2024-06-17 09:32:27.397 [info] > git for-each-ref --format=%(refname)%00%(upstream:short)%00%(objectname)%00%(upstream:track)%00%(upstream:remotename)%00%(upstream:remoteref) refs/heads/main refs/remotes/main [3ms]
2024-06-17 09:32:27.600 [info] > git status -z -uall [187ms]
2024-06-17 09:32:32.721 [info] > git config --get commit.template [20ms]
2024-06-17 09:32:32.724 [info] > git for-each-ref --format=%(refname)%00%(upstream:short)%00%(objectname)%00%(upstream:track)%00%(upstream:remotename)%00%(upstream:remoteref) refs/heads/main refs/remotes/main [6ms]
2024-06-17 09:32:32.936 [info] > git status -z -uall [195ms]
2024-06-17 09:32:35.189 [info] > git config --get commit.template [18ms]
2024-06-17 09:32:35.191 [info] > git for-each-ref --format=%(refname)%00%(upstream:short)%00%(objectname)%00%(upstream:track)%00%(upstream:remotename)%00%(upstream:remoteref) refs/heads/main refs/remotes/main [3ms]
2024-06-17 09:32:35.213 [info] > git status -z -uall [4ms]
2024-06-17 09:32:56.912 [info] > git config --get commit.template [19ms]
2024-06-17 09:32:56.914 [info] > git for-each-ref --format=%(refname)%00%(upstream:short)%00%(objectname)%00%(upstream:track)%00%(upstream:remotename)%00%(upstream:remoteref) refs/heads/main refs/remotes/main [3ms]
2024-06-17 09:32:57.131 [info] > git status -z -uall [199ms]
2024-06-17 09:33:06.828 [info] > git config --get commit.template [17ms]
2024-06-17 09:33:06.830 [info] > git for-each-ref --format=%(refname)%00%(upstream:short)%00%(objectname)%00%(upstream:track)%00%(upstream:remotename)%00%(upstream:remoteref) refs/heads/main refs/remotes/main [4ms]
2024-06-17 09:33:07.032 [info] > git status -z -uall [186ms]
2024-06-17 09:33:10.651 [info] > git config --get commit.template [18ms]
2024-06-17 09:33:10.653 [info] > git for-each-ref --format=%(refname)%00%(upstream:short)%00%(objectname)%00%(upstream:track)%00%(upstream:remotename)%00%(upstream:remoteref) refs/heads/main refs/remotes/main [3ms]
2024-06-17 09:33:10.673 [info] > git status -z -uall [4ms]
2024-06-17 09:33:18.003 [info] > git config --get commit.template [18ms]
2024-06-17 09:33:18.005 [info] > git for-each-ref --format=%(refname)%00%(upstream:short)%00%(objectname)%00%(upstream:track)%00%(upstream:remotename)%00%(upstream:remoteref) refs/heads/main refs/remotes/main [3ms]
2024-06-17 09:33:18.211 [info] > git status -z -uall [188ms]
2024-06-17 09:33:23.321 [info] > git config --get commit.template [21ms]
2024-06-17 09:33:23.323 [info] > git for-each-ref --format=%(refname)%00%(upstream:short)%00%(objectname)%00%(upstream:track)%00%(upstream:remotename)%00%(upstream:remoteref) refs/heads/main refs/remotes/main [4ms]
2024-06-17 09:33:23.528 [info] > git status -z -uall [187ms]
2024-06-17 09:33:28.636 [info] > git config --get commit.template [21ms]
2024-06-17 09:33:28.638 [info] > git for-each-ref --format=%(refname)%00%(upstream:short)%00%(objectname)%00%(upstream:track)%00%(upstream:remotename)%00%(upstream:remoteref) refs/heads/main refs/remotes/main [4ms]
2024-06-17 09:33:28.844 [info] > git status -z -uall [187ms]
2024-06-17 09:33:33.953 [info] > git config --get commit.template [21ms]
2024-06-17 09:33:33.955 [info] > git for-each-ref --format=%(refname)%00%(upstream:short)%00%(objectname)%00%(upstream:track)%00%(upstream:remotename)%00%(upstream:remoteref) refs/heads/main refs/remotes/main [4ms]
2024-06-17 09:33:34.161 [info] > git status -z -uall [186ms]
2024-06-17 09:33:40.229 [info] > git config --get commit.template [20ms]
2024-06-17 09:33:40.231 [info] > git for-each-ref --format=%(refname)%00%(upstream:short)%00%(objectname)%00%(upstream:track)%00%(upstream:remotename)%00%(upstream:remoteref) refs/heads/main refs/remotes/main [4ms]
2024-06-17 09:33:40.439 [info] > git status -z -uall [191ms]
2024-06-17 09:33:50.968 [info] > git config --get commit.template [19ms]
2024-06-17 09:33:50.970 [info] > git for-each-ref --format=%(refname)%00%(upstream:short)%00%(objectname)%00%(upstream:track)%00%(upstream:remotename)%00%(upstream:remoteref) refs/heads/main refs/remotes/main [3ms]
2024-06-17 09:33:51.175 [info] > git status -z -uall [188ms]
2024-06-17 09:33:56.284 [info] > git config --get commit.template [19ms]
2024-06-17 09:33:56.286 [info] > git for-each-ref --format=%(refname)%00%(upstream:short)%00%(objectname)%00%(upstream:track)%00%(upstream:remotename)%00%(upstream:remoteref) refs/heads/main refs/remotes/main [3ms]
2024-06-17 09:33:56.493 [info] > git status -z -uall [189ms]
2024-06-17 09:34:01.604 [info] > git config --get commit.template [20ms]
2024-06-17 09:34:01.607 [info] > git for-each-ref --format=%(refname)%00%(upstream:short)%00%(objectname)%00%(upstream:track)%00%(upstream:remotename)%00%(upstream:remoteref) refs/heads/main refs/remotes/main [4ms]
2024-06-17 09:34:01.810 [info] > git status -z -uall [185ms]
2024-06-17 09:34:06.924 [info] > git config --get commit.template [21ms]
2024-06-17 09:34:06.926 [info] > git for-each-ref --format=%(refname)%00%(upstream:short)%00%(objectname)%00%(upstream:track)%00%(upstream:remotename)%00%(upstream:remoteref) refs/heads/main refs/remotes/main [3ms]
2024-06-17 09:34:07.133 [info] > git status -z -uall [187ms]
2024-06-17 09:34:12.228 [info] > git config --get commit.template [3ms]
2024-06-17 09:34:12.253 [info] > git for-each-ref --format=%(refname)%00%(upstream:short)%00%(objectname)%00%(upstream:track)%00%(upstream:remotename)%00%(upstream:remoteref) refs/heads/main refs/remotes/main [3ms]
2024-06-17 09:34:12.462 [info] > git status -z -uall [187ms]
2024-06-17 09:34:17.572 [info] > git config --get commit.template [19ms]
2024-06-17 09:34:17.574 [info] > git for-each-ref --format=%(refname)%00%(upstream:short)%00%(objectname)%00%(upstream:track)%00%(upstream:remotename)%00%(upstream:remoteref) refs/heads/main refs/remotes/main [4ms]
2024-06-17 09:34:17.780 [info] > git status -z -uall [188ms]
2024-06-17 09:34:22.504 [info] > git config --get commit.template [19ms]
2024-06-17 09:34:22.505 [info] > git for-each-ref --format=%(refname)%00%(upstream:short)%00%(objectname)%00%(upstream:track)%00%(upstream:remotename)%00%(upstream:remoteref) refs/heads/main refs/remotes/main [2ms]
2024-06-17 09:34:22.527 [info] > git status -z -uall [4ms]
2024-06-17 09:34:22.956 [info] > git config --get commit.template [20ms]
2024-06-17 09:34:22.958 [info] > git for-each-ref --format=%(refname)%00%(upstream:short)%00%(objectname)%00%(upstream:track)%00%(upstream:remotename)%00%(upstream:remoteref) refs/heads/main refs/remotes/main [4ms]
2024-06-17 09:34:23.178 [info] > git status -z -uall [200ms]
2024-06-17 09:35:05.625 [info] > git config --get commit.template [18ms]
2024-06-17 09:35:05.627 [info] > git for-each-ref --format=%(refname)%00%(upstream:short)%00%(objectname)%00%(upstream:track)%00%(upstream:remotename)%00%(upstream:remoteref) refs/heads/main refs/remotes/main [3ms]
2024-06-17 09:35:05.838 [info] > git status -z -uall [193ms]
2024-06-17 09:35:10.966 [info] > git config --get commit.template [19ms]
2024-06-17 09:35:10.967 [info] > git for-each-ref --format=%(refname)%00%(upstream:short)%00%(objectname)%00%(upstream:track)%00%(upstream:remotename)%00%(upstream:remoteref) refs/heads/main refs/remotes/main [4ms]
2024-06-17 09:35:11.170 [info] > git status -z -uall [187ms]
2024-06-17 09:35:16.290 [info] > git config --get commit.template [20ms]
2024-06-17 09:35:16.293 [info] > git for-each-ref --format=%(refname)%00%(upstream:short)%00%(objectname)%00%(upstream:track)%00%(upstream:remotename)%00%(upstream:remoteref) refs/heads/main refs/remotes/main [4ms]
2024-06-17 09:35:16.502 [info] > git status -z -uall [189ms]
2024-06-17 09:35:21.608 [info] > git config --get commit.template [20ms]
2024-06-17 09:35:21.611 [info] > git for-each-ref --format=%(refname)%00%(upstream:short)%00%(objectname)%00%(upstream:track)%00%(upstream:remotename)%00%(upstream:remoteref) refs/heads/main refs/remotes/main [3ms]
2024-06-17 09:35:21.824 [info] > git status -z -uall [191ms]
2024-06-17 09:35:26.936 [info] > git config --get commit.template [23ms]
2024-06-17 09:35:26.938 [info] > git for-each-ref --format=%(refname)%00%(upstream:short)%00%(objectname)%00%(upstream:track)%00%(upstream:remotename)%00%(upstream:remoteref) refs/heads/main refs/remotes/main [3ms]
2024-06-17 09:35:27.150 [info] > git status -z -uall [191ms]
2024-06-17 09:35:32.263 [info] > git config --get commit.template [23ms]
2024-06-17 09:35:32.265 [info] > git for-each-ref --format=%(refname)%00%(upstream:short)%00%(objectname)%00%(upstream:track)%00%(upstream:remotename)%00%(upstream:remoteref) refs/heads/main refs/remotes/main [3ms]
2024-06-17 09:35:32.477 [info] > git status -z -uall [190ms]
2024-06-17 09:35:33.557 [info] > git show --textconv :projet/frontend/src/api/fetchData.ts [24ms]
2024-06-17 09:35:33.559 [info] > git ls-files --stage -- /home/student/S03_CICD/projet/frontend/src/api/fetchData.ts [3ms]
2024-06-17 09:35:33.584 [info] > git cat-file -s 47e83aac681f60c9aa57565c59d3ad14ca156649 [2ms]
2024-06-17 09:35:37.595 [info] > git config --get commit.template [24ms]
2024-06-17 09:35:37.598 [info] > git for-each-ref --format=%(refname)%00%(upstream:short)%00%(objectname)%00%(upstream:track)%00%(upstream:remotename)%00%(upstream:remoteref) refs/heads/main refs/remotes/main [4ms]
2024-06-17 09:35:37.824 [info] > git status -z -uall [203ms]
2024-06-17 09:35:41.633 [info] > git show --textconv :projet/frontend/src/components/App/Content/Products/ProductsList.tsx [25ms]
2024-06-17 09:35:41.635 [info] > git ls-files --stage -- /home/student/S03_CICD/projet/frontend/src/components/App/Content/Products/ProductsList.tsx [4ms]
2024-06-17 09:35:42.941 [info] > git config --get commit.template [25ms]
2024-06-17 09:35:42.943 [info] > git for-each-ref --format=%(refname)%00%(upstream:short)%00%(objectname)%00%(upstream:track)%00%(upstream:remotename)%00%(upstream:remoteref) refs/heads/main refs/remotes/main [4ms]
2024-06-17 09:35:43.153 [info] > git status -z -uall [187ms]
2024-06-17 09:35:48.273 [info] > git config --get commit.template [29ms]
2024-06-17 09:35:48.275 [info] > git for-each-ref --format=%(refname)%00%(upstream:short)%00%(objectname)%00%(upstream:track)%00%(upstream:remotename)%00%(upstream:remoteref) refs/heads/main refs/remotes/main [6ms]
2024-06-17 09:35:48.493 [info] > git status -z -uall [189ms]
2024-06-17 09:35:49.582 [info] > git config --get commit.template [29ms]
2024-06-17 09:35:49.583 [info] > git for-each-ref --format=%(refname)%00%(upstream:short)%00%(objectname)%00%(upstream:track)%00%(upstream:remotename)%00%(upstream:remoteref) refs/heads/main refs/remotes/main [3ms]
2024-06-17 09:35:49.614 [info] > git status -z -uall [4ms]
2024-06-17 09:38:04.109 [info] > git config --get commit.template [16ms]
2024-06-17 09:38:04.110 [info] > git config --get commit.template [3ms]
2024-06-17 09:38:04.138 [info] > git for-each-ref --format=%(refname)%00%(upstream:short)%00%(objectname)%00%(upstream:track)%00%(upstream:remotename)%00%(upstream:remoteref) refs/heads/main refs/remotes/main [14ms]
2024-06-17 09:38:04.153 [info] > git for-each-ref --format=%(refname)%00%(upstream:short)%00%(objectname)%00%(upstream:track)%00%(upstream:remotename)%00%(upstream:remoteref) refs/heads/main refs/remotes/main [17ms]
2024-06-17 09:38:04.190 [info] > git status -z -uall [11ms]
2024-06-17 09:38:04.378 [info] > git status -z -uall [226ms]
2024-06-17 09:38:15.852 [info] > git config --get commit.template [18ms]
2024-06-17 09:38:15.853 [info] > git for-each-ref --format=%(refname)%00%(upstream:short)%00%(objectname)%00%(upstream:track)%00%(upstream:remotename)%00%(upstream:remoteref) refs/heads/main refs/remotes/main [3ms]
2024-06-17 09:38:16.061 [info] > git status -z -uall [191ms]
2024-06-17 09:38:21.178 [info] > git config --get commit.template [21ms]
2024-06-17 09:38:21.180 [info] > git for-each-ref --format=%(refname)%00%(upstream:short)%00%(objectname)%00%(upstream:track)%00%(upstream:remotename)%00%(upstream:remoteref) refs/heads/main refs/remotes/main [4ms]
2024-06-17 09:38:21.388 [info] > git status -z -uall [189ms]
2024-06-17 09:38:26.497 [info] > git config --get commit.template [19ms]
2024-06-17 09:38:26.499 [info] > git for-each-ref --format=%(refname)%00%(upstream:short)%00%(objectname)%00%(upstream:track)%00%(upstream:remotename)%00%(upstream:remoteref) refs/heads/main refs/remotes/main [4ms]
2024-06-17 09:38:26.705 [info] > git status -z -uall [188ms]
2024-06-17 09:38:31.825 [info] > git config --get commit.template [19ms]
2024-06-17 09:38:31.827 [info] > git for-each-ref --format=%(refname)%00%(upstream:short)%00%(objectname)%00%(upstream:track)%00%(upstream:remotename)%00%(upstream:remoteref) refs/heads/main refs/remotes/main [3ms]
2024-06-17 09:38:32.034 [info] > git status -z -uall [191ms]
2024-06-17 09:38:37.157 [info] > git config --get commit.template [20ms]
2024-06-17 09:38:37.159 [info] > git for-each-ref --format=%(refname)%00%(upstream:short)%00%(objectname)%00%(upstream:track)%00%(upstream:remotename)%00%(upstream:remoteref) refs/heads/main refs/remotes/main [4ms]
2024-06-17 09:38:37.364 [info] > git status -z -uall [188ms]
2024-06-17 09:38:39.619 [info] > git check-ignore -v -z --stdin [2ms]
2024-06-17 09:38:40.137 [info] > git config --get commit.template [20ms]
2024-06-17 09:38:40.138 [info] > git for-each-ref --format=%(refname)%00%(upstream:short)%00%(objectname)%00%(upstream:track)%00%(upstream:remotename)%00%(upstream:remoteref) refs/heads/main refs/remotes/main [2ms]
2024-06-17 09:38:40.161 [info] > git status -z -uall [4ms]
2024-06-17 09:38:42.478 [info] > git config --get commit.template [19ms]
2024-06-17 09:38:42.481 [info] > git for-each-ref --format=%(refname)%00%(upstream:short)%00%(objectname)%00%(upstream:track)%00%(upstream:remotename)%00%(upstream:remoteref) refs/heads/main refs/remotes/main [3ms]
2024-06-17 09:38:42.687 [info] > git status -z -uall [187ms]
2024-06-17 09:38:47.796 [info] > git config --get commit.template [21ms]
2024-06-17 09:38:47.798 [info] > git for-each-ref --format=%(refname)%00%(upstream:short)%00%(objectname)%00%(upstream:track)%00%(upstream:remotename)%00%(upstream:remoteref) refs/heads/main refs/remotes/main [3ms]
2024-06-17 09:38:48.004 [info] > git status -z -uall [188ms]
2024-06-17 09:38:52.188 [info] > git check-ignore -v -z --stdin [10ms]
2024-06-17 09:38:52.279 [info] > git show --textconv :projet/frontend/src/utils/groupByKey.tsx [28ms]
2024-06-17 09:38:52.283 [info] > git ls-files --stage -- /home/student/S03_CICD/projet/frontend/src/utils/groupByKey.tsx [6ms]
2024-06-17 09:38:52.711 [info] > git config --get commit.template [36ms]
2024-06-17 09:38:52.713 [info] > git for-each-ref --format=%(refname)%00%(upstream:short)%00%(objectname)%00%(upstream:track)%00%(upstream:remotename)%00%(upstream:remoteref) refs/heads/main refs/remotes/main [12ms]
2024-06-17 09:38:52.756 [info] > git status -z -uall [9ms]
2024-06-17 09:38:53.128 [info] > git config --get commit.template [30ms]
2024-06-17 09:38:53.133 [info] > git for-each-ref --format=%(refname)%00%(upstream:short)%00%(objectname)%00%(upstream:track)%00%(upstream:remotename)%00%(upstream:remoteref) refs/heads/main refs/remotes/main [7ms]
2024-06-17 09:38:53.483 [info] > git status -z -uall [326ms]
2024-06-17 09:38:54.682 [info] > git show --textconv :projet/frontend/src/components/App/Content/Products/ProductsList.tsx [22ms]
2024-06-17 09:38:54.684 [info] > git ls-files --stage -- /home/student/S03_CICD/projet/frontend/src/components/App/Content/Products/ProductsList.tsx [3ms]
2024-06-17 09:38:58.667 [info] > git config --get commit.template [23ms]
2024-06-17 09:38:58.669 [info] > git for-each-ref --format=%(refname)%00%(upstream:short)%00%(objectname)%00%(upstream:track)%00%(upstream:remotename)%00%(upstream:remoteref) refs/heads/main refs/remotes/main [3ms]
2024-06-17 09:38:58.877 [info] > git status -z -uall [187ms]
2024-06-17 09:39:16.105 [info] > git config --get commit.template [24ms]
2024-06-17 09:39:16.108 [info] > git for-each-ref --format=%(refname)%00%(upstream:short)%00%(objectname)%00%(upstream:track)%00%(upstream:remotename)%00%(upstream:remoteref) refs/heads/main refs/remotes/main [4ms]
2024-06-17 09:39:16.316 [info] > git status -z -uall [186ms]
2024-06-17 09:39:18.634 [info] > git show --textconv :projet/frontend/src/utils/groupByKey.tsx [27ms]
2024-06-17 09:39:18.635 [info] > git ls-files --stage -- /home/student/S03_CICD/projet/frontend/src/utils/groupByKey.tsx [3ms]
2024-06-17 09:39:21.217 [info] > git show --textconv :projet/frontend/src/components/App/Content/Products/ProductsList.tsx [27ms]
2024-06-17 09:39:21.220 [info] > git ls-files --stage -- /home/student/S03_CICD/projet/frontend/src/components/App/Content/Products/ProductsList.tsx [7ms]
2024-06-17 09:39:21.434 [info] > git config --get commit.template [25ms]
2024-06-17 09:39:21.461 [info] > git config --get commit.template [28ms]
2024-06-17 09:39:21.487 [info] > git for-each-ref --format=%(refname)%00%(upstream:short)%00%(objectname)%00%(upstream:track)%00%(upstream:remotename)%00%(upstream:remoteref) refs/heads/main refs/remotes/main [28ms]
2024-06-17 09:39:21.511 [info] > git for-each-ref --format=%(refname)%00%(upstream:short)%00%(objectname)%00%(upstream:track)%00%(upstream:remotename)%00%(upstream:remoteref) refs/heads/main refs/remotes/main [26ms]
2024-06-17 09:39:21.561 [info] > git status -z -uall [5ms]
2024-06-17 09:39:21.720 [info] > git status -z -uall [210ms]
2024-06-17 09:39:26.848 [info] > git config --get commit.template [28ms]
2024-06-17 09:39:26.852 [info] > git for-each-ref --format=%(refname)%00%(upstream:short)%00%(objectname)%00%(upstream:track)%00%(upstream:remotename)%00%(upstream:remoteref) refs/heads/main refs/remotes/main [7ms]
2024-06-17 09:39:27.215 [info] > git config --get commit.template [36ms]
2024-06-17 09:39:27.228 [info] > git for-each-ref --format=%(refname)%00%(upstream:short)%00%(objectname)%00%(upstream:track)%00%(upstream:remotename)%00%(upstream:remoteref) refs/heads/main refs/remotes/main [13ms]
2024-06-17 09:39:27.263 [info] > git status -z -uall [6ms]
2024-06-17 09:39:27.283 [info] > git status -z -uall [403ms]
2024-06-17 09:39:32.410 [info] > git config --get commit.template [27ms]
2024-06-17 09:39:32.412 [info] > git for-each-ref --format=%(refname)%00%(upstream:short)%00%(objectname)%00%(upstream:track)%00%(upstream:remotename)%00%(upstream:remoteref) refs/heads/main refs/remotes/main [3ms]
2024-06-17 09:39:32.629 [info] > git status -z -uall [192ms]
2024-06-17 09:39:34.873 [info] > git config --get commit.template [28ms]
2024-06-17 09:39:34.874 [info] > git for-each-ref --format=%(refname)%00%(upstream:short)%00%(objectname)%00%(upstream:track)%00%(upstream:remotename)%00%(upstream:remoteref) refs/heads/main refs/remotes/main [2ms]
2024-06-17 09:39:34.907 [info] > git status -z -uall [4ms]
2024-06-17 09:39:37.752 [info] > git config --get commit.template [28ms]
2024-06-17 09:39:37.754 [info] > git for-each-ref --format=%(refname)%00%(upstream:short)%00%(objectname)%00%(upstream:track)%00%(upstream:remotename)%00%(upstream:remoteref) refs/heads/main refs/remotes/main [3ms]
2024-06-17 09:39:37.967 [info] > git status -z -uall [187ms]
2024-06-17 09:39:43.095 [info] > git config --get commit.template [28ms]
2024-06-17 09:39:43.098 [info] > git for-each-ref --format=%(refname)%00%(upstream:short)%00%(objectname)%00%(upstream:track)%00%(upstream:remotename)%00%(upstream:remoteref) refs/heads/main refs/remotes/main [4ms]
2024-06-17 09:39:43.311 [info] > git status -z -uall [186ms]
2024-06-17 09:39:48.441 [info] > git config --get commit.template [30ms]
2024-06-17 09:39:48.443 [info] > git for-each-ref --format=%(refname)%00%(upstream:short)%00%(objectname)%00%(upstream:track)%00%(upstream:remotename)%00%(upstream:remoteref) refs/heads/main refs/remotes/main [3ms]
2024-06-17 09:39:48.659 [info] > git status -z -uall [187ms]
2024-06-17 09:39:52.772 [info] > git config --get commit.template [30ms]
2024-06-17 09:39:52.773 [info] > git for-each-ref --format=%(refname)%00%(upstream:short)%00%(objectname)%00%(upstream:track)%00%(upstream:remotename)%00%(upstream:remoteref) refs/heads/main refs/remotes/main [3ms]
2024-06-17 09:39:52.806 [info] > git status -z -uall [3ms]
2024-06-17 09:39:53.790 [info] > git config --get commit.template [31ms]
2024-06-17 09:39:53.792 [info] > git for-each-ref --format=%(refname)%00%(upstream:short)%00%(objectname)%00%(upstream:track)%00%(upstream:remotename)%00%(upstream:remoteref) refs/heads/main refs/remotes/main [3ms]
2024-06-17 09:39:54.008 [info] > git status -z -uall [186ms]
2024-06-17 09:39:59.140 [info] > git config --get commit.template [32ms]
2024-06-17 09:39:59.142 [info] > git for-each-ref --format=%(refname)%00%(upstream:short)%00%(objectname)%00%(upstream:track)%00%(upstream:remotename)%00%(upstream:remoteref) refs/heads/main refs/remotes/main [3ms]
2024-06-17 09:39:59.361 [info] > git status -z -uall [189ms]
2024-06-17 09:40:36.367 [info] > git config --get commit.template [18ms]
2024-06-17 09:40:36.368 [info] > git for-each-ref --format=%(refname)%00%(upstream:short)%00%(objectname)%00%(upstream:track)%00%(upstream:remotename)%00%(upstream:remoteref) refs/heads/main refs/remotes/main [3ms]
2024-06-17 09:40:36.590 [info] > git status -z -uall [205ms]
2024-06-17 09:45:28.087 [info] > git config --get commit.template [15ms]
2024-06-17 09:45:28.088 [info] > git for-each-ref --format=%(refname)%00%(upstream:short)%00%(objectname)%00%(upstream:track)%00%(upstream:remotename)%00%(upstream:remoteref) refs/heads/main refs/remotes/main [3ms]
2024-06-17 09:45:28.304 [info] > git status -z -uall [202ms]
2024-06-17 09:45:33.430 [info] > git config --get commit.template [16ms]
2024-06-17 09:45:33.431 [info] > git for-each-ref --format=%(refname)%00%(upstream:short)%00%(objectname)%00%(upstream:track)%00%(upstream:remotename)%00%(upstream:remoteref) refs/heads/main refs/remotes/main [3ms]
2024-06-17 09:45:33.638 [info] > git status -z -uall [191ms]
2024-06-17 09:45:38.757 [info] > git config --get commit.template [20ms]
2024-06-17 09:45:38.759 [info] > git for-each-ref --format=%(refname)%00%(upstream:short)%00%(objectname)%00%(upstream:track)%00%(upstream:remotename)%00%(upstream:remoteref) refs/heads/main refs/remotes/main [3ms]
2024-06-17 09:45:38.965 [info] > git status -z -uall [188ms]
2024-06-17 09:45:44.073 [info] > git config --get commit.template [19ms]
2024-06-17 09:45:44.075 [info] > git for-each-ref --format=%(refname)%00%(upstream:short)%00%(objectname)%00%(upstream:track)%00%(upstream:remotename)%00%(upstream:remoteref) refs/heads/main refs/remotes/main [4ms]
2024-06-17 09:45:44.286 [info] > git status -z -uall [194ms]
2024-06-17 09:45:49.408 [info] > git config --get commit.template [18ms]
2024-06-17 09:45:49.411 [info] > git for-each-ref --format=%(refname)%00%(upstream:short)%00%(objectname)%00%(upstream:track)%00%(upstream:remotename)%00%(upstream:remoteref) refs/heads/main refs/remotes/main [3ms]
2024-06-17 09:45:49.613 [info] > git status -z -uall [185ms]
2024-06-17 09:47:37.640 [info] > git config --get commit.template [15ms]
2024-06-17 09:47:37.642 [info] > git for-each-ref --format=%(refname)%00%(upstream:short)%00%(objectname)%00%(upstream:track)%00%(upstream:remotename)%00%(upstream:remoteref) refs/heads/main refs/remotes/main [4ms]
2024-06-17 09:47:37.856 [info] > git status -z -uall [200ms]
2024-06-17 09:47:42.982 [info] > git config --get commit.template [18ms]
2024-06-17 09:47:42.984 [info] > git for-each-ref --format=%(refname)%00%(upstream:short)%00%(objectname)%00%(upstream:track)%00%(upstream:remotename)%00%(upstream:remoteref) refs/heads/main refs/remotes/main [4ms]
2024-06-17 09:47:43.188 [info] > git status -z -uall [189ms]
2024-06-17 09:47:46.427 [info] > git check-ignore -v -z --stdin [2ms]
2024-06-17 09:47:47.928 [info] > git check-ignore -v -z --stdin [2ms]
2024-06-17 09:47:48.306 [info] > git config --get commit.template [19ms]
2024-06-17 09:47:48.309 [info] > git for-each-ref --format=%(refname)%00%(upstream:short)%00%(objectname)%00%(upstream:track)%00%(upstream:remotename)%00%(upstream:remoteref) refs/heads/main refs/remotes/main [4ms]
2024-06-17 09:47:48.514 [info] > git status -z -uall [187ms]
2024-06-17 09:47:52.315 [info] > git check-ignore -v -z --stdin [3ms]
2024-06-17 09:47:53.629 [info] > git config --get commit.template [19ms]
2024-06-17 09:47:53.631 [info] > git for-each-ref --format=%(refname)%00%(upstream:short)%00%(objectname)%00%(upstream:track)%00%(upstream:remotename)%00%(upstream:remoteref) refs/heads/main refs/remotes/main [3ms]
2024-06-17 09:47:53.837 [info] > git status -z -uall [188ms]
2024-06-17 09:47:56.045 [info] > git show --textconv :projet/frontend/src/styles/layout/_Products.scss [20ms]
2024-06-17 09:47:56.046 [info] > git ls-files --stage -- /home/student/S03_CICD/projet/frontend/src/styles/layout/_Products.scss [3ms]
2024-06-17 09:47:58.954 [info] > git config --get commit.template [19ms]
2024-06-17 09:47:58.957 [info] > git for-each-ref --format=%(refname)%00%(upstream:short)%00%(objectname)%00%(upstream:track)%00%(upstream:remotename)%00%(upstream:remoteref) refs/heads/main refs/remotes/main [3ms]
2024-06-17 09:47:59.161 [info] > git status -z -uall [188ms]
2024-06-17 09:48:04.282 [info] > git config --get commit.template [18ms]
2024-06-17 09:48:04.284 [info] > git for-each-ref --format=%(refname)%00%(upstream:short)%00%(objectname)%00%(upstream:track)%00%(upstream:remotename)%00%(upstream:remoteref) refs/heads/main refs/remotes/main [3ms]
2024-06-17 09:48:04.488 [info] > git status -z -uall [187ms]
2024-06-17 09:48:09.595 [info] > git config --get commit.template [19ms]
2024-06-17 09:48:09.598 [info] > git for-each-ref --format=%(refname)%00%(upstream:short)%00%(objectname)%00%(upstream:track)%00%(upstream:remotename)%00%(upstream:remoteref) refs/heads/main refs/remotes/main [3ms]
2024-06-17 09:48:09.806 [info] > git status -z -uall [190ms]
2024-06-17 09:48:14.915 [info] > git config --get commit.template [20ms]
2024-06-17 09:48:14.917 [info] > git for-each-ref --format=%(refname)%00%(upstream:short)%00%(objectname)%00%(upstream:track)%00%(upstream:remotename)%00%(upstream:remoteref) refs/heads/main refs/remotes/main [3ms]
2024-06-17 09:48:15.127 [info] > git status -z -uall [191ms]
2024-06-17 09:49:07.535 [info] > git config --get commit.template [14ms]
2024-06-17 09:49:07.538 [info] > git for-each-ref --format=%(refname)%00%(upstream:short)%00%(objectname)%00%(upstream:track)%00%(upstream:remotename)%00%(upstream:remoteref) refs/heads/main refs/remotes/main [3ms]
2024-06-17 09:49:07.750 [info] > git status -z -uall [199ms]
2024-06-17 09:49:09.719 [info] > git show --textconv :projet/frontend/src/components/App/Content/Products/ProductsList.tsx [20ms]
2024-06-17 09:49:09.721 [info] > git ls-files --stage -- /home/student/S03_CICD/projet/frontend/src/components/App/Content/Products/ProductsList.tsx [3ms]
2024-06-17 09:49:12.875 [info] > git config --get commit.template [18ms]
2024-06-17 09:49:12.877 [info] > git for-each-ref --format=%(refname)%00%(upstream:short)%00%(objectname)%00%(upstream:track)%00%(upstream:remotename)%00%(upstream:remoteref) refs/heads/main refs/remotes/main [4ms]
2024-06-17 09:49:13.085 [info] > git status -z -uall [191ms]
2024-06-17 09:49:18.202 [info] > git config --get commit.template [20ms]
2024-06-17 09:49:18.204 [info] > git for-each-ref --format=%(refname)%00%(upstream:short)%00%(objectname)%00%(upstream:track)%00%(upstream:remotename)%00%(upstream:remoteref) refs/heads/main refs/remotes/main [3ms]
2024-06-17 09:49:18.410 [info] > git status -z -uall [188ms]
2024-06-17 09:49:23.525 [info] > git config --get commit.template [20ms]
2024-06-17 09:49:23.527 [info] > git for-each-ref --format=%(refname)%00%(upstream:short)%00%(objectname)%00%(upstream:track)%00%(upstream:remotename)%00%(upstream:remoteref) refs/heads/main refs/remotes/main [4ms]
2024-06-17 09:49:23.732 [info] > git status -z -uall [188ms]
2024-06-17 09:49:27.222 [info] > git show --textconv :projet/frontend/src/utils/groupByKey.tsx [20ms]
2024-06-17 09:49:27.224 [info] > git ls-files --stage -- /home/student/S03_CICD/projet/frontend/src/utils/groupByKey.tsx [4ms]
2024-06-17 09:49:28.848 [info] > git config --get commit.template [19ms]
2024-06-17 09:49:28.851 [info] > git for-each-ref --format=%(refname)%00%(upstream:short)%00%(objectname)%00%(upstream:track)%00%(upstream:remotename)%00%(upstream:remoteref) refs/heads/main refs/remotes/main [4ms]
2024-06-17 09:49:28.932 [info] > git show --textconv :projet/frontend/src/components/App/Content/Products/ProductsList.tsx [40ms]
2024-06-17 09:49:28.937 [info] > git ls-files --stage -- /home/student/S03_CICD/projet/frontend/src/components/App/Content/Products/ProductsList.tsx [8ms]
2024-06-17 09:49:29.092 [info] > git status -z -uall [224ms]
2024-06-17 09:49:34.650 [info] > git config --get commit.template [20ms]
2024-06-17 09:49:34.652 [info] > git for-each-ref --format=%(refname)%00%(upstream:short)%00%(objectname)%00%(upstream:track)%00%(upstream:remotename)%00%(upstream:remoteref) refs/heads/main refs/remotes/main [4ms]
2024-06-17 09:49:34.858 [info] > git status -z -uall [188ms]
2024-06-17 09:49:39.968 [info] > git config --get commit.template [20ms]
2024-06-17 09:49:39.970 [info] > git for-each-ref --format=%(refname)%00%(upstream:short)%00%(objectname)%00%(upstream:track)%00%(upstream:remotename)%00%(upstream:remoteref) refs/heads/main refs/remotes/main [4ms]
2024-06-17 09:49:40.176 [info] > git status -z -uall [186ms]
2024-06-17 09:49:45.286 [info] > git config --get commit.template [21ms]
2024-06-17 09:49:45.288 [info] > git for-each-ref --format=%(refname)%00%(upstream:short)%00%(objectname)%00%(upstream:track)%00%(upstream:remotename)%00%(upstream:remoteref) refs/heads/main refs/remotes/main [3ms]
2024-06-17 09:49:45.520 [info] > git status -z -uall [210ms]
2024-06-17 09:49:50.634 [info] > git config --get commit.template [24ms]
2024-06-17 09:49:50.635 [info] > git for-each-ref --format=%(refname)%00%(upstream:short)%00%(objectname)%00%(upstream:track)%00%(upstream:remotename)%00%(upstream:remoteref) refs/heads/main refs/remotes/main [5ms]
2024-06-17 09:49:50.845 [info] > git status -z -uall [188ms]
2024-06-17 09:49:55.956 [info] > git config --get commit.template [23ms]
2024-06-17 09:49:55.959 [info] > git for-each-ref --format=%(refname)%00%(upstream:short)%00%(objectname)%00%(upstream:track)%00%(upstream:remotename)%00%(upstream:remoteref) refs/heads/main refs/remotes/main [4ms]
2024-06-17 09:49:56.169 [info] > git status -z -uall [188ms]
2024-06-17 09:50:01.283 [info] > git config --get commit.template [25ms]
2024-06-17 09:50:01.285 [info] > git for-each-ref --format=%(refname)%00%(upstream:short)%00%(objectname)%00%(upstream:track)%00%(upstream:remotename)%00%(upstream:remoteref) refs/heads/main refs/remotes/main [4ms]
2024-06-17 09:50:01.500 [info] > git status -z -uall [190ms]
2024-06-17 09:50:19.190 [info] > git config --get commit.template [26ms]
2024-06-17 09:50:19.192 [info] > git for-each-ref --format=%(refname)%00%(upstream:short)%00%(objectname)%00%(upstream:track)%00%(upstream:remotename)%00%(upstream:remoteref) refs/heads/main refs/remotes/main [3ms]
2024-06-17 09:50:19.406 [info] > git status -z -uall [189ms]
2024-06-17 09:50:24.538 [info] > git config --get commit.template [27ms]
2024-06-17 09:50:24.540 [info] > git for-each-ref --format=%(refname)%00%(upstream:short)%00%(objectname)%00%(upstream:track)%00%(upstream:remotename)%00%(upstream:remoteref) refs/heads/main refs/remotes/main [3ms]
2024-06-17 09:50:24.753 [info] > git status -z -uall [186ms]
2024-06-17 09:50:29.878 [info] > git config --get commit.template [29ms]
2024-06-17 09:50:29.880 [info] > git for-each-ref --format=%(refname)%00%(upstream:short)%00%(objectname)%00%(upstream:track)%00%(upstream:remotename)%00%(upstream:remoteref) refs/heads/main refs/remotes/main [3ms]
2024-06-17 09:50:30.100 [info] > git status -z -uall [193ms]
2024-06-17 09:50:35.228 [info] > git config --get commit.template [29ms]
2024-06-17 09:50:35.229 [info] > git for-each-ref --format=%(refname)%00%(upstream:short)%00%(objectname)%00%(upstream:track)%00%(upstream:remotename)%00%(upstream:remoteref) refs/heads/main refs/remotes/main [3ms]
2024-06-17 09:50:35.443 [info] > git status -z -uall [187ms]
2024-06-17 09:50:40.572 [info] > git config --get commit.template [30ms]
2024-06-17 09:50:40.573 [info] > git for-each-ref --format=%(refname)%00%(upstream:short)%00%(objectname)%00%(upstream:track)%00%(upstream:remotename)%00%(upstream:remoteref) refs/heads/main refs/remotes/main [3ms]
2024-06-17 09:50:40.790 [info] > git status -z -uall [189ms]
2024-06-17 09:50:45.923 [info] > git config --get commit.template [31ms]
2024-06-17 09:50:45.925 [info] > git for-each-ref --format=%(refname)%00%(upstream:short)%00%(objectname)%00%(upstream:track)%00%(upstream:remotename)%00%(upstream:remoteref) refs/heads/main refs/remotes/main [5ms]
2024-06-17 09:50:46.142 [info] > git status -z -uall [186ms]
2024-06-17 09:50:51.279 [info] > git config --get commit.template [32ms]
2024-06-17 09:50:51.281 [info] > git for-each-ref --format=%(refname)%00%(upstream:short)%00%(objectname)%00%(upstream:track)%00%(upstream:remotename)%00%(upstream:remoteref) refs/heads/main refs/remotes/main [3ms]
2024-06-17 09:50:51.501 [info] > git status -z -uall [190ms]
2024-06-17 09:50:56.633 [info] > git config --get commit.template [32ms]
2024-06-17 09:50:56.636 [info] > git for-each-ref --format=%(refname)%00%(upstream:short)%00%(objectname)%00%(upstream:track)%00%(upstream:remotename)%00%(upstream:remoteref) refs/heads/main refs/remotes/main [3ms]
2024-06-17 09:50:56.859 [info] > git status -z -uall [192ms]
2024-06-17 09:51:01.996 [info] > git config --get commit.template [36ms]
2024-06-17 09:51:01.998 [info] > git for-each-ref --format=%(refname)%00%(upstream:short)%00%(objectname)%00%(upstream:track)%00%(upstream:remotename)%00%(upstream:remoteref) refs/heads/main refs/remotes/main [4ms]
2024-06-17 09:51:02.220 [info] > git status -z -uall [189ms]
2024-06-17 09:51:07.321 [info] > git config --get commit.template [16ms]
2024-06-17 09:51:07.323 [info] > git for-each-ref --format=%(refname)%00%(upstream:short)%00%(objectname)%00%(upstream:track)%00%(upstream:remotename)%00%(upstream:remoteref) refs/heads/main refs/remotes/main [3ms]
2024-06-17 09:51:07.534 [info] > git status -z -uall [195ms]
2024-06-17 09:51:12.647 [info] > git config --get commit.template [18ms]
2024-06-17 09:51:12.648 [info] > git for-each-ref --format=%(refname)%00%(upstream:short)%00%(objectname)%00%(upstream:track)%00%(upstream:remotename)%00%(upstream:remoteref) refs/heads/main refs/remotes/main [3ms]
2024-06-17 09:51:12.914 [info] > git status -z -uall [249ms]
2024-06-17 09:51:18.058 [info] > git config --get commit.template [21ms]
2024-06-17 09:51:18.060 [info] > git for-each-ref --format=%(refname)%00%(upstream:short)%00%(objectname)%00%(upstream:track)%00%(upstream:remotename)%00%(upstream:remoteref) refs/heads/main refs/remotes/main [4ms]
2024-06-17 09:51:18.263 [info] > git status -z -uall [185ms]
2024-06-17 09:51:19.345 [info] > git for-each-ref --format=%(refname)%00%(upstream:short)%00%(objectname)%00%(upstream:track)%00%(upstream:remotename)%00%(upstream:remoteref) refs/heads/main refs/remotes/main [1ms]
2024-06-17 09:51:19.345 [info] > git config --get commit.template [24ms]
2024-06-17 09:51:19.369 [info] > git status -z -uall [5ms]
2024-06-17 09:51:48.684 [info] > git config --get commit.template [19ms]
2024-06-17 09:51:48.686 [info] > git for-each-ref --format=%(refname)%00%(upstream:short)%00%(objectname)%00%(upstream:track)%00%(upstream:remotename)%00%(upstream:remoteref) refs/heads/main refs/remotes/main [3ms]
2024-06-17 09:51:48.892 [info] > git status -z -uall [187ms]
2024-06-17 09:51:54.008 [info] > git config --get commit.template [21ms]
2024-06-17 09:51:54.010 [info] > git for-each-ref --format=%(refname)%00%(upstream:short)%00%(objectname)%00%(upstream:track)%00%(upstream:remotename)%00%(upstream:remoteref) refs/heads/main refs/remotes/main [4ms]
2024-06-17 09:51:54.216 [info] > git status -z -uall [186ms]
2024-06-17 09:51:57.278 [info] > git show --textconv :projet/frontend/package.json [27ms]
2024-06-17 09:51:57.283 [info] > git ls-files --stage -- /home/student/S03_CICD/projet/frontend/package.json [5ms]
2024-06-17 09:51:57.317 [info] > git cat-file -s 326e5b41a4f7ac72db96a81d1f7bd9ac3827882f [9ms]
2024-06-17 09:51:59.386 [info] > git config --get commit.template [52ms]
2024-06-17 09:51:59.412 [info] > git for-each-ref --format=%(refname)%00%(upstream:short)%00%(objectname)%00%(upstream:track)%00%(upstream:remotename)%00%(upstream:remoteref) refs/heads/main refs/remotes/main [3ms]
2024-06-17 09:51:59.757 [info] > git status -z -uall [321ms]
2024-06-17 09:52:28.837 [info] > git config --get commit.template [18ms]
2024-06-17 09:52:28.839 [info] > git for-each-ref --format=%(refname)%00%(upstream:short)%00%(objectname)%00%(upstream:track)%00%(upstream:remotename)%00%(upstream:remoteref) refs/heads/main refs/remotes/main [4ms]
2024-06-17 09:52:29.062 [info] > git status -z -uall [208ms]
2024-06-17 09:53:00.975 [info] > git config --get commit.template [20ms]
2024-06-17 09:53:00.977 [info] > git for-each-ref --format=%(refname)%00%(upstream:short)%00%(objectname)%00%(upstream:track)%00%(upstream:remotename)%00%(upstream:remoteref) refs/heads/main refs/remotes/main [3ms]
2024-06-17 09:53:01.183 [info] > git status -z -uall [186ms]
2024-06-17 09:53:06.303 [info] > git config --get commit.template [20ms]
2024-06-17 09:53:06.305 [info] > git for-each-ref --format=%(refname)%00%(upstream:short)%00%(objectname)%00%(upstream:track)%00%(upstream:remotename)%00%(upstream:remoteref) refs/heads/main refs/remotes/main [4ms]
2024-06-17 09:53:06.511 [info] > git status -z -uall [188ms]
2024-06-17 09:53:11.628 [info] > git config --get commit.template [21ms]
2024-06-17 09:53:11.630 [info] > git for-each-ref --format=%(refname)%00%(upstream:short)%00%(objectname)%00%(upstream:track)%00%(upstream:remotename)%00%(upstream:remoteref) refs/heads/main refs/remotes/main [4ms]
2024-06-17 09:53:11.835 [info] > git status -z -uall [186ms]
2024-06-17 09:53:16.944 [info] > git config --get commit.template [21ms]
2024-06-17 09:53:16.945 [info] > git for-each-ref --format=%(refname)%00%(upstream:short)%00%(objectname)%00%(upstream:track)%00%(upstream:remotename)%00%(upstream:remoteref) refs/heads/main refs/remotes/main [3ms]
2024-06-17 09:53:17.152 [info] > git status -z -uall [187ms]
2024-06-17 09:53:22.261 [info] > git config --get commit.template [22ms]
2024-06-17 09:53:22.264 [info] > git for-each-ref --format=%(refname)%00%(upstream:short)%00%(objectname)%00%(upstream:track)%00%(upstream:remotename)%00%(upstream:remoteref) refs/heads/main refs/remotes/main [4ms]
2024-06-17 09:53:22.472 [info] > git status -z -uall [187ms]
2024-06-17 09:53:28.374 [info] > git config --get commit.template [24ms]
2024-06-17 09:53:28.377 [info] > git for-each-ref --format=%(refname)%00%(upstream:short)%00%(objectname)%00%(upstream:track)%00%(upstream:remotename)%00%(upstream:remoteref) refs/heads/main refs/remotes/main [5ms]
2024-06-17 09:53:28.587 [info] > git status -z -uall [188ms]
2024-06-17 09:53:33.701 [info] > git config --get commit.template [24ms]
2024-06-17 09:53:33.703 [info] > git for-each-ref --format=%(refname)%00%(upstream:short)%00%(objectname)%00%(upstream:track)%00%(upstream:remotename)%00%(upstream:remoteref) refs/heads/main refs/remotes/main [3ms]
2024-06-17 09:53:33.913 [info] > git status -z -uall [187ms]
2024-06-17 09:53:39.005 [info] > git config --get commit.template [3ms]
2024-06-17 09:53:39.033 [info] > git for-each-ref --format=%(refname)%00%(upstream:short)%00%(objectname)%00%(upstream:track)%00%(upstream:remotename)%00%(upstream:remoteref) refs/heads/main refs/remotes/main [3ms]
2024-06-17 09:53:39.243 [info] > git status -z -uall [186ms]
2024-06-17 09:53:42.649 [info] > git show --textconv :projet/frontend/src/components/App/Content/Products/ProductItem.tsx [27ms]
2024-06-17 09:53:42.650 [info] > git ls-files --stage -- /home/student/S03_CICD/projet/frontend/src/components/App/Content/Products/ProductItem.tsx [3ms]
2024-06-17 09:53:42.774 [info] > git check-ignore -v -z --stdin [2ms]
2024-06-17 09:53:43.298 [info] > git config --get commit.template [26ms]
2024-06-17 09:53:43.299 [info] > git for-each-ref --format=%(refname)%00%(upstream:short)%00%(objectname)%00%(upstream:track)%00%(upstream:remotename)%00%(upstream:remoteref) refs/heads/main refs/remotes/main [2ms]
2024-06-17 09:53:43.328 [info] > git status -z -uall [4ms]
2024-06-17 09:53:44.364 [info] > git config --get commit.template [27ms]
2024-06-17 09:53:44.369 [info] > git for-each-ref --format=%(refname)%00%(upstream:short)%00%(objectname)%00%(upstream:track)%00%(upstream:remotename)%00%(upstream:remoteref) refs/heads/main refs/remotes/main [6ms]
2024-06-17 09:53:44.580 [info] > git status -z -uall [186ms]
2024-06-17 09:53:51.012 [info] > git config --get commit.template [27ms]
2024-06-17 09:53:51.013 [info] > git config --get commit.template [2ms]
2024-06-17 09:53:51.068 [info] > git for-each-ref --format=%(refname)%00%(upstream:short)%00%(objectname)%00%(upstream:track)%00%(upstream:remotename)%00%(upstream:remoteref) refs/heads/main refs/remotes/main [30ms]
2024-06-17 09:53:51.096 [info] > git for-each-ref --format=%(refname)%00%(upstream:short)%00%(objectname)%00%(upstream:track)%00%(upstream:remotename)%00%(upstream:remoteref) refs/heads/main refs/remotes/main [30ms]
2024-06-17 09:53:51.123 [info] > git status -z -uall [28ms]
2024-06-17 09:53:51.328 [info] > git status -z -uall [205ms]
2024-06-17 09:53:57.541 [info] > git config --get commit.template [28ms]
2024-06-17 09:53:57.543 [info] > git for-each-ref --format=%(refname)%00%(upstream:short)%00%(objectname)%00%(upstream:track)%00%(upstream:remotename)%00%(upstream:remoteref) refs/heads/main refs/remotes/main [3ms]
2024-06-17 09:53:57.759 [info] > git status -z -uall [188ms]
2024-06-17 09:54:02.880 [info] > git config --get commit.template [28ms]
2024-06-17 09:54:02.883 [info] > git for-each-ref --format=%(refname)%00%(upstream:short)%00%(objectname)%00%(upstream:track)%00%(upstream:remotename)%00%(upstream:remoteref) refs/heads/main refs/remotes/main [4ms]
2024-06-17 09:54:03.098 [info] > git status -z -uall [187ms]
2024-06-17 09:54:08.229 [info] > git config --get commit.template [31ms]
2024-06-17 09:54:08.231 [info] > git for-each-ref --format=%(refname)%00%(upstream:short)%00%(objectname)%00%(upstream:track)%00%(upstream:remotename)%00%(upstream:remoteref) refs/heads/main refs/remotes/main [4ms]
2024-06-17 09:54:08.449 [info] > git status -z -uall [189ms]
2024-06-17 09:54:13.577 [info] > git config --get commit.template [31ms]
2024-06-17 09:54:13.579 [info] > git for-each-ref --format=%(refname)%00%(upstream:short)%00%(objectname)%00%(upstream:track)%00%(upstream:remotename)%00%(upstream:remoteref) refs/heads/main refs/remotes/main [3ms]
2024-06-17 09:54:13.795 [info] > git status -z -uall [186ms]
2024-06-17 09:54:14.818 [info] > git config --get commit.template [8ms]
2024-06-17 09:54:14.857 [info] > git for-each-ref --format=%(refname)%00%(upstream:short)%00%(objectname)%00%(upstream:track)%00%(upstream:remotename)%00%(upstream:remoteref) refs/heads/main refs/remotes/main [4ms]
2024-06-17 09:54:14.900 [info] > git status -z -uall [4ms]
2024-06-17 09:54:18.940 [info] > git config --get commit.template [33ms]
2024-06-17 09:54:18.942 [info] > git for-each-ref --format=%(refname)%00%(upstream:short)%00%(objectname)%00%(upstream:track)%00%(upstream:remotename)%00%(upstream:remoteref) refs/heads/main refs/remotes/main [3ms]
2024-06-17 09:54:19.158 [info] > git status -z -uall [186ms]
2024-06-17 09:54:57.281 [info] > git config --get commit.template [19ms]
2024-06-17 09:54:57.282 [info] > git config --get commit.template [2ms]
2024-06-17 09:54:57.321 [info] > git for-each-ref --format=%(refname)%00%(upstream:short)%00%(objectname)%00%(upstream:track)%00%(upstream:remotename)%00%(upstream:remoteref) refs/heads/main refs/remotes/main [6ms]
2024-06-17 09:54:57.321 [info] > git for-each-ref --format=%(refname)%00%(upstream:short)%00%(objectname)%00%(upstream:track)%00%(upstream:remotename)%00%(upstream:remoteref) refs/heads/main refs/remotes/main [23ms]
2024-06-17 09:54:57.381 [info] > git status -z -uall [5ms]
2024-06-17 09:54:57.556 [info] > git status -z -uall [218ms]
2024-06-17 09:55:04.949 [info] > git config --get commit.template [23ms]
2024-06-17 09:55:04.951 [info] > git for-each-ref --format=%(refname)%00%(upstream:short)%00%(objectname)%00%(upstream:track)%00%(upstream:remotename)%00%(upstream:remoteref) refs/heads/main refs/remotes/main [3ms]
2024-06-17 09:55:05.162 [info] > git status -z -uall [192ms]
2024-06-17 09:55:10.281 [info] > git config --get commit.template [22ms]
2024-06-17 09:55:10.284 [info] > git for-each-ref --format=%(refname)%00%(upstream:short)%00%(objectname)%00%(upstream:track)%00%(upstream:remotename)%00%(upstream:remoteref) refs/heads/main refs/remotes/main [3ms]
2024-06-17 09:55:10.525 [info] > git status -z -uall [221ms]
2024-06-17 09:55:15.640 [info] > git config --get commit.template [22ms]
2024-06-17 09:55:15.643 [info] > git for-each-ref --format=%(refname)%00%(upstream:short)%00%(objectname)%00%(upstream:track)%00%(upstream:remotename)%00%(upstream:remoteref) refs/heads/main refs/remotes/main [4ms]
2024-06-17 09:55:15.851 [info] > git status -z -uall [187ms]
2024-06-17 09:55:20.968 [info] > git config --get commit.template [23ms]
2024-06-17 09:55:20.971 [info] > git for-each-ref --format=%(refname)%00%(upstream:short)%00%(objectname)%00%(upstream:track)%00%(upstream:remotename)%00%(upstream:remoteref) refs/heads/main refs/remotes/main [4ms]
2024-06-17 09:55:21.178 [info] > git status -z -uall [185ms]
2024-06-17 09:56:11.930 [info] > git config --get commit.template [24ms]
2024-06-17 09:56:11.933 [info] > git for-each-ref --format=%(refname)%00%(upstream:short)%00%(objectname)%00%(upstream:track)%00%(upstream:remotename)%00%(upstream:remoteref) refs/heads/main refs/remotes/main [3ms]
2024-06-17 09:56:12.145 [info] > git status -z -uall [190ms]
2024-06-17 09:56:17.279 [info] > git config --get commit.template [21ms]
2024-06-17 09:56:17.280 [info] > git for-each-ref --format=%(refname)%00%(upstream:short)%00%(objectname)%00%(upstream:track)%00%(upstream:remotename)%00%(upstream:remoteref) refs/heads/main refs/remotes/main [3ms]
2024-06-17 09:56:17.488 [info] > git status -z -uall [189ms]
2024-06-17 09:56:22.606 [info] > git config --get commit.template [21ms]
2024-06-17 09:56:22.608 [info] > git for-each-ref --format=%(refname)%00%(upstream:short)%00%(objectname)%00%(upstream:track)%00%(upstream:remotename)%00%(upstream:remoteref) refs/heads/main refs/remotes/main [4ms]
2024-06-17 09:56:22.817 [info] > git status -z -uall [190ms]
2024-06-17 09:56:27.927 [info] > git config --get commit.template [22ms]
2024-06-17 09:56:27.929 [info] > git for-each-ref --format=%(refname)%00%(upstream:short)%00%(objectname)%00%(upstream:track)%00%(upstream:remotename)%00%(upstream:remoteref) refs/heads/main refs/remotes/main [4ms]
2024-06-17 09:56:28.136 [info] > git status -z -uall [187ms]
2024-06-17 09:56:33.250 [info] > git config --get commit.template [24ms]
2024-06-17 09:56:33.251 [info] > git for-each-ref --format=%(refname)%00%(upstream:short)%00%(objectname)%00%(upstream:track)%00%(upstream:remotename)%00%(upstream:remoteref) refs/heads/main refs/remotes/main [2ms]
2024-06-17 09:56:33.353 [info] > git check-ignore -v -z --stdin [7ms]
2024-06-17 09:56:33.556 [info] > git status -z -uall [284ms]
2024-06-17 09:56:38.672 [info] > git config --get commit.template [23ms]
2024-06-17 09:56:38.675 [info] > git for-each-ref --format=%(refname)%00%(upstream:short)%00%(objectname)%00%(upstream:track)%00%(upstream:remotename)%00%(upstream:remoteref) refs/heads/main refs/remotes/main [4ms]
2024-06-17 09:56:38.891 [info] > git status -z -uall [194ms]
2024-06-17 09:56:40.427 [info] > git check-ignore -v -z --stdin [2ms]
2024-06-17 09:56:42.117 [info] > git check-ignore -v -z --stdin [5ms]
2024-06-17 09:56:44.005 [info] > git config --get commit.template [25ms]
2024-06-17 09:56:44.006 [info] > git for-each-ref --format=%(refname)%00%(upstream:short)%00%(objectname)%00%(upstream:track)%00%(upstream:remotename)%00%(upstream:remoteref) refs/heads/main refs/remotes/main [3ms]
2024-06-17 09:56:44.223 [info] > git status -z -uall [193ms]
2024-06-17 09:56:49.344 [info] > git config --get commit.template [26ms]
2024-06-17 09:56:49.346 [info] > git for-each-ref --format=%(refname)%00%(upstream:short)%00%(objectname)%00%(upstream:track)%00%(upstream:remotename)%00%(upstream:remoteref) refs/heads/main refs/remotes/main [3ms]
2024-06-17 09:56:49.564 [info] > git status -z -uall [194ms]
2024-06-17 09:56:54.685 [info] > git config --get commit.template [26ms]
2024-06-17 09:56:54.687 [info] > git for-each-ref --format=%(refname)%00%(upstream:short)%00%(objectname)%00%(upstream:track)%00%(upstream:remotename)%00%(upstream:remoteref) refs/heads/main refs/remotes/main [4ms]
2024-06-17 09:56:54.909 [info] > git status -z -uall [197ms]
2024-06-17 09:57:00.022 [info] > git config --get commit.template [22ms]
2024-06-17 09:57:00.025 [info] > git for-each-ref --format=%(refname)%00%(upstream:short)%00%(objectname)%00%(upstream:track)%00%(upstream:remotename)%00%(upstream:remoteref) refs/heads/main refs/remotes/main [3ms]
2024-06-17 09:57:00.259 [info] > git status -z -uall [208ms]
2024-06-17 09:57:05.381 [info] > git config --get commit.template [22ms]
2024-06-17 09:57:05.383 [info] > git for-each-ref --format=%(refname)%00%(upstream:short)%00%(objectname)%00%(upstream:track)%00%(upstream:remotename)%00%(upstream:remoteref) refs/heads/main refs/remotes/main [4ms]
2024-06-17 09:57:05.599 [info] > git status -z -uall [195ms]
2024-06-17 09:57:10.722 [info] > git config --get commit.template [25ms]
2024-06-17 09:57:10.725 [info] > git for-each-ref --format=%(refname)%00%(upstream:short)%00%(objectname)%00%(upstream:track)%00%(upstream:remotename)%00%(upstream:remoteref) refs/heads/main refs/remotes/main [5ms]
2024-06-17 09:57:11.042 [info] > git status -z -uall [284ms]
2024-06-17 09:57:22.466 [info] > git config --get commit.template [22ms]
2024-06-17 09:57:22.468 [info] > git for-each-ref --format=%(refname)%00%(upstream:short)%00%(objectname)%00%(upstream:track)%00%(upstream:remotename)%00%(upstream:remoteref) refs/heads/main refs/remotes/main [3ms]
2024-06-17 09:57:22.684 [info] > git status -z -uall [195ms]
2024-06-17 09:57:27.808 [info] > git config --get commit.template [26ms]
2024-06-17 09:57:27.809 [info] > git for-each-ref --format=%(refname)%00%(upstream:short)%00%(objectname)%00%(upstream:track)%00%(upstream:remotename)%00%(upstream:remoteref) refs/heads/main refs/remotes/main [5ms]
2024-06-17 09:57:28.025 [info] > git status -z -uall [193ms]
2024-06-17 09:57:39.933 [info] > git config --get commit.template [24ms]
2024-06-17 09:57:39.935 [info] > git for-each-ref --format=%(refname)%00%(upstream:short)%00%(objectname)%00%(upstream:track)%00%(upstream:remotename)%00%(upstream:remoteref) refs/heads/main refs/remotes/main [3ms]
2024-06-17 09:57:40.156 [info] > git status -z -uall [197ms]
2024-06-17 09:58:18.904 [info] > git config --get commit.template [17ms]
2024-06-17 09:58:18.906 [info] > git for-each-ref --format=%(refname)%00%(upstream:short)%00%(objectname)%00%(upstream:track)%00%(upstream:remotename)%00%(upstream:remoteref) refs/heads/main refs/remotes/main [4ms]
2024-06-17 09:58:19.126 [info] > git status -z -uall [205ms]
2024-06-17 09:58:24.281 [info] > git config --get commit.template [50ms]
2024-06-17 09:58:24.287 [info] > git for-each-ref --format=%(refname)%00%(upstream:short)%00%(objectname)%00%(upstream:track)%00%(upstream:remotename)%00%(upstream:remoteref) refs/heads/main refs/remotes/main [7ms]
2024-06-17 09:58:24.593 [info] > git status -z -uall [288ms]
2024-06-17 09:58:29.717 [info] > git config --get commit.template [24ms]
2024-06-17 09:58:29.718 [info] > git for-each-ref --format=%(refname)%00%(upstream:short)%00%(objectname)%00%(upstream:track)%00%(upstream:remotename)%00%(upstream:remoteref) refs/heads/main refs/remotes/main [4ms]
2024-06-17 09:58:29.933 [info] > git status -z -uall [193ms]
2024-06-17 09:58:35.098 [info] > git config --get commit.template [47ms]
2024-06-17 09:58:35.103 [info] > git for-each-ref --format=%(refname)%00%(upstream:short)%00%(objectname)%00%(upstream:track)%00%(upstream:remotename)%00%(upstream:remoteref) refs/heads/main refs/remotes/main [10ms]
2024-06-17 09:58:35.421 [info] > git status -z -uall [290ms]
2024-06-17 09:58:40.568 [info] > git config --get commit.template [20ms]
2024-06-17 09:58:40.571 [info] > git for-each-ref --format=%(refname)%00%(upstream:short)%00%(objectname)%00%(upstream:track)%00%(upstream:remotename)%00%(upstream:remoteref) refs/heads/main refs/remotes/main [3ms]
2024-06-17 09:58:40.782 [info] > git status -z -uall [192ms]
2024-06-17 09:58:45.896 [info] > git config --get commit.template [22ms]
2024-06-17 09:58:45.898 [info] > git for-each-ref --format=%(refname)%00%(upstream:short)%00%(objectname)%00%(upstream:track)%00%(upstream:remotename)%00%(upstream:remoteref) refs/heads/main refs/remotes/main [3ms]
2024-06-17 09:58:46.111 [info] > git status -z -uall [193ms]
2024-06-17 09:58:50.783 [info] > git show --textconv :projet/frontend/package.json [22ms]
2024-06-17 09:58:50.785 [info] > git ls-files --stage -- /home/student/S03_CICD/projet/frontend/package.json [2ms]
2024-06-17 09:58:50.807 [info] > git cat-file -s 326e5b41a4f7ac72db96a81d1f7bd9ac3827882f [3ms]
2024-06-17 09:58:51.223 [info] > git config --get commit.template [21ms]
2024-06-17 09:58:51.226 [info] > git for-each-ref --format=%(refname)%00%(upstream:short)%00%(objectname)%00%(upstream:track)%00%(upstream:remotename)%00%(upstream:remoteref) refs/heads/main refs/remotes/main [3ms]
2024-06-17 09:58:51.439 [info] > git status -z -uall [194ms]
2024-06-17 09:58:52.566 [info] > git show --textconv :projet/frontend/src/components/App/Content/Products/ProductItem.tsx [22ms]
2024-06-17 09:58:52.567 [info] > git ls-files --stage -- /home/student/S03_CICD/projet/frontend/src/components/App/Content/Products/ProductItem.tsx [3ms]
2024-06-17 09:58:53.215 [info] > git show --textconv :projet/frontend/src/components/App/Content/Products/ProductsList.tsx [23ms]
2024-06-17 09:58:53.216 [info] > git ls-files --stage -- /home/student/S03_CICD/projet/frontend/src/components/App/Content/Products/ProductsList.tsx [4ms]
2024-06-17 09:58:54.523 [info] > git show --textconv :projet/frontend/src/utils/groupByKey.tsx [20ms]
2024-06-17 09:58:54.525 [info] > git ls-files --stage -- /home/student/S03_CICD/projet/frontend/src/utils/groupByKey.tsx [3ms]
2024-06-17 09:58:56.559 [info] > git config --get commit.template [21ms]
2024-06-17 09:58:56.561 [info] > git for-each-ref --format=%(refname)%00%(upstream:short)%00%(objectname)%00%(upstream:track)%00%(upstream:remotename)%00%(upstream:remoteref) refs/heads/main refs/remotes/main [3ms]
2024-06-17 09:58:56.781 [info] > git status -z -uall [200ms]
2024-06-17 09:59:01.892 [info] > git config --get commit.template [22ms]
2024-06-17 09:59:01.894 [info] > git for-each-ref --format=%(refname)%00%(upstream:short)%00%(objectname)%00%(upstream:track)%00%(upstream:remotename)%00%(upstream:remoteref) refs/heads/main refs/remotes/main [3ms]
2024-06-17 09:59:02.111 [info] > git status -z -uall [196ms]
2024-06-17 09:59:07.222 [info] > git config --get commit.template [23ms]
2024-06-17 09:59:07.224 [info] > git for-each-ref --format=%(refname)%00%(upstream:short)%00%(objectname)%00%(upstream:track)%00%(upstream:remotename)%00%(upstream:remoteref) refs/heads/main refs/remotes/main [3ms]
2024-06-17 09:59:07.440 [info] > git status -z -uall [193ms]
2024-06-17 10:10:50.538 [info] > git config --get commit.template [24ms]
2024-06-17 10:10:50.539 [info] > git for-each-ref --format=%(refname)%00%(upstream:short)%00%(objectname)%00%(upstream:track)%00%(upstream:remotename)%00%(upstream:remoteref) refs/heads/main refs/remotes/main [6ms]
2024-06-17 10:10:50.753 [info] > git status -z -uall [196ms]
2024-06-17 10:10:55.908 [info] > git config --get commit.template [22ms]
2024-06-17 10:10:55.910 [info] > git for-each-ref --format=%(refname)%00%(upstream:short)%00%(objectname)%00%(upstream:track)%00%(upstream:remotename)%00%(upstream:remoteref) refs/heads/main refs/remotes/main [3ms]
2024-06-17 10:10:56.123 [info] > git status -z -uall [192ms]
