2024-04-15 09:09:36.470 [info] Extension host with pid 4223 started
2024-04-15 09:09:36.500 [info] Lock '/home/student/.vscode-server/data/User/workspaceStorage/5a2915a91ec150ae05f18a5fbc4e7562/vscode.lock': Lock acquired.
2024-04-15 09:09:38.127 [info] ExtensionService#_doActivateExtension vscode.emmet, startup: false, activationEvent: 'onLanguage'
2024-04-15 09:09:38.129 [info] ExtensionService#_doActivateExtension vscode.tunnel-forwarding, startup: false, activationEvent: 'onTunnel'
2024-04-15 09:09:38.129 [info] ExtensionService#_doActivateExtension vscode.git-base, startup: false, activationEvent: 'onLanguage:ignore'
2024-04-15 09:09:38.130 [info] ExtensionService#_doActivateExtension vscode.typescript-language-features, startup: false, activationEvent: 'onLanguage:typescript'
2024-04-15 09:09:39.194 [info] ExtensionService#_doActivateExtension vscode.git, startup: true, activationEvent: '*'
2024-04-15 09:09:39.195 [info] ExtensionService#_doActivateExtension vscode.github, startup: true, activationEvent: '*'
2024-04-15 09:09:40.598 [info] Eager extensions activated
2024-04-15 09:09:40.598 [info] ExtensionService#_doActivateExtension vscode.debug-auto-launch, startup: false, activationEvent: 'onStartupFinished'
2024-04-15 09:09:40.599 [info] ExtensionService#_doActivateExtension vscode.merge-conflict, startup: false, activationEvent: 'onStartupFinished'
2024-04-15 09:09:40.599 [info] ExtensionService#_doActivateExtension ritwickdey.LiveServer, startup: false, activationEvent: 'onStartupFinished'
2024-04-15 09:09:43.510 [warning] [Decorations] CAPPING events from decorations provider vscode.git 1238
2024-04-15 09:09:45.681 [warning] [Decorations] CAPPING events from decorations provider vscode.git 1238
2024-04-15 09:09:49.098 [warning] [Decorations] CAPPING events from decorations provider vscode.git 1238
2024-04-15 09:33:47.504 [warning] [Decorations] CAPPING events from decorations provider vscode.git 1238
2024-04-15 09:33:53.974 [warning] [Decorations] CAPPING events from decorations provider vscode.git 1238
2024-04-15 09:33:59.271 [warning] [Decorations] CAPPING events from decorations provider vscode.git 1238
2024-04-15 09:34:01.132 [info] ExtensionService#_doActivateExtension vscode.npm, startup: false, activationEvent: 'onTerminalQuickFixRequest:ms-vscode.npm-command'
2024-04-15 09:34:04.618 [warning] [Decorations] CAPPING events from decorations provider vscode.git 1238
2024-04-15 09:34:13.617 [warning] [Decorations] CAPPING events from decorations provider vscode.git 1238
2024-04-15 09:34:18.901 [warning] [Decorations] CAPPING events from decorations provider vscode.git 1238
2024-04-15 09:34:24.187 [warning] [Decorations] CAPPING events from decorations provider vscode.git 1238
2024-04-15 09:34:37.081 [warning] [Decorations] CAPPING events from decorations provider vscode.git 1238
2024-04-15 09:34:42.365 [warning] [Decorations] CAPPING events from decorations provider vscode.git 1238
2024-04-15 09:34:55.309 [warning] [Decorations] CAPPING events from decorations provider vscode.git 1238
2024-04-15 09:35:00.591 [warning] [Decorations] CAPPING events from decorations provider vscode.git 1238
2024-04-15 09:35:05.860 [warning] [Decorations] CAPPING events from decorations provider vscode.git 1238
2024-04-15 09:35:11.142 [warning] [Decorations] CAPPING events from decorations provider vscode.git 1238
2024-04-15 09:35:16.514 [warning] [Decorations] CAPPING events from decorations provider vscode.git 1238
2024-04-15 09:35:21.895 [warning] [Decorations] CAPPING events from decorations provider vscode.git 1238
2024-04-15 09:35:27.174 [warning] [Decorations] CAPPING events from decorations provider vscode.git 1238
2024-04-15 09:35:32.438 [warning] [Decorations] CAPPING events from decorations provider vscode.git 1238
2024-04-15 09:35:37.702 [warning] [Decorations] CAPPING events from decorations provider vscode.git 1238
2024-04-15 09:35:43.010 [warning] [Decorations] CAPPING events from decorations provider vscode.git 1238
2024-04-15 09:36:00.069 [warning] [Decorations] CAPPING events from decorations provider vscode.git 1238
2024-04-15 09:36:12.149 [warning] [Decorations] CAPPING events from decorations provider vscode.git 1238
2024-04-15 09:36:17.420 [warning] [Decorations] CAPPING events from decorations provider vscode.git 1238
2024-04-15 09:36:38.513 [warning] [Decorations] CAPPING events from decorations provider vscode.git 1238
2024-04-15 09:36:43.806 [warning] [Decorations] CAPPING events from decorations provider vscode.git 1238
2024-04-15 09:36:49.105 [warning] [Decorations] CAPPING events from decorations provider vscode.git 1238
2024-04-15 09:36:54.434 [warning] [Decorations] CAPPING events from decorations provider vscode.git 1238
2024-04-15 09:36:59.722 [warning] [Decorations] CAPPING events from decorations provider vscode.git 1238
2024-04-15 09:37:04.985 [warning] [Decorations] CAPPING events from decorations provider vscode.git 1238
2024-04-15 09:37:10.251 [warning] [Decorations] CAPPING events from decorations provider vscode.git 1238
2024-04-15 09:37:15.536 [warning] [Decorations] CAPPING events from decorations provider vscode.git 1238
2024-04-15 09:37:20.824 [warning] [Decorations] CAPPING events from decorations provider vscode.git 1238
2024-04-15 09:37:26.122 [warning] [Decorations] CAPPING events from decorations provider vscode.git 1238
2024-04-15 09:37:31.449 [warning] [Decorations] CAPPING events from decorations provider vscode.git 1238
2024-04-15 09:37:36.744 [warning] [Decorations] CAPPING events from decorations provider vscode.git 1238
2024-04-15 09:37:42.013 [warning] [Decorations] CAPPING events from decorations provider vscode.git 1238
2024-04-15 09:37:47.278 [warning] [Decorations] CAPPING events from decorations provider vscode.git 1238
2024-04-15 09:37:52.589 [warning] [Decorations] CAPPING events from decorations provider vscode.git 1238
2024-04-15 09:37:57.901 [warning] [Decorations] CAPPING events from decorations provider vscode.git 1238
2024-04-15 09:38:03.221 [warning] [Decorations] CAPPING events from decorations provider vscode.git 1238
2024-04-15 09:38:08.516 [warning] [Decorations] CAPPING events from decorations provider vscode.git 1238
2024-04-15 09:38:13.808 [warning] [Decorations] CAPPING events from decorations provider vscode.git 1238
2024-04-15 09:38:19.088 [warning] [Decorations] CAPPING events from decorations provider vscode.git 1238
2024-04-15 09:38:24.404 [warning] [Decorations] CAPPING events from decorations provider vscode.git 1238
2024-04-15 09:38:29.770 [warning] [Decorations] CAPPING events from decorations provider vscode.git 1238
2024-04-15 09:38:35.073 [warning] [Decorations] CAPPING events from decorations provider vscode.git 1238
2024-04-15 09:38:40.342 [warning] [Decorations] CAPPING events from decorations provider vscode.git 1238
2024-04-15 09:38:45.642 [warning] [Decorations] CAPPING events from decorations provider vscode.git 1238
2024-04-15 09:38:50.939 [warning] [Decorations] CAPPING events from decorations provider vscode.git 1238
2024-04-15 09:38:56.219 [warning] [Decorations] CAPPING events from decorations provider vscode.git 1238
2024-04-15 09:39:01.607 [warning] [Decorations] CAPPING events from decorations provider vscode.git 1238
2024-04-15 09:39:06.981 [warning] [Decorations] CAPPING events from decorations provider vscode.git 1238
2024-04-15 09:39:12.296 [warning] [Decorations] CAPPING events from decorations provider vscode.git 1238
2024-04-15 09:39:17.642 [warning] [Decorations] CAPPING events from decorations provider vscode.git 1238
2024-04-15 09:39:23.015 [warning] [Decorations] CAPPING events from decorations provider vscode.git 1238
2024-04-15 09:39:28.405 [warning] [Decorations] CAPPING events from decorations provider vscode.git 1238
2024-04-15 09:40:38.164 [warning] [Decorations] CAPPING events from decorations provider vscode.git 1238
2024-04-15 09:41:02.276 [warning] [Decorations] CAPPING events from decorations provider vscode.git 1238
2024-04-15 09:41:07.536 [warning] [Decorations] CAPPING events from decorations provider vscode.git 1238
2024-04-15 09:41:12.811 [warning] [Decorations] CAPPING events from decorations provider vscode.git 1238
2024-04-15 09:41:18.086 [warning] [Decorations] CAPPING events from decorations provider vscode.git 1238
2024-04-15 09:41:23.591 [warning] [Decorations] CAPPING events from decorations provider vscode.git 1238
2024-04-15 09:41:28.917 [warning] [Decorations] CAPPING events from decorations provider vscode.git 1238
2024-04-15 09:41:34.206 [warning] [Decorations] CAPPING events from decorations provider vscode.git 1238
2024-04-15 09:41:39.507 [warning] [Decorations] CAPPING events from decorations provider vscode.git 1238
2024-04-15 09:41:44.797 [warning] [Decorations] CAPPING events from decorations provider vscode.git 1238
2024-04-15 09:41:50.152 [warning] [Decorations] CAPPING events from decorations provider vscode.git 1238
2024-04-15 09:41:55.420 [warning] [Decorations] CAPPING events from decorations provider vscode.git 1238
2024-04-15 09:42:00.686 [warning] [Decorations] CAPPING events from decorations provider vscode.git 1238
2024-04-15 09:42:06.073 [warning] [Decorations] CAPPING events from decorations provider vscode.git 1238
2024-04-15 09:42:11.370 [warning] [Decorations] CAPPING events from decorations provider vscode.git 1238
2024-04-15 09:42:47.792 [warning] [Decorations] CAPPING events from decorations provider vscode.git 1238
2024-04-15 09:42:53.072 [warning] [Decorations] CAPPING events from decorations provider vscode.git 1238
2024-04-15 09:43:20.286 [warning] [Decorations] CAPPING events from decorations provider vscode.git 1238
2024-04-15 09:43:25.575 [warning] [Decorations] CAPPING events from decorations provider vscode.git 1238
2024-04-15 09:43:30.875 [warning] [Decorations] CAPPING events from decorations provider vscode.git 1238
2024-04-15 09:45:09.970 [warning] [Decorations] CAPPING events from decorations provider vscode.git 1238
2024-04-15 09:45:15.274 [warning] [Decorations] CAPPING events from decorations provider vscode.git 1238
2024-04-15 09:45:20.583 [warning] [Decorations] CAPPING events from decorations provider vscode.git 1238
2024-04-15 09:45:25.881 [warning] [Decorations] CAPPING events from decorations provider vscode.git 1238
2024-04-15 09:47:46.636 [warning] [Decorations] CAPPING events from decorations provider vscode.git 1238
2024-04-15 09:47:51.972 [warning] [Decorations] CAPPING events from decorations provider vscode.git 1238
2024-04-15 09:47:57.247 [warning] [Decorations] CAPPING events from decorations provider vscode.git 1238
2024-04-15 09:53:17.958 [warning] [Decorations] CAPPING events from decorations provider vscode.git 1238
2024-04-15 09:53:23.240 [warning] [Decorations] CAPPING events from decorations provider vscode.git 1238
2024-04-15 09:53:28.554 [warning] [Decorations] CAPPING events from decorations provider vscode.git 1238
2024-04-15 09:53:34.834 [warning] [Decorations] CAPPING events from decorations provider vscode.git 1238
2024-04-15 09:54:07.117 [warning] [Decorations] CAPPING events from decorations provider vscode.git 1238
2024-04-15 09:54:12.402 [warning] [Decorations] CAPPING events from decorations provider vscode.git 1238
2024-04-15 09:54:17.666 [warning] [Decorations] CAPPING events from decorations provider vscode.git 1238
2024-04-15 09:54:22.957 [warning] [Decorations] CAPPING events from decorations provider vscode.git 1238
2024-04-15 09:54:28.246 [warning] [Decorations] CAPPING events from decorations provider vscode.git 1238
2024-04-15 09:54:33.509 [warning] [Decorations] CAPPING events from decorations provider vscode.git 1238
2024-04-15 09:54:40.006 [warning] [Decorations] CAPPING events from decorations provider vscode.git 1238
2024-04-15 09:55:50.605 [warning] [Decorations] CAPPING events from decorations provider vscode.git 1238
2024-04-15 10:35:07.213 [warning] [Decorations] CAPPING events from decorations provider vscode.git 1238
2024-04-15 10:35:12.510 [warning] [Decorations] CAPPING events from decorations provider vscode.git 1238
2024-04-15 10:35:17.788 [warning] [Decorations] CAPPING events from decorations provider vscode.git 1238
2024-04-15 10:35:23.071 [warning] [Decorations] CAPPING events from decorations provider vscode.git 1238
2024-04-15 10:35:28.338 [warning] [Decorations] CAPPING events from decorations provider vscode.git 1238
2024-04-15 10:35:33.606 [warning] [Decorations] CAPPING events from decorations provider vscode.git 1238
2024-04-15 10:37:13.054 [warning] [Decorations] CAPPING events from decorations provider vscode.git 1238
2024-04-15 10:37:18.332 [warning] [Decorations] CAPPING events from decorations provider vscode.git 1238
2024-04-15 10:37:23.626 [warning] [Decorations] CAPPING events from decorations provider vscode.git 1238
2024-04-15 10:37:28.894 [warning] [Decorations] CAPPING events from decorations provider vscode.git 1238
2024-04-15 10:37:34.197 [warning] [Decorations] CAPPING events from decorations provider vscode.git 1238
2024-04-15 10:37:39.516 [warning] [Decorations] CAPPING events from decorations provider vscode.git 1238
2024-04-15 10:37:44.814 [warning] [Decorations] CAPPING events from decorations provider vscode.git 1238
2024-04-15 10:37:50.118 [warning] [Decorations] CAPPING events from decorations provider vscode.git 1238
2024-04-15 10:37:55.392 [warning] [Decorations] CAPPING events from decorations provider vscode.git 1238
2024-04-15 10:38:00.672 [warning] [Decorations] CAPPING events from decorations provider vscode.git 1238
2024-04-15 10:38:05.951 [warning] [Decorations] CAPPING events from decorations provider vscode.git 1238
2024-04-15 10:38:11.447 [warning] [Decorations] CAPPING events from decorations provider vscode.git 1238
2024-04-15 10:38:16.716 [warning] [Decorations] CAPPING events from decorations provider vscode.git 1238
2024-04-15 10:38:21.994 [warning] [Decorations] CAPPING events from decorations provider vscode.git 1238
2024-04-15 10:38:27.258 [warning] [Decorations] CAPPING events from decorations provider vscode.git 1238
2024-04-15 10:38:46.561 [warning] [Decorations] CAPPING events from decorations provider vscode.git 1238
2024-04-15 10:38:51.828 [warning] [Decorations] CAPPING events from decorations provider vscode.git 1238
2024-04-15 10:39:49.509 [warning] [Decorations] CAPPING events from decorations provider vscode.git 1238
2024-04-15 10:39:54.806 [warning] [Decorations] CAPPING events from decorations provider vscode.git 1238
2024-04-15 10:40:00.110 [warning] [Decorations] CAPPING events from decorations provider vscode.git 1238
2024-04-15 10:40:05.381 [warning] [Decorations] CAPPING events from decorations provider vscode.git 1238
2024-04-15 10:40:10.681 [warning] [Decorations] CAPPING events from decorations provider vscode.git 1238
2024-04-15 10:40:15.978 [warning] [Decorations] CAPPING events from decorations provider vscode.git 1238
2024-04-15 10:40:21.280 [warning] [Decorations] CAPPING events from decorations provider vscode.git 1238
2024-04-15 10:41:39.516 [warning] [Decorations] CAPPING events from decorations provider vscode.git 1238
2024-04-15 10:41:44.830 [warning] [Decorations] CAPPING events from decorations provider vscode.git 1238
2024-04-15 10:41:50.096 [warning] [Decorations] CAPPING events from decorations provider vscode.git 1238
2024-04-15 10:41:55.375 [warning] [Decorations] CAPPING events from decorations provider vscode.git 1238
2024-04-15 10:42:00.660 [warning] [Decorations] CAPPING events from decorations provider vscode.git 1238
2024-04-15 10:42:05.931 [warning] [Decorations] CAPPING events from decorations provider vscode.git 1238
2024-04-15 10:42:11.195 [warning] [Decorations] CAPPING events from decorations provider vscode.git 1238
2024-04-15 10:42:16.470 [warning] [Decorations] CAPPING events from decorations provider vscode.git 1238
2024-04-15 10:42:21.784 [warning] [Decorations] CAPPING events from decorations provider vscode.git 1238
2024-04-15 10:42:27.089 [warning] [Decorations] CAPPING events from decorations provider vscode.git 1238
2024-04-15 10:42:32.402 [warning] [Decorations] CAPPING events from decorations provider vscode.git 1238
2024-04-15 10:42:37.704 [warning] [Decorations] CAPPING events from decorations provider vscode.git 1238
2024-04-15 10:42:43.000 [warning] [Decorations] CAPPING events from decorations provider vscode.git 1238
2024-04-15 10:42:48.334 [warning] [Decorations] CAPPING events from decorations provider vscode.git 1238
2024-04-15 10:42:53.609 [warning] [Decorations] CAPPING events from decorations provider vscode.git 1238
2024-04-15 10:42:58.900 [warning] [Decorations] CAPPING events from decorations provider vscode.git 1238
2024-04-15 10:43:04.213 [warning] [Decorations] CAPPING events from decorations provider vscode.git 1238
2024-04-15 10:43:09.487 [warning] [Decorations] CAPPING events from decorations provider vscode.git 1238
2024-04-15 10:43:14.777 [warning] [Decorations] CAPPING events from decorations provider vscode.git 1238
2024-04-15 10:43:20.150 [warning] [Decorations] CAPPING events from decorations provider vscode.git 1238
2024-04-15 10:43:25.452 [warning] [Decorations] CAPPING events from decorations provider vscode.git 1238
2024-04-15 10:43:30.728 [warning] [Decorations] CAPPING events from decorations provider vscode.git 1238
2024-04-15 10:43:36.022 [warning] [Decorations] CAPPING events from decorations provider vscode.git 1238
2024-04-15 10:43:41.319 [warning] [Decorations] CAPPING events from decorations provider vscode.git 1238
2024-04-15 10:43:46.603 [warning] [Decorations] CAPPING events from decorations provider vscode.git 1238
2024-04-15 10:44:05.454 [warning] [Decorations] CAPPING events from decorations provider vscode.git 1238
2024-04-15 10:44:10.725 [warning] [Decorations] CAPPING events from decorations provider vscode.git 1238
2024-04-15 10:44:16.008 [warning] [Decorations] CAPPING events from decorations provider vscode.git 1238
2024-04-15 10:44:21.299 [warning] [Decorations] CAPPING events from decorations provider vscode.git 1238
2024-04-15 10:44:26.585 [warning] [Decorations] CAPPING events from decorations provider vscode.git 1238
2024-04-15 10:44:31.847 [warning] [Decorations] CAPPING events from decorations provider vscode.git 1238
2024-04-15 10:44:37.107 [warning] [Decorations] CAPPING events from decorations provider vscode.git 1238
2024-04-15 10:44:42.388 [warning] [Decorations] CAPPING events from decorations provider vscode.git 1238
2024-04-15 10:45:10.835 [warning] [Decorations] CAPPING events from decorations provider vscode.git 1238
2024-04-15 10:54:26.368 [warning] [Decorations] CAPPING events from decorations provider vscode.git 1238
2024-04-15 10:54:31.711 [warning] [Decorations] CAPPING events from decorations provider vscode.git 1238
2024-04-15 10:54:36.989 [warning] [Decorations] CAPPING events from decorations provider vscode.git 1238
2024-04-15 10:54:42.286 [warning] [Decorations] CAPPING events from decorations provider vscode.git 1238
2024-04-15 10:54:47.544 [warning] [Decorations] CAPPING events from decorations provider vscode.git 1238
2024-04-15 10:54:52.831 [warning] [Decorations] CAPPING events from decorations provider vscode.git 1238
2024-04-15 10:54:58.099 [warning] [Decorations] CAPPING events from decorations provider vscode.git 1238
2024-04-15 10:55:03.400 [warning] [Decorations] CAPPING events from decorations provider vscode.git 1238
2024-04-15 10:55:08.681 [warning] [Decorations] CAPPING events from decorations provider vscode.git 1238
2024-04-15 10:55:13.988 [warning] [Decorations] CAPPING events from decorations provider vscode.git 1238
2024-04-15 10:55:19.271 [warning] [Decorations] CAPPING events from decorations provider vscode.git 1238
2024-04-15 10:55:37.651 [warning] [Decorations] CAPPING events from decorations provider vscode.git 1238
2024-04-15 10:55:42.913 [warning] [Decorations] CAPPING events from decorations provider vscode.git 1238
2024-04-15 10:55:48.208 [warning] [Decorations] CAPPING events from decorations provider vscode.git 1238
2024-04-15 10:55:53.486 [warning] [Decorations] CAPPING events from decorations provider vscode.git 1238
2024-04-15 10:55:58.764 [warning] [Decorations] CAPPING events from decorations provider vscode.git 1238
2024-04-15 10:56:04.066 [warning] [Decorations] CAPPING events from decorations provider vscode.git 1238
2024-04-15 10:56:09.334 [warning] [Decorations] CAPPING events from decorations provider vscode.git 1238
2024-04-15 10:56:14.651 [warning] [Decorations] CAPPING events from decorations provider vscode.git 1238
2024-04-15 10:56:19.932 [warning] [Decorations] CAPPING events from decorations provider vscode.git 1238
2024-04-15 10:56:25.214 [warning] [Decorations] CAPPING events from decorations provider vscode.git 1238
2024-04-15 10:56:30.491 [warning] [Decorations] CAPPING events from decorations provider vscode.git 1238
2024-04-15 10:56:35.787 [warning] [Decorations] CAPPING events from decorations provider vscode.git 1238
2024-04-15 10:56:41.073 [warning] [Decorations] CAPPING events from decorations provider vscode.git 1238
2024-04-15 10:56:46.363 [warning] [Decorations] CAPPING events from decorations provider vscode.git 1238
2024-04-15 10:56:51.618 [warning] [Decorations] CAPPING events from decorations provider vscode.git 1238
2024-04-15 10:57:06.723 [warning] [Decorations] CAPPING events from decorations provider vscode.git 1238
2024-04-15 10:57:23.696 [warning] [Decorations] CAPPING events from decorations provider vscode.git 1238
2024-04-15 10:57:29.045 [warning] [Decorations] CAPPING events from decorations provider vscode.git 1238
2024-04-15 10:57:34.356 [warning] [Decorations] CAPPING events from decorations provider vscode.git 1238
2024-04-15 10:57:39.640 [warning] [Decorations] CAPPING events from decorations provider vscode.git 1238
2024-04-15 10:57:44.932 [warning] [Decorations] CAPPING events from decorations provider vscode.git 1238
2024-04-15 10:57:50.228 [warning] [Decorations] CAPPING events from decorations provider vscode.git 1238
2024-04-15 10:57:55.506 [warning] [Decorations] CAPPING events from decorations provider vscode.git 1238
2024-04-15 10:58:00.782 [warning] [Decorations] CAPPING events from decorations provider vscode.git 1238
2024-04-15 10:58:12.372 [warning] [Decorations] CAPPING events from decorations provider vscode.git 1238
2024-04-15 10:58:17.665 [warning] [Decorations] CAPPING events from decorations provider vscode.git 1238
2024-04-15 10:58:22.952 [warning] [Decorations] CAPPING events from decorations provider vscode.git 1238
2024-04-15 10:58:28.228 [warning] [Decorations] CAPPING events from decorations provider vscode.git 1238
2024-04-15 10:58:33.494 [warning] [Decorations] CAPPING events from decorations provider vscode.git 1238
2024-04-15 10:58:38.772 [warning] [Decorations] CAPPING events from decorations provider vscode.git 1238
2024-04-15 10:58:44.083 [warning] [Decorations] CAPPING events from decorations provider vscode.git 1238
2024-04-15 10:58:49.375 [warning] [Decorations] CAPPING events from decorations provider vscode.git 1238
2024-04-15 10:58:54.675 [warning] [Decorations] CAPPING events from decorations provider vscode.git 1238
2024-04-15 10:58:59.935 [warning] [Decorations] CAPPING events from decorations provider vscode.git 1238
2024-04-15 10:59:05.239 [warning] [Decorations] CAPPING events from decorations provider vscode.git 1238
2024-04-15 10:59:10.503 [warning] [Decorations] CAPPING events from decorations provider vscode.git 1238
2024-04-15 10:59:15.803 [warning] [Decorations] CAPPING events from decorations provider vscode.git 1238
2024-04-15 10:59:21.094 [warning] [Decorations] CAPPING events from decorations provider vscode.git 1238
2024-04-15 10:59:26.353 [warning] [Decorations] CAPPING events from decorations provider vscode.git 1238
2024-04-15 10:59:31.720 [warning] [Decorations] CAPPING events from decorations provider vscode.git 1238
2024-04-15 10:59:36.992 [warning] [Decorations] CAPPING events from decorations provider vscode.git 1238
2024-04-15 11:00:07.910 [warning] [Decorations] CAPPING events from decorations provider vscode.git 1238
2024-04-15 11:00:43.463 [warning] [Decorations] CAPPING events from decorations provider vscode.git 1238
2024-04-15 11:00:48.732 [warning] [Decorations] CAPPING events from decorations provider vscode.git 1238
2024-04-15 11:00:54.023 [warning] [Decorations] CAPPING events from decorations provider vscode.git 1238
2024-04-15 11:00:59.325 [warning] [Decorations] CAPPING events from decorations provider vscode.git 1238
2024-04-15 11:02:41.565 [warning] [Decorations] CAPPING events from decorations provider vscode.git 1238
2024-04-15 11:02:46.854 [warning] [Decorations] CAPPING events from decorations provider vscode.git 1238
2024-04-15 11:02:54.977 [warning] [Decorations] CAPPING events from decorations provider vscode.git 1238
2024-04-15 11:03:00.267 [warning] [Decorations] CAPPING events from decorations provider vscode.git 1238
2024-04-15 11:03:05.540 [warning] [Decorations] CAPPING events from decorations provider vscode.git 1238
2024-04-15 11:03:35.718 [warning] [Decorations] CAPPING events from decorations provider vscode.git 1238
2024-04-15 11:03:41.032 [warning] [Decorations] CAPPING events from decorations provider vscode.git 1238
2024-04-15 11:03:46.313 [warning] [Decorations] CAPPING events from decorations provider vscode.git 1238
2024-04-15 11:03:51.589 [warning] [Decorations] CAPPING events from decorations provider vscode.git 1238
2024-04-15 11:04:04.324 [warning] [Decorations] CAPPING events from decorations provider vscode.git 1238
2024-04-15 11:04:09.621 [warning] [Decorations] CAPPING events from decorations provider vscode.git 1238
2024-04-15 11:04:14.907 [warning] [Decorations] CAPPING events from decorations provider vscode.git 1238
2024-04-15 11:04:20.189 [warning] [Decorations] CAPPING events from decorations provider vscode.git 1238
2024-04-15 11:04:25.465 [warning] [Decorations] CAPPING events from decorations provider vscode.git 1238
2024-04-15 11:04:30.759 [warning] [Decorations] CAPPING events from decorations provider vscode.git 1238
2024-04-15 11:06:50.210 [warning] [Decorations] CAPPING events from decorations provider vscode.git 1238
2024-04-15 11:06:55.493 [warning] [Decorations] CAPPING events from decorations provider vscode.git 1238
2024-04-15 11:07:00.764 [warning] [Decorations] CAPPING events from decorations provider vscode.git 1238
2024-04-15 11:07:06.043 [warning] [Decorations] CAPPING events from decorations provider vscode.git 1238
2024-04-15 11:07:11.338 [warning] [Decorations] CAPPING events from decorations provider vscode.git 1238
2024-04-15 11:07:16.608 [warning] [Decorations] CAPPING events from decorations provider vscode.git 1238
2024-04-15 11:07:21.877 [warning] [Decorations] CAPPING events from decorations provider vscode.git 1238
2024-04-15 11:07:27.156 [warning] [Decorations] CAPPING events from decorations provider vscode.git 1238
2024-04-15 11:07:32.444 [warning] [Decorations] CAPPING events from decorations provider vscode.git 1238
2024-04-15 11:07:39.427 [warning] [Decorations] CAPPING events from decorations provider vscode.git 1238
2024-04-15 11:07:44.740 [warning] [Decorations] CAPPING events from decorations provider vscode.git 1238
2024-04-15 11:11:25.054 [warning] [Decorations] CAPPING events from decorations provider vscode.git 1238
2024-04-15 11:17:28.869 [warning] [Decorations] CAPPING events from decorations provider vscode.git 1238
2024-04-15 11:17:51.131 [warning] [Decorations] CAPPING events from decorations provider vscode.git 1238
2024-04-15 11:22:46.032 [warning] [Decorations] CAPPING events from decorations provider vscode.git 1238
2024-04-15 11:22:51.301 [warning] [Decorations] CAPPING events from decorations provider vscode.git 1238
2024-04-15 11:22:56.579 [warning] [Decorations] CAPPING events from decorations provider vscode.git 1238
2024-04-15 11:23:01.872 [warning] [Decorations] CAPPING events from decorations provider vscode.git 1238
2024-04-15 11:23:07.150 [warning] [Decorations] CAPPING events from decorations provider vscode.git 1238
2024-04-15 11:23:12.424 [warning] [Decorations] CAPPING events from decorations provider vscode.git 1238
2024-04-15 11:23:17.716 [warning] [Decorations] CAPPING events from decorations provider vscode.git 1238
2024-04-15 11:23:23.110 [warning] [Decorations] CAPPING events from decorations provider vscode.git 2272
2024-04-15 11:23:24.377 [info] ExtensionService#_doActivateExtension vscode.json-language-features, startup: false, activationEvent: 'onLanguage:jsonc'
2024-04-15 11:23:28.501 [warning] [Decorations] CAPPING events from decorations provider vscode.git 2274
2024-04-15 11:23:55.337 [warning] [Decorations] CAPPING events from decorations provider vscode.git 2432
2024-04-15 11:24:00.658 [warning] [Decorations] CAPPING events from decorations provider vscode.git 2431
2024-04-15 11:24:22.752 [warning] [Decorations] CAPPING events from decorations provider vscode.git 2431
2024-04-15 11:24:28.083 [warning] [Decorations] CAPPING events from decorations provider vscode.git 2431
2024-04-15 11:24:33.380 [warning] [Decorations] CAPPING events from decorations provider vscode.git 2431
2024-04-15 11:24:38.677 [warning] [Decorations] CAPPING events from decorations provider vscode.git 2485
2024-04-15 11:24:44.032 [warning] [Decorations] CAPPING events from decorations provider vscode.git 2485
2024-04-15 11:24:49.371 [warning] [Decorations] CAPPING events from decorations provider vscode.git 2485
2024-04-15 11:24:52.232 [info] ExtensionService#_doActivateExtension ms-azuretools.vscode-docker, startup: false, activationEvent: 'onLanguage:dockerfile'
2024-04-15 11:24:54.691 [warning] [Decorations] CAPPING events from decorations provider vscode.git 2486
2024-04-15 11:25:00.015 [warning] [Decorations] CAPPING events from decorations provider vscode.git 2488
2024-04-15 11:25:05.383 [warning] [Decorations] CAPPING events from decorations provider vscode.git 2488
2024-04-15 11:25:10.722 [warning] [Decorations] CAPPING events from decorations provider vscode.git 2488
2024-04-15 11:25:16.050 [warning] [Decorations] CAPPING events from decorations provider vscode.git 2488
2024-04-15 11:25:21.379 [warning] [Decorations] CAPPING events from decorations provider vscode.git 2488
2024-04-15 11:25:26.740 [warning] [Decorations] CAPPING events from decorations provider vscode.git 2488
2024-04-15 11:25:33.231 [warning] [Decorations] CAPPING events from decorations provider vscode.git 2489
2024-04-15 11:25:38.601 [warning] [Decorations] CAPPING events from decorations provider vscode.git 2489
2024-04-15 11:25:43.991 [warning] [Decorations] CAPPING events from decorations provider vscode.git 2490
2024-04-15 11:25:49.366 [warning] [Decorations] CAPPING events from decorations provider vscode.git 2490
2024-04-15 11:25:54.731 [warning] [Decorations] CAPPING events from decorations provider vscode.git 2490
2024-04-15 11:26:01.254 [warning] [Decorations] CAPPING events from decorations provider vscode.git 2490
2024-04-15 11:26:06.617 [warning] [Decorations] CAPPING events from decorations provider vscode.git 2490
2024-04-15 11:26:11.969 [warning] [Decorations] CAPPING events from decorations provider vscode.git 2491
2024-04-15 11:26:17.354 [warning] [Decorations] CAPPING events from decorations provider vscode.git 2491
2024-04-15 11:26:22.700 [warning] [Decorations] CAPPING events from decorations provider vscode.git 2491
2024-04-15 11:26:28.056 [warning] [Decorations] CAPPING events from decorations provider vscode.git 2491
2024-04-15 11:26:33.471 [warning] [Decorations] CAPPING events from decorations provider vscode.git 2492
2024-04-15 11:26:38.832 [warning] [Decorations] CAPPING events from decorations provider vscode.git 2492
2024-04-15 11:26:44.219 [warning] [Decorations] CAPPING events from decorations provider vscode.git 2492
2024-04-15 11:26:49.541 [warning] [Decorations] CAPPING events from decorations provider vscode.git 2492
2024-04-15 11:26:54.958 [warning] [Decorations] CAPPING events from decorations provider vscode.git 2493
2024-04-15 11:27:01.403 [warning] [Decorations] CAPPING events from decorations provider vscode.git 2493
2024-04-15 11:27:06.739 [warning] [Decorations] CAPPING events from decorations provider vscode.git 2493
2024-04-15 11:27:12.090 [warning] [Decorations] CAPPING events from decorations provider vscode.git 2493
2024-04-15 11:27:17.407 [warning] [Decorations] CAPPING events from decorations provider vscode.git 2493
2024-04-15 11:27:22.745 [warning] [Decorations] CAPPING events from decorations provider vscode.git 2493
2024-04-15 11:27:28.102 [warning] [Decorations] CAPPING events from decorations provider vscode.git 2494
2024-04-15 11:27:33.449 [warning] [Decorations] CAPPING events from decorations provider vscode.git 2494
2024-04-15 11:27:38.767 [warning] [Decorations] CAPPING events from decorations provider vscode.git 2494
2024-04-15 11:27:44.101 [warning] [Decorations] CAPPING events from decorations provider vscode.git 2494
2024-04-15 11:27:49.433 [warning] [Decorations] CAPPING events from decorations provider vscode.git 2494
2024-04-15 11:27:54.777 [warning] [Decorations] CAPPING events from decorations provider vscode.git 2494
2024-04-15 11:28:00.122 [warning] [Decorations] CAPPING events from decorations provider vscode.git 2494
2024-04-15 11:28:05.451 [warning] [Decorations] CAPPING events from decorations provider vscode.git 2494
2024-04-15 11:28:10.782 [warning] [Decorations] CAPPING events from decorations provider vscode.git 2494
2024-04-15 11:28:16.175 [warning] [Decorations] CAPPING events from decorations provider vscode.git 2494
2024-04-15 11:28:21.521 [warning] [Decorations] CAPPING events from decorations provider vscode.git 2494
2024-04-15 11:28:26.843 [warning] [Decorations] CAPPING events from decorations provider vscode.git 2494
2024-04-15 11:28:32.170 [warning] [Decorations] CAPPING events from decorations provider vscode.git 2494
2024-04-15 11:28:37.528 [warning] [Decorations] CAPPING events from decorations provider vscode.git 2494
2024-04-15 11:28:42.983 [warning] [Decorations] CAPPING events from decorations provider vscode.git 2494
2024-04-15 11:28:48.326 [warning] [Decorations] CAPPING events from decorations provider vscode.git 2494
2024-04-15 11:28:53.663 [warning] [Decorations] CAPPING events from decorations provider vscode.git 2503
2024-04-15 11:28:58.583 [info] ExtensionService#_doActivateExtension vscode.extension-editing, startup: false, activationEvent: 'onLanguage:json'
2024-04-15 11:28:59.114 [warning] [Decorations] CAPPING events from decorations provider vscode.git 2495
2024-04-15 11:29:14.880 [warning] [Decorations] CAPPING events from decorations provider vscode.git 2495
2024-04-15 11:29:20.200 [warning] [Decorations] CAPPING events from decorations provider vscode.git 2495
2024-04-15 11:29:25.519 [warning] [Decorations] CAPPING events from decorations provider vscode.git 2495
2024-04-15 11:29:30.858 [warning] [Decorations] CAPPING events from decorations provider vscode.git 2495
2024-04-15 11:29:36.191 [warning] [Decorations] CAPPING events from decorations provider vscode.git 2496
2024-04-15 11:29:41.544 [warning] [Decorations] CAPPING events from decorations provider vscode.git 2496
2024-04-15 11:29:46.889 [warning] [Decorations] CAPPING events from decorations provider vscode.git 2496
2024-04-15 11:29:52.199 [warning] [Decorations] CAPPING events from decorations provider vscode.git 2496
2024-04-15 11:29:57.569 [warning] [Decorations] CAPPING events from decorations provider vscode.git 2496
2024-04-15 11:30:02.899 [warning] [Decorations] CAPPING events from decorations provider vscode.git 2497
2024-04-15 11:30:08.250 [warning] [Decorations] CAPPING events from decorations provider vscode.git 2497
2024-04-15 11:30:24.813 [warning] [Decorations] CAPPING events from decorations provider vscode.git 2497
2024-04-15 11:30:30.146 [warning] [Decorations] CAPPING events from decorations provider vscode.git 2498
2024-04-15 11:30:35.500 [warning] [Decorations] CAPPING events from decorations provider vscode.git 2498
2024-04-15 11:30:40.872 [warning] [Decorations] CAPPING events from decorations provider vscode.git 2498
2024-04-15 11:30:46.225 [warning] [Decorations] CAPPING events from decorations provider vscode.git 2499
2024-04-15 11:30:51.559 [warning] [Decorations] CAPPING events from decorations provider vscode.git 2499
2024-04-15 11:30:56.923 [warning] [Decorations] CAPPING events from decorations provider vscode.git 2500
2024-04-15 11:31:02.270 [warning] [Decorations] CAPPING events from decorations provider vscode.git 2500
2024-04-15 11:31:07.627 [warning] [Decorations] CAPPING events from decorations provider vscode.git 2500
2024-04-15 11:31:12.979 [warning] [Decorations] CAPPING events from decorations provider vscode.git 2500
2024-04-15 11:31:18.396 [warning] [Decorations] CAPPING events from decorations provider vscode.git 2500
2024-04-15 11:31:23.796 [warning] [Decorations] CAPPING events from decorations provider vscode.git 2500
2024-04-15 11:31:29.178 [warning] [Decorations] CAPPING events from decorations provider vscode.git 2500
2024-04-15 11:31:34.553 [warning] [Decorations] CAPPING events from decorations provider vscode.git 2500
2024-04-15 11:31:39.886 [warning] [Decorations] CAPPING events from decorations provider vscode.git 2500
2024-04-15 11:31:45.199 [warning] [Decorations] CAPPING events from decorations provider vscode.git 2500
2024-04-15 11:31:50.530 [warning] [Decorations] CAPPING events from decorations provider vscode.git 2500
2024-04-15 11:31:55.870 [warning] [Decorations] CAPPING events from decorations provider vscode.git 2500
2024-04-15 11:32:01.227 [warning] [Decorations] CAPPING events from decorations provider vscode.git 2500
2024-04-15 11:32:06.555 [warning] [Decorations] CAPPING events from decorations provider vscode.git 2500
2024-04-15 11:32:11.920 [warning] [Decorations] CAPPING events from decorations provider vscode.git 2500
2024-04-15 11:32:17.244 [warning] [Decorations] CAPPING events from decorations provider vscode.git 2501
2024-04-15 11:32:22.601 [warning] [Decorations] CAPPING events from decorations provider vscode.git 2501
2024-04-15 11:32:27.929 [warning] [Decorations] CAPPING events from decorations provider vscode.git 2501
2024-04-15 11:32:33.260 [warning] [Decorations] CAPPING events from decorations provider vscode.git 2501
2024-04-15 11:32:38.590 [warning] [Decorations] CAPPING events from decorations provider vscode.git 2501
2024-04-15 11:32:43.962 [warning] [Decorations] CAPPING events from decorations provider vscode.git 2502
2024-04-15 11:32:49.305 [warning] [Decorations] CAPPING events from decorations provider vscode.git 2502
2024-04-15 11:32:54.629 [warning] [Decorations] CAPPING events from decorations provider vscode.git 2502
2024-04-15 11:32:59.955 [warning] [Decorations] CAPPING events from decorations provider vscode.git 2502
2024-04-15 11:33:05.309 [warning] [Decorations] CAPPING events from decorations provider vscode.git 2502
2024-04-15 11:33:10.689 [warning] [Decorations] CAPPING events from decorations provider vscode.git 2503
2024-04-15 11:33:16.027 [warning] [Decorations] CAPPING events from decorations provider vscode.git 2503
2024-04-15 11:33:21.371 [warning] [Decorations] CAPPING events from decorations provider vscode.git 2503
2024-04-15 11:33:26.733 [warning] [Decorations] CAPPING events from decorations provider vscode.git 2503
2024-04-15 11:33:32.074 [warning] [Decorations] CAPPING events from decorations provider vscode.git 2503
2024-04-15 11:33:37.441 [warning] [Decorations] CAPPING events from decorations provider vscode.git 2503
2024-04-15 11:33:42.786 [warning] [Decorations] CAPPING events from decorations provider vscode.git 2503
2024-04-15 11:33:48.109 [warning] [Decorations] CAPPING events from decorations provider vscode.git 2504
2024-04-15 11:33:53.469 [warning] [Decorations] CAPPING events from decorations provider vscode.git 2504
2024-04-15 11:33:58.848 [warning] [Decorations] CAPPING events from decorations provider vscode.git 2505
2024-04-15 11:34:10.222 [warning] [Decorations] CAPPING events from decorations provider vscode.git 2505
2024-04-15 11:34:15.543 [warning] [Decorations] CAPPING events from decorations provider vscode.git 2505
2024-04-15 11:34:20.860 [warning] [Decorations] CAPPING events from decorations provider vscode.git 2506
2024-04-15 11:34:26.203 [warning] [Decorations] CAPPING events from decorations provider vscode.git 2506
2024-04-15 11:34:31.554 [warning] [Decorations] CAPPING events from decorations provider vscode.git 2506
2024-04-15 11:34:36.891 [warning] [Decorations] CAPPING events from decorations provider vscode.git 2507
2024-04-15 11:34:42.263 [warning] [Decorations] CAPPING events from decorations provider vscode.git 2507
2024-04-15 11:34:47.612 [warning] [Decorations] CAPPING events from decorations provider vscode.git 2507
2024-04-15 11:34:52.950 [warning] [Decorations] CAPPING events from decorations provider vscode.git 2507
2024-04-15 11:35:00.925 [warning] [Decorations] CAPPING events from decorations provider vscode.git 2507
2024-04-15 11:35:07.943 [warning] [Decorations] CAPPING events from decorations provider vscode.git 2507
2024-04-15 11:35:13.308 [warning] [Decorations] CAPPING events from decorations provider vscode.git 2507
2024-04-15 11:35:18.638 [warning] [Decorations] CAPPING events from decorations provider vscode.git 2508
2024-04-15 11:35:24.051 [warning] [Decorations] CAPPING events from decorations provider vscode.git 2508
2024-04-15 11:35:29.380 [warning] [Decorations] CAPPING events from decorations provider vscode.git 2508
2024-04-15 11:35:34.715 [warning] [Decorations] CAPPING events from decorations provider vscode.git 2508
2024-04-15 11:35:40.071 [warning] [Decorations] CAPPING events from decorations provider vscode.git 2509
2024-04-15 11:35:45.407 [warning] [Decorations] CAPPING events from decorations provider vscode.git 2509
2024-04-15 11:39:22.209 [warning] [Decorations] CAPPING events from decorations provider vscode.git 2509
2024-04-15 11:39:27.537 [warning] [Decorations] CAPPING events from decorations provider vscode.git 2509
2024-04-15 11:39:32.888 [warning] [Decorations] CAPPING events from decorations provider vscode.git 2510
2024-04-15 11:39:38.205 [warning] [Decorations] CAPPING events from decorations provider vscode.git 2510
2024-04-15 11:39:43.555 [warning] [Decorations] CAPPING events from decorations provider vscode.git 2511
2024-04-15 11:39:48.875 [warning] [Decorations] CAPPING events from decorations provider vscode.git 2511
2024-04-15 11:39:54.227 [warning] [Decorations] CAPPING events from decorations provider vscode.git 2511
2024-04-15 11:39:59.552 [warning] [Decorations] CAPPING events from decorations provider vscode.git 2511
2024-04-15 11:40:04.865 [warning] [Decorations] CAPPING events from decorations provider vscode.git 2511
2024-04-15 11:40:10.249 [warning] [Decorations] CAPPING events from decorations provider vscode.git 2511
2024-04-15 11:40:15.605 [warning] [Decorations] CAPPING events from decorations provider vscode.git 2511
2024-04-15 11:40:20.917 [warning] [Decorations] CAPPING events from decorations provider vscode.git 2511
2024-04-15 11:40:26.301 [warning] [Decorations] CAPPING events from decorations provider vscode.git 2512
2024-04-15 11:40:31.632 [warning] [Decorations] CAPPING events from decorations provider vscode.git 2512
2024-04-15 11:40:36.950 [warning] [Decorations] CAPPING events from decorations provider vscode.git 2512
2024-04-15 11:40:42.309 [warning] [Decorations] CAPPING events from decorations provider vscode.git 2513
2024-04-15 11:40:51.159 [warning] [Decorations] CAPPING events from decorations provider vscode.git 2513
2024-04-15 11:40:56.487 [warning] [Decorations] CAPPING events from decorations provider vscode.git 2513
2024-04-15 11:41:01.858 [warning] [Decorations] CAPPING events from decorations provider vscode.git 2513
2024-04-15 11:41:07.193 [warning] [Decorations] CAPPING events from decorations provider vscode.git 2513
2024-04-15 11:41:12.522 [warning] [Decorations] CAPPING events from decorations provider vscode.git 2513
2024-04-15 11:41:17.835 [warning] [Decorations] CAPPING events from decorations provider vscode.git 2514
2024-04-15 11:41:25.625 [warning] [Decorations] CAPPING events from decorations provider vscode.git 2514
2024-04-15 11:41:30.954 [warning] [Decorations] CAPPING events from decorations provider vscode.git 2515
2024-04-15 11:41:36.323 [warning] [Decorations] CAPPING events from decorations provider vscode.git 2515
2024-04-15 11:41:41.649 [warning] [Decorations] CAPPING events from decorations provider vscode.git 2515
2024-04-15 11:41:46.981 [warning] [Decorations] CAPPING events from decorations provider vscode.git 2516
2024-04-15 11:41:52.291 [warning] [Decorations] CAPPING events from decorations provider vscode.git 2516
2024-04-15 11:41:57.612 [warning] [Decorations] CAPPING events from decorations provider vscode.git 2516
2024-04-15 11:42:02.959 [warning] [Decorations] CAPPING events from decorations provider vscode.git 2516
2024-04-15 11:42:08.287 [warning] [Decorations] CAPPING events from decorations provider vscode.git 2516
2024-04-15 11:42:13.657 [warning] [Decorations] CAPPING events from decorations provider vscode.git 2516
2024-04-15 11:42:18.980 [warning] [Decorations] CAPPING events from decorations provider vscode.git 2516
2024-04-15 11:42:24.319 [warning] [Decorations] CAPPING events from decorations provider vscode.git 2516
2024-04-15 11:42:29.650 [warning] [Decorations] CAPPING events from decorations provider vscode.git 2516
2024-04-15 11:42:34.971 [warning] [Decorations] CAPPING events from decorations provider vscode.git 2516
2024-04-15 11:42:40.326 [warning] [Decorations] CAPPING events from decorations provider vscode.git 2517
2024-04-15 11:42:49.064 [warning] [Decorations] CAPPING events from decorations provider vscode.git 2517
2024-04-15 11:42:54.401 [warning] [Decorations] CAPPING events from decorations provider vscode.git 2517
2024-04-15 11:42:59.739 [warning] [Decorations] CAPPING events from decorations provider vscode.git 2517
2024-04-15 11:43:05.079 [warning] [Decorations] CAPPING events from decorations provider vscode.git 2518
2024-04-15 11:43:10.490 [warning] [Decorations] CAPPING events from decorations provider vscode.git 2518
2024-04-15 11:43:18.983 [warning] [Decorations] CAPPING events from decorations provider vscode.git 2518
2024-04-15 11:43:24.320 [warning] [Decorations] CAPPING events from decorations provider vscode.git 2518
2024-04-15 11:43:29.654 [warning] [Decorations] CAPPING events from decorations provider vscode.git 2518
2024-04-15 11:43:34.987 [warning] [Decorations] CAPPING events from decorations provider vscode.git 2518
2024-04-15 11:43:40.357 [warning] [Decorations] CAPPING events from decorations provider vscode.git 2518
2024-04-15 11:43:45.690 [warning] [Decorations] CAPPING events from decorations provider vscode.git 2518
2024-04-15 11:43:51.019 [warning] [Decorations] CAPPING events from decorations provider vscode.git 2519
2024-04-15 11:43:56.390 [warning] [Decorations] CAPPING events from decorations provider vscode.git 2519
2024-04-15 11:44:01.736 [warning] [Decorations] CAPPING events from decorations provider vscode.git 2519
2024-04-15 11:44:07.083 [warning] [Decorations] CAPPING events from decorations provider vscode.git 2519
2024-04-15 11:44:12.397 [warning] [Decorations] CAPPING events from decorations provider vscode.git 2519
2024-04-15 11:44:21.842 [warning] [Decorations] CAPPING events from decorations provider vscode.git 2520
2024-04-15 11:45:39.176 [warning] [Decorations] CAPPING events from decorations provider vscode.git 2520
2024-04-15 11:54:15.323 [warning] [Decorations] CAPPING events from decorations provider vscode.git 2520
2024-04-15 11:54:20.677 [warning] [Decorations] CAPPING events from decorations provider vscode.git 2520
2024-04-15 11:54:26.078 [warning] [Decorations] CAPPING events from decorations provider vscode.git 2520
2024-04-15 11:54:35.287 [warning] [Decorations] CAPPING events from decorations provider vscode.git 2520
2024-04-15 11:54:40.649 [warning] [Decorations] CAPPING events from decorations provider vscode.git 2520
2024-04-15 11:54:45.965 [warning] [Decorations] CAPPING events from decorations provider vscode.git 2520
2024-04-15 11:55:01.794 [warning] [Decorations] CAPPING events from decorations provider vscode.git 2520
2024-04-15 11:56:11.904 [warning] [Decorations] CAPPING events from decorations provider vscode.git 2520
2024-04-15 11:56:17.259 [warning] [Decorations] CAPPING events from decorations provider vscode.git 2520
2024-04-15 11:56:22.627 [warning] [Decorations] CAPPING events from decorations provider vscode.git 2520
2024-04-15 11:56:28.018 [warning] [Decorations] CAPPING events from decorations provider vscode.git 2554
2024-04-15 11:57:40.909 [warning] [Decorations] CAPPING events from decorations provider vscode.git 2521
2024-04-15 11:57:46.235 [warning] [Decorations] CAPPING events from decorations provider vscode.git 2521
2024-04-15 11:57:51.590 [warning] [Decorations] CAPPING events from decorations provider vscode.git 2521
2024-04-15 11:57:56.941 [warning] [Decorations] CAPPING events from decorations provider vscode.git 2521
2024-04-15 11:58:02.344 [warning] [Decorations] CAPPING events from decorations provider vscode.git 2521
2024-04-15 11:58:07.739 [warning] [Decorations] CAPPING events from decorations provider vscode.git 2521
2024-04-15 11:58:13.093 [warning] [Decorations] CAPPING events from decorations provider vscode.git 2521
2024-04-15 11:58:18.517 [warning] [Decorations] CAPPING events from decorations provider vscode.git 2521
2024-04-15 11:58:23.921 [warning] [Decorations] CAPPING events from decorations provider vscode.git 2521
2024-04-15 11:58:29.318 [warning] [Decorations] CAPPING events from decorations provider vscode.git 2521
2024-04-15 11:58:40.047 [warning] [Decorations] CAPPING events from decorations provider vscode.git 2521
2024-04-15 11:58:45.472 [warning] [Decorations] CAPPING events from decorations provider vscode.git 2521
2024-04-15 11:58:56.889 [warning] [Decorations] CAPPING events from decorations provider vscode.git 2521
2024-04-15 11:59:02.332 [warning] [Decorations] CAPPING events from decorations provider vscode.git 2521
2024-04-15 11:59:07.725 [warning] [Decorations] CAPPING events from decorations provider vscode.git 2521
2024-04-15 11:59:40.759 [warning] [Decorations] CAPPING events from decorations provider vscode.git 2521
2024-04-15 11:59:46.236 [warning] [Decorations] CAPPING events from decorations provider vscode.git 2521
2024-04-15 12:00:17.523 [warning] [Decorations] CAPPING events from decorations provider vscode.git 2521
2024-04-15 12:00:22.856 [warning] [Decorations] CAPPING events from decorations provider vscode.git 2521
2024-04-15 12:00:28.204 [warning] [Decorations] CAPPING events from decorations provider vscode.git 2521
2024-04-15 12:00:37.919 [warning] [Decorations] CAPPING events from decorations provider vscode.git 2521
2024-04-15 12:00:43.251 [warning] [Decorations] CAPPING events from decorations provider vscode.git 2521
2024-04-15 12:00:52.323 [warning] [Decorations] CAPPING events from decorations provider vscode.git 2521
2024-04-15 12:00:57.653 [warning] [Decorations] CAPPING events from decorations provider vscode.git 2521
2024-04-15 12:01:02.978 [warning] [Decorations] CAPPING events from decorations provider vscode.git 2521
2024-04-15 12:01:08.322 [warning] [Decorations] CAPPING events from decorations provider vscode.git 2521
2024-04-15 12:01:13.684 [warning] [Decorations] CAPPING events from decorations provider vscode.git 2521
2024-04-15 12:01:19.002 [warning] [Decorations] CAPPING events from decorations provider vscode.git 2521
2024-04-15 12:01:24.449 [warning] [Decorations] CAPPING events from decorations provider vscode.git 2521
2024-04-15 12:01:29.786 [warning] [Decorations] CAPPING events from decorations provider vscode.git 2521
2024-04-15 12:01:35.217 [warning] [Decorations] CAPPING events from decorations provider vscode.git 2521
2024-04-15 12:01:40.599 [warning] [Decorations] CAPPING events from decorations provider vscode.git 2521
2024-04-15 12:01:45.956 [warning] [Decorations] CAPPING events from decorations provider vscode.git 2521
2024-04-15 12:01:51.277 [warning] [Decorations] CAPPING events from decorations provider vscode.git 2521
2024-04-15 12:01:56.610 [warning] [Decorations] CAPPING events from decorations provider vscode.git 2521
2024-04-15 12:02:01.981 [warning] [Decorations] CAPPING events from decorations provider vscode.git 2521
2024-04-15 12:02:07.309 [warning] [Decorations] CAPPING events from decorations provider vscode.git 2521
2024-04-15 12:02:12.677 [warning] [Decorations] CAPPING events from decorations provider vscode.git 2521
2024-04-15 12:02:18.010 [warning] [Decorations] CAPPING events from decorations provider vscode.git 2521
2024-04-15 12:02:23.350 [warning] [Decorations] CAPPING events from decorations provider vscode.git 2521
2024-04-15 12:02:28.682 [warning] [Decorations] CAPPING events from decorations provider vscode.git 2521
2024-04-15 12:02:34.031 [warning] [Decorations] CAPPING events from decorations provider vscode.git 2521
2024-04-15 12:02:39.388 [warning] [Decorations] CAPPING events from decorations provider vscode.git 2521
2024-04-15 12:02:45.107 [warning] [Decorations] CAPPING events from decorations provider vscode.git 2521
2024-04-15 12:03:16.529 [warning] [Decorations] CAPPING events from decorations provider vscode.git 2521
2024-04-15 12:03:21.857 [warning] [Decorations] CAPPING events from decorations provider vscode.git 2521
2024-04-15 12:03:27.256 [warning] [Decorations] CAPPING events from decorations provider vscode.git 2521
2024-04-15 12:03:32.606 [warning] [Decorations] CAPPING events from decorations provider vscode.git 2521
2024-04-15 12:03:37.929 [warning] [Decorations] CAPPING events from decorations provider vscode.git 2521
2024-04-15 12:03:43.266 [warning] [Decorations] CAPPING events from decorations provider vscode.git 2521
2024-04-15 12:03:48.617 [warning] [Decorations] CAPPING events from decorations provider vscode.git 2521
2024-04-15 12:03:54.000 [warning] [Decorations] CAPPING events from decorations provider vscode.git 2521
2024-04-15 12:03:59.366 [warning] [Decorations] CAPPING events from decorations provider vscode.git 2521
2024-04-15 12:04:04.720 [warning] [Decorations] CAPPING events from decorations provider vscode.git 2521
2024-04-15 12:04:10.066 [warning] [Decorations] CAPPING events from decorations provider vscode.git 2521
2024-04-15 12:04:15.465 [warning] [Decorations] CAPPING events from decorations provider vscode.git 2521
2024-04-15 12:04:20.820 [warning] [Decorations] CAPPING events from decorations provider vscode.git 2521
2024-04-15 12:04:26.188 [warning] [Decorations] CAPPING events from decorations provider vscode.git 2521
2024-04-15 12:04:31.536 [warning] [Decorations] CAPPING events from decorations provider vscode.git 2521
2024-04-15 12:04:37.036 [warning] [Decorations] CAPPING events from decorations provider vscode.git 2521
2024-04-15 12:04:42.404 [warning] [Decorations] CAPPING events from decorations provider vscode.git 2521
2024-04-15 12:04:47.770 [warning] [Decorations] CAPPING events from decorations provider vscode.git 2521
2024-04-15 12:04:53.137 [warning] [Decorations] CAPPING events from decorations provider vscode.git 2521
2024-04-15 12:04:58.490 [warning] [Decorations] CAPPING events from decorations provider vscode.git 2521
2024-04-15 12:05:03.934 [warning] [Decorations] CAPPING events from decorations provider vscode.git 2521
2024-04-15 12:05:09.495 [warning] [Decorations] CAPPING events from decorations provider vscode.git 2521
2024-04-15 12:05:14.920 [warning] [Decorations] CAPPING events from decorations provider vscode.git 2521
2024-04-15 12:05:20.345 [warning] [Decorations] CAPPING events from decorations provider vscode.git 2521
2024-04-15 12:05:25.946 [warning] [Decorations] CAPPING events from decorations provider vscode.git 2521
2024-04-15 12:05:31.370 [warning] [Decorations] CAPPING events from decorations provider vscode.git 2521
2024-04-15 12:06:08.563 [warning] [Decorations] CAPPING events from decorations provider vscode.git 2521
2024-04-15 12:06:13.935 [warning] [Decorations] CAPPING events from decorations provider vscode.git 2521
2024-04-15 12:06:19.289 [warning] [Decorations] CAPPING events from decorations provider vscode.git 2521
2024-04-15 12:06:24.663 [warning] [Decorations] CAPPING events from decorations provider vscode.git 2521
2024-04-15 12:06:29.989 [warning] [Decorations] CAPPING events from decorations provider vscode.git 2521
2024-04-15 12:06:35.363 [warning] [Decorations] CAPPING events from decorations provider vscode.git 2521
2024-04-15 12:06:40.738 [warning] [Decorations] CAPPING events from decorations provider vscode.git 2521
2024-04-15 12:07:15.343 [warning] [Decorations] CAPPING events from decorations provider vscode.git 2521
2024-04-15 12:07:20.810 [warning] [Decorations] CAPPING events from decorations provider vscode.git 2521
2024-04-15 12:07:26.172 [warning] [Decorations] CAPPING events from decorations provider vscode.git 2521
2024-04-15 12:07:31.505 [warning] [Decorations] CAPPING events from decorations provider vscode.git 2521
2024-04-15 12:07:36.845 [warning] [Decorations] CAPPING events from decorations provider vscode.git 2521
2024-04-15 12:08:10.715 [warning] [Decorations] CAPPING events from decorations provider vscode.git 2521
2024-04-15 12:08:16.047 [warning] [Decorations] CAPPING events from decorations provider vscode.git 2521
2024-04-15 12:08:45.628 [warning] [Decorations] CAPPING events from decorations provider vscode.git 2521
2024-04-15 12:08:51.006 [warning] [Decorations] CAPPING events from decorations provider vscode.git 2523
2024-04-15 12:08:57.957 [warning] [Decorations] CAPPING events from decorations provider vscode.git 2523
2024-04-15 12:09:03.322 [warning] [Decorations] CAPPING events from decorations provider vscode.git 2524
2024-04-15 12:09:08.698 [warning] [Decorations] CAPPING events from decorations provider vscode.git 2524
2024-04-15 12:09:19.208 [warning] [Decorations] CAPPING events from decorations provider vscode.git 2524
2024-04-15 12:09:27.915 [warning] [Decorations] CAPPING events from decorations provider vscode.git 2524
2024-04-15 12:09:44.137 [warning] [Decorations] CAPPING events from decorations provider vscode.git 2524
2024-04-15 12:10:32.494 [warning] [Decorations] CAPPING events from decorations provider vscode.git 2524
2024-04-15 12:50:50.800 [warning] [Decorations] CAPPING events from decorations provider vscode.git 2524
2024-04-15 12:50:56.143 [warning] [Decorations] CAPPING events from decorations provider vscode.git 2524
2024-04-15 12:51:01.475 [warning] [Decorations] CAPPING events from decorations provider vscode.git 2524
2024-04-15 12:51:06.828 [warning] [Decorations] CAPPING events from decorations provider vscode.git 2524
2024-04-15 12:51:12.162 [warning] [Decorations] CAPPING events from decorations provider vscode.git 2524
2024-04-15 12:51:17.543 [warning] [Decorations] CAPPING events from decorations provider vscode.git 2524
2024-04-15 12:51:23.413 [warning] [Decorations] CAPPING events from decorations provider vscode.git 2524
2024-04-15 12:52:21.819 [warning] [Decorations] CAPPING events from decorations provider vscode.git 2524
2024-04-15 13:14:45.006 [warning] [Decorations] CAPPING events from decorations provider vscode.git 2524
2024-04-15 13:14:50.423 [warning] [Decorations] CAPPING events from decorations provider vscode.git 2524
2024-04-15 13:14:55.791 [warning] [Decorations] CAPPING events from decorations provider vscode.git 2524
2024-04-15 13:15:01.125 [warning] [Decorations] CAPPING events from decorations provider vscode.git 2524
2024-04-15 13:15:06.452 [warning] [Decorations] CAPPING events from decorations provider vscode.git 2524
2024-04-15 13:15:11.835 [warning] [Decorations] CAPPING events from decorations provider vscode.git 2524
2024-04-15 13:15:17.180 [warning] [Decorations] CAPPING events from decorations provider vscode.git 2524
2024-04-15 13:15:36.714 [warning] [Decorations] CAPPING events from decorations provider vscode.git 2524
2024-04-15 13:16:19.554 [warning] [Decorations] CAPPING events from decorations provider vscode.git 2524
2024-04-15 13:16:24.889 [warning] [Decorations] CAPPING events from decorations provider vscode.git 2524
2024-04-15 13:16:30.269 [warning] [Decorations] CAPPING events from decorations provider vscode.git 2524
2024-04-15 13:16:35.585 [warning] [Decorations] CAPPING events from decorations provider vscode.git 2524
2024-04-15 13:16:40.945 [warning] [Decorations] CAPPING events from decorations provider vscode.git 2524
2024-04-15 13:16:46.298 [warning] [Decorations] CAPPING events from decorations provider vscode.git 2524
2024-04-15 13:16:51.620 [warning] [Decorations] CAPPING events from decorations provider vscode.git 2524
2024-04-15 13:16:56.969 [warning] [Decorations] CAPPING events from decorations provider vscode.git 2524
2024-04-15 13:17:02.373 [warning] [Decorations] CAPPING events from decorations provider vscode.git 2524
2024-04-15 13:17:08.867 [warning] [Decorations] CAPPING events from decorations provider vscode.git 2524
2024-04-15 13:18:23.552 [warning] [Decorations] CAPPING events from decorations provider vscode.git 2524
2024-04-15 13:22:41.003 [warning] [Decorations] CAPPING events from decorations provider vscode.git 2524
2024-04-15 13:22:46.316 [warning] [Decorations] CAPPING events from decorations provider vscode.git 2524
2024-04-15 13:22:51.641 [warning] [Decorations] CAPPING events from decorations provider vscode.git 2524
2024-04-15 13:22:56.998 [warning] [Decorations] CAPPING events from decorations provider vscode.git 2524
2024-04-15 13:25:02.640 [warning] [Decorations] CAPPING events from decorations provider vscode.git 2524
2024-04-15 13:27:59.477 [warning] [Decorations] CAPPING events from decorations provider vscode.git 2524
2024-04-15 13:28:04.832 [warning] [Decorations] CAPPING events from decorations provider vscode.git 2524
2024-04-15 13:28:10.166 [warning] [Decorations] CAPPING events from decorations provider vscode.git 2524
2024-04-15 13:28:15.514 [warning] [Decorations] CAPPING events from decorations provider vscode.git 2524
2024-04-15 13:28:20.835 [warning] [Decorations] CAPPING events from decorations provider vscode.git 2524
2024-04-15 13:28:26.164 [warning] [Decorations] CAPPING events from decorations provider vscode.git 2524
2024-04-15 13:28:31.518 [warning] [Decorations] CAPPING events from decorations provider vscode.git 2524
2024-04-15 13:28:36.858 [warning] [Decorations] CAPPING events from decorations provider vscode.git 2524
2024-04-15 13:33:22.741 [warning] [Decorations] CAPPING events from decorations provider vscode.git 2524
2024-04-15 13:33:28.119 [warning] [Decorations] CAPPING events from decorations provider vscode.git 2524
2024-04-15 13:33:35.404 [warning] [Decorations] CAPPING events from decorations provider vscode.git 2524
2024-04-15 13:33:55.859 [warning] [Decorations] CAPPING events from decorations provider vscode.git 2524
2024-04-15 13:34:02.957 [warning] [Decorations] CAPPING events from decorations provider vscode.git 2524
2024-04-15 13:34:08.410 [warning] [Decorations] CAPPING events from decorations provider vscode.git 2524
2024-04-15 13:34:13.787 [warning] [Decorations] CAPPING events from decorations provider vscode.git 2524
2024-04-15 13:34:19.175 [warning] [Decorations] CAPPING events from decorations provider vscode.git 2524
2024-04-15 13:35:03.807 [warning] [Decorations] CAPPING events from decorations provider vscode.git 2524
2024-04-15 13:58:13.029 [warning] [Decorations] CAPPING events from decorations provider vscode.git 2524
2024-04-15 13:58:31.119 [warning] [Decorations] CAPPING events from decorations provider vscode.git 2524
2024-04-15 13:59:09.697 [warning] [Decorations] CAPPING events from decorations provider vscode.git 2524
2024-04-15 13:59:15.018 [warning] [Decorations] CAPPING events from decorations provider vscode.git 2524
2024-04-15 13:59:37.380 [warning] [Decorations] CAPPING events from decorations provider vscode.git 2524
2024-04-15 14:00:34.494 [warning] [Decorations] CAPPING events from decorations provider vscode.git 2524
2024-04-15 14:00:39.838 [warning] [Decorations] CAPPING events from decorations provider vscode.git 2524
2024-04-15 16:19:14.362 [warning] [Decorations] CAPPING events from decorations provider vscode.git 2524
2024-04-15 16:19:19.721 [warning] [Decorations] CAPPING events from decorations provider vscode.git 2524
2024-04-15 16:19:25.097 [warning] [Decorations] CAPPING events from decorations provider vscode.git 2524
2024-04-15 16:19:30.426 [warning] [Decorations] CAPPING events from decorations provider vscode.git 2524
2024-04-15 16:19:35.767 [warning] [Decorations] CAPPING events from decorations provider vscode.git 2524
2024-04-15 16:19:41.096 [warning] [Decorations] CAPPING events from decorations provider vscode.git 2524
2024-04-15 16:19:43.403 [info] ExtensionService#_doActivateExtension jebbs.plantuml, startup: false, activationEvent: 'onLanguage:plantuml'
2024-04-15 16:19:46.441 [warning] [Decorations] CAPPING events from decorations provider vscode.git 2525
2024-04-15 16:19:51.785 [warning] [Decorations] CAPPING events from decorations provider vscode.git 2525
2024-04-15 16:19:57.133 [warning] [Decorations] CAPPING events from decorations provider vscode.git 2525
2024-04-15 16:20:02.535 [warning] [Decorations] CAPPING events from decorations provider vscode.git 2525
2024-04-15 16:20:07.892 [warning] [Decorations] CAPPING events from decorations provider vscode.git 2525
2024-04-15 16:20:13.221 [warning] [Decorations] CAPPING events from decorations provider vscode.git 2525
2024-04-15 16:20:18.579 [warning] [Decorations] CAPPING events from decorations provider vscode.git 2527
2024-04-15 16:20:32.692 [warning] [Decorations] CAPPING events from decorations provider vscode.git 2527
2024-04-15 16:20:38.031 [warning] [Decorations] CAPPING events from decorations provider vscode.git 2527
2024-04-15 16:20:43.369 [warning] [Decorations] CAPPING events from decorations provider vscode.git 2527
2024-04-15 16:20:48.719 [warning] [Decorations] CAPPING events from decorations provider vscode.git 2527
2024-04-15 16:20:54.867 [warning] [Decorations] CAPPING events from decorations provider vscode.git 2527
2024-04-15 16:21:00.216 [warning] [Decorations] CAPPING events from decorations provider vscode.git 2528
2024-04-15 16:21:38.326 [warning] [Decorations] CAPPING events from decorations provider vscode.git 2528
2024-04-15 16:21:44.543 [warning] [Decorations] CAPPING events from decorations provider vscode.git 2529
2024-04-15 16:21:49.941 [warning] [Decorations] CAPPING events from decorations provider vscode.git 2529
2024-04-15 16:21:55.316 [warning] [Decorations] CAPPING events from decorations provider vscode.git 2529
2024-04-15 16:22:00.683 [warning] [Decorations] CAPPING events from decorations provider vscode.git 2529
2024-04-15 16:22:06.023 [warning] [Decorations] CAPPING events from decorations provider vscode.git 2529
2024-04-15 16:22:11.357 [warning] [Decorations] CAPPING events from decorations provider vscode.git 2529
2024-04-15 16:22:16.700 [warning] [Decorations] CAPPING events from decorations provider vscode.git 2529
2024-04-15 16:22:32.068 [warning] [Decorations] CAPPING events from decorations provider vscode.git 2529
2024-04-15 16:22:37.426 [warning] [Decorations] CAPPING events from decorations provider vscode.git 2529
2024-04-15 16:22:43.301 [warning] [Decorations] CAPPING events from decorations provider vscode.git 2529
2024-04-15 16:22:49.440 [warning] [Decorations] CAPPING events from decorations provider vscode.git 2530
2024-04-15 16:22:54.813 [warning] [Decorations] CAPPING events from decorations provider vscode.git 2530
2024-04-15 16:23:00.155 [warning] [Decorations] CAPPING events from decorations provider vscode.git 2530
2024-04-15 16:23:06.093 [warning] [Decorations] CAPPING events from decorations provider vscode.git 2531
2024-04-15 16:23:11.444 [warning] [Decorations] CAPPING events from decorations provider vscode.git 2531
2024-04-15 16:23:17.225 [warning] [Decorations] CAPPING events from decorations provider vscode.git 2531
2024-04-15 16:23:23.263 [warning] [Decorations] CAPPING events from decorations provider vscode.git 2532
2024-04-15 16:23:28.693 [warning] [Decorations] CAPPING events from decorations provider vscode.git 2532
2024-04-15 16:23:34.072 [warning] [Decorations] CAPPING events from decorations provider vscode.git 2533
2024-04-15 16:23:40.097 [warning] [Decorations] CAPPING events from decorations provider vscode.git 2533
2024-04-15 16:23:46.139 [warning] [Decorations] CAPPING events from decorations provider vscode.git 2533
2024-04-15 16:23:51.524 [warning] [Decorations] CAPPING events from decorations provider vscode.git 2533
2024-04-15 16:23:56.910 [warning] [Decorations] CAPPING events from decorations provider vscode.git 2533
2024-04-15 16:24:03.097 [warning] [Decorations] CAPPING events from decorations provider vscode.git 2534
2024-04-15 16:24:21.240 [warning] [Decorations] CAPPING events from decorations provider vscode.git 2534
2024-04-15 16:24:26.584 [warning] [Decorations] CAPPING events from decorations provider vscode.git 2534
2024-04-15 16:24:31.911 [warning] [Decorations] CAPPING events from decorations provider vscode.git 2534
2024-04-15 16:24:37.247 [warning] [Decorations] CAPPING events from decorations provider vscode.git 2534
2024-04-15 16:24:42.580 [warning] [Decorations] CAPPING events from decorations provider vscode.git 2534
2024-04-15 16:24:47.906 [warning] [Decorations] CAPPING events from decorations provider vscode.git 2534
2024-04-15 16:24:53.327 [warning] [Decorations] CAPPING events from decorations provider vscode.git 2534
2024-04-15 16:24:58.677 [warning] [Decorations] CAPPING events from decorations provider vscode.git 2534
2024-04-15 16:25:04.080 [warning] [Decorations] CAPPING events from decorations provider vscode.git 2534
2024-04-15 16:25:09.406 [warning] [Decorations] CAPPING events from decorations provider vscode.git 2534
2024-04-15 16:25:14.761 [warning] [Decorations] CAPPING events from decorations provider vscode.git 2534
2024-04-15 16:25:27.879 [warning] [Decorations] CAPPING events from decorations provider vscode.git 2534
2024-04-15 16:25:39.009 [warning] [Decorations] CAPPING events from decorations provider vscode.git 2534
2024-04-15 16:25:44.367 [warning] [Decorations] CAPPING events from decorations provider vscode.git 2534
2024-04-15 16:25:49.717 [warning] [Decorations] CAPPING events from decorations provider vscode.git 2534
2024-04-15 16:25:55.079 [warning] [Decorations] CAPPING events from decorations provider vscode.git 2534
2024-04-15 16:26:00.412 [warning] [Decorations] CAPPING events from decorations provider vscode.git 2534
2024-04-15 16:26:05.768 [warning] [Decorations] CAPPING events from decorations provider vscode.git 2534
2024-04-15 16:26:11.553 [warning] [Decorations] CAPPING events from decorations provider vscode.git 2534
2024-04-15 16:26:16.886 [warning] [Decorations] CAPPING events from decorations provider vscode.git 2535
2024-04-15 16:26:22.878 [warning] [Decorations] CAPPING events from decorations provider vscode.git 2535
2024-04-15 16:26:29.056 [warning] [Decorations] CAPPING events from decorations provider vscode.git 2535
2024-04-15 16:26:34.406 [warning] [Decorations] CAPPING events from decorations provider vscode.git 2535
2024-04-15 16:26:39.745 [warning] [Decorations] CAPPING events from decorations provider vscode.git 2535
2024-04-15 16:26:45.098 [warning] [Decorations] CAPPING events from decorations provider vscode.git 2536
2024-04-15 16:26:51.437 [warning] [Decorations] CAPPING events from decorations provider vscode.git 2536
2024-04-15 16:26:56.870 [warning] [Decorations] CAPPING events from decorations provider vscode.git 2536
2024-04-15 16:27:02.248 [warning] [Decorations] CAPPING events from decorations provider vscode.git 2536
2024-04-15 16:27:07.622 [warning] [Decorations] CAPPING events from decorations provider vscode.git 2536
2024-04-15 16:27:12.977 [warning] [Decorations] CAPPING events from decorations provider vscode.git 2536
2024-04-15 16:27:19.199 [warning] [Decorations] CAPPING events from decorations provider vscode.git 2536
2024-04-15 16:27:25.315 [warning] [Decorations] CAPPING events from decorations provider vscode.git 2537
2024-04-15 16:27:30.728 [warning] [Decorations] CAPPING events from decorations provider vscode.git 2537
2024-04-15 16:27:36.557 [warning] [Decorations] CAPPING events from decorations provider vscode.git 2538
2024-04-15 16:27:42.642 [warning] [Decorations] CAPPING events from decorations provider vscode.git 2538
2024-04-15 16:27:48.192 [warning] [Decorations] CAPPING events from decorations provider vscode.git 2538
2024-04-15 16:27:53.990 [warning] [Decorations] CAPPING events from decorations provider vscode.git 2538
2024-04-15 16:27:59.345 [warning] [Decorations] CAPPING events from decorations provider vscode.git 2538
2024-04-15 16:28:04.756 [warning] [Decorations] CAPPING events from decorations provider vscode.git 2538
2024-04-15 16:28:10.146 [warning] [Decorations] CAPPING events from decorations provider vscode.git 2538
2024-04-15 16:28:15.561 [warning] [Decorations] CAPPING events from decorations provider vscode.git 2538
2024-04-15 16:28:20.883 [warning] [Decorations] CAPPING events from decorations provider vscode.git 2538
2024-04-15 16:28:26.246 [warning] [Decorations] CAPPING events from decorations provider vscode.git 2538
2024-04-15 16:28:31.688 [warning] [Decorations] CAPPING events from decorations provider vscode.git 2538
2024-04-15 16:28:37.118 [warning] [Decorations] CAPPING events from decorations provider vscode.git 2538
2024-04-15 16:28:43.270 [warning] [Decorations] CAPPING events from decorations provider vscode.git 2539
2024-04-15 16:28:48.635 [warning] [Decorations] CAPPING events from decorations provider vscode.git 2539
2024-04-15 16:28:54.416 [warning] [Decorations] CAPPING events from decorations provider vscode.git 2540
2024-04-15 16:29:00.492 [warning] [Decorations] CAPPING events from decorations provider vscode.git 2540
2024-04-15 16:29:05.861 [warning] [Decorations] CAPPING events from decorations provider vscode.git 2540
2024-04-15 16:29:11.211 [warning] [Decorations] CAPPING events from decorations provider vscode.git 2540
2024-04-15 16:29:16.592 [warning] [Decorations] CAPPING events from decorations provider vscode.git 2540
2024-04-15 16:29:21.936 [warning] [Decorations] CAPPING events from decorations provider vscode.git 2540
2024-04-15 16:29:28.104 [warning] [Decorations] CAPPING events from decorations provider vscode.git 2540
2024-04-15 16:29:33.635 [warning] [Decorations] CAPPING events from decorations provider vscode.git 2540
2024-04-15 16:41:59.531 [warning] [Decorations] CAPPING events from decorations provider vscode.git 2540
2024-04-15 16:42:04.887 [warning] [Decorations] CAPPING events from decorations provider vscode.git 2540
2024-04-15 16:42:10.264 [warning] [Decorations] CAPPING events from decorations provider vscode.git 2540
2024-04-15 16:42:15.591 [warning] [Decorations] CAPPING events from decorations provider vscode.git 2540
2024-04-15 16:42:21.022 [warning] [Decorations] CAPPING events from decorations provider vscode.git 2540
2024-04-15 16:42:26.404 [warning] [Decorations] CAPPING events from decorations provider vscode.git 2540
2024-04-15 16:42:32.414 [warning] [Decorations] CAPPING events from decorations provider vscode.git 2540
2024-04-15 16:42:41.431 [warning] [Decorations] CAPPING events from decorations provider vscode.git 2542
2024-04-15 16:42:46.823 [warning] [Decorations] CAPPING events from decorations provider vscode.git 2542
2024-04-15 16:42:54.023 [warning] [Decorations] CAPPING events from decorations provider vscode.git 2542
2024-04-15 16:42:59.355 [warning] [Decorations] CAPPING events from decorations provider vscode.git 2542
2024-04-15 16:44:25.395 [warning] [Decorations] CAPPING events from decorations provider vscode.git 2542
2024-04-15 16:44:45.873 [warning] [Decorations] CAPPING events from decorations provider vscode.git 2542
2024-04-15 16:45:56.998 [warning] [Decorations] CAPPING events from decorations provider vscode.git 2542
2024-04-15 16:46:03.907 [warning] [Decorations] CAPPING events from decorations provider vscode.git 2542
2024-04-15 16:46:16.890 [warning] [Decorations] CAPPING events from decorations provider vscode.git 2542
2024-04-15 16:47:26.136 [warning] [Decorations] CAPPING events from decorations provider vscode.git 2542
2024-04-15 16:47:31.521 [warning] [Decorations] CAPPING events from decorations provider vscode.git 2542
2024-04-15 16:47:36.849 [warning] [Decorations] CAPPING events from decorations provider vscode.git 2543
2024-04-15 16:47:42.241 [warning] [Decorations] CAPPING events from decorations provider vscode.git 2543
2024-04-15 16:47:47.566 [warning] [Decorations] CAPPING events from decorations provider vscode.git 2543
2024-04-15 16:47:53.714 [warning] [Decorations] CAPPING events from decorations provider vscode.git 2543
2024-04-15 16:47:59.076 [warning] [Decorations] CAPPING events from decorations provider vscode.git 2543
2024-04-15 16:48:04.431 [warning] [Decorations] CAPPING events from decorations provider vscode.git 2543
2024-04-15 16:48:09.783 [warning] [Decorations] CAPPING events from decorations provider vscode.git 2543
2024-04-15 16:48:15.151 [warning] [Decorations] CAPPING events from decorations provider vscode.git 2543
2024-04-15 16:48:20.549 [warning] [Decorations] CAPPING events from decorations provider vscode.git 2543
2024-04-15 16:48:25.978 [warning] [Decorations] CAPPING events from decorations provider vscode.git 2543
2024-04-15 16:48:31.311 [warning] [Decorations] CAPPING events from decorations provider vscode.git 2543
2024-04-15 16:48:36.674 [warning] [Decorations] CAPPING events from decorations provider vscode.git 2543
2024-04-15 16:48:42.007 [warning] [Decorations] CAPPING events from decorations provider vscode.git 2543
2024-04-15 16:48:47.361 [warning] [Decorations] CAPPING events from decorations provider vscode.git 2543
2024-04-15 16:48:52.741 [warning] [Decorations] CAPPING events from decorations provider vscode.git 2543
2024-04-15 16:48:59.394 [warning] [Decorations] CAPPING events from decorations provider vscode.git 2543
2024-04-15 16:49:04.748 [warning] [Decorations] CAPPING events from decorations provider vscode.git 2543
2024-04-15 16:55:06.161 [warning] [Decorations] CAPPING events from decorations provider vscode.git 2543
2024-04-15 16:55:11.509 [warning] [Decorations] CAPPING events from decorations provider vscode.git 2543
2024-04-15 16:55:16.871 [warning] [Decorations] CAPPING events from decorations provider vscode.git 2543
2024-04-15 16:55:22.211 [warning] [Decorations] CAPPING events from decorations provider vscode.git 2543
2024-04-15 16:55:27.578 [warning] [Decorations] CAPPING events from decorations provider vscode.git 2543
2024-04-15 16:55:33.074 [warning] [Decorations] CAPPING events from decorations provider vscode.git 2543
2024-04-15 16:55:38.426 [warning] [Decorations] CAPPING events from decorations provider vscode.git 2543
2024-04-15 16:55:43.779 [warning] [Decorations] CAPPING events from decorations provider vscode.git 2543
2024-04-15 16:55:49.130 [warning] [Decorations] CAPPING events from decorations provider vscode.git 2543
2024-04-15 16:55:54.465 [warning] [Decorations] CAPPING events from decorations provider vscode.git 2543
2024-04-15 16:55:59.839 [warning] [Decorations] CAPPING events from decorations provider vscode.git 2545
2024-04-15 16:56:05.211 [warning] [Decorations] CAPPING events from decorations provider vscode.git 2545
2024-04-15 16:56:11.037 [warning] [Decorations] CAPPING events from decorations provider vscode.git 2545
2024-04-15 16:56:16.410 [warning] [Decorations] CAPPING events from decorations provider vscode.git 2546
2024-04-15 16:56:22.357 [warning] [Decorations] CAPPING events from decorations provider vscode.git 2546
2024-04-15 16:56:28.456 [warning] [Decorations] CAPPING events from decorations provider vscode.git 2546
2024-04-15 16:56:34.483 [warning] [Decorations] CAPPING events from decorations provider vscode.git 2546
2024-04-15 16:56:40.310 [warning] [Decorations] CAPPING events from decorations provider vscode.git 2546
2024-04-15 16:56:45.885 [warning] [Decorations] CAPPING events from decorations provider vscode.git 2546
2024-04-15 16:57:02.235 [warning] [Decorations] CAPPING events from decorations provider vscode.git 2546
2024-04-15 16:57:07.805 [warning] [Decorations] CAPPING events from decorations provider vscode.git 2547
2024-04-15 16:57:15.693 [warning] [Decorations] CAPPING events from decorations provider vscode.git 2547
2024-04-15 16:57:21.927 [warning] [Decorations] CAPPING events from decorations provider vscode.git 2548
2024-04-15 16:57:31.229 [warning] [Decorations] CAPPING events from decorations provider vscode.git 2548
2024-04-15 16:57:39.064 [warning] [Decorations] CAPPING events from decorations provider vscode.git 2548
2024-04-15 16:57:47.948 [warning] [Decorations] CAPPING events from decorations provider vscode.git 2548
2024-04-15 16:57:54.525 [warning] [Decorations] CAPPING events from decorations provider vscode.git 2548
2024-04-15 16:57:59.891 [warning] [Decorations] CAPPING events from decorations provider vscode.git 2548
2024-04-15 16:58:06.033 [warning] [Decorations] CAPPING events from decorations provider vscode.git 2549
2024-04-15 16:58:11.436 [warning] [Decorations] CAPPING events from decorations provider vscode.git 2549
2024-04-15 16:58:16.772 [warning] [Decorations] CAPPING events from decorations provider vscode.git 2549
2024-04-15 16:58:22.126 [warning] [Decorations] CAPPING events from decorations provider vscode.git 2549
2024-04-15 16:58:28.008 [warning] [Decorations] CAPPING events from decorations provider vscode.git 2550
2024-04-15 16:59:00.265 [warning] [Decorations] CAPPING events from decorations provider vscode.git 2550
2024-04-15 16:59:05.608 [warning] [Decorations] CAPPING events from decorations provider vscode.git 2550
2024-04-15 16:59:10.983 [warning] [Decorations] CAPPING events from decorations provider vscode.git 2550
2024-04-15 16:59:16.334 [warning] [Decorations] CAPPING events from decorations provider vscode.git 2550
2024-04-15 16:59:21.662 [warning] [Decorations] CAPPING events from decorations provider vscode.git 2550
2024-04-15 16:59:27.722 [warning] [Decorations] CAPPING events from decorations provider vscode.git 2551
2024-04-15 16:59:33.831 [warning] [Decorations] CAPPING events from decorations provider vscode.git 2551
2024-04-15 16:59:39.228 [warning] [Decorations] CAPPING events from decorations provider vscode.git 2551
2024-04-15 16:59:44.585 [warning] [Decorations] CAPPING events from decorations provider vscode.git 2551
2024-04-15 16:59:50.679 [warning] [Decorations] CAPPING events from decorations provider vscode.git 2552
2024-04-15 16:59:56.067 [warning] [Decorations] CAPPING events from decorations provider vscode.git 2552
2024-04-15 17:00:01.548 [warning] [Decorations] CAPPING events from decorations provider vscode.git 2552
2024-04-15 17:00:08.792 [warning] [Decorations] CAPPING events from decorations provider vscode.git 2553
2024-04-15 17:00:14.278 [warning] [Decorations] CAPPING events from decorations provider vscode.git 2553
2024-04-15 17:00:19.670 [warning] [Decorations] CAPPING events from decorations provider vscode.git 2553
2024-04-15 17:00:25.044 [warning] [Decorations] CAPPING events from decorations provider vscode.git 2553
2024-04-15 17:00:30.519 [warning] [Decorations] CAPPING events from decorations provider vscode.git 2553
2024-04-15 17:00:35.897 [warning] [Decorations] CAPPING events from decorations provider vscode.git 2554
2024-04-15 17:00:41.356 [warning] [Decorations] CAPPING events from decorations provider vscode.git 2554
2024-04-15 17:00:46.766 [warning] [Decorations] CAPPING events from decorations provider vscode.git 2554
2024-04-15 17:00:52.169 [warning] [Decorations] CAPPING events from decorations provider vscode.git 2554
2024-04-15 17:00:57.496 [warning] [Decorations] CAPPING events from decorations provider vscode.git 2554
2024-04-15 17:01:02.899 [warning] [Decorations] CAPPING events from decorations provider vscode.git 2554
2024-04-15 17:01:08.237 [warning] [Decorations] CAPPING events from decorations provider vscode.git 2554
2024-04-15 17:01:13.579 [warning] [Decorations] CAPPING events from decorations provider vscode.git 2554
2024-04-15 17:01:18.932 [warning] [Decorations] CAPPING events from decorations provider vscode.git 2554
2024-04-15 17:01:24.345 [warning] [Decorations] CAPPING events from decorations provider vscode.git 2555
2024-04-15 17:01:29.839 [warning] [Decorations] CAPPING events from decorations provider vscode.git 2555
2024-04-15 17:01:35.812 [warning] [Decorations] CAPPING events from decorations provider vscode.git 2555
2024-04-15 17:01:41.838 [warning] [Decorations] CAPPING events from decorations provider vscode.git 2555
2024-04-15 17:01:47.177 [warning] [Decorations] CAPPING events from decorations provider vscode.git 2555
2024-04-15 17:01:52.548 [warning] [Decorations] CAPPING events from decorations provider vscode.git 2555
2024-04-15 17:01:57.929 [warning] [Decorations] CAPPING events from decorations provider vscode.git 2556
2024-04-15 17:03:20.838 [warning] [Decorations] CAPPING events from decorations provider vscode.git 2556
2024-04-15 17:03:26.180 [warning] [Decorations] CAPPING events from decorations provider vscode.git 2556
2024-04-15 17:03:37.986 [warning] [Decorations] CAPPING events from decorations provider vscode.git 2556
2024-04-15 17:03:43.366 [warning] [Decorations] CAPPING events from decorations provider vscode.git 2556
2024-04-15 17:03:48.730 [warning] [Decorations] CAPPING events from decorations provider vscode.git 2557
2024-04-15 17:03:54.109 [warning] [Decorations] CAPPING events from decorations provider vscode.git 2557
2024-04-15 17:03:59.461 [warning] [Decorations] CAPPING events from decorations provider vscode.git 2557
2024-04-15 17:04:04.820 [warning] [Decorations] CAPPING events from decorations provider vscode.git 2558
2024-04-15 17:04:10.180 [warning] [Decorations] CAPPING events from decorations provider vscode.git 2558
2024-04-15 17:04:15.545 [warning] [Decorations] CAPPING events from decorations provider vscode.git 2558
2024-04-15 17:04:20.909 [warning] [Decorations] CAPPING events from decorations provider vscode.git 2558
2024-04-15 17:04:26.254 [warning] [Decorations] CAPPING events from decorations provider vscode.git 2558
2024-04-15 17:04:32.143 [warning] [Decorations] CAPPING events from decorations provider vscode.git 2559
2024-04-15 17:04:37.531 [warning] [Decorations] CAPPING events from decorations provider vscode.git 2559
2024-04-15 17:04:42.934 [warning] [Decorations] CAPPING events from decorations provider vscode.git 2559
2024-04-15 17:04:48.310 [warning] [Decorations] CAPPING events from decorations provider vscode.git 2559
2024-04-15 17:04:53.770 [warning] [Decorations] CAPPING events from decorations provider vscode.git 2559
2024-04-15 17:04:59.134 [warning] [Decorations] CAPPING events from decorations provider vscode.git 2559
2024-04-15 17:05:04.508 [warning] [Decorations] CAPPING events from decorations provider vscode.git 2559
2024-04-15 17:05:09.900 [warning] [Decorations] CAPPING events from decorations provider vscode.git 2559
2024-04-15 17:05:16.216 [warning] [Decorations] CAPPING events from decorations provider vscode.git 2560
2024-04-15 17:05:23.194 [warning] [Decorations] CAPPING events from decorations provider vscode.git 2560
2024-04-15 17:05:30.144 [warning] [Decorations] CAPPING events from decorations provider vscode.git 2561
2024-04-15 17:05:44.217 [warning] [Decorations] CAPPING events from decorations provider vscode.git 2561
2024-04-15 17:05:49.635 [warning] [Decorations] CAPPING events from decorations provider vscode.git 2562
2024-04-15 17:05:55.034 [warning] [Decorations] CAPPING events from decorations provider vscode.git 2562
2024-04-15 17:06:00.430 [warning] [Decorations] CAPPING events from decorations provider vscode.git 2562
2024-04-15 17:06:05.818 [warning] [Decorations] CAPPING events from decorations provider vscode.git 2562
2024-04-15 17:06:15.290 [warning] [Decorations] CAPPING events from decorations provider vscode.git 2562
2024-04-15 17:06:20.627 [warning] [Decorations] CAPPING events from decorations provider vscode.git 2562
2024-04-15 17:06:25.969 [warning] [Decorations] CAPPING events from decorations provider vscode.git 2562
2024-04-15 17:06:31.321 [warning] [Decorations] CAPPING events from decorations provider vscode.git 2562
2024-04-15 17:06:36.705 [warning] [Decorations] CAPPING events from decorations provider vscode.git 2562
2024-04-15 17:06:42.126 [warning] [Decorations] CAPPING events from decorations provider vscode.git 2562
2024-04-15 17:06:47.493 [warning] [Decorations] CAPPING events from decorations provider vscode.git 2562
2024-04-15 17:06:52.835 [warning] [Decorations] CAPPING events from decorations provider vscode.git 2562
2024-04-15 17:06:58.164 [warning] [Decorations] CAPPING events from decorations provider vscode.git 2562
2024-04-15 17:07:03.564 [warning] [Decorations] CAPPING events from decorations provider vscode.git 2562
2024-04-15 17:07:08.928 [warning] [Decorations] CAPPING events from decorations provider vscode.git 2562
2024-04-15 17:07:14.291 [warning] [Decorations] CAPPING events from decorations provider vscode.git 2562
2024-04-15 17:07:19.623 [warning] [Decorations] CAPPING events from decorations provider vscode.git 2562
2024-04-15 17:07:25.001 [warning] [Decorations] CAPPING events from decorations provider vscode.git 2562
2024-04-15 17:07:30.355 [warning] [Decorations] CAPPING events from decorations provider vscode.git 2562
2024-04-15 17:07:35.694 [warning] [Decorations] CAPPING events from decorations provider vscode.git 2562
2024-04-15 17:07:41.041 [warning] [Decorations] CAPPING events from decorations provider vscode.git 2562
2024-04-15 17:08:55.217 [warning] [Decorations] CAPPING events from decorations provider vscode.git 2566
2024-04-15 17:09:00.564 [warning] [Decorations] CAPPING events from decorations provider vscode.git 2566
2024-04-15 17:09:05.933 [warning] [Decorations] CAPPING events from decorations provider vscode.git 2566
2024-04-15 17:09:11.293 [warning] [Decorations] CAPPING events from decorations provider vscode.git 2566
2024-04-15 17:09:28.642 [warning] [Decorations] CAPPING events from decorations provider vscode.git 2566
2024-04-15 17:09:34.013 [warning] [Decorations] CAPPING events from decorations provider vscode.git 2566
2024-04-15 17:09:39.360 [warning] [Decorations] CAPPING events from decorations provider vscode.git 2567
2024-04-15 17:09:44.723 [warning] [Decorations] CAPPING events from decorations provider vscode.git 2567
2024-04-15 17:09:50.071 [warning] [Decorations] CAPPING events from decorations provider vscode.git 2567
2024-04-15 17:09:55.410 [warning] [Decorations] CAPPING events from decorations provider vscode.git 2567
2024-04-15 17:10:00.732 [warning] [Decorations] CAPPING events from decorations provider vscode.git 2567
2024-04-15 17:10:06.066 [warning] [Decorations] CAPPING events from decorations provider vscode.git 2567
2024-04-15 17:10:11.434 [warning] [Decorations] CAPPING events from decorations provider vscode.git 2567
2024-04-15 17:10:16.797 [warning] [Decorations] CAPPING events from decorations provider vscode.git 2567
2024-04-15 17:10:24.277 [warning] [Decorations] CAPPING events from decorations provider vscode.git 2567
2024-04-15 17:10:29.620 [warning] [Decorations] CAPPING events from decorations provider vscode.git 2567
2024-04-15 17:10:34.944 [warning] [Decorations] CAPPING events from decorations provider vscode.git 2567
2024-04-15 17:10:40.275 [warning] [Decorations] CAPPING events from decorations provider vscode.git 2567
2024-04-15 17:10:45.613 [warning] [Decorations] CAPPING events from decorations provider vscode.git 2568
2024-04-15 17:10:50.993 [warning] [Decorations] CAPPING events from decorations provider vscode.git 2568
2024-04-15 17:10:57.840 [warning] [Decorations] CAPPING events from decorations provider vscode.git 2568
2024-04-15 17:11:04.290 [warning] [Decorations] CAPPING events from decorations provider vscode.git 2568
