2024-04-15 17:14:34.716 [info] Extension host with pid 57418 started
2024-04-15 17:14:34.716 [error] Error: EEXIST: file already exists, open '/home/student/.vscode-server/data/User/workspaceStorage/5a2915a91ec150ae05f18a5fbc4e7562/vscode.lock'
2024-04-15 17:14:34.724 [info] Lock '/home/student/.vscode-server/data/User/workspaceStorage/5a2915a91ec150ae05f18a5fbc4e7562/vscode.lock': Could not acquire lock, checking if the file is stale.
2024-04-15 17:14:34.744 [info] Lock '/home/student/.vscode-server/data/User/workspaceStorage/5a2915a91ec150ae05f18a5fbc4e7562/vscode.lock': The lock does not look stale, elapsed: 826 ms, giving up.
2024-04-15 17:14:34.751 [info] Lock '/home/student/.vscode-server/data/User/workspaceStorage/5a2915a91ec150ae05f18a5fbc4e7562-1/vscode.lock': Lock acquired.
2024-04-15 17:14:35.518 [info] ExtensionService#_doActivateExtension vscode.tunnel-forwarding, startup: false, activationEvent: 'onTunnel'
2024-04-15 17:14:35.520 [info] ExtensionService#_doActivateExtension vscode.emmet, startup: false, activationEvent: 'onLanguage'
2024-04-15 17:14:36.081 [info] ExtensionService#_doActivateExtension vscode.git-base, startup: true, activationEvent: '*', root cause: vscode.git
2024-04-15 17:14:36.552 [info] ExtensionService#_doActivateExtension vscode.git, startup: true, activationEvent: '*'
2024-04-15 17:14:36.554 [info] ExtensionService#_doActivateExtension vscode.github, startup: true, activationEvent: '*'
2024-04-15 17:14:37.075 [info] Eager extensions activated
2024-04-15 17:14:37.076 [info] ExtensionService#_doActivateExtension vscode.debug-auto-launch, startup: false, activationEvent: 'onStartupFinished'
2024-04-15 17:14:37.076 [info] ExtensionService#_doActivateExtension vscode.merge-conflict, startup: false, activationEvent: 'onStartupFinished'
2024-04-15 17:14:37.077 [info] ExtensionService#_doActivateExtension ritwickdey.LiveServer, startup: false, activationEvent: 'onStartupFinished'
2024-04-15 17:14:37.779 [warning] [Decorations] CAPPING events from decorations provider vscode.git 2569
2024-04-15 17:14:38.589 [info] ExtensionService#_doActivateExtension vscode.json-language-features, startup: false, activationEvent: 'onLanguage:jsonc'
2024-04-15 17:14:38.590 [info] ExtensionService#_doActivateExtension vscode.typescript-language-features, startup: false, activationEvent: 'onLanguage:jsonc'
2024-04-15 17:14:39.755 [warning] [Decorations] CAPPING events from decorations provider vscode.git 2569
2024-04-15 17:15:38.435 [info] ExtensionService#_doActivateExtension vscode.npm, startup: false, activationEvent: 'onTerminalQuickFixRequest:ms-vscode.npm-command'
2024-04-15 17:15:52.251 [warning] [Decorations] CAPPING events from decorations provider vscode.git 2570
2024-04-15 17:15:59.125 [warning] [Decorations] CAPPING events from decorations provider vscode.git 2570
2024-04-15 17:17:30.693 [warning] [Decorations] CAPPING events from decorations provider vscode.git 2570
2024-04-15 17:18:23.396 [warning] [Decorations] CAPPING events from decorations provider vscode.git 2570
2024-04-15 17:18:28.781 [warning] [Decorations] CAPPING events from decorations provider vscode.git 2570
2024-04-15 17:18:54.265 [warning] [Decorations] CAPPING events from decorations provider vscode.git 2570
2024-04-15 17:19:06.767 [warning] [Decorations] CAPPING events from decorations provider vscode.git 2570
2024-04-15 17:19:12.109 [warning] [Decorations] CAPPING events from decorations provider vscode.git 2570
2024-04-15 17:19:24.061 [warning] [Decorations] CAPPING events from decorations provider vscode.git 2570
2024-04-15 17:19:45.106 [warning] [Decorations] CAPPING events from decorations provider vscode.git 2570
2024-04-15 17:19:50.460 [warning] [Decorations] CAPPING events from decorations provider vscode.git 2570
2024-04-15 17:19:55.777 [warning] [Decorations] CAPPING events from decorations provider vscode.git 2570
2024-04-15 17:20:02.120 [warning] [Decorations] CAPPING events from decorations provider vscode.git 2570
2024-04-15 17:20:34.263 [warning] [Decorations] CAPPING events from decorations provider vscode.git 2570
2024-04-15 17:20:44.220 [warning] [Decorations] CAPPING events from decorations provider vscode.git 2570
2024-04-15 17:20:59.361 [warning] [Decorations] CAPPING events from decorations provider vscode.git 2570
2024-04-15 17:21:09.779 [warning] [Decorations] CAPPING events from decorations provider vscode.git 2570
2024-04-15 17:21:15.159 [warning] [Decorations] CAPPING events from decorations provider vscode.git 2570
2024-04-15 17:21:29.051 [warning] [Decorations] CAPPING events from decorations provider vscode.git 2570
2024-04-15 17:21:53.049 [warning] [Decorations] CAPPING events from decorations provider vscode.git 2570
2024-04-15 17:22:20.128 [warning] [Decorations] CAPPING events from decorations provider vscode.git 2570
