2024-06-17 16:08:23.772 [info] Log level: Info
2024-06-17 16:08:23.773 [info] Validating found git in: "git"
2024-06-17 16:08:23.773 [info] Using git "2.34.1" from "git"
2024-06-17 16:08:23.774 [info] > git rev-parse --show-toplevel [89ms]
2024-06-17 16:08:23.774 [info] > git rev-parse --git-dir --git-common-dir [30ms]
2024-06-17 16:08:23.775 [info] Open repository: /home/student
2024-06-17 16:08:23.775 [info] > git rev-parse --show-toplevel [28ms]
2024-06-17 16:08:23.776 [info] > git config --get commit.template [52ms]
2024-06-17 16:08:23.776 [info] > git for-each-ref --format=%(refname)%00%(upstream:short)%00%(objectname)%00%(upstream:track)%00%(upstream:remotename)%00%(upstream:remoteref) refs/heads/main refs/remotes/main [52ms]
2024-06-17 16:08:23.776 [info] > git rev-parse --git-dir --git-common-dir [32ms]
2024-06-17 16:08:23.777 [info] Open repository: /home/student/S03_CICD
2024-06-17 16:08:23.777 [info] > git rev-parse --show-toplevel [140ms]
2024-06-17 16:08:23.778 [info] > git config --get commit.template [177ms]
2024-06-17 16:08:23.823 [info] > git rev-parse --show-toplevel [17ms]
2024-06-17 16:08:23.896 [info] > git for-each-ref --format=%(refname)%00%(upstream:short)%00%(objectname)%00%(upstream:track)%00%(upstream:remotename)%00%(upstream:remoteref) refs/heads/master refs/remotes/master [82ms]
2024-06-17 16:08:23.903 [warning] ENOENT: no such file or directory, open '/home/student/S03_CICD/.git/refs/remotes/origin/master'
2024-06-17 16:08:23.906 [info] > git rev-parse --show-toplevel [67ms]
2024-06-17 16:08:23.990 [info] > git rev-parse --show-toplevel [77ms]
2024-06-17 16:08:24.000 [info] > git rev-parse refs/remotes/origin/master [96ms]
2024-06-17 16:08:24.193 [info] > git status -z -uall [122ms]
2024-06-17 16:08:24.194 [info] > git check-ignore -v -z --stdin [16ms]
2024-06-17 16:08:24.196 [info] > git rev-parse --show-toplevel [62ms]
2024-06-17 16:08:24.288 [info] > git merge-base refs/heads/master refs/remotes/origin/master [74ms]
2024-06-17 16:08:24.542 [info] > git rev-list --count --left-right refs/heads/master...refs/remotes/origin/master [238ms]
2024-06-17 16:08:24.582 [info] > git rev-parse --show-toplevel [295ms]
2024-06-17 16:08:24.598 [info] > git config --get commit.template [65ms]
2024-06-17 16:08:24.612 [info] > git diff --name-status -z --diff-filter=ADMR 4c00948e25e702a642836f79638d3d376e03e5ea...refs/remotes/origin/master [30ms]
2024-06-17 16:08:24.614 [info] > git rev-parse --show-toplevel [18ms]
2024-06-17 16:08:24.640 [info] > git for-each-ref --format=%(refname)%00%(upstream:short)%00%(objectname)%00%(upstream:track)%00%(upstream:remotename)%00%(upstream:remoteref) refs/heads/master refs/remotes/master [30ms]
2024-06-17 16:08:24.669 [warning] ENOENT: no such file or directory, open '/home/student/S03_CICD/.git/refs/remotes/origin/master'
2024-06-17 16:08:24.670 [info] > git rev-parse refs/remotes/origin/master [2ms]
2024-06-17 16:08:24.679 [info] > git rev-parse --show-toplevel [39ms]
2024-06-17 16:08:24.697 [info] > git status -z -uall [19ms]
2024-06-17 16:08:24.722 [info] > git status -z -uall [925ms]
2024-06-17 16:08:24.722 [info] > git rev-parse --show-toplevel [33ms]
2024-06-17 16:08:28.434 [info] > git merge-base refs/heads/main refs/remotes/origin/main [3624ms]
2024-06-17 16:08:28.447 [info] > git rev-parse --show-toplevel [3719ms]
2024-06-17 16:08:28.464 [info] > git config --get commit.template [101ms]
2024-06-17 16:08:28.486 [info] > git rev-list --count --left-right refs/heads/main...refs/remotes/origin/main [39ms]
2024-06-17 16:08:28.528 [info] > git for-each-ref --format=%(refname)%00%(upstream:short)%00%(objectname)%00%(upstream:track)%00%(upstream:remotename)%00%(upstream:remoteref) refs/heads/main refs/remotes/main [43ms]
2024-06-17 16:08:28.529 [info] > git rev-parse --show-toplevel [54ms]
2024-06-17 16:08:28.534 [info] > git diff --name-status -z --diff-filter=ADMR 82fdcc4827cad87ccb8e6374629a90d1dd519f36...refs/remotes/origin/main [24ms]
2024-06-17 16:08:28.547 [info] > git rev-parse --git-dir --git-common-dir [13ms]
2024-06-17 16:08:28.572 [info] Open repository: /home/student/S02_Coclock_Working
2024-06-17 16:08:28.609 [info] > git config --get commit.template [10ms]
2024-06-17 16:08:28.624 [info] > git rev-parse --show-toplevel [16ms]
2024-06-17 16:08:28.699 [info] > git show --textconv :projet/backend/index.js [20ms]
2024-06-17 16:08:28.700 [info] > git for-each-ref --format=%(refname)%00%(upstream:short)%00%(objectname)%00%(upstream:track)%00%(upstream:remotename)%00%(upstream:remoteref) refs/heads/master refs/remotes/master [76ms]
2024-06-17 16:08:28.730 [warning] ENOENT: no such file or directory, open '/home/student/S02_Coclock_Working/.git/refs/remotes/origin/master'
2024-06-17 16:08:28.731 [info] > git ls-files --stage -- /home/student/S03_CICD/projet/backend/index.js [34ms]
2024-06-17 16:08:28.740 [info] > git rev-parse refs/remotes/origin/master [10ms]
2024-06-17 16:08:28.900 [info] > git check-ignore -v -z --stdin [18ms]
2024-06-17 16:08:28.942 [info] > git check-ignore -v -z --stdin [44ms]
2024-06-17 16:08:29.032 [info] > git status -z -uall [282ms]
2024-06-17 16:08:29.087 [info] > git merge-base refs/heads/master refs/remotes/origin/master [50ms]
2024-06-17 16:08:29.103 [info] > git for-each-ref --format=%(refname)%00%(upstream:short)%00%(objectname)%00%(upstream:track)%00%(upstream:remotename)%00%(upstream:remoteref) refs/heads/master refs/remotes/master [19ms]
2024-06-17 16:08:29.104 [info] > git config --get commit.template [38ms]
2024-06-17 16:08:29.118 [warning] ENOENT: no such file or directory, open '/home/student/S02_Coclock_Working/.git/refs/remotes/origin/master'
2024-06-17 16:08:29.120 [info] > git rev-list --count --left-right refs/heads/master...refs/remotes/origin/master [17ms]
2024-06-17 16:08:29.138 [info] > git rev-parse refs/remotes/origin/master [20ms]
2024-06-17 16:08:29.152 [info] > git diff --name-status -z --diff-filter=ADMR 55e66f96c5ba6b77b9d257d5579e211274f560ad...refs/remotes/origin/master [18ms]
2024-06-17 16:08:29.443 [info] > git status -z -uall [899ms]
2024-06-17 16:08:32.039 [info] > git status -z -uall [2889ms]
2024-06-17 16:08:32.044 [info] > git check-ignore -v -z --stdin [124ms]
2024-06-17 16:08:32.056 [info] > git check-ignore -v -z --stdin [132ms]
2024-06-17 16:08:32.057 [info] > git check-ignore -v -z --stdin [127ms]
2024-06-17 16:08:34.392 [info] > git config --get commit.template [1ms]
2024-06-17 16:08:34.402 [info] > git for-each-ref --format=%(refname)%00%(upstream:short)%00%(objectname)%00%(upstream:track)%00%(upstream:remotename)%00%(upstream:remoteref) refs/heads/main refs/remotes/main [3ms]
2024-06-17 16:08:34.676 [info] > git status -z -uall [268ms]
2024-06-17 16:09:08.388 [info] > git config --get commit.template [9ms]
2024-06-17 16:09:08.388 [info] > git for-each-ref --format=%(refname)%00%(upstream:short)%00%(objectname)%00%(upstream:track)%00%(upstream:remotename)%00%(upstream:remoteref) refs/heads/main refs/remotes/main [5ms]
2024-06-17 16:09:08.696 [info] > git status -z -uall [301ms]
2024-06-17 16:09:10.536 [info] > git show --textconv :projet/docker-compose.yml [18ms]
2024-06-17 16:09:10.536 [info] > git ls-files --stage -- /home/student/S03_CICD/projet/docker-compose.yml [13ms]
2024-06-17 16:09:10.548 [info] > git cat-file -s edaebe619282101d7e72a657d56e0fc851ae1e59 [7ms]
2024-06-17 16:09:32.306 [info] > git config --get commit.template [6ms]
2024-06-17 16:09:32.309 [info] > git for-each-ref --format=%(refname)%00%(upstream:short)%00%(objectname)%00%(upstream:track)%00%(upstream:remotename)%00%(upstream:remoteref) refs/heads/main refs/remotes/main [3ms]
2024-06-17 16:09:32.390 [info] > git show --textconv :projet/backend/init.sql [8ms]
2024-06-17 16:09:32.394 [info] > git ls-files --stage -- /home/student/S03_CICD/projet/backend/init.sql [5ms]
2024-06-17 16:09:32.576 [info] > git status -z -uall [263ms]
2024-06-17 16:09:38.876 [info] > git check-ignore -v -z --stdin [4ms]
2024-06-17 16:09:40.264 [info] > git show --textconv :projet/docker-compose.yml [15ms]
2024-06-17 16:09:40.269 [info] > git ls-files --stage -- /home/student/S03_CICD/projet/docker-compose.yml [6ms]
2024-06-17 16:09:40.276 [info] > git cat-file -s edaebe619282101d7e72a657d56e0fc851ae1e59 [2ms]
2024-06-17 16:09:59.347 [info] > git config --get commit.template [5ms]
2024-06-17 16:09:59.349 [info] > git for-each-ref --format=%(refname)%00%(upstream:short)%00%(objectname)%00%(upstream:track)%00%(upstream:remotename)%00%(upstream:remoteref) refs/heads/main refs/remotes/main [4ms]
2024-06-17 16:09:59.608 [info] > git status -z -uall [254ms]
