2024-06-18 09:02:09.484 [info] Log level: Info
2024-06-18 09:02:09.485 [info] Validating found git in: "git"
2024-06-18 09:02:09.485 [info] Using git "2.34.1" from "git"
2024-06-18 09:02:09.485 [info] > git rev-parse --show-toplevel [37ms]
2024-06-18 09:02:09.485 [info] > git rev-parse --git-dir --git-common-dir [24ms]
2024-06-18 09:02:09.485 [info] Open repository: /home/student
2024-06-18 09:02:09.485 [info] > git rev-parse --show-toplevel [34ms]
2024-06-18 09:02:09.485 [info] > git config --get commit.template [42ms]
2024-06-18 09:02:09.485 [info] > git rev-parse --git-dir --git-common-dir [56ms]
2024-06-18 09:02:09.485 [info] Open repository: /home/student/S03_CICD
2024-06-18 09:02:09.485 [info] > git for-each-ref --format=%(refname)%00%(upstream:short)%00%(objectname)%00%(upstream:track)%00%(upstream:remotename)%00%(upstream:remoteref) refs/heads/main refs/remotes/main [256ms]
2024-06-18 09:02:09.485 [info] > git rev-parse --show-toplevel [186ms]
2024-06-18 09:02:09.485 [info] > git config --get commit.template [209ms]
2024-06-18 09:02:09.485 [info] > git rev-parse --show-toplevel [44ms]
2024-06-18 09:02:09.485 [info] > git for-each-ref --format=%(refname)%00%(upstream:short)%00%(objectname)%00%(upstream:track)%00%(upstream:remotename)%00%(upstream:remoteref) refs/heads/master refs/remotes/master [45ms]
2024-06-18 09:02:09.485 [warning] ENOENT: no such file or directory, open '/home/student/S03_CICD/.git/refs/remotes/origin/master'
2024-06-18 09:02:09.489 [info] > git rev-parse refs/remotes/origin/master [66ms]
2024-06-18 09:02:09.509 [info] > git rev-parse --show-toplevel [106ms]
2024-06-18 09:02:09.611 [info] > git status -z -uall [103ms]
2024-06-18 09:02:09.622 [info] > git rev-parse --show-toplevel [86ms]
2024-06-18 09:02:09.806 [info] > git check-ignore -v -z --stdin [52ms]
2024-06-18 09:02:09.810 [info] > git merge-base refs/heads/master refs/remotes/origin/master [165ms]
2024-06-18 09:02:10.029 [info] > git check-ignore -v -z --stdin [261ms]
2024-06-18 09:02:10.030 [info] > git rev-list --count --left-right refs/heads/master...refs/remotes/origin/master [191ms]
2024-06-18 09:02:10.043 [info] > git config --get commit.template [239ms]
2024-06-18 09:02:10.043 [info] > git rev-parse --show-toplevel [255ms]
2024-06-18 09:02:10.104 [info] > git diff --name-status -z --diff-filter=ADMR 4c00948e25e702a642836f79638d3d376e03e5ea...refs/remotes/origin/master [62ms]
2024-06-18 09:02:10.106 [info] > git rev-parse --show-toplevel [53ms]
2024-06-18 09:02:10.124 [info] > git for-each-ref --format=%(refname)%00%(upstream:short)%00%(objectname)%00%(upstream:track)%00%(upstream:remotename)%00%(upstream:remoteref) refs/heads/master refs/remotes/master [21ms]
2024-06-18 09:02:10.139 [warning] ENOENT: no such file or directory, open '/home/student/S03_CICD/.git/refs/remotes/origin/master'
2024-06-18 09:02:10.140 [info] > git rev-parse --show-toplevel [18ms]
2024-06-18 09:02:10.171 [info] > git rev-parse refs/remotes/origin/master [31ms]
2024-06-18 09:02:10.178 [info] > git rev-parse --show-toplevel [9ms]
2024-06-18 09:02:10.195 [info] > git rev-parse --show-toplevel [5ms]
2024-06-18 09:02:10.201 [info] > git status -z -uall [24ms]
2024-06-18 09:02:10.225 [info] > git rev-parse --show-toplevel [25ms]
2024-06-18 09:02:10.233 [info] > git rev-parse --show-toplevel [3ms]
2024-06-18 09:02:10.239 [info] > git rev-parse --git-dir --git-common-dir [2ms]
2024-06-18 09:02:10.243 [info] Open repository: /home/student/S02_Coclock_Working
2024-06-18 09:02:10.289 [info] > git config --get commit.template [33ms]
2024-06-18 09:02:10.290 [info] > git rev-parse --show-toplevel [29ms]
2024-06-18 09:02:10.352 [info] > git for-each-ref --format=%(refname)%00%(upstream:short)%00%(objectname)%00%(upstream:track)%00%(upstream:remotename)%00%(upstream:remoteref) refs/heads/master refs/remotes/master [47ms]
2024-06-18 09:02:10.361 [warning] ENOENT: no such file or directory, open '/home/student/S02_Coclock_Working/.git/refs/remotes/origin/master'
2024-06-18 09:02:10.372 [info] > git rev-parse refs/remotes/origin/master [11ms]
2024-06-18 09:02:10.474 [info] > git ls-files --stage -- /home/student/S03_CICD/projet/docker-compose.yml [7ms]
2024-06-18 09:02:10.493 [info] > git show --textconv :projet/docker-compose.yml [42ms]
2024-06-18 09:02:10.498 [info] > git cat-file -s edaebe619282101d7e72a657d56e0fc851ae1e59 [6ms]
2024-06-18 09:02:10.545 [info] > git status -z -uall [158ms]
2024-06-18 09:02:10.575 [info] > git merge-base refs/heads/master refs/remotes/origin/master [24ms]
2024-06-18 09:02:10.593 [info] > git config --get commit.template [20ms]
2024-06-18 09:02:10.598 [info] > git status -z -uall [1214ms]
2024-06-18 09:02:12.945 [info] > git merge-base refs/heads/main refs/remotes/origin/main [2294ms]
2024-06-18 09:02:12.951 [info] > git for-each-ref --format=%(refname)%00%(upstream:short)%00%(objectname)%00%(upstream:track)%00%(upstream:remotename)%00%(upstream:remoteref) refs/heads/master refs/remotes/master [2354ms]
2024-06-18 09:02:12.951 [info] > git rev-list --count --left-right refs/heads/master...refs/remotes/origin/master [2372ms]
2024-06-18 09:02:12.999 [warning] ENOENT: no such file or directory, open '/home/student/S02_Coclock_Working/.git/refs/remotes/origin/master'
2024-06-18 09:02:13.001 [info] > git check-ignore -v -z --stdin [33ms]
2024-06-18 09:02:13.002 [info] > git check-ignore -v -z --stdin [27ms]
2024-06-18 09:02:13.002 [info] > git check-ignore -v -z --stdin [19ms]
2024-06-18 09:02:13.003 [info] > git diff --name-status -z --diff-filter=ADMR 55e66f96c5ba6b77b9d257d5579e211274f560ad...refs/remotes/origin/master [43ms]
2024-06-18 09:02:13.003 [info] > git rev-list --count --left-right refs/heads/main...refs/remotes/origin/main [53ms]
2024-06-18 09:02:13.011 [info] > git config --get commit.template [82ms]
2024-06-18 09:02:13.018 [info] > git rev-parse refs/remotes/origin/master [19ms]
2024-06-18 09:02:13.044 [info] > git diff --name-status -z --diff-filter=ADMR 82fdcc4827cad87ccb8e6374629a90d1dd519f36...refs/remotes/origin/main [33ms]
2024-06-18 09:02:13.074 [info] > git for-each-ref --format=%(refname)%00%(upstream:short)%00%(objectname)%00%(upstream:track)%00%(upstream:remotename)%00%(upstream:remoteref) refs/heads/main refs/remotes/main [35ms]
2024-06-18 09:02:13.260 [info] > git status -z -uall [233ms]
2024-06-18 09:02:13.483 [info] > git status -z -uall [403ms]
2024-06-18 09:02:43.482 [info] > git config --get commit.template [7ms]
2024-06-18 09:02:43.484 [info] > git for-each-ref --format=%(refname)%00%(upstream:short)%00%(objectname)%00%(upstream:track)%00%(upstream:remotename)%00%(upstream:remoteref) refs/heads/main refs/remotes/main [4ms]
2024-06-18 09:02:43.784 [info] > git status -z -uall [293ms]
2024-06-18 09:02:49.076 [info] > git config --get commit.template [7ms]
2024-06-18 09:02:49.078 [info] > git for-each-ref --format=%(refname)%00%(upstream:short)%00%(objectname)%00%(upstream:track)%00%(upstream:remotename)%00%(upstream:remoteref) refs/heads/main refs/remotes/main [4ms]
2024-06-18 09:02:49.321 [info] > git status -z -uall [237ms]
2024-06-18 09:02:54.469 [info] > git config --get commit.template [7ms]
2024-06-18 09:02:54.473 [info] > git for-each-ref --format=%(refname)%00%(upstream:short)%00%(objectname)%00%(upstream:track)%00%(upstream:remotename)%00%(upstream:remoteref) refs/heads/main refs/remotes/main [6ms]
2024-06-18 09:02:54.771 [info] > git status -z -uall [288ms]
2024-06-18 09:02:59.958 [info] > git config --get commit.template [8ms]
2024-06-18 09:02:59.961 [info] > git for-each-ref --format=%(refname)%00%(upstream:short)%00%(objectname)%00%(upstream:track)%00%(upstream:remotename)%00%(upstream:remoteref) refs/heads/main refs/remotes/main [5ms]
2024-06-18 09:03:00.275 [info] > git status -z -uall [307ms]
2024-06-18 09:03:05.438 [info] > git config --get commit.template [8ms]
2024-06-18 09:03:05.442 [info] > git for-each-ref --format=%(refname)%00%(upstream:short)%00%(objectname)%00%(upstream:track)%00%(upstream:remotename)%00%(upstream:remoteref) refs/heads/main refs/remotes/main [4ms]
2024-06-18 09:03:05.759 [info] > git status -z -uall [311ms]
2024-06-18 09:03:10.928 [info] > git config --get commit.template [11ms]
2024-06-18 09:03:10.937 [info] > git for-each-ref --format=%(refname)%00%(upstream:short)%00%(objectname)%00%(upstream:track)%00%(upstream:remotename)%00%(upstream:remoteref) refs/heads/main refs/remotes/main [9ms]
2024-06-18 09:03:11.256 [info] > git status -z -uall [307ms]
2024-06-18 09:03:16.429 [info] > git config --get commit.template [8ms]
2024-06-18 09:03:16.435 [info] > git for-each-ref --format=%(refname)%00%(upstream:short)%00%(objectname)%00%(upstream:track)%00%(upstream:remotename)%00%(upstream:remoteref) refs/heads/main refs/remotes/main [7ms]
2024-06-18 09:03:16.828 [info] > git status -z -uall [385ms]
2024-06-18 09:03:18.833 [info] > git config --get commit.template [7ms]
2024-06-18 09:03:18.835 [info] > git for-each-ref --format=%(refname)%00%(upstream:short)%00%(objectname)%00%(upstream:track)%00%(upstream:remotename)%00%(upstream:remoteref) refs/heads/master refs/remotes/master [2ms]
2024-06-18 09:03:18.846 [warning] ENOENT: no such file or directory, open '/home/student/S03_CICD/.git/refs/remotes/origin/master'
2024-06-18 09:03:18.856 [info] > git rev-parse refs/remotes/origin/master [11ms]
2024-06-18 09:03:18.870 [info] > git status -z -uall [9ms]
2024-06-18 09:03:22.081 [info] > git config --get commit.template [5ms]
2024-06-18 09:03:22.084 [info] > git for-each-ref --format=%(refname)%00%(upstream:short)%00%(objectname)%00%(upstream:track)%00%(upstream:remotename)%00%(upstream:remoteref) refs/heads/main refs/remotes/main [4ms]
2024-06-18 09:03:22.359 [info] > git status -z -uall [270ms]
2024-06-18 09:03:27.532 [info] > git config --get commit.template [6ms]
2024-06-18 09:03:27.535 [info] > git for-each-ref --format=%(refname)%00%(upstream:short)%00%(objectname)%00%(upstream:track)%00%(upstream:remotename)%00%(upstream:remoteref) refs/heads/main refs/remotes/main [3ms]
2024-06-18 09:03:27.815 [info] > git status -z -uall [274ms]
2024-06-18 09:05:46.988 [info] > git config --get commit.template [15ms]
2024-06-18 09:05:47.001 [info] > git for-each-ref --format=%(refname)%00%(upstream:short)%00%(objectname)%00%(upstream:track)%00%(upstream:remotename)%00%(upstream:remoteref) refs/heads/main refs/remotes/main [16ms]
2024-06-18 09:05:47.326 [info] > git status -z -uall [318ms]
2024-06-18 09:05:52.629 [info] > git config --get commit.template [8ms]
2024-06-18 09:05:52.632 [info] > git for-each-ref --format=%(refname)%00%(upstream:short)%00%(objectname)%00%(upstream:track)%00%(upstream:remotename)%00%(upstream:remoteref) refs/heads/main refs/remotes/main [4ms]
2024-06-18 09:05:52.901 [info] > git status -z -uall [264ms]
2024-06-18 09:07:40.698 [info] > git config --get commit.template [9ms]
2024-06-18 09:07:40.701 [info] > git for-each-ref --format=%(refname)%00%(upstream:short)%00%(objectname)%00%(upstream:track)%00%(upstream:remotename)%00%(upstream:remoteref) refs/heads/main refs/remotes/main [5ms]
2024-06-18 09:07:41.078 [info] > git status -z -uall [369ms]
2024-06-18 09:07:46.404 [info] > git config --get commit.template [8ms]
2024-06-18 09:07:46.407 [info] > git for-each-ref --format=%(refname)%00%(upstream:short)%00%(objectname)%00%(upstream:track)%00%(upstream:remotename)%00%(upstream:remoteref) refs/heads/main refs/remotes/main [5ms]
2024-06-18 09:07:46.672 [info] > git status -z -uall [259ms]
2024-06-18 09:10:36.589 [info] > git config --get commit.template [7ms]
2024-06-18 09:10:36.592 [info] > git for-each-ref --format=%(refname)%00%(upstream:short)%00%(objectname)%00%(upstream:track)%00%(upstream:remotename)%00%(upstream:remoteref) refs/heads/main refs/remotes/main [4ms]
2024-06-18 09:10:36.867 [info] > git status -z -uall [269ms]
2024-06-18 09:10:39.099 [info] > git check-ignore -v -z --stdin [7ms]
2024-06-18 09:10:42.129 [info] > git config --get commit.template [6ms]
2024-06-18 09:10:42.132 [info] > git for-each-ref --format=%(refname)%00%(upstream:short)%00%(objectname)%00%(upstream:track)%00%(upstream:remotename)%00%(upstream:remoteref) refs/heads/main refs/remotes/main [3ms]
2024-06-18 09:10:42.382 [info] > git status -z -uall [243ms]
2024-06-18 09:10:48.083 [info] > git config --get commit.template [9ms]
2024-06-18 09:10:48.089 [info] > git for-each-ref --format=%(refname)%00%(upstream:short)%00%(objectname)%00%(upstream:track)%00%(upstream:remotename)%00%(upstream:remoteref) refs/heads/main refs/remotes/main [7ms]
2024-06-18 09:10:48.349 [info] > git status -z -uall [253ms]
2024-06-18 09:10:54.872 [info] > git config --get commit.template [8ms]
2024-06-18 09:10:54.875 [info] > git for-each-ref --format=%(refname)%00%(upstream:short)%00%(objectname)%00%(upstream:track)%00%(upstream:remotename)%00%(upstream:remoteref) refs/heads/main refs/remotes/main [4ms]
2024-06-18 09:10:55.203 [info] > git status -z -uall [321ms]
2024-06-18 09:13:58.715 [info] > git config --get commit.template [10ms]
2024-06-18 09:13:58.719 [info] > git for-each-ref --format=%(refname)%00%(upstream:short)%00%(objectname)%00%(upstream:track)%00%(upstream:remotename)%00%(upstream:remoteref) refs/heads/main refs/remotes/main [5ms]
2024-06-18 09:13:59.044 [info] > git status -z -uall [318ms]
2024-06-18 09:14:04.239 [info] > git config --get commit.template [11ms]
2024-06-18 09:14:04.242 [info] > git for-each-ref --format=%(refname)%00%(upstream:short)%00%(objectname)%00%(upstream:track)%00%(upstream:remotename)%00%(upstream:remoteref) refs/heads/main refs/remotes/main [5ms]
2024-06-18 09:14:04.546 [info] > git status -z -uall [295ms]
2024-06-18 09:14:11.118 [info] > git config --get commit.template [10ms]
2024-06-18 09:14:11.120 [info] > git for-each-ref --format=%(refname)%00%(upstream:short)%00%(objectname)%00%(upstream:track)%00%(upstream:remotename)%00%(upstream:remoteref) refs/heads/main refs/remotes/main [4ms]
2024-06-18 09:14:11.381 [info] > git status -z -uall [255ms]
2024-06-18 09:14:13.635 [info] > git show --textconv :projet/backend/index.js [36ms]
2024-06-18 09:14:13.707 [info] > git ls-files --stage -- /home/student/S03_CICD/projet/backend/index.js [14ms]
2024-06-18 09:14:16.572 [info] > git config --get commit.template [17ms]
2024-06-18 09:14:16.584 [info] > git for-each-ref --format=%(refname)%00%(upstream:short)%00%(objectname)%00%(upstream:track)%00%(upstream:remotename)%00%(upstream:remoteref) refs/heads/main refs/remotes/main [13ms]
2024-06-18 09:14:17.168 [info] > git status -z -uall [567ms]
2024-06-18 09:14:26.125 [info] > git config --get commit.template [6ms]
2024-06-18 09:14:26.129 [info] > git for-each-ref --format=%(refname)%00%(upstream:short)%00%(objectname)%00%(upstream:track)%00%(upstream:remotename)%00%(upstream:remoteref) refs/heads/master refs/remotes/master [4ms]
2024-06-18 09:14:26.134 [warning] ENOENT: no such file or directory, open '/home/student/S03_CICD/.git/refs/remotes/origin/master'
2024-06-18 09:14:26.136 [info] > git rev-parse refs/remotes/origin/master [2ms]
2024-06-18 09:14:26.150 [info] > git status -z -uall [9ms]
2024-06-18 09:14:29.706 [info] > git config --get commit.template [8ms]
2024-06-18 09:14:29.711 [info] > git for-each-ref --format=%(refname)%00%(upstream:short)%00%(objectname)%00%(upstream:track)%00%(upstream:remotename)%00%(upstream:remoteref) refs/heads/main refs/remotes/main [6ms]
2024-06-18 09:14:29.989 [info] > git status -z -uall [272ms]
2024-06-18 09:14:31.905 [info] > git check-ignore -v -z --stdin [8ms]
2024-06-18 09:14:36.502 [info] > git config --get commit.template [7ms]
2024-06-18 09:14:36.505 [info] > git for-each-ref --format=%(refname)%00%(upstream:short)%00%(objectname)%00%(upstream:track)%00%(upstream:remotename)%00%(upstream:remoteref) refs/heads/main refs/remotes/main [4ms]
2024-06-18 09:14:36.752 [info] > git status -z -uall [241ms]
2024-06-18 09:14:41.113 [info] > git check-ignore -v -z --stdin [6ms]
2024-06-18 09:14:41.906 [info] > git config --get commit.template [9ms]
2024-06-18 09:14:41.909 [info] > git for-each-ref --format=%(refname)%00%(upstream:short)%00%(objectname)%00%(upstream:track)%00%(upstream:remotename)%00%(upstream:remoteref) refs/heads/main refs/remotes/main [4ms]
2024-06-18 09:14:42.171 [info] > git status -z -uall [256ms]
2024-06-18 09:14:47.327 [info] > git config --get commit.template [15ms]
2024-06-18 09:14:47.327 [info] > git for-each-ref --format=%(refname)%00%(upstream:short)%00%(objectname)%00%(upstream:track)%00%(upstream:remotename)%00%(upstream:remoteref) refs/heads/main refs/remotes/main [7ms]
2024-06-18 09:14:47.635 [info] > git status -z -uall [298ms]
2024-06-18 09:14:52.795 [info] > git config --get commit.template [9ms]
2024-06-18 09:14:52.796 [info] > git for-each-ref --format=%(refname)%00%(upstream:short)%00%(objectname)%00%(upstream:track)%00%(upstream:remotename)%00%(upstream:remoteref) refs/heads/main refs/remotes/main [4ms]
2024-06-18 09:14:53.053 [info] > git status -z -uall [250ms]
2024-06-18 09:14:58.204 [info] > git config --get commit.template [6ms]
2024-06-18 09:14:58.207 [info] > git for-each-ref --format=%(refname)%00%(upstream:short)%00%(objectname)%00%(upstream:track)%00%(upstream:remotename)%00%(upstream:remoteref) refs/heads/main refs/remotes/main [4ms]
2024-06-18 09:14:58.484 [info] > git status -z -uall [269ms]
2024-06-18 09:15:03.657 [info] > git config --get commit.template [6ms]
2024-06-18 09:15:03.661 [info] > git for-each-ref --format=%(refname)%00%(upstream:short)%00%(objectname)%00%(upstream:track)%00%(upstream:remotename)%00%(upstream:remoteref) refs/heads/main refs/remotes/main [4ms]
2024-06-18 09:15:04.057 [info] > git status -z -uall [390ms]
2024-06-18 09:15:09.212 [info] > git config --get commit.template [5ms]
2024-06-18 09:15:09.223 [info] > git for-each-ref --format=%(refname)%00%(upstream:short)%00%(objectname)%00%(upstream:track)%00%(upstream:remotename)%00%(upstream:remoteref) refs/heads/main refs/remotes/main [4ms]
2024-06-18 09:15:09.529 [info] > git status -z -uall [299ms]
2024-06-18 09:15:14.701 [info] > git config --get commit.template [4ms]
2024-06-18 09:15:14.711 [info] > git for-each-ref --format=%(refname)%00%(upstream:short)%00%(objectname)%00%(upstream:track)%00%(upstream:remotename)%00%(upstream:remoteref) refs/heads/main refs/remotes/main [3ms]
2024-06-18 09:15:14.994 [info] > git status -z -uall [277ms]
2024-06-18 09:15:20.169 [info] > git config --get commit.template [8ms]
2024-06-18 09:15:20.173 [info] > git for-each-ref --format=%(refname)%00%(upstream:short)%00%(objectname)%00%(upstream:track)%00%(upstream:remotename)%00%(upstream:remoteref) refs/heads/main refs/remotes/main [5ms]
2024-06-18 09:15:20.431 [info] > git status -z -uall [253ms]
2024-06-18 09:16:02.374 [info] > git config --get commit.template [7ms]
2024-06-18 09:16:02.379 [info] > git for-each-ref --format=%(refname)%00%(upstream:short)%00%(objectname)%00%(upstream:track)%00%(upstream:remotename)%00%(upstream:remoteref) refs/heads/main refs/remotes/main [6ms]
2024-06-18 09:16:02.661 [info] > git status -z -uall [273ms]
2024-06-18 09:16:22.975 [info] > git config --get commit.template [6ms]
2024-06-18 09:16:22.977 [info] > git for-each-ref --format=%(refname)%00%(upstream:short)%00%(objectname)%00%(upstream:track)%00%(upstream:remotename)%00%(upstream:remoteref) refs/heads/main refs/remotes/main [4ms]
2024-06-18 09:16:23.245 [info] > git status -z -uall [262ms]
2024-06-18 09:16:28.439 [info] > git config --get commit.template [13ms]
2024-06-18 09:16:28.440 [info] > git for-each-ref --format=%(refname)%00%(upstream:short)%00%(objectname)%00%(upstream:track)%00%(upstream:remotename)%00%(upstream:remoteref) refs/heads/main refs/remotes/main [8ms]
2024-06-18 09:16:28.712 [info] > git status -z -uall [266ms]
2024-06-18 09:16:30.206 [info] > git check-ignore -v -z --stdin [8ms]
2024-06-18 09:16:30.213 [info] > git config --get commit.template [7ms]
2024-06-18 09:16:30.215 [info] > git for-each-ref --format=%(refname)%00%(upstream:short)%00%(objectname)%00%(upstream:track)%00%(upstream:remotename)%00%(upstream:remoteref) refs/heads/master refs/remotes/master [4ms]
2024-06-18 09:16:30.220 [warning] ENOENT: no such file or directory, open '/home/student/S03_CICD/.git/refs/remotes/origin/master'
2024-06-18 09:16:30.222 [info] > git rev-parse refs/remotes/origin/master [2ms]
2024-06-18 09:16:30.235 [info] > git status -z -uall [8ms]
2024-06-18 09:16:33.865 [info] > git config --get commit.template [11ms]
2024-06-18 09:16:33.868 [info] > git for-each-ref --format=%(refname)%00%(upstream:short)%00%(objectname)%00%(upstream:track)%00%(upstream:remotename)%00%(upstream:remoteref) refs/heads/main refs/remotes/main [3ms]
2024-06-18 09:16:34.132 [info] > git status -z -uall [259ms]
2024-06-18 09:16:39.307 [info] > git config --get commit.template [7ms]
2024-06-18 09:16:39.311 [info] > git for-each-ref --format=%(refname)%00%(upstream:short)%00%(objectname)%00%(upstream:track)%00%(upstream:remotename)%00%(upstream:remoteref) refs/heads/main refs/remotes/main [5ms]
2024-06-18 09:16:39.574 [info] > git status -z -uall [257ms]
2024-06-18 09:16:44.762 [info] > git config --get commit.template [8ms]
2024-06-18 09:16:44.769 [info] > git for-each-ref --format=%(refname)%00%(upstream:short)%00%(objectname)%00%(upstream:track)%00%(upstream:remotename)%00%(upstream:remoteref) refs/heads/main refs/remotes/main [8ms]
2024-06-18 09:16:45.157 [info] > git status -z -uall [381ms]
2024-06-18 09:16:47.008 [info] > git config --get commit.template [6ms]
2024-06-18 09:16:47.011 [info] > git for-each-ref --format=%(refname)%00%(upstream:short)%00%(objectname)%00%(upstream:track)%00%(upstream:remotename)%00%(upstream:remoteref) refs/heads/master refs/remotes/master [4ms]
2024-06-18 09:16:47.016 [warning] ENOENT: no such file or directory, open '/home/student/S03_CICD/.git/refs/remotes/origin/master'
2024-06-18 09:16:47.029 [info] > git rev-parse refs/remotes/origin/master [13ms]
2024-06-18 09:16:47.054 [info] > git status -z -uall [16ms]
2024-06-18 10:44:08.324 [info] > git config --get commit.template [1ms]
2024-06-18 10:44:08.334 [info] > git for-each-ref --format=%(refname)%00%(upstream:short)%00%(objectname)%00%(upstream:track)%00%(upstream:remotename)%00%(upstream:remoteref) refs/heads/main refs/remotes/main [4ms]
2024-06-18 10:44:08.660 [info] > git status -z -uall [318ms]
2024-06-18 10:45:44.228 [info] > git show --textconv :projet/docker-compose.yml [7ms]
2024-06-18 10:45:44.233 [info] > git ls-files --stage -- /home/student/S03_CICD/projet/docker-compose.yml [6ms]
2024-06-18 10:45:44.249 [info] > git cat-file -s edaebe619282101d7e72a657d56e0fc851ae1e59 [6ms]
2024-06-18 10:47:47.724 [info] > git config --get commit.template [2ms]
2024-06-18 10:47:47.742 [info] > git for-each-ref --format=%(refname)%00%(upstream:short)%00%(objectname)%00%(upstream:track)%00%(upstream:remotename)%00%(upstream:remoteref) refs/heads/main refs/remotes/main [8ms]
2024-06-18 10:47:48.158 [info] > git status -z -uall [409ms]
2024-06-18 10:47:53.611 [info] > git config --get commit.template [13ms]
2024-06-18 10:47:53.618 [info] > git for-each-ref --format=%(refname)%00%(upstream:short)%00%(objectname)%00%(upstream:track)%00%(upstream:remotename)%00%(upstream:remoteref) refs/heads/main refs/remotes/main [9ms]
2024-06-18 10:47:54.090 [info] > git status -z -uall [463ms]
2024-06-18 10:48:09.101 [info] > git config --get commit.template [17ms]
2024-06-18 10:48:09.101 [info] > git for-each-ref --format=%(refname)%00%(upstream:short)%00%(objectname)%00%(upstream:track)%00%(upstream:remotename)%00%(upstream:remoteref) refs/heads/main refs/remotes/main [8ms]
2024-06-18 10:48:09.569 [info] > git status -z -uall [456ms]
2024-06-18 10:48:16.562 [info] > git config --get commit.template [7ms]
2024-06-18 10:48:16.566 [info] > git for-each-ref --format=%(refname)%00%(upstream:short)%00%(objectname)%00%(upstream:track)%00%(upstream:remotename)%00%(upstream:remoteref) refs/heads/main refs/remotes/main [5ms]
2024-06-18 10:48:16.895 [info] > git status -z -uall [314ms]
2024-06-18 10:48:22.094 [info] > git config --get commit.template [10ms]
2024-06-18 10:48:22.099 [info] > git for-each-ref --format=%(refname)%00%(upstream:short)%00%(objectname)%00%(upstream:track)%00%(upstream:remotename)%00%(upstream:remoteref) refs/heads/main refs/remotes/main [9ms]
2024-06-18 10:48:22.503 [info] > git status -z -uall [398ms]
2024-06-18 10:48:27.685 [info] > git config --get commit.template [15ms]
2024-06-18 10:48:27.692 [info] > git for-each-ref --format=%(refname)%00%(upstream:short)%00%(objectname)%00%(upstream:track)%00%(upstream:remotename)%00%(upstream:remoteref) refs/heads/main refs/remotes/main [8ms]
2024-06-18 10:48:28.049 [info] > git status -z -uall [351ms]
2024-06-18 10:48:33.248 [info] > git config --get commit.template [9ms]
2024-06-18 10:48:33.251 [info] > git for-each-ref --format=%(refname)%00%(upstream:short)%00%(objectname)%00%(upstream:track)%00%(upstream:remotename)%00%(upstream:remoteref) refs/heads/main refs/remotes/main [4ms]
2024-06-18 10:48:33.698 [info] > git status -z -uall [437ms]
2024-06-18 10:48:38.901 [info] > git for-each-ref --format=%(refname)%00%(upstream:short)%00%(objectname)%00%(upstream:track)%00%(upstream:remotename)%00%(upstream:remoteref) refs/heads/main refs/remotes/main [9ms]
2024-06-18 10:48:38.907 [info] > git config --get commit.template [27ms]
2024-06-18 10:48:39.341 [info] > git status -z -uall [425ms]
2024-06-18 10:48:44.564 [info] > git config --get commit.template [11ms]
2024-06-18 10:48:44.570 [info] > git for-each-ref --format=%(refname)%00%(upstream:short)%00%(objectname)%00%(upstream:track)%00%(upstream:remotename)%00%(upstream:remoteref) refs/heads/main refs/remotes/main [7ms]
2024-06-18 10:48:44.950 [info] > git status -z -uall [371ms]
2024-06-18 10:48:50.199 [info] > git config --get commit.template [9ms]
2024-06-18 10:48:50.202 [info] > git for-each-ref --format=%(refname)%00%(upstream:short)%00%(objectname)%00%(upstream:track)%00%(upstream:remotename)%00%(upstream:remoteref) refs/heads/main refs/remotes/main [4ms]
2024-06-18 10:48:50.498 [info] > git status -z -uall [287ms]
2024-06-18 10:48:55.654 [info] > git config --get commit.template [0ms]
2024-06-18 10:48:55.669 [info] > git for-each-ref --format=%(refname)%00%(upstream:short)%00%(objectname)%00%(upstream:track)%00%(upstream:remotename)%00%(upstream:remoteref) refs/heads/main refs/remotes/main [9ms]
2024-06-18 10:48:56.002 [info] > git status -z -uall [316ms]
2024-06-18 10:49:01.161 [info] > git config --get commit.template [6ms]
2024-06-18 10:49:01.180 [info] > git for-each-ref --format=%(refname)%00%(upstream:short)%00%(objectname)%00%(upstream:track)%00%(upstream:remotename)%00%(upstream:remoteref) refs/heads/main refs/remotes/main [11ms]
2024-06-18 10:49:01.538 [info] > git status -z -uall [352ms]
2024-06-18 10:49:06.739 [info] > git config --get commit.template [7ms]
2024-06-18 10:49:06.742 [info] > git for-each-ref --format=%(refname)%00%(upstream:short)%00%(objectname)%00%(upstream:track)%00%(upstream:remotename)%00%(upstream:remoteref) refs/heads/main refs/remotes/main [4ms]
2024-06-18 10:49:07.145 [info] > git status -z -uall [389ms]
2024-06-18 10:49:12.366 [info] > git config --get commit.template [3ms]
2024-06-18 10:49:12.378 [info] > git for-each-ref --format=%(refname)%00%(upstream:short)%00%(objectname)%00%(upstream:track)%00%(upstream:remotename)%00%(upstream:remoteref) refs/heads/main refs/remotes/main [5ms]
2024-06-18 10:49:12.635 [info] > git status -z -uall [250ms]
2024-06-18 10:49:13.952 [info] > git config --get commit.template [7ms]
2024-06-18 10:49:13.955 [info] > git for-each-ref --format=%(refname)%00%(upstream:short)%00%(objectname)%00%(upstream:track)%00%(upstream:remotename)%00%(upstream:remoteref) refs/heads/master refs/remotes/master [3ms]
2024-06-18 10:49:13.961 [warning] ENOENT: no such file or directory, open '/home/student/S03_CICD/.git/refs/remotes/origin/master'
2024-06-18 10:49:13.971 [info] > git rev-parse refs/remotes/origin/master [10ms]
2024-06-18 10:49:13.984 [info] > git status -z -uall [8ms]
2024-06-18 10:49:17.786 [info] > git config --get commit.template [8ms]
2024-06-18 10:49:17.789 [info] > git for-each-ref --format=%(refname)%00%(upstream:short)%00%(objectname)%00%(upstream:track)%00%(upstream:remotename)%00%(upstream:remoteref) refs/heads/main refs/remotes/main [4ms]
2024-06-18 10:49:18.157 [info] > git status -z -uall [361ms]
2024-06-18 10:49:23.369 [info] > git config --get commit.template [11ms]
2024-06-18 10:49:23.384 [info] > git for-each-ref --format=%(refname)%00%(upstream:short)%00%(objectname)%00%(upstream:track)%00%(upstream:remotename)%00%(upstream:remoteref) refs/heads/main refs/remotes/main [16ms]
2024-06-18 10:49:23.802 [info] > git status -z -uall [410ms]
2024-06-18 10:49:27.035 [info] > git config --get commit.template [8ms]
2024-06-18 10:49:27.037 [info] > git for-each-ref --format=%(refname)%00%(upstream:short)%00%(objectname)%00%(upstream:track)%00%(upstream:remotename)%00%(upstream:remoteref) refs/heads/master refs/remotes/master [4ms]
2024-06-18 10:49:27.043 [warning] ENOENT: no such file or directory, open '/home/student/S03_CICD/.git/refs/remotes/origin/master'
2024-06-18 10:49:27.046 [info] > git rev-parse refs/remotes/origin/master [3ms]
2024-06-18 10:49:27.059 [info] > git status -z -uall [7ms]
2024-06-18 10:49:29.014 [info] > git config --get commit.template [9ms]
2024-06-18 10:49:29.017 [info] > git for-each-ref --format=%(refname)%00%(upstream:short)%00%(objectname)%00%(upstream:track)%00%(upstream:remotename)%00%(upstream:remoteref) refs/heads/main refs/remotes/main [4ms]
2024-06-18 10:49:29.326 [info] > git status -z -uall [300ms]
2024-06-18 10:49:50.063 [info] > git config --get commit.template [9ms]
2024-06-18 10:49:50.065 [info] > git for-each-ref --format=%(refname)%00%(upstream:short)%00%(objectname)%00%(upstream:track)%00%(upstream:remotename)%00%(upstream:remoteref) refs/heads/main refs/remotes/main [3ms]
2024-06-18 10:49:50.373 [info] > git status -z -uall [299ms]
2024-06-18 10:49:55.575 [info] > git config --get commit.template [8ms]
2024-06-18 10:49:55.581 [info] > git for-each-ref --format=%(refname)%00%(upstream:short)%00%(objectname)%00%(upstream:track)%00%(upstream:remotename)%00%(upstream:remoteref) refs/heads/main refs/remotes/main [7ms]
2024-06-18 10:49:55.861 [info] > git status -z -uall [274ms]
2024-06-18 10:50:18.323 [info] > git config --get commit.template [6ms]
2024-06-18 10:50:18.332 [info] > git for-each-ref --format=%(refname)%00%(upstream:short)%00%(objectname)%00%(upstream:track)%00%(upstream:remotename)%00%(upstream:remoteref) refs/heads/main refs/remotes/main [11ms]
2024-06-18 10:50:18.602 [info] > git status -z -uall [256ms]
2024-06-18 10:50:21.872 [info] > git check-ignore -v -z --stdin [8ms]
2024-06-18 10:50:23.786 [info] > git config --get commit.template [8ms]
2024-06-18 10:50:23.789 [info] > git for-each-ref --format=%(refname)%00%(upstream:short)%00%(objectname)%00%(upstream:track)%00%(upstream:remotename)%00%(upstream:remoteref) refs/heads/main refs/remotes/main [4ms]
2024-06-18 10:50:24.063 [info] > git status -z -uall [267ms]
2024-06-18 10:50:29.216 [info] > git config --get commit.template [9ms]
2024-06-18 10:50:29.220 [info] > git for-each-ref --format=%(refname)%00%(upstream:short)%00%(objectname)%00%(upstream:track)%00%(upstream:remotename)%00%(upstream:remoteref) refs/heads/main refs/remotes/main [5ms]
2024-06-18 10:50:29.487 [info] > git status -z -uall [262ms]
2024-06-18 10:50:31.916 [info] > git check-ignore -v -z --stdin [2ms]
2024-06-18 10:50:32.499 [info] > git check-ignore -v -z --stdin [2ms]
2024-06-18 10:50:34.648 [info] > git config --get commit.template [6ms]
2024-06-18 10:50:34.651 [info] > git for-each-ref --format=%(refname)%00%(upstream:short)%00%(objectname)%00%(upstream:track)%00%(upstream:remotename)%00%(upstream:remoteref) refs/heads/main refs/remotes/main [4ms]
2024-06-18 10:50:34.934 [info] > git status -z -uall [276ms]
2024-06-18 10:50:37.429 [info] > git check-ignore -v -z --stdin [2ms]
2024-06-18 10:50:39.364 [info] > git check-ignore -v -z --stdin [2ms]
2024-06-18 10:50:40.132 [info] > git config --get commit.template [7ms]
2024-06-18 10:50:40.135 [info] > git for-each-ref --format=%(refname)%00%(upstream:short)%00%(objectname)%00%(upstream:track)%00%(upstream:remotename)%00%(upstream:remoteref) refs/heads/main refs/remotes/main [4ms]
2024-06-18 10:50:40.446 [info] > git status -z -uall [304ms]
2024-06-18 10:50:42.500 [info] > git check-ignore -v -z --stdin [10ms]
2024-06-18 10:50:45.609 [info] > git config --get commit.template [11ms]
2024-06-18 10:50:45.612 [info] > git for-each-ref --format=%(refname)%00%(upstream:short)%00%(objectname)%00%(upstream:track)%00%(upstream:remotename)%00%(upstream:remoteref) refs/heads/main refs/remotes/main [3ms]
2024-06-18 10:50:45.910 [info] > git status -z -uall [293ms]
2024-06-18 10:50:49.063 [info] > git check-ignore -v -z --stdin [2ms]
2024-06-18 10:50:51.086 [info] > git config --get commit.template [7ms]
2024-06-18 10:50:51.092 [info] > git for-each-ref --format=%(refname)%00%(upstream:short)%00%(objectname)%00%(upstream:track)%00%(upstream:remotename)%00%(upstream:remoteref) refs/heads/main refs/remotes/main [7ms]
2024-06-18 10:50:51.361 [info] > git status -z -uall [253ms]
2024-06-18 10:50:53.659 [info] > git show --textconv :projet/frontend/src/components/App/Content/Products/ProductsList.tsx [18ms]
2024-06-18 10:50:53.675 [info] > git ls-files --stage -- /home/student/S03_CICD/projet/frontend/src/components/App/Content/Products/ProductsList.tsx [17ms]
2024-06-18 10:50:56.539 [info] > git config --get commit.template [8ms]
2024-06-18 10:50:56.543 [info] > git for-each-ref --format=%(refname)%00%(upstream:short)%00%(objectname)%00%(upstream:track)%00%(upstream:remotename)%00%(upstream:remoteref) refs/heads/main refs/remotes/main [5ms]
2024-06-18 10:50:56.590 [info] > git show --textconv :projet/frontend/src/components/App/Content/Products/Products.tsx [7ms]
2024-06-18 10:50:56.594 [info] > git ls-files --stage -- /home/student/S03_CICD/projet/frontend/src/components/App/Content/Products/Products.tsx [4ms]
2024-06-18 10:50:56.843 [info] > git status -z -uall [294ms]
2024-06-18 10:51:02.021 [info] > git config --get commit.template [7ms]
2024-06-18 10:51:02.024 [info] > git for-each-ref --format=%(refname)%00%(upstream:short)%00%(objectname)%00%(upstream:track)%00%(upstream:remotename)%00%(upstream:remoteref) refs/heads/main refs/remotes/main [4ms]
2024-06-18 10:51:02.323 [info] > git status -z -uall [292ms]
2024-06-18 10:51:27.837 [info] > git config --get commit.template [7ms]
2024-06-18 10:51:27.840 [info] > git for-each-ref --format=%(refname)%00%(upstream:short)%00%(objectname)%00%(upstream:track)%00%(upstream:remotename)%00%(upstream:remoteref) refs/heads/main refs/remotes/main [5ms]
2024-06-18 10:51:28.192 [info] > git status -z -uall [345ms]
2024-06-18 10:51:32.652 [info] > git check-ignore -v -z --stdin [2ms]
2024-06-18 10:51:33.447 [info] > git config --get commit.template [7ms]
2024-06-18 10:51:33.450 [info] > git for-each-ref --format=%(refname)%00%(upstream:short)%00%(objectname)%00%(upstream:track)%00%(upstream:remotename)%00%(upstream:remoteref) refs/heads/main refs/remotes/main [4ms]
2024-06-18 10:51:33.727 [info] > git status -z -uall [271ms]
2024-06-18 10:51:35.473 [info] > git show --textconv :projet/frontend/package.json [23ms]
2024-06-18 10:51:35.474 [info] > git ls-files --stage -- /home/student/S03_CICD/projet/frontend/package.json [16ms]
2024-06-18 10:51:35.486 [info] > git cat-file -s 326e5b41a4f7ac72db96a81d1f7bd9ac3827882f [5ms]
2024-06-18 10:51:38.908 [info] > git config --get commit.template [14ms]
2024-06-18 10:51:38.912 [info] > git for-each-ref --format=%(refname)%00%(upstream:short)%00%(objectname)%00%(upstream:track)%00%(upstream:remotename)%00%(upstream:remoteref) refs/heads/main refs/remotes/main [4ms]
2024-06-18 10:51:39.203 [info] > git status -z -uall [284ms]
2024-06-18 10:51:41.814 [info] > git check-ignore -v -z --stdin [2ms]
2024-06-18 10:51:43.166 [info] > git show --textconv :projet/docker-compose.yml [9ms]
2024-06-18 10:51:43.169 [info] > git ls-files --stage -- /home/student/S03_CICD/projet/docker-compose.yml [5ms]
2024-06-18 10:51:43.180 [info] > git cat-file -s edaebe619282101d7e72a657d56e0fc851ae1e59 [3ms]
2024-06-18 10:51:44.417 [info] > git config --get commit.template [8ms]
2024-06-18 10:51:44.420 [info] > git for-each-ref --format=%(refname)%00%(upstream:short)%00%(objectname)%00%(upstream:track)%00%(upstream:remotename)%00%(upstream:remoteref) refs/heads/main refs/remotes/main [4ms]
2024-06-18 10:51:45.037 [info] > git status -z -uall [610ms]
2024-06-18 10:51:50.232 [info] > git config --get commit.template [7ms]
2024-06-18 10:51:50.237 [info] > git for-each-ref --format=%(refname)%00%(upstream:short)%00%(objectname)%00%(upstream:track)%00%(upstream:remotename)%00%(upstream:remoteref) refs/heads/main refs/remotes/main [7ms]
2024-06-18 10:51:50.535 [info] > git status -z -uall [291ms]
2024-06-18 10:52:03.331 [info] > git config --get commit.template [11ms]
2024-06-18 10:52:03.368 [info] > git for-each-ref --format=%(refname)%00%(upstream:short)%00%(objectname)%00%(upstream:track)%00%(upstream:remotename)%00%(upstream:remoteref) refs/heads/master refs/remotes/master [22ms]
2024-06-18 10:52:03.368 [info] > git config --get commit.template [41ms]
2024-06-18 10:52:03.381 [warning] ENOENT: no such file or directory, open '/home/student/S03_CICD/.git/refs/remotes/origin/master'
2024-06-18 10:52:03.390 [info] > git for-each-ref --format=%(refname)%00%(upstream:short)%00%(objectname)%00%(upstream:track)%00%(upstream:remotename)%00%(upstream:remoteref) refs/heads/main refs/remotes/main [28ms]
2024-06-18 10:52:03.417 [info] > git rev-parse refs/remotes/origin/master [36ms]
2024-06-18 10:52:03.510 [info] > git status -z -uall [38ms]
2024-06-18 10:52:03.798 [info] > git status -z -uall [392ms]
2024-06-18 10:52:08.534 [info] > git config --get commit.template [8ms]
2024-06-18 10:52:08.537 [info] > git for-each-ref --format=%(refname)%00%(upstream:short)%00%(objectname)%00%(upstream:track)%00%(upstream:remotename)%00%(upstream:remoteref) refs/heads/master refs/remotes/master [4ms]
2024-06-18 10:52:08.544 [warning] ENOENT: no such file or directory, open '/home/student/S03_CICD/.git/refs/remotes/origin/master'
2024-06-18 10:52:08.546 [info] > git rev-parse refs/remotes/origin/master [3ms]
2024-06-18 10:52:08.562 [info] > git status -z -uall [8ms]
2024-06-18 10:52:08.985 [info] > git config --get commit.template [8ms]
2024-06-18 10:52:08.988 [info] > git for-each-ref --format=%(refname)%00%(upstream:short)%00%(objectname)%00%(upstream:track)%00%(upstream:remotename)%00%(upstream:remoteref) refs/heads/main refs/remotes/main [3ms]
2024-06-18 10:52:09.297 [info] > git status -z -uall [302ms]
2024-06-18 10:52:13.971 [info] > git config --get commit.template [10ms]
2024-06-18 10:52:13.973 [info] > git for-each-ref --format=%(refname)%00%(upstream:short)%00%(objectname)%00%(upstream:track)%00%(upstream:remotename)%00%(upstream:remoteref) refs/heads/master refs/remotes/master [4ms]
2024-06-18 10:52:13.980 [warning] ENOENT: no such file or directory, open '/home/student/S03_CICD/.git/refs/remotes/origin/master'
2024-06-18 10:52:13.982 [info] > git rev-parse refs/remotes/origin/master [2ms]
2024-06-18 10:52:13.997 [info] > git status -z -uall [8ms]
2024-06-18 10:52:14.488 [info] > git config --get commit.template [6ms]
2024-06-18 10:52:14.491 [info] > git for-each-ref --format=%(refname)%00%(upstream:short)%00%(objectname)%00%(upstream:track)%00%(upstream:remotename)%00%(upstream:remoteref) refs/heads/main refs/remotes/main [4ms]
2024-06-18 10:52:14.739 [info] > git status -z -uall [240ms]
2024-06-18 10:52:19.893 [info] > git config --get commit.template [7ms]
2024-06-18 10:52:19.917 [info] > git for-each-ref --format=%(refname)%00%(upstream:short)%00%(objectname)%00%(upstream:track)%00%(upstream:remotename)%00%(upstream:remoteref) refs/heads/main refs/remotes/main [10ms]
2024-06-18 10:52:20.196 [info] > git status -z -uall [265ms]
2024-06-18 10:52:25.357 [info] > git config --get commit.template [12ms]
2024-06-18 10:52:25.362 [info] > git for-each-ref --format=%(refname)%00%(upstream:short)%00%(objectname)%00%(upstream:track)%00%(upstream:remotename)%00%(upstream:remoteref) refs/heads/main refs/remotes/main [6ms]
2024-06-18 10:52:25.753 [info] > git status -z -uall [378ms]
2024-06-18 10:52:30.995 [info] > git config --get commit.template [12ms]
2024-06-18 10:52:30.998 [info] > git for-each-ref --format=%(refname)%00%(upstream:short)%00%(objectname)%00%(upstream:track)%00%(upstream:remotename)%00%(upstream:remoteref) refs/heads/main refs/remotes/main [5ms]
2024-06-18 10:52:31.340 [info] > git status -z -uall [336ms]
2024-06-18 10:53:02.578 [info] > git config --get commit.template [7ms]
2024-06-18 10:53:02.583 [info] > git for-each-ref --format=%(refname)%00%(upstream:short)%00%(objectname)%00%(upstream:track)%00%(upstream:remotename)%00%(upstream:remoteref) refs/heads/main refs/remotes/main [6ms]
2024-06-18 10:53:02.914 [info] > git status -z -uall [317ms]
2024-06-18 10:53:07.761 [info] > git show --textconv :projet/frontend/package.json [9ms]
2024-06-18 10:53:07.763 [info] > git ls-files --stage -- /home/student/S03_CICD/projet/frontend/package.json [3ms]
2024-06-18 10:53:07.780 [info] > git cat-file -s 326e5b41a4f7ac72db96a81d1f7bd9ac3827882f [8ms]
2024-06-18 10:53:08.135 [info] > git config --get commit.template [8ms]
2024-06-18 10:53:08.139 [info] > git for-each-ref --format=%(refname)%00%(upstream:short)%00%(objectname)%00%(upstream:track)%00%(upstream:remotename)%00%(upstream:remoteref) refs/heads/main refs/remotes/main [5ms]
2024-06-18 10:53:08.437 [info] > git show --textconv :projet/backend/index.js [7ms]
2024-06-18 10:53:08.441 [info] > git ls-files --stage -- /home/student/S03_CICD/projet/backend/index.js [5ms]
2024-06-18 10:53:08.516 [info] > git status -z -uall [365ms]
2024-06-18 10:53:13.721 [info] > git config --get commit.template [13ms]
2024-06-18 10:53:13.726 [info] > git for-each-ref --format=%(refname)%00%(upstream:short)%00%(objectname)%00%(upstream:track)%00%(upstream:remotename)%00%(upstream:remoteref) refs/heads/main refs/remotes/main [5ms]
2024-06-18 10:53:13.821 [info] > git show --textconv :projet/backend/init.sql [26ms]
2024-06-18 10:53:13.830 [info] > git ls-files --stage -- /home/student/S03_CICD/projet/backend/init.sql [10ms]
2024-06-18 10:53:14.196 [info] > git status -z -uall [461ms]
2024-06-18 10:53:19.391 [info] > git config --get commit.template [7ms]
2024-06-18 10:53:19.401 [info] > git for-each-ref --format=%(refname)%00%(upstream:short)%00%(objectname)%00%(upstream:track)%00%(upstream:remotename)%00%(upstream:remoteref) refs/heads/main refs/remotes/main [12ms]
2024-06-18 10:53:19.719 [info] > git status -z -uall [305ms]
2024-06-18 10:53:24.888 [info] > git config --get commit.template [7ms]
2024-06-18 10:53:24.891 [info] > git for-each-ref --format=%(refname)%00%(upstream:short)%00%(objectname)%00%(upstream:track)%00%(upstream:remotename)%00%(upstream:remoteref) refs/heads/main refs/remotes/main [4ms]
2024-06-18 10:53:25.196 [info] > git status -z -uall [296ms]
2024-06-18 10:53:32.355 [info] > git config --get commit.template [8ms]
2024-06-18 10:53:32.358 [info] > git for-each-ref --format=%(refname)%00%(upstream:short)%00%(objectname)%00%(upstream:track)%00%(upstream:remotename)%00%(upstream:remoteref) refs/heads/main refs/remotes/main [4ms]
2024-06-18 10:53:32.633 [info] > git status -z -uall [268ms]
2024-06-18 10:53:37.793 [info] > git config --get commit.template [1ms]
2024-06-18 10:53:37.803 [info] > git for-each-ref --format=%(refname)%00%(upstream:short)%00%(objectname)%00%(upstream:track)%00%(upstream:remotename)%00%(upstream:remoteref) refs/heads/main refs/remotes/main [4ms]
2024-06-18 10:53:38.092 [info] > git status -z -uall [283ms]
2024-06-18 11:27:39.466 [info] > git config --get commit.template [7ms]
2024-06-18 11:27:39.469 [info] > git for-each-ref --format=%(refname)%00%(upstream:short)%00%(objectname)%00%(upstream:track)%00%(upstream:remotename)%00%(upstream:remoteref) refs/heads/main refs/remotes/main [4ms]
2024-06-18 11:27:39.876 [info] > git status -z -uall [393ms]
2024-06-18 11:27:45.242 [info] > git config --get commit.template [7ms]
2024-06-18 11:27:45.244 [info] > git for-each-ref --format=%(refname)%00%(upstream:short)%00%(objectname)%00%(upstream:track)%00%(upstream:remotename)%00%(upstream:remoteref) refs/heads/main refs/remotes/main [3ms]
2024-06-18 11:27:45.530 [info] > git status -z -uall [274ms]
2024-06-18 11:27:50.709 [info] > git config --get commit.template [9ms]
2024-06-18 11:27:50.712 [info] > git for-each-ref --format=%(refname)%00%(upstream:short)%00%(objectname)%00%(upstream:track)%00%(upstream:remotename)%00%(upstream:remoteref) refs/heads/main refs/remotes/main [4ms]
2024-06-18 11:27:51.021 [info] > git status -z -uall [303ms]
2024-06-18 11:27:53.482 [info] > git show --textconv :projet/docker-compose.yml [10ms]
2024-06-18 11:27:53.484 [info] > git ls-files --stage -- /home/student/S03_CICD/projet/docker-compose.yml [3ms]
2024-06-18 11:27:53.492 [info] > git cat-file -s edaebe619282101d7e72a657d56e0fc851ae1e59 [2ms]
2024-06-18 11:27:56.206 [info] > git config --get commit.template [6ms]
2024-06-18 11:27:56.209 [info] > git for-each-ref --format=%(refname)%00%(upstream:short)%00%(objectname)%00%(upstream:track)%00%(upstream:remotename)%00%(upstream:remoteref) refs/heads/main refs/remotes/main [4ms]
2024-06-18 11:27:56.512 [info] > git status -z -uall [295ms]
2024-06-18 11:28:00.766 [info] > git config --get commit.template [25ms]
2024-06-18 11:28:00.770 [info] > git for-each-ref --format=%(refname)%00%(upstream:short)%00%(objectname)%00%(upstream:track)%00%(upstream:remotename)%00%(upstream:remoteref) refs/heads/master refs/remotes/master [5ms]
2024-06-18 11:28:00.779 [warning] ENOENT: no such file or directory, open '/home/student/S03_CICD/.git/refs/remotes/origin/master'
2024-06-18 11:28:00.783 [info] > git rev-parse refs/remotes/origin/master [4ms]
2024-06-18 11:28:00.804 [info] > git status -z -uall [8ms]
2024-06-18 11:28:01.671 [info] > git config --get commit.template [7ms]
2024-06-18 11:28:01.674 [info] > git for-each-ref --format=%(refname)%00%(upstream:short)%00%(objectname)%00%(upstream:track)%00%(upstream:remotename)%00%(upstream:remoteref) refs/heads/main refs/remotes/main [3ms]
2024-06-18 11:28:01.984 [info] > git status -z -uall [299ms]
2024-06-18 11:28:05.853 [info] > git config --get commit.template [28ms]
2024-06-18 11:28:05.865 [info] > git for-each-ref --format=%(refname)%00%(upstream:short)%00%(objectname)%00%(upstream:track)%00%(upstream:remotename)%00%(upstream:remoteref) refs/heads/master refs/remotes/master [13ms]
2024-06-18 11:28:05.879 [warning] ENOENT: no such file or directory, open '/home/student/S03_CICD/.git/refs/remotes/origin/master'
2024-06-18 11:28:05.889 [info] > git rev-parse refs/remotes/origin/master [10ms]
2024-06-18 11:28:05.912 [info] > git status -z -uall [14ms]
2024-06-18 11:28:07.152 [info] > git config --get commit.template [8ms]
2024-06-18 11:28:07.155 [info] > git for-each-ref --format=%(refname)%00%(upstream:short)%00%(objectname)%00%(upstream:track)%00%(upstream:remotename)%00%(upstream:remoteref) refs/heads/main refs/remotes/main [3ms]
2024-06-18 11:28:07.436 [info] > git status -z -uall [274ms]
2024-06-18 11:28:12.617 [info] > git config --get commit.template [14ms]
2024-06-18 11:28:12.622 [info] > git for-each-ref --format=%(refname)%00%(upstream:short)%00%(objectname)%00%(upstream:track)%00%(upstream:remotename)%00%(upstream:remoteref) refs/heads/main refs/remotes/main [9ms]
2024-06-18 11:28:12.873 [info] > git status -z -uall [242ms]
2024-06-18 11:28:18.026 [info] > git config --get commit.template [11ms]
2024-06-18 11:28:18.029 [info] > git for-each-ref --format=%(refname)%00%(upstream:short)%00%(objectname)%00%(upstream:track)%00%(upstream:remotename)%00%(upstream:remoteref) refs/heads/main refs/remotes/main [4ms]
2024-06-18 11:28:18.281 [info] > git status -z -uall [244ms]
2024-06-18 11:28:24.549 [info] > git config --get commit.template [17ms]
2024-06-18 11:28:24.553 [info] > git for-each-ref --format=%(refname)%00%(upstream:short)%00%(objectname)%00%(upstream:track)%00%(upstream:remotename)%00%(upstream:remoteref) refs/heads/main refs/remotes/main [8ms]
2024-06-18 11:28:24.870 [info] > git status -z -uall [310ms]
2024-06-18 11:28:30.019 [info] > git config --get commit.template [7ms]
2024-06-18 11:28:30.022 [info] > git for-each-ref --format=%(refname)%00%(upstream:short)%00%(objectname)%00%(upstream:track)%00%(upstream:remotename)%00%(upstream:remoteref) refs/heads/main refs/remotes/main [4ms]
2024-06-18 11:28:30.320 [info] > git status -z -uall [292ms]
2024-06-18 11:28:35.487 [info] > git config --get commit.template [10ms]
2024-06-18 11:28:35.492 [info] > git for-each-ref --format=%(refname)%00%(upstream:short)%00%(objectname)%00%(upstream:track)%00%(upstream:remotename)%00%(upstream:remoteref) refs/heads/main refs/remotes/main [6ms]
2024-06-18 11:28:35.892 [info] > git status -z -uall [392ms]
2024-06-18 11:28:41.127 [info] > git config --get commit.template [13ms]
2024-06-18 11:28:41.131 [info] > git for-each-ref --format=%(refname)%00%(upstream:short)%00%(objectname)%00%(upstream:track)%00%(upstream:remotename)%00%(upstream:remoteref) refs/heads/main refs/remotes/main [7ms]
2024-06-18 11:28:41.479 [info] > git status -z -uall [340ms]
2024-06-18 11:28:46.688 [info] > git config --get commit.template [9ms]
2024-06-18 11:28:46.694 [info] > git for-each-ref --format=%(refname)%00%(upstream:short)%00%(objectname)%00%(upstream:track)%00%(upstream:remotename)%00%(upstream:remoteref) refs/heads/main refs/remotes/main [6ms]
2024-06-18 11:28:47.085 [info] > git status -z -uall [380ms]
2024-06-18 11:28:52.283 [info] > git config --get commit.template [6ms]
2024-06-18 11:28:52.286 [info] > git for-each-ref --format=%(refname)%00%(upstream:short)%00%(objectname)%00%(upstream:track)%00%(upstream:remotename)%00%(upstream:remoteref) refs/heads/main refs/remotes/main [3ms]
2024-06-18 11:28:52.675 [info] > git status -z -uall [383ms]
2024-06-18 11:28:58.007 [info] > git config --get commit.template [7ms]
2024-06-18 11:28:58.016 [info] > git for-each-ref --format=%(refname)%00%(upstream:short)%00%(objectname)%00%(upstream:track)%00%(upstream:remotename)%00%(upstream:remoteref) refs/heads/main refs/remotes/main [10ms]
2024-06-18 11:28:58.333 [info] > git status -z -uall [311ms]
2024-06-18 11:30:01.822 [info] > git config --get commit.template [18ms]
2024-06-18 11:30:01.832 [info] > git for-each-ref --format=%(refname)%00%(upstream:short)%00%(objectname)%00%(upstream:track)%00%(upstream:remotename)%00%(upstream:remoteref) refs/heads/main refs/remotes/main [10ms]
2024-06-18 11:30:02.311 [info] > git status -z -uall [467ms]
2024-06-18 11:30:07.759 [info] > git config --get commit.template [12ms]
2024-06-18 11:30:07.765 [info] > git for-each-ref --format=%(refname)%00%(upstream:short)%00%(objectname)%00%(upstream:track)%00%(upstream:remotename)%00%(upstream:remoteref) refs/heads/main refs/remotes/main [8ms]
2024-06-18 11:30:08.186 [info] > git status -z -uall [409ms]
2024-06-18 11:30:41.829 [info] > git config --get commit.template [8ms]
2024-06-18 11:30:41.853 [info] > git for-each-ref --format=%(refname)%00%(upstream:short)%00%(objectname)%00%(upstream:track)%00%(upstream:remotename)%00%(upstream:remoteref) refs/heads/main refs/remotes/main [17ms]
2024-06-18 11:30:41.853 [info] > git config --get commit.template [25ms]
2024-06-18 11:30:41.861 [info] > git for-each-ref --format=%(refname)%00%(upstream:short)%00%(objectname)%00%(upstream:track)%00%(upstream:remotename)%00%(upstream:remoteref) refs/heads/master refs/remotes/master [9ms]
2024-06-18 11:30:41.869 [warning] ENOENT: no such file or directory, open '/home/student/S03_CICD/.git/refs/remotes/origin/master'
2024-06-18 11:30:41.892 [info] > git rev-parse refs/remotes/origin/master [23ms]
2024-06-18 11:30:41.918 [info] > git status -z -uall [15ms]
2024-06-18 11:30:42.234 [info] > git status -z -uall [374ms]
2024-06-18 11:31:14.425 [info] > git config --get commit.template [6ms]
2024-06-18 11:31:14.428 [info] > git for-each-ref --format=%(refname)%00%(upstream:short)%00%(objectname)%00%(upstream:track)%00%(upstream:remotename)%00%(upstream:remoteref) refs/heads/main refs/remotes/main [4ms]
2024-06-18 11:31:14.749 [info] > git status -z -uall [312ms]
2024-06-18 11:31:44.119 [info] > git config --get commit.template [8ms]
2024-06-18 11:31:44.121 [info] > git for-each-ref --format=%(refname)%00%(upstream:short)%00%(objectname)%00%(upstream:track)%00%(upstream:remotename)%00%(upstream:remoteref) refs/heads/main refs/remotes/main [4ms]
2024-06-18 11:31:44.425 [info] > git status -z -uall [296ms]
2024-06-18 11:32:25.373 [info] > git config --get commit.template [6ms]
2024-06-18 11:32:25.376 [info] > git for-each-ref --format=%(refname)%00%(upstream:short)%00%(objectname)%00%(upstream:track)%00%(upstream:remotename)%00%(upstream:remoteref) refs/heads/main refs/remotes/main [4ms]
2024-06-18 11:32:25.653 [info] > git status -z -uall [271ms]
2024-06-18 11:32:30.876 [info] > git config --get commit.template [20ms]
2024-06-18 11:32:30.877 [info] > git for-each-ref --format=%(refname)%00%(upstream:short)%00%(objectname)%00%(upstream:track)%00%(upstream:remotename)%00%(upstream:remoteref) refs/heads/main refs/remotes/main [5ms]
2024-06-18 11:32:31.166 [info] > git status -z -uall [282ms]
2024-06-18 11:32:34.644 [info] > git config --get commit.template [8ms]
2024-06-18 11:32:34.647 [info] > git for-each-ref --format=%(refname)%00%(upstream:short)%00%(objectname)%00%(upstream:track)%00%(upstream:remotename)%00%(upstream:remoteref) refs/heads/master refs/remotes/master [4ms]
2024-06-18 11:32:34.654 [warning] ENOENT: no such file or directory, open '/home/student/S03_CICD/.git/refs/remotes/origin/master'
2024-06-18 11:32:34.656 [info] > git rev-parse refs/remotes/origin/master [3ms]
2024-06-18 11:32:34.673 [info] > git status -z -uall [12ms]
2024-06-18 11:32:36.346 [info] > git config --get commit.template [8ms]
2024-06-18 11:32:36.349 [info] > git for-each-ref --format=%(refname)%00%(upstream:short)%00%(objectname)%00%(upstream:track)%00%(upstream:remotename)%00%(upstream:remoteref) refs/heads/main refs/remotes/main [4ms]
2024-06-18 11:32:36.649 [info] > git status -z -uall [294ms]
2024-06-18 11:33:06.505 [info] > git config --get commit.template [15ms]
2024-06-18 11:33:06.518 [info] > git for-each-ref --format=%(refname)%00%(upstream:short)%00%(objectname)%00%(upstream:track)%00%(upstream:remotename)%00%(upstream:remoteref) refs/heads/master refs/remotes/master [8ms]
2024-06-18 11:33:06.519 [info] > git config --get commit.template [14ms]
2024-06-18 11:33:06.524 [warning] ENOENT: no such file or directory, open '/home/student/S03_CICD/.git/refs/remotes/origin/master'
2024-06-18 11:33:06.525 [info] > git for-each-ref --format=%(refname)%00%(upstream:short)%00%(objectname)%00%(upstream:track)%00%(upstream:remotename)%00%(upstream:remoteref) refs/heads/main refs/remotes/main [8ms]
2024-06-18 11:33:06.528 [info] > git rev-parse refs/remotes/origin/master [3ms]
2024-06-18 11:33:06.564 [info] > git status -z -uall [24ms]
2024-06-18 11:33:06.951 [info] > git status -z -uall [388ms]
2024-06-18 11:33:12.163 [info] > git config --get commit.template [8ms]
2024-06-18 11:33:12.167 [info] > git for-each-ref --format=%(refname)%00%(upstream:short)%00%(objectname)%00%(upstream:track)%00%(upstream:remotename)%00%(upstream:remoteref) refs/heads/main refs/remotes/main [4ms]
2024-06-18 11:33:12.452 [info] > git status -z -uall [278ms]
2024-06-18 11:33:17.613 [info] > git config --get commit.template [15ms]
2024-06-18 11:33:17.621 [info] > git for-each-ref --format=%(refname)%00%(upstream:short)%00%(objectname)%00%(upstream:track)%00%(upstream:remotename)%00%(upstream:remoteref) refs/heads/main refs/remotes/main [9ms]
2024-06-18 11:33:17.982 [info] > git status -z -uall [351ms]
2024-06-18 11:33:23.156 [info] > git config --get commit.template [7ms]
2024-06-18 11:33:23.159 [info] > git for-each-ref --format=%(refname)%00%(upstream:short)%00%(objectname)%00%(upstream:track)%00%(upstream:remotename)%00%(upstream:remoteref) refs/heads/main refs/remotes/main [4ms]
2024-06-18 11:33:23.405 [info] > git status -z -uall [240ms]
2024-06-18 11:33:29.101 [info] > git config --get commit.template [4ms]
2024-06-18 11:33:29.110 [info] > git for-each-ref --format=%(refname)%00%(upstream:short)%00%(objectname)%00%(upstream:track)%00%(upstream:remotename)%00%(upstream:remoteref) refs/heads/main refs/remotes/main [3ms]
2024-06-18 11:33:29.349 [info] > git status -z -uall [233ms]
2024-06-18 11:33:34.504 [info] > git config --get commit.template [11ms]
2024-06-18 11:33:34.506 [info] > git for-each-ref --format=%(refname)%00%(upstream:short)%00%(objectname)%00%(upstream:track)%00%(upstream:remotename)%00%(upstream:remoteref) refs/heads/main refs/remotes/main [5ms]
2024-06-18 11:33:34.754 [info] > git status -z -uall [241ms]
2024-06-18 11:33:39.893 [info] > git config --get commit.template [4ms]
2024-06-18 11:33:39.903 [info] > git for-each-ref --format=%(refname)%00%(upstream:short)%00%(objectname)%00%(upstream:track)%00%(upstream:remotename)%00%(upstream:remoteref) refs/heads/main refs/remotes/main [4ms]
2024-06-18 11:33:40.207 [info] > git status -z -uall [296ms]
2024-06-18 11:33:45.391 [info] > git config --get commit.template [7ms]
2024-06-18 11:33:45.392 [info] > git for-each-ref --format=%(refname)%00%(upstream:short)%00%(objectname)%00%(upstream:track)%00%(upstream:remotename)%00%(upstream:remoteref) refs/heads/main refs/remotes/main [5ms]
2024-06-18 11:33:45.632 [info] > git status -z -uall [234ms]
2024-06-18 11:33:50.777 [info] > git config --get commit.template [8ms]
2024-06-18 11:33:50.786 [info] > git for-each-ref --format=%(refname)%00%(upstream:short)%00%(objectname)%00%(upstream:track)%00%(upstream:remotename)%00%(upstream:remoteref) refs/heads/main refs/remotes/main [10ms]
2024-06-18 11:33:51.070 [info] > git status -z -uall [276ms]
2024-06-18 11:33:56.267 [info] > git config --get commit.template [8ms]
2024-06-18 11:33:56.272 [info] > git for-each-ref --format=%(refname)%00%(upstream:short)%00%(objectname)%00%(upstream:track)%00%(upstream:remotename)%00%(upstream:remoteref) refs/heads/main refs/remotes/main [5ms]
2024-06-18 11:33:56.691 [info] > git status -z -uall [409ms]
2024-06-18 11:35:00.652 [info] > git config --get commit.template [8ms]
2024-06-18 11:35:00.655 [info] > git for-each-ref --format=%(refname)%00%(upstream:short)%00%(objectname)%00%(upstream:track)%00%(upstream:remotename)%00%(upstream:remoteref) refs/heads/main refs/remotes/main [5ms]
2024-06-18 11:35:01.011 [info] > git status -z -uall [349ms]
2024-06-18 11:36:34.170 [info] > git config --get commit.template [6ms]
2024-06-18 11:36:34.182 [info] > git for-each-ref --format=%(refname)%00%(upstream:short)%00%(objectname)%00%(upstream:track)%00%(upstream:remotename)%00%(upstream:remoteref) refs/heads/main refs/remotes/main [6ms]
2024-06-18 11:36:34.182 [info] > git config --get commit.template [14ms]
2024-06-18 11:36:34.189 [info] > git for-each-ref --format=%(refname)%00%(upstream:short)%00%(objectname)%00%(upstream:track)%00%(upstream:remotename)%00%(upstream:remoteref) refs/heads/master refs/remotes/master [7ms]
2024-06-18 11:36:34.194 [warning] ENOENT: no such file or directory, open '/home/student/S03_CICD/.git/refs/remotes/origin/master'
2024-06-18 11:36:34.197 [info] > git rev-parse refs/remotes/origin/master [3ms]
2024-06-18 11:36:34.233 [info] > git status -z -uall [10ms]
2024-06-18 11:36:34.517 [info] > git status -z -uall [329ms]
