2024-05-31 13:53:39.495 [info] Niveau de journal : Info
2024-05-31 13:53:39.496 [info] Validation du git trouvé dans : «git»
2024-05-31 13:53:39.500 [info] Utilisation de git «2.34.1» à partir de «git»
2024-05-31 13:53:39.501 [info] > git rev-parse --show-toplevel [14ms]
2024-05-31 13:53:39.502 [info] > git rev-parse --git-dir --git-common-dir [4ms]
2024-05-31 13:53:39.503 [info] Open repository: /home/student/S03_challenge_E03-cedricRGT45
2024-05-31 13:53:39.504 [info] > git config --get commit.template [12ms]
2024-05-31 13:53:39.504 [info] > git rev-parse --show-toplevel [5ms]
2024-05-31 13:53:39.505 [info] > git for-each-ref --format=%(refname)%00%(upstream:short)%00%(objectname)%00%(upstream:track)%00%(upstream:remotename)%00%(upstream:remoteref) refs/heads/master refs/remotes/master [14ms]
2024-05-31 13:53:39.505 [info] > git rev-parse --show-toplevel [3ms]
2024-05-31 13:53:39.506 [info] > git rev-parse --show-toplevel [15ms]
2024-05-31 13:53:39.506 [info] > git status -z -uall [14ms]
2024-05-31 13:53:39.507 [info] > git merge-base refs/heads/master refs/remotes/origin/master [24ms]
2024-05-31 13:53:39.507 [info] > git rev-parse --show-toplevel [50ms]
2024-05-31 13:53:39.508 [info] > git config --get commit.template [24ms]
2024-05-31 13:53:39.508 [info] > git rev-list --count --left-right refs/heads/master...refs/remotes/origin/master [20ms]
2024-05-31 13:53:39.509 [info] > git rev-parse --show-toplevel [30ms]
2024-05-31 13:53:39.509 [info] > git for-each-ref --format=%(refname)%00%(upstream:short)%00%(objectname)%00%(upstream:track)%00%(upstream:remotename)%00%(upstream:remoteref) refs/heads/master refs/remotes/master [8ms]
2024-05-31 13:53:39.510 [info] > git diff --name-status -z --diff-filter=ADMR 975a3b72ecb66730915a439ab1fcef8b86382076...refs/remotes/origin/master [19ms]
2024-05-31 13:53:39.510 [info] > git status -z -uall [24ms]
2024-05-31 13:53:40.207 [info] > git check-ignore -v -z --stdin [47ms]
2024-05-31 13:53:40.210 [info] > git show --textconv :projet/backend/Dockerfile [21ms]
2024-05-31 13:53:40.216 [info] > git ls-files --stage -- /home/student/S03_challenge_E03-cedricRGT45/projet/backend/Dockerfile [13ms]
2024-05-31 13:53:40.268 [info] > git cat-file -s 3b5b3be33990ac091798b0e58faccedf0bcb0f78 [12ms]
2024-05-31 13:53:46.531 [info] > git check-ignore -v -z --stdin [3ms]
2024-05-31 13:53:49.084 [info] > git show --textconv :projet/frontend/Dockerfile [14ms]
2024-05-31 13:53:49.086 [info] > git ls-files --stage -- /home/student/S03_challenge_E03-cedricRGT45/projet/frontend/Dockerfile [3ms]
2024-05-31 13:53:49.100 [info] > git cat-file -s 8657f9aa7aacda291d6c38703a12ecbc25826316 [3ms]
2024-05-31 13:53:53.581 [info] > git config --get commit.template [15ms]
2024-05-31 13:53:53.583 [info] > git for-each-ref --format=%(refname)%00%(upstream:short)%00%(objectname)%00%(upstream:track)%00%(upstream:remotename)%00%(upstream:remoteref) refs/heads/master refs/remotes/master [3ms]
2024-05-31 13:53:53.601 [info] > git status -z -uall [4ms]
2024-05-31 13:53:54.180 [info] > git show --textconv :projet/docker-compose.yml [16ms]
2024-05-31 13:53:54.183 [info] > git ls-files --stage -- /home/student/S03_challenge_E03-cedricRGT45/projet/docker-compose.yml [5ms]
2024-05-31 13:53:54.199 [info] > git cat-file -s f5ed10c6a9d62cdddd49e3db4b9ba09b8bc834c7 [3ms]
2024-05-31 13:54:01.334 [info] > git config --get commit.template [14ms]
2024-05-31 13:54:01.339 [info] > git for-each-ref --format=%(refname)%00%(upstream:short)%00%(objectname)%00%(upstream:track)%00%(upstream:remotename)%00%(upstream:remoteref) refs/heads/master refs/remotes/master [5ms]
2024-05-31 13:54:01.359 [info] > git status -z -uall [5ms]
