2024-05-31 13:32:01.574 [info] Log level: Info
2024-05-31 13:32:01.575 [info] Validating found git in: "git"
2024-05-31 13:32:01.576 [info] Using git "2.34.1" from "git"
2024-05-31 13:32:01.579 [info] > git rev-parse --show-toplevel [5ms]
2024-05-31 13:32:01.580 [info] > git rev-parse --git-dir --git-common-dir [5ms]
2024-05-31 13:32:01.581 [info] Open repository: /home/student
2024-05-31 13:32:01.582 [info] > git config --get commit.template [15ms]
2024-05-31 13:32:01.583 [info] > git rev-parse --show-toplevel [3ms]
2024-05-31 13:32:01.584 [info] > git for-each-ref --format=%(refname)%00%(upstream:short)%00%(objectname)%00%(upstream:track)%00%(upstream:remotename)%00%(upstream:remoteref) refs/heads/main refs/remotes/main [3ms]
2024-05-31 13:32:01.584 [info] > git rev-parse --show-toplevel [22ms]
2024-05-31 13:32:01.585 [info] > git rev-parse --show-toplevel [16ms]
2024-05-31 13:32:01.585 [info] > git rev-parse --show-toplevel [3ms]
2024-05-31 13:32:01.585 [info] > git rev-parse --show-toplevel [4ms]
2024-05-31 13:32:01.585 [info] > git rev-parse --show-toplevel [3ms]
2024-05-31 13:32:01.585 [info] > git rev-parse --show-toplevel [3ms]
2024-05-31 13:32:01.585 [info] > git rev-parse --show-toplevel [6ms]
2024-05-31 13:32:01.585 [info] > git rev-parse --show-toplevel [3ms]
2024-05-31 13:32:01.585 [info] > git rev-parse --show-toplevel [4ms]
2024-05-31 13:32:01.585 [info] > git rev-parse --show-toplevel [7ms]
2024-05-31 13:32:01.585 [info] > git rev-parse --git-dir --git-common-dir [3ms]
2024-05-31 13:32:01.585 [info] Open repository: /home/student/S02_Coclock_working_challenge_E01-cedricRGT45
2024-05-31 13:32:01.585 [info] > git config --get commit.template [16ms]
2024-05-31 13:32:01.585 [info] > git rev-parse --show-toplevel [16ms]
2024-05-31 13:32:01.585 [info] > git for-each-ref --format=%(refname)%00%(upstream:short)%00%(objectname)%00%(upstream:track)%00%(upstream:remotename)%00%(upstream:remoteref) refs/heads/master refs/remotes/master [19ms]
2024-05-31 13:32:01.585 [warning] ENOENT: no such file or directory, open '/home/student/S02_Coclock_working_challenge_E01-cedricRGT45/.git/refs/remotes/origin/master'
2024-05-31 13:32:01.585 [info] > git rev-parse --git-dir --git-common-dir [18ms]
2024-05-31 13:32:01.585 [info] Open repository: /home/student/S03_CICD_archi_frontend
2024-05-31 13:32:01.585 [info] > git rev-parse refs/remotes/origin/master [57ms]
2024-05-31 13:32:01.585 [info] > git rev-parse --show-toplevel [37ms]
2024-05-31 13:32:01.585 [info] > git config --get commit.template [51ms]
2024-05-31 13:32:01.585 [info] > git status -z -uall [184ms]
2024-05-31 13:32:01.585 [info] > git for-each-ref --format=%(refname)%00%(upstream:short)%00%(objectname)%00%(upstream:track)%00%(upstream:remotename)%00%(upstream:remoteref) refs/heads/master refs/remotes/master [114ms]
2024-05-31 13:32:01.585 [info] > git rev-parse --git-dir --git-common-dir [175ms]
2024-05-31 13:32:01.585 [info] Open repository: /home/student/S03_challenge_E03-cedricRGT45
2024-05-31 13:32:01.585 [warning] ENOENT: no such file or directory, open '/home/student/S03_CICD_archi_frontend/.git/refs/remotes/origin/master'
2024-05-31 13:32:01.585 [info] > git merge-base refs/heads/master refs/remotes/origin/master [103ms]
2024-05-31 13:32:01.585 [info] > git rev-parse --show-toplevel [37ms]
2024-05-31 13:32:01.585 [info] > git config --get commit.template [57ms]
2024-05-31 13:32:01.585 [info] > git config --get commit.template [86ms]
2024-05-31 13:32:01.585 [info] > git rev-parse refs/remotes/origin/master [103ms]
2024-05-31 13:32:01.585 [info] > git status -z -uall [13ms]
2024-05-31 13:32:01.585 [info] > git rev-list --count --left-right refs/heads/master...refs/remotes/origin/master [39ms]
2024-05-31 13:32:01.585 [info] > git merge-base refs/heads/master refs/remotes/origin/master [41ms]
2024-05-31 13:32:01.585 [info] > git for-each-ref --format=%(refname)%00%(upstream:short)%00%(objectname)%00%(upstream:track)%00%(upstream:remotename)%00%(upstream:remoteref) refs/heads/master refs/remotes/master [78ms]
2024-05-31 13:32:01.585 [info] > git for-each-ref --format=%(refname)%00%(upstream:short)%00%(objectname)%00%(upstream:track)%00%(upstream:remotename)%00%(upstream:remoteref) refs/heads/master refs/remotes/master [98ms]
2024-05-31 13:32:01.585 [info] > git diff --name-status -z --diff-filter=ADMR c2231ce522b0b531a34f233a6c1944226e16b1f1...refs/remotes/origin/master [113ms]
2024-05-31 13:32:01.588 [info] > git config --get commit.template [34ms]
2024-05-31 13:32:01.606 [warning] ENOENT: no such file or directory, open '/home/student/S02_Coclock_working_challenge_E01-cedricRGT45/.git/refs/remotes/origin/master'
2024-05-31 13:32:01.682 [info] > git rev-parse refs/remotes/origin/master [76ms]
2024-05-31 13:32:01.703 [info] > git rev-list --count --left-right refs/heads/master...refs/remotes/origin/master [132ms]
2024-05-31 13:32:01.767 [info] > git for-each-ref --format=%(refname)%00%(upstream:short)%00%(objectname)%00%(upstream:track)%00%(upstream:remotename)%00%(upstream:remoteref) refs/heads/master refs/remotes/master [87ms]
2024-05-31 13:32:01.787 [warning] ENOENT: no such file or directory, open '/home/student/S03_CICD_archi_frontend/.git/refs/remotes/origin/master'
2024-05-31 13:32:01.789 [info] > git diff --name-status -z --diff-filter=ADMR 4c00948e25e702a642836f79638d3d376e03e5ea...refs/remotes/origin/master [65ms]
2024-05-31 13:32:01.791 [info] > git status -z -uall [26ms]
2024-05-31 13:32:01.863 [info] > git merge-base refs/heads/master refs/remotes/origin/master [40ms]
2024-05-31 13:32:01.884 [info] > git rev-parse refs/remotes/origin/master [97ms]
2024-05-31 13:32:01.924 [info] > git status -z -uall [222ms]
2024-05-31 13:32:01.929 [info] > git rev-list --count --left-right refs/heads/master...refs/remotes/origin/master [45ms]
2024-05-31 13:32:01.945 [info] > git config --get commit.template [83ms]
2024-05-31 13:32:01.954 [info] > git status -z -uall [47ms]
2024-05-31 13:32:01.982 [info] > git diff --name-status -z --diff-filter=ADMR 975a3b72ecb66730915a439ab1fcef8b86382076...refs/remotes/origin/master [38ms]
2024-05-31 13:32:01.992 [info] > git for-each-ref --format=%(refname)%00%(upstream:short)%00%(objectname)%00%(upstream:track)%00%(upstream:remotename)%00%(upstream:remoteref) refs/heads/master refs/remotes/master [15ms]
2024-05-31 13:32:02.019 [info] > git status -z -uall [6ms]
2024-05-31 13:32:02.720 [info] > git status -z -uall [1989ms] (cancelled)
2024-05-31 13:33:35.807 [info] > git check-ignore -v -z --stdin [47ms]
2024-05-31 13:33:35.808 [info] > git check-ignore -v -z --stdin [34ms]
2024-05-31 13:33:35.809 [info] > git check-ignore -v -z --stdin [22ms]
2024-05-31 13:33:35.810 [info] > git check-ignore -v -z --stdin [8ms]
2024-05-31 13:34:05.247 [info] > git check-ignore -v -z --stdin [1ms]
2024-05-31 13:34:07.921 [info] > git show --textconv :projet/docker-compose.yml [23ms]
2024-05-31 13:34:07.923 [info] > git ls-files --stage -- /home/student/S03_challenge_E03-cedricRGT45/projet/docker-compose.yml [3ms]
2024-05-31 13:34:07.937 [info] > git cat-file -s f5ed10c6a9d62cdddd49e3db4b9ba09b8bc834c7 [3ms]
2024-05-31 13:34:44.436 [info] > git check-ignore -v -z --stdin [2ms]
2024-05-31 13:34:46.214 [info] > git show --textconv :projet/backend/Dockerfile [18ms]
2024-05-31 13:34:46.216 [info] > git ls-files --stage -- /home/student/S03_challenge_E03-cedricRGT45/projet/backend/Dockerfile [7ms]
2024-05-31 13:34:46.231 [info] > git cat-file -s 3b5b3be33990ac091798b0e58faccedf0bcb0f78 [2ms]
2024-05-31 13:34:50.672 [info] > git check-ignore -v -z --stdin [2ms]
2024-05-31 13:34:54.765 [info] > git show --textconv :projet/frontend/Dockerfile [23ms]
2024-05-31 13:34:54.771 [info] > git ls-files --stage -- /home/student/S03_challenge_E03-cedricRGT45/projet/frontend/Dockerfile [12ms]
2024-05-31 13:34:54.803 [info] > git cat-file -s 8657f9aa7aacda291d6c38703a12ecbc25826316 [8ms]
2024-05-31 13:35:02.434 [info] > git show --textconv :projet/backend/Dockerfile [16ms]
2024-05-31 13:35:02.436 [info] > git ls-files --stage -- /home/student/S03_challenge_E03-cedricRGT45/projet/backend/Dockerfile [4ms]
2024-05-31 13:35:02.454 [info] > git cat-file -s 3b5b3be33990ac091798b0e58faccedf0bcb0f78 [3ms]
2024-05-31 13:35:13.400 [info] > git show --textconv :projet/docker-compose.yml [16ms]
2024-05-31 13:35:13.402 [info] > git ls-files --stage -- /home/student/S03_challenge_E03-cedricRGT45/projet/docker-compose.yml [5ms]
2024-05-31 13:35:13.425 [info] > git cat-file -s f5ed10c6a9d62cdddd49e3db4b9ba09b8bc834c7 [10ms]
