2024-06-17 10:16:25.966 [info] Log level: Info
2024-06-17 10:16:25.966 [info] Validating found git in: "git"
2024-06-17 10:16:25.966 [info] Using git "2.34.1" from "git"
2024-06-17 10:16:25.966 [info] > git rev-parse --show-toplevel [9ms]
2024-06-17 10:16:25.966 [info] fatal: not a git repository (or any of the parent directories): .git
2024-06-17 10:16:25.966 [info] > git rev-parse --show-toplevel [4ms]
2024-06-17 10:16:25.966 [info] fatal: not a git repository (or any of the parent directories): .git
2024-06-17 10:16:25.997 [info] > git rev-parse --show-toplevel [31ms]
2024-06-17 10:16:25.997 [info] fatal: not a git repository (or any parent up to mount point /)
Stopping at filesystem boundary (GIT_DISCOVERY_ACROSS_FILESYSTEM not set).
2024-06-17 10:16:26.100 [info] > git rev-parse --show-toplevel [98ms]
2024-06-17 10:16:26.100 [info] fatal: not a git repository (or any of the parent directories): .git
2024-06-17 10:16:26.108 [info] > git rev-parse --show-toplevel [2ms]
2024-06-17 10:16:26.108 [info] fatal: not a git repository (or any of the parent directories): .git
2024-06-17 10:16:26.121 [info] > git rev-parse --show-toplevel [3ms]
2024-06-17 10:16:26.121 [info] fatal: not a git repository (or any of the parent directories): .git
2024-06-17 10:16:26.131 [info] > git rev-parse --show-toplevel [5ms]
2024-06-17 10:16:26.131 [info] fatal: not a git repository (or any of the parent directories): .git
2024-06-17 10:16:26.138 [info] > git rev-parse --show-toplevel [2ms]
2024-06-17 10:16:26.138 [info] fatal: not a git repository (or any of the parent directories): .git
2024-06-17 10:16:26.145 [info] > git rev-parse --show-toplevel [2ms]
2024-06-17 10:16:26.145 [info] fatal: not a git repository (or any parent up to mount point /)
Stopping at filesystem boundary (GIT_DISCOVERY_ACROSS_FILESYSTEM not set).
2024-06-17 10:16:26.168 [info] > git rev-parse --show-toplevel [14ms]
2024-06-17 10:16:26.168 [info] fatal: not a git repository (or any parent up to mount point /)
Stopping at filesystem boundary (GIT_DISCOVERY_ACROSS_FILESYSTEM not set).
2024-06-17 10:16:26.183 [info] > git rev-parse --show-toplevel [4ms]
2024-06-17 10:16:26.183 [info] fatal: not a git repository (or any of the parent directories): .git
2024-06-17 10:16:26.200 [info] > git rev-parse --show-toplevel [11ms]
2024-06-17 10:16:26.200 [info] fatal: not a git repository (or any of the parent directories): .git
2024-06-17 10:16:26.209 [info] > git rev-parse --show-toplevel [3ms]
2024-06-17 10:16:26.209 [info] fatal: not a git repository (or any parent up to mount point /)
Stopping at filesystem boundary (GIT_DISCOVERY_ACROSS_FILESYSTEM not set).
2024-06-17 10:16:26.218 [info] > git rev-parse --show-toplevel [3ms]
2024-06-17 10:16:26.218 [info] fatal: not a git repository (or any of the parent directories): .git
2024-06-17 10:16:26.233 [info] > git rev-parse --show-toplevel [3ms]
2024-06-17 10:16:26.233 [info] fatal: not a git repository (or any of the parent directories): .git
2024-06-17 10:16:26.242 [info] > git rev-parse --show-toplevel [3ms]
2024-06-17 10:16:26.242 [info] fatal: not a git repository (or any of the parent directories): .git
2024-06-17 10:16:31.157 [info] > git rev-parse --show-toplevel [14ms]
2024-06-17 10:16:31.157 [info] fatal: not a git repository (or any of the parent directories): .git
2024-06-17 10:16:38.720 [info] > git rev-parse --show-toplevel [3ms]
2024-06-17 10:16:38.720 [info] fatal: not a git repository (or any of the parent directories): .git
