2024-06-02 12:17:55.432 [info] Log level: Info
2024-06-02 12:17:55.432 [info] Validating found git in: "git"
2024-06-02 12:17:55.432 [info] Using git "2.34.1" from "git"
2024-06-02 12:17:55.432 [info] > git rev-parse --show-toplevel [15ms]
2024-06-02 12:17:55.432 [info] > git rev-parse --git-dir --git-common-dir [2ms]
2024-06-02 12:17:55.432 [info] Open repository: /home/student
2024-06-02 12:17:55.432 [info] > git config --get commit.template [9ms]
2024-06-02 12:17:55.432 [info] > git rev-parse --show-toplevel [13ms]
2024-06-02 12:17:55.432 [info] > git rev-parse --git-dir --git-common-dir [2ms]
2024-06-02 12:17:55.432 [info] Open repository: /home/student/S03_challenge_E03-cedricRGT45
2024-06-02 12:17:55.432 [info] > git for-each-ref --format=%(refname)%00%(upstream:short)%00%(objectname)%00%(upstream:track)%00%(upstream:remotename)%00%(upstream:remoteref) refs/heads/main refs/remotes/main [44ms]
2024-06-02 12:17:55.432 [info] > git rev-parse --show-toplevel [8ms]
2024-06-02 12:17:55.432 [info] > git config --get commit.template [17ms]
2024-06-02 12:17:55.432 [info] > git rev-parse --show-toplevel [22ms]
2024-06-02 12:17:55.432 [info] > git for-each-ref --format=%(refname)%00%(upstream:short)%00%(objectname)%00%(upstream:track)%00%(upstream:remotename)%00%(upstream:remoteref) refs/heads/master refs/remotes/master [22ms]
2024-06-02 12:17:55.432 [info] > git rev-parse --show-toplevel [2ms]
2024-06-02 12:17:55.432 [info] > git rev-parse --show-toplevel [11ms]
2024-06-02 12:17:55.432 [info] > git rev-parse --show-toplevel [8ms]
2024-06-02 12:17:55.432 [info] > git rev-parse --show-toplevel [3ms]
2024-06-02 12:17:55.432 [info] > git status -z -uall [63ms]
2024-06-02 12:17:55.432 [info] > git merge-base refs/heads/master refs/remotes/origin/master [26ms]
2024-06-02 12:17:55.432 [info] > git rev-parse --show-toplevel [57ms]
2024-06-02 12:17:55.432 [info] > git config --get commit.template [16ms]
2024-06-02 12:17:55.432 [info] > git rev-list --count --left-right refs/heads/master...refs/remotes/origin/master [24ms]
2024-06-02 12:17:55.432 [info] > git rev-parse --show-toplevel [22ms]
2024-06-02 12:17:55.432 [info] > git for-each-ref --format=%(refname)%00%(upstream:short)%00%(objectname)%00%(upstream:track)%00%(upstream:remotename)%00%(upstream:remoteref) refs/heads/master refs/remotes/master [30ms]
2024-06-02 12:17:55.432 [info] > git rev-parse --show-toplevel [66ms]
2024-06-02 12:17:55.432 [info] > git diff --name-status -z --diff-filter=ADMR 975a3b72ecb66730915a439ab1fcef8b86382076...refs/remotes/origin/master [82ms]
2024-06-02 12:17:55.432 [info] > git rev-parse --show-toplevel [18ms]
2024-06-02 12:17:55.432 [info] > git status -z -uall [13ms]
2024-06-02 12:17:55.432 [info] > git rev-parse --show-toplevel [29ms]
2024-06-02 12:17:55.432 [info] > git rev-parse --git-dir --git-common-dir [2ms]
2024-06-02 12:17:55.432 [info] Open repository: /home/student/S02_Coclock_working_challenge_E01-cedricRGT45
2024-06-02 12:17:55.432 [info] > git config --get commit.template [11ms]
2024-06-02 12:17:55.432 [info] > git rev-parse --show-toplevel [3ms]
2024-06-02 12:17:55.432 [info] > git for-each-ref --format=%(refname)%00%(upstream:short)%00%(objectname)%00%(upstream:track)%00%(upstream:remotename)%00%(upstream:remoteref) refs/heads/master refs/remotes/master [12ms]
2024-06-02 12:17:55.432 [info] > git rev-parse --show-toplevel [3ms]
2024-06-02 12:17:55.432 [warning] ENOENT: no such file or directory, open '/home/student/S02_Coclock_working_challenge_E01-cedricRGT45/.git/refs/remotes/origin/master'
2024-06-02 12:17:55.432 [info] > git rev-parse refs/remotes/origin/master [12ms]
2024-06-02 12:17:55.432 [info] > git status -z -uall [231ms]
2024-06-02 12:17:55.432 [info] > git merge-base refs/heads/master refs/remotes/origin/master [19ms]
2024-06-02 12:17:55.432 [info] > git config --get commit.template [13ms]
2024-06-02 12:17:55.432 [info] > git rev-list --count --left-right refs/heads/master...refs/remotes/origin/master [14ms]
2024-06-02 12:17:55.432 [info] > git for-each-ref --format=%(refname)%00%(upstream:short)%00%(objectname)%00%(upstream:track)%00%(upstream:remotename)%00%(upstream:remoteref) refs/heads/master refs/remotes/master [14ms]
2024-06-02 12:17:55.432 [warning] ENOENT: no such file or directory, open '/home/student/S02_Coclock_working_challenge_E01-cedricRGT45/.git/refs/remotes/origin/master'
2024-06-02 12:17:55.432 [info] > git diff --name-status -z --diff-filter=ADMR c2231ce522b0b531a34f233a6c1944226e16b1f1...refs/remotes/origin/master [11ms]
2024-06-02 12:17:55.432 [info] > git rev-parse refs/remotes/origin/master [3ms]
2024-06-02 12:17:55.432 [info] > git status -z -uall [57ms]
2024-06-02 12:17:55.755 [info] > git status -z -uall [3833ms] (cancelled)
2024-06-02 12:17:57.023 [info] > git check-ignore -v -z --stdin [22ms]
2024-06-02 12:17:57.030 [info] > git check-ignore -v -z --stdin [18ms]
2024-06-02 12:17:57.039 [info] > git check-ignore -v -z --stdin [17ms]
2024-06-02 12:18:05.442 [info] > git ls-files --stage -- /home/student/S03_challenge_E03-cedricRGT45/projet/backend/Dockerfile [3ms]
2024-06-02 12:18:05.454 [info] > git show --textconv :projet/backend/Dockerfile [26ms]
2024-06-02 12:18:05.455 [info] > git cat-file -s 3b5b3be33990ac091798b0e58faccedf0bcb0f78 [3ms]
2024-06-02 12:18:10.823 [info] > git check-ignore -v -z --stdin [19ms]
2024-06-02 12:18:11.476 [info] > git check-ignore -v -z --stdin [2ms]
2024-06-02 12:19:32.935 [info] > git config --get commit.template [12ms]
2024-06-02 12:19:32.939 [info] > git for-each-ref --format=%(refname)%00%(upstream:short)%00%(objectname)%00%(upstream:track)%00%(upstream:remotename)%00%(upstream:remoteref) refs/heads/master refs/remotes/master [6ms]
2024-06-02 12:19:32.950 [warning] ENOENT: no such file or directory, open '/home/student/S02_Coclock_working_challenge_E01-cedricRGT45/.git/refs/remotes/origin/master'
2024-06-02 12:19:32.954 [info] > git rev-parse refs/remotes/origin/master [4ms]
2024-06-02 12:19:33.047 [info] > git status -z -uall [81ms]
2024-06-02 12:19:38.073 [info] > git config --get commit.template [10ms]
2024-06-02 12:19:38.074 [info] > git for-each-ref --format=%(refname)%00%(upstream:short)%00%(objectname)%00%(upstream:track)%00%(upstream:remotename)%00%(upstream:remoteref) refs/heads/master refs/remotes/master [3ms]
2024-06-02 12:19:38.084 [warning] ENOENT: no such file or directory, open '/home/student/S02_Coclock_working_challenge_E01-cedricRGT45/.git/refs/remotes/origin/master'
2024-06-02 12:19:38.086 [info] > git rev-parse refs/remotes/origin/master [3ms]
2024-06-02 12:19:38.150 [info] > git status -z -uall [53ms]
2024-06-02 12:20:29.385 [info] > git config --get commit.template [11ms]
2024-06-02 12:20:29.386 [info] > git for-each-ref --format=%(refname)%00%(upstream:short)%00%(objectname)%00%(upstream:track)%00%(upstream:remotename)%00%(upstream:remoteref) refs/heads/master refs/remotes/master [3ms]
2024-06-02 12:20:29.396 [warning] ENOENT: no such file or directory, open '/home/student/S02_Coclock_working_challenge_E01-cedricRGT45/.git/refs/remotes/origin/master'
2024-06-02 12:20:29.398 [info] > git rev-parse refs/remotes/origin/master [2ms]
2024-06-02 12:20:29.487 [info] > git status -z -uall [80ms]
2024-06-02 12:20:34.512 [info] > git config --get commit.template [10ms]
2024-06-02 12:20:34.513 [info] > git for-each-ref --format=%(refname)%00%(upstream:short)%00%(objectname)%00%(upstream:track)%00%(upstream:remotename)%00%(upstream:remoteref) refs/heads/master refs/remotes/master [2ms]
2024-06-02 12:20:34.523 [warning] ENOENT: no such file or directory, open '/home/student/S02_Coclock_working_challenge_E01-cedricRGT45/.git/refs/remotes/origin/master'
2024-06-02 12:20:34.525 [info] > git rev-parse refs/remotes/origin/master [2ms]
2024-06-02 12:20:34.586 [info] > git status -z -uall [52ms]
2024-06-02 12:20:39.614 [info] > git config --get commit.template [11ms]
2024-06-02 12:20:39.615 [info] > git for-each-ref --format=%(refname)%00%(upstream:short)%00%(objectname)%00%(upstream:track)%00%(upstream:remotename)%00%(upstream:remoteref) refs/heads/master refs/remotes/master [2ms]
2024-06-02 12:20:39.625 [warning] ENOENT: no such file or directory, open '/home/student/S02_Coclock_working_challenge_E01-cedricRGT45/.git/refs/remotes/origin/master'
2024-06-02 12:20:39.627 [info] > git rev-parse refs/remotes/origin/master [2ms]
2024-06-02 12:20:39.694 [info] > git status -z -uall [56ms]
2024-06-02 12:20:46.246 [info] > git config --get commit.template [10ms]
2024-06-02 12:20:46.247 [info] > git for-each-ref --format=%(refname)%00%(upstream:short)%00%(objectname)%00%(upstream:track)%00%(upstream:remotename)%00%(upstream:remoteref) refs/heads/master refs/remotes/master [2ms]
2024-06-02 12:20:46.257 [warning] ENOENT: no such file or directory, open '/home/student/S02_Coclock_working_challenge_E01-cedricRGT45/.git/refs/remotes/origin/master'
2024-06-02 12:20:46.259 [info] > git rev-parse refs/remotes/origin/master [3ms]
2024-06-02 12:20:46.320 [info] > git status -z -uall [52ms]
2024-06-02 12:21:59.915 [info] > git check-ignore -v -z --stdin [3ms]
2024-06-02 12:22:01.988 [info] > git check-ignore -v -z --stdin [2ms]
2024-06-02 12:23:03.068 [info] > git show --textconv :package.json [19ms]
2024-06-02 12:23:03.074 [info] > git ls-files --stage -- /home/student/S02_Coclock_working_challenge_E01-cedricRGT45/package.json [10ms]
2024-06-02 12:23:03.090 [info] > git cat-file -s 4e8031e41d2999fa76fa80030a5dab0ef5f380d3 [3ms]
2024-06-02 12:23:07.732 [info] > git show --textconv :package-lock.json [51ms]
2024-06-02 12:23:07.732 [info] > git ls-files --stage -- /home/student/S02_Coclock_working_challenge_E01-cedricRGT45/package-lock.json [38ms]
2024-06-02 12:23:07.749 [info] > git cat-file -s fd16cb961211fdf4c1049afb023ae72af8322bfa [4ms]
2024-06-02 12:23:14.368 [info] > git show --textconv :projet/docker-compose.yml [18ms]
2024-06-02 12:23:14.370 [info] > git ls-files --stage -- /home/student/S03_challenge_E03-cedricRGT45/projet/docker-compose.yml [3ms]
2024-06-02 12:23:14.386 [info] > git cat-file -s f5ed10c6a9d62cdddd49e3db4b9ba09b8bc834c7 [3ms]
2024-06-02 12:23:15.115 [info] > git check-ignore -v -z --stdin [2ms]
2024-06-02 12:23:17.060 [info] > git check-ignore -v -z --stdin [11ms]
2024-06-02 12:23:23.903 [info] > git check-ignore -v -z --stdin [12ms]
2024-06-02 12:23:24.418 [info] > git check-ignore -v -z --stdin [10ms]
2024-06-02 12:23:31.153 [info] > git show --textconv :package.json [15ms]
2024-06-02 12:23:31.155 [info] > git ls-files --stage -- /home/student/S02_Coclock_working_challenge_E01-cedricRGT45/package.json [4ms]
2024-06-02 12:23:31.170 [info] > git cat-file -s 4e8031e41d2999fa76fa80030a5dab0ef5f380d3 [3ms]
2024-06-02 12:23:33.139 [info] > git show --textconv :projet/docker-compose.yml [13ms]
2024-06-02 12:23:33.141 [info] > git ls-files --stage -- /home/student/S03_challenge_E03-cedricRGT45/projet/docker-compose.yml [3ms]
2024-06-02 12:23:33.155 [info] > git cat-file -s f5ed10c6a9d62cdddd49e3db4b9ba09b8bc834c7 [2ms]
2024-06-02 12:23:37.118 [info] > git check-ignore -v -z --stdin [2ms]
2024-06-02 12:23:37.341 [info] > git show --textconv :projet/frontend/src/assets/scss/base/_typography.scss [21ms]
2024-06-02 12:23:37.346 [info] > git ls-files --stage -- /home/student/S03_challenge_E03-cedricRGT45/projet/frontend/src/assets/scss/base/_typography.scss [7ms]
2024-06-02 12:23:37.366 [info] > git cat-file -s 7e4fe55841e90f77486ebb8950d16339523dd0bb [4ms]
2024-06-02 12:23:38.176 [info] > git check-ignore -v -z --stdin [16ms]
2024-06-02 12:23:39.140 [info] > git show --textconv :projet/frontend/src/assets/scss/base/_typography.scss [73ms]
2024-06-02 12:23:39.166 [info] > git ls-files --stage -- /home/student/S03_challenge_E03-cedricRGT45/projet/frontend/src/assets/scss/base/_typography.scss [27ms]
2024-06-02 12:23:39.222 [info] > git cat-file -s 7e4fe55841e90f77486ebb8950d16339523dd0bb [18ms]
2024-06-02 12:23:39.460 [info] > git check-ignore -v -z --stdin [15ms]
2024-06-02 12:23:40.549 [info] > git show --textconv :projet/frontend/src/assets/scss/base/_typography.scss [57ms]
2024-06-02 12:23:40.564 [info] > git ls-files --stage -- /home/student/S03_challenge_E03-cedricRGT45/projet/frontend/src/assets/scss/base/_typography.scss [17ms]
2024-06-02 12:23:40.637 [info] > git cat-file -s 7e4fe55841e90f77486ebb8950d16339523dd0bb [33ms]
2024-06-02 12:23:41.260 [info] > git check-ignore -v -z --stdin [8ms]
2024-06-02 12:23:41.918 [info] > git show --textconv :projet/frontend/src/assets/scss/base/_typography.scss [15ms]
2024-06-02 12:23:41.920 [info] > git ls-files --stage -- /home/student/S03_challenge_E03-cedricRGT45/projet/frontend/src/assets/scss/base/_typography.scss [4ms]
2024-06-02 12:23:41.937 [info] > git cat-file -s 7e4fe55841e90f77486ebb8950d16339523dd0bb [4ms]
2024-06-02 12:23:43.542 [info] > git show --textconv :projet/frontend/Dockerfile [20ms]
2024-06-02 12:23:43.545 [info] > git ls-files --stage -- /home/student/S03_challenge_E03-cedricRGT45/projet/frontend/Dockerfile [6ms]
2024-06-02 12:23:43.575 [info] > git cat-file -s 8657f9aa7aacda291d6c38703a12ecbc25826316 [9ms]
2024-06-02 12:23:43.874 [info] > git check-ignore -v -z --stdin [4ms]
2024-06-02 12:24:34.883 [info] > git check-ignore -v -z --stdin [10ms]
2024-06-02 12:24:36.295 [info] > git show --textconv :package.json [17ms]
2024-06-02 12:24:36.303 [info] > git ls-files --stage -- /home/student/package.json [10ms]
2024-06-02 12:24:41.520 [info] > git check-ignore -v -z --stdin [11ms]
2024-06-02 12:24:55.987 [info] > git config --get commit.template [35ms]
2024-06-02 12:24:56.007 [info] > git for-each-ref --format=%(refname)%00%(upstream:short)%00%(objectname)%00%(upstream:track)%00%(upstream:remotename)%00%(upstream:remoteref) refs/heads/master refs/remotes/master [22ms]
2024-06-02 12:24:56.034 [warning] ENOENT: no such file or directory, open '/home/student/S02_Coclock_working_challenge_E01-cedricRGT45/.git/refs/remotes/origin/master'
2024-06-02 12:24:56.037 [info] > git rev-parse refs/remotes/origin/master [4ms]
2024-06-02 12:24:56.177 [info] > git status -z -uall [109ms]
2024-06-02 12:24:56.281 [info] > git check-ignore -v -z --stdin [5ms]
2024-06-02 12:25:05.716 [info] > git config --get commit.template [15ms]
2024-06-02 12:25:05.718 [info] > git for-each-ref --format=%(refname)%00%(upstream:short)%00%(objectname)%00%(upstream:track)%00%(upstream:remotename)%00%(upstream:remoteref) refs/heads/master refs/remotes/master [3ms]
2024-06-02 12:25:05.732 [warning] ENOENT: no such file or directory, open '/home/student/S02_Coclock_working_challenge_E01-cedricRGT45/.git/refs/remotes/origin/master'
2024-06-02 12:25:05.734 [info] > git rev-parse refs/remotes/origin/master [2ms]
2024-06-02 12:25:05.802 [info] > git status -z -uall [53ms]
2024-06-02 12:25:15.414 [info] > git config --get commit.template [15ms]
2024-06-02 12:25:15.416 [info] > git for-each-ref --format=%(refname)%00%(upstream:short)%00%(objectname)%00%(upstream:track)%00%(upstream:remotename)%00%(upstream:remoteref) refs/heads/master refs/remotes/master [3ms]
2024-06-02 12:25:15.432 [warning] ENOENT: no such file or directory, open '/home/student/S02_Coclock_working_challenge_E01-cedricRGT45/.git/refs/remotes/origin/master'
2024-06-02 12:25:15.433 [info] > git rev-parse refs/remotes/origin/master [1ms]
2024-06-02 12:25:15.500 [info] > git status -z -uall [54ms]
2024-06-02 12:25:27.517 [info] > git config --get commit.template [22ms]
2024-06-02 12:25:27.522 [info] > git for-each-ref --format=%(refname)%00%(upstream:short)%00%(objectname)%00%(upstream:track)%00%(upstream:remotename)%00%(upstream:remoteref) refs/heads/master refs/remotes/master [7ms]
2024-06-02 12:25:27.540 [warning] ENOENT: no such file or directory, open '/home/student/S02_Coclock_working_challenge_E01-cedricRGT45/.git/refs/remotes/origin/master'
2024-06-02 12:25:27.545 [info] > git rev-parse refs/remotes/origin/master [5ms]
2024-06-02 12:25:27.661 [info] > git status -z -uall [100ms]
2024-06-02 12:26:21.167 [warning] ENOENT: no such file or directory, open '/home/student/S02_Coclock_working_challenge_E01-cedricRGT45/.git/HEAD'
2024-06-02 12:26:21.196 [warning] getRemotes() - ENOENT: no such file or directory, open '/home/student/S02_Coclock_working_challenge_E01-cedricRGT45/.git/config'
2024-06-02 12:26:21.228 [warning] ENOENT: no such file or directory, open '/home/student/S02_Coclock_working_challenge_E01-cedricRGT45/.git/HEAD'
2024-06-02 12:26:21.256 [warning] getRemotes() - ENOENT: no such file or directory, open '/home/student/S02_Coclock_working_challenge_E01-cedricRGT45/.git/config'
2024-06-02 12:26:21.965 [info] > git check-ignore -v -z --stdin [4ms]
2024-06-02 12:26:21.969 [info] > git check-ignore -v -z --stdin [26ms]
2024-06-02 12:26:56.755 [info] > git check-ignore -v -z --stdin [10ms]
2024-06-02 12:26:59.589 [info] > git check-ignore -v -z --stdin [9ms]
2024-06-02 12:28:22.729 [info] > git check-ignore -v -z --stdin [8ms]
2024-06-02 12:28:24.341 [info] > git check-ignore -v -z --stdin [9ms]
2024-06-02 12:28:25.331 [info] > git check-ignore -v -z --stdin [8ms]
2024-06-02 12:28:32.644 [info] > git check-ignore -v -z --stdin [23ms]
2024-06-02 12:28:49.687 [info] > git show --textconv :S02_Coclock_working_challenge_E01-cedricRGT45/projet/frontend/src/App.tsx [24ms]
2024-06-02 12:28:49.694 [info] > git ls-files --stage -- /home/student/S02_Coclock_working_challenge_E01-cedricRGT45/projet/frontend/src/App.tsx [11ms]
2024-06-02 12:31:23.670 [info] > git check-ignore -v -z --stdin [8ms]
2024-06-02 12:31:24.417 [info] > git show --textconv :S02_Coclock_working_challenge_E01-cedricRGT45/projet/frontend/src/main.tsx [20ms]
2024-06-02 12:31:24.423 [info] > git ls-files --stage -- /home/student/S02_Coclock_working_challenge_E01-cedricRGT45/projet/frontend/src/main.tsx [11ms]
2024-06-02 12:31:44.103 [info] > git show --textconv :S02_Coclock_working_challenge_E01-cedricRGT45/projet/frontend/src/App.tsx [16ms]
2024-06-02 12:31:44.110 [info] > git ls-files --stage -- /home/student/S02_Coclock_working_challenge_E01-cedricRGT45/projet/frontend/src/App.tsx [8ms]
2024-06-02 12:32:07.292 [info] > git show --textconv :S02_Coclock_working_challenge_E01-cedricRGT45/projet/frontend/src/main.tsx [21ms]
2024-06-02 12:32:07.298 [info] > git ls-files --stage -- /home/student/S02_Coclock_working_challenge_E01-cedricRGT45/projet/frontend/src/main.tsx [9ms]
2024-06-02 12:32:53.791 [info] > git show --textconv :S02_Coclock_working_challenge_E01-cedricRGT45/projet/frontend/src/App.tsx [28ms]
2024-06-02 12:32:53.800 [info] > git ls-files --stage -- /home/student/S02_Coclock_working_challenge_E01-cedricRGT45/projet/frontend/src/App.tsx [12ms]
2024-06-02 12:33:38.021 [info] > git show --textconv :S02_Coclock_working_challenge_E01-cedricRGT45/projet/frontend/src/main.tsx [18ms]
2024-06-02 12:33:38.029 [info] > git ls-files --stage -- /home/student/S02_Coclock_working_challenge_E01-cedricRGT45/projet/frontend/src/main.tsx [9ms]
2024-06-02 12:36:02.629 [info] > git show --textconv :S02_Coclock_working_challenge_E01-cedricRGT45/projet/frontend/src/App.tsx [16ms]
2024-06-02 12:36:02.637 [info] > git ls-files --stage -- /home/student/S02_Coclock_working_challenge_E01-cedricRGT45/projet/frontend/src/App.tsx [9ms]
2024-06-02 12:37:40.809 [info] > git show --textconv :S02_Coclock_working_challenge_E01-cedricRGT45/projet/frontend/src/main.tsx [17ms]
2024-06-02 12:37:40.816 [info] > git ls-files --stage -- /home/student/S02_Coclock_working_challenge_E01-cedricRGT45/projet/frontend/src/main.tsx [9ms]
2024-06-02 12:38:28.598 [info] > git check-ignore -v -z --stdin [10ms]
2024-06-02 12:38:35.965 [info] > git check-ignore -v -z --stdin [49ms]
2024-06-02 12:39:44.204 [info] > git check-ignore -v -z --stdin [9ms]
2024-06-02 12:39:48.980 [info] > git check-ignore -v -z --stdin [8ms]
2024-06-02 12:39:50.439 [info] > git check-ignore -v -z --stdin [10ms]
2024-06-02 12:41:30.955 [info] > git check-ignore -v -z --stdin [8ms]
2024-06-02 12:41:32.431 [info] > git check-ignore -v -z --stdin [8ms]
2024-06-02 12:41:34.229 [info] > git check-ignore -v -z --stdin [9ms]
2024-06-02 12:41:36.090 [info] > git check-ignore -v -z --stdin [8ms]
2024-06-02 12:41:37.205 [info] > git check-ignore -v -z --stdin [8ms]
2024-06-02 12:41:39.686 [info] > git check-ignore -v -z --stdin [10ms]
2024-06-02 12:41:56.633 [info] > git check-ignore -v -z --stdin [17ms]
2024-06-02 12:41:57.865 [info] > git show --textconv :S02_Coclock_Working/projet/frontend/src/components/CommentComponent.tsx [97ms]
2024-06-02 12:41:57.889 [info] > git ls-files --stage -- /home/student/S02_Coclock_Working/projet/frontend/src/components/CommentComponent.tsx [61ms]
2024-06-02 12:42:14.764 [info] > git check-ignore -v -z --stdin [9ms]
2024-06-02 12:42:16.683 [info] > git show --textconv :S02_Coclock_Working/projet/frontend/src/@types/comment.d.ts [17ms]
2024-06-02 12:42:16.690 [info] > git ls-files --stage -- /home/student/S02_Coclock_Working/projet/frontend/src/@types/comment.d.ts [8ms]
2024-06-02 12:42:27.210 [info] > git show --textconv :S02_Coclock_Working/projet/frontend/src/components/CommentComponent.tsx [19ms]
2024-06-02 12:42:27.216 [info] > git ls-files --stage -- /home/student/S02_Coclock_Working/projet/frontend/src/components/CommentComponent.tsx [9ms]
2024-06-02 12:42:31.590 [info] > git show --textconv :S02_Coclock_Working/projet/frontend/src/@types/comment.d.ts [16ms]
2024-06-02 12:42:31.598 [info] > git ls-files --stage -- /home/student/S02_Coclock_Working/projet/frontend/src/@types/comment.d.ts [8ms]
2024-06-02 12:42:36.310 [info] > git show --textconv :S02_Coclock_Working/projet/frontend/src/@types/comment.d.ts [17ms]
2024-06-02 12:42:36.317 [info] > git ls-files --stage -- /home/student/S02_Coclock_Working/projet/frontend/src/@types/comment.d.ts [8ms]
2024-06-02 12:42:37.552 [info] > git show --textconv :S02_Coclock_Working/projet/frontend/src/components/CommentComponent.tsx [19ms]
2024-06-02 12:42:37.559 [info] > git ls-files --stage -- /home/student/S02_Coclock_Working/projet/frontend/src/components/CommentComponent.tsx [11ms]
2024-06-02 12:43:51.063 [info] > git show --textconv :S02_Coclock_Working/projet/frontend/src/@types/comment.d.ts [17ms]
2024-06-02 12:43:51.071 [info] > git ls-files --stage -- /home/student/S02_Coclock_Working/projet/frontend/src/@types/comment.d.ts [10ms]
2024-06-02 12:43:53.055 [info] > git check-ignore -v -z --stdin [9ms]
2024-06-02 12:43:56.124 [info] > git check-ignore -v -z --stdin [54ms]
2024-06-02 12:43:57.954 [info] > git check-ignore -v -z --stdin [2ms]
2024-06-02 12:45:26.570 [info] > git config --get commit.template [3ms]
2024-06-02 12:45:26.589 [info] > git for-each-ref --format=%(refname)%00%(upstream:short)%00%(objectname)%00%(upstream:track)%00%(upstream:remotename)%00%(upstream:remoteref) refs/heads/master refs/remotes/master [4ms]
2024-06-02 12:45:26.611 [info] > git status -z -uall [5ms]
2024-06-02 12:45:31.635 [info] > git config --get commit.template [1ms]
2024-06-02 12:45:31.653 [info] > git for-each-ref --format=%(refname)%00%(upstream:short)%00%(objectname)%00%(upstream:track)%00%(upstream:remotename)%00%(upstream:remoteref) refs/heads/master refs/remotes/master [3ms]
2024-06-02 12:45:31.672 [info] > git status -z -uall [4ms]
2024-06-02 12:45:49.239 [info] > git check-ignore -v -z --stdin [4ms]
2024-06-02 12:45:50.508 [info] > git check-ignore -v -z --stdin [3ms]
2024-06-02 12:45:53.826 [info] > git check-ignore -v -z --stdin [2ms]
2024-06-02 12:45:55.949 [info] > git show --textconv :projet/frontend/src/components/Home.tsx [31ms]
2024-06-02 12:45:55.951 [info] > git ls-files --stage -- /home/student/S03_challenge_E03-cedricRGT45/projet/frontend/src/components/Home.tsx [4ms]
2024-06-02 12:46:11.296 [info] > git check-ignore -v -z --stdin [2ms]
2024-06-02 12:46:13.011 [info] > git check-ignore -v -z --stdin [2ms]
2024-06-02 12:46:14.907 [info] > git check-ignore -v -z --stdin [2ms]
2024-06-02 12:46:18.020 [info] > git check-ignore -v -z --stdin [3ms]
2024-06-02 12:46:22.603 [info] > git show --textconv :projet/frontend/src/assets/scss/layout/_Content.scss [17ms]
2024-06-02 12:46:22.605 [info] > git ls-files --stage -- /home/student/S03_challenge_E03-cedricRGT45/projet/frontend/src/assets/scss/layout/_Content.scss [4ms]
2024-06-02 12:46:24.005 [info] > git show --textconv :projet/frontend/src/assets/scss/layout/_Cart.scss [16ms]
2024-06-02 12:46:24.007 [info] > git ls-files --stage -- /home/student/S03_challenge_E03-cedricRGT45/projet/frontend/src/assets/scss/layout/_Cart.scss [3ms]
2024-06-02 12:47:48.503 [info] > git show --textconv :projet/frontend/src/assets/scss/layout/_Home.scss [15ms]
2024-06-02 12:47:48.505 [info] > git ls-files --stage -- /home/student/S03_challenge_E03-cedricRGT45/projet/frontend/src/assets/scss/layout/_Home.scss [3ms]
2024-06-02 12:47:48.547 [info] > git check-ignore -v -z --stdin [2ms]
2024-06-02 12:47:49.066 [info] > git for-each-ref --format=%(refname)%00%(upstream:short)%00%(objectname)%00%(upstream:track)%00%(upstream:remotename)%00%(upstream:remoteref) refs/heads/master refs/remotes/master [1ms]
2024-06-02 12:47:49.067 [info] > git config --get commit.template [19ms]
2024-06-02 12:47:49.092 [info] > git status -z -uall [6ms]
2024-06-02 12:47:55.763 [info] > git show --textconv :projet/frontend/src/components/Home.tsx [17ms]
2024-06-02 12:47:55.764 [info] > git ls-files --stage -- /home/student/S03_challenge_E03-cedricRGT45/projet/frontend/src/components/Home.tsx [3ms]
2024-06-02 12:48:06.518 [info] > git show --textconv :projet/frontend/src/assets/scss/layout/_Home.scss [20ms]
2024-06-02 12:48:06.520 [info] > git ls-files --stage -- /home/student/S03_challenge_E03-cedricRGT45/projet/frontend/src/assets/scss/layout/_Home.scss [4ms]
2024-06-02 12:48:11.080 [info] > git config --get commit.template [16ms]
2024-06-02 12:48:11.081 [info] > git for-each-ref --format=%(refname)%00%(upstream:short)%00%(objectname)%00%(upstream:track)%00%(upstream:remotename)%00%(upstream:remoteref) refs/heads/master refs/remotes/master [2ms]
2024-06-02 12:48:11.104 [info] > git status -z -uall [7ms]
2024-06-02 12:48:16.146 [info] > git config --get commit.template [19ms]
2024-06-02 12:48:16.151 [info] > git for-each-ref --format=%(refname)%00%(upstream:short)%00%(objectname)%00%(upstream:track)%00%(upstream:remotename)%00%(upstream:remoteref) refs/heads/master refs/remotes/master [7ms]
2024-06-02 12:48:16.176 [info] > git status -z -uall [5ms]
2024-06-02 12:48:24.389 [info] > git config --get commit.template [15ms]
2024-06-02 12:48:24.390 [info] > git for-each-ref --format=%(refname)%00%(upstream:short)%00%(objectname)%00%(upstream:track)%00%(upstream:remotename)%00%(upstream:remoteref) refs/heads/master refs/remotes/master [3ms]
2024-06-02 12:48:24.410 [info] > git status -z -uall [5ms]
2024-06-02 12:48:30.732 [info] > git config --get commit.template [17ms]
2024-06-02 12:48:30.733 [info] > git for-each-ref --format=%(refname)%00%(upstream:short)%00%(objectname)%00%(upstream:track)%00%(upstream:remotename)%00%(upstream:remoteref) refs/heads/master refs/remotes/master [3ms]
2024-06-02 12:48:30.764 [info] > git status -z -uall [4ms]
2024-06-02 12:48:37.732 [info] > git config --get commit.template [15ms]
2024-06-02 12:48:37.733 [info] > git for-each-ref --format=%(refname)%00%(upstream:short)%00%(objectname)%00%(upstream:track)%00%(upstream:remotename)%00%(upstream:remoteref) refs/heads/master refs/remotes/master [2ms]
2024-06-02 12:48:37.761 [info] > git status -z -uall [13ms]
2024-06-02 12:48:47.628 [info] > git show --textconv :projet/frontend/src/components/Home.tsx [19ms]
2024-06-02 12:48:47.629 [info] > git ls-files --stage -- /home/student/S03_challenge_E03-cedricRGT45/projet/frontend/src/components/Home.tsx [5ms]
2024-06-02 12:49:31.286 [info] > git config --get commit.template [17ms]
2024-06-02 12:49:31.287 [info] > git for-each-ref --format=%(refname)%00%(upstream:short)%00%(objectname)%00%(upstream:track)%00%(upstream:remotename)%00%(upstream:remoteref) refs/heads/master refs/remotes/master [3ms]
2024-06-02 12:49:31.305 [info] > git status -z -uall [4ms]
2024-06-02 12:49:34.961 [info] > git show --textconv :projet/frontend/src/assets/scss/layout/_Home.scss [20ms]
2024-06-02 12:49:34.962 [info] > git ls-files --stage -- /home/student/S03_challenge_E03-cedricRGT45/projet/frontend/src/assets/scss/layout/_Home.scss [2ms]
2024-06-02 12:49:36.348 [info] > git for-each-ref --format=%(refname)%00%(upstream:short)%00%(objectname)%00%(upstream:track)%00%(upstream:remotename)%00%(upstream:remoteref) refs/heads/master refs/remotes/master [1ms]
2024-06-02 12:49:36.349 [info] > git config --get commit.template [23ms]
2024-06-02 12:49:36.374 [info] > git status -z -uall [6ms]
2024-06-02 12:49:59.178 [info] > git config --get commit.template [21ms]
2024-06-02 12:49:59.179 [info] > git for-each-ref --format=%(refname)%00%(upstream:short)%00%(objectname)%00%(upstream:track)%00%(upstream:remotename)%00%(upstream:remoteref) refs/heads/master refs/remotes/master [2ms]
2024-06-02 12:49:59.204 [info] > git status -z -uall [5ms]
2024-06-02 12:50:02.453 [info] > git show --textconv :projet/frontend/src/assets/scss/layout/_index.scss [15ms]
2024-06-02 12:50:02.455 [info] > git ls-files --stage -- /home/student/S03_challenge_E03-cedricRGT45/projet/frontend/src/assets/scss/layout/_index.scss [3ms]
2024-06-02 12:50:02.472 [info] > git cat-file -s b86c464153a0a115403e24d2bc63b16f85966c76 [3ms]
2024-06-02 12:50:08.893 [info] > git config --get commit.template [24ms]
2024-06-02 12:50:08.895 [info] > git for-each-ref --format=%(refname)%00%(upstream:short)%00%(objectname)%00%(upstream:track)%00%(upstream:remotename)%00%(upstream:remoteref) refs/heads/master refs/remotes/master [3ms]
2024-06-02 12:50:08.914 [info] > git status -z -uall [4ms]
2024-06-02 12:50:13.952 [info] > git for-each-ref --format=%(refname)%00%(upstream:short)%00%(objectname)%00%(upstream:track)%00%(upstream:remotename)%00%(upstream:remoteref) refs/heads/master refs/remotes/master [1ms]
2024-06-02 12:50:13.952 [info] > git config --get commit.template [19ms]
2024-06-02 12:50:13.971 [info] > git status -z -uall [4ms]
2024-06-02 12:50:19.022 [info] > git config --get commit.template [15ms]
2024-06-02 12:50:19.026 [info] > git for-each-ref --format=%(refname)%00%(upstream:short)%00%(objectname)%00%(upstream:track)%00%(upstream:remotename)%00%(upstream:remoteref) refs/heads/master refs/remotes/master [5ms]
2024-06-02 12:50:19.046 [info] > git status -z -uall [5ms]
2024-06-02 12:50:26.906 [info] > git config --get commit.template [16ms]
2024-06-02 12:50:26.908 [info] > git for-each-ref --format=%(refname)%00%(upstream:short)%00%(objectname)%00%(upstream:track)%00%(upstream:remotename)%00%(upstream:remoteref) refs/heads/master refs/remotes/master [3ms]
2024-06-02 12:50:26.944 [info] > git status -z -uall [5ms]
2024-06-02 12:50:42.128 [info] > git show --textconv :projet/frontend/src/components/Home.tsx [17ms]
2024-06-02 12:50:42.128 [info] > git ls-files --stage -- /home/student/S03_challenge_E03-cedricRGT45/projet/frontend/src/components/Home.tsx [4ms]
2024-06-02 12:50:51.092 [info] > git show --textconv :projet/frontend/src/assets/scss/layout/_index.scss [27ms]
2024-06-02 12:50:51.097 [info] > git ls-files --stage -- /home/student/S03_challenge_E03-cedricRGT45/projet/frontend/src/assets/scss/layout/_index.scss [7ms]
2024-06-02 12:50:51.115 [info] > git cat-file -s b86c464153a0a115403e24d2bc63b16f85966c76 [3ms]
2024-06-02 12:50:52.901 [info] > git show --textconv :projet/frontend/src/assets/scss/layout/_Home.scss [15ms]
2024-06-02 12:50:52.902 [info] > git ls-files --stage -- /home/student/S03_challenge_E03-cedricRGT45/projet/frontend/src/assets/scss/layout/_Home.scss [3ms]
2024-06-02 12:50:58.085 [info] > git config --get commit.template [1ms]
2024-06-02 12:50:58.104 [info] > git for-each-ref --format=%(refname)%00%(upstream:short)%00%(objectname)%00%(upstream:track)%00%(upstream:remotename)%00%(upstream:remoteref) refs/heads/master refs/remotes/master [2ms]
2024-06-02 12:50:58.123 [info] > git status -z -uall [4ms]
2024-06-02 12:51:34.780 [info] > git config --get commit.template [17ms]
2024-06-02 12:51:34.781 [info] > git for-each-ref --format=%(refname)%00%(upstream:short)%00%(objectname)%00%(upstream:track)%00%(upstream:remotename)%00%(upstream:remoteref) refs/heads/master refs/remotes/master [3ms]
2024-06-02 12:51:34.800 [info] > git status -z -uall [4ms]
2024-06-02 12:51:39.838 [info] > git config --get commit.template [17ms]
2024-06-02 12:51:39.840 [info] > git for-each-ref --format=%(refname)%00%(upstream:short)%00%(objectname)%00%(upstream:track)%00%(upstream:remotename)%00%(upstream:remoteref) refs/heads/master refs/remotes/master [3ms]
2024-06-02 12:51:39.864 [info] > git status -z -uall [9ms]
2024-06-02 12:51:44.906 [info] > git config --get commit.template [16ms]
2024-06-02 12:51:44.908 [info] > git for-each-ref --format=%(refname)%00%(upstream:short)%00%(objectname)%00%(upstream:track)%00%(upstream:remotename)%00%(upstream:remoteref) refs/heads/master refs/remotes/master [3ms]
2024-06-02 12:51:44.928 [info] > git status -z -uall [4ms]
2024-06-02 12:51:56.554 [info] > git config --get commit.template [15ms]
2024-06-02 12:51:56.556 [info] > git for-each-ref --format=%(refname)%00%(upstream:short)%00%(objectname)%00%(upstream:track)%00%(upstream:remotename)%00%(upstream:remoteref) refs/heads/master refs/remotes/master [2ms]
2024-06-02 12:51:56.574 [info] > git status -z -uall [4ms]
2024-06-02 12:52:01.623 [info] > git config --get commit.template [27ms]
2024-06-02 12:52:01.624 [info] > git for-each-ref --format=%(refname)%00%(upstream:short)%00%(objectname)%00%(upstream:track)%00%(upstream:remotename)%00%(upstream:remoteref) refs/heads/master refs/remotes/master [3ms]
2024-06-02 12:52:01.644 [info] > git status -z -uall [4ms]
2024-06-02 12:52:10.525 [info] > git config --get commit.template [24ms]
2024-06-02 12:52:10.526 [info] > git for-each-ref --format=%(refname)%00%(upstream:short)%00%(objectname)%00%(upstream:track)%00%(upstream:remotename)%00%(upstream:remoteref) refs/heads/master refs/remotes/master [2ms]
2024-06-02 12:52:10.545 [info] > git status -z -uall [4ms]
2024-06-02 12:52:11.896 [info] > git show --textconv :projet/frontend/src/assets/scss/layout/_index.scss [16ms]
2024-06-02 12:52:11.898 [info] > git ls-files --stage -- /home/student/S03_challenge_E03-cedricRGT45/projet/frontend/src/assets/scss/layout/_index.scss [3ms]
2024-06-02 12:52:11.919 [info] > git cat-file -s b86c464153a0a115403e24d2bc63b16f85966c76 [2ms]
2024-06-02 12:52:12.835 [info] > git show --textconv :projet/frontend/src/components/Home.tsx [19ms]
2024-06-02 12:52:12.839 [info] > git ls-files --stage -- /home/student/S03_challenge_E03-cedricRGT45/projet/frontend/src/components/Home.tsx [5ms]
2024-06-02 12:52:20.834 [info] > git config --get commit.template [5ms]
2024-06-02 12:52:20.852 [info] > git for-each-ref --format=%(refname)%00%(upstream:short)%00%(objectname)%00%(upstream:track)%00%(upstream:remotename)%00%(upstream:remoteref) refs/heads/master refs/remotes/master [3ms]
2024-06-02 12:52:20.874 [info] > git status -z -uall [7ms]
2024-06-02 12:52:25.910 [info] > git config --get commit.template [17ms]
2024-06-02 12:52:25.912 [info] > git for-each-ref --format=%(refname)%00%(upstream:short)%00%(objectname)%00%(upstream:track)%00%(upstream:remotename)%00%(upstream:remoteref) refs/heads/master refs/remotes/master [5ms]
2024-06-02 12:52:25.931 [info] > git status -z -uall [5ms]
2024-06-02 12:52:30.786 [info] > git show --textconv :projet/frontend/src/assets/scss/layout/_index.scss [18ms]
2024-06-02 12:52:30.788 [info] > git ls-files --stage -- /home/student/S03_challenge_E03-cedricRGT45/projet/frontend/src/assets/scss/layout/_index.scss [4ms]
2024-06-02 12:52:30.806 [info] > git cat-file -s b86c464153a0a115403e24d2bc63b16f85966c76 [3ms]
2024-06-02 12:52:30.983 [info] > git config --get commit.template [21ms]
2024-06-02 12:52:30.983 [info] > git for-each-ref --format=%(refname)%00%(upstream:short)%00%(objectname)%00%(upstream:track)%00%(upstream:remotename)%00%(upstream:remoteref) refs/heads/master refs/remotes/master [3ms]
2024-06-02 12:52:31.003 [info] > git status -z -uall [5ms]
2024-06-02 12:52:33.245 [info] > git show --textconv :projet/frontend/src/components/Home.tsx [17ms]
2024-06-02 12:52:33.248 [info] > git ls-files --stage -- /home/student/S03_challenge_E03-cedricRGT45/projet/frontend/src/components/Home.tsx [4ms]
2024-06-02 12:52:33.804 [info] > git show --textconv :projet/frontend/src/assets/scss/layout/_Home.scss [15ms]
2024-06-02 12:52:33.806 [info] > git ls-files --stage -- /home/student/S03_challenge_E03-cedricRGT45/projet/frontend/src/assets/scss/layout/_Home.scss [3ms]
2024-06-02 12:52:49.283 [info] > git show --textconv :projet/frontend/src/components/Home.tsx [23ms]
2024-06-02 12:52:49.283 [info] > git ls-files --stage -- /home/student/S03_challenge_E03-cedricRGT45/projet/frontend/src/components/Home.tsx [2ms]
2024-06-02 12:52:50.961 [info] > git config --get commit.template [18ms]
2024-06-02 12:52:50.963 [info] > git for-each-ref --format=%(refname)%00%(upstream:short)%00%(objectname)%00%(upstream:track)%00%(upstream:remotename)%00%(upstream:remoteref) refs/heads/master refs/remotes/master [4ms]
2024-06-02 12:52:50.987 [info] > git status -z -uall [1ms]
2024-06-02 12:52:52.234 [info] > git show --textconv :projet/frontend/src/assets/scss/layout/_Home.scss [19ms]
2024-06-02 12:52:52.235 [info] > git ls-files --stage -- /home/student/S03_challenge_E03-cedricRGT45/projet/frontend/src/assets/scss/layout/_Home.scss [4ms]
2024-06-02 12:52:56.029 [info] > git config --get commit.template [18ms]
2024-06-02 12:52:56.030 [info] > git for-each-ref --format=%(refname)%00%(upstream:short)%00%(objectname)%00%(upstream:track)%00%(upstream:remotename)%00%(upstream:remoteref) refs/heads/master refs/remotes/master [3ms]
2024-06-02 12:52:56.051 [info] > git status -z -uall [5ms]
2024-06-02 12:53:01.090 [info] > git config --get commit.template [18ms]
2024-06-02 12:53:01.098 [info] > git for-each-ref --format=%(refname)%00%(upstream:short)%00%(objectname)%00%(upstream:track)%00%(upstream:remotename)%00%(upstream:remoteref) refs/heads/master refs/remotes/master [9ms]
2024-06-02 12:53:01.121 [info] > git status -z -uall [5ms]
2024-06-02 12:53:07.873 [info] > git config --get commit.template [17ms]
2024-06-02 12:53:07.875 [info] > git for-each-ref --format=%(refname)%00%(upstream:short)%00%(objectname)%00%(upstream:track)%00%(upstream:remotename)%00%(upstream:remoteref) refs/heads/master refs/remotes/master [3ms]
2024-06-02 12:53:07.896 [info] > git status -z -uall [4ms]
2024-06-02 12:53:12.942 [info] > git config --get commit.template [25ms]
2024-06-02 12:53:12.943 [info] > git for-each-ref --format=%(refname)%00%(upstream:short)%00%(objectname)%00%(upstream:track)%00%(upstream:remotename)%00%(upstream:remoteref) refs/heads/master refs/remotes/master [2ms]
2024-06-02 12:53:12.964 [info] > git status -z -uall [4ms]
2024-06-02 12:53:21.793 [info] > git config --get commit.template [23ms]
2024-06-02 12:53:21.795 [info] > git for-each-ref --format=%(refname)%00%(upstream:short)%00%(objectname)%00%(upstream:track)%00%(upstream:remotename)%00%(upstream:remoteref) refs/heads/master refs/remotes/master [4ms]
2024-06-02 12:53:21.818 [info] > git status -z -uall [5ms]
2024-06-02 12:53:33.043 [info] > git config --get commit.template [20ms]
2024-06-02 12:53:33.047 [info] > git for-each-ref --format=%(refname)%00%(upstream:short)%00%(objectname)%00%(upstream:track)%00%(upstream:remotename)%00%(upstream:remoteref) refs/heads/master refs/remotes/master [5ms]
2024-06-02 12:53:33.080 [info] > git status -z -uall [4ms]
2024-06-02 12:53:48.290 [info] > git config --get commit.template [22ms]
2024-06-02 12:53:48.291 [info] > git for-each-ref --format=%(refname)%00%(upstream:short)%00%(objectname)%00%(upstream:track)%00%(upstream:remotename)%00%(upstream:remoteref) refs/heads/master refs/remotes/master [2ms]
2024-06-02 12:53:48.319 [info] > git status -z -uall [4ms]
2024-06-02 12:53:55.478 [info] > git show --textconv :projet/frontend/src/components/Home.tsx [16ms]
2024-06-02 12:53:55.479 [info] > git ls-files --stage -- /home/student/S03_challenge_E03-cedricRGT45/projet/frontend/src/components/Home.tsx [2ms]
2024-06-02 12:54:00.525 [info] > git show --textconv :projet/frontend/src/assets/scss/layout/_Home.scss [27ms]
2024-06-02 12:54:00.526 [info] > git ls-files --stage -- /home/student/S03_challenge_E03-cedricRGT45/projet/frontend/src/assets/scss/layout/_Home.scss [3ms]
2024-06-02 12:54:19.436 [info] > git config --get commit.template [17ms]
2024-06-02 12:54:19.437 [info] > git for-each-ref --format=%(refname)%00%(upstream:short)%00%(objectname)%00%(upstream:track)%00%(upstream:remotename)%00%(upstream:remoteref) refs/heads/master refs/remotes/master [3ms]
2024-06-02 12:54:19.465 [info] > git status -z -uall [4ms]
2024-06-02 12:54:56.471 [info] > git config --get commit.template [17ms]
2024-06-02 12:54:56.472 [info] > git for-each-ref --format=%(refname)%00%(upstream:short)%00%(objectname)%00%(upstream:track)%00%(upstream:remotename)%00%(upstream:remoteref) refs/heads/master refs/remotes/master [2ms]
2024-06-02 12:54:56.492 [info] > git status -z -uall [4ms]
2024-06-02 12:55:03.297 [info] > git config --get commit.template [15ms]
2024-06-02 12:55:03.299 [info] > git for-each-ref --format=%(refname)%00%(upstream:short)%00%(objectname)%00%(upstream:track)%00%(upstream:remotename)%00%(upstream:remoteref) refs/heads/master refs/remotes/master [3ms]
2024-06-02 12:55:03.327 [info] > git status -z -uall [14ms]
2024-06-02 12:55:10.295 [info] > git config --get commit.template [16ms]
2024-06-02 12:55:10.297 [info] > git for-each-ref --format=%(refname)%00%(upstream:short)%00%(objectname)%00%(upstream:track)%00%(upstream:remotename)%00%(upstream:remoteref) refs/heads/master refs/remotes/master [3ms]
2024-06-02 12:55:10.317 [info] > git status -z -uall [5ms]
2024-06-02 12:55:27.620 [info] > git config --get commit.template [3ms]
2024-06-02 12:55:27.637 [info] > git for-each-ref --format=%(refname)%00%(upstream:short)%00%(objectname)%00%(upstream:track)%00%(upstream:remotename)%00%(upstream:remoteref) refs/heads/master refs/remotes/master [3ms]
2024-06-02 12:55:27.671 [info] > git status -z -uall [9ms]
2024-06-02 12:55:35.533 [info] > git show --textconv :projet/frontend/src/components/Home.tsx [18ms]
2024-06-02 12:55:35.534 [info] > git ls-files --stage -- /home/student/S03_challenge_E03-cedricRGT45/projet/frontend/src/components/Home.tsx [3ms]
2024-06-02 12:55:48.636 [info] > git show --textconv :projet/frontend/src/components/Header.tsx [18ms]
2024-06-02 12:55:48.637 [info] > git ls-files --stage -- /home/student/S03_challenge_E03-cedricRGT45/projet/frontend/src/components/Header.tsx [3ms]
2024-06-02 12:55:48.655 [info] > git cat-file -s b479863ffa9d3338d251617545a2cf4a6a535c72 [3ms]
2024-06-02 12:55:52.924 [info] > git show --textconv :projet/frontend/src/assets/scss/layout/_Header.scss [25ms]
2024-06-02 12:55:52.926 [info] > git ls-files --stage -- /home/student/S03_challenge_E03-cedricRGT45/projet/frontend/src/assets/scss/layout/_Header.scss [12ms]
2024-06-02 12:56:00.670 [info] > git show --textconv :projet/frontend/src/components/Header.tsx [21ms]
2024-06-02 12:56:00.672 [info] > git ls-files --stage -- /home/student/S03_challenge_E03-cedricRGT45/projet/frontend/src/components/Header.tsx [4ms]
2024-06-02 12:56:00.694 [info] > git cat-file -s b479863ffa9d3338d251617545a2cf4a6a535c72 [2ms]
2024-06-02 12:56:03.894 [info] > git show --textconv :projet/frontend/src/assets/scss/layout/_Header.scss [16ms]
2024-06-02 12:56:03.896 [info] > git ls-files --stage -- /home/student/S03_challenge_E03-cedricRGT45/projet/frontend/src/assets/scss/layout/_Header.scss [3ms]
2024-06-02 12:56:33.620 [info] > git config --get commit.template [3ms]
2024-06-02 12:56:33.639 [info] > git for-each-ref --format=%(refname)%00%(upstream:short)%00%(objectname)%00%(upstream:track)%00%(upstream:remotename)%00%(upstream:remoteref) refs/heads/master refs/remotes/master [3ms]
2024-06-02 12:56:33.659 [info] > git status -z -uall [4ms]
2024-06-02 12:56:38.702 [info] > git for-each-ref --format=%(refname)%00%(upstream:short)%00%(objectname)%00%(upstream:track)%00%(upstream:remotename)%00%(upstream:remoteref) refs/heads/master refs/remotes/master [1ms]
2024-06-02 12:56:38.703 [info] > git config --get commit.template [22ms]
2024-06-02 12:56:38.728 [info] > git status -z -uall [4ms]
2024-06-02 12:56:43.768 [info] > git config --get commit.template [16ms]
2024-06-02 12:56:43.770 [info] > git for-each-ref --format=%(refname)%00%(upstream:short)%00%(objectname)%00%(upstream:track)%00%(upstream:remotename)%00%(upstream:remoteref) refs/heads/master refs/remotes/master [3ms]
2024-06-02 12:56:43.790 [info] > git status -z -uall [4ms]
2024-06-02 12:56:55.473 [info] > git config --get commit.template [20ms]
2024-06-02 12:56:55.474 [info] > git for-each-ref --format=%(refname)%00%(upstream:short)%00%(objectname)%00%(upstream:track)%00%(upstream:remotename)%00%(upstream:remoteref) refs/heads/master refs/remotes/master [3ms]
2024-06-02 12:56:55.500 [info] > git status -z -uall [5ms]
2024-06-02 12:57:00.542 [info] > git config --get commit.template [23ms]
2024-06-02 12:57:00.545 [info] > git for-each-ref --format=%(refname)%00%(upstream:short)%00%(objectname)%00%(upstream:track)%00%(upstream:remotename)%00%(upstream:remoteref) refs/heads/master refs/remotes/master [11ms]
2024-06-02 12:57:00.571 [info] > git status -z -uall [4ms]
2024-06-02 12:57:09.833 [info] > git config --get commit.template [3ms]
2024-06-02 12:57:09.850 [info] > git for-each-ref --format=%(refname)%00%(upstream:short)%00%(objectname)%00%(upstream:track)%00%(upstream:remotename)%00%(upstream:remoteref) refs/heads/master refs/remotes/master [3ms]
2024-06-02 12:57:09.878 [info] > git status -z -uall [4ms]
2024-06-02 12:57:11.396 [info] > git show --textconv :projet/frontend/src/components/Header.tsx [17ms]
2024-06-02 12:57:11.398 [info] > git ls-files --stage -- /home/student/S03_challenge_E03-cedricRGT45/projet/frontend/src/components/Header.tsx [3ms]
2024-06-02 12:57:11.415 [info] > git cat-file -s b479863ffa9d3338d251617545a2cf4a6a535c72 [3ms]
2024-06-02 12:57:12.289 [info] > git show --textconv :projet/frontend/src/components/Home.tsx [19ms]
2024-06-02 12:57:12.291 [info] > git ls-files --stage -- /home/student/S03_challenge_E03-cedricRGT45/projet/frontend/src/components/Home.tsx [3ms]
2024-06-02 12:57:41.341 [info] > git check-ignore -v -z --stdin [2ms]
2024-06-02 12:57:43.144 [info] > git check-ignore -v -z --stdin [2ms]
2024-06-02 12:57:59.283 [info] > git check-ignore -v -z --stdin [2ms]
2024-06-02 12:58:02.238 [info] > git check-ignore -v -z --stdin [2ms]
2024-06-02 12:58:26.750 [info] > git check-ignore -v -z --stdin [2ms]
2024-06-02 12:58:26.811 [info] > git show --textconv :projet/frontend/src/components/ProductList.tsx [31ms]
2024-06-02 12:58:26.816 [info] > git ls-files --stage -- /home/student/S03_challenge_E03-cedricRGT45/projet/frontend/src/components/ProductList.tsx [7ms]
2024-06-02 12:58:27.289 [info] > git config --get commit.template [27ms]
2024-06-02 12:58:27.300 [info] > git for-each-ref --format=%(refname)%00%(upstream:short)%00%(objectname)%00%(upstream:track)%00%(upstream:remotename)%00%(upstream:remoteref) refs/heads/master refs/remotes/master [14ms]
2024-06-02 12:58:27.353 [info] > git status -z -uall [29ms]
2024-06-02 12:58:45.807 [info] > git check-ignore -v -z --stdin [2ms]
2024-06-02 12:58:49.262 [info] > git show --textconv :projet/frontend/src/api/fetchData.ts [20ms]
2024-06-02 12:58:49.263 [info] > git ls-files --stage -- /home/student/S03_challenge_E03-cedricRGT45/projet/frontend/src/api/fetchData.ts [3ms]
2024-06-02 12:58:49.281 [info] > git cat-file -s 47e83aac681f60c9aa57565c59d3ad14ca156649 [2ms]
2024-06-02 13:02:31.610 [info] > git check-ignore -v -z --stdin [2ms]
2024-06-02 13:02:50.711 [info] > git show --textconv :projet/backend/index.js [29ms]
2024-06-02 13:02:50.729 [info] > git ls-files --stage -- /home/student/S03_challenge_E03-cedricRGT45/projet/backend/index.js [19ms]
2024-06-02 13:02:50.771 [info] > git cat-file -s 22b922b7a5c60abba27984b9ce5c8273840a2352 [14ms]
2024-06-02 13:04:42.582 [info] > git check-ignore -v -z --stdin [2ms]
2024-06-02 13:05:59.022 [info] > git check-ignore -v -z --stdin [14ms]
2024-06-02 13:06:49.036 [info] > git config --get commit.template [15ms]
2024-06-02 13:06:49.037 [info] > git for-each-ref --format=%(refname)%00%(upstream:short)%00%(objectname)%00%(upstream:track)%00%(upstream:remotename)%00%(upstream:remoteref) refs/heads/master refs/remotes/master [2ms]
2024-06-02 13:06:49.056 [info] > git status -z -uall [4ms]
2024-06-02 13:06:54.093 [info] > git config --get commit.template [17ms]
2024-06-02 13:06:54.094 [info] > git for-each-ref --format=%(refname)%00%(upstream:short)%00%(objectname)%00%(upstream:track)%00%(upstream:remotename)%00%(upstream:remoteref) refs/heads/master refs/remotes/master [2ms]
2024-06-02 13:06:54.113 [info] > git status -z -uall [4ms]
2024-06-02 13:07:30.265 [info] > git check-ignore -v -z --stdin [2ms]
2024-06-02 13:07:32.118 [info] > git check-ignore -v -z --stdin [2ms]
2024-06-02 13:07:35.238 [info] > git check-ignore -v -z --stdin [14ms]
2024-06-02 13:07:37.122 [info] > git check-ignore -v -z --stdin [10ms]
2024-06-02 13:07:44.405 [info] > git config --get commit.template [17ms]
2024-06-02 13:07:44.407 [info] > git for-each-ref --format=%(refname)%00%(upstream:short)%00%(objectname)%00%(upstream:track)%00%(upstream:remotename)%00%(upstream:remoteref) refs/heads/master refs/remotes/master [3ms]
2024-06-02 13:07:44.429 [info] > git status -z -uall [4ms]
2024-06-02 13:07:47.485 [info] > git check-ignore -v -z --stdin [8ms]
2024-06-02 13:07:52.633 [info] > git ls-files --stage -- /home/student/S03_challenge_E03-cedricRGT45/projet/backend/index.js [2ms]
2024-06-02 13:07:52.649 [info] > git cat-file -s 22b922b7a5c60abba27984b9ce5c8273840a2352 [2ms]
2024-06-02 13:07:52.718 [info] > git show --textconv :projet/backend/index.js [3ms]
2024-06-02 13:08:02.859 [info] > git ls-files --stage -- /home/student/S03_challenge_E03-cedricRGT45/projet/backend/index.js [2ms]
2024-06-02 13:08:02.877 [info] > git cat-file -s 22b922b7a5c60abba27984b9ce5c8273840a2352 [2ms]
2024-06-02 13:08:02.998 [info] > git show --textconv :projet/backend/index.js [3ms]
