2024-06-02 13:37:47.149 [info] Log level: Info
2024-06-02 13:37:47.149 [info] Validating found git in: "git"
2024-06-02 13:37:47.149 [info] Using git "2.34.1" from "git"
2024-06-02 13:37:47.149 [info] > git rev-parse --show-toplevel [443ms]
2024-06-02 13:37:47.149 [info] > git rev-parse --git-dir --git-common-dir [178ms]
2024-06-02 13:37:47.149 [info] Open repository: /home/student
2024-06-02 13:37:47.149 [info] > git rev-parse --show-toplevel [50ms]
2024-06-02 13:37:47.150 [info] > git config --get commit.template [91ms]
2024-06-02 13:37:47.840 [info] > git for-each-ref --format=%(refname)%00%(upstream:short)%00%(objectname)%00%(upstream:track)%00%(upstream:remotename)%00%(upstream:remoteref) refs/heads/main refs/remotes/main [65ms]
2024-06-02 13:37:47.841 [info] > git rev-parse --git-dir --git-common-dir [120ms]
2024-06-02 13:37:47.849 [info] Open repository: /home/student/S03_CICD
2024-06-02 13:37:48.123 [info] > git rev-parse --show-toplevel [208ms]
2024-06-02 13:37:48.130 [info] > git config --get commit.template [241ms]
2024-06-02 13:37:48.486 [info] > git rev-parse --show-toplevel [211ms]
2024-06-02 13:37:48.586 [info] > git for-each-ref --format=%(refname)%00%(upstream:short)%00%(objectname)%00%(upstream:track)%00%(upstream:remotename)%00%(upstream:remoteref) refs/heads/main refs/remotes/main [106ms]
2024-06-02 13:37:48.590 [info] > git rev-parse --show-toplevel [25ms]
2024-06-02 13:37:48.678 [info] > git rev-parse --show-toplevel [42ms]
2024-06-02 13:37:48.745 [info] > git status -z -uall [69ms]
2024-06-02 13:37:48.987 [info] > git merge-base refs/heads/main refs/remotes/origin/main [137ms]
2024-06-02 13:37:49.038 [info] > git rev-parse --show-toplevel [303ms]
2024-06-02 13:37:49.227 [info] > git status -z -uall [821ms]
2024-06-02 13:37:49.228 [info] > git check-ignore -v -z --stdin [139ms]
2024-06-02 13:37:49.230 [info] > git check-ignore -v -z --stdin [64ms]
2024-06-02 13:37:49.232 [info] > git rev-list --count --left-right refs/heads/main...refs/remotes/origin/main [195ms]
2024-06-02 13:37:49.293 [info] > git config --get commit.template [308ms]
2024-06-02 13:37:49.356 [info] > git merge-base refs/heads/main refs/remotes/origin/main [32ms]
2024-06-02 13:37:49.380 [info] > git diff --name-status -z --diff-filter=ADMR a7014ff6b939981ba0b176f7c1832f5985321980...refs/remotes/origin/main [88ms]
2024-06-02 13:37:49.382 [info] > git rev-parse --show-toplevel [157ms]
2024-06-02 13:37:49.457 [info] > git config --get commit.template [100ms]
2024-06-02 13:37:49.552 [info] > git rev-parse --show-toplevel [101ms]
2024-06-02 13:37:49.553 [info] > git for-each-ref --format=%(refname)%00%(upstream:short)%00%(objectname)%00%(upstream:track)%00%(upstream:remotename)%00%(upstream:remoteref) refs/heads/main refs/remotes/main [140ms]
2024-06-02 13:37:49.553 [info] > git rev-list --count --left-right refs/heads/main...refs/remotes/origin/main [173ms]
2024-06-02 13:37:49.616 [info] > git for-each-ref --format=%(refname)%00%(upstream:short)%00%(objectname)%00%(upstream:track)%00%(upstream:remotename)%00%(upstream:remoteref) refs/heads/main refs/remotes/main [26ms]
2024-06-02 13:37:49.616 [info] > git diff --name-status -z --diff-filter=ADMR 82fdcc4827cad87ccb8e6374629a90d1dd519f36...refs/remotes/origin/main [46ms]
2024-06-02 13:37:49.638 [info] > git rev-parse --show-toplevel [26ms]
2024-06-02 13:37:49.752 [info] > git status -z -uall [116ms]
2024-06-02 13:37:49.769 [info] > git rev-parse --show-toplevel [109ms]
2024-06-02 13:37:49.813 [info] > git rev-parse --show-toplevel [9ms]
2024-06-02 13:37:49.896 [info] > git rev-parse --show-toplevel [19ms]
2024-06-02 13:37:49.951 [info] > git rev-parse --git-dir --git-common-dir [15ms]
2024-06-02 13:37:49.958 [info] Open repository: /home/student/S02_Coclock_Working
2024-06-02 13:37:50.000 [info] > git config --get commit.template [21ms]
2024-06-02 13:37:50.045 [info] > git rev-parse --show-toplevel [48ms]
2024-06-02 13:37:50.128 [info] > git status -z -uall [449ms]
2024-06-02 13:37:50.129 [info] > git for-each-ref --format=%(refname)%00%(upstream:short)%00%(objectname)%00%(upstream:track)%00%(upstream:remotename)%00%(upstream:remoteref) refs/heads/master refs/remotes/master [96ms]
2024-06-02 13:37:50.152 [warning] ENOENT: no such file or directory, open '/home/student/S02_Coclock_Working/.git/refs/remotes/origin/master'
2024-06-02 13:37:50.161 [info] > git rev-parse --git-dir --git-common-dir [70ms]
2024-06-02 13:37:50.166 [info] Open repository: /home/student/S03_challenge_E03-cedricRGT45
2024-06-02 13:37:50.202 [info] > git rev-parse refs/remotes/origin/master [51ms]
2024-06-02 13:37:50.219 [info] > git rev-parse --show-toplevel [18ms]
2024-06-02 13:37:50.261 [info] > git config --get commit.template [75ms]
2024-06-02 13:37:50.289 [info] > git show --textconv :projet/frontend/src/main.tsx [48ms]
2024-06-02 13:37:50.323 [info] > git ls-files --stage -- /home/student/S03_CICD/projet/frontend/src/main.tsx [63ms]
2024-06-02 13:37:50.350 [info] > git status -z -uall [134ms]
2024-06-02 13:37:50.351 [info] > git for-each-ref --format=%(refname)%00%(upstream:short)%00%(objectname)%00%(upstream:track)%00%(upstream:remotename)%00%(upstream:remoteref) refs/heads/master refs/remotes/master [42ms]
2024-06-02 13:37:50.390 [info] > git merge-base refs/heads/master refs/remotes/origin/master [23ms]
2024-06-02 13:37:50.406 [info] > git cat-file -s a92714028f046c59d5b04d1a713f32a3d69f5a5b [64ms]
2024-06-02 13:37:50.409 [info] > git config --get commit.template [20ms]
2024-06-02 13:37:50.425 [info] > git rev-list --count --left-right refs/heads/master...refs/remotes/origin/master [20ms]
2024-06-02 13:37:50.457 [info] > git status -z -uall [33ms]
2024-06-02 13:37:50.500 [info] > git merge-base refs/heads/master refs/remotes/origin/master [27ms]
2024-06-02 13:37:50.516 [info] > git for-each-ref --format=%(refname)%00%(upstream:short)%00%(objectname)%00%(upstream:track)%00%(upstream:remotename)%00%(upstream:remoteref) refs/heads/master refs/remotes/master [60ms]
2024-06-02 13:37:50.517 [info] > git diff --name-status -z --diff-filter=ADMR 55e66f96c5ba6b77b9d257d5579e211274f560ad...refs/remotes/origin/master [77ms]
2024-06-02 13:37:50.533 [warning] ENOENT: no such file or directory, open '/home/student/S02_Coclock_Working/.git/refs/remotes/origin/master'
2024-06-02 13:37:50.535 [info] > git rev-list --count --left-right refs/heads/master...refs/remotes/origin/master [20ms]
2024-06-02 13:37:50.552 [info] > git config --get commit.template [58ms]
2024-06-02 13:37:50.555 [info] > git rev-parse refs/remotes/origin/master [21ms]
2024-06-02 13:37:50.596 [info] > git diff --name-status -z --diff-filter=ADMR 975a3b72ecb66730915a439ab1fcef8b86382076...refs/remotes/origin/master [44ms]
2024-06-02 13:37:50.601 [info] > git for-each-ref --format=%(refname)%00%(upstream:short)%00%(objectname)%00%(upstream:track)%00%(upstream:remotename)%00%(upstream:remoteref) refs/heads/master refs/remotes/master [6ms]
2024-06-02 13:37:50.624 [info] > git status -z -uall [6ms]
2024-06-02 13:37:50.661 [info] > git status -z -uall [92ms]
2024-06-02 13:37:51.081 [info] > git check-ignore -v -z --stdin [67ms]
2024-06-02 13:37:51.082 [info] > git check-ignore -v -z --stdin [50ms]
2024-06-02 13:37:51.083 [info] > git check-ignore -v -z --stdin [33ms]
2024-06-02 13:37:51.083 [info] > git check-ignore -v -z --stdin [18ms]
2024-06-02 13:38:18.343 [info] > git check-ignore -v -z --stdin [2ms]
2024-06-02 13:38:22.915 [info] > git check-ignore -v -z --stdin [4ms]
2024-06-02 13:38:25.617 [info] > git config --get commit.template [19ms]
2024-06-02 13:38:25.624 [info] > git for-each-ref --format=%(refname)%00%(upstream:short)%00%(objectname)%00%(upstream:track)%00%(upstream:remotename)%00%(upstream:remoteref) refs/heads/main refs/remotes/main [8ms]
2024-06-02 13:38:25.644 [info] > git status -z -uall [6ms]
2024-06-02 13:39:28.605 [info] > git config --get commit.template [20ms]
2024-06-02 13:39:28.610 [info] > git for-each-ref --format=%(refname)%00%(upstream:short)%00%(objectname)%00%(upstream:track)%00%(upstream:remotename)%00%(upstream:remoteref) refs/heads/main refs/remotes/main [8ms]
2024-06-02 13:39:28.871 [info] > git status -z -uall [245ms]
2024-06-02 13:40:17.508 [info] > git config --get commit.template [20ms]
2024-06-02 13:40:17.513 [info] > git for-each-ref --format=%(refname)%00%(upstream:short)%00%(objectname)%00%(upstream:track)%00%(upstream:remotename)%00%(upstream:remoteref) refs/heads/main refs/remotes/main [6ms]
2024-06-02 13:40:17.792 [info] > git status -z -uall [261ms]
2024-06-02 13:40:50.660 [info] > git config --get commit.template [19ms]
2024-06-02 13:40:50.665 [info] > git for-each-ref --format=%(refname)%00%(upstream:short)%00%(objectname)%00%(upstream:track)%00%(upstream:remotename)%00%(upstream:remoteref) refs/heads/main refs/remotes/main [6ms]
2024-06-02 13:40:50.924 [info] > git status -z -uall [243ms]
2024-06-02 13:41:19.758 [info] > git config --get commit.template [18ms]
2024-06-02 13:41:19.763 [info] > git for-each-ref --format=%(refname)%00%(upstream:short)%00%(objectname)%00%(upstream:track)%00%(upstream:remotename)%00%(upstream:remoteref) refs/heads/main refs/remotes/main [6ms]
2024-06-02 13:41:20.009 [info] > git status -z -uall [231ms]
2024-06-02 13:42:27.854 [info] > git check-ignore -v -z --stdin [12ms]
2024-06-02 13:42:32.922 [info] > git check-ignore -v -z --stdin [12ms]
2024-06-02 13:42:34.207 [info] > git check-ignore -v -z --stdin [8ms]
2024-06-02 13:42:34.597 [info] > git config --get commit.template [24ms]
2024-06-02 13:42:34.602 [info] > git for-each-ref --format=%(refname)%00%(upstream:short)%00%(objectname)%00%(upstream:track)%00%(upstream:remotename)%00%(upstream:remoteref) refs/heads/main refs/remotes/main [7ms]
2024-06-02 13:42:34.858 [info] > git status -z -uall [239ms]
2024-06-02 13:42:40.619 [info] > git config --get commit.template [24ms]
2024-06-02 13:42:40.620 [info] > git for-each-ref --format=%(refname)%00%(upstream:short)%00%(objectname)%00%(upstream:track)%00%(upstream:remotename)%00%(upstream:remoteref) refs/heads/main refs/remotes/main [6ms]
2024-06-02 13:42:40.865 [info] > git status -z -uall [229ms]
2024-06-02 13:42:45.900 [info] > git config --get commit.template [15ms]
2024-06-02 13:42:45.905 [info] > git for-each-ref --format=%(refname)%00%(upstream:short)%00%(objectname)%00%(upstream:track)%00%(upstream:remotename)%00%(upstream:remoteref) refs/heads/main refs/remotes/main [6ms]
2024-06-02 13:42:46.124 [info] > git status -z -uall [200ms]
2024-06-02 13:42:51.169 [info] > git config --get commit.template [20ms]
2024-06-02 13:42:51.175 [info] > git for-each-ref --format=%(refname)%00%(upstream:short)%00%(objectname)%00%(upstream:track)%00%(upstream:remotename)%00%(upstream:remoteref) refs/heads/main refs/remotes/main [7ms]
2024-06-02 13:42:51.490 [info] > git status -z -uall [295ms]
2024-06-02 13:42:56.532 [info] > git config --get commit.template [16ms]
2024-06-02 13:42:56.534 [info] > git for-each-ref --format=%(refname)%00%(upstream:short)%00%(objectname)%00%(upstream:track)%00%(upstream:remotename)%00%(upstream:remoteref) refs/heads/main refs/remotes/main [4ms]
2024-06-02 13:42:56.748 [info] > git status -z -uall [199ms]
2024-06-02 13:43:01.797 [info] > git config --get commit.template [25ms]
2024-06-02 13:43:01.802 [info] > git for-each-ref --format=%(refname)%00%(upstream:short)%00%(objectname)%00%(upstream:track)%00%(upstream:remotename)%00%(upstream:remoteref) refs/heads/main refs/remotes/main [6ms]
2024-06-02 13:43:02.036 [info] > git status -z -uall [214ms]
2024-06-02 13:43:04.808 [info] > git config --get commit.template [15ms]
2024-06-02 13:43:04.809 [info] > git for-each-ref --format=%(refname)%00%(upstream:short)%00%(objectname)%00%(upstream:track)%00%(upstream:remotename)%00%(upstream:remoteref) refs/heads/main refs/remotes/main [3ms]
2024-06-02 13:43:04.827 [info] > git status -z -uall [4ms]
2024-06-02 13:43:07.068 [info] > git config --get commit.template [13ms]
2024-06-02 13:43:07.071 [info] > git for-each-ref --format=%(refname)%00%(upstream:short)%00%(objectname)%00%(upstream:track)%00%(upstream:remotename)%00%(upstream:remoteref) refs/heads/main refs/remotes/main [4ms]
2024-06-02 13:43:07.254 [info] > git status -z -uall [169ms]
2024-06-02 13:43:12.287 [info] > git config --get commit.template [15ms]
2024-06-02 13:43:12.291 [info] > git for-each-ref --format=%(refname)%00%(upstream:short)%00%(objectname)%00%(upstream:track)%00%(upstream:remotename)%00%(upstream:remoteref) refs/heads/main refs/remotes/main [4ms]
2024-06-02 13:43:12.483 [info] > git status -z -uall [178ms]
2024-06-02 13:43:44.746 [info] > git config --get commit.template [18ms]
2024-06-02 13:43:44.749 [info] > git for-each-ref --format=%(refname)%00%(upstream:short)%00%(objectname)%00%(upstream:track)%00%(upstream:remotename)%00%(upstream:remoteref) refs/heads/main refs/remotes/main [5ms]
2024-06-02 13:43:44.946 [info] > git status -z -uall [184ms]
2024-06-02 13:43:49.993 [info] > git config --get commit.template [20ms]
2024-06-02 13:43:49.996 [info] > git for-each-ref --format=%(refname)%00%(upstream:short)%00%(objectname)%00%(upstream:track)%00%(upstream:remotename)%00%(upstream:remoteref) refs/heads/main refs/remotes/main [3ms]
2024-06-02 13:43:50.179 [info] > git status -z -uall [165ms]
2024-06-02 13:43:51.527 [info] > git check-ignore -v -z --stdin [2ms]
2024-06-02 13:43:55.212 [info] > git config --get commit.template [15ms]
2024-06-02 13:43:55.214 [info] > git for-each-ref --format=%(refname)%00%(upstream:short)%00%(objectname)%00%(upstream:track)%00%(upstream:remotename)%00%(upstream:remoteref) refs/heads/main refs/remotes/main [3ms]
2024-06-02 13:43:55.402 [info] > git status -z -uall [174ms]
2024-06-02 13:43:59.499 [info] > git check-ignore -v -z --stdin [2ms]
2024-06-02 13:44:00.240 [info] > git check-ignore -v -z --stdin [51ms]
2024-06-02 13:44:00.241 [info] > git check-ignore -v -z --stdin [19ms]
2024-06-02 13:44:02.040 [info] > git config --get commit.template [598ms]
2024-06-02 13:44:02.132 [info] > git for-each-ref --format=%(refname)%00%(upstream:short)%00%(objectname)%00%(upstream:track)%00%(upstream:remotename)%00%(upstream:remoteref) refs/heads/main refs/remotes/main [29ms]
2024-06-02 13:44:02.644 [info] > git status -z -uall [432ms]
2024-06-02 13:44:02.822 [info] > git check-ignore -v -z --stdin [33ms]
2024-06-02 13:44:07.760 [info] > git config --get commit.template [51ms]
2024-06-02 13:44:07.766 [info] > git for-each-ref --format=%(refname)%00%(upstream:short)%00%(objectname)%00%(upstream:track)%00%(upstream:remotename)%00%(upstream:remoteref) refs/heads/main refs/remotes/main [7ms]
2024-06-02 13:44:08.140 [info] > git status -z -uall [311ms]
2024-06-02 13:44:11.510 [info] > git check-ignore -v -z --stdin [3ms]
2024-06-02 13:44:13.201 [info] > git config --get commit.template [26ms]
2024-06-02 13:44:13.203 [info] > git for-each-ref --format=%(refname)%00%(upstream:short)%00%(objectname)%00%(upstream:track)%00%(upstream:remotename)%00%(upstream:remoteref) refs/heads/main refs/remotes/main [4ms]
2024-06-02 13:44:13.429 [info] > git status -z -uall [200ms]
2024-06-02 13:44:18.468 [info] > git config --get commit.template [18ms]
2024-06-02 13:44:18.471 [info] > git for-each-ref --format=%(refname)%00%(upstream:short)%00%(objectname)%00%(upstream:track)%00%(upstream:remotename)%00%(upstream:remoteref) refs/heads/main refs/remotes/main [4ms]
2024-06-02 13:44:18.659 [info] > git status -z -uall [171ms]
2024-06-02 13:44:22.787 [info] > git check-ignore -v -z --stdin [3ms]
2024-06-02 13:44:23.707 [info] > git config --get commit.template [22ms]
2024-06-02 13:44:23.708 [info] > git for-each-ref --format=%(refname)%00%(upstream:short)%00%(objectname)%00%(upstream:track)%00%(upstream:remotename)%00%(upstream:remoteref) refs/heads/main refs/remotes/main [4ms]
2024-06-02 13:44:23.895 [info] > git status -z -uall [170ms]
2024-06-02 13:44:25.672 [info] > git show --textconv :projet/frontend/src/components/App/Content/Products/ProductsList.tsx [20ms]
2024-06-02 13:44:25.693 [info] > git ls-files --stage -- /home/student/S03_CICD/projet/frontend/src/components/App/Content/Products/ProductsList.tsx [21ms]
2024-06-02 13:44:31.695 [info] > git config --get commit.template [18ms]
2024-06-02 13:44:31.698 [info] > git for-each-ref --format=%(refname)%00%(upstream:short)%00%(objectname)%00%(upstream:track)%00%(upstream:remotename)%00%(upstream:remoteref) refs/heads/main refs/remotes/main [4ms]
2024-06-02 13:44:31.885 [info] > git status -z -uall [171ms]
2024-06-02 13:44:36.933 [info] > git config --get commit.template [26ms]
2024-06-02 13:44:36.934 [info] > git for-each-ref --format=%(refname)%00%(upstream:short)%00%(objectname)%00%(upstream:track)%00%(upstream:remotename)%00%(upstream:remoteref) refs/heads/main refs/remotes/main [4ms]
2024-06-02 13:44:37.120 [info] > git status -z -uall [169ms]
2024-06-02 13:44:42.161 [info] > git config --get commit.template [18ms]
2024-06-02 13:44:42.164 [info] > git for-each-ref --format=%(refname)%00%(upstream:short)%00%(objectname)%00%(upstream:track)%00%(upstream:remotename)%00%(upstream:remoteref) refs/heads/main refs/remotes/main [4ms]
2024-06-02 13:44:42.358 [info] > git status -z -uall [177ms]
2024-06-02 13:44:47.398 [info] > git config --get commit.template [18ms]
2024-06-02 13:44:47.400 [info] > git for-each-ref --format=%(refname)%00%(upstream:short)%00%(objectname)%00%(upstream:track)%00%(upstream:remotename)%00%(upstream:remoteref) refs/heads/main refs/remotes/main [4ms]
2024-06-02 13:44:47.588 [info] > git status -z -uall [171ms]
2024-06-02 13:44:52.630 [info] > git config --get commit.template [20ms]
2024-06-02 13:44:52.633 [info] > git for-each-ref --format=%(refname)%00%(upstream:short)%00%(objectname)%00%(upstream:track)%00%(upstream:remotename)%00%(upstream:remoteref) refs/heads/main refs/remotes/main [4ms]
2024-06-02 13:44:52.826 [info] > git status -z -uall [175ms]
2024-06-02 13:45:10.260 [info] > git config --get commit.template [20ms]
2024-06-02 13:45:10.264 [info] > git for-each-ref --format=%(refname)%00%(upstream:short)%00%(objectname)%00%(upstream:track)%00%(upstream:remotename)%00%(upstream:remoteref) refs/heads/main refs/remotes/main [4ms]
2024-06-02 13:45:10.467 [info] > git status -z -uall [185ms]
2024-06-02 13:45:15.513 [info] > git config --get commit.template [21ms]
2024-06-02 13:45:15.514 [info] > git for-each-ref --format=%(refname)%00%(upstream:short)%00%(objectname)%00%(upstream:track)%00%(upstream:remotename)%00%(upstream:remoteref) refs/heads/main refs/remotes/main [5ms]
2024-06-02 13:45:15.708 [info] > git status -z -uall [174ms]
2024-06-02 13:45:20.749 [info] > git config --get commit.template [18ms]
2024-06-02 13:45:20.752 [info] > git for-each-ref --format=%(refname)%00%(upstream:short)%00%(objectname)%00%(upstream:track)%00%(upstream:remotename)%00%(upstream:remoteref) refs/heads/main refs/remotes/main [3ms]
2024-06-02 13:45:20.940 [info] > git status -z -uall [172ms]
2024-06-02 13:45:25.979 [info] > git config --get commit.template [17ms]
2024-06-02 13:45:25.981 [info] > git for-each-ref --format=%(refname)%00%(upstream:short)%00%(objectname)%00%(upstream:track)%00%(upstream:remotename)%00%(upstream:remoteref) refs/heads/main refs/remotes/main [3ms]
2024-06-02 13:45:26.163 [info] > git status -z -uall [166ms]
2024-06-02 13:45:31.205 [info] > git config --get commit.template [19ms]
2024-06-02 13:45:31.206 [info] > git for-each-ref --format=%(refname)%00%(upstream:short)%00%(objectname)%00%(upstream:track)%00%(upstream:remotename)%00%(upstream:remoteref) refs/heads/main refs/remotes/main [4ms]
2024-06-02 13:45:31.401 [info] > git status -z -uall [173ms]
2024-06-02 13:45:36.446 [info] > git config --get commit.template [23ms]
2024-06-02 13:45:36.449 [info] > git for-each-ref --format=%(refname)%00%(upstream:short)%00%(objectname)%00%(upstream:track)%00%(upstream:remotename)%00%(upstream:remoteref) refs/heads/main refs/remotes/main [4ms]
2024-06-02 13:45:36.649 [info] > git status -z -uall [180ms]
2024-06-02 13:45:41.695 [info] > git config --get commit.template [21ms]
2024-06-02 13:45:41.697 [info] > git for-each-ref --format=%(refname)%00%(upstream:short)%00%(objectname)%00%(upstream:track)%00%(upstream:remotename)%00%(upstream:remoteref) refs/heads/main refs/remotes/main [5ms]
2024-06-02 13:45:41.896 [info] > git status -z -uall [177ms]
2024-06-02 13:45:47.000 [info] > git config --get commit.template [77ms]
2024-06-02 13:45:47.002 [info] > git for-each-ref --format=%(refname)%00%(upstream:short)%00%(objectname)%00%(upstream:track)%00%(upstream:remotename)%00%(upstream:remoteref) refs/heads/main refs/remotes/main [3ms]
2024-06-02 13:45:47.189 [info] > git status -z -uall [169ms]
2024-06-02 13:45:55.102 [info] > git config --get commit.template [22ms]
2024-06-02 13:45:55.105 [info] > git for-each-ref --format=%(refname)%00%(upstream:short)%00%(objectname)%00%(upstream:track)%00%(upstream:remotename)%00%(upstream:remoteref) refs/heads/main refs/remotes/main [4ms]
2024-06-02 13:45:55.308 [info] > git status -z -uall [179ms]
2024-06-02 13:46:00.351 [info] > git config --get commit.template [18ms]
2024-06-02 13:46:00.354 [info] > git for-each-ref --format=%(refname)%00%(upstream:short)%00%(objectname)%00%(upstream:track)%00%(upstream:remotename)%00%(upstream:remoteref) refs/heads/main refs/remotes/main [4ms]
2024-06-02 13:46:00.542 [info] > git status -z -uall [169ms]
2024-06-02 13:46:41.109 [info] > git config --get commit.template [19ms]
2024-06-02 13:46:41.111 [info] > git for-each-ref --format=%(refname)%00%(upstream:short)%00%(objectname)%00%(upstream:track)%00%(upstream:remotename)%00%(upstream:remoteref) refs/heads/main refs/remotes/main [4ms]
2024-06-02 13:46:41.311 [info] > git status -z -uall [180ms]
2024-06-02 13:46:46.351 [info] > git config --get commit.template [18ms]
2024-06-02 13:46:46.353 [info] > git for-each-ref --format=%(refname)%00%(upstream:short)%00%(objectname)%00%(upstream:track)%00%(upstream:remotename)%00%(upstream:remoteref) refs/heads/main refs/remotes/main [4ms]
2024-06-02 13:46:46.539 [info] > git status -z -uall [169ms]
2024-06-02 13:46:51.587 [info] > git config --get commit.template [23ms]
2024-06-02 13:46:51.590 [info] > git for-each-ref --format=%(refname)%00%(upstream:short)%00%(objectname)%00%(upstream:track)%00%(upstream:remotename)%00%(upstream:remoteref) refs/heads/main refs/remotes/main [5ms]
2024-06-02 13:46:51.786 [info] > git status -z -uall [175ms]
2024-06-02 13:46:56.827 [info] > git config --get commit.template [18ms]
2024-06-02 13:46:56.830 [info] > git for-each-ref --format=%(refname)%00%(upstream:short)%00%(objectname)%00%(upstream:track)%00%(upstream:remotename)%00%(upstream:remoteref) refs/heads/main refs/remotes/main [3ms]
2024-06-02 13:46:57.033 [info] > git status -z -uall [185ms]
