2024-03-31 19:03:44.296 [info] Log level: Info
2024-03-31 19:03:44.296 [info] Validating found git in: "git"
2024-03-31 19:03:44.296 [info] Using git "2.34.1" from "git"
2024-03-31 19:03:44.296 [info] > git rev-parse --show-toplevel [14ms]
2024-03-31 19:03:44.296 [info] fatal: not a git repository (or any of the parent directories): .git
2024-03-31 19:03:44.296 [info] > git rev-parse --show-toplevel [2ms]
2024-03-31 19:03:44.296 [info] fatal: not a git repository (or any of the parent directories): .git
2024-03-31 19:03:44.296 [info] > git rev-parse --show-toplevel [2ms]
2024-03-31 19:03:44.296 [info] fatal: not a git repository (or any of the parent directories): .git
2024-03-31 19:03:44.296 [info] > git rev-parse --show-toplevel [3ms]
2024-03-31 19:03:44.296 [info] fatal: not a git repository (or any of the parent directories): .git
2024-03-31 19:03:44.296 [info] > git rev-parse --show-toplevel [2ms]
2024-03-31 19:03:44.296 [info] fatal: not a git repository (or any of the parent directories): .git
2024-03-31 19:03:44.296 [info] > git rev-parse --show-toplevel [2ms]
2024-03-31 19:03:44.296 [info] fatal: not a git repository (or any of the parent directories): .git
2024-03-31 19:03:44.296 [info] > git rev-parse --show-toplevel [2ms]
2024-03-31 19:03:44.296 [info] fatal: not a git repository (or any of the parent directories): .git
2024-03-31 19:03:44.296 [info] > git rev-parse --show-toplevel [3ms]
2024-03-31 19:03:44.296 [info] fatal: not a git repository (or any of the parent directories): .git
2024-03-31 19:03:44.296 [info] > git rev-parse --show-toplevel [3ms]
2024-03-31 19:03:44.296 [info] fatal: not a git repository (or any of the parent directories): .git
2024-03-31 19:03:44.296 [info] > git rev-parse --show-toplevel [3ms]
2024-03-31 19:03:44.296 [info] > git rev-parse --git-dir --git-common-dir [3ms]
2024-03-31 19:03:44.296 [info] Open repository: /home/student/S01-OVitrine-BenoitOClock
2024-03-31 19:03:44.296 [info] > git config --get commit.template [10ms]
2024-03-31 19:03:44.296 [info] > git rev-parse --show-toplevel [14ms]
2024-03-31 19:03:44.296 [info] > git for-each-ref --format=%(refname)%00%(upstream:short)%00%(objectname)%00%(upstream:track)%00%(upstream:remotename)%00%(upstream:remoteref) refs/heads/jour4 refs/remotes/jour4 [15ms]
2024-03-31 19:03:44.296 [info] > git rev-parse --git-dir --git-common-dir [3ms]
2024-03-31 19:03:44.296 [info] Open repository: /home/student/S01-OVitrine-J3-cedricRGT45
2024-03-31 19:03:44.296 [info] > git config --get commit.template [10ms]
2024-03-31 19:03:44.296 [info] > git rev-parse --show-toplevel [26ms]
2024-03-31 19:03:44.296 [info] > git for-each-ref --format=%(refname)%00%(upstream:short)%00%(objectname)%00%(upstream:track)%00%(upstream:remotename)%00%(upstream:remoteref) refs/heads/master refs/remotes/master [12ms]
2024-03-31 19:03:44.296 [info] > git rev-parse --git-dir --git-common-dir [2ms]
2024-03-31 19:03:44.296 [info] Open repository: /home/student/S01-OVitrine-cedricRGT45
2024-03-31 19:03:44.296 [info] > git config --get commit.template [11ms]
2024-03-31 19:03:44.296 [info] > git status -z -uall [76ms]
2024-03-31 19:03:44.296 [info] > git rev-parse --show-toplevel [37ms]
2024-03-31 19:03:44.296 [info] > git status -z -uall [62ms]
2024-03-31 19:03:44.296 [info] > git rev-parse --git-dir --git-common-dir [123ms]
2024-03-31 19:03:44.296 [info] Open repository: /home/student/S01-Ovitrine-J2-cedricRGT45
2024-03-31 19:03:44.296 [info] > git config --get commit.template [142ms]
2024-03-31 19:03:44.296 [info] > git for-each-ref --format=%(refname)%00%(upstream:short)%00%(objectname)%00%(upstream:track)%00%(upstream:remotename)%00%(upstream:remoteref) refs/heads/master refs/remotes/master [167ms]
2024-03-31 19:03:44.296 [info] > git config --get commit.template [240ms]
2024-03-31 19:03:44.296 [info] > git rev-parse --show-toplevel [54ms]
2024-03-31 19:03:44.296 [info] fatal: not a git repository (or any of the parent directories): .git
2024-03-31 19:03:44.296 [info] > git config --get commit.template [67ms]
2024-03-31 19:03:44.296 [info] > git for-each-ref --format=%(refname)%00%(upstream:short)%00%(objectname)%00%(upstream:track)%00%(upstream:remotename)%00%(upstream:remoteref) refs/heads/jour4 refs/remotes/jour4 [47ms]
2024-03-31 19:03:44.296 [info] > git rev-parse --show-toplevel [54ms]
2024-03-31 19:03:44.296 [info] fatal: not a git repository (or any of the parent directories): .git
2024-03-31 19:03:44.296 [info] > git for-each-ref --format=%(refname)%00%(upstream:short)%00%(objectname)%00%(upstream:track)%00%(upstream:remotename)%00%(upstream:remoteref) refs/heads/master refs/remotes/master [79ms]
2024-03-31 19:03:44.296 [info] > git status -z -uall [10ms]
2024-03-31 19:03:44.296 [info] > git for-each-ref --format=%(refname)%00%(upstream:short)%00%(objectname)%00%(upstream:track)%00%(upstream:remotename)%00%(upstream:remoteref) refs/heads/master refs/remotes/master [44ms]
2024-03-31 19:03:44.468 [info] > git status -z -uall [155ms]
2024-03-31 19:03:44.468 [info] > git status -z -uall [143ms]
2024-03-31 19:03:44.471 [info] > git config --get commit.template [174ms]
2024-03-31 19:03:44.533 [info] > git check-ignore -v -z --stdin [43ms]
2024-03-31 19:03:44.537 [info] > git for-each-ref --format=%(refname)%00%(upstream:short)%00%(objectname)%00%(upstream:track)%00%(upstream:remotename)%00%(upstream:remoteref) refs/heads/master refs/remotes/master [34ms]
2024-03-31 19:03:44.606 [info] > git status -z -uall [90ms]
2024-03-31 19:03:44.606 [info] > git status -z -uall [43ms]
2024-03-31 19:03:44.639 [info] > git config --get commit.template [13ms]
2024-03-31 19:03:44.660 [info] > git for-each-ref --format=%(refname)%00%(upstream:short)%00%(objectname)%00%(upstream:track)%00%(upstream:remotename)%00%(upstream:remoteref) refs/heads/master refs/remotes/master [6ms]
2024-03-31 19:03:44.682 [info] > git status -z -uall [8ms]
2024-03-31 19:05:25.616 [info] > git check-ignore -v -z --stdin [24ms]
2024-03-31 19:05:25.616 [info] > git check-ignore -v -z --stdin [14ms]
2024-03-31 19:05:25.617 [info] > git check-ignore -v -z --stdin [4ms]
2024-03-31 19:05:30.314 [info] > git check-ignore -v -z --stdin [3ms]
2024-03-31 19:05:32.964 [info] > git check-ignore -v -z --stdin [3ms]
2024-03-31 19:05:34.384 [info] > git check-ignore -v -z --stdin [2ms]
2024-03-31 19:06:11.417 [info] > git check-ignore -v -z --stdin [3ms]
2024-03-31 19:06:13.474 [info] > git check-ignore -v -z --stdin [3ms]
2024-03-31 19:06:19.268 [info] > git show --textconv :conception/plantuml_out/plant_erd_bdd.puml [20ms]
2024-03-31 19:06:19.270 [info] > git ls-files --stage -- /home/student/S01-OVitrine-J3-cedricRGT45/conception/plantuml_out/plant_erd_bdd.puml [9ms]
2024-03-31 19:06:55.118 [info] > git check-ignore -v -z --stdin [2ms]
2024-03-31 19:06:55.684 [info] > git config --get commit.template [13ms]
2024-03-31 19:06:55.684 [info] > git for-each-ref --format=%(refname)%00%(upstream:short)%00%(objectname)%00%(upstream:track)%00%(upstream:remotename)%00%(upstream:remoteref) refs/heads/master refs/remotes/master [4ms]
2024-03-31 19:06:55.699 [info] > git status -z -uall [3ms]
2024-03-31 19:07:15.938 [info] > git check-ignore -v -z --stdin [6ms]
2024-03-31 19:07:16.450 [info] > git config --get commit.template [13ms]
2024-03-31 19:07:16.451 [info] > git for-each-ref --format=%(refname)%00%(upstream:short)%00%(objectname)%00%(upstream:track)%00%(upstream:remotename)%00%(upstream:remoteref) refs/heads/master refs/remotes/master [3ms]
2024-03-31 19:07:16.467 [info] > git status -z -uall [3ms]
