2024-07-30 09:10:19.778 [info] Log level: Info
2024-07-30 09:10:19.778 [info] Validating found git in: "git"
2024-07-30 09:10:19.779 [info] Using git "2.34.1" from "git"
2024-07-30 09:10:19.779 [info] > git rev-parse --show-toplevel [7ms]
2024-07-30 09:10:19.779 [info] > git rev-parse --git-dir --git-common-dir [5ms]
2024-07-30 09:10:19.779 [info] Open repository: /home/student
2024-07-30 09:10:19.780 [info] > git for-each-ref --format=%(refname)%00%(upstream:short)%00%(objectname)%00%(upstream:track)%00%(upstream:remotename)%00%(upstream:remoteref) refs/heads/main refs/remotes/main [18ms]
2024-07-30 09:10:19.780 [info] > git rev-parse --show-toplevel [25ms]
2024-07-30 09:10:19.783 [info] > git config --get commit.template [34ms]
2024-07-30 09:10:19.784 [info] > git rev-parse --show-toplevel [16ms]
2024-07-30 09:10:19.787 [info] > git rev-parse --show-toplevel [19ms]
2024-07-30 09:10:19.914 [info] > git rev-parse --show-toplevel [23ms]
2024-07-30 09:10:19.923 [info] > git rev-parse --show-toplevel [4ms]
2024-07-30 09:10:19.931 [info] > git rev-parse --show-toplevel [3ms]
2024-07-30 09:10:19.939 [info] > git rev-parse --show-toplevel [4ms]
2024-07-30 09:10:19.946 [info] > git rev-parse --show-toplevel [3ms]
2024-07-30 09:10:19.954 [info] > git rev-parse --show-toplevel [4ms]
2024-07-30 09:10:19.961 [info] > git rev-parse --show-toplevel [3ms]
2024-07-30 09:10:19.969 [info] > git rev-parse --show-toplevel [3ms]
2024-07-30 09:10:19.982 [info] > git rev-parse --git-dir --git-common-dir [9ms]
2024-07-30 09:10:19.996 [info] Open repository: /home/student/E01-S04-AutoBudget-cedricRGT45
2024-07-30 09:10:20.013 [info] > git config --get commit.template [7ms]
2024-07-30 09:10:20.022 [info] > git rev-parse --show-toplevel [11ms]
2024-07-30 09:10:20.031 [info] > git for-each-ref --format=%(refname)%00%(upstream:short)%00%(objectname)%00%(upstream:track)%00%(upstream:remotename)%00%(upstream:remoteref) refs/heads/master refs/remotes/master [10ms]
2024-07-30 09:10:20.041 [info] > git rev-parse --git-dir --git-common-dir [11ms]
2024-07-30 09:10:20.051 [info] Open repository: /home/student/P01-Atelier-cedricRGT45
2024-07-30 09:10:20.073 [info] > git status -z -uall [33ms]
2024-07-30 09:10:20.148 [info] > git for-each-ref --format=%(refname)%00%(upstream:short)%00%(objectname)%00%(upstream:track)%00%(upstream:remotename)%00%(upstream:remoteref) refs/heads/master refs/remotes/master [58ms]
2024-07-30 09:10:20.160 [info] > git rev-parse --show-toplevel [89ms]
2024-07-30 09:10:20.161 [info] > git config --get commit.template [101ms]
2024-07-30 09:10:20.180 [info] > git config --get commit.template [32ms]
2024-07-30 09:10:20.186 [info] > git config --local branch.master.vscode-merge-base [27ms]
2024-07-30 09:10:20.205 [info] > git for-each-ref --format=%(refname)%00%(upstream:short)%00%(objectname)%00%(upstream:track)%00%(upstream:remotename)%00%(upstream:remoteref) refs/heads/master refs/remotes/master [19ms]
2024-07-30 09:10:20.206 [info] > git rev-parse --git-dir --git-common-dir [26ms]
2024-07-30 09:10:20.213 [info] Open repository: /home/student/P01-Parcours_dev-cedricRGT45
2024-07-30 09:10:20.223 [warning] ENOENT: no such file or directory, open '/home/student/P01-Atelier-cedricRGT45/.git/refs/remotes/origin/master'
2024-07-30 09:10:20.247 [info] > git for-each-ref --format=%(refname)%00%(upstream:short)%00%(objectname)%00%(upstream:track)%00%(upstream:remotename)%00%(upstream:remoteref) refs/heads/master refs/remotes/master [43ms]
2024-07-30 09:10:20.248 [info] > git for-each-ref --format=%(refname)%00%(upstream:short)%00%(objectname)%00%(upstream:track)%00%(upstream:remotename)%00%(upstream:remoteref) refs/heads/origin/master refs/remotes/origin/master [53ms]
2024-07-30 09:10:20.275 [info] > git rev-parse --show-toplevel [30ms]
2024-07-30 09:10:20.275 [info] > git config --get commit.template [39ms]
2024-07-30 09:10:20.276 [info] > git rev-parse refs/remotes/origin/master [53ms]
2024-07-30 09:10:20.296 [info] > git merge-base refs/heads/master refs/remotes/origin/master [38ms]
2024-07-30 09:10:20.323 [info] > git status -z -uall [567ms] (cancelled)
2024-07-30 09:10:20.323 [info] > git status -z -uall [44ms]
2024-07-30 09:10:20.323 [info] > git rev-parse --git-dir --git-common-dir [39ms]
2024-07-30 09:10:20.329 [info] Open repository: /home/student/S04_TDD
2024-07-30 09:10:20.360 [info] > git status -z -uall [11ms]
2024-07-30 09:10:20.361 [info] > git for-each-ref --format=%(refname)%00%(upstream:short)%00%(objectname)%00%(upstream:track)%00%(upstream:remotename)%00%(upstream:remoteref) refs/heads/master refs/remotes/master [23ms]
2024-07-30 09:10:20.366 [info] > git for-each-ref --format=%(refname)%00%(upstream:short)%00%(objectname)%00%(upstream:track)%00%(upstream:remotename)%00%(upstream:remoteref) refs/heads/master refs/remotes/master [55ms]
2024-07-30 09:10:20.367 [info] > git rev-list --count --left-right refs/heads/master...refs/remotes/origin/master [62ms]
2024-07-30 09:10:20.375 [info] > git config --local branch.master.vscode-merge-base [9ms]
2024-07-30 09:10:20.384 [info] > git config --get commit.template [25ms]
2024-07-30 09:10:20.385 [info] > git config --get commit.template [31ms]
2024-07-30 09:10:20.398 [info] > git for-each-ref --format=%(refname)%00%(upstream:short)%00%(objectname)%00%(upstream:track)%00%(upstream:remotename)%00%(upstream:remoteref) refs/heads/master refs/remotes/master [8ms]
2024-07-30 09:10:20.403 [info] > git for-each-ref --format=%(refname)%00%(upstream:short)%00%(objectname)%00%(upstream:track)%00%(upstream:remotename)%00%(upstream:remoteref) refs/heads/origin/master refs/remotes/origin/master [18ms]
2024-07-30 09:10:20.409 [info] > git diff --name-status -z --diff-filter=ADMR 9bd9d524436050e86d87de2b3d2d6b23983e954b...refs/remotes/origin/master [37ms]
2024-07-30 09:10:20.420 [info] > git config --local branch.master.vscode-merge-base [17ms]
2024-07-30 09:10:20.431 [info] > git for-each-ref --format=%(refname)%00%(upstream:short)%00%(objectname)%00%(upstream:track)%00%(upstream:remotename)%00%(upstream:remoteref) refs/heads/master refs/remotes/master [13ms]
2024-07-30 09:10:20.431 [info] > git for-each-ref --format=%(refname)%00%(upstream:short)%00%(objectname)%00%(upstream:track)%00%(upstream:remotename)%00%(upstream:remoteref) refs/heads/main refs/remotes/main [17ms]
2024-07-30 09:10:20.436 [info] > git merge-base refs/heads/master refs/remotes/origin/master [27ms]
2024-07-30 09:10:20.450 [warning] ENOENT: no such file or directory, open '/home/student/P01-Atelier-cedricRGT45/.git/refs/remotes/origin/master'
2024-07-30 09:10:20.460 [info] > git status -z -uall [30ms]
2024-07-30 09:10:20.460 [info] > git status -z -uall [24ms]
2024-07-30 09:10:20.489 [info] > git for-each-ref --format=%(refname)%00%(upstream:short)%00%(objectname)%00%(upstream:track)%00%(upstream:remotename)%00%(upstream:remoteref) refs/heads/origin/master refs/remotes/origin/master [64ms]
2024-07-30 09:10:20.506 [info] > git for-each-ref --format=%(refname)%00%(upstream:short)%00%(objectname)%00%(upstream:track)%00%(upstream:remotename)%00%(upstream:remoteref) refs/heads/main refs/remotes/main [40ms]
2024-07-30 09:10:20.511 [info] > git rev-parse refs/remotes/origin/master [62ms]
2024-07-30 09:10:20.516 [info] > git rev-list --count --left-right refs/heads/master...refs/remotes/origin/master [75ms]
2024-07-30 09:10:20.523 [info] > git config --local branch.main.vscode-merge-base [12ms]
2024-07-30 09:10:20.531 [info] > git config --get commit.template [28ms]
2024-07-30 09:10:20.532 [info] > git config --get commit.template [32ms]
2024-07-30 09:10:20.532 [info] > git for-each-ref --format=%(refname)%00%(upstream:short)%00%(objectname)%00%(upstream:track)%00%(upstream:remotename)%00%(upstream:remoteref) refs/heads/master refs/remotes/master [49ms]
2024-07-30 09:10:20.713 [info] > git status -z -uall [197ms]
2024-07-30 09:10:20.714 [info] > git for-each-ref --format=%(refname)%00%(upstream:short)%00%(objectname)%00%(upstream:track)%00%(upstream:remotename)%00%(upstream:remoteref) refs/heads/origin/E01 refs/remotes/origin/E01 [184ms]
2024-07-30 09:10:20.715 [info] > git diff --name-status -z --diff-filter=ADMR a613dd18878647b208b6ea7b58ca1aa45040182f...refs/remotes/origin/master [194ms]
2024-07-30 09:10:20.758 [info] > git for-each-ref --format=%(refname)%00%(upstream:short)%00%(objectname)%00%(upstream:track)%00%(upstream:remotename)%00%(upstream:remoteref) refs/heads/master refs/remotes/master [37ms]
2024-07-30 09:10:20.763 [info] > git config --local branch.master.vscode-merge-base [225ms]
2024-07-30 09:10:20.773 [info] > git config --local branch.master.vscode-merge-base [10ms]
2024-07-30 09:10:20.778 [info] > git for-each-ref --format=%(refname)%00%(upstream:short)%00%(objectname)%00%(upstream:track)%00%(upstream:remotename)%00%(upstream:remoteref) refs/heads/master refs/remotes/master [23ms]
2024-07-30 09:10:20.779 [info] > git for-each-ref --format=%(refname)%00%(upstream:short)%00%(objectname)%00%(upstream:track)%00%(upstream:remotename)%00%(upstream:remoteref) refs/heads/main refs/remotes/main [28ms]
2024-07-30 09:10:20.808 [info] > git status -z -uall [24ms]
2024-07-30 09:10:20.808 [info] > git for-each-ref --format=%(refname)%00%(upstream:short)%00%(objectname)%00%(upstream:track)%00%(upstream:remotename)%00%(upstream:remoteref) refs/heads/origin/master refs/remotes/origin/master [30ms]
2024-07-30 09:10:20.809 [info] > git for-each-ref --format=%(refname)%00%(upstream:short)%00%(objectname)%00%(upstream:track)%00%(upstream:remotename)%00%(upstream:remoteref) refs/heads/origin/master refs/remotes/origin/master [40ms]
2024-07-30 09:10:20.839 [info] > git for-each-ref --format=%(refname)%00%(upstream:short)%00%(objectname)%00%(upstream:track)%00%(upstream:remotename)%00%(upstream:remoteref) refs/heads/main refs/remotes/main [8ms]
2024-07-30 09:10:20.844 [info] > git merge-base refs/heads/master refs/remotes/origin/master [31ms]
2024-07-30 09:10:20.856 [info] > git config --local branch.main.vscode-merge-base [11ms]
2024-07-30 09:10:20.862 [info] > git status -z -uall [8ms]
2024-07-30 09:10:20.871 [info] > git rev-list --count --left-right refs/heads/master...refs/remotes/origin/master [22ms]
2024-07-30 09:10:20.890 [info] > git for-each-ref --format=%(refname)%00%(upstream:short)%00%(objectname)%00%(upstream:track)%00%(upstream:remotename)%00%(upstream:remoteref) refs/heads/master refs/remotes/master [21ms]
2024-07-30 09:10:20.896 [info] > git for-each-ref --format=%(refname)%00%(upstream:short)%00%(objectname)%00%(upstream:track)%00%(upstream:remotename)%00%(upstream:remoteref) refs/heads/origin/E01 refs/remotes/origin/E01 [35ms]
2024-07-30 09:10:20.897 [info] > git diff --name-status -z --diff-filter=ADMR b9aeda9dc5f5420772aedbe98d41cca3042ad341...refs/remotes/origin/master [17ms]
2024-07-30 09:10:20.902 [info] > git config --local branch.master.vscode-merge-base [6ms]
2024-07-30 09:10:20.912 [info] > git for-each-ref --format=%(refname)%00%(upstream:short)%00%(objectname)%00%(upstream:track)%00%(upstream:remotename)%00%(upstream:remoteref) refs/heads/origin/master refs/remotes/origin/master [4ms]
2024-07-30 09:10:21.458 [info] > git check-ignore -v -z --stdin [23ms]
2024-07-30 09:10:21.459 [info] > git check-ignore -v -z --stdin [19ms]
2024-07-30 09:10:21.469 [info] > git check-ignore -v -z --stdin [47ms]
2024-07-30 09:10:21.469 [info] > git check-ignore -v -z --stdin [22ms]
2024-07-30 09:10:21.475 [info] > git check-ignore -v -z --stdin [83ms]
2024-07-30 09:10:25.642 [info] > git check-ignore -v -z --stdin [2ms]
2024-07-30 09:10:27.176 [info] > git check-ignore -v -z --stdin [3ms]
2024-07-30 09:10:30.107 [info] > git check-ignore -v -z --stdin [4ms]
2024-07-30 09:10:32.641 [info] > git show --textconv :autobudget/autobudget-main/conception/test.md [7ms]
2024-07-30 09:10:32.644 [info] > git ls-files --stage -- /home/student/E01-S04-AutoBudget-cedricRGT45/autobudget/autobudget-main/conception/test.md [4ms]
2024-07-30 09:10:32.654 [info] > git cat-file -s d688e21c2961b0b98619b4df124d0cd8f4a94c72 [4ms]
2024-07-30 09:22:55.742 [info] > git check-ignore -v -z --stdin [3ms]
2024-07-30 09:22:56.631 [info] > git show --textconv :autobudget/autobudget-main/conception/diagrammes/usercase.puml [6ms]
2024-07-30 09:22:56.634 [info] > git ls-files --stage -- /home/student/E01-S04-AutoBudget-cedricRGT45/autobudget/autobudget-main/conception/diagrammes/usercase.puml [2ms]
2024-07-30 09:22:56.640 [info] > git cat-file -s 63a92ada321074bd3acb1658d1335e0fbd532047 [2ms]
2024-07-30 09:23:18.930 [info] > git check-ignore -v -z --stdin [3ms]
2024-07-30 09:23:18.988 [info] > git config --get commit.template [3ms]
2024-07-30 09:23:18.997 [info] > git for-each-ref --format=%(refname)%00%(upstream:short)%00%(objectname)%00%(upstream:track)%00%(upstream:remotename)%00%(upstream:remoteref) refs/heads/master refs/remotes/master [1ms]
2024-07-30 09:23:19.007 [info] > git status -z -uall [5ms]
2024-07-30 09:23:19.027 [info] > git for-each-ref --format=%(refname)%00%(upstream:short)%00%(objectname)%00%(upstream:track)%00%(upstream:remotename)%00%(upstream:remoteref) refs/heads/master refs/remotes/master [12ms]
2024-07-30 09:23:19.036 [info] > git config --local branch.master.vscode-merge-base [4ms]
2024-07-30 09:23:19.048 [info] > git for-each-ref --format=%(refname)%00%(upstream:short)%00%(objectname)%00%(upstream:track)%00%(upstream:remotename)%00%(upstream:remoteref) refs/heads/origin/master refs/remotes/origin/master [6ms]
2024-07-30 09:34:17.768 [info] > git show --textconv :autobudget/autobudget-main/conception/test.md [5ms]
2024-07-30 09:34:17.771 [info] > git ls-files --stage -- /home/student/E01-S04-AutoBudget-cedricRGT45/autobudget/autobudget-main/conception/test.md [3ms]
2024-07-30 09:34:17.778 [info] > git cat-file -s d688e21c2961b0b98619b4df124d0cd8f4a94c72 [3ms]
2024-07-30 09:42:37.549 [info] > git config --get commit.template [13ms]
2024-07-30 09:42:37.554 [info] > git for-each-ref --format=%(refname)%00%(upstream:short)%00%(objectname)%00%(upstream:track)%00%(upstream:remotename)%00%(upstream:remoteref) refs/heads/main refs/remotes/main [7ms]
2024-07-30 09:42:37.571 [info] > git status -z -uall [5ms]
2024-07-30 09:42:37.587 [info] > git for-each-ref --format=%(refname)%00%(upstream:short)%00%(objectname)%00%(upstream:track)%00%(upstream:remotename)%00%(upstream:remoteref) refs/heads/main refs/remotes/main [8ms]
2024-07-30 09:42:37.599 [info] > git config --local branch.main.vscode-merge-base [4ms]
2024-07-30 09:42:37.608 [info] > git for-each-ref --format=%(refname)%00%(upstream:short)%00%(objectname)%00%(upstream:track)%00%(upstream:remotename)%00%(upstream:remoteref) refs/heads/origin/master refs/remotes/origin/master [4ms]
2024-07-30 09:42:37.616 [info] > git merge-base refs/heads/main refs/remotes/origin/master [3ms]
2024-07-30 09:42:37.625 [info] > git rev-list --count --left-right refs/heads/main...refs/remotes/origin/master [2ms]
2024-07-30 09:42:37.632 [info] > git diff --name-status -z --diff-filter=ADMR 9bd9d524436050e86d87de2b3d2d6b23983e954b...refs/remotes/origin/master [3ms]
2024-07-30 09:42:37.650 [info] > git ls-files --stage -- /home/student/E01-S04-AutoBudget-cedricRGT45/autobudget/autobudget-main/conception/test.md [2ms]
2024-07-30 09:42:37.658 [info] > git cat-file -s d688e21c2961b0b98619b4df124d0cd8f4a94c72 [3ms]
2024-07-30 09:42:37.683 [info] > git show --textconv :autobudget/autobudget-main/conception/test.md [3ms]
2024-07-30 09:49:23.461 [info] > git show --textconv :autobudget/autobudget-main/conception/diagrammes/usercase.puml [6ms]
2024-07-30 09:49:23.462 [info] > git ls-files --stage -- /home/student/E01-S04-AutoBudget-cedricRGT45/autobudget/autobudget-main/conception/diagrammes/usercase.puml [2ms]
2024-07-30 09:49:23.470 [info] > git cat-file -s 63a92ada321074bd3acb1658d1335e0fbd532047 [3ms]
2024-07-30 09:52:03.891 [info] > git config --get commit.template [10ms]
2024-07-30 09:52:03.891 [info] > git for-each-ref --format=%(refname)%00%(upstream:short)%00%(objectname)%00%(upstream:track)%00%(upstream:remotename)%00%(upstream:remoteref) refs/heads/main refs/remotes/main [4ms]
2024-07-30 09:52:03.906 [info] > git status -z -uall [1ms]
2024-07-30 09:52:03.916 [info] > git for-each-ref --format=%(refname)%00%(upstream:short)%00%(objectname)%00%(upstream:track)%00%(upstream:remotename)%00%(upstream:remoteref) refs/heads/main refs/remotes/main [2ms]
2024-07-30 09:52:03.924 [info] > git config --local branch.main.vscode-merge-base [1ms]
2024-07-30 09:52:03.935 [info] > git for-each-ref --format=%(refname)%00%(upstream:short)%00%(objectname)%00%(upstream:track)%00%(upstream:remotename)%00%(upstream:remoteref) refs/heads/origin/master refs/remotes/origin/master [2ms]
2024-07-30 09:52:08.926 [info] > git config --get commit.template [4ms]
2024-07-30 09:52:08.935 [info] > git for-each-ref --format=%(refname)%00%(upstream:short)%00%(objectname)%00%(upstream:track)%00%(upstream:remotename)%00%(upstream:remoteref) refs/heads/main refs/remotes/main [4ms]
2024-07-30 09:52:08.947 [info] > git status -z -uall [4ms]
2024-07-30 09:52:08.956 [info] > git for-each-ref --format=%(refname)%00%(upstream:short)%00%(objectname)%00%(upstream:track)%00%(upstream:remotename)%00%(upstream:remoteref) refs/heads/main refs/remotes/main [3ms]
2024-07-30 09:52:08.964 [info] > git config --local branch.main.vscode-merge-base [3ms]
2024-07-30 09:52:08.973 [info] > git for-each-ref --format=%(refname)%00%(upstream:short)%00%(objectname)%00%(upstream:track)%00%(upstream:remotename)%00%(upstream:remoteref) refs/heads/origin/master refs/remotes/origin/master [3ms]
2024-07-30 09:52:13.972 [info] > git config --get commit.template [8ms]
2024-07-30 09:52:13.975 [info] > git for-each-ref --format=%(refname)%00%(upstream:short)%00%(objectname)%00%(upstream:track)%00%(upstream:remotename)%00%(upstream:remoteref) refs/heads/main refs/remotes/main [3ms]
2024-07-30 09:52:13.984 [info] > git status -z -uall [3ms]
2024-07-30 09:52:13.993 [info] > git for-each-ref --format=%(refname)%00%(upstream:short)%00%(objectname)%00%(upstream:track)%00%(upstream:remotename)%00%(upstream:remoteref) refs/heads/main refs/remotes/main [3ms]
2024-07-30 09:52:14.006 [info] > git config --local branch.main.vscode-merge-base [6ms]
2024-07-30 09:52:14.013 [info] > git for-each-ref --format=%(refname)%00%(upstream:short)%00%(objectname)%00%(upstream:track)%00%(upstream:remotename)%00%(upstream:remoteref) refs/heads/origin/master refs/remotes/origin/master [2ms]
2024-07-30 09:52:30.602 [info] > git config --get commit.template [12ms]
2024-07-30 09:52:30.605 [info] > git for-each-ref --format=%(refname)%00%(upstream:short)%00%(objectname)%00%(upstream:track)%00%(upstream:remotename)%00%(upstream:remoteref) refs/heads/main refs/remotes/main [4ms]
2024-07-30 09:52:30.619 [info] > git status -z -uall [9ms]
2024-07-30 09:52:30.629 [info] > git for-each-ref --format=%(refname)%00%(upstream:short)%00%(objectname)%00%(upstream:track)%00%(upstream:remotename)%00%(upstream:remoteref) refs/heads/main refs/remotes/main [4ms]
2024-07-30 09:52:30.645 [info] > git config --local branch.main.vscode-merge-base [1ms]
2024-07-30 09:52:30.653 [info] > git for-each-ref --format=%(refname)%00%(upstream:short)%00%(objectname)%00%(upstream:track)%00%(upstream:remotename)%00%(upstream:remoteref) refs/heads/origin/master refs/remotes/origin/master [3ms]
2024-07-30 09:52:35.638 [info] > git config --get commit.template [3ms]
2024-07-30 09:52:35.648 [info] > git for-each-ref --format=%(refname)%00%(upstream:short)%00%(objectname)%00%(upstream:track)%00%(upstream:remotename)%00%(upstream:remoteref) refs/heads/main refs/remotes/main [4ms]
2024-07-30 09:52:35.659 [info] > git status -z -uall [3ms]
2024-07-30 09:52:35.670 [info] > git for-each-ref --format=%(refname)%00%(upstream:short)%00%(objectname)%00%(upstream:track)%00%(upstream:remotename)%00%(upstream:remoteref) refs/heads/main refs/remotes/main [4ms]
2024-07-30 09:52:35.677 [info] > git config --local branch.main.vscode-merge-base [2ms]
2024-07-30 09:52:35.684 [info] > git for-each-ref --format=%(refname)%00%(upstream:short)%00%(objectname)%00%(upstream:track)%00%(upstream:remotename)%00%(upstream:remoteref) refs/heads/origin/master refs/remotes/origin/master [2ms]
2024-07-30 09:52:40.685 [info] > git config --get commit.template [6ms]
2024-07-30 09:52:40.687 [info] > git for-each-ref --format=%(refname)%00%(upstream:short)%00%(objectname)%00%(upstream:track)%00%(upstream:remotename)%00%(upstream:remoteref) refs/heads/main refs/remotes/main [3ms]
2024-07-30 09:52:40.697 [info] > git status -z -uall [4ms]
2024-07-30 09:52:40.706 [info] > git for-each-ref --format=%(refname)%00%(upstream:short)%00%(objectname)%00%(upstream:track)%00%(upstream:remotename)%00%(upstream:remoteref) refs/heads/main refs/remotes/main [4ms]
2024-07-30 09:52:40.723 [info] > git config --local branch.main.vscode-merge-base [3ms]
2024-07-30 09:52:40.739 [info] > git for-each-ref --format=%(refname)%00%(upstream:short)%00%(objectname)%00%(upstream:track)%00%(upstream:remotename)%00%(upstream:remoteref) refs/heads/origin/master refs/remotes/origin/master [4ms]
2024-07-30 09:52:45.721 [info] > git config --get commit.template [8ms]
2024-07-30 09:52:45.723 [info] > git for-each-ref --format=%(refname)%00%(upstream:short)%00%(objectname)%00%(upstream:track)%00%(upstream:remotename)%00%(upstream:remoteref) refs/heads/main refs/remotes/main [2ms]
2024-07-30 09:52:45.740 [info] > git status -z -uall [10ms]
2024-07-30 09:52:45.756 [info] > git for-each-ref --format=%(refname)%00%(upstream:short)%00%(objectname)%00%(upstream:track)%00%(upstream:remotename)%00%(upstream:remoteref) refs/heads/main refs/remotes/main [9ms]
2024-07-30 09:52:45.766 [info] > git config --local branch.main.vscode-merge-base [3ms]
2024-07-30 09:52:45.780 [info] > git for-each-ref --format=%(refname)%00%(upstream:short)%00%(objectname)%00%(upstream:track)%00%(upstream:remotename)%00%(upstream:remoteref) refs/heads/origin/master refs/remotes/origin/master [3ms]
2024-07-30 09:52:50.772 [info] > git config --get commit.template [9ms]
2024-07-30 09:52:50.774 [info] > git for-each-ref --format=%(refname)%00%(upstream:short)%00%(objectname)%00%(upstream:track)%00%(upstream:remotename)%00%(upstream:remoteref) refs/heads/main refs/remotes/main [3ms]
2024-07-30 09:52:50.783 [info] > git status -z -uall [4ms]
2024-07-30 09:52:50.791 [info] > git for-each-ref --format=%(refname)%00%(upstream:short)%00%(objectname)%00%(upstream:track)%00%(upstream:remotename)%00%(upstream:remoteref) refs/heads/main refs/remotes/main [3ms]
2024-07-30 09:52:50.797 [info] > git config --local branch.main.vscode-merge-base [2ms]
2024-07-30 09:52:50.805 [info] > git for-each-ref --format=%(refname)%00%(upstream:short)%00%(objectname)%00%(upstream:track)%00%(upstream:remotename)%00%(upstream:remoteref) refs/heads/origin/master refs/remotes/origin/master [3ms]
2024-07-30 09:52:55.847 [info] > git config --get commit.template [12ms]
2024-07-30 09:52:55.850 [info] > git for-each-ref --format=%(refname)%00%(upstream:short)%00%(objectname)%00%(upstream:track)%00%(upstream:remotename)%00%(upstream:remoteref) refs/heads/main refs/remotes/main [3ms]
2024-07-30 09:52:55.858 [info] > git status -z -uall [3ms]
2024-07-30 09:52:55.869 [info] > git for-each-ref --format=%(refname)%00%(upstream:short)%00%(objectname)%00%(upstream:track)%00%(upstream:remotename)%00%(upstream:remoteref) refs/heads/main refs/remotes/main [5ms]
2024-07-30 09:52:55.877 [info] > git config --local branch.main.vscode-merge-base [2ms]
2024-07-30 09:52:55.885 [info] > git for-each-ref --format=%(refname)%00%(upstream:short)%00%(objectname)%00%(upstream:track)%00%(upstream:remotename)%00%(upstream:remoteref) refs/heads/origin/master refs/remotes/origin/master [3ms]
2024-07-30 09:53:00.879 [info] > git config --get commit.template [7ms]
2024-07-30 09:53:00.881 [info] > git for-each-ref --format=%(refname)%00%(upstream:short)%00%(objectname)%00%(upstream:track)%00%(upstream:remotename)%00%(upstream:remoteref) refs/heads/main refs/remotes/main [3ms]
2024-07-30 09:53:00.891 [info] > git status -z -uall [0ms]
2024-07-30 09:53:00.907 [info] > git for-each-ref --format=%(refname)%00%(upstream:short)%00%(objectname)%00%(upstream:track)%00%(upstream:remotename)%00%(upstream:remoteref) refs/heads/main refs/remotes/main [2ms]
2024-07-30 09:53:00.915 [info] > git config --local branch.main.vscode-merge-base [2ms]
2024-07-30 09:53:00.923 [info] > git for-each-ref --format=%(refname)%00%(upstream:short)%00%(objectname)%00%(upstream:track)%00%(upstream:remotename)%00%(upstream:remoteref) refs/heads/origin/master refs/remotes/origin/master [2ms]
2024-07-30 09:53:05.923 [info] > git config --get commit.template [12ms]
2024-07-30 09:53:05.928 [info] > git for-each-ref --format=%(refname)%00%(upstream:short)%00%(objectname)%00%(upstream:track)%00%(upstream:remotename)%00%(upstream:remoteref) refs/heads/main refs/remotes/main [5ms]
2024-07-30 09:53:05.940 [info] > git status -z -uall [5ms]
2024-07-30 09:53:05.953 [info] > git for-each-ref --format=%(refname)%00%(upstream:short)%00%(objectname)%00%(upstream:track)%00%(upstream:remotename)%00%(upstream:remoteref) refs/heads/main refs/remotes/main [4ms]
2024-07-30 09:53:05.960 [info] > git config --local branch.main.vscode-merge-base [2ms]
2024-07-30 09:53:05.968 [info] > git for-each-ref --format=%(refname)%00%(upstream:short)%00%(objectname)%00%(upstream:track)%00%(upstream:remotename)%00%(upstream:remoteref) refs/heads/origin/master refs/remotes/origin/master [3ms]
2024-07-30 09:53:10.970 [info] > git config --get commit.template [11ms]
2024-07-30 09:53:10.973 [info] > git for-each-ref --format=%(refname)%00%(upstream:short)%00%(objectname)%00%(upstream:track)%00%(upstream:remotename)%00%(upstream:remoteref) refs/heads/main refs/remotes/main [4ms]
2024-07-30 09:53:10.985 [info] > git status -z -uall [5ms]
2024-07-30 09:53:10.996 [info] > git for-each-ref --format=%(refname)%00%(upstream:short)%00%(objectname)%00%(upstream:track)%00%(upstream:remotename)%00%(upstream:remoteref) refs/heads/main refs/remotes/main [6ms]
2024-07-30 09:53:11.003 [info] > git config --local branch.main.vscode-merge-base [2ms]
2024-07-30 09:53:11.010 [info] > git for-each-ref --format=%(refname)%00%(upstream:short)%00%(objectname)%00%(upstream:track)%00%(upstream:remotename)%00%(upstream:remoteref) refs/heads/origin/master refs/remotes/origin/master [2ms]
2024-07-30 09:53:16.004 [info] > git config --get commit.template [6ms]
2024-07-30 09:53:16.006 [info] > git for-each-ref --format=%(refname)%00%(upstream:short)%00%(objectname)%00%(upstream:track)%00%(upstream:remotename)%00%(upstream:remoteref) refs/heads/main refs/remotes/main [3ms]
2024-07-30 09:53:16.015 [info] > git status -z -uall [4ms]
2024-07-30 09:53:16.038 [info] > git for-each-ref --format=%(refname)%00%(upstream:short)%00%(objectname)%00%(upstream:track)%00%(upstream:remotename)%00%(upstream:remoteref) refs/heads/main refs/remotes/main [17ms]
2024-07-30 09:53:16.049 [info] > git config --local branch.main.vscode-merge-base [5ms]
2024-07-30 09:53:16.079 [info] > git for-each-ref --format=%(refname)%00%(upstream:short)%00%(objectname)%00%(upstream:track)%00%(upstream:remotename)%00%(upstream:remoteref) refs/heads/origin/master refs/remotes/origin/master [21ms]
2024-07-30 09:53:21.035 [info] > git config --get commit.template [6ms]
2024-07-30 09:53:21.037 [info] > git for-each-ref --format=%(refname)%00%(upstream:short)%00%(objectname)%00%(upstream:track)%00%(upstream:remotename)%00%(upstream:remoteref) refs/heads/main refs/remotes/main [3ms]
2024-07-30 09:53:21.046 [info] > git status -z -uall [3ms]
2024-07-30 09:53:21.055 [info] > git for-each-ref --format=%(refname)%00%(upstream:short)%00%(objectname)%00%(upstream:track)%00%(upstream:remotename)%00%(upstream:remoteref) refs/heads/main refs/remotes/main [3ms]
2024-07-30 09:53:21.063 [info] > git config --local branch.main.vscode-merge-base [3ms]
2024-07-30 09:53:21.070 [info] > git for-each-ref --format=%(refname)%00%(upstream:short)%00%(objectname)%00%(upstream:track)%00%(upstream:remotename)%00%(upstream:remoteref) refs/heads/origin/master refs/remotes/origin/master [3ms]
2024-07-30 09:53:26.069 [info] > git config --get commit.template [11ms]
2024-07-30 09:53:26.072 [info] > git for-each-ref --format=%(refname)%00%(upstream:short)%00%(objectname)%00%(upstream:track)%00%(upstream:remotename)%00%(upstream:remoteref) refs/heads/main refs/remotes/main [4ms]
2024-07-30 09:53:26.097 [info] > git status -z -uall [4ms]
2024-07-30 09:53:26.109 [info] > git for-each-ref --format=%(refname)%00%(upstream:short)%00%(objectname)%00%(upstream:track)%00%(upstream:remotename)%00%(upstream:remoteref) refs/heads/main refs/remotes/main [3ms]
2024-07-30 09:53:26.116 [info] > git config --local branch.main.vscode-merge-base [2ms]
2024-07-30 09:53:26.128 [info] > git for-each-ref --format=%(refname)%00%(upstream:short)%00%(objectname)%00%(upstream:track)%00%(upstream:remotename)%00%(upstream:remoteref) refs/heads/origin/master refs/remotes/origin/master [2ms]
2024-07-30 09:53:31.122 [info] > git config --get commit.template [8ms]
2024-07-30 09:53:31.122 [info] > git for-each-ref --format=%(refname)%00%(upstream:short)%00%(objectname)%00%(upstream:track)%00%(upstream:remotename)%00%(upstream:remoteref) refs/heads/main refs/remotes/main [3ms]
2024-07-30 09:53:31.131 [info] > git status -z -uall [4ms]
2024-07-30 09:53:31.139 [info] > git for-each-ref --format=%(refname)%00%(upstream:short)%00%(objectname)%00%(upstream:track)%00%(upstream:remotename)%00%(upstream:remoteref) refs/heads/main refs/remotes/main [3ms]
2024-07-30 09:53:31.145 [info] > git config --local branch.main.vscode-merge-base [2ms]
2024-07-30 09:53:31.153 [info] > git for-each-ref --format=%(refname)%00%(upstream:short)%00%(objectname)%00%(upstream:track)%00%(upstream:remotename)%00%(upstream:remoteref) refs/heads/origin/master refs/remotes/origin/master [3ms]
2024-07-30 09:53:36.153 [info] > git config --get commit.template [9ms]
2024-07-30 09:53:36.165 [info] > git for-each-ref --format=%(refname)%00%(upstream:short)%00%(objectname)%00%(upstream:track)%00%(upstream:remotename)%00%(upstream:remoteref) refs/heads/main refs/remotes/main [4ms]
2024-07-30 09:53:36.174 [info] > git status -z -uall [3ms]
2024-07-30 09:53:36.183 [info] > git for-each-ref --format=%(refname)%00%(upstream:short)%00%(objectname)%00%(upstream:track)%00%(upstream:remotename)%00%(upstream:remoteref) refs/heads/main refs/remotes/main [3ms]
2024-07-30 09:53:36.191 [info] > git config --local branch.main.vscode-merge-base [3ms]
2024-07-30 09:53:36.199 [info] > git for-each-ref --format=%(refname)%00%(upstream:short)%00%(objectname)%00%(upstream:track)%00%(upstream:remotename)%00%(upstream:remoteref) refs/heads/origin/master refs/remotes/origin/master [3ms]
2024-07-30 09:53:41.193 [info] > git config --get commit.template [6ms]
2024-07-30 09:53:41.195 [info] > git for-each-ref --format=%(refname)%00%(upstream:short)%00%(objectname)%00%(upstream:track)%00%(upstream:remotename)%00%(upstream:remoteref) refs/heads/main refs/remotes/main [2ms]
2024-07-30 09:53:41.203 [info] > git status -z -uall [4ms]
2024-07-30 09:53:41.212 [info] > git for-each-ref --format=%(refname)%00%(upstream:short)%00%(objectname)%00%(upstream:track)%00%(upstream:remotename)%00%(upstream:remoteref) refs/heads/main refs/remotes/main [4ms]
2024-07-30 09:53:41.219 [info] > git config --local branch.main.vscode-merge-base [2ms]
2024-07-30 09:53:41.226 [info] > git for-each-ref --format=%(refname)%00%(upstream:short)%00%(objectname)%00%(upstream:track)%00%(upstream:remotename)%00%(upstream:remoteref) refs/heads/origin/master refs/remotes/origin/master [3ms]
2024-07-30 09:53:46.226 [info] > git config --get commit.template [8ms]
2024-07-30 09:53:46.228 [info] > git for-each-ref --format=%(refname)%00%(upstream:short)%00%(objectname)%00%(upstream:track)%00%(upstream:remotename)%00%(upstream:remoteref) refs/heads/main refs/remotes/main [3ms]
2024-07-30 09:53:46.239 [info] > git status -z -uall [5ms]
2024-07-30 09:53:46.249 [info] > git for-each-ref --format=%(refname)%00%(upstream:short)%00%(objectname)%00%(upstream:track)%00%(upstream:remotename)%00%(upstream:remoteref) refs/heads/main refs/remotes/main [3ms]
2024-07-30 09:53:46.259 [info] > git config --local branch.main.vscode-merge-base [4ms]
2024-07-30 09:53:46.268 [info] > git for-each-ref --format=%(refname)%00%(upstream:short)%00%(objectname)%00%(upstream:track)%00%(upstream:remotename)%00%(upstream:remoteref) refs/heads/origin/master refs/remotes/origin/master [3ms]
2024-07-30 09:53:51.258 [info] > git config --get commit.template [5ms]
2024-07-30 09:53:51.260 [info] > git for-each-ref --format=%(refname)%00%(upstream:short)%00%(objectname)%00%(upstream:track)%00%(upstream:remotename)%00%(upstream:remoteref) refs/heads/main refs/remotes/main [2ms]
2024-07-30 09:53:51.269 [info] > git status -z -uall [4ms]
2024-07-30 09:53:51.279 [info] > git for-each-ref --format=%(refname)%00%(upstream:short)%00%(objectname)%00%(upstream:track)%00%(upstream:remotename)%00%(upstream:remoteref) refs/heads/main refs/remotes/main [3ms]
2024-07-30 09:53:51.286 [info] > git config --local branch.main.vscode-merge-base [2ms]
2024-07-30 09:53:51.295 [info] > git for-each-ref --format=%(refname)%00%(upstream:short)%00%(objectname)%00%(upstream:track)%00%(upstream:remotename)%00%(upstream:remoteref) refs/heads/origin/master refs/remotes/origin/master [2ms]
2024-07-30 09:53:56.290 [info] > git config --get commit.template [6ms]
2024-07-30 09:53:56.292 [info] > git for-each-ref --format=%(refname)%00%(upstream:short)%00%(objectname)%00%(upstream:track)%00%(upstream:remotename)%00%(upstream:remoteref) refs/heads/main refs/remotes/main [2ms]
2024-07-30 09:53:56.300 [info] > git status -z -uall [4ms]
2024-07-30 09:53:56.311 [info] > git for-each-ref --format=%(refname)%00%(upstream:short)%00%(objectname)%00%(upstream:track)%00%(upstream:remotename)%00%(upstream:remoteref) refs/heads/main refs/remotes/main [4ms]
2024-07-30 09:53:56.319 [info] > git config --local branch.main.vscode-merge-base [2ms]
2024-07-30 09:53:56.343 [info] > git for-each-ref --format=%(refname)%00%(upstream:short)%00%(objectname)%00%(upstream:track)%00%(upstream:remotename)%00%(upstream:remoteref) refs/heads/origin/master refs/remotes/origin/master [1ms]
2024-07-30 09:54:01.326 [info] > git config --get commit.template [7ms]
2024-07-30 09:54:01.328 [info] > git for-each-ref --format=%(refname)%00%(upstream:short)%00%(objectname)%00%(upstream:track)%00%(upstream:remotename)%00%(upstream:remoteref) refs/heads/main refs/remotes/main [3ms]
2024-07-30 09:54:01.337 [info] > git status -z -uall [4ms]
2024-07-30 09:54:01.346 [info] > git for-each-ref --format=%(refname)%00%(upstream:short)%00%(objectname)%00%(upstream:track)%00%(upstream:remotename)%00%(upstream:remoteref) refs/heads/main refs/remotes/main [3ms]
2024-07-30 09:54:01.353 [info] > git config --local branch.main.vscode-merge-base [2ms]
2024-07-30 09:54:01.360 [info] > git for-each-ref --format=%(refname)%00%(upstream:short)%00%(objectname)%00%(upstream:track)%00%(upstream:remotename)%00%(upstream:remoteref) refs/heads/origin/master refs/remotes/origin/master [2ms]
2024-07-30 09:54:06.360 [info] > git config --get commit.template [8ms]
2024-07-30 09:54:06.363 [info] > git for-each-ref --format=%(refname)%00%(upstream:short)%00%(objectname)%00%(upstream:track)%00%(upstream:remotename)%00%(upstream:remoteref) refs/heads/main refs/remotes/main [4ms]
2024-07-30 09:54:06.373 [info] > git status -z -uall [4ms]
2024-07-30 09:54:06.383 [info] > git for-each-ref --format=%(refname)%00%(upstream:short)%00%(objectname)%00%(upstream:track)%00%(upstream:remotename)%00%(upstream:remoteref) refs/heads/main refs/remotes/main [4ms]
2024-07-30 09:54:06.393 [info] > git config --local branch.main.vscode-merge-base [2ms]
2024-07-30 09:54:06.406 [info] > git for-each-ref --format=%(refname)%00%(upstream:short)%00%(objectname)%00%(upstream:track)%00%(upstream:remotename)%00%(upstream:remoteref) refs/heads/origin/master refs/remotes/origin/master [4ms]
2024-07-30 09:54:11.394 [info] > git config --get commit.template [7ms]
2024-07-30 09:54:11.396 [info] > git for-each-ref --format=%(refname)%00%(upstream:short)%00%(objectname)%00%(upstream:track)%00%(upstream:remotename)%00%(upstream:remoteref) refs/heads/main refs/remotes/main [3ms]
2024-07-30 09:54:11.404 [info] > git status -z -uall [4ms]
2024-07-30 09:54:11.413 [info] > git for-each-ref --format=%(refname)%00%(upstream:short)%00%(objectname)%00%(upstream:track)%00%(upstream:remotename)%00%(upstream:remoteref) refs/heads/main refs/remotes/main [4ms]
2024-07-30 09:54:11.420 [info] > git config --local branch.main.vscode-merge-base [3ms]
2024-07-30 09:54:11.430 [info] > git for-each-ref --format=%(refname)%00%(upstream:short)%00%(objectname)%00%(upstream:track)%00%(upstream:remotename)%00%(upstream:remoteref) refs/heads/origin/master refs/remotes/origin/master [5ms]
2024-07-30 09:54:23.292 [info] > git config --get commit.template [7ms]
2024-07-30 09:54:23.294 [info] > git for-each-ref --format=%(refname)%00%(upstream:short)%00%(objectname)%00%(upstream:track)%00%(upstream:remotename)%00%(upstream:remoteref) refs/heads/main refs/remotes/main [3ms]
2024-07-30 09:54:23.307 [info] > git status -z -uall [5ms]
2024-07-30 09:54:23.322 [info] > git for-each-ref --format=%(refname)%00%(upstream:short)%00%(objectname)%00%(upstream:track)%00%(upstream:remotename)%00%(upstream:remoteref) refs/heads/main refs/remotes/main [5ms]
2024-07-30 09:54:23.331 [info] > git config --local branch.main.vscode-merge-base [2ms]
2024-07-30 09:54:23.339 [info] > git for-each-ref --format=%(refname)%00%(upstream:short)%00%(objectname)%00%(upstream:track)%00%(upstream:remotename)%00%(upstream:remoteref) refs/heads/origin/master refs/remotes/origin/master [2ms]
2024-07-30 09:54:28.337 [info] > git config --get commit.template [10ms]
2024-07-30 09:54:28.342 [info] > git for-each-ref --format=%(refname)%00%(upstream:short)%00%(objectname)%00%(upstream:track)%00%(upstream:remotename)%00%(upstream:remoteref) refs/heads/main refs/remotes/main [6ms]
2024-07-30 09:54:28.357 [info] > git status -z -uall [5ms]
2024-07-30 09:54:28.379 [info] > git for-each-ref --format=%(refname)%00%(upstream:short)%00%(objectname)%00%(upstream:track)%00%(upstream:remotename)%00%(upstream:remoteref) refs/heads/main refs/remotes/main [13ms]
2024-07-30 09:54:28.394 [info] > git config --local branch.main.vscode-merge-base [7ms]
2024-07-30 09:54:28.408 [info] > git for-each-ref --format=%(refname)%00%(upstream:short)%00%(objectname)%00%(upstream:track)%00%(upstream:remotename)%00%(upstream:remoteref) refs/heads/origin/master refs/remotes/origin/master [10ms]
2024-07-30 09:54:35.929 [info] > git config --get commit.template [6ms]
2024-07-30 09:54:35.931 [info] > git for-each-ref --format=%(refname)%00%(upstream:short)%00%(objectname)%00%(upstream:track)%00%(upstream:remotename)%00%(upstream:remoteref) refs/heads/main refs/remotes/main [3ms]
2024-07-30 09:54:35.939 [info] > git status -z -uall [3ms]
2024-07-30 09:54:35.948 [info] > git for-each-ref --format=%(refname)%00%(upstream:short)%00%(objectname)%00%(upstream:track)%00%(upstream:remotename)%00%(upstream:remoteref) refs/heads/main refs/remotes/main [3ms]
2024-07-30 09:54:35.954 [info] > git config --local branch.main.vscode-merge-base [2ms]
2024-07-30 09:54:35.962 [info] > git for-each-ref --format=%(refname)%00%(upstream:short)%00%(objectname)%00%(upstream:track)%00%(upstream:remotename)%00%(upstream:remoteref) refs/heads/origin/master refs/remotes/origin/master [3ms]
2024-07-30 09:54:40.965 [info] > git config --get commit.template [12ms]
2024-07-30 09:54:40.967 [info] > git for-each-ref --format=%(refname)%00%(upstream:short)%00%(objectname)%00%(upstream:track)%00%(upstream:remotename)%00%(upstream:remoteref) refs/heads/main refs/remotes/main [3ms]
2024-07-30 09:54:40.976 [info] > git status -z -uall [3ms]
2024-07-30 09:54:40.988 [info] > git for-each-ref --format=%(refname)%00%(upstream:short)%00%(objectname)%00%(upstream:track)%00%(upstream:remotename)%00%(upstream:remoteref) refs/heads/main refs/remotes/main [6ms]
2024-07-30 09:54:40.998 [info] > git config --local branch.main.vscode-merge-base [4ms]
2024-07-30 09:54:41.007 [info] > git for-each-ref --format=%(refname)%00%(upstream:short)%00%(objectname)%00%(upstream:track)%00%(upstream:remotename)%00%(upstream:remoteref) refs/heads/origin/master refs/remotes/origin/master [3ms]
2024-07-30 09:54:45.999 [info] > git config --get commit.template [9ms]
2024-07-30 09:54:46.003 [info] > git for-each-ref --format=%(refname)%00%(upstream:short)%00%(objectname)%00%(upstream:track)%00%(upstream:remotename)%00%(upstream:remoteref) refs/heads/main refs/remotes/main [5ms]
2024-07-30 09:54:46.015 [info] > git status -z -uall [5ms]
2024-07-30 09:54:46.025 [info] > git for-each-ref --format=%(refname)%00%(upstream:short)%00%(objectname)%00%(upstream:track)%00%(upstream:remotename)%00%(upstream:remoteref) refs/heads/main refs/remotes/main [3ms]
2024-07-30 09:54:46.032 [info] > git config --local branch.main.vscode-merge-base [2ms]
2024-07-30 09:54:46.039 [info] > git for-each-ref --format=%(refname)%00%(upstream:short)%00%(objectname)%00%(upstream:track)%00%(upstream:remotename)%00%(upstream:remoteref) refs/heads/origin/master refs/remotes/origin/master [2ms]
2024-07-30 09:54:51.039 [info] > git config --get commit.template [8ms]
2024-07-30 09:54:51.041 [info] > git for-each-ref --format=%(refname)%00%(upstream:short)%00%(objectname)%00%(upstream:track)%00%(upstream:remotename)%00%(upstream:remoteref) refs/heads/main refs/remotes/main [3ms]
2024-07-30 09:54:51.051 [info] > git status -z -uall [5ms]
2024-07-30 09:54:51.060 [info] > git for-each-ref --format=%(refname)%00%(upstream:short)%00%(objectname)%00%(upstream:track)%00%(upstream:remotename)%00%(upstream:remoteref) refs/heads/main refs/remotes/main [4ms]
2024-07-30 09:54:51.067 [info] > git config --local branch.main.vscode-merge-base [2ms]
2024-07-30 09:54:51.075 [info] > git for-each-ref --format=%(refname)%00%(upstream:short)%00%(objectname)%00%(upstream:track)%00%(upstream:remotename)%00%(upstream:remoteref) refs/heads/origin/master refs/remotes/origin/master [3ms]
2024-07-30 09:55:00.530 [info] > git config --get commit.template [1ms]
2024-07-30 09:55:00.550 [info] > git for-each-ref --format=%(refname)%00%(upstream:short)%00%(objectname)%00%(upstream:track)%00%(upstream:remotename)%00%(upstream:remoteref) refs/heads/main refs/remotes/main [6ms]
2024-07-30 09:55:00.563 [info] > git status -z -uall [7ms]
2024-07-30 09:55:00.571 [info] > git for-each-ref --format=%(refname)%00%(upstream:short)%00%(objectname)%00%(upstream:track)%00%(upstream:remotename)%00%(upstream:remoteref) refs/heads/main refs/remotes/main [3ms]
2024-07-30 09:55:00.578 [info] > git config --local branch.main.vscode-merge-base [2ms]
2024-07-30 09:55:00.585 [info] > git for-each-ref --format=%(refname)%00%(upstream:short)%00%(objectname)%00%(upstream:track)%00%(upstream:remotename)%00%(upstream:remoteref) refs/heads/origin/master refs/remotes/origin/master [3ms]
2024-07-30 09:55:11.094 [info] > git config --get commit.template [6ms]
2024-07-30 09:55:11.096 [info] > git for-each-ref --format=%(refname)%00%(upstream:short)%00%(objectname)%00%(upstream:track)%00%(upstream:remotename)%00%(upstream:remoteref) refs/heads/main refs/remotes/main [3ms]
2024-07-30 09:55:11.106 [info] > git status -z -uall [4ms]
2024-07-30 09:55:11.115 [info] > git for-each-ref --format=%(refname)%00%(upstream:short)%00%(objectname)%00%(upstream:track)%00%(upstream:remotename)%00%(upstream:remoteref) refs/heads/main refs/remotes/main [3ms]
2024-07-30 09:55:11.121 [info] > git config --local branch.main.vscode-merge-base [2ms]
2024-07-30 09:55:11.129 [info] > git for-each-ref --format=%(refname)%00%(upstream:short)%00%(objectname)%00%(upstream:track)%00%(upstream:remotename)%00%(upstream:remoteref) refs/heads/origin/master refs/remotes/origin/master [3ms]
2024-07-30 09:55:16.125 [info] > git config --get commit.template [2ms]
2024-07-30 09:55:16.134 [info] > git for-each-ref --format=%(refname)%00%(upstream:short)%00%(objectname)%00%(upstream:track)%00%(upstream:remotename)%00%(upstream:remoteref) refs/heads/main refs/remotes/main [3ms]
2024-07-30 09:55:16.142 [info] > git status -z -uall [3ms]
2024-07-30 09:55:16.151 [info] > git for-each-ref --format=%(refname)%00%(upstream:short)%00%(objectname)%00%(upstream:track)%00%(upstream:remotename)%00%(upstream:remoteref) refs/heads/main refs/remotes/main [3ms]
2024-07-30 09:55:16.158 [info] > git config --local branch.main.vscode-merge-base [2ms]
2024-07-30 09:55:16.165 [info] > git for-each-ref --format=%(refname)%00%(upstream:short)%00%(objectname)%00%(upstream:track)%00%(upstream:remotename)%00%(upstream:remoteref) refs/heads/origin/master refs/remotes/origin/master [2ms]
2024-07-30 09:55:21.160 [info] > git config --get commit.template [6ms]
2024-07-30 09:55:21.162 [info] > git for-each-ref --format=%(refname)%00%(upstream:short)%00%(objectname)%00%(upstream:track)%00%(upstream:remotename)%00%(upstream:remoteref) refs/heads/main refs/remotes/main [3ms]
2024-07-30 09:55:21.171 [info] > git status -z -uall [3ms]
2024-07-30 09:55:21.179 [info] > git for-each-ref --format=%(refname)%00%(upstream:short)%00%(objectname)%00%(upstream:track)%00%(upstream:remotename)%00%(upstream:remoteref) refs/heads/main refs/remotes/main [3ms]
2024-07-30 09:55:21.186 [info] > git config --local branch.main.vscode-merge-base [3ms]
2024-07-30 09:55:21.193 [info] > git for-each-ref --format=%(refname)%00%(upstream:short)%00%(objectname)%00%(upstream:track)%00%(upstream:remotename)%00%(upstream:remoteref) refs/heads/origin/master refs/remotes/origin/master [3ms]
2024-07-30 09:55:26.193 [info] > git config --get commit.template [8ms]
2024-07-30 09:55:26.195 [info] > git for-each-ref --format=%(refname)%00%(upstream:short)%00%(objectname)%00%(upstream:track)%00%(upstream:remotename)%00%(upstream:remoteref) refs/heads/main refs/remotes/main [3ms]
2024-07-30 09:55:26.205 [info] > git status -z -uall [4ms]
2024-07-30 09:55:26.226 [info] > git for-each-ref --format=%(refname)%00%(upstream:short)%00%(objectname)%00%(upstream:track)%00%(upstream:remotename)%00%(upstream:remoteref) refs/heads/main refs/remotes/main [6ms]
2024-07-30 09:55:26.233 [info] > git config --local branch.main.vscode-merge-base [3ms]
2024-07-30 09:55:26.240 [info] > git for-each-ref --format=%(refname)%00%(upstream:short)%00%(objectname)%00%(upstream:track)%00%(upstream:remotename)%00%(upstream:remoteref) refs/heads/origin/master refs/remotes/origin/master [2ms]
2024-07-30 09:55:31.263 [info] > git config --get commit.template [24ms]
2024-07-30 09:55:31.277 [info] > git for-each-ref --format=%(refname)%00%(upstream:short)%00%(objectname)%00%(upstream:track)%00%(upstream:remotename)%00%(upstream:remoteref) refs/heads/main refs/remotes/main [15ms]
2024-07-30 09:55:31.306 [info] > git status -z -uall [13ms]
2024-07-30 09:55:31.325 [info] > git for-each-ref --format=%(refname)%00%(upstream:short)%00%(objectname)%00%(upstream:track)%00%(upstream:remotename)%00%(upstream:remoteref) refs/heads/main refs/remotes/main [6ms]
2024-07-30 09:55:31.369 [info] > git config --local branch.main.vscode-merge-base [19ms]
2024-07-30 09:55:31.385 [info] > git for-each-ref --format=%(refname)%00%(upstream:short)%00%(objectname)%00%(upstream:track)%00%(upstream:remotename)%00%(upstream:remoteref) refs/heads/origin/master refs/remotes/origin/master [10ms]
2024-07-30 09:56:07.071 [info] > git show --textconv :autobudget/autobudget-main/conception/test.md [11ms]
2024-07-30 09:56:07.076 [info] > git ls-files --stage -- /home/student/E01-S04-AutoBudget-cedricRGT45/autobudget/autobudget-main/conception/test.md [5ms]
2024-07-30 09:56:07.084 [info] > git cat-file -s d688e21c2961b0b98619b4df124d0cd8f4a94c72 [4ms]
2024-07-30 09:56:26.321 [info] > git check-ignore -v -z --stdin [2ms]
2024-07-30 09:56:27.290 [info] > git show --textconv :autobudget/autobudget-main/backend/data/data.json [26ms]
2024-07-30 09:56:27.308 [info] > git ls-files --stage -- /home/student/E01-S04-AutoBudget-cedricRGT45/autobudget/autobudget-main/backend/data/data.json [38ms]
2024-07-30 09:56:27.321 [info] > git cat-file -s ff13811b32a308e595dbd3318386b6f75f5f9ef5 [7ms]
2024-07-30 09:57:10.381 [info] > git show --textconv :autobudget/autobudget-main/conception/diagrammes/usercase.puml [7ms]
2024-07-30 09:57:10.382 [info] > git ls-files --stage -- /home/student/E01-S04-AutoBudget-cedricRGT45/autobudget/autobudget-main/conception/diagrammes/usercase.puml [3ms]
2024-07-30 09:57:10.389 [info] > git cat-file -s 63a92ada321074bd3acb1658d1335e0fbd532047 [3ms]
2024-07-30 09:58:05.561 [info] > git config --get commit.template [30ms]
2024-07-30 09:58:05.565 [info] > git for-each-ref --format=%(refname)%00%(upstream:short)%00%(objectname)%00%(upstream:track)%00%(upstream:remotename)%00%(upstream:remoteref) refs/heads/main refs/remotes/main [14ms]
2024-07-30 09:58:05.597 [info] > git status -z -uall [18ms]
2024-07-30 09:58:05.626 [info] > git for-each-ref --format=%(refname)%00%(upstream:short)%00%(objectname)%00%(upstream:track)%00%(upstream:remotename)%00%(upstream:remoteref) refs/heads/main refs/remotes/main [11ms]
2024-07-30 09:58:05.658 [info] > git config --local branch.main.vscode-merge-base [14ms]
2024-07-30 09:58:05.701 [info] > git for-each-ref --format=%(refname)%00%(upstream:short)%00%(objectname)%00%(upstream:track)%00%(upstream:remotename)%00%(upstream:remoteref) refs/heads/origin/master refs/remotes/origin/master [15ms]
2024-07-30 09:58:12.586 [info] > git config --get commit.template [21ms]
2024-07-30 09:58:12.590 [info] > git for-each-ref --format=%(refname)%00%(upstream:short)%00%(objectname)%00%(upstream:track)%00%(upstream:remotename)%00%(upstream:remoteref) refs/heads/main refs/remotes/main [5ms]
2024-07-30 09:58:12.632 [info] > git status -z -uall [25ms]
2024-07-30 09:58:12.696 [info] > git for-each-ref --format=%(refname)%00%(upstream:short)%00%(objectname)%00%(upstream:track)%00%(upstream:remotename)%00%(upstream:remoteref) refs/heads/main refs/remotes/main [29ms]
2024-07-30 09:58:12.730 [info] > git config --local branch.main.vscode-merge-base [16ms]
2024-07-30 09:58:12.743 [info] > git for-each-ref --format=%(refname)%00%(upstream:short)%00%(objectname)%00%(upstream:track)%00%(upstream:remotename)%00%(upstream:remoteref) refs/heads/origin/master refs/remotes/origin/master [6ms]
2024-07-30 09:58:46.797 [info] > git config --get commit.template [26ms]
2024-07-30 09:58:46.800 [info] > git for-each-ref --format=%(refname)%00%(upstream:short)%00%(objectname)%00%(upstream:track)%00%(upstream:remotename)%00%(upstream:remoteref) refs/heads/main refs/remotes/main [4ms]
2024-07-30 09:58:46.843 [info] > git status -z -uall [21ms]
2024-07-30 09:58:46.878 [info] > git for-each-ref --format=%(refname)%00%(upstream:short)%00%(objectname)%00%(upstream:track)%00%(upstream:remotename)%00%(upstream:remoteref) refs/heads/main refs/remotes/main [18ms]
2024-07-30 09:58:46.890 [info] > git config --local branch.main.vscode-merge-base [2ms]
2024-07-30 09:58:46.917 [info] > git for-each-ref --format=%(refname)%00%(upstream:short)%00%(objectname)%00%(upstream:track)%00%(upstream:remotename)%00%(upstream:remoteref) refs/heads/origin/master refs/remotes/origin/master [13ms]
2024-07-30 10:10:02.197 [info] > git config --get commit.template [29ms]
2024-07-30 10:10:02.217 [info] > git for-each-ref --format=%(refname)%00%(upstream:short)%00%(objectname)%00%(upstream:track)%00%(upstream:remotename)%00%(upstream:remoteref) refs/heads/main refs/remotes/main [21ms]
2024-07-30 10:10:02.265 [info] > git status -z -uall [15ms]
2024-07-30 10:10:02.292 [info] > git for-each-ref --format=%(refname)%00%(upstream:short)%00%(objectname)%00%(upstream:track)%00%(upstream:remotename)%00%(upstream:remoteref) refs/heads/main refs/remotes/main [8ms]
2024-07-30 10:10:02.318 [info] > git config --local branch.main.vscode-merge-base [7ms]
2024-07-30 10:10:02.348 [info] > git for-each-ref --format=%(refname)%00%(upstream:short)%00%(objectname)%00%(upstream:track)%00%(upstream:remotename)%00%(upstream:remoteref) refs/heads/origin/master refs/remotes/origin/master [13ms]
2024-07-30 10:10:15.841 [info] > git config --get commit.template [15ms]
2024-07-30 10:10:15.851 [info] > git for-each-ref --format=%(refname)%00%(upstream:short)%00%(objectname)%00%(upstream:track)%00%(upstream:remotename)%00%(upstream:remoteref) refs/heads/main refs/remotes/main [11ms]
2024-07-30 10:10:15.882 [info] > git status -z -uall [11ms]
2024-07-30 10:10:15.909 [info] > git for-each-ref --format=%(refname)%00%(upstream:short)%00%(objectname)%00%(upstream:track)%00%(upstream:remotename)%00%(upstream:remoteref) refs/heads/main refs/remotes/main [10ms]
2024-07-30 10:10:15.933 [info] > git config --local branch.main.vscode-merge-base [13ms]
2024-07-30 10:10:15.954 [info] > git for-each-ref --format=%(refname)%00%(upstream:short)%00%(objectname)%00%(upstream:track)%00%(upstream:remotename)%00%(upstream:remoteref) refs/heads/origin/master refs/remotes/origin/master [11ms]
2024-07-30 10:10:20.949 [info] > git config --get commit.template [22ms]
2024-07-30 10:10:20.958 [info] > git for-each-ref --format=%(refname)%00%(upstream:short)%00%(objectname)%00%(upstream:track)%00%(upstream:remotename)%00%(upstream:remoteref) refs/heads/main refs/remotes/main [15ms]
2024-07-30 10:10:20.981 [info] > git status -z -uall [12ms]
2024-07-30 10:10:21.014 [info] > git for-each-ref --format=%(refname)%00%(upstream:short)%00%(objectname)%00%(upstream:track)%00%(upstream:remotename)%00%(upstream:remoteref) refs/heads/main refs/remotes/main [8ms]
2024-07-30 10:10:21.035 [info] > git config --local branch.main.vscode-merge-base [12ms]
2024-07-30 10:10:21.048 [info] > git for-each-ref --format=%(refname)%00%(upstream:short)%00%(objectname)%00%(upstream:track)%00%(upstream:remotename)%00%(upstream:remoteref) refs/heads/origin/master refs/remotes/origin/master [7ms]
2024-07-30 10:10:26.052 [info] > git config --get commit.template [18ms]
2024-07-30 10:10:26.057 [info] > git for-each-ref --format=%(refname)%00%(upstream:short)%00%(objectname)%00%(upstream:track)%00%(upstream:remotename)%00%(upstream:remoteref) refs/heads/main refs/remotes/main [6ms]
2024-07-30 10:10:26.081 [info] > git status -z -uall [9ms]
2024-07-30 10:10:26.094 [info] > git for-each-ref --format=%(refname)%00%(upstream:short)%00%(objectname)%00%(upstream:track)%00%(upstream:remotename)%00%(upstream:remoteref) refs/heads/main refs/remotes/main [5ms]
2024-07-30 10:10:26.102 [info] > git config --local branch.main.vscode-merge-base [3ms]
2024-07-30 10:10:26.112 [info] > git for-each-ref --format=%(refname)%00%(upstream:short)%00%(objectname)%00%(upstream:track)%00%(upstream:remotename)%00%(upstream:remoteref) refs/heads/origin/master refs/remotes/origin/master [3ms]
2024-07-30 10:10:31.127 [info] > git config --get commit.template [20ms]
2024-07-30 10:10:31.142 [info] > git for-each-ref --format=%(refname)%00%(upstream:short)%00%(objectname)%00%(upstream:track)%00%(upstream:remotename)%00%(upstream:remoteref) refs/heads/main refs/remotes/main [15ms]
2024-07-30 10:10:31.178 [info] > git status -z -uall [17ms]
2024-07-30 10:10:31.205 [info] > git for-each-ref --format=%(refname)%00%(upstream:short)%00%(objectname)%00%(upstream:track)%00%(upstream:remotename)%00%(upstream:remoteref) refs/heads/main refs/remotes/main [17ms]
2024-07-30 10:10:31.231 [info] > git config --local branch.main.vscode-merge-base [4ms]
2024-07-30 10:10:31.261 [info] > git for-each-ref --format=%(refname)%00%(upstream:short)%00%(objectname)%00%(upstream:track)%00%(upstream:remotename)%00%(upstream:remoteref) refs/heads/origin/master refs/remotes/origin/master [13ms]
2024-07-30 10:10:49.501 [info] > git config --get commit.template [45ms]
2024-07-30 10:10:49.514 [info] > git for-each-ref --format=%(refname)%00%(upstream:short)%00%(objectname)%00%(upstream:track)%00%(upstream:remotename)%00%(upstream:remoteref) refs/heads/main refs/remotes/main [17ms]
2024-07-30 10:10:49.550 [info] > git status -z -uall [13ms]
2024-07-30 10:10:49.581 [info] > git for-each-ref --format=%(refname)%00%(upstream:short)%00%(objectname)%00%(upstream:track)%00%(upstream:remotename)%00%(upstream:remoteref) refs/heads/main refs/remotes/main [12ms]
2024-07-30 10:10:49.605 [info] > git config --local branch.main.vscode-merge-base [8ms]
2024-07-30 10:10:49.623 [info] > git for-each-ref --format=%(refname)%00%(upstream:short)%00%(objectname)%00%(upstream:track)%00%(upstream:remotename)%00%(upstream:remoteref) refs/heads/origin/master refs/remotes/origin/master [9ms]
2024-07-30 10:10:54.598 [info] > git config --get commit.template [13ms]
2024-07-30 10:10:54.604 [info] > git for-each-ref --format=%(refname)%00%(upstream:short)%00%(objectname)%00%(upstream:track)%00%(upstream:remotename)%00%(upstream:remoteref) refs/heads/main refs/remotes/main [6ms]
2024-07-30 10:10:54.624 [info] > git status -z -uall [5ms]
2024-07-30 10:10:54.647 [info] > git for-each-ref --format=%(refname)%00%(upstream:short)%00%(objectname)%00%(upstream:track)%00%(upstream:remotename)%00%(upstream:remoteref) refs/heads/main refs/remotes/main [7ms]
2024-07-30 10:10:54.666 [info] > git config --local branch.main.vscode-merge-base [3ms]
2024-07-30 10:10:54.684 [info] > git for-each-ref --format=%(refname)%00%(upstream:short)%00%(objectname)%00%(upstream:track)%00%(upstream:remotename)%00%(upstream:remoteref) refs/heads/origin/master refs/remotes/origin/master [3ms]
2024-07-30 10:11:24.177 [info] > git config --get commit.template [14ms]
2024-07-30 10:11:24.191 [info] > git for-each-ref --format=%(refname)%00%(upstream:short)%00%(objectname)%00%(upstream:track)%00%(upstream:remotename)%00%(upstream:remoteref) refs/heads/main refs/remotes/main [15ms]
2024-07-30 10:11:24.217 [info] > git status -z -uall [14ms]
2024-07-30 10:11:24.249 [info] > git for-each-ref --format=%(refname)%00%(upstream:short)%00%(objectname)%00%(upstream:track)%00%(upstream:remotename)%00%(upstream:remoteref) refs/heads/main refs/remotes/main [21ms]
2024-07-30 10:11:24.278 [info] > git config --local branch.main.vscode-merge-base [12ms]
2024-07-30 10:11:24.307 [info] > git for-each-ref --format=%(refname)%00%(upstream:short)%00%(objectname)%00%(upstream:track)%00%(upstream:remotename)%00%(upstream:remoteref) refs/heads/origin/master refs/remotes/origin/master [15ms]
2024-07-30 10:11:54.251 [info] > git config --get commit.template [14ms]
2024-07-30 10:11:54.264 [info] > git for-each-ref --format=%(refname)%00%(upstream:short)%00%(objectname)%00%(upstream:track)%00%(upstream:remotename)%00%(upstream:remoteref) refs/heads/main refs/remotes/main [15ms]
2024-07-30 10:11:54.305 [info] > git status -z -uall [20ms]
2024-07-30 10:11:54.341 [info] > git for-each-ref --format=%(refname)%00%(upstream:short)%00%(objectname)%00%(upstream:track)%00%(upstream:remotename)%00%(upstream:remoteref) refs/heads/main refs/remotes/main [16ms]
2024-07-30 10:11:54.374 [info] > git config --local branch.main.vscode-merge-base [9ms]
2024-07-30 10:11:54.404 [info] > git for-each-ref --format=%(refname)%00%(upstream:short)%00%(objectname)%00%(upstream:track)%00%(upstream:remotename)%00%(upstream:remoteref) refs/heads/origin/master refs/remotes/origin/master [15ms]
2024-07-30 10:12:21.171 [info] > git config --get commit.template [14ms]
2024-07-30 10:12:21.182 [info] > git for-each-ref --format=%(refname)%00%(upstream:short)%00%(objectname)%00%(upstream:track)%00%(upstream:remotename)%00%(upstream:remoteref) refs/heads/main refs/remotes/main [12ms]
2024-07-30 10:12:21.213 [info] > git status -z -uall [22ms]
2024-07-30 10:12:21.241 [info] > git for-each-ref --format=%(refname)%00%(upstream:short)%00%(objectname)%00%(upstream:track)%00%(upstream:remotename)%00%(upstream:remoteref) refs/heads/main refs/remotes/main [2ms]
2024-07-30 10:12:21.275 [info] > git config --local branch.main.vscode-merge-base [2ms]
2024-07-30 10:12:21.299 [info] > git for-each-ref --format=%(refname)%00%(upstream:short)%00%(objectname)%00%(upstream:track)%00%(upstream:remotename)%00%(upstream:remoteref) refs/heads/origin/master refs/remotes/origin/master [2ms]
2024-07-30 10:12:26.273 [info] > git config --get commit.template [20ms]
2024-07-30 10:12:26.281 [info] > git for-each-ref --format=%(refname)%00%(upstream:short)%00%(objectname)%00%(upstream:track)%00%(upstream:remotename)%00%(upstream:remoteref) refs/heads/main refs/remotes/main [10ms]
2024-07-30 10:12:26.321 [info] > git status -z -uall [17ms]
2024-07-30 10:12:26.348 [info] > git for-each-ref --format=%(refname)%00%(upstream:short)%00%(objectname)%00%(upstream:track)%00%(upstream:remotename)%00%(upstream:remoteref) refs/heads/main refs/remotes/main [19ms]
2024-07-30 10:12:26.377 [info] > git config --local branch.main.vscode-merge-base [19ms]
2024-07-30 10:12:26.412 [info] > git for-each-ref --format=%(refname)%00%(upstream:short)%00%(objectname)%00%(upstream:track)%00%(upstream:remotename)%00%(upstream:remoteref) refs/heads/origin/master refs/remotes/origin/master [16ms]
2024-07-30 10:12:54.274 [info] > git config --get commit.template [14ms]
2024-07-30 10:12:54.293 [info] > git for-each-ref --format=%(refname)%00%(upstream:short)%00%(objectname)%00%(upstream:track)%00%(upstream:remotename)%00%(upstream:remoteref) refs/heads/main refs/remotes/main [22ms]
2024-07-30 10:12:54.381 [info] > git status -z -uall [58ms]
2024-07-30 10:12:54.397 [info] > git for-each-ref --format=%(refname)%00%(upstream:short)%00%(objectname)%00%(upstream:track)%00%(upstream:remotename)%00%(upstream:remoteref) refs/heads/main refs/remotes/main [2ms]
2024-07-30 10:12:54.438 [info] > git config --local branch.main.vscode-merge-base [21ms]
2024-07-30 10:12:54.474 [info] > git for-each-ref --format=%(refname)%00%(upstream:short)%00%(objectname)%00%(upstream:track)%00%(upstream:remotename)%00%(upstream:remoteref) refs/heads/origin/master refs/remotes/origin/master [18ms]
2024-07-30 10:13:05.503 [info] > git config --get commit.template [32ms]
2024-07-30 10:13:05.506 [info] > git for-each-ref --format=%(refname)%00%(upstream:short)%00%(objectname)%00%(upstream:track)%00%(upstream:remotename)%00%(upstream:remoteref) refs/heads/main refs/remotes/main [4ms]
2024-07-30 10:13:05.545 [info] > git status -z -uall [26ms]
2024-07-30 10:13:05.557 [info] > git for-each-ref --format=%(refname)%00%(upstream:short)%00%(objectname)%00%(upstream:track)%00%(upstream:remotename)%00%(upstream:remoteref) refs/heads/main refs/remotes/main [6ms]
2024-07-30 10:13:05.569 [info] > git config --local branch.main.vscode-merge-base [4ms]
2024-07-30 10:13:05.581 [info] > git for-each-ref --format=%(refname)%00%(upstream:short)%00%(objectname)%00%(upstream:track)%00%(upstream:remotename)%00%(upstream:remoteref) refs/heads/origin/master refs/remotes/origin/master [4ms]
2024-07-30 10:13:17.593 [info] > git config --get commit.template [27ms]
2024-07-30 10:13:17.609 [info] > git for-each-ref --format=%(refname)%00%(upstream:short)%00%(objectname)%00%(upstream:track)%00%(upstream:remotename)%00%(upstream:remoteref) refs/heads/main refs/remotes/main [27ms]
2024-07-30 10:13:17.647 [info] > git status -z -uall [17ms]
2024-07-30 10:13:17.680 [info] > git for-each-ref --format=%(refname)%00%(upstream:short)%00%(objectname)%00%(upstream:track)%00%(upstream:remotename)%00%(upstream:remoteref) refs/heads/main refs/remotes/main [11ms]
2024-07-30 10:13:17.709 [info] > git config --local branch.main.vscode-merge-base [15ms]
2024-07-30 10:13:17.735 [info] > git for-each-ref --format=%(refname)%00%(upstream:short)%00%(objectname)%00%(upstream:track)%00%(upstream:remotename)%00%(upstream:remoteref) refs/heads/origin/master refs/remotes/origin/master [4ms]
2024-07-30 10:13:22.697 [info] > git config --get commit.template [11ms]
2024-07-30 10:13:22.716 [info] > git for-each-ref --format=%(refname)%00%(upstream:short)%00%(objectname)%00%(upstream:track)%00%(upstream:remotename)%00%(upstream:remoteref) refs/heads/main refs/remotes/main [20ms]
2024-07-30 10:13:22.735 [info] > git status -z -uall [7ms]
2024-07-30 10:13:22.768 [info] > git for-each-ref --format=%(refname)%00%(upstream:short)%00%(objectname)%00%(upstream:track)%00%(upstream:remotename)%00%(upstream:remoteref) refs/heads/main refs/remotes/main [5ms]
2024-07-30 10:13:22.791 [info] > git config --local branch.main.vscode-merge-base [2ms]
2024-07-30 10:13:22.829 [info] > git for-each-ref --format=%(refname)%00%(upstream:short)%00%(objectname)%00%(upstream:track)%00%(upstream:remotename)%00%(upstream:remoteref) refs/heads/origin/master refs/remotes/origin/master [16ms]
2024-07-30 10:13:27.777 [info] > git config --get commit.template [5ms]
2024-07-30 10:13:27.778 [info] > git for-each-ref --format=%(refname)%00%(upstream:short)%00%(objectname)%00%(upstream:track)%00%(upstream:remotename)%00%(upstream:remoteref) refs/heads/main refs/remotes/main [2ms]
2024-07-30 10:13:27.788 [info] > git status -z -uall [5ms]
2024-07-30 10:13:27.797 [info] > git for-each-ref --format=%(refname)%00%(upstream:short)%00%(objectname)%00%(upstream:track)%00%(upstream:remotename)%00%(upstream:remoteref) refs/heads/main refs/remotes/main [3ms]
2024-07-30 10:13:27.804 [info] > git config --local branch.main.vscode-merge-base [2ms]
2024-07-30 10:13:27.812 [info] > git for-each-ref --format=%(refname)%00%(upstream:short)%00%(objectname)%00%(upstream:track)%00%(upstream:remotename)%00%(upstream:remoteref) refs/heads/origin/master refs/remotes/origin/master [3ms]
2024-07-30 10:14:59.997 [info] > git config --get commit.template [26ms]
2024-07-30 10:15:00.012 [info] > git for-each-ref --format=%(refname)%00%(upstream:short)%00%(objectname)%00%(upstream:track)%00%(upstream:remotename)%00%(upstream:remoteref) refs/heads/main refs/remotes/main [29ms]
2024-07-30 10:15:00.050 [info] > git status -z -uall [8ms]
2024-07-30 10:15:00.086 [info] > git for-each-ref --format=%(refname)%00%(upstream:short)%00%(objectname)%00%(upstream:track)%00%(upstream:remotename)%00%(upstream:remoteref) refs/heads/main refs/remotes/main [17ms]
2024-07-30 10:15:00.118 [info] > git config --local branch.main.vscode-merge-base [14ms]
2024-07-30 10:15:00.151 [info] > git for-each-ref --format=%(refname)%00%(upstream:short)%00%(objectname)%00%(upstream:track)%00%(upstream:remotename)%00%(upstream:remoteref) refs/heads/origin/master refs/remotes/origin/master [15ms]
2024-07-30 10:15:29.808 [info] > git config --get commit.template [25ms]
2024-07-30 10:15:29.822 [info] > git for-each-ref --format=%(refname)%00%(upstream:short)%00%(objectname)%00%(upstream:track)%00%(upstream:remotename)%00%(upstream:remoteref) refs/heads/main refs/remotes/main [15ms]
2024-07-30 10:15:29.853 [info] > git status -z -uall [19ms]
2024-07-30 10:15:29.899 [info] > git for-each-ref --format=%(refname)%00%(upstream:short)%00%(objectname)%00%(upstream:track)%00%(upstream:remotename)%00%(upstream:remoteref) refs/heads/main refs/remotes/main [36ms]
2024-07-30 10:15:29.929 [info] > git config --local branch.main.vscode-merge-base [19ms]
2024-07-30 10:15:29.965 [info] > git for-each-ref --format=%(refname)%00%(upstream:short)%00%(objectname)%00%(upstream:track)%00%(upstream:remotename)%00%(upstream:remoteref) refs/heads/origin/master refs/remotes/origin/master [16ms]
2024-07-30 10:17:17.524 [info] > git config --get commit.template [21ms]
2024-07-30 10:17:17.538 [info] > git for-each-ref --format=%(refname)%00%(upstream:short)%00%(objectname)%00%(upstream:track)%00%(upstream:remotename)%00%(upstream:remoteref) refs/heads/main refs/remotes/main [15ms]
2024-07-30 10:17:17.572 [info] > git status -z -uall [28ms]
2024-07-30 10:17:17.607 [info] > git for-each-ref --format=%(refname)%00%(upstream:short)%00%(objectname)%00%(upstream:track)%00%(upstream:remotename)%00%(upstream:remoteref) refs/heads/main refs/remotes/main [11ms]
2024-07-30 10:17:17.625 [info] > git config --local branch.main.vscode-merge-base [2ms]
2024-07-30 10:17:17.667 [info] > git for-each-ref --format=%(refname)%00%(upstream:short)%00%(objectname)%00%(upstream:track)%00%(upstream:remotename)%00%(upstream:remoteref) refs/heads/origin/master refs/remotes/origin/master [20ms]
2024-07-30 10:17:22.609 [info] > git config --get commit.template [6ms]
2024-07-30 10:17:22.611 [info] > git for-each-ref --format=%(refname)%00%(upstream:short)%00%(objectname)%00%(upstream:track)%00%(upstream:remotename)%00%(upstream:remoteref) refs/heads/main refs/remotes/main [3ms]
2024-07-30 10:17:22.620 [info] > git status -z -uall [4ms]
2024-07-30 10:17:22.629 [info] > git for-each-ref --format=%(refname)%00%(upstream:short)%00%(objectname)%00%(upstream:track)%00%(upstream:remotename)%00%(upstream:remoteref) refs/heads/main refs/remotes/main [2ms]
2024-07-30 10:17:22.635 [info] > git config --local branch.main.vscode-merge-base [2ms]
2024-07-30 10:17:22.642 [info] > git for-each-ref --format=%(refname)%00%(upstream:short)%00%(objectname)%00%(upstream:track)%00%(upstream:remotename)%00%(upstream:remoteref) refs/heads/origin/master refs/remotes/origin/master [2ms]
2024-07-30 10:21:11.443 [info] > git config --get commit.template [5ms]
2024-07-30 10:21:11.445 [info] > git for-each-ref --format=%(refname)%00%(upstream:short)%00%(objectname)%00%(upstream:track)%00%(upstream:remotename)%00%(upstream:remoteref) refs/heads/main refs/remotes/main [3ms]
2024-07-30 10:21:11.459 [info] > git status -z -uall [9ms]
2024-07-30 10:21:11.471 [info] > git for-each-ref --format=%(refname)%00%(upstream:short)%00%(objectname)%00%(upstream:track)%00%(upstream:remotename)%00%(upstream:remoteref) refs/heads/main refs/remotes/main [5ms]
2024-07-30 10:21:11.479 [info] > git config --local branch.main.vscode-merge-base [2ms]
2024-07-30 10:21:11.486 [info] > git for-each-ref --format=%(refname)%00%(upstream:short)%00%(objectname)%00%(upstream:track)%00%(upstream:remotename)%00%(upstream:remoteref) refs/heads/origin/master refs/remotes/origin/master [3ms]
2024-07-30 10:21:11.562 [info] > git ls-files --stage -- /home/student/E01-S04-AutoBudget-cedricRGT45/autobudget/autobudget-main/conception/diagrammes/usercase.puml [4ms]
2024-07-30 10:21:11.573 [info] > git cat-file -s cd70aea7c0d92417af19730f361592f0ca09d8c6 [4ms]
2024-07-30 10:21:11.604 [info] > git show --textconv :autobudget/autobudget-main/conception/diagrammes/usercase.puml [3ms]
2024-07-30 10:21:25.899 [info] > git config --get commit.template [10ms]
2024-07-30 10:21:25.902 [info] > git for-each-ref --format=%(refname)%00%(upstream:short)%00%(objectname)%00%(upstream:track)%00%(upstream:remotename)%00%(upstream:remoteref) refs/heads/main refs/remotes/main [3ms]
2024-07-30 10:21:25.912 [info] > git status -z -uall [3ms]
2024-07-30 10:21:25.921 [info] > git for-each-ref --format=%(refname)%00%(upstream:short)%00%(objectname)%00%(upstream:track)%00%(upstream:remotename)%00%(upstream:remoteref) refs/heads/main refs/remotes/main [4ms]
2024-07-30 10:21:25.929 [info] > git config --local branch.main.vscode-merge-base [0ms]
2024-07-30 10:21:25.937 [info] > git for-each-ref --format=%(refname)%00%(upstream:short)%00%(objectname)%00%(upstream:track)%00%(upstream:remotename)%00%(upstream:remoteref) refs/heads/origin/master refs/remotes/origin/master [2ms]
2024-07-30 10:21:25.946 [info] > git merge-base refs/heads/main refs/remotes/origin/master [2ms]
2024-07-30 10:21:25.954 [info] > git rev-list --count --left-right refs/heads/main...refs/remotes/origin/master [3ms]
2024-07-30 10:21:25.962 [info] > git diff --name-status -z --diff-filter=ADMR 9bd9d524436050e86d87de2b3d2d6b23983e954b...refs/remotes/origin/master [3ms]
2024-07-30 10:21:26.025 [info] > git ls-files --stage -- /home/student/E01-S04-AutoBudget-cedricRGT45/autobudget/autobudget-main/conception/diagrammes/usercase.puml [2ms]
2024-07-30 10:21:26.032 [info] > git cat-file -s cd70aea7c0d92417af19730f361592f0ca09d8c6 [2ms]
2024-07-30 10:21:26.060 [info] > git show --textconv :autobudget/autobudget-main/conception/diagrammes/usercase.puml [2ms]
