2024-07-11 19:29:17.535 [info] Log level: Info
2024-07-11 19:29:17.535 [info] Validating found git in: "git"
2024-07-11 19:29:17.535 [info] Using git "2.34.1" from "git"
2024-07-11 19:29:17.535 [info] > git rev-parse --show-toplevel [20ms]
2024-07-11 19:29:17.535 [info] > git rev-parse --git-dir --git-common-dir [8ms]
2024-07-11 19:29:17.535 [info] Open repository: /home/student
2024-07-11 19:29:17.535 [info] > git config --get commit.template [19ms]
2024-07-11 19:29:17.535 [info] > git for-each-ref --format=%(refname)%00%(upstream:short)%00%(objectname)%00%(upstream:track)%00%(upstream:remotename)%00%(upstream:remoteref) refs/heads/main refs/remotes/main [77ms]
2024-07-11 19:29:17.535 [info] > git rev-parse --show-toplevel [106ms]
2024-07-11 19:29:17.535 [info] > git rev-parse --git-dir --git-common-dir [185ms]
2024-07-11 19:29:17.535 [info] Open repository: /home/student/P01-Parcours_dev-Mederick-ROBERT
2024-07-11 19:29:17.535 [info] > git rev-parse --show-toplevel [72ms]
2024-07-11 19:29:17.535 [info] > git config --get commit.template [100ms]
2024-07-11 19:29:17.538 [info] > git rev-parse --show-toplevel [55ms]
2024-07-11 19:29:17.577 [info] > git check-ignore -v -z --stdin [194ms]
2024-07-11 19:29:17.580 [info] > git for-each-ref --format=%(refname)%00%(upstream:short)%00%(objectname)%00%(upstream:track)%00%(upstream:remotename)%00%(upstream:remoteref) refs/heads/v0 refs/remotes/v0 [47ms]
2024-07-11 19:29:17.622 [warning] ENOENT: no such file or directory, open '/home/student/P01-Parcours_dev-Mederick-ROBERT/.git/refs/remotes/origin/v0'
2024-07-11 19:29:17.658 [info] > git rev-parse refs/remotes/origin/v0 [37ms]
2024-07-11 19:29:17.680 [info] > git rev-parse --show-toplevel [104ms]
2024-07-11 19:29:17.704 [info] > git rev-parse --show-toplevel [10ms]
2024-07-11 19:29:17.714 [info] > git status -z -uall [35ms]
2024-07-11 19:29:17.782 [info] > git for-each-ref --format=%(refname)%00%(upstream:short)%00%(objectname)%00%(upstream:track)%00%(upstream:remotename)%00%(upstream:remoteref) refs/heads/v0 refs/remotes/v0 [38ms]
2024-07-11 19:29:17.790 [info] > git rev-parse --show-toplevel [77ms]
2024-07-11 19:29:17.792 [info] > git config --get commit.template [12ms]
2024-07-11 19:29:17.854 [info] > git rev-parse --show-toplevel [49ms]
2024-07-11 19:29:17.854 [info] > git config --local branch.v0.vscode-merge-base [64ms]
2024-07-11 19:29:17.904 [info] > git for-each-ref --format=%(refname)%00%(upstream:short)%00%(objectname)%00%(upstream:track)%00%(upstream:remotename)%00%(upstream:remoteref) refs/heads/v0 refs/remotes/v0 [56ms]
2024-07-11 19:29:17.935 [warning] ENOENT: no such file or directory, open '/home/student/P01-Parcours_dev-Mederick-ROBERT/.git/refs/remotes/origin/v0'
2024-07-11 19:29:17.937 [info] > git rev-parse --show-toplevel [46ms]
2024-07-11 19:29:17.938 [info] > git for-each-ref --format=%(refname)%00%(upstream:short)%00%(objectname)%00%(upstream:track)%00%(upstream:remotename)%00%(upstream:remoteref) refs/heads/origin/master refs/remotes/origin/master [62ms]
2024-07-11 19:29:17.963 [info] > git check-ignore -v -z --stdin [41ms]
2024-07-11 19:29:17.967 [info] > git rev-parse refs/remotes/origin/v0 [32ms]
2024-07-11 19:29:17.980 [info] > git rev-parse --show-toplevel [19ms]
2024-07-11 19:29:17.981 [info] > git merge-base refs/heads/v0 refs/remotes/origin/v0 [31ms]
2024-07-11 19:29:18.017 [info] > git status -z -uall [38ms]
2024-07-11 19:29:18.018 [info] > git rev-list --count --left-right refs/heads/v0...refs/remotes/origin/v0 [22ms]
2024-07-11 19:29:18.119 [info] > git rev-parse --show-toplevel [103ms]
2024-07-11 19:29:18.152 [info] > git for-each-ref --format=%(refname)%00%(upstream:short)%00%(objectname)%00%(upstream:track)%00%(upstream:remotename)%00%(upstream:remoteref) refs/heads/v0 refs/remotes/v0 [113ms]
2024-07-11 19:29:18.172 [info] > git diff --name-status -z --diff-filter=ADMR cf894c565ca483de62f956ead9dbc3e65eda24c2...refs/remotes/origin/v0 [144ms]
2024-07-11 19:29:18.258 [info] > git config --local branch.v0.vscode-merge-base [87ms]
2024-07-11 19:29:18.303 [info] > git rev-parse --show-toplevel [170ms]
2024-07-11 19:29:18.369 [info] > git for-each-ref --format=%(refname)%00%(upstream:short)%00%(objectname)%00%(upstream:track)%00%(upstream:remotename)%00%(upstream:remoteref) refs/heads/origin/master refs/remotes/origin/master [66ms]
2024-07-11 19:29:18.422 [info] > git rev-parse --show-toplevel [81ms]
2024-07-11 19:29:18.443 [info] > git rev-parse --git-dir --git-common-dir [12ms]
2024-07-11 19:29:18.450 [info] Open repository: /home/student/P01-Atelier-cedricRGT45
2024-07-11 19:29:18.477 [info] > git config --get commit.template [21ms]
2024-07-11 19:29:18.495 [info] > git rev-parse --show-toplevel [20ms]
2024-07-11 19:29:18.506 [info] > git rev-parse --git-dir --git-common-dir [4ms]
2024-07-11 19:29:18.511 [info] Open repository: /home/student/P01-Parcours_dev-cedricRGT45
2024-07-11 19:29:18.555 [info] > git show --textconv :projet/frontend/src/vite-env.d.ts [33ms]
2024-07-11 19:29:18.556 [info] > git for-each-ref --format=%(refname)%00%(upstream:short)%00%(objectname)%00%(upstream:track)%00%(upstream:remotename)%00%(upstream:remoteref) refs/heads/master refs/remotes/master [72ms]
2024-07-11 19:29:18.564 [warning] ENOENT: no such file or directory, open '/home/student/P01-Atelier-cedricRGT45/.git/refs/remotes/origin/master'
2024-07-11 19:29:18.567 [info] > git ls-files --stage -- /home/student/P01-Parcours_dev-Mederick-ROBERT/projet/frontend/src/vite-env.d.ts [37ms]
2024-07-11 19:29:18.594 [info] > git rev-parse refs/remotes/origin/master [30ms]
2024-07-11 19:29:18.599 [info] > git config --get commit.template [45ms]
2024-07-11 19:29:18.622 [info] > git cat-file -s 11f02fe2a0061d6e6e1f271b21da95423b448b32 [41ms]
2024-07-11 19:29:18.668 [info] > git status -z -uall [1271ms] (cancelled)
2024-07-11 19:29:18.669 [info] > git for-each-ref --format=%(refname)%00%(upstream:short)%00%(objectname)%00%(upstream:track)%00%(upstream:remotename)%00%(upstream:remoteref) refs/heads/master refs/remotes/master [49ms]
2024-07-11 19:29:18.692 [info] > git status -z -uall [13ms]
2024-07-11 19:29:18.708 [info] > git status -z -uall [109ms]
2024-07-11 19:29:18.708 [info] > git for-each-ref --format=%(refname)%00%(upstream:short)%00%(objectname)%00%(upstream:track)%00%(upstream:remotename)%00%(upstream:remoteref) refs/heads/master refs/remotes/master [11ms]
2024-07-11 19:29:18.728 [info] > git for-each-ref --format=%(refname)%00%(upstream:short)%00%(objectname)%00%(upstream:track)%00%(upstream:remotename)%00%(upstream:remoteref) refs/heads/master refs/remotes/master [11ms]
2024-07-11 19:29:18.733 [info] > git config --local branch.master.vscode-merge-base [21ms]
2024-07-11 19:29:18.737 [info] > git config --get commit.template [30ms]
2024-07-11 19:29:18.739 [info] > git config --local branch.master.vscode-merge-base [6ms]
2024-07-11 19:29:18.744 [info] > git config --get commit.template [17ms]
2024-07-11 19:29:18.777 [info] > git for-each-ref --format=%(refname)%00%(upstream:short)%00%(objectname)%00%(upstream:track)%00%(upstream:remotename)%00%(upstream:remoteref) refs/heads/origin/master refs/remotes/origin/master [40ms]
2024-07-11 19:29:18.790 [info] > git for-each-ref --format=%(refname)%00%(upstream:short)%00%(objectname)%00%(upstream:track)%00%(upstream:remotename)%00%(upstream:remoteref) refs/heads/origin/master refs/remotes/origin/master [46ms]
2024-07-11 19:29:18.811 [info] > git for-each-ref --format=%(refname)%00%(upstream:short)%00%(objectname)%00%(upstream:track)%00%(upstream:remotename)%00%(upstream:remoteref) refs/heads/master refs/remotes/master [35ms]
2024-07-11 19:29:18.812 [info] > git for-each-ref --format=%(refname)%00%(upstream:short)%00%(objectname)%00%(upstream:track)%00%(upstream:remotename)%00%(upstream:remoteref) refs/heads/master refs/remotes/master [59ms]
2024-07-11 19:29:18.826 [warning] ENOENT: no such file or directory, open '/home/student/P01-Atelier-cedricRGT45/.git/refs/remotes/origin/master'
2024-07-11 19:29:18.826 [info] > git merge-base refs/heads/master refs/remotes/origin/master [36ms]
2024-07-11 19:29:18.833 [info] > git rev-parse refs/remotes/origin/master [7ms]
2024-07-11 19:29:18.840 [info] > git merge-base refs/heads/master refs/remotes/origin/master [32ms]
2024-07-11 19:29:18.852 [info] > git rev-list --count --left-right refs/heads/master...refs/remotes/origin/master [17ms]
2024-07-11 19:29:18.873 [info] > git status -z -uall [34ms]
2024-07-11 19:29:18.873 [info] > git status -z -uall [5ms]
2024-07-11 19:29:18.891 [info] > git rev-list --count --left-right refs/heads/master...refs/remotes/origin/master [46ms]
2024-07-11 19:29:18.907 [info] > git for-each-ref --format=%(refname)%00%(upstream:short)%00%(objectname)%00%(upstream:track)%00%(upstream:remotename)%00%(upstream:remoteref) refs/heads/master refs/remotes/master [17ms]
2024-07-11 19:29:18.937 [info] > git diff --name-status -z --diff-filter=ADMR 2fc650aa6104e8054e535196d3c6923a241673a6...refs/remotes/origin/master [74ms]
2024-07-11 19:29:18.939 [info] > git config --local branch.master.vscode-merge-base [15ms]
2024-07-11 19:29:18.946 [info] > git diff --name-status -z --diff-filter=ADMR a613dd18878647b208b6ea7b58ca1aa45040182f...refs/remotes/origin/master [43ms]
2024-07-11 19:29:18.947 [info] > git for-each-ref --format=%(refname)%00%(upstream:short)%00%(objectname)%00%(upstream:track)%00%(upstream:remotename)%00%(upstream:remoteref) refs/heads/master refs/remotes/master [12ms]
2024-07-11 19:29:18.956 [info] > git for-each-ref --format=%(refname)%00%(upstream:short)%00%(objectname)%00%(upstream:track)%00%(upstream:remotename)%00%(upstream:remoteref) refs/heads/origin/master refs/remotes/origin/master [10ms]
2024-07-11 19:29:18.960 [info] > git config --local branch.master.vscode-merge-base [5ms]
2024-07-11 19:29:18.970 [info] > git for-each-ref --format=%(refname)%00%(upstream:short)%00%(objectname)%00%(upstream:track)%00%(upstream:remotename)%00%(upstream:remoteref) refs/heads/origin/master refs/remotes/origin/master [2ms]
2024-07-11 19:29:19.550 [info] > git check-ignore -v -z --stdin [2ms]
2024-07-11 19:29:52.133 [info] > git check-ignore -v -z --stdin [2ms]
2024-07-11 19:29:54.426 [info] > git check-ignore -v -z --stdin [2ms]
2024-07-11 19:29:55.214 [info] > git check-ignore -v -z --stdin [5ms]
2024-07-11 19:29:55.222 [info] > git check-ignore -v -z --stdin [9ms]
2024-07-11 19:29:56.212 [info] > git check-ignore -v -z --stdin [11ms]
2024-07-11 19:30:00.149 [info] > git check-ignore -v -z --stdin [19ms]
2024-07-11 19:30:02.871 [info] > git show --textconv :projet/frontend/src/main.tsx [6ms]
2024-07-11 19:30:02.873 [info] > git ls-files --stage -- /home/student/P01-Parcours_dev-Mederick-ROBERT/projet/frontend/src/main.tsx [3ms]
2024-07-11 19:30:02.880 [info] > git cat-file -s 61c0fa34a40d93ef9d57257590a6bf1721963fb5 [3ms]
2024-07-11 19:30:34.880 [info] > git check-ignore -v -z --stdin [9ms]
2024-07-11 19:30:35.485 [warning] ENOENT: no such file or directory, open '/home/student/P01-Parcours_dev-Mederick-ROBERT/.git/HEAD'
2024-07-11 19:30:35.492 [warning] getRemotes() - ENOENT: no such file or directory, open '/home/student/P01-Parcours_dev-Mederick-ROBERT/.git/config'
2024-07-11 19:30:35.502 [warning] ENOENT: no such file or directory, open '/home/student/P01-Parcours_dev-Mederick-ROBERT/.git/HEAD'
2024-07-11 19:30:35.508 [warning] getRemotes() - ENOENT: no such file or directory, open '/home/student/P01-Parcours_dev-Mederick-ROBERT/.git/config'
2024-07-11 19:30:36.303 [info] > git check-ignore -v -z --stdin [9ms]
2024-07-11 19:30:36.307 [info] > git check-ignore -v -z --stdin [6ms]
2024-07-11 19:30:36.316 [info] > git check-ignore -v -z --stdin [27ms]
2024-07-11 19:30:39.331 [info] > git check-ignore -v -z --stdin [8ms]
2024-07-11 19:31:29.575 [info] > git check-ignore -v -z --stdin [14ms]
2024-07-11 19:31:36.467 [info] > git check-ignore -v -z --stdin [11ms]
2024-07-11 19:31:41.163 [info] > git show --textconv :P01-Parcours_dev-Mederick-ROBERT/projet/docker-compose.yml [10ms]
2024-07-11 19:31:41.168 [info] > git ls-files --stage -- /home/student/P01-Parcours_dev-Mederick-ROBERT/projet/docker-compose.yml [10ms]
2024-07-11 19:32:00.329 [info] > git check-ignore -v -z --stdin [12ms]
2024-07-11 19:33:51.722 [info] > git check-ignore -v -z --stdin [15ms]
2024-07-11 19:34:53.651 [info] > git check-ignore -v -z --stdin [16ms]
2024-07-11 19:36:15.705 [info] > git check-ignore -v -z --stdin [19ms]
2024-07-11 19:38:09.805 [info] > git show --textconv :P01-Parcours_dev-Mederick-ROBERT/projet/frontend/Dockerfile [11ms]
2024-07-11 19:38:09.809 [info] > git ls-files --stage -- /home/student/P01-Parcours_dev-Mederick-ROBERT/projet/frontend/Dockerfile [10ms]
2024-07-11 19:38:17.583 [info] > git show --textconv :P01-Parcours_dev-Mederick-ROBERT/projet/backend/Dockerfile [10ms]
2024-07-11 19:38:17.588 [info] > git ls-files --stage -- /home/student/P01-Parcours_dev-Mederick-ROBERT/projet/backend/Dockerfile [10ms]
2024-07-11 19:38:24.593 [info] > git show --textconv :P01-Parcours_dev-Mederick-ROBERT/projet/docker-compose.yml [9ms]
2024-07-11 19:38:24.597 [info] > git ls-files --stage -- /home/student/P01-Parcours_dev-Mederick-ROBERT/projet/docker-compose.yml [9ms]
2024-07-11 19:39:10.539 [info] > git check-ignore -v -z --stdin [16ms]
2024-07-11 19:39:22.939 [info] > git check-ignore -v -z --stdin [9ms]
2024-07-11 19:39:23.457 [info] > git check-ignore -v -z --stdin [11ms]
2024-07-11 19:39:27.883 [info] > git check-ignore -v -z --stdin [3ms]
2024-07-11 19:39:30.071 [info] > git check-ignore -v -z --stdin [3ms]
2024-07-11 19:39:34.061 [info] > git check-ignore -v -z --stdin [2ms]
2024-07-11 19:39:37.890 [info] > git check-ignore -v -z --stdin [4ms]
2024-07-11 19:39:38.209 [info] > git config --get commit.template [10ms]
2024-07-11 19:39:38.214 [info] > git for-each-ref --format=%(refname)%00%(upstream:short)%00%(objectname)%00%(upstream:track)%00%(upstream:remotename)%00%(upstream:remoteref) refs/heads/master refs/remotes/master [6ms]
2024-07-11 19:39:38.226 [info] > git status -z -uall [6ms]
2024-07-11 19:39:38.239 [info] > git for-each-ref --format=%(refname)%00%(upstream:short)%00%(objectname)%00%(upstream:track)%00%(upstream:remotename)%00%(upstream:remoteref) refs/heads/master refs/remotes/master [7ms]
2024-07-11 19:39:38.247 [info] > git config --local branch.master.vscode-merge-base [3ms]
2024-07-11 19:39:38.259 [info] > git for-each-ref --format=%(refname)%00%(upstream:short)%00%(objectname)%00%(upstream:track)%00%(upstream:remotename)%00%(upstream:remoteref) refs/heads/origin/master refs/remotes/origin/master [6ms]
2024-07-11 19:39:40.281 [info] > git check-ignore -v -z --stdin [2ms]
2024-07-11 19:40:08.037 [info] > git check-ignore -v -z --stdin [3ms]
2024-07-11 19:40:55.378 [info] > git check-ignore -v -z --stdin [11ms]
2024-07-11 19:42:14.525 [info] > git check-ignore -v -z --stdin [4ms]
2024-07-11 19:42:15.980 [info] > git check-ignore -v -z --stdin [2ms]
2024-07-11 19:42:22.302 [info] > git show --textconv :projet/frontend/src copy/App.tsx [10ms]
2024-07-11 19:42:22.308 [info] > git ls-files --stage -- /home/student/P01-Parcours_dev-cedricRGT45/projet/frontend/src copy/App.tsx [7ms]
2024-07-11 19:42:25.936 [info] > git show --textconv :P01-Parcours_dev-Mederick-ROBERT/projet/docker-compose.yml [11ms]
2024-07-11 19:42:25.942 [info] > git ls-files --stage -- /home/student/P01-Parcours_dev-Mederick-ROBERT/projet/docker-compose.yml [11ms]
2024-07-11 19:42:26.439 [info] > git check-ignore -v -z --stdin [7ms]
2024-07-11 19:42:26.448 [info] > git check-ignore -v -z --stdin [12ms]
2024-07-11 19:42:26.692 [info] > git config --get commit.template [7ms]
2024-07-11 19:42:26.699 [info] > git for-each-ref --format=%(refname)%00%(upstream:short)%00%(objectname)%00%(upstream:track)%00%(upstream:remotename)%00%(upstream:remoteref) refs/heads/master refs/remotes/master [8ms]
2024-07-11 19:42:26.715 [info] > git status -z -uall [5ms]
2024-07-11 19:42:26.724 [info] > git for-each-ref --format=%(refname)%00%(upstream:short)%00%(objectname)%00%(upstream:track)%00%(upstream:remotename)%00%(upstream:remoteref) refs/heads/master refs/remotes/master [3ms]
2024-07-11 19:42:26.731 [info] > git config --local branch.master.vscode-merge-base [2ms]
2024-07-11 19:42:26.738 [info] > git for-each-ref --format=%(refname)%00%(upstream:short)%00%(objectname)%00%(upstream:track)%00%(upstream:remotename)%00%(upstream:remoteref) refs/heads/origin/master refs/remotes/origin/master [3ms]
2024-07-11 19:42:54.188 [info] > git check-ignore -v -z --stdin [16ms]
