2024-04-15 17:28:18.745 [info] Log level: Info
2024-04-15 17:28:18.745 [info] Validating found git in: "git"
2024-04-15 17:28:18.745 [info] Using git "2.34.1" from "git"
2024-04-15 17:28:18.745 [info] > git rev-parse --show-toplevel [5ms]
2024-04-15 17:28:18.745 [info] > git rev-parse --git-dir --git-common-dir [3ms]
2024-04-15 17:28:18.745 [info] Open repository: /home/student
2024-04-15 17:28:18.745 [info] > git rev-parse --show-toplevel [16ms]
2024-04-15 17:28:18.745 [info] > git config --get commit.template [29ms]
2024-04-15 17:28:18.745 [info] > git rev-parse --git-dir --git-common-dir [18ms]
2024-04-15 17:28:18.745 [info] Open repository: /home/student/S01-OVitrine-BenoitOClock
2024-04-15 17:28:18.745 [info] > git for-each-ref --format=%(refname)%00%(upstream:short)%00%(objectname)%00%(upstream:track)%00%(upstream:remotename)%00%(upstream:remoteref) refs/heads/main refs/remotes/main [38ms]
2024-04-15 17:28:18.745 [info] > git rev-parse --show-toplevel [4ms]
2024-04-15 17:28:18.745 [info] > git config --get commit.template [18ms]
2024-04-15 17:28:18.745 [info] > git rev-parse --show-toplevel [33ms]
2024-04-15 17:28:18.745 [info] > git for-each-ref --format=%(refname)%00%(upstream:short)%00%(objectname)%00%(upstream:track)%00%(upstream:remotename)%00%(upstream:remoteref) refs/heads/jour4 refs/remotes/jour4 [73ms]
2024-04-15 17:28:18.745 [info] > git rev-parse --show-toplevel [22ms]
2024-04-15 17:28:18.745 [info] > git status -z -uall [20ms]
2024-04-15 17:28:18.745 [info] > git merge-base refs/heads/jour4 refs/remotes/origin/jour4 [31ms]
2024-04-15 17:28:18.745 [info] > git rev-parse --show-toplevel [72ms]
2024-04-15 17:28:18.745 [info] > git config --get commit.template [26ms]
2024-04-15 17:28:18.745 [info] > git rev-list --count --left-right refs/heads/jour4...refs/remotes/origin/jour4 [23ms]
2024-04-15 17:28:18.745 [info] > git status -z -uall [248ms]
2024-04-15 17:28:18.745 [info] > git diff --name-status -z --diff-filter=ADMR a0bca5b7e2a09f0cc6b28ab9fc120adf5e19a04e...refs/remotes/origin/jour4 [42ms]
2024-04-15 17:28:18.745 [info] > git rev-parse --show-toplevel [83ms]
2024-04-15 17:28:18.745 [info] > git merge-base refs/heads/main refs/remotes/origin/main [33ms]
2024-04-15 17:28:18.745 [info] > git for-each-ref --format=%(refname)%00%(upstream:short)%00%(objectname)%00%(upstream:track)%00%(upstream:remotename)%00%(upstream:remoteref) refs/heads/jour4 refs/remotes/jour4 [64ms]
2024-04-15 17:28:18.745 [info] > git rev-parse --show-toplevel [18ms]
2024-04-15 17:28:18.745 [info] > git config --get commit.template [31ms]
2024-04-15 17:28:18.745 [info] > git rev-list --count --left-right refs/heads/main...refs/remotes/origin/main [20ms]
2024-04-15 17:28:18.745 [info] > git rev-parse --show-toplevel [29ms]
2024-04-15 17:28:18.793 [info] > git status -z -uall [33ms]
2024-04-15 17:28:18.793 [info] > git for-each-ref --format=%(refname)%00%(upstream:short)%00%(objectname)%00%(upstream:track)%00%(upstream:remotename)%00%(upstream:remoteref) refs/heads/main refs/remotes/main [57ms]
2024-04-15 17:28:18.794 [info] > git diff --name-status -z --diff-filter=ADMR 50337b953fec90a152e50d3202c62becd2a4a53b...refs/remotes/origin/main [71ms]
2024-04-15 17:28:18.796 [info] > git rev-parse --show-toplevel [6ms]
2024-04-15 17:28:18.842 [info] > git rev-parse --show-toplevel [24ms]
2024-04-15 17:28:18.908 [info] > git rev-parse --git-dir --git-common-dir [9ms]
2024-04-15 17:28:18.915 [info] Open repository: /home/student/S01-OVitrine-J3-cedricRGT45
2024-04-15 17:28:18.950 [info] > git config --get commit.template [17ms]
2024-04-15 17:28:18.967 [info] > git rev-parse --show-toplevel [18ms]
2024-04-15 17:28:18.987 [info] > git for-each-ref --format=%(refname)%00%(upstream:short)%00%(objectname)%00%(upstream:track)%00%(upstream:remotename)%00%(upstream:remoteref) refs/heads/master refs/remotes/master [20ms]
2024-04-15 17:28:19.005 [info] > git rev-parse --git-dir --git-common-dir [20ms]
2024-04-15 17:28:19.014 [info] Open repository: /home/student/S01-OVitrine-cedricRGT45
2024-04-15 17:28:19.056 [info] > git status -z -uall [52ms]
2024-04-15 17:28:19.180 [info] > git status -z -uall [342ms]
2024-04-15 17:28:19.181 [info] > git merge-base refs/heads/master refs/remotes/origin/master [105ms]
2024-04-15 17:28:19.196 [info] > git rev-parse --show-toplevel [141ms]
2024-04-15 17:28:19.197 [info] > git config --get commit.template [158ms]
2024-04-15 17:28:19.249 [info] > git rev-list --count --left-right refs/heads/master...refs/remotes/origin/master [53ms]
2024-04-15 17:28:19.274 [info] > git config --get commit.template [175ms]
2024-04-15 17:28:19.310 [info] > git rev-parse --git-dir --git-common-dir [93ms]
2024-04-15 17:28:19.316 [info] Open repository: /home/student/S01-Ovitrine-J2-cedricRGT45
2024-04-15 17:28:19.365 [info] > git for-each-ref --format=%(refname)%00%(upstream:short)%00%(objectname)%00%(upstream:track)%00%(upstream:remotename)%00%(upstream:remoteref) refs/heads/master refs/remotes/master [71ms]
2024-04-15 17:28:19.366 [info] > git diff --name-status -z --diff-filter=ADMR 244031b1d5b74eff4afe3386f633f2bec4516685...refs/remotes/origin/master [93ms]
2024-04-15 17:28:19.369 [info] > git rev-parse --show-toplevel [6ms]
2024-04-15 17:28:19.369 [info] > git config --get commit.template [19ms]
2024-04-15 17:28:19.370 [info] > git for-each-ref --format=%(refname)%00%(upstream:short)%00%(objectname)%00%(upstream:track)%00%(upstream:remotename)%00%(upstream:remoteref) refs/heads/master refs/remotes/master [35ms]
2024-04-15 17:28:19.414 [info] > git rev-parse --git-dir --git-common-dir [29ms]
2024-04-15 17:28:19.420 [info] Open repository: /home/student/S02_Coclock_working_challenge_E01-cedricRGT45
2024-04-15 17:28:19.450 [info] > git status -z -uall [37ms]
2024-04-15 17:28:19.473 [info] > git for-each-ref --format=%(refname)%00%(upstream:short)%00%(objectname)%00%(upstream:track)%00%(upstream:remotename)%00%(upstream:remoteref) refs/heads/master refs/remotes/master [74ms]
2024-04-15 17:28:19.509 [info] > git status -z -uall [22ms]
2024-04-15 17:28:19.509 [info] > git merge-base refs/heads/master refs/remotes/origin/master [44ms]
2024-04-15 17:28:19.528 [info] > git rev-parse --show-toplevel [79ms]
2024-04-15 17:28:19.534 [info] > git config --get commit.template [98ms]
2024-04-15 17:28:19.538 [info] > git rev-list --count --left-right refs/heads/master...refs/remotes/origin/master [10ms]
2024-04-15 17:28:19.556 [info] > git config --get commit.template [49ms]
2024-04-15 17:28:19.582 [info] > git diff --name-status -z --diff-filter=ADMR 55af2fb2167fd1adeaf1ffb76abda4636a5d4b53...refs/remotes/origin/master [27ms]
2024-04-15 17:28:19.598 [info] > git for-each-ref --format=%(refname)%00%(upstream:short)%00%(objectname)%00%(upstream:track)%00%(upstream:remotename)%00%(upstream:remoteref) refs/heads/master refs/remotes/master [23ms]
2024-04-15 17:28:19.626 [warning] ENOENT: no such file or directory, open '/home/student/S02_Coclock_working_challenge_E01-cedricRGT45/.git/refs/remotes/origin/master'
2024-04-15 17:28:19.629 [info] > git status -z -uall [16ms]
2024-04-15 17:28:19.649 [info] > git for-each-ref --format=%(refname)%00%(upstream:short)%00%(objectname)%00%(upstream:track)%00%(upstream:remotename)%00%(upstream:remoteref) refs/heads/master refs/remotes/master [53ms]
2024-04-15 17:28:19.663 [info] > git merge-base refs/heads/master refs/remotes/origin/master [20ms]
2024-04-15 17:28:19.685 [info] > git rev-parse refs/remotes/origin/master [60ms]
2024-04-15 17:28:19.702 [info] > git rev-list --count --left-right refs/heads/master...refs/remotes/origin/master [16ms]
2024-04-15 17:28:19.716 [info] > git config --get commit.template [53ms]
2024-04-15 17:28:19.717 [info] > git status -z -uall [18ms]
2024-04-15 17:28:19.869 [info] > git check-ignore -v -z --stdin [118ms]
2024-04-15 17:28:19.879 [info] > git check-ignore -v -z --stdin [113ms]
2024-04-15 17:28:19.881 [info] > git check-ignore -v -z --stdin [99ms]
2024-04-15 17:28:19.882 [info] > git status -z -uall [70ms]
2024-04-15 17:28:19.883 [info] > git merge-base refs/heads/master refs/remotes/origin/master [150ms]
2024-04-15 17:28:19.898 [info] > git diff --name-status -z --diff-filter=ADMR c28f19ae484ac4961f3ef8e6b7cf10409d8c45a4...refs/remotes/origin/master [183ms]
2024-04-15 17:28:19.938 [info] > git show --textconv :db.sql [17ms]
2024-04-15 17:28:19.938 [info] > git rev-list --count --left-right refs/heads/master...refs/remotes/origin/master [40ms]
2024-04-15 17:28:19.954 [info] > git config --get commit.template [128ms]
2024-04-15 17:28:19.958 [info] > git for-each-ref --format=%(refname)%00%(upstream:short)%00%(objectname)%00%(upstream:track)%00%(upstream:remotename)%00%(upstream:remoteref) refs/heads/master refs/remotes/master [160ms]
2024-04-15 17:28:19.962 [info] > git diff --name-status -z --diff-filter=ADMR acdb2aee37bd688cda9b26148fbdd2d88882c9e2...refs/remotes/origin/master [9ms]
2024-04-15 17:28:19.963 [info] > git ls-files --stage -- /home/student/S01-OVitrine-BenoitOClock/db.sql [28ms]
2024-04-15 17:28:20.038 [info] > git for-each-ref --format=%(refname)%00%(upstream:short)%00%(objectname)%00%(upstream:track)%00%(upstream:remotename)%00%(upstream:remoteref) refs/heads/master refs/remotes/master [46ms]
2024-04-15 17:28:20.038 [info] > git cat-file -s ba93e8f57e7266be3ec922b0e9b6fb5cce8ab7ed [62ms]
2024-04-15 17:28:20.071 [warning] ENOENT: no such file or directory, open '/home/student/S02_Coclock_working_challenge_E01-cedricRGT45/.git/refs/remotes/origin/master'
2024-04-15 17:28:20.097 [info] > git status -z -uall [42ms]
2024-04-15 17:28:20.113 [info] > git rev-parse refs/remotes/origin/master [42ms]
2024-04-15 17:28:20.139 [info] > git status -z -uall [11ms]
2024-04-15 17:28:20.413 [info] > git check-ignore -v -z --stdin [70ms]
2024-04-15 17:28:20.413 [info] > git check-ignore -v -z --stdin [55ms]
2024-04-15 17:28:20.414 [info] > git check-ignore -v -z --stdin [41ms]
2024-04-15 17:28:20.414 [info] > git check-ignore -v -z --stdin [25ms]
2024-04-15 17:28:20.415 [info] > git check-ignore -v -z --stdin [10ms]
2024-04-15 17:29:15.156 [info] > git config --get commit.template [18ms]
2024-04-15 17:29:15.159 [info] > git for-each-ref --format=%(refname)%00%(upstream:short)%00%(objectname)%00%(upstream:track)%00%(upstream:remotename)%00%(upstream:remoteref) refs/heads/main refs/remotes/main [3ms]
2024-04-15 17:29:15.413 [info] > git status -z -uall [225ms]
2024-04-15 17:44:47.021 [info] > git config --get commit.template [25ms]
2024-04-15 17:44:47.021 [info] > git for-each-ref --format=%(refname)%00%(upstream:short)%00%(objectname)%00%(upstream:track)%00%(upstream:remotename)%00%(upstream:remoteref) refs/heads/main refs/remotes/main [4ms]
2024-04-15 17:44:47.228 [info] > git status -z -uall [193ms]
2024-04-15 17:55:48.927 [info] > git config --get commit.template [14ms]
2024-04-15 17:55:48.929 [info] > git for-each-ref --format=%(refname)%00%(upstream:short)%00%(objectname)%00%(upstream:track)%00%(upstream:remotename)%00%(upstream:remoteref) refs/heads/main refs/remotes/main [2ms]
2024-04-15 17:55:49.149 [info] > git status -z -uall [204ms]
2024-04-15 17:56:40.830 [info] > git config --get commit.template [22ms]
2024-04-15 17:56:40.832 [info] > git for-each-ref --format=%(refname)%00%(upstream:short)%00%(objectname)%00%(upstream:track)%00%(upstream:remotename)%00%(upstream:remoteref) refs/heads/main refs/remotes/main [2ms]
2024-04-15 17:56:41.033 [info] > git status -z -uall [188ms]
2024-04-15 17:56:50.038 [info] > git config --get commit.template [13ms]
2024-04-15 17:56:50.054 [info] > git for-each-ref --format=%(refname)%00%(upstream:short)%00%(objectname)%00%(upstream:track)%00%(upstream:remotename)%00%(upstream:remoteref) refs/heads/main refs/remotes/main [3ms]
2024-04-15 17:56:50.246 [info] > git status -z -uall [177ms]
2024-04-15 17:56:50.578 [info] > git check-ignore -v -z --stdin [15ms]
2024-04-15 17:56:50.580 [info] > git check-ignore -v -z --stdin [30ms]
2024-04-15 17:56:50.580 [info] > git check-ignore -v -z --stdin [4ms]
2024-04-15 17:56:55.277 [info] > git config --get commit.template [13ms]
2024-04-15 17:56:55.278 [info] > git for-each-ref --format=%(refname)%00%(upstream:short)%00%(objectname)%00%(upstream:track)%00%(upstream:remotename)%00%(upstream:remoteref) refs/heads/main refs/remotes/main [3ms]
2024-04-15 17:56:55.493 [info] > git status -z -uall [199ms]
2024-04-15 17:56:59.765 [info] > git check-ignore -v -z --stdin [12ms]
2024-04-15 17:57:00.519 [info] > git config --get commit.template [3ms]
2024-04-15 17:57:00.539 [info] > git for-each-ref --format=%(refname)%00%(upstream:short)%00%(objectname)%00%(upstream:track)%00%(upstream:remotename)%00%(upstream:remoteref) refs/heads/main refs/remotes/main [3ms]
2024-04-15 17:57:00.755 [info] > git status -z -uall [198ms]
2024-04-15 17:57:14.159 [info] > git check-ignore -v -z --stdin [11ms]
2024-04-15 17:57:17.171 [info] > git check-ignore -v -z --stdin [2ms]
2024-04-15 17:57:20.343 [info] > git check-ignore -v -z --stdin [2ms]
2024-04-15 17:57:21.063 [info] > git config --get commit.template [15ms]
2024-04-15 17:57:21.065 [info] > git for-each-ref --format=%(refname)%00%(upstream:short)%00%(objectname)%00%(upstream:track)%00%(upstream:remotename)%00%(upstream:remoteref) refs/heads/main refs/remotes/main [3ms]
2024-04-15 17:57:21.273 [info] > git status -z -uall [195ms]
2024-04-15 17:57:22.711 [info] > git check-ignore -v -z --stdin [2ms]
2024-04-15 17:57:23.559 [info] > git config --get commit.template [14ms]
2024-04-15 17:57:23.560 [info] > git for-each-ref --format=%(refname)%00%(upstream:short)%00%(objectname)%00%(upstream:track)%00%(upstream:remotename)%00%(upstream:remoteref) refs/heads/master refs/remotes/master [3ms]
2024-04-15 17:57:23.573 [warning] ENOENT: no such file or directory, open '/home/student/S02_Coclock_working_challenge_E01-cedricRGT45/.git/refs/remotes/origin/master'
2024-04-15 17:57:23.575 [info] > git rev-parse refs/remotes/origin/master [2ms]
2024-04-15 17:57:23.592 [info] > git status -z -uall [4ms]
2024-04-15 17:57:26.313 [info] > git config --get commit.template [17ms]
2024-04-15 17:57:26.316 [info] > git for-each-ref --format=%(refname)%00%(upstream:short)%00%(objectname)%00%(upstream:track)%00%(upstream:remotename)%00%(upstream:remoteref) refs/heads/main refs/remotes/main [4ms]
2024-04-15 17:57:26.533 [info] > git status -z -uall [201ms]
2024-04-15 17:57:31.569 [info] > git config --get commit.template [15ms]
2024-04-15 17:57:31.572 [info] > git for-each-ref --format=%(refname)%00%(upstream:short)%00%(objectname)%00%(upstream:track)%00%(upstream:remotename)%00%(upstream:remoteref) refs/heads/main refs/remotes/main [3ms]
2024-04-15 17:57:31.793 [info] > git status -z -uall [208ms]
2024-04-15 17:57:36.846 [info] > git config --get commit.template [21ms]
2024-04-15 17:57:36.848 [info] > git for-each-ref --format=%(refname)%00%(upstream:short)%00%(objectname)%00%(upstream:track)%00%(upstream:remotename)%00%(upstream:remoteref) refs/heads/main refs/remotes/main [3ms]
2024-04-15 17:57:37.049 [info] > git status -z -uall [186ms]
2024-04-15 17:57:42.093 [info] > git config --get commit.template [20ms]
2024-04-15 17:57:42.094 [info] > git for-each-ref --format=%(refname)%00%(upstream:short)%00%(objectname)%00%(upstream:track)%00%(upstream:remotename)%00%(upstream:remoteref) refs/heads/main refs/remotes/main [4ms]
2024-04-15 17:57:42.315 [info] > git status -z -uall [201ms]
2024-04-15 17:57:47.356 [info] > git config --get commit.template [22ms]
2024-04-15 17:57:47.357 [info] > git for-each-ref --format=%(refname)%00%(upstream:short)%00%(objectname)%00%(upstream:track)%00%(upstream:remotename)%00%(upstream:remoteref) refs/heads/main refs/remotes/main [3ms]
2024-04-15 17:57:47.573 [info] > git status -z -uall [202ms]
2024-04-15 17:57:52.619 [info] > git config --get commit.template [15ms]
2024-04-15 17:57:52.621 [info] > git for-each-ref --format=%(refname)%00%(upstream:short)%00%(objectname)%00%(upstream:track)%00%(upstream:remotename)%00%(upstream:remoteref) refs/heads/main refs/remotes/main [3ms]
2024-04-15 17:57:52.815 [info] > git status -z -uall [179ms]
2024-04-15 17:57:57.851 [info] > git config --get commit.template [15ms]
2024-04-15 17:57:57.854 [info] > git for-each-ref --format=%(refname)%00%(upstream:short)%00%(objectname)%00%(upstream:track)%00%(upstream:remotename)%00%(upstream:remoteref) refs/heads/main refs/remotes/main [4ms]
2024-04-15 17:57:58.071 [info] > git status -z -uall [202ms]
2024-04-15 17:58:03.103 [info] > git config --get commit.template [14ms]
2024-04-15 17:58:03.105 [info] > git for-each-ref --format=%(refname)%00%(upstream:short)%00%(objectname)%00%(upstream:track)%00%(upstream:remotename)%00%(upstream:remoteref) refs/heads/main refs/remotes/main [3ms]
2024-04-15 17:58:03.311 [info] > git status -z -uall [191ms]
2024-04-15 17:58:08.356 [info] > git config --get commit.template [23ms]
2024-04-15 17:58:08.358 [info] > git for-each-ref --format=%(refname)%00%(upstream:short)%00%(objectname)%00%(upstream:track)%00%(upstream:remotename)%00%(upstream:remoteref) refs/heads/main refs/remotes/main [2ms]
2024-04-15 17:58:08.562 [info] > git status -z -uall [192ms]
2024-04-15 17:58:13.595 [info] > git config --get commit.template [15ms]
2024-04-15 17:58:13.597 [info] > git for-each-ref --format=%(refname)%00%(upstream:short)%00%(objectname)%00%(upstream:track)%00%(upstream:remotename)%00%(upstream:remoteref) refs/heads/main refs/remotes/main [3ms]
2024-04-15 17:58:13.832 [info] > git status -z -uall [221ms]
2024-04-15 17:58:18.872 [info] > git config --get commit.template [17ms]
2024-04-15 17:58:18.873 [info] > git for-each-ref --format=%(refname)%00%(upstream:short)%00%(objectname)%00%(upstream:track)%00%(upstream:remotename)%00%(upstream:remoteref) refs/heads/main refs/remotes/main [3ms]
2024-04-15 17:58:19.109 [info] > git status -z -uall [220ms]
2024-04-15 17:58:24.159 [info] > git config --get commit.template [22ms]
2024-04-15 17:58:24.161 [info] > git for-each-ref --format=%(refname)%00%(upstream:short)%00%(objectname)%00%(upstream:track)%00%(upstream:remotename)%00%(upstream:remoteref) refs/heads/main refs/remotes/main [3ms]
2024-04-15 17:58:24.406 [info] > git status -z -uall [227ms]
2024-04-15 17:58:29.442 [info] > git config --get commit.template [17ms]
2024-04-15 17:58:29.444 [info] > git for-each-ref --format=%(refname)%00%(upstream:short)%00%(objectname)%00%(upstream:track)%00%(upstream:remotename)%00%(upstream:remoteref) refs/heads/main refs/remotes/main [3ms]
2024-04-15 17:58:29.650 [info] > git status -z -uall [192ms]
2024-04-15 17:58:34.673 [info] > git config --get commit.template [1ms]
2024-04-15 17:58:34.693 [info] > git for-each-ref --format=%(refname)%00%(upstream:short)%00%(objectname)%00%(upstream:track)%00%(upstream:remotename)%00%(upstream:remoteref) refs/heads/main refs/remotes/main [3ms]
2024-04-15 17:58:34.899 [info] > git status -z -uall [192ms]
2024-04-15 17:58:39.942 [info] > git config --get commit.template [21ms]
2024-04-15 17:58:39.943 [info] > git for-each-ref --format=%(refname)%00%(upstream:short)%00%(objectname)%00%(upstream:track)%00%(upstream:remotename)%00%(upstream:remoteref) refs/heads/main refs/remotes/main [3ms]
2024-04-15 17:58:40.164 [info] > git status -z -uall [191ms]
2024-04-15 17:58:45.200 [info] > git config --get commit.template [13ms]
2024-04-15 17:58:45.202 [info] > git for-each-ref --format=%(refname)%00%(upstream:short)%00%(objectname)%00%(upstream:track)%00%(upstream:remotename)%00%(upstream:remoteref) refs/heads/main refs/remotes/main [3ms]
2024-04-15 17:58:45.431 [info] > git status -z -uall [215ms]
2024-04-15 17:58:50.464 [info] > git config --get commit.template [15ms]
2024-04-15 17:58:50.466 [info] > git for-each-ref --format=%(refname)%00%(upstream:short)%00%(objectname)%00%(upstream:track)%00%(upstream:remotename)%00%(upstream:remoteref) refs/heads/main refs/remotes/main [3ms]
2024-04-15 17:58:50.675 [info] > git status -z -uall [195ms]
2024-04-15 17:58:55.709 [info] > git config --get commit.template [14ms]
2024-04-15 17:58:55.711 [info] > git for-each-ref --format=%(refname)%00%(upstream:short)%00%(objectname)%00%(upstream:track)%00%(upstream:remotename)%00%(upstream:remoteref) refs/heads/main refs/remotes/main [3ms]
2024-04-15 17:58:55.920 [info] > git status -z -uall [195ms]
2024-04-15 17:59:00.957 [info] > git config --get commit.template [17ms]
2024-04-15 17:59:00.959 [info] > git for-each-ref --format=%(refname)%00%(upstream:short)%00%(objectname)%00%(upstream:track)%00%(upstream:remotename)%00%(upstream:remoteref) refs/heads/main refs/remotes/main [3ms]
2024-04-15 17:59:01.205 [info] > git status -z -uall [230ms]
2024-04-15 17:59:06.243 [info] > git config --get commit.template [18ms]
2024-04-15 17:59:06.244 [info] > git for-each-ref --format=%(refname)%00%(upstream:short)%00%(objectname)%00%(upstream:track)%00%(upstream:remotename)%00%(upstream:remoteref) refs/heads/main refs/remotes/main [3ms]
2024-04-15 17:59:06.440 [info] > git status -z -uall [183ms]
2024-04-15 17:59:11.477 [info] > git config --get commit.template [15ms]
2024-04-15 17:59:11.478 [info] > git for-each-ref --format=%(refname)%00%(upstream:short)%00%(objectname)%00%(upstream:track)%00%(upstream:remotename)%00%(upstream:remoteref) refs/heads/main refs/remotes/main [3ms]
2024-04-15 17:59:11.691 [info] > git status -z -uall [199ms]
2024-04-15 17:59:16.741 [info] > git config --get commit.template [27ms]
2024-04-15 17:59:16.742 [info] > git for-each-ref --format=%(refname)%00%(upstream:short)%00%(objectname)%00%(upstream:track)%00%(upstream:remotename)%00%(upstream:remoteref) refs/heads/main refs/remotes/main [5ms]
2024-04-15 17:59:17.039 [info] > git status -z -uall [277ms]
2024-04-15 17:59:22.070 [info] > git config --get commit.template [14ms]
2024-04-15 17:59:22.072 [info] > git for-each-ref --format=%(refname)%00%(upstream:short)%00%(objectname)%00%(upstream:track)%00%(upstream:remotename)%00%(upstream:remoteref) refs/heads/main refs/remotes/main [3ms]
2024-04-15 17:59:22.283 [info] > git status -z -uall [196ms]
2024-04-15 17:59:27.317 [info] > git config --get commit.template [15ms]
2024-04-15 17:59:27.319 [info] > git for-each-ref --format=%(refname)%00%(upstream:short)%00%(objectname)%00%(upstream:track)%00%(upstream:remotename)%00%(upstream:remoteref) refs/heads/main refs/remotes/main [3ms]
2024-04-15 17:59:27.525 [info] > git status -z -uall [189ms]
2024-04-15 17:59:35.173 [info] > git config --get commit.template [15ms]
2024-04-15 17:59:35.175 [info] > git for-each-ref --format=%(refname)%00%(upstream:short)%00%(objectname)%00%(upstream:track)%00%(upstream:remotename)%00%(upstream:remoteref) refs/heads/main refs/remotes/main [3ms]
2024-04-15 17:59:35.385 [info] > git status -z -uall [196ms]
2024-04-15 18:00:41.984 [info] > git config --get commit.template [14ms]
2024-04-15 18:00:41.986 [info] > git for-each-ref --format=%(refname)%00%(upstream:short)%00%(objectname)%00%(upstream:track)%00%(upstream:remotename)%00%(upstream:remoteref) refs/heads/main refs/remotes/main [3ms]
2024-04-15 18:00:42.199 [info] > git status -z -uall [196ms]
2024-04-15 18:00:47.230 [info] > git config --get commit.template [14ms]
2024-04-15 18:00:47.232 [info] > git for-each-ref --format=%(refname)%00%(upstream:short)%00%(objectname)%00%(upstream:track)%00%(upstream:remotename)%00%(upstream:remoteref) refs/heads/main refs/remotes/main [3ms]
2024-04-15 18:00:47.432 [info] > git status -z -uall [187ms]
2024-04-15 18:00:52.466 [info] > git config --get commit.template [16ms]
2024-04-15 18:00:52.468 [info] > git for-each-ref --format=%(refname)%00%(upstream:short)%00%(objectname)%00%(upstream:track)%00%(upstream:remotename)%00%(upstream:remoteref) refs/heads/main refs/remotes/main [3ms]
2024-04-15 18:00:52.686 [info] > git status -z -uall [205ms]
2024-04-15 18:00:57.719 [info] > git config --get commit.template [14ms]
2024-04-15 18:00:57.720 [info] > git for-each-ref --format=%(refname)%00%(upstream:short)%00%(objectname)%00%(upstream:track)%00%(upstream:remotename)%00%(upstream:remoteref) refs/heads/main refs/remotes/main [3ms]
2024-04-15 18:00:57.934 [info] > git status -z -uall [198ms]
2024-04-15 18:01:02.968 [info] > git config --get commit.template [14ms]
2024-04-15 18:01:02.969 [info] > git for-each-ref --format=%(refname)%00%(upstream:short)%00%(objectname)%00%(upstream:track)%00%(upstream:remotename)%00%(upstream:remoteref) refs/heads/main refs/remotes/main [3ms]
2024-04-15 18:01:03.185 [info] > git status -z -uall [201ms]
2024-04-15 18:01:08.222 [info] > git config --get commit.template [19ms]
2024-04-15 18:01:08.224 [info] > git for-each-ref --format=%(refname)%00%(upstream:short)%00%(objectname)%00%(upstream:track)%00%(upstream:remotename)%00%(upstream:remoteref) refs/heads/main refs/remotes/main [3ms]
2024-04-15 18:01:08.432 [info] > git status -z -uall [192ms]
2024-04-15 18:01:13.461 [info] > git config --get commit.template [3ms]
2024-04-15 18:01:13.483 [info] > git for-each-ref --format=%(refname)%00%(upstream:short)%00%(objectname)%00%(upstream:track)%00%(upstream:remotename)%00%(upstream:remoteref) refs/heads/main refs/remotes/main [3ms]
2024-04-15 18:01:13.744 [info] > git status -z -uall [247ms]
