0 verbose cli /usr/local/bin/node /usr/local/bin/npm
1 info using npm@10.5.2
2 info using node@v20.11.1
3 timing npm:load:whichnode Completed in 1ms
4 timing config:load:defaults Completed in 2ms
5 timing config:load:file:/usr/local/lib/node_modules/npm/npmrc Completed in 1ms
6 timing config:load:builtin Completed in 1ms
7 timing config:load:cli Completed in 3ms
8 timing config:load:env Completed in 0ms
9 timing config:load:file:/home/student/S02_Coclock_working_challenge_E01-cedricRGT45/.npmrc Completed in 1ms
10 timing config:load:project Completed in 39ms
11 timing config:load:file:/home/student/.npmrc Completed in 0ms
12 timing config:load:user Completed in 0ms
13 timing config:load:file:/usr/local/etc/npmrc Completed in 1ms
14 timing config:load:global Completed in 1ms
15 timing config:load:setEnvs Completed in 1ms
16 timing config:load Completed in 47ms
17 timing npm:load:configload Completed in 48ms
18 timing config:load:flatten Completed in 3ms
19 timing npm:load:mkdirpcache Completed in 1ms
20 timing npm:load:mkdirplogs Completed in 0ms
21 verbose title npm run dev
22 verbose argv "run" "dev"
23 timing npm:load:setTitle Completed in 1ms
24 timing npm:load:display Completed in 1ms
25 verbose logfile logs-max:10 dir:/home/student/.npm/_logs/2024-06-02T10_24_22_927Z-
26 verbose logfile /home/student/.npm/_logs/2024-06-02T10_24_22_927Z-debug-0.log
27 timing npm:load:logFile Completed in 4ms
28 timing npm:load:timers Completed in 0ms
29 timing npm:load:configScope Completed in 0ms
30 timing npm:load Completed in 77ms
31 silly logfile start cleaning logs, removing 1 files
32 silly logfile done cleaning log files
33 timing command:run Completed in 21ms
34 verbose stack Error: Missing script: "dev"
34 verbose stack
34 verbose stack To see a list of scripts, run:
34 verbose stack   npm run
34 verbose stack     at RunScript.run (/usr/local/lib/node_modules/npm/lib/commands/run-script.js:94:13)
34 verbose stack     at async module.exports (/usr/local/lib/node_modules/npm/lib/cli-entry.js:61:5)
35 verbose cwd /home/student/S02_Coclock_working_challenge_E01-cedricRGT45/projet
36 verbose Linux 6.5.0-1020-aws
37 verbose node v20.11.1
38 verbose npm  v10.5.2
39 error Missing script: "dev"
39 error
39 error To see a list of scripts, run:
39 error   npm run
40 verbose exit 1
41 timing npm Completed in 130ms
42 verbose code 1
43 error A complete log of this run can be found in: /home/student/.npm/_logs/2024-06-02T10_24_22_927Z-debug-0.log
