0 verbose cli /usr/local/bin/node /usr/local/bin/npm
1 info using npm@10.8.1
2 info using node@v20.11.1
3 silly config load:file:/usr/local/lib/node_modules/npm/npmrc
4 silly config load:file:/home/student/.npmrc
5 silly config load:file:/usr/local/etc/npmrc
6 verbose title npm i react@19.0.0-rc-4c2e457c7c-20240522 react-dom@19.0.0-rc-4c2e457c7c-20240522
7 verbose argv "i" "react@19.0.0-rc-4c2e457c7c-20240522" "react-dom@19.0.0-rc-4c2e457c7c-20240522"
8 verbose logfile logs-max:10 dir:/home/student/.npm/_logs/2024-06-18T13_52_17_415Z-
9 verbose logfile /home/student/.npm/_logs/2024-06-18T13_52_17_415Z-debug-0.log
10 silly packumentCache heap:2197815296 maxSize:549453824 maxEntrySize:274726912
11 silly logfile start cleaning logs, removing 1 files
12 silly logfile done cleaning log files
13 silly idealTree buildDeps
14 silly fetch manifest react@19.0.0-rc-4c2e457c7c-20240522
15 silly packumentCache full:https://registry.npmjs.org/react cache-miss
16 http fetch GET 200 https://registry.npmjs.org/react 570ms (cache updated)
17 silly packumentCache full:https://registry.npmjs.org/react set size:undefined disposed:false
18 silly fetch manifest react-dom@19.0.0-rc-4c2e457c7c-20240522
19 silly packumentCache full:https://registry.npmjs.org/react-dom cache-miss
20 http fetch GET 200 https://registry.npmjs.org/react-dom 464ms (cache updated)
21 silly packumentCache full:https://registry.npmjs.org/react-dom set size:undefined disposed:false
22 silly placeDep ROOT react@19.0.0-rc-4c2e457c7c-20240522 REPLACE for:  want: 19.0.0-rc-4c2e457c7c-20240522
23 warn ERESOLVE overriding peer dependency {
23 warn ERESOLVE   code: 'ERESOLVE',
23 warn ERESOLVE   edge: {
23 warn ERESOLVE     type: 'peer',
23 warn ERESOLVE     name: 'react',
23 warn ERESOLVE     spec: '>16.8.0',
23 warn ERESOLVE     from: {
23 warn ERESOLVE       name: 'reate',
23 warn ERESOLVE       version: '1.2.0',
23 warn ERESOLVE       location: 'node_modules/reate',
23 warn ERESOLVE       isWorkspace: false,
23 warn ERESOLVE       dependents: [Array]
23 warn ERESOLVE     }
23 warn ERESOLVE   },
23 warn ERESOLVE   dep: {
23 warn ERESOLVE     name: 'react',
23 warn ERESOLVE     version: '19.0.0-rc-4c2e457c7c-20240522',
23 warn ERESOLVE     whileInstalling: { name: undefined, version: undefined, path: '/home/student' },
23 warn ERESOLVE     location: 'node_modules/react',
23 warn ERESOLVE     isWorkspace: false,
23 warn ERESOLVE     dependents: [ [Object] ]
23 warn ERESOLVE   },
23 warn ERESOLVE   force: false,
23 warn ERESOLVE   isMine: true,
23 warn ERESOLVE   strictPeerDeps: false,
23 warn ERESOLVE   current: {
23 warn ERESOLVE     name: 'react',
23 warn ERESOLVE     version: '18.3.1',
23 warn ERESOLVE     location: 'node_modules/react',
23 warn ERESOLVE     isWorkspace: false,
23 warn ERESOLVE     dependents: [ [Object], [Object] ]
23 warn ERESOLVE   }
23 warn ERESOLVE }
24 silly placeDep ROOT react-dom@19.0.0-rc-4c2e457c7c-20240522 OK for:  want: 19.0.0-rc-4c2e457c7c-20240522
25 silly fetch manifest scheduler@0.25.0-rc-4c2e457c7c-20240522
26 silly packumentCache full:https://registry.npmjs.org/scheduler cache-miss
27 http fetch GET 200 https://registry.npmjs.org/scheduler 295ms (cache updated)
28 silly packumentCache full:https://registry.npmjs.org/scheduler set size:undefined disposed:false
29 silly placeDep ROOT scheduler@0.25.0-rc-4c2e457c7c-20240522 OK for: react-dom@19.0.0-rc-4c2e457c7c-20240522 want: 0.25.0-rc-4c2e457c7c-20240522
30 warn EBADENGINE Unsupported engine {
30 warn EBADENGINE   package: 'create@0.0.2',
30 warn EBADENGINE   required: { node: '>= 0.4.0 && < 0.7.0' },
30 warn EBADENGINE   current: { node: 'v20.11.1', npm: '10.8.1' }
30 warn EBADENGINE }
31 silly reify mark retired [ '/home/student/node_modules/js-tokens' ]
32 silly reify mark retired [
32 silly reify   '/home/student/node_modules/loose-envify',
32 silly reify   '/home/student/node_modules/.bin/loose-envify'
32 silly reify ]
33 silly reify mark retired [ '/home/student/node_modules/react' ]
34 silly reify moves {
34 silly reify   '/home/student/node_modules/js-tokens': '/home/student/node_modules/.js-tokens-M91ROFiV',
34 silly reify   '/home/student/node_modules/loose-envify': '/home/student/node_modules/.loose-envify-eKcT5duj',
34 silly reify   '/home/student/node_modules/.bin/loose-envify': '/home/student/node_modules/.bin/.loose-envify-E6KCc14C',
34 silly reify   '/home/student/node_modules/react': '/home/student/node_modules/.react-8dQbMvG0'
34 silly reify }
35 silly audit bulk request {
35 silly audit   '@esbuild/aix-ppc64': [ '0.21.5' ],
35 silly audit   '@esbuild/android-arm': [ '0.21.5' ],
35 silly audit   '@esbuild/android-arm64': [ '0.21.5' ],
35 silly audit   '@esbuild/android-x64': [ '0.21.5' ],
35 silly audit   '@esbuild/darwin-arm64': [ '0.21.5' ],
35 silly audit   '@esbuild/darwin-x64': [ '0.21.5' ],
35 silly audit   '@esbuild/freebsd-arm64': [ '0.21.5' ],
35 silly audit   '@esbuild/freebsd-x64': [ '0.21.5' ],
35 silly audit   '@esbuild/linux-arm': [ '0.21.5' ],
35 silly audit   '@esbuild/linux-arm64': [ '0.21.5' ],
35 silly audit   '@esbuild/linux-ia32': [ '0.21.5' ],
35 silly audit   '@esbuild/linux-loong64': [ '0.21.5' ],
35 silly audit   '@esbuild/linux-mips64el': [ '0.21.5' ],
35 silly audit   '@esbuild/linux-ppc64': [ '0.21.5' ],
35 silly audit   '@esbuild/linux-riscv64': [ '0.21.5' ],
35 silly audit   '@esbuild/linux-s390x': [ '0.21.5' ],
35 silly audit   '@esbuild/linux-x64': [ '0.21.5' ],
35 silly audit   '@esbuild/netbsd-x64': [ '0.21.5' ],
35 silly audit   '@esbuild/openbsd-x64': [ '0.21.5' ],
35 silly audit   '@esbuild/sunos-x64': [ '0.21.5' ],
35 silly audit   '@esbuild/win32-arm64': [ '0.21.5' ],
35 silly audit   '@esbuild/win32-ia32': [ '0.21.5' ],
35 silly audit   '@esbuild/win32-x64': [ '0.21.5' ],
35 silly audit   '@rollup/rollup-android-arm-eabi': [ '4.18.0' ],
35 silly audit   '@rollup/rollup-android-arm64': [ '4.18.0' ],
35 silly audit   '@rollup/rollup-darwin-arm64': [ '4.18.0' ],
35 silly audit   '@rollup/rollup-darwin-x64': [ '4.18.0' ],
35 silly audit   '@rollup/rollup-linux-arm-gnueabihf': [ '4.18.0' ],
35 silly audit   '@rollup/rollup-linux-arm-musleabihf': [ '4.18.0' ],
35 silly audit   '@rollup/rollup-linux-arm64-gnu': [ '4.18.0' ],
35 silly audit   '@rollup/rollup-linux-arm64-musl': [ '4.18.0' ],
35 silly audit   '@rollup/rollup-linux-powerpc64le-gnu': [ '4.18.0' ],
35 silly audit   '@rollup/rollup-linux-riscv64-gnu': [ '4.18.0' ],
35 silly audit   '@rollup/rollup-linux-s390x-gnu': [ '4.18.0' ],
35 silly audit   '@rollup/rollup-linux-x64-gnu': [ '4.18.0' ],
35 silly audit   '@rollup/rollup-linux-x64-musl': [ '4.18.0' ],
35 silly audit   '@rollup/rollup-win32-arm64-msvc': [ '4.18.0' ],
35 silly audit   '@rollup/rollup-win32-ia32-msvc': [ '4.18.0' ],
35 silly audit   '@rollup/rollup-win32-x64-msvc': [ '4.18.0' ],
35 silly audit   '@types/estree': [ '1.0.5' ],
35 silly audit   '@types/prop-types': [ '15.7.12' ],
35 silly audit   '@types/react': [ '18.3.3' ],
35 silly audit   ajv: [ '6.12.6' ],
35 silly audit   'ansi-escapes': [ '3.2.0' ],
35 silly audit   'ansi-regex': [ '4.1.1', '3.0.1' ],
35 silly audit   'ansi-styles': [ '3.2.1' ],
35 silly audit   anymatch: [ '3.1.3' ],
35 silly audit   asn1: [ '0.2.6' ],
35 silly audit   'assert-plus': [ '1.0.0' ],
35 silly audit   asynckit: [ '0.4.0' ],
35 silly audit   'aws-sign2': [ '0.7.0' ],
35 silly audit   aws4: [ '1.13.0' ],
35 silly audit   'balanced-match': [ '1.0.2' ],
35 silly audit   'bcrypt-pbkdf': [ '1.0.2' ],
35 silly audit   'binary-extensions': [ '2.3.0' ],
35 silly audit   'block-stream': [ '0.0.9' ],
35 silly audit   'brace-expansion': [ '1.1.11' ],
35 silly audit   braces: [ '3.0.3' ],
35 silly audit   caseless: [ '0.12.0' ],
35 silly audit   chalk: [ '2.4.2' ],
35 silly audit   chardet: [ '0.7.0' ],
35 silly audit   chokidar: [ '3.6.0' ],
35 silly audit   'cli-cursor': [ '2.1.0' ],
35 silly audit   'cli-table3': [ '0.5.1' ],
35 silly audit   'cli-width': [ '2.2.1' ],
35 silly audit   'color-convert': [ '1.9.3' ],
35 silly audit   'color-name': [ '1.1.3' ],
35 silly audit   colors: [ '1.4.0' ],
35 silly audit   'combined-stream': [ '1.0.8' ],
35 silly audit   'concat-map': [ '0.0.1' ],
35 silly audit   'core-util-is': [ '1.0.2' ],
35 silly audit   create: [ '0.0.2' ],
35 silly audit   csstype: [ '3.1.3' ],
35 silly audit   dashdash: [ '1.14.1' ],
35 silly audit   'delayed-stream': [ '1.0.0' ],
35 silly audit   'ecc-jsbn': [ '0.1.2' ],
35 silly audit   esbuild: [ '0.21.5' ],
35 silly audit   'escape-string-regexp': [ '1.0.5' ],
35 silly audit   extend: [ '3.0.2' ],
35 silly audit   'external-editor': [ '3.1.0' ],
35 silly audit   extsprintf: [ '1.3.0' ],
35 silly audit   'fast-deep-equal': [ '3.1.3' ],
35 silly audit   'fast-json-stable-stringify': [ '2.1.0' ],
35 silly audit   figures: [ '2.0.0' ],
35 silly audit   'fill-range': [ '7.1.1' ],
35 silly audit   'forever-agent': [ '0.6.1' ],
35 silly audit   'form-data': [ '2.3.3' ],
35 silly audit   'fs.realpath': [ '1.0.0' ],
35 silly audit   fsevents: [ '2.3.3' ],
35 silly audit   fstream: [ '1.0.12' ],
35 silly audit   getpass: [ '0.1.7' ],
35 silly audit   glob: [ '7.2.3' ],
35 silly audit   'glob-parent': [ '5.1.2' ],
35 silly audit   'graceful-fs': [ '4.2.11' ],
35 silly audit   'har-schema': [ '2.0.0' ],
35 silly audit   'har-validator': [ '5.1.5' ],
35 silly audit   'has-flag': [ '3.0.0' ],
35 silly audit   'http-signature': [ '1.2.0' ],
35 silly audit   'iconv-lite': [ '0.4.24' ],
35 silly audit   immutable: [ '4.3.6' ],
35 silly audit   inflight: [ '1.0.6' ],
35 silly audit   inherits: [ '2.0.4' ],
35 silly audit   inquirer: [ '6.5.2' ],
35 silly audit   'is-binary-path': [ '2.1.0' ],
35 silly audit   'is-domain': [ '0.0.1' ],
35 silly audit   'is-extglob': [ '2.1.1' ],
35 silly audit   'is-fullwidth-code-point': [ '2.0.0' ],
35 silly audit   'is-glob': [ '4.0.3' ],
35 silly audit   'is-number': [ '7.0.0' ],
35 silly audit   'is-typedarray': [ '1.0.0' ],
35 silly audit   isstream: [ '0.1.2' ],
35 silly audit   jsbn: [ '0.1.1' ],
35 silly audit   'json-schema': [ '0.4.0' ],
35 silly audit   'json-schema-traverse': [ '0.4.1' ],
35 silly audit   'json-stringify-safe': [ '5.0.1' ],
35 silly audit   jsprim: [ '1.4.2' ],
35 silly audit   lodash: [ '4.17.21' ],
35 silly audit   'mime-db': [ '1.52.0' ],
35 silly audit   'mime-types': [ '2.1.35' ],
35 silly audit   'mimic-fn': [ '1.2.0' ],
35 silly audit   minimatch: [ '3.1.2' ],
35 silly audit   minimist: [ '1.2.3', '1.2.8' ],
35 silly audit   mkdirp: [ '0.5.6' ],
35 silly audit   moniker: [ '0.1.2' ],
35 silly audit   'mute-stream': [ '0.0.7' ],
35 silly audit   nanoid: [ '3.3.7' ],
35 silly audit   netrc: [ '0.1.4' ],
35 silly audit   'normalize-path': [ '3.0.0' ],
35 silly audit   'oauth-sign': [ '0.9.0' ],
35 silly audit   'object-assign': [ '4.1.1' ],
35 silly audit   once: [ '1.4.0' ],
35 silly audit   onetime: [ '2.0.1' ],
35 silly audit   'os-tmpdir': [ '1.0.2' ],
35 silly audit   'path-is-absolute': [ '1.0.1' ],
35 silly audit   'performance-now': [ '2.1.0' ],
35 silly audit   picocolors: [ '1.0.1' ],
35 silly audit   picomatch: [ '2.3.1' ],
35 silly audit   postcss: [ '8.4.38' ],
35 silly audit   progress: [ '1.1.8' ],
35 silly audit   psl: [ '1.9.0' ],
35 silly audit   punycode: [ '2.3.1' ],
35 silly audit   qs: [ '6.5.3' ],
35 silly audit   read: [ '1.0.5' ],
35 silly audit   readdirp: [ '3.6.0' ],
35 silly audit   reate: [ '1.2.0' ],
35 silly audit   request: [ '2.88.2' ],
35 silly audit   'restore-cursor': [ '2.0.0' ],
35 silly audit   rimraf: [ '2.7.1' ],
35 silly audit   rollup: [ '4.18.0' ],
35 silly audit   'run-async': [ '2.4.1' ],
35 silly audit   rxjs: [ '6.6.7' ],
35 silly audit   'safe-buffer': [ '5.2.1' ],
35 silly audit   'safer-buffer': [ '2.1.2' ],
35 silly audit   sass: [ '1.77.3' ],
35 silly audit   'signal-exit': [ '3.0.7' ],
35 silly audit   'source-map-js': [ '1.2.0' ],
35 silly audit   split: [ '0.3.1' ],
35 silly audit   sshpk: [ '1.18.0' ],
35 silly audit   'string-width': [ '2.1.1' ],
35 silly audit   'strip-ansi': [ '4.0.0', '5.2.0' ],
35 silly audit   'supports-color': [ '5.5.0' ],
35 silly audit   surge: [ '0.23.1' ],
35 silly audit   'surge-fstream-ignore': [ '1.0.6' ],
35 silly audit   'surge-ignore': [ '0.2.0' ],
35 silly audit   tarr: [ '1.1.0' ],
35 silly audit   through: [ '2.3.8' ],
35 silly audit   tmp: [ '0.0.33' ],
35 silly audit   'to-regex-range': [ '5.0.1' ],
35 silly audit   'tough-cookie': [ '2.5.0' ],
35 silly audit   tslib: [ '1.14.1' ],
35 silly audit   'tunnel-agent': [ '0.6.0' ],
35 silly audit   tweetnacl: [ '0.14.5' ],
35 silly audit   'uri-js': [ '4.4.1' ],
35 silly audit   'url-parse-as-address': [ '1.0.0' ],
35 silly audit   uuid: [ '3.4.0' ],
35 silly audit   verror: [ '1.10.0' ],
35 silly audit   vite: [ '5.3.1' ],
35 silly audit   wrappy: [ '1.0.2' ],
35 silly audit   react: [ '19.0.0-rc-4c2e457c7c-20240522' ],
35 silly audit   'react-dom': [ '19.0.0-rc-4c2e457c7c-20240522' ],
35 silly audit   scheduler: [ '0.25.0-rc-4c2e457c7c-20240522' ]
35 silly audit }
36 verbose reify failed optional dependency /home/student/node_modules/fsevents
37 silly reify mark deleted [ '/home/student/node_modules/fsevents' ]
38 verbose reify failed optional dependency /home/student/node_modules/@rollup/rollup-win32-x64-msvc
39 silly reify mark deleted [ '/home/student/node_modules/@rollup/rollup-win32-x64-msvc' ]
40 verbose reify failed optional dependency /home/student/node_modules/@rollup/rollup-win32-ia32-msvc
41 silly reify mark deleted [ '/home/student/node_modules/@rollup/rollup-win32-ia32-msvc' ]
42 verbose reify failed optional dependency /home/student/node_modules/@rollup/rollup-win32-arm64-msvc
43 silly reify mark deleted [ '/home/student/node_modules/@rollup/rollup-win32-arm64-msvc' ]
44 verbose reify failed optional dependency /home/student/node_modules/@rollup/rollup-linux-s390x-gnu
45 silly reify mark deleted [ '/home/student/node_modules/@rollup/rollup-linux-s390x-gnu' ]
46 verbose reify failed optional dependency /home/student/node_modules/@rollup/rollup-linux-riscv64-gnu
47 silly reify mark deleted [ '/home/student/node_modules/@rollup/rollup-linux-riscv64-gnu' ]
48 verbose reify failed optional dependency /home/student/node_modules/@rollup/rollup-linux-powerpc64le-gnu
49 silly reify mark deleted [ '/home/student/node_modules/@rollup/rollup-linux-powerpc64le-gnu' ]
50 verbose reify failed optional dependency /home/student/node_modules/@rollup/rollup-linux-arm64-musl
51 silly reify mark deleted [ '/home/student/node_modules/@rollup/rollup-linux-arm64-musl' ]
52 verbose reify failed optional dependency /home/student/node_modules/@rollup/rollup-linux-arm64-gnu
53 silly reify mark deleted [ '/home/student/node_modules/@rollup/rollup-linux-arm64-gnu' ]
54 verbose reify failed optional dependency /home/student/node_modules/@rollup/rollup-linux-arm-musleabihf
55 silly reify mark deleted [ '/home/student/node_modules/@rollup/rollup-linux-arm-musleabihf' ]
56 verbose reify failed optional dependency /home/student/node_modules/@rollup/rollup-linux-arm-gnueabihf
57 silly reify mark deleted [ '/home/student/node_modules/@rollup/rollup-linux-arm-gnueabihf' ]
58 verbose reify failed optional dependency /home/student/node_modules/@rollup/rollup-darwin-x64
59 silly reify mark deleted [ '/home/student/node_modules/@rollup/rollup-darwin-x64' ]
60 verbose reify failed optional dependency /home/student/node_modules/@rollup/rollup-darwin-arm64
61 silly reify mark deleted [ '/home/student/node_modules/@rollup/rollup-darwin-arm64' ]
62 verbose reify failed optional dependency /home/student/node_modules/@rollup/rollup-android-arm64
63 silly reify mark deleted [ '/home/student/node_modules/@rollup/rollup-android-arm64' ]
64 verbose reify failed optional dependency /home/student/node_modules/@rollup/rollup-android-arm-eabi
65 silly reify mark deleted [ '/home/student/node_modules/@rollup/rollup-android-arm-eabi' ]
66 verbose reify failed optional dependency /home/student/node_modules/@esbuild/win32-x64
67 silly reify mark deleted [ '/home/student/node_modules/@esbuild/win32-x64' ]
68 verbose reify failed optional dependency /home/student/node_modules/@esbuild/win32-ia32
69 silly reify mark deleted [ '/home/student/node_modules/@esbuild/win32-ia32' ]
70 verbose reify failed optional dependency /home/student/node_modules/@esbuild/win32-arm64
71 silly reify mark deleted [ '/home/student/node_modules/@esbuild/win32-arm64' ]
72 verbose reify failed optional dependency /home/student/node_modules/@esbuild/sunos-x64
73 silly reify mark deleted [ '/home/student/node_modules/@esbuild/sunos-x64' ]
74 verbose reify failed optional dependency /home/student/node_modules/@esbuild/openbsd-x64
75 silly reify mark deleted [ '/home/student/node_modules/@esbuild/openbsd-x64' ]
76 verbose reify failed optional dependency /home/student/node_modules/@esbuild/netbsd-x64
77 silly reify mark deleted [ '/home/student/node_modules/@esbuild/netbsd-x64' ]
78 verbose reify failed optional dependency /home/student/node_modules/@esbuild/linux-s390x
79 silly reify mark deleted [ '/home/student/node_modules/@esbuild/linux-s390x' ]
80 verbose reify failed optional dependency /home/student/node_modules/@esbuild/linux-riscv64
81 silly reify mark deleted [ '/home/student/node_modules/@esbuild/linux-riscv64' ]
82 verbose reify failed optional dependency /home/student/node_modules/@esbuild/linux-ppc64
83 silly reify mark deleted [ '/home/student/node_modules/@esbuild/linux-ppc64' ]
84 verbose reify failed optional dependency /home/student/node_modules/@esbuild/linux-mips64el
85 silly reify mark deleted [ '/home/student/node_modules/@esbuild/linux-mips64el' ]
86 verbose reify failed optional dependency /home/student/node_modules/@esbuild/linux-loong64
87 silly reify mark deleted [ '/home/student/node_modules/@esbuild/linux-loong64' ]
88 verbose reify failed optional dependency /home/student/node_modules/@esbuild/linux-ia32
89 silly reify mark deleted [ '/home/student/node_modules/@esbuild/linux-ia32' ]
90 verbose reify failed optional dependency /home/student/node_modules/@esbuild/linux-arm64
91 silly reify mark deleted [ '/home/student/node_modules/@esbuild/linux-arm64' ]
92 verbose reify failed optional dependency /home/student/node_modules/@esbuild/linux-arm
93 silly reify mark deleted [ '/home/student/node_modules/@esbuild/linux-arm' ]
94 verbose reify failed optional dependency /home/student/node_modules/@esbuild/freebsd-x64
95 silly reify mark deleted [ '/home/student/node_modules/@esbuild/freebsd-x64' ]
96 verbose reify failed optional dependency /home/student/node_modules/@esbuild/freebsd-arm64
97 silly reify mark deleted [ '/home/student/node_modules/@esbuild/freebsd-arm64' ]
98 verbose reify failed optional dependency /home/student/node_modules/@esbuild/darwin-x64
99 silly reify mark deleted [ '/home/student/node_modules/@esbuild/darwin-x64' ]
100 verbose reify failed optional dependency /home/student/node_modules/@esbuild/darwin-arm64
101 silly reify mark deleted [ '/home/student/node_modules/@esbuild/darwin-arm64' ]
102 verbose reify failed optional dependency /home/student/node_modules/@esbuild/android-x64
103 silly reify mark deleted [ '/home/student/node_modules/@esbuild/android-x64' ]
104 verbose reify failed optional dependency /home/student/node_modules/@esbuild/android-arm64
105 silly reify mark deleted [ '/home/student/node_modules/@esbuild/android-arm64' ]
106 verbose reify failed optional dependency /home/student/node_modules/@esbuild/android-arm
107 silly reify mark deleted [ '/home/student/node_modules/@esbuild/android-arm' ]
108 verbose reify failed optional dependency /home/student/node_modules/@esbuild/aix-ppc64
109 silly reify mark deleted [ '/home/student/node_modules/@esbuild/aix-ppc64' ]
110 silly tarball no local data for scheduler@https://registry.npmjs.org/scheduler/-/scheduler-0.25.0-rc-4c2e457c7c-20240522.tgz. Extracting by manifest.
111 silly tarball no local data for react-dom@https://registry.npmjs.org/react-dom/-/react-dom-19.0.0-rc-4c2e457c7c-20240522.tgz. Extracting by manifest.
112 silly tarball no local data for react@https://registry.npmjs.org/react/-/react-19.0.0-rc-4c2e457c7c-20240522.tgz. Extracting by manifest.
113 http fetch GET 200 https://registry.npmjs.org/scheduler/-/scheduler-0.25.0-rc-4c2e457c7c-20240522.tgz 181ms (cache miss)
114 http fetch POST 200 https://registry.npmjs.org/-/npm/v1/security/advisories/bulk 233ms
115 silly audit report {
115 silly audit report   minimist: [
115 silly audit report     {
115 silly audit report       id: 1096549,
115 silly audit report       url: 'https://github.com/advisories/GHSA-xvch-5gv4-984h',
115 silly audit report       title: 'Prototype Pollution in minimist',
115 silly audit report       severity: 'critical',
115 silly audit report       vulnerable_versions: '>=1.0.0 <1.2.6',
115 silly audit report       cwe: [Array],
115 silly audit report       cvss: [Object]
115 silly audit report     }
115 silly audit report   ],
115 silly audit report   request: [
115 silly audit report     {
115 silly audit report       id: 1096727,
115 silly audit report       url: 'https://github.com/advisories/GHSA-p8p7-x288-28g6',
115 silly audit report       title: 'Server-Side Request Forgery in Request',
115 silly audit report       severity: 'moderate',
115 silly audit report       vulnerable_versions: '<=2.88.2',
115 silly audit report       cwe: [Array],
115 silly audit report       cvss: [Object]
115 silly audit report     }
115 silly audit report   ],
115 silly audit report   'tough-cookie': [
115 silly audit report     {
115 silly audit report       id: 1096643,
115 silly audit report       url: 'https://github.com/advisories/GHSA-72xf-g2v4-qvf3',
115 silly audit report       title: 'tough-cookie Prototype Pollution vulnerability',
115 silly audit report       severity: 'moderate',
115 silly audit report       vulnerable_versions: '<4.1.3',
115 silly audit report       cwe: [Array],
115 silly audit report       cvss: [Object]
115 silly audit report     }
115 silly audit report   ]
115 silly audit report }
116 silly packumentCache corgi:https://registry.npmjs.org/minimist cache-miss
117 silly packumentCache corgi:https://registry.npmjs.org/request cache-miss
118 silly packumentCache corgi:https://registry.npmjs.org/tough-cookie cache-miss
119 http fetch GET 200 https://registry.npmjs.org/minimist 107ms (cache revalidated)
120 silly packumentCache corgi:https://registry.npmjs.org/minimist set size:29263 disposed:false
121 http fetch GET 200 https://registry.npmjs.org/tough-cookie 118ms (cache revalidated)
122 silly packumentCache corgi:https://registry.npmjs.org/tough-cookie set size:42354 disposed:false
123 http fetch GET 200 https://registry.npmjs.org/request 134ms (cache revalidated)
124 silly packumentCache corgi:https://registry.npmjs.org/request set size:129997 disposed:false
125 silly packumentCache corgi:https://registry.npmjs.org/surge cache-miss
126 http fetch GET 200 https://registry.npmjs.org/react-dom/-/react-dom-19.0.0-rc-4c2e457c7c-20240522.tgz 666ms (cache miss)
127 http fetch GET 200 https://registry.npmjs.org/surge 546ms (cache revalidated)
128 silly packumentCache corgi:https://registry.npmjs.org/surge set size:106365 disposed:false
129 http fetch GET 200 https://registry.npmjs.org/react/-/react-19.0.0-rc-4c2e457c7c-20240522.tgz 1010ms (cache miss)
130 silly ADD node_modules/scheduler
131 silly ADD node_modules/react-dom
132 silly ADD
133 silly ADD
134 silly ADD
135 silly ADD
136 silly ADD
137 silly ADD
138 silly ADD
139 silly ADD
140 silly ADD
141 silly ADD
142 silly ADD
143 silly ADD
144 silly ADD
145 silly ADD
146 silly ADD
147 silly ADD
148 silly ADD
149 silly ADD
150 silly ADD
151 silly ADD
152 silly ADD
153 silly ADD
154 silly ADD
155 silly ADD
156 silly ADD
157 silly ADD
158 silly ADD
159 silly ADD
160 silly ADD
161 silly ADD
162 silly ADD
163 silly ADD
164 silly ADD
165 silly ADD
166 silly ADD
167 silly ADD
168 silly ADD
169 silly CHANGE node_modules/react
170 silly REMOVE node_modules/loose-envify
171 silly REMOVE node_modules/js-tokens
172 verbose cwd /home/student/S03_challenge_E05_suspense-cedricRGT45/projet
173 verbose os Linux 6.5.0-1020-aws
174 verbose node v20.11.1
175 verbose npm  v10.8.1
176 verbose exit 0
177 info ok
