0 verbose cli /usr/local/bin/node /usr/local/bin/npm
1 info using npm@10.2.4
2 info using node@v20.11.1
3 timing npm:load:whichnode Completed in 2ms
4 timing config:load:defaults Completed in 4ms
5 timing config:load:file:/usr/local/lib/node_modules/npm/npmrc Completed in 0ms
6 timing config:load:builtin Completed in 1ms
7 timing config:load:cli Completed in 6ms
8 timing config:load:env Completed in 0ms
9 timing config:load:file:/home/student/.cache/typescript/5.3/.npmrc Completed in 0ms
10 timing config:load:project Completed in 1ms
11 timing config:load:file:/home/student/.npmrc Completed in 0ms
12 timing config:load:user Completed in 1ms
13 timing config:load:file:/usr/local/etc/npmrc Completed in 0ms
14 timing config:load:global Completed in 0ms
15 timing config:load:setEnvs Completed in 1ms
16 timing config:load Completed in 15ms
17 timing npm:load:configload Completed in 15ms
18 timing config:load:flatten Completed in 3ms
19 timing npm:load:mkdirpcache Completed in 0ms
20 timing npm:load:mkdirplogs Completed in 0ms
21 verbose title npm install @types/express@ts5.3
22 verbose argv "install" "--ignore-scripts" "@types/express@ts5.3" "--save-dev" "--user-agent" "typesInstaller/5.3.2"
23 timing npm:load:setTitle Completed in 0ms
24 timing npm:load:display Completed in 1ms
25 verbose logfile logs-max:10 dir:/home/student/.npm/_logs/2024-03-28T08_12_25_162Z-
26 verbose logfile /home/student/.npm/_logs/2024-03-28T08_12_25_162Z-debug-0.log
27 timing npm:load:logFile Completed in 12ms
28 timing npm:load:timers Completed in 1ms
29 timing npm:load:configScope Completed in 0ms
30 timing npm:load Completed in 55ms
31 timing arborist:ctor Completed in 2ms
32 silly logfile done cleaning log files
33 timing idealTree:init Completed in 23ms
34 timing arborist:ctor Completed in 0ms
35 http fetch GET 200 https://registry.npmjs.org/@types%2fexpress 180ms (cache miss)
36 timing idealTree:userRequests Completed in 191ms
37 silly idealTree buildDeps
38 silly fetch manifest @types/express@4.17.21
39 silly placeDep ROOT @types/express@4.17.21 OK for:  want: 4.17.21
40 silly fetch manifest @types/body-parser@*
41 silly fetch manifest @types/express-serve-static-core@^4.17.33
42 silly fetch manifest @types/qs@*
43 silly fetch manifest @types/serve-static@*
44 http fetch GET 200 https://registry.npmjs.org/@types%2fbody-parser 39ms (cache miss)
45 http fetch GET 200 https://registry.npmjs.org/@types%2fqs 73ms (cache miss)
46 http fetch GET 200 https://registry.npmjs.org/@types%2fserve-static 74ms (cache miss)
47 http fetch GET 200 https://registry.npmjs.org/@types%2fexpress-serve-static-core 81ms (cache miss)
48 timing idealTree:#root Completed in 95ms
49 silly placeDep ROOT @types/body-parser@1.19.5 OK for: @types/express@4.17.21 want: *
50 silly fetch manifest @types/connect@*
51 silly fetch manifest @types/node@*
52 silly placeDep ROOT @types/express-serve-static-core@4.17.43 OK for: @types/express@4.17.21 want: ^4.17.33
53 silly fetch manifest @types/range-parser@*
54 silly fetch manifest @types/send@*
55 silly placeDep ROOT @types/qs@6.9.14 OK for: @types/express@4.17.21 want: *
56 silly placeDep ROOT @types/serve-static@1.15.5 OK for: @types/express@4.17.21 want: *
57 silly fetch manifest @types/http-errors@*
58 silly fetch manifest @types/mime@*
59 http fetch GET 200 https://registry.npmjs.org/@types%2fsend 136ms (cache miss)
60 http fetch GET 200 https://registry.npmjs.org/@types%2frange-parser 139ms (cache miss)
61 http fetch GET 200 https://registry.npmjs.org/@types%2fconnect 143ms (cache miss)
62 http fetch GET 200 https://registry.npmjs.org/@types%2fhttp-errors 145ms (cache miss)
63 http fetch GET 200 https://registry.npmjs.org/@types%2fnode 285ms (cache miss)
64 http fetch GET 200 https://registry.npmjs.org/@types%2fmime 367ms (cache miss)
65 timing idealTree:node_modules/@types/express Completed in 384ms
66 silly placeDep ROOT @types/connect@3.4.38 OK for: @types/body-parser@1.19.5 want: *
67 silly placeDep ROOT @types/node@20.11.30 OK for: @types/body-parser@1.19.5 want: *
68 silly fetch manifest undici-types@~5.26.4
69 http fetch GET 200 https://registry.npmjs.org/undici-types 32ms (cache miss)
70 timing idealTree:node_modules/@types/body-parser Completed in 42ms
71 timing idealTree:node_modules/@types/connect Completed in 0ms
72 silly placeDep ROOT @types/range-parser@1.2.7 OK for: @types/express-serve-static-core@4.17.43 want: *
73 silly placeDep ROOT @types/send@0.17.4 OK for: @types/express-serve-static-core@4.17.43 want: *
74 silly fetch manifest @types/mime@^1
75 timing idealTree:node_modules/@types/express-serve-static-core Completed in 8ms
76 silly placeDep ROOT undici-types@5.26.5 OK for: @types/node@20.11.30 want: ~5.26.4
77 timing idealTree:node_modules/@types/node Completed in 3ms
78 timing idealTree:node_modules/@types/qs Completed in 0ms
79 timing idealTree:node_modules/@types/range-parser Completed in 0ms
80 silly placeDep ROOT @types/mime@1.3.5 OK for: @types/send@0.17.4 want: ^1
81 timing idealTree:node_modules/@types/send Completed in 3ms
82 timing idealTree:node_modules/@types/mime Completed in 0ms
83 silly placeDep ROOT @types/http-errors@2.0.4 OK for: @types/serve-static@1.15.5 want: *
84 timing idealTree:node_modules/@types/serve-static Completed in 14ms
85 timing idealTree:node_modules/@types/http-errors Completed in 0ms
86 timing idealTree:node_modules/undici-types Completed in 0ms
87 timing idealTree:buildDeps Completed in 554ms
88 timing idealTree:fixDepFlags Completed in 0ms
89 timing idealTree Completed in 778ms
90 timing reify:loadTrees Completed in 779ms
91 timing reify:diffTrees Completed in 3ms
92 silly reify moves {}
93 timing reify:retireShallow Completed in 2ms
94 timing reify:createSparse Completed in 4ms
95 timing reify:loadBundles Completed in 0ms
96 silly audit bulk request {
96 silly audit   'types-registry': [ '0.1.684' ],
96 silly audit   '@types/express': [ '4.17.21' ],
96 silly audit   '@types/body-parser': [ '1.19.5' ],
96 silly audit   '@types/express-serve-static-core': [ '4.17.43' ],
96 silly audit   '@types/qs': [ '6.9.14' ],
96 silly audit   '@types/serve-static': [ '1.15.5' ],
96 silly audit   '@types/connect': [ '3.4.38' ],
96 silly audit   '@types/node': [ '20.11.30' ],
96 silly audit   '@types/range-parser': [ '1.2.7' ],
96 silly audit   '@types/send': [ '0.17.4' ],
96 silly audit   'undici-types': [ '5.26.5' ],
96 silly audit   '@types/mime': [ '1.3.5' ],
96 silly audit   '@types/http-errors': [ '2.0.4' ]
96 silly audit }
97 silly tarball no local data for @types/http-errors@https://registry.npmjs.org/@types/http-errors/-/http-errors-2.0.4.tgz. Extracting by manifest.
98 silly tarball no local data for undici-types@https://registry.npmjs.org/undici-types/-/undici-types-5.26.5.tgz. Extracting by manifest.
99 silly tarball no local data for @types/mime@https://registry.npmjs.org/@types/mime/-/mime-1.3.5.tgz. Extracting by manifest.
100 silly tarball no local data for @types/send@https://registry.npmjs.org/@types/send/-/send-0.17.4.tgz. Extracting by manifest.
101 silly tarball no local data for @types/range-parser@https://registry.npmjs.org/@types/range-parser/-/range-parser-1.2.7.tgz. Extracting by manifest.
102 silly tarball no local data for @types/node@https://registry.npmjs.org/@types/node/-/node-20.11.30.tgz. Extracting by manifest.
103 silly tarball no local data for @types/connect@https://registry.npmjs.org/@types/connect/-/connect-3.4.38.tgz. Extracting by manifest.
104 silly tarball no local data for @types/serve-static@https://registry.npmjs.org/@types/serve-static/-/serve-static-1.15.5.tgz. Extracting by manifest.
105 silly tarball no local data for @types/qs@https://registry.npmjs.org/@types/qs/-/qs-6.9.14.tgz. Extracting by manifest.
106 silly tarball no local data for @types/express-serve-static-core@https://registry.npmjs.org/@types/express-serve-static-core/-/express-serve-static-core-4.17.43.tgz. Extracting by manifest.
107 silly tarball no local data for @types/body-parser@https://registry.npmjs.org/@types/body-parser/-/body-parser-1.19.5.tgz. Extracting by manifest.
108 silly tarball no local data for @types/express@https://registry.npmjs.org/@types/express/-/express-4.17.21.tgz. Extracting by manifest.
109 http fetch POST 200 https://registry.npmjs.org/-/npm/v1/security/advisories/bulk 179ms
110 timing auditReport:getReport Completed in 181ms
111 silly audit report {}
112 timing auditReport:init Completed in 0ms
113 timing reify:audit Completed in 183ms
114 http fetch GET 200 https://registry.npmjs.org/@types/mime/-/mime-1.3.5.tgz 160ms (cache miss)
115 timing reifyNode:node_modules/@types/mime Completed in 186ms
116 http fetch GET 200 https://registry.npmjs.org/@types/range-parser/-/range-parser-1.2.7.tgz 165ms (cache miss)
117 timing reifyNode:node_modules/@types/range-parser Completed in 192ms
118 http fetch GET 200 https://registry.npmjs.org/@types/send/-/send-0.17.4.tgz 167ms (cache miss)
119 timing reifyNode:node_modules/@types/send Completed in 192ms
120 http fetch GET 200 https://registry.npmjs.org/@types/serve-static/-/serve-static-1.15.5.tgz 169ms (cache miss)
121 timing reifyNode:node_modules/@types/serve-static Completed in 196ms
122 http fetch GET 200 https://registry.npmjs.org/@types/http-errors/-/http-errors-2.0.4.tgz 177ms (cache miss)
123 timing reifyNode:node_modules/@types/http-errors Completed in 201ms
124 http fetch GET 200 https://registry.npmjs.org/@types/qs/-/qs-6.9.14.tgz 175ms (cache miss)
125 timing reifyNode:node_modules/@types/qs Completed in 203ms
126 http fetch GET 200 https://registry.npmjs.org/@types/connect/-/connect-3.4.38.tgz 178ms (cache miss)
127 timing reifyNode:node_modules/@types/connect Completed in 204ms
128 http fetch GET 200 https://registry.npmjs.org/@types/body-parser/-/body-parser-1.19.5.tgz 174ms (cache miss)
129 timing reifyNode:node_modules/@types/body-parser Completed in 205ms
130 http fetch GET 200 https://registry.npmjs.org/@types/express/-/express-4.17.21.tgz 176ms (cache miss)
131 timing reifyNode:node_modules/@types/express Completed in 207ms
132 http fetch GET 200 https://registry.npmjs.org/@types/express-serve-static-core/-/express-serve-static-core-4.17.43.tgz 184ms (cache miss)
133 timing reifyNode:node_modules/@types/express-serve-static-core Completed in 213ms
134 http fetch GET 200 https://registry.npmjs.org/undici-types/-/undici-types-5.26.5.tgz 218ms (cache miss)
135 timing reifyNode:node_modules/undici-types Completed in 242ms
136 http fetch GET 200 https://registry.npmjs.org/@types/node/-/node-20.11.30.tgz 270ms (cache miss)
137 timing reifyNode:node_modules/@types/node Completed in 296ms
138 timing reify:unpack Completed in 297ms
139 timing reify:unretire Completed in 0ms
140 timing build:queue Completed in 1ms
141 timing build:deps Completed in 2ms
142 timing build Completed in 2ms
143 timing reify:build Completed in 2ms
144 timing reify:trash Completed in 0ms
145 timing reify:save Completed in 16ms
146 timing reify Completed in 1162ms
147 silly ADD node_modules/@types/http-errors
148 silly ADD node_modules/@types/mime
149 silly ADD node_modules/undici-types
150 silly ADD node_modules/@types/send
151 silly ADD node_modules/@types/range-parser
152 silly ADD node_modules/@types/node
153 silly ADD node_modules/@types/connect
154 silly ADD node_modules/@types/serve-static
155 silly ADD node_modules/@types/qs
156 silly ADD node_modules/@types/express-serve-static-core
157 silly ADD node_modules/@types/body-parser
158 silly ADD node_modules/@types/express
159 timing command:install Completed in 1171ms
160 verbose exit 0
161 timing npm Completed in 1615ms
162 info ok
