0 verbose cli /usr/local/bin/node /usr/local/bin/npm
1 info using npm@10.5.2
2 info using node@v20.11.1
3 timing npm:load:whichnode Completed in 2ms
4 timing config:load:defaults Completed in 2ms
5 timing config:load:file:/usr/local/lib/node_modules/npm/npmrc Completed in 0ms
6 timing config:load:builtin Completed in 0ms
7 timing config:load:cli Completed in 4ms
8 timing config:load:env Completed in 1ms
9 timing config:load:project Completed in 1ms
10 timing config:load:file:/home/student/.npmrc Completed in 0ms
11 timing config:load:user Completed in 0ms
12 timing config:load:file:/usr/local/etc/npmrc Completed in 0ms
13 timing config:load:global Completed in 0ms
14 timing config:load:setEnvs Completed in 1ms
15 timing config:load Completed in 10ms
16 timing npm:load:configload Completed in 10ms
17 timing config:load:flatten Completed in 3ms
18 timing npm:load:mkdirpcache Completed in 1ms
19 timing npm:load:mkdirplogs Completed in 0ms
20 verbose title npm i vite@latest
21 verbose argv "i" "--global" "vite@latest"
22 timing npm:load:setTitle Completed in 1ms
23 timing npm:load:display Completed in 1ms
24 verbose logfile logs-max:10 dir:/home/student/.npm/_logs/2024-06-02T10_24_08_464Z-
25 verbose logfile /home/student/.npm/_logs/2024-06-02T10_24_08_464Z-debug-0.log
26 timing npm:load:logFile Completed in 4ms
27 timing npm:load:timers Completed in 0ms
28 timing npm:load:configScope Completed in 0ms
29 timing npm:load Completed in 42ms
30 timing config:load:flatten Completed in 1ms
31 timing arborist:ctor Completed in 1ms
32 silly logfile start cleaning logs, removing 1 files
33 silly logfile done cleaning log files
34 timing idealTree:init Completed in 11ms
35 http fetch GET 200 https://registry.npmjs.org/vite 238ms (cache miss)
36 timing idealTree:userRequests Completed in 273ms
37 silly idealTree buildDeps
38 silly fetch manifest vite@5.2.12
39 silly placeDep ROOT vite@5.2.12 OK for:  want: 5.2.12
40 silly fetch manifest rollup@^4.13.0
41 http fetch GET 200 https://registry.npmjs.org/rollup 87ms (cache revalidated)
42 silly fetch manifest esbuild@^0.20.1
43 http fetch GET 200 https://registry.npmjs.org/esbuild 64ms (cache revalidated)
44 silly fetch manifest postcss@^8.4.38
45 http fetch GET 200 https://registry.npmjs.org/postcss 530ms (cache revalidated)
46 silly fetch manifest fsevents@~2.3.3
47 http fetch GET 200 https://registry.npmjs.org/fsevents 31ms (cache revalidated)
48 timing idealTree:#root Completed in 862ms
49 silly placeDep node_modules/vite esbuild@0.20.2 OK for: vite@5.2.12 want: ^0.20.1
50 silly placeDep node_modules/vite fsevents@2.3.3 OK for: vite@5.2.12 want: ~2.3.3
51 silly placeDep node_modules/vite postcss@8.4.38 OK for: vite@5.2.12 want: ^8.4.38
52 silly placeDep node_modules/vite rollup@4.18.0 OK for: vite@5.2.12 want: ^4.13.0
53 silly fetch manifest @esbuild/aix-ppc64@0.20.2
54 http fetch GET 200 https://registry.npmjs.org/@esbuild%2faix-ppc64 55ms (cache revalidated)
55 silly fetch manifest @esbuild/android-arm@0.20.2
56 http fetch GET 200 https://registry.npmjs.org/@esbuild%2fandroid-arm 60ms (cache revalidated)
57 silly fetch manifest @esbuild/android-arm64@0.20.2
58 http fetch GET 200 https://registry.npmjs.org/@esbuild%2fandroid-arm64 69ms (cache revalidated)
59 silly fetch manifest @esbuild/android-x64@0.20.2
60 http fetch GET 200 https://registry.npmjs.org/@esbuild%2fandroid-x64 64ms (cache revalidated)
61 silly fetch manifest @esbuild/darwin-arm64@0.20.2
62 http fetch GET 200 https://registry.npmjs.org/@esbuild%2fdarwin-arm64 56ms (cache revalidated)
63 silly fetch manifest @esbuild/darwin-x64@0.20.2
64 http fetch GET 200 https://registry.npmjs.org/@esbuild%2fdarwin-x64 65ms (cache revalidated)
65 silly fetch manifest @esbuild/freebsd-arm64@0.20.2
66 http fetch GET 200 https://registry.npmjs.org/@esbuild%2ffreebsd-arm64 53ms (cache revalidated)
67 silly fetch manifest @esbuild/freebsd-x64@0.20.2
68 http fetch GET 200 https://registry.npmjs.org/@esbuild%2ffreebsd-x64 58ms (cache revalidated)
69 silly fetch manifest @esbuild/linux-arm@0.20.2
70 http fetch GET 200 https://registry.npmjs.org/@esbuild%2flinux-arm 56ms (cache revalidated)
71 silly fetch manifest @esbuild/linux-arm64@0.20.2
72 http fetch GET 200 https://registry.npmjs.org/@esbuild%2flinux-arm64 62ms (cache revalidated)
73 silly fetch manifest @esbuild/linux-ia32@0.20.2
74 http fetch GET 200 https://registry.npmjs.org/@esbuild%2flinux-ia32 54ms (cache revalidated)
75 silly fetch manifest @esbuild/linux-loong64@0.20.2
76 http fetch GET 200 https://registry.npmjs.org/@esbuild%2flinux-loong64 66ms (cache revalidated)
77 silly fetch manifest @esbuild/linux-mips64el@0.20.2
78 http fetch GET 200 https://registry.npmjs.org/@esbuild%2flinux-mips64el 92ms (cache revalidated)
79 silly fetch manifest @esbuild/linux-ppc64@0.20.2
80 http fetch GET 200 https://registry.npmjs.org/@esbuild%2flinux-ppc64 56ms (cache revalidated)
81 silly fetch manifest @esbuild/linux-riscv64@0.20.2
82 http fetch GET 200 https://registry.npmjs.org/@esbuild%2flinux-riscv64 55ms (cache revalidated)
83 silly fetch manifest @esbuild/linux-s390x@0.20.2
84 http fetch GET 200 https://registry.npmjs.org/@esbuild%2flinux-s390x 67ms (cache revalidated)
85 silly fetch manifest @esbuild/linux-x64@0.20.2
86 http fetch GET 200 https://registry.npmjs.org/@esbuild%2flinux-x64 109ms (cache revalidated)
87 silly fetch manifest @esbuild/netbsd-x64@0.20.2
88 http fetch GET 200 https://registry.npmjs.org/@esbuild%2fnetbsd-x64 119ms (cache revalidated)
89 silly fetch manifest @esbuild/openbsd-x64@0.20.2
90 http fetch GET 200 https://registry.npmjs.org/@esbuild%2fopenbsd-x64 82ms (cache revalidated)
91 silly fetch manifest @esbuild/sunos-x64@0.20.2
92 http fetch GET 200 https://registry.npmjs.org/@esbuild%2fsunos-x64 81ms (cache revalidated)
93 silly fetch manifest @esbuild/win32-arm64@0.20.2
94 http fetch GET 200 https://registry.npmjs.org/@esbuild%2fwin32-arm64 63ms (cache revalidated)
95 silly fetch manifest @esbuild/win32-ia32@0.20.2
96 http fetch GET 200 https://registry.npmjs.org/@esbuild%2fwin32-ia32 67ms (cache revalidated)
97 silly fetch manifest @esbuild/win32-x64@0.20.2
98 http fetch GET 200 https://registry.npmjs.org/@esbuild%2fwin32-x64 52ms (cache revalidated)
99 silly fetch manifest nanoid@^3.3.7
100 http fetch GET 200 https://registry.npmjs.org/nanoid 32ms (cache revalidated)
101 silly fetch manifest picocolors@^1.0.0
102 http fetch GET 200 https://registry.npmjs.org/picocolors 26ms (cache revalidated)
103 silly fetch manifest source-map-js@^1.2.0
104 http fetch GET 200 https://registry.npmjs.org/source-map-js 40ms (cache revalidated)
105 silly fetch manifest @types/estree@1.0.5
106 http fetch GET 200 https://registry.npmjs.org/@types%2festree 38ms (cache revalidated)
107 silly fetch manifest @rollup/rollup-darwin-arm64@4.18.0
108 http fetch GET 200 https://registry.npmjs.org/@rollup%2frollup-darwin-arm64 59ms (cache revalidated)
109 silly fetch manifest @rollup/rollup-android-arm64@4.18.0
110 http fetch GET 200 https://registry.npmjs.org/@rollup%2frollup-android-arm64 51ms (cache revalidated)
111 silly fetch manifest @rollup/rollup-win32-arm64-msvc@4.18.0
112 http fetch GET 200 https://registry.npmjs.org/@rollup%2frollup-win32-arm64-msvc 49ms (cache revalidated)
113 silly fetch manifest @rollup/rollup-linux-arm64-gnu@4.18.0
114 http fetch GET 200 https://registry.npmjs.org/@rollup%2frollup-linux-arm64-gnu 51ms (cache revalidated)
115 silly fetch manifest @rollup/rollup-linux-arm64-musl@4.18.0
116 http fetch GET 200 https://registry.npmjs.org/@rollup%2frollup-linux-arm64-musl 64ms (cache revalidated)
117 silly fetch manifest @rollup/rollup-android-arm-eabi@4.18.0
118 http fetch GET 200 https://registry.npmjs.org/@rollup%2frollup-android-arm-eabi 66ms (cache revalidated)
119 silly fetch manifest @rollup/rollup-linux-arm-gnueabihf@4.18.0
120 http fetch GET 200 https://registry.npmjs.org/@rollup%2frollup-linux-arm-gnueabihf 55ms (cache revalidated)
121 silly fetch manifest @rollup/rollup-linux-arm-musleabihf@4.18.0
122 http fetch GET 200 https://registry.npmjs.org/@rollup%2frollup-linux-arm-musleabihf 52ms (cache revalidated)
123 silly fetch manifest @rollup/rollup-win32-ia32-msvc@4.18.0
124 http fetch GET 200 https://registry.npmjs.org/@rollup%2frollup-win32-ia32-msvc 54ms (cache revalidated)
125 silly fetch manifest @rollup/rollup-linux-riscv64-gnu@4.18.0
126 http fetch GET 200 https://registry.npmjs.org/@rollup%2frollup-linux-riscv64-gnu 55ms (cache revalidated)
127 silly fetch manifest @rollup/rollup-linux-powerpc64le-gnu@4.18.0
128 http fetch GET 200 https://registry.npmjs.org/@rollup%2frollup-linux-powerpc64le-gnu 61ms (cache revalidated)
129 silly fetch manifest @rollup/rollup-linux-s390x-gnu@4.18.0
130 http fetch GET 200 https://registry.npmjs.org/@rollup%2frollup-linux-s390x-gnu 49ms (cache revalidated)
131 silly fetch manifest @rollup/rollup-darwin-x64@4.18.0
132 http fetch GET 200 https://registry.npmjs.org/@rollup%2frollup-darwin-x64 63ms (cache revalidated)
133 silly fetch manifest @rollup/rollup-win32-x64-msvc@4.18.0
134 http fetch GET 200 https://registry.npmjs.org/@rollup%2frollup-win32-x64-msvc 54ms (cache revalidated)
135 silly fetch manifest @rollup/rollup-linux-x64-gnu@4.18.0
136 http fetch GET 200 https://registry.npmjs.org/@rollup%2frollup-linux-x64-gnu 62ms (cache revalidated)
137 silly fetch manifest @rollup/rollup-linux-x64-musl@4.18.0
138 http fetch GET 200 https://registry.npmjs.org/@rollup%2frollup-linux-x64-musl 115ms (cache revalidated)
139 timing idealTree:node_modules/vite Completed in 2826ms
140 silly placeDep node_modules/vite @esbuild/aix-ppc64@0.20.2 OK for: esbuild@0.20.2 want: 0.20.2
141 silly placeDep node_modules/vite @esbuild/android-arm@0.20.2 OK for: esbuild@0.20.2 want: 0.20.2
142 silly placeDep node_modules/vite @esbuild/android-arm64@0.20.2 OK for: esbuild@0.20.2 want: 0.20.2
143 silly placeDep node_modules/vite @esbuild/android-x64@0.20.2 OK for: esbuild@0.20.2 want: 0.20.2
144 silly placeDep node_modules/vite @esbuild/darwin-arm64@0.20.2 OK for: esbuild@0.20.2 want: 0.20.2
145 silly placeDep node_modules/vite @esbuild/darwin-x64@0.20.2 OK for: esbuild@0.20.2 want: 0.20.2
146 silly placeDep node_modules/vite @esbuild/freebsd-arm64@0.20.2 OK for: esbuild@0.20.2 want: 0.20.2
147 silly placeDep node_modules/vite @esbuild/freebsd-x64@0.20.2 OK for: esbuild@0.20.2 want: 0.20.2
148 silly placeDep node_modules/vite @esbuild/linux-arm@0.20.2 OK for: esbuild@0.20.2 want: 0.20.2
149 silly placeDep node_modules/vite @esbuild/linux-arm64@0.20.2 OK for: esbuild@0.20.2 want: 0.20.2
150 silly placeDep node_modules/vite @esbuild/linux-ia32@0.20.2 OK for: esbuild@0.20.2 want: 0.20.2
151 silly placeDep node_modules/vite @esbuild/linux-loong64@0.20.2 OK for: esbuild@0.20.2 want: 0.20.2
152 silly placeDep node_modules/vite @esbuild/linux-mips64el@0.20.2 OK for: esbuild@0.20.2 want: 0.20.2
153 silly placeDep node_modules/vite @esbuild/linux-ppc64@0.20.2 OK for: esbuild@0.20.2 want: 0.20.2
154 silly placeDep node_modules/vite @esbuild/linux-riscv64@0.20.2 OK for: esbuild@0.20.2 want: 0.20.2
155 silly placeDep node_modules/vite @esbuild/linux-s390x@0.20.2 OK for: esbuild@0.20.2 want: 0.20.2
156 silly placeDep node_modules/vite @esbuild/linux-x64@0.20.2 OK for: esbuild@0.20.2 want: 0.20.2
157 silly placeDep node_modules/vite @esbuild/netbsd-x64@0.20.2 OK for: esbuild@0.20.2 want: 0.20.2
158 silly placeDep node_modules/vite @esbuild/openbsd-x64@0.20.2 OK for: esbuild@0.20.2 want: 0.20.2
159 silly placeDep node_modules/vite @esbuild/sunos-x64@0.20.2 OK for: esbuild@0.20.2 want: 0.20.2
160 silly placeDep node_modules/vite @esbuild/win32-arm64@0.20.2 OK for: esbuild@0.20.2 want: 0.20.2
161 silly placeDep node_modules/vite @esbuild/win32-ia32@0.20.2 OK for: esbuild@0.20.2 want: 0.20.2
162 silly placeDep node_modules/vite @esbuild/win32-x64@0.20.2 OK for: esbuild@0.20.2 want: 0.20.2
163 timing idealTree:node_modules/vite/node_modules/esbuild Completed in 48ms
164 timing idealTree:node_modules/vite/node_modules/@esbuild/aix-ppc64 Completed in 0ms
165 timing idealTree:node_modules/vite/node_modules/@esbuild/android-arm Completed in 0ms
166 timing idealTree:node_modules/vite/node_modules/@esbuild/android-arm64 Completed in 0ms
167 timing idealTree:node_modules/vite/node_modules/@esbuild/android-x64 Completed in 0ms
168 timing idealTree:node_modules/vite/node_modules/@esbuild/darwin-arm64 Completed in 0ms
169 timing idealTree:node_modules/vite/node_modules/@esbuild/darwin-x64 Completed in 1ms
170 timing idealTree:node_modules/vite/node_modules/@esbuild/freebsd-arm64 Completed in 0ms
171 timing idealTree:node_modules/vite/node_modules/@esbuild/freebsd-x64 Completed in 0ms
172 timing idealTree:node_modules/vite/node_modules/@esbuild/linux-arm Completed in 0ms
173 timing idealTree:node_modules/vite/node_modules/@esbuild/linux-arm64 Completed in 0ms
174 timing idealTree:node_modules/vite/node_modules/@esbuild/linux-ia32 Completed in 0ms
175 timing idealTree:node_modules/vite/node_modules/@esbuild/linux-loong64 Completed in 0ms
176 timing idealTree:node_modules/vite/node_modules/@esbuild/linux-mips64el Completed in 0ms
177 timing idealTree:node_modules/vite/node_modules/@esbuild/linux-ppc64 Completed in 0ms
178 timing idealTree:node_modules/vite/node_modules/@esbuild/linux-riscv64 Completed in 0ms
179 timing idealTree:node_modules/vite/node_modules/@esbuild/linux-s390x Completed in 0ms
180 timing idealTree:node_modules/vite/node_modules/@esbuild/linux-x64 Completed in 0ms
181 timing idealTree:node_modules/vite/node_modules/@esbuild/netbsd-x64 Completed in 0ms
182 timing idealTree:node_modules/vite/node_modules/@esbuild/openbsd-x64 Completed in 0ms
183 timing idealTree:node_modules/vite/node_modules/@esbuild/sunos-x64 Completed in 0ms
184 timing idealTree:node_modules/vite/node_modules/@esbuild/win32-arm64 Completed in 0ms
185 timing idealTree:node_modules/vite/node_modules/@esbuild/win32-ia32 Completed in 0ms
186 timing idealTree:node_modules/vite/node_modules/@esbuild/win32-x64 Completed in 0ms
187 timing idealTree:node_modules/vite/node_modules/fsevents Completed in 0ms
188 silly placeDep node_modules/vite nanoid@3.3.7 OK for: postcss@8.4.38 want: ^3.3.7
189 silly placeDep node_modules/vite picocolors@1.0.1 OK for: postcss@8.4.38 want: ^1.0.0
190 silly placeDep node_modules/vite source-map-js@1.2.0 OK for: postcss@8.4.38 want: ^1.2.0
191 timing idealTree:node_modules/vite/node_modules/postcss Completed in 5ms
192 timing idealTree:node_modules/vite/node_modules/nanoid Completed in 0ms
193 timing idealTree:node_modules/vite/node_modules/picocolors Completed in 0ms
194 silly placeDep node_modules/vite @rollup/rollup-android-arm-eabi@4.18.0 OK for: rollup@4.18.0 want: 4.18.0
195 silly placeDep node_modules/vite @rollup/rollup-android-arm64@4.18.0 OK for: rollup@4.18.0 want: 4.18.0
196 silly placeDep node_modules/vite @rollup/rollup-darwin-arm64@4.18.0 OK for: rollup@4.18.0 want: 4.18.0
197 silly placeDep node_modules/vite @rollup/rollup-darwin-x64@4.18.0 OK for: rollup@4.18.0 want: 4.18.0
198 silly placeDep node_modules/vite @rollup/rollup-linux-arm-gnueabihf@4.18.0 OK for: rollup@4.18.0 want: 4.18.0
199 silly placeDep node_modules/vite @rollup/rollup-linux-arm-musleabihf@4.18.0 OK for: rollup@4.18.0 want: 4.18.0
200 silly placeDep node_modules/vite @rollup/rollup-linux-arm64-gnu@4.18.0 OK for: rollup@4.18.0 want: 4.18.0
201 silly placeDep node_modules/vite @rollup/rollup-linux-arm64-musl@4.18.0 OK for: rollup@4.18.0 want: 4.18.0
202 silly placeDep node_modules/vite @rollup/rollup-linux-powerpc64le-gnu@4.18.0 OK for: rollup@4.18.0 want: 4.18.0
203 silly placeDep node_modules/vite @rollup/rollup-linux-riscv64-gnu@4.18.0 OK for: rollup@4.18.0 want: 4.18.0
204 silly placeDep node_modules/vite @rollup/rollup-linux-s390x-gnu@4.18.0 OK for: rollup@4.18.0 want: 4.18.0
205 silly placeDep node_modules/vite @rollup/rollup-linux-x64-gnu@4.18.0 OK for: rollup@4.18.0 want: 4.18.0
206 silly placeDep node_modules/vite @rollup/rollup-linux-x64-musl@4.18.0 OK for: rollup@4.18.0 want: 4.18.0
207 silly placeDep node_modules/vite @rollup/rollup-win32-arm64-msvc@4.18.0 OK for: rollup@4.18.0 want: 4.18.0
208 silly placeDep node_modules/vite @rollup/rollup-win32-ia32-msvc@4.18.0 OK for: rollup@4.18.0 want: 4.18.0
209 silly placeDep node_modules/vite @rollup/rollup-win32-x64-msvc@4.18.0 OK for: rollup@4.18.0 want: 4.18.0
210 silly placeDep node_modules/vite @types/estree@1.0.5 OK for: rollup@4.18.0 want: 1.0.5
211 timing idealTree:node_modules/vite/node_modules/rollup Completed in 35ms
212 timing idealTree:node_modules/vite/node_modules/@rollup/rollup-android-arm-eabi Completed in 0ms
213 timing idealTree:node_modules/vite/node_modules/@rollup/rollup-android-arm64 Completed in 0ms
214 timing idealTree:node_modules/vite/node_modules/@rollup/rollup-darwin-arm64 Completed in 0ms
215 timing idealTree:node_modules/vite/node_modules/@rollup/rollup-darwin-x64 Completed in 0ms
216 timing idealTree:node_modules/vite/node_modules/@rollup/rollup-linux-arm-gnueabihf Completed in 0ms
217 timing idealTree:node_modules/vite/node_modules/@rollup/rollup-linux-arm-musleabihf Completed in 0ms
218 timing idealTree:node_modules/vite/node_modules/@rollup/rollup-linux-arm64-gnu Completed in 1ms
219 timing idealTree:node_modules/vite/node_modules/@rollup/rollup-linux-arm64-musl Completed in 0ms
220 timing idealTree:node_modules/vite/node_modules/@rollup/rollup-linux-powerpc64le-gnu Completed in 0ms
221 timing idealTree:node_modules/vite/node_modules/@rollup/rollup-linux-riscv64-gnu Completed in 0ms
222 timing idealTree:node_modules/vite/node_modules/@rollup/rollup-linux-s390x-gnu Completed in 0ms
223 timing idealTree:node_modules/vite/node_modules/@rollup/rollup-linux-x64-gnu Completed in 0ms
224 timing idealTree:node_modules/vite/node_modules/@rollup/rollup-linux-x64-musl Completed in 0ms
225 timing idealTree:node_modules/vite/node_modules/@rollup/rollup-win32-arm64-msvc Completed in 0ms
226 timing idealTree:node_modules/vite/node_modules/@rollup/rollup-win32-ia32-msvc Completed in 0ms
227 timing idealTree:node_modules/vite/node_modules/@rollup/rollup-win32-x64-msvc Completed in 0ms
228 timing idealTree:node_modules/vite/node_modules/@types/estree Completed in 0ms
229 timing idealTree:node_modules/vite/node_modules/source-map-js Completed in 0ms
230 timing idealTree:buildDeps Completed in 3781ms
231 timing idealTree:fixDepFlags Completed in 1ms
232 timing idealTree Completed in 4071ms
233 timing reify:loadTrees Completed in 4074ms
234 timing reify:diffTrees Completed in 3ms
235 silly reify moves {}
236 timing reify:retireShallow Completed in 2ms
237 timing reify:createSparse Completed in 10ms
238 timing reify:loadBundles Completed in 0ms
239 verbose reify failed optional dependency /usr/local/lib/node_modules/vite/node_modules/@rollup/rollup-win32-x64-msvc
240 silly reify mark deleted [
240 silly reify   '/usr/local/lib/node_modules/vite/node_modules/@rollup/rollup-win32-x64-msvc'
240 silly reify ]
241 verbose reify failed optional dependency /usr/local/lib/node_modules/vite/node_modules/@rollup/rollup-win32-ia32-msvc
242 silly reify mark deleted [
242 silly reify   '/usr/local/lib/node_modules/vite/node_modules/@rollup/rollup-win32-ia32-msvc'
242 silly reify ]
243 verbose reify failed optional dependency /usr/local/lib/node_modules/vite/node_modules/@rollup/rollup-win32-arm64-msvc
244 silly reify mark deleted [
244 silly reify   '/usr/local/lib/node_modules/vite/node_modules/@rollup/rollup-win32-arm64-msvc'
244 silly reify ]
245 verbose reify failed optional dependency /usr/local/lib/node_modules/vite/node_modules/@rollup/rollup-linux-x64-musl
246 silly reify mark deleted [
246 silly reify   '/usr/local/lib/node_modules/vite/node_modules/@rollup/rollup-linux-x64-musl'
246 silly reify ]
247 verbose reify failed optional dependency /usr/local/lib/node_modules/vite/node_modules/@rollup/rollup-linux-s390x-gnu
248 silly reify mark deleted [
248 silly reify   '/usr/local/lib/node_modules/vite/node_modules/@rollup/rollup-linux-s390x-gnu'
248 silly reify ]
249 verbose reify failed optional dependency /usr/local/lib/node_modules/vite/node_modules/@rollup/rollup-linux-riscv64-gnu
250 silly reify mark deleted [
250 silly reify   '/usr/local/lib/node_modules/vite/node_modules/@rollup/rollup-linux-riscv64-gnu'
250 silly reify ]
251 verbose reify failed optional dependency /usr/local/lib/node_modules/vite/node_modules/@rollup/rollup-linux-powerpc64le-gnu
252 silly reify mark deleted [
252 silly reify   '/usr/local/lib/node_modules/vite/node_modules/@rollup/rollup-linux-powerpc64le-gnu'
252 silly reify ]
253 verbose reify failed optional dependency /usr/local/lib/node_modules/vite/node_modules/@rollup/rollup-linux-arm64-musl
254 silly reify mark deleted [
254 silly reify   '/usr/local/lib/node_modules/vite/node_modules/@rollup/rollup-linux-arm64-musl'
254 silly reify ]
255 verbose reify failed optional dependency /usr/local/lib/node_modules/vite/node_modules/@rollup/rollup-linux-arm64-gnu
256 silly reify mark deleted [
256 silly reify   '/usr/local/lib/node_modules/vite/node_modules/@rollup/rollup-linux-arm64-gnu'
256 silly reify ]
257 verbose reify failed optional dependency /usr/local/lib/node_modules/vite/node_modules/@rollup/rollup-linux-arm-musleabihf
258 silly reify mark deleted [
258 silly reify   '/usr/local/lib/node_modules/vite/node_modules/@rollup/rollup-linux-arm-musleabihf'
258 silly reify ]
259 verbose reify failed optional dependency /usr/local/lib/node_modules/vite/node_modules/@rollup/rollup-linux-arm-gnueabihf
260 silly reify mark deleted [
260 silly reify   '/usr/local/lib/node_modules/vite/node_modules/@rollup/rollup-linux-arm-gnueabihf'
260 silly reify ]
261 verbose reify failed optional dependency /usr/local/lib/node_modules/vite/node_modules/@rollup/rollup-darwin-x64
262 silly reify mark deleted [
262 silly reify   '/usr/local/lib/node_modules/vite/node_modules/@rollup/rollup-darwin-x64'
262 silly reify ]
263 verbose reify failed optional dependency /usr/local/lib/node_modules/vite/node_modules/@rollup/rollup-darwin-arm64
264 silly reify mark deleted [
264 silly reify   '/usr/local/lib/node_modules/vite/node_modules/@rollup/rollup-darwin-arm64'
264 silly reify ]
265 verbose reify failed optional dependency /usr/local/lib/node_modules/vite/node_modules/@rollup/rollup-android-arm64
266 silly reify mark deleted [
266 silly reify   '/usr/local/lib/node_modules/vite/node_modules/@rollup/rollup-android-arm64'
266 silly reify ]
267 verbose reify failed optional dependency /usr/local/lib/node_modules/vite/node_modules/@rollup/rollup-android-arm-eabi
268 silly reify mark deleted [
268 silly reify   '/usr/local/lib/node_modules/vite/node_modules/@rollup/rollup-android-arm-eabi'
268 silly reify ]
269 verbose reify failed optional dependency /usr/local/lib/node_modules/vite/node_modules/@esbuild/win32-x64
270 silly reify mark deleted [ '/usr/local/lib/node_modules/vite/node_modules/@esbuild/win32-x64' ]
271 verbose reify failed optional dependency /usr/local/lib/node_modules/vite/node_modules/@esbuild/win32-ia32
272 silly reify mark deleted [ '/usr/local/lib/node_modules/vite/node_modules/@esbuild/win32-ia32' ]
273 verbose reify failed optional dependency /usr/local/lib/node_modules/vite/node_modules/@esbuild/win32-arm64
274 silly reify mark deleted [
274 silly reify   '/usr/local/lib/node_modules/vite/node_modules/@esbuild/win32-arm64'
274 silly reify ]
275 verbose reify failed optional dependency /usr/local/lib/node_modules/vite/node_modules/@esbuild/sunos-x64
276 silly reify mark deleted [ '/usr/local/lib/node_modules/vite/node_modules/@esbuild/sunos-x64' ]
277 verbose reify failed optional dependency /usr/local/lib/node_modules/vite/node_modules/@esbuild/openbsd-x64
278 silly reify mark deleted [
278 silly reify   '/usr/local/lib/node_modules/vite/node_modules/@esbuild/openbsd-x64'
278 silly reify ]
279 verbose reify failed optional dependency /usr/local/lib/node_modules/vite/node_modules/@esbuild/netbsd-x64
280 silly reify mark deleted [ '/usr/local/lib/node_modules/vite/node_modules/@esbuild/netbsd-x64' ]
281 verbose reify failed optional dependency /usr/local/lib/node_modules/vite/node_modules/@esbuild/linux-s390x
282 silly reify mark deleted [
282 silly reify   '/usr/local/lib/node_modules/vite/node_modules/@esbuild/linux-s390x'
282 silly reify ]
283 verbose reify failed optional dependency /usr/local/lib/node_modules/vite/node_modules/@esbuild/linux-riscv64
284 silly reify mark deleted [
284 silly reify   '/usr/local/lib/node_modules/vite/node_modules/@esbuild/linux-riscv64'
284 silly reify ]
285 verbose reify failed optional dependency /usr/local/lib/node_modules/vite/node_modules/@esbuild/linux-ppc64
286 silly reify mark deleted [
286 silly reify   '/usr/local/lib/node_modules/vite/node_modules/@esbuild/linux-ppc64'
286 silly reify ]
287 verbose reify failed optional dependency /usr/local/lib/node_modules/vite/node_modules/@esbuild/linux-mips64el
288 silly reify mark deleted [
288 silly reify   '/usr/local/lib/node_modules/vite/node_modules/@esbuild/linux-mips64el'
288 silly reify ]
289 verbose reify failed optional dependency /usr/local/lib/node_modules/vite/node_modules/@esbuild/linux-loong64
290 silly reify mark deleted [
290 silly reify   '/usr/local/lib/node_modules/vite/node_modules/@esbuild/linux-loong64'
290 silly reify ]
291 verbose reify failed optional dependency /usr/local/lib/node_modules/vite/node_modules/@esbuild/linux-ia32
292 silly reify mark deleted [ '/usr/local/lib/node_modules/vite/node_modules/@esbuild/linux-ia32' ]
293 verbose reify failed optional dependency /usr/local/lib/node_modules/vite/node_modules/@esbuild/linux-arm64
294 silly reify mark deleted [
294 silly reify   '/usr/local/lib/node_modules/vite/node_modules/@esbuild/linux-arm64'
294 silly reify ]
295 verbose reify failed optional dependency /usr/local/lib/node_modules/vite/node_modules/@esbuild/linux-arm
296 silly reify mark deleted [ '/usr/local/lib/node_modules/vite/node_modules/@esbuild/linux-arm' ]
297 verbose reify failed optional dependency /usr/local/lib/node_modules/vite/node_modules/@esbuild/freebsd-x64
298 silly reify mark deleted [
298 silly reify   '/usr/local/lib/node_modules/vite/node_modules/@esbuild/freebsd-x64'
298 silly reify ]
299 verbose reify failed optional dependency /usr/local/lib/node_modules/vite/node_modules/@esbuild/freebsd-arm64
300 silly reify mark deleted [
300 silly reify   '/usr/local/lib/node_modules/vite/node_modules/@esbuild/freebsd-arm64'
300 silly reify ]
301 verbose reify failed optional dependency /usr/local/lib/node_modules/vite/node_modules/@esbuild/darwin-x64
302 silly reify mark deleted [ '/usr/local/lib/node_modules/vite/node_modules/@esbuild/darwin-x64' ]
303 verbose reify failed optional dependency /usr/local/lib/node_modules/vite/node_modules/@esbuild/darwin-arm64
304 silly reify mark deleted [
304 silly reify   '/usr/local/lib/node_modules/vite/node_modules/@esbuild/darwin-arm64'
304 silly reify ]
305 verbose reify failed optional dependency /usr/local/lib/node_modules/vite/node_modules/@esbuild/android-x64
306 silly reify mark deleted [
306 silly reify   '/usr/local/lib/node_modules/vite/node_modules/@esbuild/android-x64'
306 silly reify ]
307 verbose reify failed optional dependency /usr/local/lib/node_modules/vite/node_modules/@esbuild/android-arm64
308 silly reify mark deleted [
308 silly reify   '/usr/local/lib/node_modules/vite/node_modules/@esbuild/android-arm64'
308 silly reify ]
309 verbose reify failed optional dependency /usr/local/lib/node_modules/vite/node_modules/@esbuild/android-arm
310 silly reify mark deleted [
310 silly reify   '/usr/local/lib/node_modules/vite/node_modules/@esbuild/android-arm'
310 silly reify ]
311 verbose reify failed optional dependency /usr/local/lib/node_modules/vite/node_modules/@esbuild/aix-ppc64
312 silly reify mark deleted [ '/usr/local/lib/node_modules/vite/node_modules/@esbuild/aix-ppc64' ]
313 verbose reify failed optional dependency /usr/local/lib/node_modules/vite/node_modules/fsevents
314 silly reify mark deleted [ '/usr/local/lib/node_modules/vite/node_modules/fsevents' ]
315 timing reifyNode:node_modules/vite/node_modules/@rollup/rollup-win32-x64-msvc Completed in 189ms
316 timing reifyNode:node_modules/vite/node_modules/@rollup/rollup-win32-ia32-msvc Completed in 189ms
317 timing reifyNode:node_modules/vite/node_modules/@rollup/rollup-win32-arm64-msvc Completed in 190ms
318 timing reifyNode:node_modules/vite/node_modules/@rollup/rollup-linux-x64-musl Completed in 189ms
319 timing reifyNode:node_modules/vite/node_modules/@rollup/rollup-linux-s390x-gnu Completed in 189ms
320 timing reifyNode:node_modules/vite/node_modules/@rollup/rollup-linux-riscv64-gnu Completed in 189ms
321 timing reifyNode:node_modules/vite/node_modules/@rollup/rollup-linux-powerpc64le-gnu Completed in 189ms
322 timing reifyNode:node_modules/vite/node_modules/@rollup/rollup-linux-arm64-musl Completed in 189ms
323 timing reifyNode:node_modules/vite/node_modules/@rollup/rollup-linux-arm64-gnu Completed in 189ms
324 timing reifyNode:node_modules/vite/node_modules/@rollup/rollup-linux-arm-musleabihf Completed in 190ms
325 timing reifyNode:node_modules/vite/node_modules/@rollup/rollup-linux-arm-gnueabihf Completed in 190ms
326 timing reifyNode:node_modules/vite/node_modules/@rollup/rollup-darwin-x64 Completed in 189ms
327 timing reifyNode:node_modules/vite/node_modules/@rollup/rollup-darwin-arm64 Completed in 189ms
328 timing reifyNode:node_modules/vite/node_modules/@rollup/rollup-android-arm64 Completed in 189ms
329 timing reifyNode:node_modules/vite/node_modules/@rollup/rollup-android-arm-eabi Completed in 189ms
330 timing reifyNode:node_modules/vite/node_modules/@esbuild/win32-x64 Completed in 189ms
331 timing reifyNode:node_modules/vite/node_modules/@esbuild/win32-ia32 Completed in 189ms
332 timing reifyNode:node_modules/vite/node_modules/@esbuild/win32-arm64 Completed in 189ms
333 timing reifyNode:node_modules/vite/node_modules/@esbuild/sunos-x64 Completed in 189ms
334 timing reifyNode:node_modules/vite/node_modules/@esbuild/openbsd-x64 Completed in 190ms
335 timing reifyNode:node_modules/vite/node_modules/@esbuild/netbsd-x64 Completed in 190ms
336 timing reifyNode:node_modules/vite/node_modules/@esbuild/linux-s390x Completed in 190ms
337 timing reifyNode:node_modules/vite/node_modules/@esbuild/linux-riscv64 Completed in 189ms
338 timing reifyNode:node_modules/vite/node_modules/@esbuild/linux-ppc64 Completed in 189ms
339 timing reifyNode:node_modules/vite/node_modules/@esbuild/linux-mips64el Completed in 189ms
340 timing reifyNode:node_modules/vite/node_modules/@esbuild/linux-loong64 Completed in 189ms
341 timing reifyNode:node_modules/vite/node_modules/@esbuild/linux-ia32 Completed in 189ms
342 timing reifyNode:node_modules/vite/node_modules/@esbuild/linux-arm64 Completed in 189ms
343 timing reifyNode:node_modules/vite/node_modules/@esbuild/linux-arm Completed in 190ms
344 timing reifyNode:node_modules/vite/node_modules/@esbuild/freebsd-x64 Completed in 190ms
345 timing reifyNode:node_modules/vite/node_modules/@esbuild/freebsd-arm64 Completed in 190ms
346 timing reifyNode:node_modules/vite/node_modules/@esbuild/darwin-x64 Completed in 190ms
347 timing reifyNode:node_modules/vite/node_modules/@esbuild/darwin-arm64 Completed in 190ms
348 timing reifyNode:node_modules/vite/node_modules/@esbuild/android-x64 Completed in 190ms
349 timing reifyNode:node_modules/vite/node_modules/@esbuild/android-arm64 Completed in 190ms
350 timing reifyNode:node_modules/vite/node_modules/@esbuild/android-arm Completed in 190ms
351 timing reifyNode:node_modules/vite/node_modules/@esbuild/aix-ppc64 Completed in 190ms
352 timing reifyNode:node_modules/vite/node_modules/fsevents Completed in 189ms
353 timing reifyNode:node_modules/vite/node_modules/@types/estree Completed in 383ms
354 timing reifyNode:node_modules/vite/node_modules/picocolors Completed in 382ms
355 timing reifyNode:node_modules/vite/node_modules/esbuild Completed in 394ms
356 timing reifyNode:node_modules/vite/node_modules/source-map-js Completed in 406ms
357 timing reifyNode:node_modules/vite/node_modules/nanoid Completed in 407ms
358 timing reifyNode:node_modules/vite/node_modules/postcss Completed in 420ms
359 timing reifyNode:node_modules/vite/node_modules/@rollup/rollup-linux-x64-gnu Completed in 445ms
360 timing reifyNode:node_modules/vite/node_modules/rollup Completed in 446ms
361 timing reifyNode:node_modules/vite Completed in 473ms
362 timing reifyNode:node_modules/vite/node_modules/@esbuild/linux-x64 Completed in 510ms
363 timing reify:unpack Completed in 514ms
364 timing reify:unretire Completed in 0ms
365 timing build:queue Completed in 4ms
366 timing build:link:node_modules/vite Completed in 4ms
367 timing build:link:node_modules/vite/node_modules/rollup Completed in 3ms
368 timing build:link:node_modules/vite/node_modules/nanoid Completed in 3ms
369 timing build:link:node_modules/vite/node_modules/esbuild Completed in 3ms
370 timing build:link Completed in 4ms
371 timing build:run:install Completed in 1ms
372 info run esbuild@0.20.2 postinstall node_modules/vite/node_modules/esbuild node install.js
373 info run esbuild@0.20.2 postinstall { code: 0, signal: null }
374 timing build:run:postinstall:node_modules/vite/node_modules/esbuild Completed in 139ms
375 timing build:run:postinstall Completed in 139ms
376 timing build:deps Completed in 149ms
377 timing build Completed in 149ms
378 timing reify:build Completed in 150ms
379 timing reify:trash Completed in 5ms
380 timing reify Completed in 4770ms
381 silly ADD node_modules/vite
382 silly ADD node_modules/vite/node_modules/@types/estree
383 silly ADD
384 silly ADD
385 silly ADD
386 silly ADD
387 silly ADD node_modules/vite/node_modules/@rollup/rollup-linux-x64-gnu
388 silly ADD
389 silly ADD
390 silly ADD
391 silly ADD
392 silly ADD
393 silly ADD
394 silly ADD
395 silly ADD
396 silly ADD
397 silly ADD
398 silly ADD
399 silly ADD node_modules/vite/node_modules/source-map-js
400 silly ADD node_modules/vite/node_modules/picocolors
401 silly ADD node_modules/vite/node_modules/nanoid
402 silly ADD
403 silly ADD
404 silly ADD
405 silly ADD
406 silly ADD
407 silly ADD
408 silly ADD node_modules/vite/node_modules/@esbuild/linux-x64
409 silly ADD
410 silly ADD
411 silly ADD
412 silly ADD
413 silly ADD
414 silly ADD
415 silly ADD
416 silly ADD
417 silly ADD
418 silly ADD
419 silly ADD
420 silly ADD
421 silly ADD
422 silly ADD
423 silly ADD
424 silly ADD
425 silly ADD node_modules/vite/node_modules/rollup
426 silly ADD node_modules/vite/node_modules/postcss
427 silly ADD
428 silly ADD node_modules/vite/node_modules/esbuild
429 timing command:i Completed in 4781ms
430 verbose exit 0
431 timing npm Completed in 5203ms
432 info ok
