0 verbose cli /usr/local/bin/node /usr/local/bin/npm
1 info using npm@10.8.1
2 info using node@v20.11.1
3 silly config load:file:/usr/local/lib/node_modules/npm/npmrc
4 silly config load:file:/home/student/.npmrc
5 silly config load:file:/usr/local/etc/npmrc
6 verbose title npm i @types/react@latest
7 verbose argv "i" "@types/react@latest"
8 verbose logfile logs-max:10 dir:/home/student/.npm/_logs/2024-06-18T13_52_56_764Z-
9 verbose logfile /home/student/.npm/_logs/2024-06-18T13_52_56_764Z-debug-0.log
10 silly packumentCache heap:2197815296 maxSize:549453824 maxEntrySize:274726912
11 silly logfile start cleaning logs, removing 1 files
12 silly logfile done cleaning log files
13 silly packumentCache corgi:https://registry.npmjs.org/@types%2freact cache-miss
14 http fetch GET 200 https://registry.npmjs.org/@types%2freact 317ms (cache revalidated)
15 silly packumentCache corgi:https://registry.npmjs.org/@types%2freact set size:602793 disposed:false
16 silly idealTree buildDeps
17 silly fetch manifest @types/react@18.3.3
18 silly packumentCache full:https://registry.npmjs.org/@types%2freact cache-miss
19 http fetch GET 200 https://registry.npmjs.org/@types%2freact 95ms (cache revalidated)
20 silly packumentCache full:https://registry.npmjs.org/@types%2freact set size:2163385 disposed:false
21 silly placeDep ROOT @types/react@18.3.3 REPLACE for:  want: 18.3.3
22 silly fetch manifest react@>16.8.0
23 silly packumentCache full:https://registry.npmjs.org/react cache-miss
24 http fetch GET 200 https://registry.npmjs.org/react 67ms (cache hit)
25 silly packumentCache full:https://registry.npmjs.org/react set size:6375304 disposed:false
26 verbose stack Error: could not resolve
26 verbose stack     at PlaceDep.failPeerConflict (/usr/local/lib/node_modules/npm/node_modules/@npmcli/arborist/lib/place-dep.js:503:25)
26 verbose stack     at new PlaceDep (/usr/local/lib/node_modules/npm/node_modules/@npmcli/arborist/lib/place-dep.js:157:21)
26 verbose stack     at #buildDepStep (/usr/local/lib/node_modules/npm/node_modules/@npmcli/arborist/lib/arborist/build-ideal-tree.js:917:18)
26 verbose stack     at async Arborist.buildIdealTree (/usr/local/lib/node_modules/npm/node_modules/@npmcli/arborist/lib/arborist/build-ideal-tree.js:181:7)
26 verbose stack     at async Promise.all (index 1)
26 verbose stack     at async Arborist.reify (/usr/local/lib/node_modules/npm/node_modules/@npmcli/arborist/lib/arborist/reify.js:131:5)
26 verbose stack     at async Install.exec (/usr/local/lib/node_modules/npm/lib/commands/install.js:150:5)
26 verbose stack     at async Npm.exec (/usr/local/lib/node_modules/npm/lib/npm.js:207:9)
26 verbose stack     at async module.exports (/usr/local/lib/node_modules/npm/lib/cli/entry.js:74:5)
27 error code ERESOLVE
28 error ERESOLVE could not resolve
29 error
30 error While resolving: reate@1.2.0
30 error Found: react@19.0.0-rc-4c2e457c7c-20240522[2m[22m
30 error [2mnode_modules/react[22m
30 error   [95mpeer[39m react@"19.0.0-rc-4c2e457c7c-20240522" from react-dom@19.0.0-rc-4c2e457c7c-20240522[2m[22m
30 error   [2mnode_modules/react-dom[22m
30 error     react-dom@"^19.0.0-rc-4c2e457c7c-20240522" from the root project
30 error   react@"^19.0.0-rc-4c2e457c7c-20240522" from the root project
30 error
30 error Could not resolve dependency:
30 error [95mpeer[39m react@">16.8.0" from reate@1.2.0[2m[22m
30 error [2mnode_modules/reate[22m
30 error   reate@"^1.2.0" from the root project
30 error
30 error Conflicting peer dependency: react@18.3.1[2m[22m
30 error [2mnode_modules/react[22m
30 error   [95mpeer[39m react@">16.8.0" from reate@1.2.0[2m[22m
30 error   [2mnode_modules/reate[22m
30 error     reate@"^1.2.0" from the root project
30 error
30 error Fix the upstream dependency conflict, or retry
30 error this command with --force or --legacy-peer-deps
30 error to accept an incorrect (and potentially broken) dependency resolution.
31 error
31 error
31 error For a full report see:
31 error /home/student/.npm/_logs/2024-06-18T13_52_56_764Z-eresolve-report.txt
32 silly unfinished npm timer reify 1718718777284
33 silly unfinished npm timer reify:loadTrees 1718718777306
34 silly unfinished npm timer idealTree:buildDeps 1718718777902
35 silly unfinished npm timer idealTree:node_modules/reate 1718718778056
36 verbose cwd /home/student/S03_challenge_E05_suspense-cedricRGT45/projet
37 verbose os Linux 6.5.0-1020-aws
38 verbose node v20.11.1
39 verbose npm  v10.8.1
40 verbose exit 1
41 verbose code 1
42 error A complete log of this run can be found in: /home/student/.npm/_logs/2024-06-18T13_52_56_764Z-debug-0.log
