0 verbose cli /usr/local/bin/node /usr/local/bin/npm
1 info using npm@10.5.2
2 info using node@v20.11.1
3 timing npm:load:whichnode Completed in 2ms
4 timing config:load:defaults Completed in 2ms
5 timing config:load:file:/usr/local/lib/node_modules/npm/npmrc Completed in 1ms
6 timing config:load:builtin Completed in 1ms
7 timing config:load:cli Completed in 2ms
8 timing config:load:env Completed in 1ms
9 timing config:load:file:/home/student/S02_Coclock_working_challenge_E01-cedricRGT45/projet/frontend/.npmrc Completed in 0ms
10 timing config:load:project Completed in 71ms
11 timing config:load:file:/home/student/.npmrc Completed in 0ms
12 timing config:load:user Completed in 1ms
13 timing config:load:file:/usr/local/etc/npmrc Completed in 0ms
14 timing config:load:global Completed in 0ms
15 timing config:load:setEnvs Completed in 1ms
16 timing config:load Completed in 79ms
17 timing npm:load:configload Completed in 79ms
18 timing config:load:flatten Completed in 3ms
19 timing npm:load:mkdirpcache Completed in 1ms
20 timing npm:load:mkdirplogs Completed in 0ms
21 verbose title npm install
22 verbose argv "install"
23 timing npm:load:setTitle Completed in 1ms
24 timing npm:load:display Completed in 1ms
25 verbose logfile logs-max:10 dir:/home/student/.npm/_logs/2024-06-02T10_22_12_908Z-
26 verbose logfile /home/student/.npm/_logs/2024-06-02T10_22_12_908Z-debug-0.log
27 timing npm:load:logFile Completed in 3ms
28 timing npm:load:timers Completed in 0ms
29 timing npm:load:configScope Completed in 0ms
30 timing npm:load Completed in 115ms
31 timing arborist:ctor Completed in 1ms
32 silly logfile start cleaning logs, removing 1 files
33 silly logfile done cleaning log files
34 timing idealTree:init Completed in 189ms
35 timing idealTree:userRequests Completed in 1ms
36 silly idealTree buildDeps
37 timing idealTree:#root Completed in 1ms
38 timing idealTree:buildDeps Completed in 3ms
39 timing idealTree:fixDepFlags Completed in 0ms
40 timing idealTree Completed in 200ms
41 timing reify:loadTrees Completed in 213ms
42 timing reify:diffTrees Completed in 5ms
43 silly reify moves {}
44 timing reify:retireShallow Completed in 2ms
45 timing reify:rollback:createSparse Completed in 0ms
46 timing reify:rollback:retireShallow Completed in 0ms
47 timing command:install Completed in 266ms
48 verbose stack Error: EACCES: permission denied, mkdir '/home/student/S02_Coclock_working_challenge_E01-cedricRGT45/projet/frontend/node_modules/@aashutoshrathi'
49 verbose cwd /home/student/S02_Coclock_working_challenge_E01-cedricRGT45/projet/frontend
50 verbose Linux 6.5.0-1020-aws
51 verbose node v20.11.1
52 verbose npm  v10.5.2
53 error code EACCES
54 error syscall mkdir
55 error path /home/student/S02_Coclock_working_challenge_E01-cedricRGT45/projet/frontend/node_modules/@aashutoshrathi
56 error errno -13
57 error [Error: EACCES: permission denied, mkdir '/home/student/S02_Coclock_working_challenge_E01-cedricRGT45/projet/frontend/node_modules/@aashutoshrathi'] {
57 error   errno: -13,
57 error   code: 'EACCES',
57 error   syscall: 'mkdir',
57 error   path: '/home/student/S02_Coclock_working_challenge_E01-cedricRGT45/projet/frontend/node_modules/@aashutoshrathi'
57 error }
58 error
58 error The operation was rejected by your operating system.
58 error It is likely you do not have the permissions to access this file as the current user
58 error
58 error If you believe this might be a permissions issue, please double-check the
58 error permissions of the file and its containing directories, or try running
58 error the command again as root/Administrator.
59 verbose exit -13
60 timing npm Completed in 1374ms
61 verbose unfinished npm timer reify 1717323734025
62 verbose unfinished npm timer reify:createSparse 1717323734252
63 verbose code -13
64 error A complete log of this run can be found in: /home/student/.npm/_logs/2024-06-02T10_22_12_908Z-debug-0.log
