0 verbose cli /usr/local/bin/node /usr/local/bin/npm
1 info using npm@10.2.4
2 info using node@v20.11.1
3 timing npm:load:whichnode Completed in 5ms
4 timing config:load:defaults Completed in 2ms
5 timing config:load:file:/usr/local/lib/node_modules/npm/npmrc Completed in 0ms
6 timing config:load:builtin Completed in 1ms
7 timing config:load:cli Completed in 5ms
8 timing config:load:env Completed in 1ms
9 timing config:load:file:/home/student/.cache/typescript/5.4/.npmrc Completed in 0ms
10 timing config:load:project Completed in 2ms
11 timing config:load:file:/home/student/.npmrc Completed in 0ms
12 timing config:load:user Completed in 0ms
13 timing config:load:file:/usr/local/etc/npmrc Completed in 0ms
14 timing config:load:global Completed in 0ms
15 timing config:load:setEnvs Completed in 2ms
16 timing config:load Completed in 13ms
17 timing npm:load:configload Completed in 14ms
18 timing config:load:flatten Completed in 4ms
19 timing npm:load:mkdirpcache Completed in 1ms
20 timing npm:load:mkdirplogs Completed in 0ms
21 verbose title npm install @types/express@ts5.4
22 verbose argv "install" "--ignore-scripts" "@types/express@ts5.4" "--save-dev" "--user-agent" "typesInstaller/5.4.5"
23 timing npm:load:setTitle Completed in 1ms
24 timing npm:load:display Completed in 2ms
25 verbose logfile logs-max:10 dir:/home/student/.npm/_logs/2024-04-15T09_23_28_408Z-
26 verbose logfile /home/student/.npm/_logs/2024-04-15T09_23_28_408Z-debug-0.log
27 timing npm:load:logFile Completed in 15ms
28 timing npm:load:timers Completed in 0ms
29 timing npm:load:configScope Completed in 0ms
30 timing npm:load Completed in 65ms
31 timing arborist:ctor Completed in 1ms
32 silly logfile start cleaning logs, removing 1 files
33 silly logfile done cleaning log files
34 timing idealTree:init Completed in 24ms
35 timing arborist:ctor Completed in 0ms
36 http fetch GET 200 https://registry.npmjs.org/@types%2fexpress 191ms (cache revalidated)
37 timing idealTree:userRequests Completed in 201ms
38 silly idealTree buildDeps
39 silly fetch manifest @types/express@4.17.21
40 silly placeDep ROOT @types/express@4.17.21 OK for:  want: 4.17.21
41 silly fetch manifest @types/body-parser@*
42 silly fetch manifest @types/express-serve-static-core@^4.17.33
43 silly fetch manifest @types/qs@*
44 silly fetch manifest @types/serve-static@*
45 http fetch GET 200 https://registry.npmjs.org/@types%2fbody-parser 107ms (cache revalidated)
46 http fetch GET 200 https://registry.npmjs.org/@types%2fqs 157ms (cache revalidated)
47 http fetch GET 200 https://registry.npmjs.org/@types%2fserve-static 163ms (cache updated)
48 http fetch GET 200 https://registry.npmjs.org/@types%2fexpress-serve-static-core 172ms (cache updated)
49 timing idealTree:#root Completed in 186ms
50 silly placeDep ROOT @types/body-parser@1.19.5 OK for: @types/express@4.17.21 want: *
51 silly fetch manifest @types/connect@*
52 silly fetch manifest @types/node@*
53 silly placeDep ROOT @types/express-serve-static-core@4.19.0 OK for: @types/express@4.17.21 want: ^4.17.33
54 silly fetch manifest @types/range-parser@*
55 silly fetch manifest @types/send@*
56 silly placeDep ROOT @types/qs@6.9.14 OK for: @types/express@4.17.21 want: *
57 silly placeDep ROOT @types/serve-static@1.15.7 OK for: @types/express@4.17.21 want: *
58 silly fetch manifest @types/http-errors@*
59 http fetch GET 200 https://registry.npmjs.org/@types%2fconnect 57ms (cache revalidated)
60 http fetch GET 200 https://registry.npmjs.org/@types%2fsend 57ms (cache revalidated)
61 http fetch GET 200 https://registry.npmjs.org/@types%2frange-parser 74ms (cache revalidated)
62 http fetch GET 200 https://registry.npmjs.org/@types%2fhttp-errors 79ms (cache revalidated)
63 http fetch GET 200 https://registry.npmjs.org/@types%2fnode 145ms (cache updated)
64 timing idealTree:node_modules/@types/express Completed in 166ms
65 silly placeDep ROOT @types/connect@3.4.38 OK for: @types/body-parser@1.19.5 want: *
66 silly placeDep ROOT @types/node@20.12.7 OK for: @types/body-parser@1.19.5 want: *
67 silly fetch manifest undici-types@~5.26.4
68 http fetch GET 200 https://registry.npmjs.org/undici-types 35ms (cache updated)
69 timing idealTree:node_modules/@types/body-parser Completed in 49ms
70 timing idealTree:node_modules/@types/connect Completed in 0ms
71 silly placeDep ROOT @types/range-parser@1.2.7 OK for: @types/express-serve-static-core@4.19.0 want: *
72 silly placeDep ROOT @types/send@0.17.4 OK for: @types/express-serve-static-core@4.19.0 want: *
73 silly fetch manifest @types/mime@^1
74 http fetch GET 200 https://registry.npmjs.org/@types%2fmime 65ms (cache updated)
75 timing idealTree:node_modules/@types/express-serve-static-core Completed in 71ms
76 silly placeDep ROOT undici-types@5.26.5 OK for: @types/node@20.12.7 want: ~5.26.4
77 timing idealTree:node_modules/@types/node Completed in 3ms
78 timing idealTree:node_modules/@types/qs Completed in 0ms
79 timing idealTree:node_modules/@types/range-parser Completed in 0ms
80 silly placeDep ROOT @types/mime@1.3.5 OK for: @types/send@0.17.4 want: ^1
81 timing idealTree:node_modules/@types/send Completed in 2ms
82 timing idealTree:node_modules/@types/mime Completed in 0ms
83 silly placeDep ROOT @types/http-errors@2.0.4 OK for: @types/serve-static@1.15.7 want: *
84 timing idealTree:node_modules/@types/serve-static Completed in 3ms
85 timing idealTree:node_modules/@types/http-errors Completed in 0ms
86 timing idealTree:node_modules/undici-types Completed in 0ms
87 timing idealTree:buildDeps Completed in 483ms
88 timing idealTree:fixDepFlags Completed in 1ms
89 timing idealTree Completed in 711ms
90 timing reify:loadTrees Completed in 712ms
91 timing reify:diffTrees Completed in 2ms
92 silly reify moves {}
93 timing reify:retireShallow Completed in 1ms
94 timing reify:createSparse Completed in 3ms
95 timing reify:loadBundles Completed in 0ms
96 silly audit bulk request {
96 silly audit   'types-registry': [ '0.1.684' ],
96 silly audit   '@types/express': [ '4.17.21' ],
96 silly audit   '@types/body-parser': [ '1.19.5' ],
96 silly audit   '@types/express-serve-static-core': [ '4.19.0' ],
96 silly audit   '@types/qs': [ '6.9.14' ],
96 silly audit   '@types/serve-static': [ '1.15.7' ],
96 silly audit   '@types/connect': [ '3.4.38' ],
96 silly audit   '@types/node': [ '20.12.7' ],
96 silly audit   '@types/range-parser': [ '1.2.7' ],
96 silly audit   '@types/send': [ '0.17.4' ],
96 silly audit   'undici-types': [ '5.26.5' ],
96 silly audit   '@types/mime': [ '1.3.5' ],
96 silly audit   '@types/http-errors': [ '2.0.4' ]
96 silly audit }
97 silly tarball no local data for @types/node@https://registry.npmjs.org/@types/node/-/node-20.12.7.tgz. Extracting by manifest.
98 silly tarball no local data for @types/serve-static@https://registry.npmjs.org/@types/serve-static/-/serve-static-1.15.7.tgz. Extracting by manifest.
99 silly tarball no local data for @types/express-serve-static-core@https://registry.npmjs.org/@types/express-serve-static-core/-/express-serve-static-core-4.19.0.tgz. Extracting by manifest.
100 timing reifyNode:node_modules/@types/http-errors Completed in 80ms
101 timing reifyNode:node_modules/@types/send Completed in 80ms
102 timing reifyNode:node_modules/@types/range-parser Completed in 80ms
103 timing reifyNode:node_modules/@types/connect Completed in 80ms
104 timing reifyNode:node_modules/@types/qs Completed in 90ms
105 timing reifyNode:node_modules/@types/body-parser Completed in 89ms
106 timing reifyNode:node_modules/@types/express Completed in 89ms
107 timing reifyNode:node_modules/@types/mime Completed in 93ms
108 http fetch GET 200 https://registry.npmjs.org/@types/serve-static/-/serve-static-1.15.7.tgz 87ms (cache miss)
109 timing reifyNode:node_modules/@types/serve-static Completed in 114ms
110 http fetch GET 200 https://registry.npmjs.org/@types/express-serve-static-core/-/express-serve-static-core-4.19.0.tgz 93ms (cache miss)
111 timing reifyNode:node_modules/@types/express-serve-static-core Completed in 121ms
112 timing reifyNode:node_modules/undici-types Completed in 128ms
113 http fetch POST 200 https://registry.npmjs.org/-/npm/v1/security/advisories/bulk 196ms
114 timing auditReport:getReport Completed in 200ms
115 silly audit report {}
116 timing auditReport:init Completed in 0ms
117 timing reify:audit Completed in 202ms
118 http fetch GET 200 https://registry.npmjs.org/@types/node/-/node-20.12.7.tgz 179ms (cache miss)
119 timing reifyNode:node_modules/@types/node Completed in 204ms
120 timing reify:unpack Completed in 205ms
121 timing reify:unretire Completed in 0ms
122 timing build:queue Completed in 1ms
123 timing build:deps Completed in 1ms
124 timing build Completed in 1ms
125 timing reify:build Completed in 2ms
126 timing reify:trash Completed in 0ms
127 timing reify:save Completed in 13ms
128 timing reify Completed in 1002ms
129 silly ADD node_modules/@types/http-errors
130 silly ADD node_modules/@types/mime
131 silly ADD node_modules/undici-types
132 silly ADD node_modules/@types/send
133 silly ADD node_modules/@types/range-parser
134 silly ADD node_modules/@types/node
135 silly ADD node_modules/@types/connect
136 silly ADD node_modules/@types/serve-static
137 silly ADD node_modules/@types/qs
138 silly ADD node_modules/@types/express-serve-static-core
139 silly ADD node_modules/@types/body-parser
140 silly ADD node_modules/@types/express
141 timing command:install Completed in 1012ms
142 verbose exit 0
143 timing npm Completed in 1399ms
144 info ok
