0 verbose cli /usr/local/bin/node /usr/local/bin/npm
1 info using npm@10.8.1
2 info using node@v20.11.1
3 silly config load:file:/usr/local/lib/node_modules/npm/npmrc
4 silly config load:file:/home/student/E01-S04-AutoBudget-cedricRGT45/autobudget/autobudget-main/.npmrc
5 silly config load:file:/home/student/.npmrc
6 silly config load:file:/usr/local/etc/npmrc
7 verbose title npm view @types/react description dist-tags.latest homepage version time
8 verbose argv "view" "--json" "--" "@types/react" "description" "dist-tags.latest" "homepage" "version" "time"
9 verbose logfile logs-max:10 dir:/home/student/.npm/_logs/2024-07-30T14_20_10_428Z-
10 verbose logfile /home/student/.npm/_logs/2024-07-30T14_20_10_428Z-debug-0.log
11 silly logfile start cleaning logs, removing 1 files
12 silly logfile done cleaning log files
13 http fetch GET 200 https://registry.npmjs.org/@types%2freact 350ms (cache revalidated)
14 verbose cwd /home/student/E01-S04-AutoBudget-cedricRGT45/autobudget/autobudget-main
15 verbose os Linux 6.5.0-1023-aws
16 verbose node v20.11.1
17 verbose npm  v10.8.1
18 verbose exit 0
19 info ok
