0 verbose cli /usr/local/bin/node /usr/local/bin/npm
1 info using npm@10.8.1
2 info using node@v20.11.1
3 silly config load:file:/usr/local/lib/node_modules/npm/npmrc
4 silly config load:file:/home/student/.cache/typescript/5.4/.npmrc
5 silly config load:file:/home/student/.npmrc
6 silly config load:file:/usr/local/etc/npmrc
7 verbose title npm install types-registry@latest
8 verbose argv "install" "--ignore-scripts" "types-registry@latest"
9 verbose logfile logs-max:10 dir:/home/student/.npm/_logs/2024-06-18T12_28_32_324Z-
10 verbose logfile /home/student/.npm/_logs/2024-06-18T12_28_32_324Z-debug-0.log
11 silly packumentCache heap:2197815296 maxSize:549453824 maxEntrySize:274726912
12 silly logfile start cleaning logs, removing 1 files
13 silly logfile done cleaning log files
14 silly packumentCache corgi:https://registry.npmjs.org/types-registry cache-miss
15 http fetch GET 200 https://registry.npmjs.org/types-registry 167ms (cache revalidated)
16 silly packumentCache corgi:https://registry.npmjs.org/types-registry set size:579712 disposed:false
17 silly idealTree buildDeps
18 silly fetch manifest types-registry@0.1.685
19 silly packumentCache full:https://registry.npmjs.org/types-registry cache-miss
20 http fetch GET 200 https://registry.npmjs.org/types-registry 49ms (cache revalidated)
21 silly packumentCache full:https://registry.npmjs.org/types-registry set size:1204022 disposed:false
22 silly placeDep ROOT types-registry@0.1.685 REPLACE for:  want: 0.1.685
23 silly reify moves {}
24 silly audit bulk request {
24 silly audit   '@babel/runtime': [ '7.24.7' ],
24 silly audit   '@types/body-parser': [ '1.19.5' ],
24 silly audit   '@types/connect': [ '3.4.38' ],
24 silly audit   '@types/cors': [ '2.8.17' ],
24 silly audit   '@types/eslint': [ '8.56.10' ],
24 silly audit   '@types/estree': [ '1.0.5' ],
24 silly audit   '@types/express': [ '4.17.21' ],
24 silly audit   '@types/express-serve-static-core': [ '4.19.3' ],
24 silly audit   '@types/hoist-non-react-statics': [ '3.3.5' ],
24 silly audit   '@types/http-errors': [ '2.0.4' ],
24 silly audit   '@types/json-schema': [ '7.0.15' ],
24 silly audit   '@types/mime': [ '1.3.5' ],
24 silly audit   '@types/node': [ '20.12.13' ],
24 silly audit   '@types/nodemon': [ '1.19.6' ],
24 silly audit   '@types/pg': [ '8.11.6' ],
24 silly audit   '@types/prop-types': [ '15.7.12' ],
24 silly audit   '@types/qs': [ '6.9.15' ],
24 silly audit   '@types/range-parser': [ '1.2.7' ],
24 silly audit   '@types/react': [ '18.3.3' ],
24 silly audit   '@types/react-dom': [ '18.3.0' ],
24 silly audit   '@types/react-redux': [ '7.1.33' ],
24 silly audit   '@types/send': [ '0.17.4' ],
24 silly audit   '@types/serve-static': [ '1.15.7' ],
24 silly audit   csstype: [ '3.1.3' ],
24 silly audit   'hoist-non-react-statics': [ '3.3.2' ],
24 silly audit   obuf: [ '1.1.2' ],
24 silly audit   'pg-int8': [ '1.0.1' ],
24 silly audit   'pg-numeric': [ '1.0.2' ],
24 silly audit   'pg-protocol': [ '1.6.1' ],
24 silly audit   'pg-types': [ '4.0.2' ],
24 silly audit   'postgres-array': [ '3.0.2' ],
24 silly audit   'postgres-bytea': [ '3.0.0' ],
24 silly audit   'postgres-date': [ '2.1.0' ],
24 silly audit   'postgres-interval': [ '3.0.0' ],
24 silly audit   'postgres-range': [ '1.1.4' ],
24 silly audit   'react-is': [ '16.13.1' ],
24 silly audit   redux: [ '4.2.1' ],
24 silly audit   'regenerator-runtime': [ '0.14.1' ],
24 silly audit   'undici-types': [ '5.26.5' ],
24 silly audit   'types-registry': [ '0.1.685' ]
24 silly audit }
25 http fetch POST 200 https://registry.npmjs.org/-/npm/v1/security/advisories/bulk 177ms
26 silly audit report {}
27 verbose cwd /home/student/.cache/typescript/5.4
28 verbose os Linux 6.5.0-1020-aws
29 verbose node v20.11.1
30 verbose npm  v10.8.1
31 verbose exit 0
32 info ok
