0 verbose cli /usr/local/bin/node /usr/local/bin/npm
1 info using npm@10.5.2
2 info using node@v20.11.1
3 timing npm:load:whichnode Completed in 2ms
4 timing config:load:defaults Completed in 2ms
5 timing config:load:file:/usr/local/lib/node_modules/npm/npmrc Completed in 1ms
6 timing config:load:builtin Completed in 1ms
7 timing config:load:cli Completed in 3ms
8 timing config:load:env Completed in 1ms
9 timing config:load:file:/home/student/.cache/typescript/5.4/.npmrc Completed in 0ms
10 timing config:load:project Completed in 26ms
11 timing config:load:file:/home/student/.npmrc Completed in 0ms
12 timing config:load:user Completed in 0ms
13 timing config:load:file:/usr/local/etc/npmrc Completed in 1ms
14 timing config:load:global Completed in 1ms
15 timing config:load:setEnvs Completed in 1ms
16 timing config:load Completed in 35ms
17 timing npm:load:configload Completed in 35ms
18 timing config:load:flatten Completed in 3ms
19 timing npm:load:mkdirpcache Completed in 0ms
20 timing npm:load:mkdirplogs Completed in 0ms
21 verbose title npm install types-registry@latest
22 verbose argv "install" "--ignore-scripts" "types-registry@latest"
23 timing npm:load:setTitle Completed in 1ms
24 timing npm:load:display Completed in 1ms
25 verbose logfile logs-max:10 dir:/home/student/.npm/_logs/2024-06-02T10_32_14_196Z-
26 verbose logfile /home/student/.npm/_logs/2024-06-02T10_32_14_196Z-debug-0.log
27 timing npm:load:logFile Completed in 3ms
28 timing npm:load:timers Completed in 0ms
29 timing npm:load:configScope Completed in 0ms
30 timing npm:load Completed in 64ms
31 timing arborist:ctor Completed in 0ms
32 silly logfile start cleaning logs, removing 1 files
33 silly logfile done cleaning log files
34 timing idealTree:init Completed in 51ms
35 timing arborist:ctor Completed in 0ms
36 http fetch GET 200 https://registry.npmjs.org/types-registry 174ms (cache revalidated)
37 timing idealTree:userRequests Completed in 185ms
38 silly idealTree buildDeps
39 silly fetch manifest types-registry@0.1.685
40 silly placeDep ROOT types-registry@0.1.685 REPLACE for:  want: 0.1.685
41 timing idealTree:#root Completed in 8ms
42 timing idealTree:node_modules/types-registry Completed in 0ms
43 timing idealTree:buildDeps Completed in 10ms
44 timing idealTree:fixDepFlags Completed in 1ms
45 timing idealTree Completed in 250ms
46 timing reify:loadTrees Completed in 251ms
47 timing reify:diffTrees Completed in 3ms
48 silly reify moves {}
49 timing reify:retireShallow Completed in 2ms
50 timing reify:createSparse Completed in 0ms
51 timing reify:loadBundles Completed in 0ms
52 silly audit bulk request {
52 silly audit   '@types/body-parser': [ '1.19.5' ],
52 silly audit   '@types/connect': [ '3.4.38' ],
52 silly audit   '@types/cors': [ '2.8.17' ],
52 silly audit   '@types/express': [ '4.17.21' ],
52 silly audit   '@types/express-serve-static-core': [ '4.19.3' ],
52 silly audit   '@types/http-errors': [ '2.0.4' ],
52 silly audit   '@types/mime': [ '1.3.5' ],
52 silly audit   '@types/node': [ '20.12.13' ],
52 silly audit   '@types/nodemon': [ '1.19.6' ],
52 silly audit   '@types/pg': [ '8.11.6' ],
52 silly audit   '@types/qs': [ '6.9.15' ],
52 silly audit   '@types/range-parser': [ '1.2.7' ],
52 silly audit   '@types/send': [ '0.17.4' ],
52 silly audit   '@types/serve-static': [ '1.15.7' ],
52 silly audit   obuf: [ '1.1.2' ],
52 silly audit   'pg-int8': [ '1.0.1' ],
52 silly audit   'pg-numeric': [ '1.0.2' ],
52 silly audit   'pg-protocol': [ '1.6.1' ],
52 silly audit   'pg-types': [ '4.0.2' ],
52 silly audit   'postgres-array': [ '3.0.2' ],
52 silly audit   'postgres-bytea': [ '3.0.0' ],
52 silly audit   'postgres-date': [ '2.1.0' ],
52 silly audit   'postgres-interval': [ '3.0.0' ],
52 silly audit   'postgres-range': [ '1.1.4' ],
52 silly audit   'undici-types': [ '5.26.5' ],
52 silly audit   'types-registry': [ '0.1.685' ]
52 silly audit }
53 timing reify:unpack Completed in 1ms
54 timing reify:unretire Completed in 0ms
55 timing build:queue Completed in 0ms
56 timing build:deps Completed in 1ms
57 timing build Completed in 1ms
58 timing reify:build Completed in 1ms
59 timing reify:trash Completed in 0ms
60 timing reify:save Completed in 22ms
61 http fetch POST 200 https://registry.npmjs.org/-/npm/v1/security/advisories/bulk 176ms
62 timing auditReport:getReport Completed in 180ms
63 silly audit report {}
64 timing auditReport:init Completed in 0ms
65 timing reify:audit Completed in 181ms
66 timing reify Completed in 444ms
67 timing command:install Completed in 452ms
68 verbose exit 0
69 timing npm Completed in 870ms
70 info ok
