0 verbose cli /usr/local/bin/node /usr/local/bin/npm
1 info using npm@10.5.2
2 info using node@v20.11.1
3 timing npm:load:whichnode Completed in 2ms
4 timing config:load:defaults Completed in 2ms
5 timing config:load:file:/usr/local/lib/node_modules/npm/npmrc Completed in 1ms
6 timing config:load:builtin Completed in 1ms
7 timing config:load:cli Completed in 2ms
8 timing config:load:env Completed in 1ms
9 timing config:load:file:/home/student/S02_Coclock_working_challenge_E01-cedricRGT45/.npmrc Completed in 0ms
10 timing config:load:project Completed in 27ms
11 timing config:load:file:/home/student/.npmrc Completed in 0ms
12 timing config:load:user Completed in 1ms
13 timing config:load:file:/usr/local/etc/npmrc Completed in 0ms
14 timing config:load:global Completed in 0ms
15 timing config:load:setEnvs Completed in 1ms
16 timing config:load Completed in 35ms
17 timing npm:load:configload Completed in 35ms
18 timing config:load:flatten Completed in 3ms
19 timing npm:load:mkdirpcache Completed in 1ms
20 timing npm:load:mkdirplogs Completed in 0ms
21 verbose title npm i react-router-dom
22 verbose argv "i" "react-router-dom"
23 timing npm:load:setTitle Completed in 1ms
24 timing npm:load:display Completed in 1ms
25 verbose logfile logs-max:10 dir:/home/student/.npm/_logs/2024-06-02T10_30_35_773Z-
26 verbose logfile /home/student/.npm/_logs/2024-06-02T10_30_35_773Z-debug-0.log
27 timing npm:load:logFile Completed in 3ms
28 timing npm:load:timers Completed in 1ms
29 timing npm:load:configScope Completed in 0ms
30 timing npm:load Completed in 71ms
31 timing arborist:ctor Completed in 1ms
32 silly logfile start cleaning logs, removing 1 files
33 silly logfile done cleaning log files
34 timing idealTree:init Completed in 78ms
35 timing idealTree:userRequests Completed in 2ms
36 silly idealTree buildDeps
37 silly fetch manifest react-router-dom@^6.22.3
38 http fetch GET 200 https://registry.npmjs.org/react-router-dom 199ms (cache miss)
39 silly fetch manifest react@>=16.8
40 http fetch GET 200 https://registry.npmjs.org/react 207ms (cache updated)
41 silly fetch manifest react-dom@>=16.8
42 http fetch GET 200 https://registry.npmjs.org/react-dom 223ms (cache updated)
43 silly placeDep ROOT react-router-dom@6.23.1 REPLACE for:  want: ^6.22.3
44 silly fetch manifest react-router@6.23.1
45 http fetch GET 200 https://registry.npmjs.org/react-router 80ms (cache miss)
46 silly fetch manifest @remix-run/router@1.16.1
47 http fetch GET 200 https://registry.npmjs.org/@remix-run%2frouter 80ms (cache miss)
48 timing idealTree:#root Completed in 1064ms
49 silly placeDep ROOT @remix-run/router@1.16.1 OK for: react-router-dom@6.23.1 want: 1.16.1
50 silly placeDep ROOT react-router@6.23.1 OK for: react-router-dom@6.23.1 want: 6.23.1
51 timing idealTree:node_modules/react-router-dom Completed in 7ms
52 timing idealTree:node_modules/@remix-run/router Completed in 0ms
53 timing idealTree:node_modules/react-router Completed in 0ms
54 timing idealTree:buildDeps Completed in 1073ms
55 timing idealTree:fixDepFlags Completed in 1ms
56 timing idealTree Completed in 1157ms
57 timing reify:loadTrees Completed in 1160ms
58 timing reify:diffTrees Completed in 2ms
59 silly reify moves {}
60 timing reify:retireShallow Completed in 2ms
61 timing reify:createSparse Completed in 18ms
62 timing reify:loadBundles Completed in 0ms
63 silly audit bulk request {
63 silly audit   '@babel/runtime': [ '7.24.4' ],
63 silly audit   'ansi-regex': [ '5.0.1' ],
63 silly audit   'ansi-styles': [ '4.3.0' ],
63 silly audit   anymatch: [ '3.1.3' ],
63 silly audit   'binary-extensions': [ '2.3.0' ],
63 silly audit   braces: [ '3.0.2' ],
63 silly audit   chalk: [ '4.1.2' ],
63 silly audit   'supports-color': [ '7.2.0', '8.1.1' ],
63 silly audit   chokidar: [ '3.6.0' ],
63 silly audit   cliui: [ '8.0.1' ],
63 silly audit   'color-convert': [ '2.0.1' ],
63 silly audit   'color-name': [ '1.1.4' ],
63 silly audit   concurrently: [ '8.2.2' ],
63 silly audit   'date-fns': [ '2.30.0' ],
63 silly audit   'emoji-regex': [ '8.0.0' ],
63 silly audit   escalade: [ '3.1.2' ],
63 silly audit   'fill-range': [ '7.0.1' ],
63 silly audit   fsevents: [ '2.3.3' ],
63 silly audit   'get-caller-file': [ '2.0.5' ],
63 silly audit   'glob-parent': [ '5.1.2' ],
63 silly audit   'has-flag': [ '4.0.0' ],
63 silly audit   immutable: [ '4.3.5' ],
63 silly audit   'is-binary-path': [ '2.1.0' ],
63 silly audit   'is-extglob': [ '2.1.1' ],
63 silly audit   'is-fullwidth-code-point': [ '3.0.0' ],
63 silly audit   'is-glob': [ '4.0.3' ],
63 silly audit   'is-number': [ '7.0.0' ],
63 silly audit   'js-tokens': [ '4.0.0' ],
63 silly audit   lodash: [ '4.17.21' ],
63 silly audit   'loose-envify': [ '1.4.0' ],
63 silly audit   'normalize-path': [ '3.0.0' ],
63 silly audit   picomatch: [ '2.3.1' ],
63 silly audit   react: [ '18.2.0' ],
63 silly audit   'react-dom': [ '18.2.0' ],
63 silly audit   readdirp: [ '3.6.0' ],
63 silly audit   'regenerator-runtime': [ '0.14.1' ],
63 silly audit   'require-directory': [ '2.1.1' ],
63 silly audit   rxjs: [ '7.8.1' ],
63 silly audit   sass: [ '1.75.0' ],
63 silly audit   scheduler: [ '0.23.0' ],
63 silly audit   'shell-quote': [ '1.8.1' ],
63 silly audit   'source-map-js': [ '1.2.0' ],
63 silly audit   'spawn-command': [ '0.0.2' ],
63 silly audit   'string-width': [ '4.2.3' ],
63 silly audit   'strip-ansi': [ '6.0.1' ],
63 silly audit   'to-regex-range': [ '5.0.1' ],
63 silly audit   'tree-kill': [ '1.2.2' ],
63 silly audit   tslib: [ '2.6.2' ],
63 silly audit   'wrap-ansi': [ '7.0.0' ],
63 silly audit   y18n: [ '5.0.8' ],
63 silly audit   yargs: [ '17.7.2' ],
63 silly audit   'yargs-parser': [ '21.1.1' ],
63 silly audit   'react-router-dom': [ '6.23.1' ],
63 silly audit   '@remix-run/router': [ '1.16.1' ],
63 silly audit   'react-router': [ '6.23.1' ]
63 silly audit }
64 verbose reify failed optional dependency /home/student/S02_Coclock_working_challenge_E01-cedricRGT45/node_modules/fsevents
65 silly reify mark deleted [
65 silly reify   '/home/student/S02_Coclock_working_challenge_E01-cedricRGT45/node_modules/fsevents'
65 silly reify ]
66 timing reifyNode:node_modules/fsevents Completed in 25ms
67 silly tarball no local data for react-router@https://registry.npmjs.org/react-router/-/react-router-6.23.1.tgz. Extracting by manifest.
68 silly tarball no local data for @remix-run/router@https://registry.npmjs.org/@remix-run/router/-/router-1.16.1.tgz. Extracting by manifest.
69 silly tarball no local data for react-router-dom@https://registry.npmjs.org/react-router-dom/-/react-router-dom-6.23.1.tgz. Extracting by manifest.
70 http fetch POST 200 https://registry.npmjs.org/-/npm/v1/security/advisories/bulk 600ms
71 timing auditReport:getReport Completed in 604ms
72 silly audit report {}
73 timing auditReport:init Completed in 0ms
74 timing reify:audit Completed in 606ms
75 timing reifyNode:node_modules/wrap-ansi Completed in 686ms
76 timing reifyNode:node_modules/normalize-path Completed in 693ms
77 timing reifyNode:node_modules/is-number Completed in 695ms
78 timing reifyNode:node_modules/is-extglob Completed in 695ms
79 timing reifyNode:node_modules/color-name Completed in 695ms
80 timing reifyNode:node_modules/to-regex-range Completed in 701ms
81 timing reifyNode:node_modules/supports-color Completed in 701ms
82 timing reifyNode:node_modules/strip-ansi Completed in 701ms
83 timing reifyNode:node_modules/string-width Completed in 703ms
84 timing reifyNode:node_modules/is-glob Completed in 710ms
85 timing reifyNode:node_modules/is-fullwidth-code-point Completed in 710ms
86 timing reifyNode:node_modules/is-binary-path Completed in 710ms
87 timing reifyNode:node_modules/has-flag Completed in 709ms
88 timing reifyNode:node_modules/glob-parent Completed in 710ms
89 timing reifyNode:node_modules/fill-range Completed in 710ms
90 timing reifyNode:node_modules/anymatch Completed in 710ms
91 timing reifyNode:node_modules/ansi-regex Completed in 711ms
92 timing reifyNode:node_modules/chalk/node_modules/supports-color Completed in 711ms
93 timing reifyNode:node_modules/tree-kill Completed in 717ms
94 timing reifyNode:node_modules/js-tokens Completed in 717ms
95 timing reifyNode:node_modules/get-caller-file Completed in 717ms
96 timing reifyNode:node_modules/ansi-styles Completed in 718ms
97 timing reifyNode:node_modules/regenerator-runtime Completed in 726ms
98 timing reifyNode:node_modules/readdirp Completed in 727ms
99 timing reifyNode:node_modules/binary-extensions Completed in 727ms
100 timing reifyNode:node_modules/require-directory Completed in 734ms
101 timing reifyNode:node_modules/loose-envify Completed in 735ms
102 timing reifyNode:node_modules/color-convert Completed in 740ms
103 timing reifyNode:node_modules/escalade Completed in 754ms
104 timing reifyNode:node_modules/chalk Completed in 754ms
105 timing reifyNode:node_modules/emoji-regex Completed in 758ms
106 timing reifyNode:node_modules/spawn-command Completed in 760ms
107 timing reifyNode:node_modules/cliui Completed in 760ms
108 timing reifyNode:node_modules/y18n Completed in 765ms
109 timing reifyNode:node_modules/braces Completed in 772ms
110 timing reifyNode:node_modules/picomatch Completed in 782ms
111 timing reifyNode:node_modules/chokidar Completed in 781ms
112 timing reifyNode:node_modules/yargs-parser Completed in 802ms
113 timing reifyNode:node_modules/tslib Completed in 803ms
114 timing reifyNode:node_modules/shell-quote Completed in 826ms
115 timing reifyNode:node_modules/source-map-js Completed in 833ms
116 timing reifyNode:node_modules/scheduler Completed in 836ms
117 timing reifyNode:node_modules/react Completed in 873ms
118 timing reifyNode:node_modules/immutable Completed in 910ms
119 timing reifyNode:node_modules/concurrently Completed in 1014ms
120 timing reifyNode:node_modules/yargs Completed in 1074ms
121 http fetch GET 200 https://registry.npmjs.org/react-router/-/react-router-6.23.1.tgz 1112ms (cache miss)
122 timing reifyNode:node_modules/react-router Completed in 1166ms
123 http fetch GET 200 https://registry.npmjs.org/react-router-dom/-/react-router-dom-6.23.1.tgz 1122ms (cache miss)
124 timing reifyNode:node_modules/react-router-dom Completed in 1178ms
125 http fetch GET 200 https://registry.npmjs.org/@remix-run/router/-/router-1.16.1.tgz 1328ms (cache miss)
126 timing reifyNode:node_modules/@remix-run/router Completed in 1384ms
127 timing reifyNode:node_modules/@babel/runtime Completed in 1401ms
128 timing reifyNode:node_modules/react-dom Completed in 1474ms
129 timing reifyNode:node_modules/sass Completed in 1549ms
130 timing reifyNode:node_modules/lodash Completed in 2389ms
131 timing reifyNode:node_modules/rxjs Completed in 3699ms
132 timing reifyNode:node_modules/date-fns Completed in 10500ms
133 timing reify:unpack Completed in 10504ms
134 timing reify:unretire Completed in 0ms
135 timing build:queue Completed in 3ms
136 timing build:link:node_modules/concurrently Completed in 6ms
137 timing build:link:node_modules/loose-envify Completed in 5ms
138 timing build:link:node_modules/sass Completed in 5ms
139 timing build:link:node_modules/tree-kill Completed in 5ms
140 timing build:link Completed in 6ms
141 timing build:deps Completed in 11ms
142 timing build Completed in 12ms
143 timing reify:build Completed in 12ms
144 timing reify:trash Completed in 6ms
145 timing reify:save Completed in 33ms
146 timing reify Completed in 11782ms
147 silly ADD node_modules/react-router
148 silly ADD node_modules/@remix-run/router
149 silly ADD node_modules/react-router-dom
150 silly ADD node_modules/yargs-parser
151 silly ADD node_modules/yargs
152 silly ADD node_modules/y18n
153 silly ADD node_modules/wrap-ansi
154 silly ADD node_modules/tslib
155 silly ADD node_modules/tree-kill
156 silly ADD node_modules/to-regex-range
157 silly ADD node_modules/supports-color
158 silly ADD node_modules/strip-ansi
159 silly ADD node_modules/string-width
160 silly ADD node_modules/spawn-command
161 silly ADD node_modules/source-map-js
162 silly ADD node_modules/shell-quote
163 silly ADD node_modules/scheduler
164 silly ADD node_modules/sass
165 silly ADD node_modules/rxjs
166 silly ADD node_modules/require-directory
167 silly ADD node_modules/regenerator-runtime
168 silly ADD node_modules/readdirp
169 silly ADD node_modules/react-dom
170 silly ADD node_modules/react
171 silly ADD node_modules/picomatch
172 silly ADD node_modules/normalize-path
173 silly ADD node_modules/loose-envify
174 silly ADD node_modules/lodash
175 silly ADD node_modules/js-tokens
176 silly ADD node_modules/is-number
177 silly ADD node_modules/is-glob
178 silly ADD node_modules/is-fullwidth-code-point
179 silly ADD node_modules/is-extglob
180 silly ADD node_modules/is-binary-path
181 silly ADD node_modules/immutable
182 silly ADD node_modules/has-flag
183 silly ADD node_modules/glob-parent
184 silly ADD node_modules/get-caller-file
185 silly ADD
186 silly ADD node_modules/fill-range
187 silly ADD node_modules/escalade
188 silly ADD node_modules/emoji-regex
189 silly ADD node_modules/date-fns
190 silly ADD node_modules/concurrently
191 silly ADD node_modules/color-name
192 silly ADD node_modules/color-convert
193 silly ADD node_modules/cliui
194 silly ADD node_modules/chokidar
195 silly ADD node_modules/chalk
196 silly ADD node_modules/chalk/node_modules/supports-color
197 silly ADD node_modules/braces
198 silly ADD node_modules/binary-extensions
199 silly ADD node_modules/anymatch
200 silly ADD node_modules/ansi-styles
201 silly ADD node_modules/ansi-regex
202 silly ADD node_modules/@babel/runtime
203 timing command:i Completed in 11794ms
204 verbose exit 0
205 timing npm Completed in 12214ms
206 info ok
