0 verbose cli /usr/local/bin/node /usr/local/bin/npm
1 info using npm@10.8.1
2 info using node@v20.11.1
3 silly config load:file:/usr/local/lib/node_modules/npm/npmrc
4 silly config load:file:/home/student/E01-S04-AutoBudget-cedricRGT45/autobudget/autobudget-main/.npmrc
5 silly config load:file:/home/student/.npmrc
6 silly config load:file:/usr/local/etc/npmrc
7 verbose title npm create vitest
8 verbose argv "create" "vitest"
9 verbose logfile logs-max:10 dir:/home/student/.npm/_logs/2024-07-30T14_08_38_134Z-
10 verbose logfile /home/student/.npm/_logs/2024-07-30T14_08_38_134Z-debug-0.log
11 silly logfile start cleaning logs, removing 1 files
12 silly logfile done cleaning log files
13 silly packumentCache heap:2197815296 maxSize:549453824 maxEntrySize:274726912
14 verbose shrinkwrap failed to load node_modules/.package-lock.json out of date, updated: node_modules
15 http fetch GET 200 https://registry.npmjs.org/create-vitest 338ms (cache miss)
16 silly packumentCache heap:2197815296 maxSize:549453824 maxEntrySize:274726912
17 silly idealTree buildDeps
18 silly fetch manifest create-vitest@1.1.0
19 silly packumentCache full:https://registry.npmjs.org/create-vitest cache-miss
20 http fetch GET 200 https://registry.npmjs.org/create-vitest 542ms (cache miss)
21 silly packumentCache full:https://registry.npmjs.org/create-vitest set size:undefined disposed:false
22 silly placeDep ROOT create-vitest@1.1.0 OK for:  want: 1.1.0
23 silly fetch manifest @types/inquirer@^9.0.3
24 silly packumentCache full:https://registry.npmjs.org/@types%2finquirer cache-miss
25 http fetch GET 200 https://registry.npmjs.org/@types%2finquirer 94ms (cache miss)
26 silly packumentCache full:https://registry.npmjs.org/@types%2finquirer set size:undefined disposed:false
27 silly fetch manifest @types/yargs@^17.0.24
28 silly packumentCache full:https://registry.npmjs.org/@types%2fyargs cache-miss
29 http fetch GET 200 https://registry.npmjs.org/@types%2fyargs 95ms (cache miss)
30 silly packumentCache full:https://registry.npmjs.org/@types%2fyargs set size:undefined disposed:false
31 silly fetch manifest chalk@^5.3.0
32 silly packumentCache full:https://registry.npmjs.org/chalk cache-miss
33 http fetch GET 200 https://registry.npmjs.org/chalk 54ms (cache revalidated)
34 silly packumentCache full:https://registry.npmjs.org/chalk set size:141442 disposed:false
35 silly fetch manifest inquirer@^9.2.10
36 silly packumentCache full:https://registry.npmjs.org/inquirer cache-miss
37 http fetch GET 200 https://registry.npmjs.org/inquirer 61ms (cache miss)
38 silly packumentCache full:https://registry.npmjs.org/inquirer set size:undefined disposed:false
39 silly fetch manifest latest-version@^7.0.0
40 silly packumentCache full:https://registry.npmjs.org/latest-version cache-miss
41 http fetch GET 200 https://registry.npmjs.org/latest-version 51ms (cache miss)
42 silly packumentCache full:https://registry.npmjs.org/latest-version set size:undefined disposed:false
43 silly fetch manifest prettier@^3.0.2
44 silly packumentCache full:https://registry.npmjs.org/prettier cache-miss
45 http fetch GET 200 https://registry.npmjs.org/prettier 73ms (cache updated)
46 silly packumentCache full:https://registry.npmjs.org/prettier set size:undefined disposed:false
47 silly fetch manifest ts-morph@^19.0.0
48 silly packumentCache full:https://registry.npmjs.org/ts-morph cache-miss
49 http fetch GET 200 https://registry.npmjs.org/ts-morph 59ms (cache miss)
50 silly packumentCache full:https://registry.npmjs.org/ts-morph set size:undefined disposed:false
51 silly fetch manifest yargs@^17.7.2
52 silly packumentCache full:https://registry.npmjs.org/yargs cache-miss
53 http fetch GET 200 https://registry.npmjs.org/yargs 111ms (cache updated)
54 silly packumentCache full:https://registry.npmjs.org/yargs set size:undefined disposed:false
55 silly placeDep ROOT @types/inquirer@9.0.7 OK for: create-vitest@1.1.0 want: ^9.0.3
56 silly placeDep ROOT @types/yargs@17.0.32 OK for: create-vitest@1.1.0 want: ^17.0.24
57 silly placeDep ROOT chalk@5.3.0 OK for: create-vitest@1.1.0 want: ^5.3.0
58 silly placeDep ROOT inquirer@9.3.6 OK for: create-vitest@1.1.0 want: ^9.2.10
59 silly placeDep ROOT latest-version@7.0.0 OK for: create-vitest@1.1.0 want: ^7.0.0
60 silly placeDep ROOT prettier@3.3.3 OK for: create-vitest@1.1.0 want: ^3.0.2
61 silly placeDep ROOT ts-morph@19.0.0 OK for: create-vitest@1.1.0 want: ^19.0.0
62 silly placeDep ROOT yargs@17.7.2 OK for: create-vitest@1.1.0 want: ^17.7.2
63 silly fetch manifest rxjs@^7.2.0
64 silly packumentCache full:https://registry.npmjs.org/rxjs cache-miss
65 http fetch GET 200 https://registry.npmjs.org/rxjs 74ms (cache miss)
66 silly packumentCache full:https://registry.npmjs.org/rxjs set size:undefined disposed:false
67 silly fetch manifest @types/through@*
68 silly packumentCache full:https://registry.npmjs.org/@types%2fthrough cache-miss
69 http fetch GET 200 https://registry.npmjs.org/@types%2fthrough 1016ms (cache miss)
70 silly packumentCache full:https://registry.npmjs.org/@types%2fthrough set size:undefined disposed:false
71 silly fetch manifest @types/yargs-parser@*
72 silly packumentCache full:https://registry.npmjs.org/@types%2fyargs-parser cache-miss
73 http fetch GET 200 https://registry.npmjs.org/@types%2fyargs-parser 73ms (cache miss)
74 silly packumentCache full:https://registry.npmjs.org/@types%2fyargs-parser set size:undefined disposed:false
75 silly fetch manifest ora@^5.4.1
76 silly packumentCache full:https://registry.npmjs.org/ora cache-miss
77 http fetch GET 200 https://registry.npmjs.org/ora 55ms (cache miss)
78 silly packumentCache full:https://registry.npmjs.org/ora set size:undefined disposed:false
79 silly fetch manifest rxjs@^7.8.1
80 silly packumentCache full:https://registry.npmjs.org/rxjs cache-miss
81 http fetch GET 200 https://registry.npmjs.org/rxjs 9ms (cache hit)
82 silly packumentCache full:https://registry.npmjs.org/rxjs set size:1240752 disposed:false
83 silly fetch manifest cli-width@^4.1.0
84 silly packumentCache full:https://registry.npmjs.org/cli-width cache-miss
85 http fetch GET 200 https://registry.npmjs.org/cli-width 59ms (cache miss)
86 silly packumentCache full:https://registry.npmjs.org/cli-width set size:undefined disposed:false
87 silly fetch manifest run-async@^3.0.0
88 silly packumentCache full:https://registry.npmjs.org/run-async cache-miss
89 http fetch GET 200 https://registry.npmjs.org/run-async 40ms (cache miss)
90 silly packumentCache full:https://registry.npmjs.org/run-async set size:undefined disposed:false
91 silly fetch manifest wrap-ansi@^6.2.0
92 silly packumentCache full:https://registry.npmjs.org/wrap-ansi cache-miss
93 http fetch GET 200 https://registry.npmjs.org/wrap-ansi 41ms (cache miss)
94 silly packumentCache full:https://registry.npmjs.org/wrap-ansi set size:undefined disposed:false
95 silly fetch manifest strip-ansi@^6.0.1
96 silly packumentCache full:https://registry.npmjs.org/strip-ansi cache-miss
97 http fetch GET 200 https://registry.npmjs.org/strip-ansi 47ms (cache revalidated)
98 silly packumentCache full:https://registry.npmjs.org/strip-ansi set size:43180 disposed:false
99 silly fetch manifest mute-stream@1.0.0
100 silly packumentCache full:https://registry.npmjs.org/mute-stream cache-miss
101 http fetch GET 200 https://registry.npmjs.org/mute-stream 42ms (cache revalidated)
102 silly packumentCache full:https://registry.npmjs.org/mute-stream set size:16884 disposed:false
103 silly fetch manifest ansi-escapes@^4.3.2
104 silly packumentCache full:https://registry.npmjs.org/ansi-escapes cache-miss
105 http fetch GET 200 https://registry.npmjs.org/ansi-escapes 35ms (cache miss)
106 silly packumentCache full:https://registry.npmjs.org/ansi-escapes set size:undefined disposed:false
107 silly fetch manifest string-width@^4.2.3
108 silly packumentCache full:https://registry.npmjs.org/string-width cache-miss
109 http fetch GET 200 https://registry.npmjs.org/string-width 39ms (cache miss)
110 silly packumentCache full:https://registry.npmjs.org/string-width set size:undefined disposed:false
111 silly fetch manifest external-editor@^3.1.0
112 silly packumentCache full:https://registry.npmjs.org/external-editor cache-miss
113 http fetch GET 200 https://registry.npmjs.org/external-editor 48ms (cache miss)
114 silly packumentCache full:https://registry.npmjs.org/external-editor set size:undefined disposed:false
115 silly fetch manifest yoctocolors-cjs@^2.1.2
116 silly packumentCache full:https://registry.npmjs.org/yoctocolors-cjs cache-miss
117 http fetch GET 200 https://registry.npmjs.org/yoctocolors-cjs 37ms (cache miss)
118 silly packumentCache full:https://registry.npmjs.org/yoctocolors-cjs set size:undefined disposed:false
119 silly fetch manifest @inquirer/figures@^1.0.3
120 silly packumentCache full:https://registry.npmjs.org/@inquirer%2ffigures cache-miss
121 http fetch GET 200 https://registry.npmjs.org/@inquirer%2ffigures 103ms (cache miss)
122 silly packumentCache full:https://registry.npmjs.org/@inquirer%2ffigures set size:undefined disposed:false
123 silly fetch manifest package-json@^8.1.0
124 silly packumentCache full:https://registry.npmjs.org/package-json cache-miss
125 http fetch GET 200 https://registry.npmjs.org/package-json 37ms (cache miss)
126 silly packumentCache full:https://registry.npmjs.org/package-json set size:undefined disposed:false
127 silly fetch manifest @ts-morph/common@~0.20.0
128 silly packumentCache full:https://registry.npmjs.org/@ts-morph%2fcommon cache-miss
129 http fetch GET 200 https://registry.npmjs.org/@ts-morph%2fcommon 1031ms (cache miss)
130 silly packumentCache full:https://registry.npmjs.org/@ts-morph%2fcommon set size:undefined disposed:false
131 silly fetch manifest code-block-writer@^12.0.0
132 silly packumentCache full:https://registry.npmjs.org/code-block-writer cache-miss
133 http fetch GET 200 https://registry.npmjs.org/code-block-writer 78ms (cache miss)
134 silly packumentCache full:https://registry.npmjs.org/code-block-writer set size:undefined disposed:false
135 silly fetch manifest y18n@^5.0.5
136 silly packumentCache full:https://registry.npmjs.org/y18n cache-miss
137 http fetch GET 200 https://registry.npmjs.org/y18n 47ms (cache miss)
138 silly packumentCache full:https://registry.npmjs.org/y18n set size:undefined disposed:false
139 silly fetch manifest cliui@^8.0.1
140 silly packumentCache full:https://registry.npmjs.org/cliui cache-miss
141 http fetch GET 200 https://registry.npmjs.org/cliui 68ms (cache miss)
142 silly packumentCache full:https://registry.npmjs.org/cliui set size:undefined disposed:false
143 silly fetch manifest escalade@^3.1.1
144 silly packumentCache full:https://registry.npmjs.org/escalade cache-miss
145 http fetch GET 200 https://registry.npmjs.org/escalade 40ms (cache miss)
146 silly packumentCache full:https://registry.npmjs.org/escalade set size:undefined disposed:false
147 silly fetch manifest yargs-parser@^21.1.1
148 silly packumentCache full:https://registry.npmjs.org/yargs-parser cache-miss
149 http fetch GET 200 https://registry.npmjs.org/yargs-parser 47ms (cache miss)
150 silly packumentCache full:https://registry.npmjs.org/yargs-parser set size:undefined disposed:false
151 silly fetch manifest get-caller-file@^2.0.5
152 silly packumentCache full:https://registry.npmjs.org/get-caller-file cache-miss
153 http fetch GET 200 https://registry.npmjs.org/get-caller-file 41ms (cache miss)
154 silly packumentCache full:https://registry.npmjs.org/get-caller-file set size:undefined disposed:false
155 silly fetch manifest require-directory@^2.1.1
156 silly packumentCache full:https://registry.npmjs.org/require-directory cache-miss
157 http fetch GET 200 https://registry.npmjs.org/require-directory 65ms (cache miss)
158 silly packumentCache full:https://registry.npmjs.org/require-directory set size:undefined disposed:false
159 silly placeDep ROOT @types/through@0.0.33 OK for: @types/inquirer@9.0.7 want: *
160 silly placeDep ROOT rxjs@7.8.1 OK for: @types/inquirer@9.0.7 want: ^7.2.0
161 silly fetch manifest @types/node@*
162 silly packumentCache full:https://registry.npmjs.org/@types%2fnode cache-miss
163 http fetch GET 200 https://registry.npmjs.org/@types%2fnode 92ms (cache revalidated)
164 silly packumentCache full:https://registry.npmjs.org/@types%2fnode set size:8883242 disposed:false
165 silly fetch manifest tslib@^2.1.0
166 silly packumentCache full:https://registry.npmjs.org/tslib cache-miss
167 http fetch GET 200 https://registry.npmjs.org/tslib 80ms (cache revalidated)
168 silly packumentCache full:https://registry.npmjs.org/tslib set size:102541 disposed:false
169 silly placeDep ROOT @types/node@22.0.0 OK for: @types/through@0.0.33 want: *
170 silly fetch manifest undici-types@~6.11.1
171 silly packumentCache full:https://registry.npmjs.org/undici-types cache-miss
172 http fetch GET 200 https://registry.npmjs.org/undici-types 93ms (cache updated)
173 silly packumentCache full:https://registry.npmjs.org/undici-types set size:undefined disposed:false
174 silly placeDep ROOT undici-types@6.11.1 OK for: @types/node@22.0.0 want: ~6.11.1
175 silly placeDep ROOT @types/yargs-parser@21.0.3 OK for: @types/yargs@17.0.32 want: *
176 silly placeDep ROOT @inquirer/figures@1.0.5 OK for: inquirer@9.3.6 want: ^1.0.3
177 silly placeDep ROOT ansi-escapes@4.3.2 OK for: inquirer@9.3.6 want: ^4.3.2
178 silly placeDep ROOT cli-width@4.1.0 OK for: inquirer@9.3.6 want: ^4.1.0
179 silly placeDep ROOT external-editor@3.1.0 OK for: inquirer@9.3.6 want: ^3.1.0
180 silly placeDep ROOT mute-stream@1.0.0 OK for: inquirer@9.3.6 want: 1.0.0
181 silly placeDep ROOT ora@5.4.1 OK for: inquirer@9.3.6 want: ^5.4.1
182 silly placeDep ROOT run-async@3.0.0 OK for: inquirer@9.3.6 want: ^3.0.0
183 silly placeDep ROOT string-width@4.2.3 OK for: inquirer@9.3.6 want: ^4.2.3
184 silly placeDep ROOT strip-ansi@6.0.1 OK for: inquirer@9.3.6 want: ^6.0.1
185 silly placeDep ROOT wrap-ansi@6.2.0 OK for: inquirer@9.3.6 want: ^6.2.0
186 silly placeDep ROOT yoctocolors-cjs@2.1.2 OK for: inquirer@9.3.6 want: ^2.1.2
187 silly fetch manifest type-fest@^0.21.3
188 silly packumentCache full:https://registry.npmjs.org/type-fest cache-miss
189 http fetch GET 200 https://registry.npmjs.org/type-fest 47ms (cache revalidated)
190 silly packumentCache full:https://registry.npmjs.org/type-fest set size:456234 disposed:false
191 silly fetch manifest chardet@^0.7.0
192 silly packumentCache full:https://registry.npmjs.org/chardet cache-miss
193 http fetch GET 200 https://registry.npmjs.org/chardet 43ms (cache miss)
194 silly packumentCache full:https://registry.npmjs.org/chardet set size:undefined disposed:false
195 silly fetch manifest iconv-lite@^0.4.24
196 silly packumentCache full:https://registry.npmjs.org/iconv-lite cache-miss
197 http fetch GET 200 https://registry.npmjs.org/iconv-lite 49ms (cache miss)
198 silly packumentCache full:https://registry.npmjs.org/iconv-lite set size:undefined disposed:false
199 silly fetch manifest tmp@^0.0.33
200 silly packumentCache full:https://registry.npmjs.org/tmp cache-miss
201 http fetch GET 200 https://registry.npmjs.org/tmp 58ms (cache miss)
202 silly packumentCache full:https://registry.npmjs.org/tmp set size:undefined disposed:false
203 silly fetch manifest bl@^4.1.0
204 silly packumentCache full:https://registry.npmjs.org/bl cache-miss
205 http fetch GET 200 https://registry.npmjs.org/bl 80ms (cache miss)
206 silly packumentCache full:https://registry.npmjs.org/bl set size:undefined disposed:false
207 silly fetch manifest chalk@^4.1.0
208 silly packumentCache full:https://registry.npmjs.org/chalk cache-hit
209 silly fetch manifest wcwidth@^1.0.1
210 silly packumentCache full:https://registry.npmjs.org/wcwidth cache-miss
211 http fetch GET 200 https://registry.npmjs.org/wcwidth 41ms (cache miss)
212 silly packumentCache full:https://registry.npmjs.org/wcwidth set size:undefined disposed:false
213 silly fetch manifest cli-cursor@^3.1.0
214 silly packumentCache full:https://registry.npmjs.org/cli-cursor cache-miss
215 http fetch GET 200 https://registry.npmjs.org/cli-cursor 42ms (cache miss)
216 silly packumentCache full:https://registry.npmjs.org/cli-cursor set size:undefined disposed:false
217 silly fetch manifest strip-ansi@^6.0.0
218 silly packumentCache full:https://registry.npmjs.org/strip-ansi cache-hit
219 silly fetch manifest log-symbols@^4.1.0
220 silly packumentCache full:https://registry.npmjs.org/log-symbols cache-miss
221 http fetch GET 200 https://registry.npmjs.org/log-symbols 46ms (cache miss)
222 silly packumentCache full:https://registry.npmjs.org/log-symbols set size:undefined disposed:false
223 silly fetch manifest cli-spinners@^2.5.0
224 silly packumentCache full:https://registry.npmjs.org/cli-spinners cache-miss
225 http fetch GET 200 https://registry.npmjs.org/cli-spinners 76ms (cache miss)
226 silly packumentCache full:https://registry.npmjs.org/cli-spinners set size:undefined disposed:false
227 silly fetch manifest is-interactive@^1.0.0
228 silly packumentCache full:https://registry.npmjs.org/is-interactive cache-miss
229 http fetch GET 200 https://registry.npmjs.org/is-interactive 83ms (cache miss)
230 silly packumentCache full:https://registry.npmjs.org/is-interactive set size:undefined disposed:false
231 silly fetch manifest is-unicode-supported@^0.1.0
232 silly packumentCache full:https://registry.npmjs.org/is-unicode-supported cache-miss
233 http fetch GET 200 https://registry.npmjs.org/is-unicode-supported 70ms (cache miss)
234 silly packumentCache full:https://registry.npmjs.org/is-unicode-supported set size:undefined disposed:false
235 silly fetch manifest emoji-regex@^8.0.0
236 silly packumentCache full:https://registry.npmjs.org/emoji-regex cache-miss
237 http fetch GET 200 https://registry.npmjs.org/emoji-regex 66ms (cache miss)
238 silly packumentCache full:https://registry.npmjs.org/emoji-regex set size:undefined disposed:false
239 silly fetch manifest is-fullwidth-code-point@^3.0.0
240 silly packumentCache full:https://registry.npmjs.org/is-fullwidth-code-point cache-miss
241 http fetch GET 200 https://registry.npmjs.org/is-fullwidth-code-point 44ms (cache miss)
242 silly packumentCache full:https://registry.npmjs.org/is-fullwidth-code-point set size:undefined disposed:false
243 silly fetch manifest ansi-regex@^5.0.1
244 silly packumentCache full:https://registry.npmjs.org/ansi-regex cache-miss
245 http fetch GET 200 https://registry.npmjs.org/ansi-regex 53ms (cache revalidated)
246 silly packumentCache full:https://registry.npmjs.org/ansi-regex set size:45233 disposed:false
247 silly fetch manifest ansi-styles@^4.0.0
248 silly packumentCache full:https://registry.npmjs.org/ansi-styles cache-miss
249 http fetch GET 200 https://registry.npmjs.org/ansi-styles 38ms (cache revalidated)
250 silly packumentCache full:https://registry.npmjs.org/ansi-styles set size:66356 disposed:false
251 silly placeDep ROOT type-fest@0.21.3 OK for: ansi-escapes@4.3.2 want: ^0.21.3
252 silly placeDep ROOT chardet@0.7.0 OK for: external-editor@3.1.0 want: ^0.7.0
253 silly placeDep ROOT iconv-lite@0.4.24 OK for: external-editor@3.1.0 want: ^0.4.24
254 silly placeDep ROOT tmp@0.0.33 OK for: external-editor@3.1.0 want: ^0.0.33
255 silly fetch manifest safer-buffer@>= 2.1.2 < 3
256 silly packumentCache full:https://registry.npmjs.org/safer-buffer cache-miss
257 http fetch GET 200 https://registry.npmjs.org/safer-buffer 46ms (cache miss)
258 silly packumentCache full:https://registry.npmjs.org/safer-buffer set size:undefined disposed:false
259 silly fetch manifest os-tmpdir@~1.0.2
260 silly packumentCache full:https://registry.npmjs.org/os-tmpdir cache-miss
261 http fetch GET 200 https://registry.npmjs.org/os-tmpdir 42ms (cache miss)
262 silly packumentCache full:https://registry.npmjs.org/os-tmpdir set size:undefined disposed:false
263 silly placeDep ROOT safer-buffer@2.1.2 OK for: iconv-lite@0.4.24 want: >= 2.1.2 < 3
264 silly placeDep ROOT package-json@8.1.1 OK for: latest-version@7.0.0 want: ^8.1.0
265 silly fetch manifest got@^12.1.0
266 silly packumentCache full:https://registry.npmjs.org/got cache-miss
267 http fetch GET 200 https://registry.npmjs.org/got 80ms (cache miss)
268 silly packumentCache full:https://registry.npmjs.org/got set size:undefined disposed:false
269 silly fetch manifest semver@^7.3.7
270 silly packumentCache full:https://registry.npmjs.org/semver cache-miss
271 http fetch GET 200 https://registry.npmjs.org/semver 44ms (cache revalidated)
272 silly packumentCache full:https://registry.npmjs.org/semver set size:215887 disposed:false
273 silly fetch manifest registry-url@^6.0.0
274 silly packumentCache full:https://registry.npmjs.org/registry-url cache-miss
275 http fetch GET 200 https://registry.npmjs.org/registry-url 53ms (cache miss)
276 silly packumentCache full:https://registry.npmjs.org/registry-url set size:undefined disposed:false
277 silly fetch manifest registry-auth-token@^5.0.1
278 silly packumentCache full:https://registry.npmjs.org/registry-auth-token cache-miss
279 http fetch GET 200 https://registry.npmjs.org/registry-auth-token 43ms (cache miss)
280 silly packumentCache full:https://registry.npmjs.org/registry-auth-token set size:undefined disposed:false
281 silly placeDep ROOT bl@4.1.0 OK for: ora@5.4.1 want: ^4.1.0
282 silly placeDep node_modules/ora chalk@4.1.2 OK for: ora@5.4.1 want: ^4.1.0
283 silly placeDep ROOT cli-cursor@3.1.0 OK for: ora@5.4.1 want: ^3.1.0
284 silly placeDep ROOT cli-spinners@2.9.2 OK for: ora@5.4.1 want: ^2.5.0
285 silly placeDep ROOT is-interactive@1.0.0 OK for: ora@5.4.1 want: ^1.0.0
286 silly placeDep ROOT is-unicode-supported@0.1.0 OK for: ora@5.4.1 want: ^0.1.0
287 silly placeDep ROOT log-symbols@4.1.0 OK for: ora@5.4.1 want: ^4.1.0
288 silly placeDep ROOT wcwidth@1.0.1 OK for: ora@5.4.1 want: ^1.0.1
289 silly fetch manifest buffer@^5.5.0
290 silly packumentCache full:https://registry.npmjs.org/buffer cache-miss
291 http fetch GET 200 https://registry.npmjs.org/buffer 47ms (cache miss)
292 silly packumentCache full:https://registry.npmjs.org/buffer set size:undefined disposed:false
293 silly fetch manifest inherits@^2.0.4
294 silly packumentCache full:https://registry.npmjs.org/inherits cache-miss
295 http fetch GET 200 https://registry.npmjs.org/inherits 47ms (cache revalidated)
296 silly packumentCache full:https://registry.npmjs.org/inherits set size:12925 disposed:false
297 silly fetch manifest readable-stream@^3.4.0
298 silly packumentCache full:https://registry.npmjs.org/readable-stream cache-miss
299 http fetch GET 200 https://registry.npmjs.org/readable-stream 50ms (cache miss)
300 silly packumentCache full:https://registry.npmjs.org/readable-stream set size:undefined disposed:false
301 silly fetch manifest ansi-styles@^4.1.0
302 silly packumentCache full:https://registry.npmjs.org/ansi-styles cache-hit
303 silly fetch manifest supports-color@^7.1.0
304 silly packumentCache full:https://registry.npmjs.org/supports-color cache-miss
305 http fetch GET 200 https://registry.npmjs.org/supports-color 80ms (cache revalidated)
306 silly packumentCache full:https://registry.npmjs.org/supports-color set size:113904 disposed:false
307 silly fetch manifest restore-cursor@^3.1.0
308 silly packumentCache full:https://registry.npmjs.org/restore-cursor cache-miss
309 http fetch GET 200 https://registry.npmjs.org/restore-cursor 49ms (cache miss)
310 silly packumentCache full:https://registry.npmjs.org/restore-cursor set size:undefined disposed:false
311 silly fetch manifest defaults@^1.0.3
312 silly packumentCache full:https://registry.npmjs.org/defaults cache-miss
313 http fetch GET 200 https://registry.npmjs.org/defaults 47ms (cache miss)
314 silly packumentCache full:https://registry.npmjs.org/defaults set size:undefined disposed:false
315 silly placeDep ROOT buffer@5.7.1 OK for: bl@4.1.0 want: ^5.5.0
316 silly placeDep ROOT inherits@2.0.4 OK for: bl@4.1.0 want: ^2.0.4
317 silly placeDep ROOT readable-stream@3.6.2 OK for: bl@4.1.0 want: ^3.4.0
318 silly fetch manifest base64-js@^1.3.1
319 silly packumentCache full:https://registry.npmjs.org/base64-js cache-miss
320 http fetch GET 200 https://registry.npmjs.org/base64-js 38ms (cache miss)
321 silly packumentCache full:https://registry.npmjs.org/base64-js set size:undefined disposed:false
322 silly fetch manifest ieee754@^1.1.13
323 silly packumentCache full:https://registry.npmjs.org/ieee754 cache-miss
324 http fetch GET 200 https://registry.npmjs.org/ieee754 40ms (cache miss)
325 silly packumentCache full:https://registry.npmjs.org/ieee754 set size:undefined disposed:false
326 silly fetch manifest string_decoder@^1.1.1
327 silly packumentCache full:https://registry.npmjs.org/string_decoder cache-miss
328 http fetch GET 200 https://registry.npmjs.org/string_decoder 52ms (cache miss)
329 silly packumentCache full:https://registry.npmjs.org/string_decoder set size:undefined disposed:false
330 silly fetch manifest util-deprecate@^1.0.1
331 silly packumentCache full:https://registry.npmjs.org/util-deprecate cache-miss
332 http fetch GET 200 https://registry.npmjs.org/util-deprecate 48ms (cache miss)
333 silly packumentCache full:https://registry.npmjs.org/util-deprecate set size:undefined disposed:false
334 silly placeDep ROOT base64-js@1.5.1 OK for: buffer@5.7.1 want: ^1.3.1
335 silly placeDep ROOT ieee754@1.2.1 OK for: buffer@5.7.1 want: ^1.1.13
336 silly placeDep ROOT restore-cursor@3.1.0 OK for: cli-cursor@3.1.0 want: ^3.1.0
337 silly fetch manifest onetime@^5.1.0
338 silly packumentCache full:https://registry.npmjs.org/onetime cache-miss
339 http fetch GET 200 https://registry.npmjs.org/onetime 84ms (cache revalidated)
340 silly packumentCache full:https://registry.npmjs.org/onetime set size:30525 disposed:false
341 silly fetch manifest signal-exit@^3.0.2
342 silly packumentCache full:https://registry.npmjs.org/signal-exit cache-miss
343 http fetch GET 200 https://registry.npmjs.org/signal-exit 66ms (cache revalidated)
344 silly packumentCache full:https://registry.npmjs.org/signal-exit set size:53489 disposed:false
345 silly placeDep node_modules/log-symbols chalk@4.1.2 OK for: log-symbols@4.1.0 want: ^4.1.0
346 silly placeDep ROOT got@12.6.1 OK for: package-json@8.1.1 want: ^12.1.0
347 silly placeDep ROOT registry-auth-token@5.0.2 OK for: package-json@8.1.1 want: ^5.0.1
348 silly placeDep ROOT registry-url@6.0.1 OK for: package-json@8.1.1 want: ^6.0.0
349 silly placeDep ROOT semver@7.6.3 OK for: package-json@8.1.1 want: ^7.3.7
350 silly fetch manifest get-stream@^6.0.1
351 silly packumentCache full:https://registry.npmjs.org/get-stream cache-miss
352 http fetch GET 200 https://registry.npmjs.org/get-stream 35ms (cache revalidated)
353 silly packumentCache full:https://registry.npmjs.org/get-stream set size:57536 disposed:false
354 silly fetch manifest p-cancelable@^3.0.0
355 silly packumentCache full:https://registry.npmjs.org/p-cancelable cache-miss
356 http fetch GET 200 https://registry.npmjs.org/p-cancelable 57ms (cache miss)
357 silly packumentCache full:https://registry.npmjs.org/p-cancelable set size:undefined disposed:false
358 silly fetch manifest responselike@^3.0.0
359 silly packumentCache full:https://registry.npmjs.org/responselike cache-miss
360 http fetch GET 200 https://registry.npmjs.org/responselike 42ms (cache miss)
361 silly packumentCache full:https://registry.npmjs.org/responselike set size:undefined disposed:false
362 silly fetch manifest http2-wrapper@^2.1.10
363 silly packumentCache full:https://registry.npmjs.org/http2-wrapper cache-miss
364 http fetch GET 200 https://registry.npmjs.org/http2-wrapper 44ms (cache miss)
365 silly packumentCache full:https://registry.npmjs.org/http2-wrapper set size:undefined disposed:false
366 silly fetch manifest lowercase-keys@^3.0.0
367 silly packumentCache full:https://registry.npmjs.org/lowercase-keys cache-miss
368 http fetch GET 200 https://registry.npmjs.org/lowercase-keys 69ms (cache miss)
369 silly packumentCache full:https://registry.npmjs.org/lowercase-keys set size:undefined disposed:false
370 silly fetch manifest @sindresorhus/is@^5.2.0
371 silly packumentCache full:https://registry.npmjs.org/@sindresorhus%2fis cache-miss
372 http fetch GET 200 https://registry.npmjs.org/@sindresorhus%2fis 121ms (cache miss)
373 silly packumentCache full:https://registry.npmjs.org/@sindresorhus%2fis set size:undefined disposed:false
374 silly fetch manifest cacheable-lookup@^7.0.0
375 silly packumentCache full:https://registry.npmjs.org/cacheable-lookup cache-miss
376 http fetch GET 200 https://registry.npmjs.org/cacheable-lookup 81ms (cache miss)
377 silly packumentCache full:https://registry.npmjs.org/cacheable-lookup set size:undefined disposed:false
378 silly fetch manifest cacheable-request@^10.2.8
379 silly packumentCache full:https://registry.npmjs.org/cacheable-request cache-miss
380 http fetch GET 200 https://registry.npmjs.org/cacheable-request 74ms (cache miss)
381 silly packumentCache full:https://registry.npmjs.org/cacheable-request set size:undefined disposed:false
382 silly fetch manifest form-data-encoder@^2.1.2
383 silly packumentCache full:https://registry.npmjs.org/form-data-encoder cache-miss
384 http fetch GET 200 https://registry.npmjs.org/form-data-encoder 73ms (cache miss)
385 silly packumentCache full:https://registry.npmjs.org/form-data-encoder set size:undefined disposed:false
386 silly fetch manifest decompress-response@^6.0.0
387 silly packumentCache full:https://registry.npmjs.org/decompress-response cache-miss
388 http fetch GET 200 https://registry.npmjs.org/decompress-response 540ms (cache miss)
389 silly packumentCache full:https://registry.npmjs.org/decompress-response set size:undefined disposed:false
390 silly fetch manifest @szmarczak/http-timer@^5.0.1
391 silly packumentCache full:https://registry.npmjs.org/@szmarczak%2fhttp-timer cache-miss
392 http fetch GET 200 https://registry.npmjs.org/@szmarczak%2fhttp-timer 87ms (cache miss)
393 silly packumentCache full:https://registry.npmjs.org/@szmarczak%2fhttp-timer set size:undefined disposed:false
394 silly fetch manifest @pnpm/npm-conf@^2.1.0
395 silly packumentCache full:https://registry.npmjs.org/@pnpm%2fnpm-conf cache-miss
396 http fetch GET 200 https://registry.npmjs.org/@pnpm%2fnpm-conf 128ms (cache miss)
397 silly packumentCache full:https://registry.npmjs.org/@pnpm%2fnpm-conf set size:undefined disposed:false
398 silly fetch manifest rc@1.2.8
399 silly packumentCache full:https://registry.npmjs.org/rc cache-miss
400 http fetch GET 200 https://registry.npmjs.org/rc 58ms (cache miss)
401 silly packumentCache full:https://registry.npmjs.org/rc set size:undefined disposed:false
402 silly placeDep ROOT @sindresorhus/is@5.6.0 OK for: got@12.6.1 want: ^5.2.0
403 silly placeDep ROOT @szmarczak/http-timer@5.0.1 OK for: got@12.6.1 want: ^5.0.1
404 silly placeDep ROOT cacheable-lookup@7.0.0 OK for: got@12.6.1 want: ^7.0.0
405 silly placeDep ROOT cacheable-request@10.2.14 OK for: got@12.6.1 want: ^10.2.8
406 silly placeDep ROOT decompress-response@6.0.0 OK for: got@12.6.1 want: ^6.0.0
407 silly placeDep ROOT form-data-encoder@2.1.4 OK for: got@12.6.1 want: ^2.1.2
408 silly placeDep ROOT get-stream@6.0.1 OK for: got@12.6.1 want: ^6.0.1
409 silly placeDep ROOT http2-wrapper@2.2.1 OK for: got@12.6.1 want: ^2.1.10
410 silly placeDep ROOT lowercase-keys@3.0.0 OK for: got@12.6.1 want: ^3.0.0
411 silly placeDep ROOT p-cancelable@3.0.0 OK for: got@12.6.1 want: ^3.0.0
412 silly placeDep ROOT responselike@3.0.0 OK for: got@12.6.1 want: ^3.0.0
413 silly fetch manifest defer-to-connect@^2.0.1
414 silly packumentCache full:https://registry.npmjs.org/defer-to-connect cache-miss
415 http fetch GET 200 https://registry.npmjs.org/defer-to-connect 118ms (cache miss)
416 silly packumentCache full:https://registry.npmjs.org/defer-to-connect set size:undefined disposed:false
417 silly fetch manifest @types/http-cache-semantics@^4.0.2
418 silly packumentCache full:https://registry.npmjs.org/@types%2fhttp-cache-semantics cache-miss
419 http fetch GET 200 https://registry.npmjs.org/@types%2fhttp-cache-semantics 54ms (cache miss)
420 silly packumentCache full:https://registry.npmjs.org/@types%2fhttp-cache-semantics set size:undefined disposed:false
421 silly fetch manifest http-cache-semantics@^4.1.1
422 silly packumentCache full:https://registry.npmjs.org/http-cache-semantics cache-miss
423 http fetch GET 200 https://registry.npmjs.org/http-cache-semantics 55ms (cache miss)
424 silly packumentCache full:https://registry.npmjs.org/http-cache-semantics set size:undefined disposed:false
425 silly fetch manifest keyv@^4.5.3
426 silly packumentCache full:https://registry.npmjs.org/keyv cache-miss
427 http fetch GET 200 https://registry.npmjs.org/keyv 204ms (cache revalidated)
428 silly packumentCache full:https://registry.npmjs.org/keyv set size:144432 disposed:false
429 silly fetch manifest mimic-response@^4.0.0
430 silly packumentCache full:https://registry.npmjs.org/mimic-response cache-miss
431 http fetch GET 200 https://registry.npmjs.org/mimic-response 47ms (cache miss)
432 silly packumentCache full:https://registry.npmjs.org/mimic-response set size:undefined disposed:false
433 silly fetch manifest normalize-url@^8.0.0
434 silly packumentCache full:https://registry.npmjs.org/normalize-url cache-miss
435 http fetch GET 200 https://registry.npmjs.org/normalize-url 55ms (cache miss)
436 silly packumentCache full:https://registry.npmjs.org/normalize-url set size:undefined disposed:false
437 silly fetch manifest mimic-response@^3.1.0
438 silly packumentCache full:https://registry.npmjs.org/mimic-response cache-miss
439 http fetch GET 200 https://registry.npmjs.org/mimic-response 5ms (cache hit)
440 silly packumentCache full:https://registry.npmjs.org/mimic-response set size:20174 disposed:false
441 silly fetch manifest quick-lru@^5.1.1
442 silly packumentCache full:https://registry.npmjs.org/quick-lru cache-miss
443 http fetch GET 200 https://registry.npmjs.org/quick-lru 41ms (cache miss)
444 silly packumentCache full:https://registry.npmjs.org/quick-lru set size:undefined disposed:false
445 silly fetch manifest resolve-alpn@^1.2.0
446 silly packumentCache full:https://registry.npmjs.org/resolve-alpn cache-miss
447 http fetch GET 200 https://registry.npmjs.org/resolve-alpn 55ms (cache miss)
448 silly packumentCache full:https://registry.npmjs.org/resolve-alpn set size:undefined disposed:false
449 silly placeDep ROOT defer-to-connect@2.0.1 OK for: @szmarczak/http-timer@5.0.1 want: ^2.0.1
450 silly placeDep ROOT @types/http-cache-semantics@4.0.4 OK for: cacheable-request@10.2.14 want: ^4.0.2
451 silly placeDep ROOT http-cache-semantics@4.1.1 OK for: cacheable-request@10.2.14 want: ^4.1.1
452 silly placeDep ROOT keyv@4.5.4 OK for: cacheable-request@10.2.14 want: ^4.5.3
453 silly placeDep ROOT mimic-response@4.0.0 OK for: cacheable-request@10.2.14 want: ^4.0.0
454 silly placeDep ROOT normalize-url@8.0.1 OK for: cacheable-request@10.2.14 want: ^8.0.0
455 silly fetch manifest json-buffer@3.0.1
456 silly packumentCache full:https://registry.npmjs.org/json-buffer cache-miss
457 http fetch GET 200 https://registry.npmjs.org/json-buffer 47ms (cache revalidated)
458 silly packumentCache full:https://registry.npmjs.org/json-buffer set size:23474 disposed:false
459 silly placeDep node_modules/decompress-response mimic-response@3.1.0 OK for: decompress-response@6.0.0 want: ^3.1.0
460 silly placeDep ROOT quick-lru@5.1.1 OK for: http2-wrapper@2.2.1 want: ^5.1.1
461 silly placeDep ROOT resolve-alpn@1.2.1 OK for: http2-wrapper@2.2.1 want: ^1.2.0
462 silly placeDep ROOT json-buffer@3.0.1 OK for: keyv@4.5.4 want: 3.0.1
463 silly placeDep ROOT string_decoder@1.3.0 OK for: readable-stream@3.6.2 want: ^1.1.1
464 silly placeDep ROOT util-deprecate@1.0.2 OK for: readable-stream@3.6.2 want: ^1.0.1
465 silly fetch manifest safe-buffer@~5.2.0
466 silly packumentCache full:https://registry.npmjs.org/safe-buffer cache-miss
467 http fetch GET 200 https://registry.npmjs.org/safe-buffer 39ms (cache miss)
468 silly packumentCache full:https://registry.npmjs.org/safe-buffer set size:undefined disposed:false
469 silly placeDep ROOT @pnpm/npm-conf@2.2.2 OK for: registry-auth-token@5.0.2 want: ^2.1.0
470 silly fetch manifest @pnpm/config.env-replace@^1.1.0
471 silly packumentCache full:https://registry.npmjs.org/@pnpm%2fconfig.env-replace cache-miss
472 http fetch GET 200 https://registry.npmjs.org/@pnpm%2fconfig.env-replace 84ms (cache miss)
473 silly packumentCache full:https://registry.npmjs.org/@pnpm%2fconfig.env-replace set size:undefined disposed:false
474 silly fetch manifest @pnpm/network.ca-file@^1.0.1
475 silly packumentCache full:https://registry.npmjs.org/@pnpm%2fnetwork.ca-file cache-miss
476 http fetch GET 200 https://registry.npmjs.org/@pnpm%2fnetwork.ca-file 114ms (cache miss)
477 silly packumentCache full:https://registry.npmjs.org/@pnpm%2fnetwork.ca-file set size:undefined disposed:false
478 silly fetch manifest config-chain@^1.1.11
479 silly packumentCache full:https://registry.npmjs.org/config-chain cache-miss
480 http fetch GET 200 https://registry.npmjs.org/config-chain 52ms (cache miss)
481 silly packumentCache full:https://registry.npmjs.org/config-chain set size:undefined disposed:false
482 silly placeDep ROOT @pnpm/config.env-replace@1.1.0 OK for: @pnpm/npm-conf@2.2.2 want: ^1.1.0
483 silly placeDep ROOT @pnpm/network.ca-file@1.0.2 OK for: @pnpm/npm-conf@2.2.2 want: ^1.0.1
484 silly placeDep ROOT config-chain@1.1.13 OK for: @pnpm/npm-conf@2.2.2 want: ^1.1.11
485 silly fetch manifest graceful-fs@4.2.10
486 silly packumentCache full:https://registry.npmjs.org/graceful-fs cache-miss
487 http fetch GET 200 https://registry.npmjs.org/graceful-fs 106ms (cache revalidated)
488 silly packumentCache full:https://registry.npmjs.org/graceful-fs set size:124285 disposed:false
489 silly fetch manifest proto-list@~1.2.1
490 silly packumentCache full:https://registry.npmjs.org/proto-list cache-miss
491 http fetch GET 200 https://registry.npmjs.org/proto-list 72ms (cache miss)
492 silly packumentCache full:https://registry.npmjs.org/proto-list set size:undefined disposed:false
493 silly fetch manifest ini@^1.3.4
494 silly packumentCache full:https://registry.npmjs.org/ini cache-miss
495 http fetch GET 200 https://registry.npmjs.org/ini 49ms (cache miss)
496 silly packumentCache full:https://registry.npmjs.org/ini set size:undefined disposed:false
497 silly placeDep ROOT graceful-fs@4.2.10 OK for: @pnpm/network.ca-file@1.0.2 want: 4.2.10
498 silly placeDep ROOT ini@1.3.8 OK for: config-chain@1.1.13 want: ^1.3.4
499 silly placeDep ROOT proto-list@1.2.4 OK for: config-chain@1.1.13 want: ~1.2.1
500 silly placeDep ROOT rc@1.2.8 OK for: registry-url@6.0.1 want: 1.2.8
501 silly fetch manifest deep-extend@^0.6.0
502 silly packumentCache full:https://registry.npmjs.org/deep-extend cache-miss
503 http fetch GET 200 https://registry.npmjs.org/deep-extend 49ms (cache miss)
504 silly packumentCache full:https://registry.npmjs.org/deep-extend set size:undefined disposed:false
505 silly fetch manifest minimist@^1.2.0
506 silly packumentCache full:https://registry.npmjs.org/minimist cache-miss
507 http fetch GET 200 https://registry.npmjs.org/minimist 36ms (cache revalidated)
508 silly packumentCache full:https://registry.npmjs.org/minimist set size:77097 disposed:false
509 silly fetch manifest strip-json-comments@~2.0.1
510 silly packumentCache full:https://registry.npmjs.org/strip-json-comments cache-miss
511 http fetch GET 200 https://registry.npmjs.org/strip-json-comments 47ms (cache revalidated)
512 silly packumentCache full:https://registry.npmjs.org/strip-json-comments set size:39591 disposed:false
513 silly placeDep ROOT deep-extend@0.6.0 OK for: rc@1.2.8 want: ^0.6.0
514 silly placeDep ROOT minimist@1.2.8 OK for: rc@1.2.8 want: ^1.2.0
515 silly placeDep ROOT strip-json-comments@2.0.1 OK for: rc@1.2.8 want: ~2.0.1
516 silly placeDep ROOT onetime@5.1.2 OK for: restore-cursor@3.1.0 want: ^5.1.0
517 silly placeDep ROOT signal-exit@3.0.7 OK for: restore-cursor@3.1.0 want: ^3.0.2
518 silly fetch manifest mimic-fn@^2.1.0
519 silly packumentCache full:https://registry.npmjs.org/mimic-fn cache-miss
520 http fetch GET 200 https://registry.npmjs.org/mimic-fn 38ms (cache revalidated)
521 silly packumentCache full:https://registry.npmjs.org/mimic-fn set size:22257 disposed:false
522 silly placeDep ROOT mimic-fn@2.1.0 OK for: onetime@5.1.2 want: ^2.1.0
523 silly placeDep ROOT tslib@2.6.3 OK for: rxjs@7.8.1 want: ^2.1.0
524 silly placeDep ROOT safe-buffer@5.2.1 OK for: string_decoder@1.3.0 want: ~5.2.0
525 silly placeDep ROOT emoji-regex@8.0.0 OK for: string-width@4.2.3 want: ^8.0.0
526 silly placeDep ROOT is-fullwidth-code-point@3.0.0 OK for: string-width@4.2.3 want: ^3.0.0
527 silly placeDep ROOT ansi-regex@5.0.1 OK for: strip-ansi@6.0.1 want: ^5.0.1
528 silly placeDep ROOT os-tmpdir@1.0.2 OK for: tmp@0.0.33 want: ~1.0.2
529 silly placeDep ROOT @ts-morph/common@0.20.0 OK for: ts-morph@19.0.0 want: ~0.20.0
530 silly placeDep ROOT code-block-writer@12.0.0 OK for: ts-morph@19.0.0 want: ^12.0.0
531 silly fetch manifest mkdirp@^2.1.6
532 silly packumentCache full:https://registry.npmjs.org/mkdirp cache-miss
533 http fetch GET 200 https://registry.npmjs.org/mkdirp 40ms (cache revalidated)
534 silly packumentCache full:https://registry.npmjs.org/mkdirp set size:116455 disposed:false
535 silly fetch manifest fast-glob@^3.2.12
536 silly packumentCache full:https://registry.npmjs.org/fast-glob cache-miss
537 http fetch GET 200 https://registry.npmjs.org/fast-glob 40ms (cache revalidated)
538 silly packumentCache full:https://registry.npmjs.org/fast-glob set size:314033 disposed:false
539 silly fetch manifest minimatch@^7.4.3
540 silly packumentCache full:https://registry.npmjs.org/minimatch cache-miss
541 http fetch GET 200 https://registry.npmjs.org/minimatch 44ms (cache revalidated)
542 silly packumentCache full:https://registry.npmjs.org/minimatch set size:398328 disposed:false
543 silly fetch manifest path-browserify@^1.0.1
544 silly packumentCache full:https://registry.npmjs.org/path-browserify cache-miss
545 http fetch GET 200 https://registry.npmjs.org/path-browserify 48ms (cache miss)
546 silly packumentCache full:https://registry.npmjs.org/path-browserify set size:undefined disposed:false
547 silly placeDep ROOT fast-glob@3.3.2 OK for: @ts-morph/common@0.20.0 want: ^3.2.12
548 silly placeDep ROOT minimatch@7.4.6 OK for: @ts-morph/common@0.20.0 want: ^7.4.3
549 silly placeDep ROOT mkdirp@2.1.6 OK for: @ts-morph/common@0.20.0 want: ^2.1.6
550 silly placeDep ROOT path-browserify@1.0.1 OK for: @ts-morph/common@0.20.0 want: ^1.0.1
551 silly fetch manifest @nodelib/fs.stat@^2.0.2
552 silly packumentCache full:https://registry.npmjs.org/@nodelib%2ffs.stat cache-miss
553 http fetch GET 200 https://registry.npmjs.org/@nodelib%2ffs.stat 76ms (cache revalidated)
554 silly packumentCache full:https://registry.npmjs.org/@nodelib%2ffs.stat set size:38550 disposed:false
555 silly fetch manifest @nodelib/fs.walk@^1.2.3
556 silly packumentCache full:https://registry.npmjs.org/@nodelib%2ffs.walk cache-miss
557 http fetch GET 200 https://registry.npmjs.org/@nodelib%2ffs.walk 100ms (cache revalidated)
558 silly packumentCache full:https://registry.npmjs.org/@nodelib%2ffs.walk set size:43590 disposed:false
559 silly fetch manifest glob-parent@^5.1.2
560 silly packumentCache full:https://registry.npmjs.org/glob-parent cache-miss
561 http fetch GET 200 https://registry.npmjs.org/glob-parent 43ms (cache revalidated)
562 silly packumentCache full:https://registry.npmjs.org/glob-parent set size:42445 disposed:false
563 silly fetch manifest merge2@^1.3.0
564 silly packumentCache full:https://registry.npmjs.org/merge2 cache-miss
565 http fetch GET 200 https://registry.npmjs.org/merge2 50ms (cache revalidated)
566 silly packumentCache full:https://registry.npmjs.org/merge2 set size:46159 disposed:false
567 silly fetch manifest micromatch@^4.0.4
568 silly packumentCache full:https://registry.npmjs.org/micromatch cache-miss
569 http fetch GET 200 https://registry.npmjs.org/micromatch 42ms (cache revalidated)
570 silly packumentCache full:https://registry.npmjs.org/micromatch set size:237232 disposed:false
571 silly fetch manifest brace-expansion@^2.0.1
572 silly packumentCache full:https://registry.npmjs.org/brace-expansion cache-miss
573 http fetch GET 200 https://registry.npmjs.org/brace-expansion 54ms (cache revalidated)
574 silly packumentCache full:https://registry.npmjs.org/brace-expansion set size:42345 disposed:false
575 silly placeDep ROOT @nodelib/fs.stat@2.0.5 OK for: fast-glob@3.3.2 want: ^2.0.2
576 silly placeDep ROOT @nodelib/fs.walk@1.2.8 OK for: fast-glob@3.3.2 want: ^1.2.3
577 silly placeDep ROOT glob-parent@5.1.2 OK for: fast-glob@3.3.2 want: ^5.1.2
578 silly placeDep ROOT merge2@1.4.1 OK for: fast-glob@3.3.2 want: ^1.3.0
579 silly placeDep ROOT micromatch@4.0.7 OK for: fast-glob@3.3.2 want: ^4.0.4
580 silly fetch manifest @nodelib/fs.scandir@2.1.5
581 silly packumentCache full:https://registry.npmjs.org/@nodelib%2ffs.scandir cache-miss
582 http fetch GET 200 https://registry.npmjs.org/@nodelib%2ffs.scandir 76ms (cache revalidated)
583 silly packumentCache full:https://registry.npmjs.org/@nodelib%2ffs.scandir set size:49431 disposed:false
584 silly fetch manifest fastq@^1.6.0
585 silly packumentCache full:https://registry.npmjs.org/fastq cache-miss
586 http fetch GET 200 https://registry.npmjs.org/fastq 41ms (cache revalidated)
587 silly packumentCache full:https://registry.npmjs.org/fastq set size:67370 disposed:false
588 silly fetch manifest is-glob@^4.0.1
589 silly packumentCache full:https://registry.npmjs.org/is-glob cache-miss
590 http fetch GET 200 https://registry.npmjs.org/is-glob 39ms (cache revalidated)
591 silly packumentCache full:https://registry.npmjs.org/is-glob set size:40530 disposed:false
592 silly fetch manifest braces@^3.0.3
593 silly packumentCache full:https://registry.npmjs.org/braces cache-miss
594 http fetch GET 200 https://registry.npmjs.org/braces 55ms (cache revalidated)
595 silly packumentCache full:https://registry.npmjs.org/braces set size:114633 disposed:false
596 silly fetch manifest picomatch@^2.3.1
597 silly packumentCache full:https://registry.npmjs.org/picomatch cache-miss
598 http fetch GET 200 https://registry.npmjs.org/picomatch 47ms (cache revalidated)
599 silly packumentCache full:https://registry.npmjs.org/picomatch set size:116241 disposed:false
600 silly placeDep ROOT @nodelib/fs.scandir@2.1.5 OK for: @nodelib/fs.walk@1.2.8 want: 2.1.5
601 silly placeDep ROOT fastq@1.17.1 OK for: @nodelib/fs.walk@1.2.8 want: ^1.6.0
602 silly fetch manifest run-parallel@^1.1.9
603 silly packumentCache full:https://registry.npmjs.org/run-parallel cache-miss
604 http fetch GET 200 https://registry.npmjs.org/run-parallel 77ms (cache revalidated)
605 silly packumentCache full:https://registry.npmjs.org/run-parallel set size:35190 disposed:false
606 silly fetch manifest reusify@^1.0.4
607 silly packumentCache full:https://registry.npmjs.org/reusify cache-miss
608 http fetch GET 200 https://registry.npmjs.org/reusify 41ms (cache revalidated)
609 silly packumentCache full:https://registry.npmjs.org/reusify set size:12832 disposed:false
610 silly placeDep ROOT run-parallel@1.2.0 OK for: @nodelib/fs.scandir@2.1.5 want: ^1.1.9
611 silly fetch manifest queue-microtask@^1.2.2
612 silly packumentCache full:https://registry.npmjs.org/queue-microtask cache-miss
613 http fetch GET 200 https://registry.npmjs.org/queue-microtask 58ms (cache revalidated)
614 silly packumentCache full:https://registry.npmjs.org/queue-microtask set size:36088 disposed:false
615 silly placeDep ROOT reusify@1.0.4 OK for: fastq@1.17.1 want: ^1.0.4
616 silly placeDep ROOT is-glob@4.0.3 OK for: glob-parent@5.1.2 want: ^4.0.1
617 silly fetch manifest is-extglob@^2.1.1
618 silly packumentCache full:https://registry.npmjs.org/is-extglob cache-miss
619 http fetch GET 200 https://registry.npmjs.org/is-extglob 49ms (cache revalidated)
620 silly packumentCache full:https://registry.npmjs.org/is-extglob set size:11766 disposed:false
621 silly placeDep ROOT is-extglob@2.1.1 OK for: is-glob@4.0.3 want: ^2.1.1
622 silly placeDep ROOT braces@3.0.3 OK for: micromatch@4.0.7 want: ^3.0.3
623 silly placeDep ROOT picomatch@2.3.1 OK for: micromatch@4.0.7 want: ^2.3.1
624 silly fetch manifest fill-range@^7.1.1
625 silly packumentCache full:https://registry.npmjs.org/fill-range cache-miss
626 http fetch GET 200 https://registry.npmjs.org/fill-range 69ms (cache revalidated)
627 silly packumentCache full:https://registry.npmjs.org/fill-range set size:90212 disposed:false
628 silly placeDep ROOT fill-range@7.1.1 OK for: braces@3.0.3 want: ^7.1.1
629 silly fetch manifest to-regex-range@^5.0.1
630 silly packumentCache full:https://registry.npmjs.org/to-regex-range cache-miss
631 http fetch GET 200 https://registry.npmjs.org/to-regex-range 63ms (cache revalidated)
632 silly packumentCache full:https://registry.npmjs.org/to-regex-range set size:61569 disposed:false
633 silly placeDep ROOT to-regex-range@5.0.1 OK for: fill-range@7.1.1 want: ^5.0.1
634 silly fetch manifest is-number@^7.0.0
635 silly packumentCache full:https://registry.npmjs.org/is-number cache-miss
636 http fetch GET 200 https://registry.npmjs.org/is-number 36ms (cache revalidated)
637 silly packumentCache full:https://registry.npmjs.org/is-number set size:36183 disposed:false
638 silly placeDep ROOT brace-expansion@2.0.1 OK for: minimatch@7.4.6 want: ^2.0.1
639 silly fetch manifest balanced-match@^1.0.0
640 silly packumentCache full:https://registry.npmjs.org/balanced-match cache-miss
641 http fetch GET 200 https://registry.npmjs.org/balanced-match 38ms (cache revalidated)
642 silly packumentCache full:https://registry.npmjs.org/balanced-match set size:33860 disposed:false
643 silly placeDep ROOT balanced-match@1.0.2 OK for: brace-expansion@2.0.1 want: ^1.0.0
644 silly placeDep ROOT queue-microtask@1.2.3 OK for: run-parallel@1.2.0 want: ^1.2.2
645 silly placeDep ROOT is-number@7.0.0 OK for: to-regex-range@5.0.1 want: ^7.0.0
646 silly placeDep ROOT defaults@1.0.4 OK for: wcwidth@1.0.1 want: ^1.0.3
647 silly fetch manifest clone@^1.0.2
648 silly packumentCache full:https://registry.npmjs.org/clone cache-miss
649 http fetch GET 200 https://registry.npmjs.org/clone 50ms (cache miss)
650 silly packumentCache full:https://registry.npmjs.org/clone set size:undefined disposed:false
651 silly placeDep ROOT clone@1.0.4 OK for: defaults@1.0.4 want: ^1.0.2
652 silly placeDep ROOT ansi-styles@4.3.0 OK for: wrap-ansi@6.2.0 want: ^4.0.0
653 silly fetch manifest color-convert@^2.0.1
654 silly packumentCache full:https://registry.npmjs.org/color-convert cache-miss
655 http fetch GET 200 https://registry.npmjs.org/color-convert 63ms (cache revalidated)
656 silly packumentCache full:https://registry.npmjs.org/color-convert set size:61781 disposed:false
657 silly placeDep ROOT color-convert@2.0.1 OK for: ansi-styles@4.3.0 want: ^2.0.1
658 silly fetch manifest color-name@~1.1.4
659 silly packumentCache full:https://registry.npmjs.org/color-name cache-miss
660 http fetch GET 200 https://registry.npmjs.org/color-name 53ms (cache revalidated)
661 silly packumentCache full:https://registry.npmjs.org/color-name set size:16325 disposed:false
662 silly placeDep ROOT color-name@1.1.4 OK for: color-convert@2.0.1 want: ~1.1.4
663 silly placeDep ROOT cliui@8.0.1 OK for: yargs@17.7.2 want: ^8.0.1
664 silly placeDep ROOT escalade@3.1.2 OK for: yargs@17.7.2 want: ^3.1.1
665 silly placeDep ROOT get-caller-file@2.0.5 OK for: yargs@17.7.2 want: ^2.0.5
666 silly placeDep ROOT require-directory@2.1.1 OK for: yargs@17.7.2 want: ^2.1.1
667 silly placeDep ROOT y18n@5.0.8 OK for: yargs@17.7.2 want: ^5.0.5
668 silly placeDep ROOT yargs-parser@21.1.1 OK for: yargs@17.7.2 want: ^21.1.1
669 silly fetch manifest wrap-ansi@^7.0.0
670 silly packumentCache full:https://registry.npmjs.org/wrap-ansi cache-miss
671 http fetch GET 200 https://registry.npmjs.org/wrap-ansi 5ms (cache hit)
672 silly packumentCache full:https://registry.npmjs.org/wrap-ansi set size:51143 disposed:false
673 silly placeDep node_modules/cliui wrap-ansi@7.0.0 OK for: cliui@8.0.1 want: ^7.0.0
674 silly placeDep ROOT supports-color@7.2.0 OK for: chalk@4.1.2 want: ^7.1.0
675 silly fetch manifest has-flag@^4.0.0
676 silly packumentCache full:https://registry.npmjs.org/has-flag cache-miss
677 http fetch GET 200 https://registry.npmjs.org/has-flag 49ms (cache revalidated)
678 silly packumentCache full:https://registry.npmjs.org/has-flag set size:15180 disposed:false
679 silly placeDep ROOT has-flag@4.0.0 OK for: supports-color@7.2.0 want: ^4.0.0
680 silly reify moves {}
681 silly audit bulk request {
681 silly audit   'create-vitest': [ '1.1.0' ],
681 silly audit   '@types/inquirer': [ '9.0.7' ],
681 silly audit   '@types/yargs': [ '17.0.32' ],
681 silly audit   chalk: [ '5.3.0', '4.1.2' ],
681 silly audit   inquirer: [ '9.3.6' ],
681 silly audit   'latest-version': [ '7.0.0' ],
681 silly audit   prettier: [ '3.3.3' ],
681 silly audit   'ts-morph': [ '19.0.0' ],
681 silly audit   yargs: [ '17.7.2' ],
681 silly audit   '@types/through': [ '0.0.33' ],
681 silly audit   rxjs: [ '7.8.1' ],
681 silly audit   '@types/node': [ '22.0.0' ],
681 silly audit   'undici-types': [ '6.11.1' ],
681 silly audit   '@types/yargs-parser': [ '21.0.3' ],
681 silly audit   '@inquirer/figures': [ '1.0.5' ],
681 silly audit   'ansi-escapes': [ '4.3.2' ],
681 silly audit   'cli-width': [ '4.1.0' ],
681 silly audit   'external-editor': [ '3.1.0' ],
681 silly audit   'mute-stream': [ '1.0.0' ],
681 silly audit   ora: [ '5.4.1' ],
681 silly audit   'run-async': [ '3.0.0' ],
681 silly audit   'string-width': [ '4.2.3' ],
681 silly audit   'strip-ansi': [ '6.0.1' ],
681 silly audit   'wrap-ansi': [ '6.2.0', '7.0.0' ],
681 silly audit   'yoctocolors-cjs': [ '2.1.2' ],
681 silly audit   'type-fest': [ '0.21.3' ],
681 silly audit   chardet: [ '0.7.0' ],
681 silly audit   'iconv-lite': [ '0.4.24' ],
681 silly audit   tmp: [ '0.0.33' ],
681 silly audit   'safer-buffer': [ '2.1.2' ],
681 silly audit   'package-json': [ '8.1.1' ],
681 silly audit   bl: [ '4.1.0' ],
681 silly audit   'cli-cursor': [ '3.1.0' ],
681 silly audit   'cli-spinners': [ '2.9.2' ],
681 silly audit   'is-interactive': [ '1.0.0' ],
681 silly audit   'is-unicode-supported': [ '0.1.0' ],
681 silly audit   'log-symbols': [ '4.1.0' ],
681 silly audit   wcwidth: [ '1.0.1' ],
681 silly audit   buffer: [ '5.7.1' ],
681 silly audit   inherits: [ '2.0.4' ],
681 silly audit   'readable-stream': [ '3.6.2' ],
681 silly audit   'base64-js': [ '1.5.1' ],
681 silly audit   ieee754: [ '1.2.1' ],
681 silly audit   'restore-cursor': [ '3.1.0' ],
681 silly audit   got: [ '12.6.1' ],
681 silly audit   'registry-auth-token': [ '5.0.2' ],
681 silly audit   'registry-url': [ '6.0.1' ],
681 silly audit   semver: [ '7.6.3' ],
681 silly audit   '@sindresorhus/is': [ '5.6.0' ],
681 silly audit   '@szmarczak/http-timer': [ '5.0.1' ],
681 silly audit   'cacheable-lookup': [ '7.0.0' ],
681 silly audit   'cacheable-request': [ '10.2.14' ],
681 silly audit   'decompress-response': [ '6.0.0' ],
681 silly audit   'form-data-encoder': [ '2.1.4' ],
681 silly audit   'get-stream': [ '6.0.1' ],
681 silly audit   'http2-wrapper': [ '2.2.1' ],
681 silly audit   'lowercase-keys': [ '3.0.0' ],
681 silly audit   'p-cancelable': [ '3.0.0' ],
681 silly audit   responselike: [ '3.0.0' ],
681 silly audit   'defer-to-connect': [ '2.0.1' ],
681 silly audit   '@types/http-cache-semantics': [ '4.0.4' ],
681 silly audit   'http-cache-semantics': [ '4.1.1' ],
681 silly audit   keyv: [ '4.5.4' ],
681 silly audit   'mimic-response': [ '4.0.0', '3.1.0' ],
681 silly audit   'normalize-url': [ '8.0.1' ],
681 silly audit   'quick-lru': [ '5.1.1' ],
681 silly audit   'resolve-alpn': [ '1.2.1' ],
681 silly audit   'json-buffer': [ '3.0.1' ],
681 silly audit   string_decoder: [ '1.3.0' ],
681 silly audit   'util-deprecate': [ '1.0.2' ],
681 silly audit   '@pnpm/npm-conf': [ '2.2.2' ],
681 silly audit   '@pnpm/config.env-replace': [ '1.1.0' ],
681 silly audit   '@pnpm/network.ca-file': [ '1.0.2' ],
681 silly audit   'config-chain': [ '1.1.13' ],
681 silly audit   'graceful-fs': [ '4.2.10' ],
681 silly audit   ini: [ '1.3.8' ],
681 silly audit   'proto-list': [ '1.2.4' ],
681 silly audit   rc: [ '1.2.8' ],
681 silly audit   'deep-extend': [ '0.6.0' ],
681 silly audit   minimist: [ '1.2.8' ],
681 silly audit   'strip-json-comments': [ '2.0.1' ],
681 silly audit   onetime: [ '5.1.2' ],
681 silly audit   'signal-exit': [ '3.0.7' ],
681 silly audit   'mimic-fn': [ '2.1.0' ],
681 silly audit   tslib: [ '2.6.3' ],
681 silly audit   'safe-buffer': [ '5.2.1' ],
681 silly audit   'emoji-regex': [ '8.0.0' ],
681 silly audit   'is-fullwidth-code-point': [ '3.0.0' ],
681 silly audit   'ansi-regex': [ '5.0.1' ],
681 silly audit   'os-tmpdir': [ '1.0.2' ],
681 silly audit   '@ts-morph/common': [ '0.20.0' ],
681 silly audit   'code-block-writer': [ '12.0.0' ],
681 silly audit   'fast-glob': [ '3.3.2' ],
681 silly audit   minimatch: [ '7.4.6' ],
681 silly audit   mkdirp: [ '2.1.6' ],
681 silly audit   'path-browserify': [ '1.0.1' ],
681 silly audit   '@nodelib/fs.stat': [ '2.0.5' ],
681 silly audit   '@nodelib/fs.walk': [ '1.2.8' ],
681 silly audit   'glob-parent': [ '5.1.2' ],
681 silly audit   merge2: [ '1.4.1' ],
681 silly audit   micromatch: [ '4.0.7' ],
681 silly audit   '@nodelib/fs.scandir': [ '2.1.5' ],
681 silly audit   fastq: [ '1.17.1' ],
681 silly audit   'run-parallel': [ '1.2.0' ],
681 silly audit   reusify: [ '1.0.4' ],
681 silly audit   'is-glob': [ '4.0.3' ],
681 silly audit   'is-extglob': [ '2.1.1' ],
681 silly audit   braces: [ '3.0.3' ],
681 silly audit   picomatch: [ '2.3.1' ],
681 silly audit   'fill-range': [ '7.1.1' ],
681 silly audit   'to-regex-range': [ '5.0.1' ],
681 silly audit   'brace-expansion': [ '2.0.1' ],
681 silly audit   'balanced-match': [ '1.0.2' ],
681 silly audit   'queue-microtask': [ '1.2.3' ],
681 silly audit   'is-number': [ '7.0.0' ],
681 silly audit   defaults: [ '1.0.4' ],
681 silly audit   clone: [ '1.0.4' ],
681 silly audit   'ansi-styles': [ '4.3.0' ],
681 silly audit   'color-convert': [ '2.0.1' ],
681 silly audit   'color-name': [ '1.1.4' ],
681 silly audit   cliui: [ '8.0.1' ],
681 silly audit   escalade: [ '3.1.2' ],
681 silly audit   'get-caller-file': [ '2.0.5' ],
681 silly audit   'require-directory': [ '2.1.1' ],
681 silly audit   y18n: [ '5.0.8' ],
681 silly audit   'yargs-parser': [ '21.1.1' ],
681 silly audit   'supports-color': [ '7.2.0' ],
681 silly audit   'has-flag': [ '4.0.0' ]
681 silly audit }
682 silly tarball no local data for clone@https://registry.npmjs.org/clone/-/clone-1.0.4.tgz. Extracting by manifest.
683 silly tarball no local data for defaults@https://registry.npmjs.org/defaults/-/defaults-1.0.4.tgz. Extracting by manifest.
684 silly tarball no local data for path-browserify@https://registry.npmjs.org/path-browserify/-/path-browserify-1.0.1.tgz. Extracting by manifest.
685 silly tarball no local data for mkdirp@https://registry.npmjs.org/mkdirp/-/mkdirp-2.1.6.tgz. Extracting by manifest.
686 silly tarball no local data for minimatch@https://registry.npmjs.org/minimatch/-/minimatch-7.4.6.tgz. Extracting by manifest.
687 silly tarball no local data for code-block-writer@https://registry.npmjs.org/code-block-writer/-/code-block-writer-12.0.0.tgz. Extracting by manifest.
688 silly tarball no local data for @ts-morph/common@https://registry.npmjs.org/@ts-morph/common/-/common-0.20.0.tgz. Extracting by manifest.
689 silly tarball no local data for tslib@https://registry.npmjs.org/tslib/-/tslib-2.6.3.tgz. Extracting by manifest.
690 silly tarball no local data for mimic-fn@https://registry.npmjs.org/mimic-fn/-/mimic-fn-2.1.0.tgz. Extracting by manifest.
691 silly tarball no local data for onetime@https://registry.npmjs.org/onetime/-/onetime-5.1.2.tgz. Extracting by manifest.
692 silly tarball no local data for strip-json-comments@https://registry.npmjs.org/strip-json-comments/-/strip-json-comments-2.0.1.tgz. Extracting by manifest.
693 silly tarball no local data for deep-extend@https://registry.npmjs.org/deep-extend/-/deep-extend-0.6.0.tgz. Extracting by manifest.
694 silly tarball no local data for rc@https://registry.npmjs.org/rc/-/rc-1.2.8.tgz. Extracting by manifest.
695 silly tarball no local data for proto-list@https://registry.npmjs.org/proto-list/-/proto-list-1.2.4.tgz. Extracting by manifest.
696 silly tarball no local data for ini@https://registry.npmjs.org/ini/-/ini-1.3.8.tgz. Extracting by manifest.
697 silly tarball no local data for graceful-fs@https://registry.npmjs.org/graceful-fs/-/graceful-fs-4.2.10.tgz. Extracting by manifest.
698 silly tarball no local data for config-chain@https://registry.npmjs.org/config-chain/-/config-chain-1.1.13.tgz. Extracting by manifest.
699 silly tarball no local data for @pnpm/network.ca-file@https://registry.npmjs.org/@pnpm/network.ca-file/-/network.ca-file-1.0.2.tgz. Extracting by manifest.
700 silly tarball no local data for @pnpm/config.env-replace@https://registry.npmjs.org/@pnpm/config.env-replace/-/config.env-replace-1.1.0.tgz. Extracting by manifest.
701 silly tarball no local data for @pnpm/npm-conf@https://registry.npmjs.org/@pnpm/npm-conf/-/npm-conf-2.2.2.tgz. Extracting by manifest.
702 silly tarball no local data for util-deprecate@https://registry.npmjs.org/util-deprecate/-/util-deprecate-1.0.2.tgz. Extracting by manifest.
703 silly tarball no local data for string_decoder@https://registry.npmjs.org/string_decoder/-/string_decoder-1.3.0.tgz. Extracting by manifest.
704 silly tarball no local data for resolve-alpn@https://registry.npmjs.org/resolve-alpn/-/resolve-alpn-1.2.1.tgz. Extracting by manifest.
705 silly tarball no local data for quick-lru@https://registry.npmjs.org/quick-lru/-/quick-lru-5.1.1.tgz. Extracting by manifest.
706 silly tarball no local data for normalize-url@https://registry.npmjs.org/normalize-url/-/normalize-url-8.0.1.tgz. Extracting by manifest.
707 silly tarball no local data for mimic-response@https://registry.npmjs.org/mimic-response/-/mimic-response-4.0.0.tgz. Extracting by manifest.
708 silly tarball no local data for http-cache-semantics@https://registry.npmjs.org/http-cache-semantics/-/http-cache-semantics-4.1.1.tgz. Extracting by manifest.
709 silly tarball no local data for @types/http-cache-semantics@https://registry.npmjs.org/@types/http-cache-semantics/-/http-cache-semantics-4.0.4.tgz. Extracting by manifest.
710 silly tarball no local data for defer-to-connect@https://registry.npmjs.org/defer-to-connect/-/defer-to-connect-2.0.1.tgz. Extracting by manifest.
711 silly tarball no local data for responselike@https://registry.npmjs.org/responselike/-/responselike-3.0.0.tgz. Extracting by manifest.
712 silly tarball no local data for p-cancelable@https://registry.npmjs.org/p-cancelable/-/p-cancelable-3.0.0.tgz. Extracting by manifest.
713 silly tarball no local data for lowercase-keys@https://registry.npmjs.org/lowercase-keys/-/lowercase-keys-3.0.0.tgz. Extracting by manifest.
714 silly tarball no local data for http2-wrapper@https://registry.npmjs.org/http2-wrapper/-/http2-wrapper-2.2.1.tgz. Extracting by manifest.
715 silly tarball no local data for get-stream@https://registry.npmjs.org/get-stream/-/get-stream-6.0.1.tgz. Extracting by manifest.
716 silly tarball no local data for form-data-encoder@https://registry.npmjs.org/form-data-encoder/-/form-data-encoder-2.1.4.tgz. Extracting by manifest.
717 silly tarball no local data for decompress-response@https://registry.npmjs.org/decompress-response/-/decompress-response-6.0.0.tgz. Extracting by manifest.
718 silly tarball no local data for cacheable-request@https://registry.npmjs.org/cacheable-request/-/cacheable-request-10.2.14.tgz. Extracting by manifest.
719 silly tarball no local data for cacheable-lookup@https://registry.npmjs.org/cacheable-lookup/-/cacheable-lookup-7.0.0.tgz. Extracting by manifest.
720 silly tarball no local data for @szmarczak/http-timer@https://registry.npmjs.org/@szmarczak/http-timer/-/http-timer-5.0.1.tgz. Extracting by manifest.
721 silly tarball no local data for @sindresorhus/is@https://registry.npmjs.org/@sindresorhus/is/-/is-5.6.0.tgz. Extracting by manifest.
722 silly tarball no local data for registry-url@https://registry.npmjs.org/registry-url/-/registry-url-6.0.1.tgz. Extracting by manifest.
723 silly tarball no local data for registry-auth-token@https://registry.npmjs.org/registry-auth-token/-/registry-auth-token-5.0.2.tgz. Extracting by manifest.
724 silly tarball no local data for got@https://registry.npmjs.org/got/-/got-12.6.1.tgz. Extracting by manifest.
725 silly tarball no local data for restore-cursor@https://registry.npmjs.org/restore-cursor/-/restore-cursor-3.1.0.tgz. Extracting by manifest.
726 silly tarball no local data for ieee754@https://registry.npmjs.org/ieee754/-/ieee754-1.2.1.tgz. Extracting by manifest.
727 silly tarball no local data for base64-js@https://registry.npmjs.org/base64-js/-/base64-js-1.5.1.tgz. Extracting by manifest.
728 silly tarball no local data for readable-stream@https://registry.npmjs.org/readable-stream/-/readable-stream-3.6.2.tgz. Extracting by manifest.
729 silly tarball no local data for buffer@https://registry.npmjs.org/buffer/-/buffer-5.7.1.tgz. Extracting by manifest.
730 silly tarball no local data for wcwidth@https://registry.npmjs.org/wcwidth/-/wcwidth-1.0.1.tgz. Extracting by manifest.
731 silly tarball no local data for log-symbols@https://registry.npmjs.org/log-symbols/-/log-symbols-4.1.0.tgz. Extracting by manifest.
732 silly tarball no local data for is-unicode-supported@https://registry.npmjs.org/is-unicode-supported/-/is-unicode-supported-0.1.0.tgz. Extracting by manifest.
733 silly tarball no local data for is-interactive@https://registry.npmjs.org/is-interactive/-/is-interactive-1.0.0.tgz. Extracting by manifest.
734 silly tarball no local data for cli-spinners@https://registry.npmjs.org/cli-spinners/-/cli-spinners-2.9.2.tgz. Extracting by manifest.
735 silly tarball no local data for cli-cursor@https://registry.npmjs.org/cli-cursor/-/cli-cursor-3.1.0.tgz. Extracting by manifest.
736 silly tarball no local data for bl@https://registry.npmjs.org/bl/-/bl-4.1.0.tgz. Extracting by manifest.
737 silly tarball no local data for package-json@https://registry.npmjs.org/package-json/-/package-json-8.1.1.tgz. Extracting by manifest.
738 silly tarball no local data for type-fest@https://registry.npmjs.org/type-fest/-/type-fest-0.21.3.tgz. Extracting by manifest.
739 silly tarball no local data for yoctocolors-cjs@https://registry.npmjs.org/yoctocolors-cjs/-/yoctocolors-cjs-2.1.2.tgz. Extracting by manifest.
740 silly tarball no local data for wrap-ansi@https://registry.npmjs.org/wrap-ansi/-/wrap-ansi-6.2.0.tgz. Extracting by manifest.
741 silly tarball no local data for run-async@https://registry.npmjs.org/run-async/-/run-async-3.0.0.tgz. Extracting by manifest.
742 silly tarball no local data for ora@https://registry.npmjs.org/ora/-/ora-5.4.1.tgz. Extracting by manifest.
743 silly tarball no local data for mute-stream@https://registry.npmjs.org/mute-stream/-/mute-stream-1.0.0.tgz. Extracting by manifest.
744 silly tarball no local data for cli-width@https://registry.npmjs.org/cli-width/-/cli-width-4.1.0.tgz. Extracting by manifest.
745 silly tarball no local data for ansi-escapes@https://registry.npmjs.org/ansi-escapes/-/ansi-escapes-4.3.2.tgz. Extracting by manifest.
746 silly tarball no local data for @inquirer/figures@https://registry.npmjs.org/@inquirer/figures/-/figures-1.0.5.tgz. Extracting by manifest.
747 silly tarball no local data for @types/yargs-parser@https://registry.npmjs.org/@types/yargs-parser/-/yargs-parser-21.0.3.tgz. Extracting by manifest.
748 silly tarball no local data for undici-types@https://registry.npmjs.org/undici-types/-/undici-types-6.11.1.tgz. Extracting by manifest.
749 silly tarball no local data for @types/node@https://registry.npmjs.org/@types/node/-/node-22.0.0.tgz. Extracting by manifest.
750 silly tarball no local data for @types/through@https://registry.npmjs.org/@types/through/-/through-0.0.33.tgz. Extracting by manifest.
751 silly tarball no local data for ts-morph@https://registry.npmjs.org/ts-morph/-/ts-morph-19.0.0.tgz. Extracting by manifest.
752 silly tarball no local data for prettier@https://registry.npmjs.org/prettier/-/prettier-3.3.3.tgz. Extracting by manifest.
753 silly tarball no local data for latest-version@https://registry.npmjs.org/latest-version/-/latest-version-7.0.0.tgz. Extracting by manifest.
754 silly tarball no local data for inquirer@https://registry.npmjs.org/inquirer/-/inquirer-9.3.6.tgz. Extracting by manifest.
755 silly tarball no local data for chalk@https://registry.npmjs.org/chalk/-/chalk-5.3.0.tgz. Extracting by manifest.
756 silly tarball no local data for @types/yargs@https://registry.npmjs.org/@types/yargs/-/yargs-17.0.32.tgz. Extracting by manifest.
757 silly tarball no local data for @types/inquirer@https://registry.npmjs.org/@types/inquirer/-/inquirer-9.0.7.tgz. Extracting by manifest.
758 silly tarball no local data for create-vitest@https://registry.npmjs.org/create-vitest/-/create-vitest-1.1.0.tgz. Extracting by manifest.
759 silly tarball no local data for mimic-response@https://registry.npmjs.org/mimic-response/-/mimic-response-3.1.0.tgz. Extracting by manifest.
760 http fetch POST 200 https://registry.npmjs.org/-/npm/v1/security/advisories/bulk 648ms
761 silly audit report {}
762 http fetch GET 200 https://registry.npmjs.org/ini/-/ini-1.3.8.tgz 1426ms (cache miss)
763 http fetch GET 200 https://registry.npmjs.org/graceful-fs/-/graceful-fs-4.2.10.tgz 1489ms (cache miss)
764 http fetch GET 200 https://registry.npmjs.org/defaults/-/defaults-1.0.4.tgz 1539ms (cache miss)
765 http fetch GET 200 https://registry.npmjs.org/strip-json-comments/-/strip-json-comments-2.0.1.tgz 1563ms (cache miss)
766 http fetch GET 200 https://registry.npmjs.org/mimic-fn/-/mimic-fn-2.1.0.tgz 1567ms (cache miss)
767 http fetch GET 200 https://registry.npmjs.org/proto-list/-/proto-list-1.2.4.tgz 1560ms (cache miss)
768 http fetch GET 200 https://registry.npmjs.org/util-deprecate/-/util-deprecate-1.0.2.tgz 1542ms (cache miss)
769 http fetch GET 200 https://registry.npmjs.org/onetime/-/onetime-5.1.2.tgz 1598ms (cache miss)
770 http fetch GET 200 https://registry.npmjs.org/deep-extend/-/deep-extend-0.6.0.tgz 1595ms (cache miss)
771 http fetch GET 200 https://registry.npmjs.org/@pnpm/npm-conf/-/npm-conf-2.2.2.tgz 1578ms (cache miss)
772 http fetch GET 200 https://registry.npmjs.org/clone/-/clone-1.0.4.tgz 1636ms (cache miss)
773 http fetch GET 200 https://registry.npmjs.org/resolve-alpn/-/resolve-alpn-1.2.1.tgz 1592ms (cache miss)
774 http fetch GET 200 https://registry.npmjs.org/responselike/-/responselike-3.0.0.tgz 1574ms (cache miss)
775 http fetch GET 200 https://registry.npmjs.org/quick-lru/-/quick-lru-5.1.1.tgz 1619ms (cache miss)
776 http fetch GET 200 https://registry.npmjs.org/mimic-response/-/mimic-response-4.0.0.tgz 1608ms (cache miss)
777 http fetch GET 200 https://registry.npmjs.org/defer-to-connect/-/defer-to-connect-2.0.1.tgz 1604ms (cache miss)
778 http fetch GET 200 https://registry.npmjs.org/lowercase-keys/-/lowercase-keys-3.0.0.tgz 1600ms (cache miss)
779 http fetch GET 200 https://registry.npmjs.org/string_decoder/-/string_decoder-1.3.0.tgz 1642ms (cache miss)
780 http fetch GET 200 https://registry.npmjs.org/config-chain/-/config-chain-1.1.13.tgz 1649ms (cache miss)
781 http fetch GET 200 https://registry.npmjs.org/@types/http-cache-semantics/-/http-cache-semantics-4.0.4.tgz 1624ms (cache miss)
782 http fetch GET 200 https://registry.npmjs.org/registry-url/-/registry-url-6.0.1.tgz 1607ms (cache miss)
783 http fetch GET 200 https://registry.npmjs.org/restore-cursor/-/restore-cursor-3.1.0.tgz 1605ms (cache miss)
784 http fetch GET 200 https://registry.npmjs.org/@sindresorhus/is/-/is-5.6.0.tgz 1612ms (cache miss)
785 http fetch GET 200 https://registry.npmjs.org/p-cancelable/-/p-cancelable-3.0.0.tgz 1637ms (cache miss)
786 http fetch GET 200 https://registry.npmjs.org/get-stream/-/get-stream-6.0.1.tgz 1634ms (cache miss)
787 http fetch GET 200 https://registry.npmjs.org/decompress-response/-/decompress-response-6.0.0.tgz 1632ms (cache miss)
788 http fetch GET 200 https://registry.npmjs.org/normalize-url/-/normalize-url-8.0.1.tgz 1668ms (cache miss)
789 http fetch GET 200 https://registry.npmjs.org/@szmarczak/http-timer/-/http-timer-5.0.1.tgz 1642ms (cache miss)
790 http fetch GET 200 https://registry.npmjs.org/package-json/-/package-json-8.1.1.tgz 1605ms (cache miss)
791 http fetch GET 200 https://registry.npmjs.org/ieee754/-/ieee754-1.2.1.tgz 1635ms (cache miss)
792 http fetch GET 200 https://registry.npmjs.org/log-symbols/-/log-symbols-4.1.0.tgz 1614ms (cache miss)
793 http fetch GET 200 https://registry.npmjs.org/is-unicode-supported/-/is-unicode-supported-0.1.0.tgz 1613ms (cache miss)
794 http fetch GET 200 https://registry.npmjs.org/cli-cursor/-/cli-cursor-3.1.0.tgz 1609ms (cache miss)
795 http fetch GET 200 https://registry.npmjs.org/cli-width/-/cli-width-4.1.0.tgz 1600ms (cache miss)
796 http fetch GET 200 https://registry.npmjs.org/registry-auth-token/-/registry-auth-token-5.0.2.tgz 1663ms (cache miss)
797 http fetch GET 200 https://registry.npmjs.org/base64-js/-/base64-js-1.5.1.tgz 1659ms (cache miss)
798 http fetch GET 200 https://registry.npmjs.org/is-interactive/-/is-interactive-1.0.0.tgz 1639ms (cache miss)
799 http fetch GET 200 https://registry.npmjs.org/wrap-ansi/-/wrap-ansi-6.2.0.tgz 1631ms (cache miss)
800 http fetch GET 200 https://registry.npmjs.org/yoctocolors-cjs/-/yoctocolors-cjs-2.1.2.tgz 1633ms (cache miss)
801 http fetch GET 200 https://registry.npmjs.org/cacheable-lookup/-/cacheable-lookup-7.0.0.tgz 1692ms (cache miss)
802 http fetch GET 200 https://registry.npmjs.org/run-async/-/run-async-3.0.0.tgz 1648ms (cache miss)
803 http fetch GET 200 https://registry.npmjs.org/mute-stream/-/mute-stream-1.0.0.tgz 1647ms (cache miss)
804 http fetch GET 200 https://registry.npmjs.org/@types/through/-/through-0.0.33.tgz 1642ms (cache miss)
805 http fetch GET 200 https://registry.npmjs.org/latest-version/-/latest-version-7.0.0.tgz 1639ms (cache miss)
806 http fetch GET 200 https://registry.npmjs.org/http-cache-semantics/-/http-cache-semantics-4.1.1.tgz 1724ms (cache miss)
807 http fetch GET 200 https://registry.npmjs.org/@types/yargs-parser/-/yargs-parser-21.0.3.tgz 1668ms (cache miss)
808 http fetch GET 200 https://registry.npmjs.org/create-vitest/-/create-vitest-1.1.0.tgz 1647ms (cache miss)
809 http fetch GET 200 https://registry.npmjs.org/rc/-/rc-1.2.8.tgz 1787ms (cache miss)
810 http fetch GET 200 https://registry.npmjs.org/ora/-/ora-5.4.1.tgz 1689ms (cache miss)
811 http fetch GET 200 https://registry.npmjs.org/cli-spinners/-/cli-spinners-2.9.2.tgz 1714ms (cache miss)
812 http fetch GET 200 https://registry.npmjs.org/ansi-escapes/-/ansi-escapes-4.3.2.tgz 1703ms (cache miss)
813 http fetch GET 200 https://registry.npmjs.org/@types/yargs/-/yargs-17.0.32.tgz 1691ms (cache miss)
814 http fetch GET 200 https://registry.npmjs.org/mimic-response/-/mimic-response-3.1.0.tgz 1679ms (cache miss)
815 http fetch GET 200 https://registry.npmjs.org/wcwidth/-/wcwidth-1.0.1.tgz 1760ms (cache miss)
816 http fetch GET 200 https://registry.npmjs.org/@pnpm/network.ca-file/-/network.ca-file-1.0.2.tgz 1857ms (cache miss)
817 http fetch GET 200 https://registry.npmjs.org/@pnpm/config.env-replace/-/config.env-replace-1.1.0.tgz 1867ms (cache miss)
818 http fetch GET 200 https://registry.npmjs.org/path-browserify/-/path-browserify-1.0.1.tgz 1910ms (cache miss)
819 http fetch GET 200 https://registry.npmjs.org/cacheable-request/-/cacheable-request-10.2.14.tgz 1871ms (cache miss)
820 http fetch GET 200 https://registry.npmjs.org/@inquirer/figures/-/figures-1.0.5.tgz 1829ms (cache miss)
821 http fetch GET 200 https://registry.npmjs.org/tslib/-/tslib-2.6.3.tgz 1950ms (cache miss)
822 http fetch GET 200 https://registry.npmjs.org/bl/-/bl-4.1.0.tgz 1850ms (cache miss)
823 http fetch GET 200 https://registry.npmjs.org/buffer/-/buffer-5.7.1.tgz 1887ms (cache miss)
824 http fetch GET 200 https://registry.npmjs.org/form-data-encoder/-/form-data-encoder-2.1.4.tgz 2068ms (cache miss)
825 http fetch GET 200 https://registry.npmjs.org/chalk/-/chalk-5.3.0.tgz 2004ms (cache miss)
826 http fetch GET 200 https://registry.npmjs.org/@types/inquirer/-/inquirer-9.0.7.tgz 2036ms (cache miss)
827 http fetch GET 200 https://registry.npmjs.org/code-block-writer/-/code-block-writer-12.0.0.tgz 2183ms (cache miss)
828 http fetch GET 200 https://registry.npmjs.org/http2-wrapper/-/http2-wrapper-2.2.1.tgz 2122ms (cache miss)
829 http fetch GET 200 https://registry.npmjs.org/type-fest/-/type-fest-0.21.3.tgz 2117ms (cache miss)
830 http fetch GET 200 https://registry.npmjs.org/readable-stream/-/readable-stream-3.6.2.tgz 2154ms (cache miss)
831 http fetch GET 200 https://registry.npmjs.org/undici-types/-/undici-types-6.11.1.tgz 2133ms (cache miss)
832 http fetch GET 200 https://registry.npmjs.org/inquirer/-/inquirer-9.3.6.tgz 2171ms (cache miss)
833 http fetch GET 200 https://registry.npmjs.org/mkdirp/-/mkdirp-2.1.6.tgz 2311ms (cache miss)
834 http fetch GET 200 https://registry.npmjs.org/minimatch/-/minimatch-7.4.6.tgz 2363ms (cache miss)
835 http fetch GET 200 https://registry.npmjs.org/got/-/got-12.6.1.tgz 2301ms (cache miss)
836 http fetch GET 200 https://registry.npmjs.org/ts-morph/-/ts-morph-19.0.0.tgz 2301ms (cache miss)
837 http fetch GET 200 https://registry.npmjs.org/@types/node/-/node-22.0.0.tgz 2423ms (cache miss)
838 http fetch GET 200 https://registry.npmjs.org/prettier/-/prettier-3.3.3.tgz 2724ms (cache miss)
839 http fetch GET 200 https://registry.npmjs.org/@ts-morph/common/-/common-0.20.0.tgz 2918ms (cache miss)
840 verbose stack Error: command failed
840 verbose stack     at promiseSpawn (/usr/local/lib/node_modules/npm/node_modules/@npmcli/promise-spawn/lib/index.js:22:22)
840 verbose stack     at spawnWithShell (/usr/local/lib/node_modules/npm/node_modules/@npmcli/promise-spawn/lib/index.js:124:10)
840 verbose stack     at promiseSpawn (/usr/local/lib/node_modules/npm/node_modules/@npmcli/promise-spawn/lib/index.js:12:12)
840 verbose stack     at runScriptPkg (/usr/local/lib/node_modules/npm/node_modules/@npmcli/run-script/lib/run-script-pkg.js:77:13)
840 verbose stack     at runScript (/usr/local/lib/node_modules/npm/node_modules/@npmcli/run-script/lib/run-script.js:9:12)
840 verbose stack     at run (/usr/local/lib/node_modules/npm/node_modules/libnpmexec/lib/run-script.js:48:10)
840 verbose stack     at async exec (/usr/local/lib/node_modules/npm/node_modules/libnpmexec/lib/index.js:289:10)
840 verbose stack     at async Init.execCreate (/usr/local/lib/node_modules/npm/lib/commands/init.js:136:5)
840 verbose stack     at async Init.exec (/usr/local/lib/node_modules/npm/lib/commands/init.js:44:14)
840 verbose stack     at async Npm.exec (/usr/local/lib/node_modules/npm/lib/npm.js:207:9)
841 verbose pkgid autobudget@0.0.0
842 error code 130
843 error path /home/student/E01-S04-AutoBudget-cedricRGT45/autobudget/autobudget-main
844 error command failed
845 error command sh -c create-vitest
846 verbose cwd /home/student/E01-S04-AutoBudget-cedricRGT45/autobudget/autobudget-main
847 verbose os Linux 6.5.0-1023-aws
848 verbose node v20.11.1
849 verbose npm  v10.8.1
850 verbose exit 130
851 verbose code 130
852 error A complete log of this run can be found in: /home/student/.npm/_logs/2024-07-30T14_08_38_134Z-debug-0.log
