0 verbose cli /usr/local/bin/node /usr/local/bin/npm
1 info using npm@10.5.2
2 info using node@v20.11.1
3 timing npm:load:whichnode Completed in 2ms
4 timing config:load:defaults Completed in 3ms
5 timing config:load:file:/usr/local/lib/node_modules/npm/npmrc Completed in 0ms
6 timing config:load:builtin Completed in 0ms
7 timing config:load:cli Completed in 3ms
8 timing config:load:env Completed in 1ms
9 timing config:load:file:/home/student/.cache/typescript/5.4/.npmrc Completed in 0ms
10 timing config:load:project Completed in 28ms
11 timing config:load:file:/home/student/.npmrc Completed in 0ms
12 timing config:load:user Completed in 0ms
13 timing config:load:file:/usr/local/etc/npmrc Completed in 0ms
14 timing config:load:global Completed in 1ms
15 timing config:load:setEnvs Completed in 1ms
16 timing config:load Completed in 38ms
17 timing npm:load:configload Completed in 38ms
18 timing config:load:flatten Completed in 6ms
19 timing npm:load:mkdirpcache Completed in 5ms
20 timing npm:load:mkdirplogs Completed in 0ms
21 verbose title npm install @types/body-parser@ts5.4 @types/cors@ts5.4 @types/express@ts5.4 @types/pg@ts5.4 @types/nodemon@ts5.4
22 verbose argv "install" "--ignore-scripts" "@types/body-parser@ts5.4" "@types/cors@ts5.4" "@types/express@ts5.4" "@types/pg@ts5.4" "@types/nodemon@ts5.4" "--save-dev" "--user-agent" "typesInstaller/5.4.5"
23 timing npm:load:setTitle Completed in 2ms
24 timing npm:load:display Completed in 1ms
25 verbose logfile logs-max:10 dir:/home/student/.npm/_logs/2024-06-02T11_02_52_607Z-
26 verbose logfile /home/student/.npm/_logs/2024-06-02T11_02_52_607Z-debug-0.log
27 timing npm:load:logFile Completed in 12ms
28 timing npm:load:timers Completed in 0ms
29 timing npm:load:configScope Completed in 0ms
30 timing npm:load Completed in 84ms
31 timing arborist:ctor Completed in 1ms
32 silly logfile start cleaning logs, removing 1 files
33 silly logfile done cleaning log files
34 timing idealTree:init Completed in 43ms
35 timing arborist:ctor Completed in 0ms
36 http fetch GET 200 https://registry.npmjs.org/@types%2fcors 194ms (cache revalidated)
37 http fetch GET 200 https://registry.npmjs.org/@types%2fnodemon 195ms (cache revalidated)
38 http fetch GET 200 https://registry.npmjs.org/@types%2fbody-parser 200ms (cache revalidated)
39 http fetch GET 200 https://registry.npmjs.org/@types%2fexpress 204ms (cache revalidated)
40 http fetch GET 200 https://registry.npmjs.org/@types%2fpg 209ms (cache revalidated)
41 timing idealTree:userRequests Completed in 216ms
42 silly idealTree buildDeps
43 silly fetch manifest @types/body-parser@1.19.5
44 silly fetch manifest @types/cors@2.8.17
45 silly fetch manifest @types/express@4.17.21
46 silly fetch manifest @types/nodemon@1.19.6
47 silly fetch manifest @types/pg@8.11.6
48 silly placeDep ROOT @types/body-parser@1.19.5 REPLACE for:  want: 1.19.5
49 silly placeDep ROOT @types/cors@2.8.17 REPLACE for:  want: 2.8.17
50 silly placeDep ROOT @types/express@4.17.21 REPLACE for:  want: 4.17.21
51 silly placeDep ROOT @types/nodemon@1.19.6 REPLACE for:  want: 1.19.6
52 silly placeDep ROOT @types/pg@8.11.6 REPLACE for:  want: 8.11.6
53 timing idealTree:#root Completed in 28ms
54 timing idealTree:node_modules/@types/body-parser Completed in 0ms
55 timing idealTree:node_modules/@types/cors Completed in 0ms
56 timing idealTree:node_modules/@types/express Completed in 0ms
57 timing idealTree:node_modules/@types/nodemon Completed in 0ms
58 timing idealTree:node_modules/@types/pg Completed in 0ms
59 timing idealTree:buildDeps Completed in 30ms
60 timing idealTree:fixDepFlags Completed in 0ms
61 timing idealTree Completed in 293ms
62 timing reify:loadTrees Completed in 295ms
63 timing reify:diffTrees Completed in 4ms
64 silly reify moves {}
65 timing reify:retireShallow Completed in 2ms
66 timing reify:createSparse Completed in 0ms
67 timing reify:loadBundles Completed in 0ms
68 silly audit bulk request {
68 silly audit   '@types/connect': [ '3.4.38' ],
68 silly audit   '@types/express-serve-static-core': [ '4.19.3' ],
68 silly audit   '@types/http-errors': [ '2.0.4' ],
68 silly audit   '@types/mime': [ '1.3.5' ],
68 silly audit   '@types/node': [ '20.12.13' ],
68 silly audit   '@types/qs': [ '6.9.15' ],
68 silly audit   '@types/range-parser': [ '1.2.7' ],
68 silly audit   '@types/send': [ '0.17.4' ],
68 silly audit   '@types/serve-static': [ '1.15.7' ],
68 silly audit   obuf: [ '1.1.2' ],
68 silly audit   'pg-int8': [ '1.0.1' ],
68 silly audit   'pg-numeric': [ '1.0.2' ],
68 silly audit   'pg-protocol': [ '1.6.1' ],
68 silly audit   'pg-types': [ '4.0.2' ],
68 silly audit   'postgres-array': [ '3.0.2' ],
68 silly audit   'postgres-bytea': [ '3.0.0' ],
68 silly audit   'postgres-date': [ '2.1.0' ],
68 silly audit   'postgres-interval': [ '3.0.0' ],
68 silly audit   'postgres-range': [ '1.1.4' ],
68 silly audit   'types-registry': [ '0.1.685' ],
68 silly audit   'undici-types': [ '5.26.5' ],
68 silly audit   '@types/body-parser': [ '1.19.5' ],
68 silly audit   '@types/cors': [ '2.8.17' ],
68 silly audit   '@types/express': [ '4.17.21' ],
68 silly audit   '@types/nodemon': [ '1.19.6' ],
68 silly audit   '@types/pg': [ '8.11.6' ]
68 silly audit }
69 timing reify:unpack Completed in 1ms
70 timing reify:unretire Completed in 0ms
71 timing build:queue Completed in 0ms
72 timing build:deps Completed in 1ms
73 timing build Completed in 1ms
74 timing reify:build Completed in 1ms
75 timing reify:trash Completed in 0ms
76 timing reify:save Completed in 32ms
77 http fetch POST 200 https://registry.npmjs.org/-/npm/v1/security/advisories/bulk 176ms
78 timing auditReport:getReport Completed in 181ms
79 silly audit report {}
80 timing auditReport:init Completed in 0ms
81 timing reify:audit Completed in 183ms
82 timing reify Completed in 518ms
83 timing command:install Completed in 526ms
84 verbose exit 0
85 timing npm Completed in 992ms
86 info ok
