2024-07-30 13:18:08.033 [info] Log level: Info
2024-07-30 13:18:08.033 [info] Validating found git in: "git"
2024-07-30 13:18:08.033 [info] Using git "2.34.1" from "git"
2024-07-30 13:18:08.033 [info] > git rev-parse --show-toplevel [10ms]
2024-07-30 13:18:08.033 [info] > git rev-parse --git-dir --git-common-dir [2ms]
2024-07-30 13:18:08.033 [info] Open repository: /home/student
2024-07-30 13:18:08.033 [info] > git config --get commit.template [6ms]
2024-07-30 13:18:08.033 [info] > git rev-parse --show-toplevel [3ms]
2024-07-30 13:18:08.033 [info] > git for-each-ref --format=%(refname)%00%(upstream:short)%00%(objectname)%00%(upstream:track)%00%(upstream:remotename)%00%(upstream:remoteref) refs/heads/main refs/remotes/main [6ms]
2024-07-30 13:18:08.033 [info] > git rev-parse --git-dir --git-common-dir [3ms]
2024-07-30 13:18:08.033 [info] Open repository: /home/student/E01-S04-AutoBudget-cedricRGT45
2024-07-30 13:18:08.033 [info] > git config --get commit.template [7ms]
2024-07-30 13:18:08.033 [info] > git rev-parse --show-toplevel [16ms]
2024-07-30 13:18:08.033 [info] > git for-each-ref --format=%(refname)%00%(upstream:short)%00%(objectname)%00%(upstream:track)%00%(upstream:remotename)%00%(upstream:remoteref) refs/heads/main refs/remotes/main [33ms]
2024-07-30 13:18:08.033 [info] > git rev-parse --show-toplevel [16ms]
2024-07-30 13:18:08.033 [info] > git status -z -uall [15ms]
2024-07-30 13:18:08.033 [info] > git rev-parse --show-toplevel [28ms]
2024-07-30 13:18:08.033 [info] > git for-each-ref --format=%(refname)%00%(upstream:short)%00%(objectname)%00%(upstream:track)%00%(upstream:remotename)%00%(upstream:remoteref) refs/heads/main refs/remotes/main [24ms]
2024-07-30 13:18:08.033 [info] > git rev-parse --show-toplevel [10ms]
2024-07-30 13:18:08.033 [info] > git config --get commit.template [18ms]
2024-07-30 13:18:08.033 [info] > git for-each-ref --format=%(refname)%00%(upstream:short)%00%(objectname)%00%(upstream:track)%00%(upstream:remotename)%00%(upstream:remoteref) refs/heads/main refs/remotes/main [9ms]
2024-07-30 13:18:08.033 [info] > git config --local branch.main.vscode-merge-base [18ms]
2024-07-30 13:18:08.033 [info] > git rev-parse --show-toplevel [11ms]
2024-07-30 13:18:08.033 [info] > git for-each-ref --format=%(refname)%00%(upstream:short)%00%(objectname)%00%(upstream:track)%00%(upstream:remotename)%00%(upstream:remoteref) refs/heads/origin/master refs/remotes/origin/master [10ms]
2024-07-30 13:18:08.033 [info] > git rev-parse --show-toplevel [19ms]
2024-07-30 13:18:08.033 [info] > git merge-base refs/heads/main refs/remotes/origin/master [19ms]
2024-07-30 13:18:08.033 [info] > git status -z -uall [21ms]
2024-07-30 13:18:08.033 [info] > git rev-parse --show-toplevel [11ms]
2024-07-30 13:18:08.033 [info] > git rev-list --count --left-right refs/heads/main...refs/remotes/origin/master [24ms]
2024-07-30 13:18:08.033 [info] > git rev-parse --show-toplevel [9ms]
2024-07-30 13:18:08.034 [info] > git for-each-ref --format=%(refname)%00%(upstream:short)%00%(objectname)%00%(upstream:track)%00%(upstream:remotename)%00%(upstream:remoteref) refs/heads/main refs/remotes/main [22ms]
2024-07-30 13:18:08.034 [info] > git diff --name-status -z --diff-filter=ADMR 9bd9d524436050e86d87de2b3d2d6b23983e954b...refs/remotes/origin/master [17ms]
2024-07-30 13:18:08.034 [info] > git config --local branch.main.vscode-merge-base [10ms]
2024-07-30 13:18:08.042 [info] > git rev-parse --show-toplevel [11ms]
2024-07-30 13:18:08.050 [info] > git for-each-ref --format=%(refname)%00%(upstream:short)%00%(objectname)%00%(upstream:track)%00%(upstream:remotename)%00%(upstream:remoteref) refs/heads/origin/master refs/remotes/origin/master [9ms]
2024-07-30 13:18:08.054 [info] > git rev-parse --show-toplevel [5ms]
2024-07-30 13:18:08.064 [info] > git rev-parse --show-toplevel [6ms]
2024-07-30 13:18:08.072 [info] > git rev-parse --git-dir --git-common-dir [3ms]
2024-07-30 13:18:08.079 [info] Open repository: /home/student/P01-Atelier-cedricRGT45
2024-07-30 13:18:08.094 [info] > git config --get commit.template [8ms]
2024-07-30 13:18:08.107 [info] > git rev-parse --show-toplevel [14ms]
2024-07-30 13:18:08.115 [info] > git for-each-ref --format=%(refname)%00%(upstream:short)%00%(objectname)%00%(upstream:track)%00%(upstream:remotename)%00%(upstream:remoteref) refs/heads/master refs/remotes/master [9ms]
2024-07-30 13:18:08.126 [warning] ENOENT: no such file or directory, open '/home/student/P01-Atelier-cedricRGT45/.git/refs/remotes/origin/master'
2024-07-30 13:18:08.127 [info] > git rev-parse --git-dir --git-common-dir [12ms]
2024-07-30 13:18:08.137 [info] Open repository: /home/student/P01-Parcours_dev-cedricRGT45
2024-07-30 13:18:08.166 [info] > git rev-parse refs/remotes/origin/master [41ms]
2024-07-30 13:18:08.185 [info] > git rev-parse --show-toplevel [19ms]
2024-07-30 13:18:08.189 [info] > git config --get commit.template [45ms]
2024-07-30 13:18:08.229 [info] > git status -z -uall [55ms]
2024-07-30 13:18:08.229 [info] > git rev-parse --git-dir --git-common-dir [10ms]
2024-07-30 13:18:08.235 [info] Open repository: /home/student/S04_TDD
2024-07-30 13:18:08.332 [info] > git status -z -uall [529ms] (cancelled)
2024-07-30 13:18:08.333 [info] > git for-each-ref --format=%(refname)%00%(upstream:short)%00%(objectname)%00%(upstream:track)%00%(upstream:remotename)%00%(upstream:remoteref) refs/heads/master refs/remotes/master [82ms]
2024-07-30 13:18:08.340 [info] > git for-each-ref --format=%(refname)%00%(upstream:short)%00%(objectname)%00%(upstream:track)%00%(upstream:remotename)%00%(upstream:remoteref) refs/heads/master refs/remotes/master [112ms]
2024-07-30 13:18:08.463 [info] > git config --get commit.template [174ms]
2024-07-30 13:18:08.464 [info] > git config --get commit.template [195ms]
2024-07-30 13:18:08.491 [info] > git config --local branch.master.vscode-merge-base [151ms]
2024-07-30 13:18:08.509 [info] > git for-each-ref --format=%(refname)%00%(upstream:short)%00%(objectname)%00%(upstream:track)%00%(upstream:remotename)%00%(upstream:remoteref) refs/heads/main refs/remotes/main [6ms]
2024-07-30 13:18:08.515 [info] > git for-each-ref --format=%(refname)%00%(upstream:short)%00%(objectname)%00%(upstream:track)%00%(upstream:remotename)%00%(upstream:remoteref) refs/heads/origin/master refs/remotes/origin/master [18ms]
2024-07-30 13:18:08.527 [info] > git status -z -uall [13ms]
2024-07-30 13:18:08.540 [info] > git for-each-ref --format=%(refname)%00%(upstream:short)%00%(objectname)%00%(upstream:track)%00%(upstream:remotename)%00%(upstream:remoteref) refs/heads/master refs/remotes/master [33ms]
2024-07-30 13:18:08.550 [warning] ENOENT: no such file or directory, open '/home/student/P01-Atelier-cedricRGT45/.git/refs/remotes/origin/master'
2024-07-30 13:18:08.551 [info] > git status -z -uall [26ms]
2024-07-30 13:18:08.551 [info] > git for-each-ref --format=%(refname)%00%(upstream:short)%00%(objectname)%00%(upstream:track)%00%(upstream:remotename)%00%(upstream:remoteref) refs/heads/main refs/remotes/main [19ms]
2024-07-30 13:18:08.567 [info] > git merge-base refs/heads/master refs/remotes/origin/master [47ms]
2024-07-30 13:18:08.585 [info] > git for-each-ref --format=%(refname)%00%(upstream:short)%00%(objectname)%00%(upstream:track)%00%(upstream:remotename)%00%(upstream:remoteref) refs/heads/master refs/remotes/master [24ms]
2024-07-30 13:18:08.593 [info] > git config --local branch.main.vscode-merge-base [37ms]
2024-07-30 13:18:08.601 [info] > git rev-parse refs/remotes/origin/master [51ms]
2024-07-30 13:18:08.608 [info] > git config --get commit.template [62ms]
2024-07-30 13:18:08.610 [info] > git for-each-ref --format=%(refname)%00%(upstream:short)%00%(objectname)%00%(upstream:track)%00%(upstream:remotename)%00%(upstream:remoteref) refs/heads/origin/E01 refs/remotes/origin/E01 [10ms]
2024-07-30 13:18:08.611 [info] > git config --local branch.master.vscode-merge-base [18ms]
2024-07-30 13:18:08.622 [info] > git config --get commit.template [39ms]
2024-07-30 13:18:08.623 [info] > git rev-list --count --left-right refs/heads/master...refs/remotes/origin/master [52ms]
2024-07-30 13:18:08.657 [info] > git status -z -uall [50ms]
2024-07-30 13:18:08.657 [info] > git diff --name-status -z --diff-filter=ADMR a613dd18878647b208b6ea7b58ca1aa45040182f...refs/remotes/origin/master [29ms]
2024-07-30 13:18:08.658 [info] > git for-each-ref --format=%(refname)%00%(upstream:short)%00%(objectname)%00%(upstream:track)%00%(upstream:remotename)%00%(upstream:remoteref) refs/heads/origin/master refs/remotes/origin/master [36ms]
2024-07-30 13:18:08.681 [info] > git merge-base refs/heads/master refs/remotes/origin/master [16ms]
2024-07-30 13:18:08.688 [info] > git for-each-ref --format=%(refname)%00%(upstream:short)%00%(objectname)%00%(upstream:track)%00%(upstream:remotename)%00%(upstream:remoteref) refs/heads/main refs/remotes/main [33ms]
2024-07-30 13:18:08.702 [info] > git status -z -uall [9ms]
2024-07-30 13:18:08.702 [info] > git rev-list --count --left-right refs/heads/master...refs/remotes/origin/master [15ms]
2024-07-30 13:18:08.707 [info] > git for-each-ref --format=%(refname)%00%(upstream:short)%00%(objectname)%00%(upstream:track)%00%(upstream:remotename)%00%(upstream:remoteref) refs/heads/master refs/remotes/master [29ms]
2024-07-30 13:18:08.708 [info] > git for-each-ref --format=%(refname)%00%(upstream:short)%00%(objectname)%00%(upstream:track)%00%(upstream:remotename)%00%(upstream:remoteref) refs/heads/master refs/remotes/master [39ms]
2024-07-30 13:18:08.715 [info] > git diff --name-status -z --diff-filter=ADMR b9aeda9dc5f5420772aedbe98d41cca3042ad341...refs/remotes/origin/master [8ms]
2024-07-30 13:18:08.727 [info] > git for-each-ref --format=%(refname)%00%(upstream:short)%00%(objectname)%00%(upstream:track)%00%(upstream:remotename)%00%(upstream:remoteref) refs/heads/main refs/remotes/main [7ms]
2024-07-30 13:18:08.733 [info] > git config --local branch.master.vscode-merge-base [20ms]
2024-07-30 13:18:08.739 [info] > git config --local branch.main.vscode-merge-base [6ms]
2024-07-30 13:18:08.749 [info] > git for-each-ref --format=%(refname)%00%(upstream:short)%00%(objectname)%00%(upstream:track)%00%(upstream:remotename)%00%(upstream:remoteref) refs/heads/origin/master refs/remotes/origin/master [12ms]
2024-07-30 13:18:08.750 [info] > git for-each-ref --format=%(refname)%00%(upstream:short)%00%(objectname)%00%(upstream:track)%00%(upstream:remotename)%00%(upstream:remoteref) refs/heads/origin/E01 refs/remotes/origin/E01 [7ms]
2024-07-30 13:18:08.753 [info] > git status -z -uall [5ms]
2024-07-30 13:18:08.761 [info] > git for-each-ref --format=%(refname)%00%(upstream:short)%00%(objectname)%00%(upstream:track)%00%(upstream:remotename)%00%(upstream:remoteref) refs/heads/master refs/remotes/master [3ms]
2024-07-30 13:18:08.769 [info] > git config --local branch.master.vscode-merge-base [3ms]
2024-07-30 13:18:08.776 [info] > git for-each-ref --format=%(refname)%00%(upstream:short)%00%(objectname)%00%(upstream:track)%00%(upstream:remotename)%00%(upstream:remoteref) refs/heads/origin/master refs/remotes/origin/master [2ms]
2024-07-30 13:18:08.980 [info] > git check-ignore -v -z --stdin [2ms]
2024-07-30 13:18:10.268 [info] > git show --textconv :autobudget/autobudget-main/conception/diagrammes/usercase.puml [19ms]
2024-07-30 13:18:10.269 [info] > git ls-files --stage -- /home/student/E01-S04-AutoBudget-cedricRGT45/autobudget/autobudget-main/conception/diagrammes/usercase.puml [15ms]
2024-07-30 13:18:10.373 [info] > git cat-file -s cd70aea7c0d92417af19730f361592f0ca09d8c6 [100ms]
2024-07-30 13:18:10.383 [info] > git check-ignore -v -z --stdin [5ms]
2024-07-30 13:18:10.398 [info] > git check-ignore -v -z --stdin [16ms]
2024-07-30 13:21:05.815 [info] > git show --textconv :autobudget/autobudget-main/backend/data/data.json [15ms]
2024-07-30 13:21:05.816 [info] > git check-ignore -v -z --stdin [3ms]
2024-07-30 13:21:05.817 [info] > git ls-files --stage -- /home/student/E01-S04-AutoBudget-cedricRGT45/autobudget/autobudget-main/backend/data/data.json [11ms]
2024-07-30 13:21:05.823 [info] > git cat-file -s ff13811b32a308e595dbd3318386b6f75f5f9ef5 [1ms]
