2024-07-29 18:56:00.888 [info] Log level: Info
2024-07-29 18:56:00.888 [info] Validating found git in: "git"
2024-07-29 18:56:00.888 [info] Using git "2.34.1" from "git"
2024-07-29 18:56:00.888 [info] > git rev-parse --show-toplevel [54ms]
2024-07-29 18:56:00.888 [info] > git rev-parse --git-dir --git-common-dir [21ms]
2024-07-29 18:56:00.888 [info] Open repository: /home/student
2024-07-29 18:56:00.888 [info] > git rev-parse --show-toplevel [21ms]
2024-07-29 18:56:00.888 [info] > git config --get commit.template [33ms]
2024-07-29 18:56:00.961 [info] > git rev-parse --git-dir --git-common-dir [74ms]
2024-07-29 18:56:00.979 [info] Open repository: /home/student/S04_TDD
2024-07-29 18:56:01.076 [info] > git for-each-ref --format=%(refname)%00%(upstream:short)%00%(objectname)%00%(upstream:track)%00%(upstream:remotename)%00%(upstream:remoteref) refs/heads/main refs/remotes/main [179ms]
2024-07-29 18:56:01.150 [info] > git config --get commit.template [144ms]
2024-07-29 18:56:01.236 [info] > git for-each-ref --format=%(refname)%00%(upstream:short)%00%(objectname)%00%(upstream:track)%00%(upstream:remotename)%00%(upstream:remoteref) refs/heads/E01-exemplesTest refs/remotes/E01-exemplesTest [47ms]
2024-07-29 18:56:01.255 [info] > git rev-parse --show-toplevel [21ms]
2024-07-29 18:56:01.293 [info] > git status -z -uall [40ms]
2024-07-29 18:56:01.379 [info] > git rev-parse --show-toplevel [87ms]
2024-07-29 18:56:01.380 [info] > git for-each-ref --format=%(refname)%00%(upstream:short)%00%(objectname)%00%(upstream:track)%00%(upstream:remotename)%00%(upstream:remoteref) refs/heads/E01-exemplesTest refs/remotes/E01-exemplesTest [50ms]
2024-07-29 18:56:01.406 [info] > git config --get commit.template [27ms]
2024-07-29 18:56:01.413 [info] > git config --local branch.E01-exemplesTest.vscode-merge-base [22ms]
2024-07-29 18:56:01.423 [info] > git for-each-ref --format=%(refname)%00%(upstream:short)%00%(objectname)%00%(upstream:track)%00%(upstream:remotename)%00%(upstream:remoteref) refs/heads/E01-exemplesTest refs/remotes/E01-exemplesTest [11ms]
2024-07-29 18:56:01.443 [info] > git rev-parse --show-toplevel [38ms]
2024-07-29 18:56:01.448 [info] > git for-each-ref --format=%(refname)%00%(upstream:short)%00%(objectname)%00%(upstream:track)%00%(upstream:remotename)%00%(upstream:remoteref) refs/heads/origin/E01 refs/remotes/origin/E01 [27ms]
2024-07-29 18:56:01.459 [info] > git status -z -uall [16ms]
2024-07-29 18:56:01.476 [info] > git rev-parse --show-toplevel [18ms]
2024-07-29 18:56:01.485 [info] > git for-each-ref --format=%(refname)%00%(upstream:short)%00%(objectname)%00%(upstream:track)%00%(upstream:remotename)%00%(upstream:remoteref) refs/heads/E01-exemplesTest refs/remotes/E01-exemplesTest [18ms]
2024-07-29 18:56:01.493 [info] > git rev-parse --show-toplevel [9ms]
2024-07-29 18:56:01.503 [info] > git config --local branch.E01-exemplesTest.vscode-merge-base [11ms]
2024-07-29 18:56:01.512 [info] > git rev-parse --show-toplevel [9ms]
2024-07-29 18:56:01.520 [info] > git for-each-ref --format=%(refname)%00%(upstream:short)%00%(objectname)%00%(upstream:track)%00%(upstream:remotename)%00%(upstream:remoteref) refs/heads/origin/E01 refs/remotes/origin/E01 [10ms]
2024-07-29 18:56:01.531 [info] > git rev-parse --show-toplevel [12ms]
2024-07-29 18:56:01.540 [info] > git check-ignore -v -z --stdin [9ms]
2024-07-29 18:56:01.544 [info] > git rev-parse --show-toplevel [5ms]
2024-07-29 18:56:01.554 [info] > git rev-parse --show-toplevel [3ms]
2024-07-29 18:56:01.571 [info] > git rev-parse --show-toplevel [12ms]
2024-07-29 18:56:01.591 [info] > git rev-parse --show-toplevel [3ms]
2024-07-29 18:56:01.606 [info] > git rev-parse --git-dir --git-common-dir [3ms]
2024-07-29 18:56:01.613 [info] Open repository: /home/student/P01-Atelier-cedricRGT45
2024-07-29 18:56:01.633 [info] > git config --get commit.template [9ms]
2024-07-29 18:56:01.642 [info] > git rev-parse --show-toplevel [10ms]
2024-07-29 18:56:01.650 [info] > git for-each-ref --format=%(refname)%00%(upstream:short)%00%(objectname)%00%(upstream:track)%00%(upstream:remotename)%00%(upstream:remoteref) refs/heads/master refs/remotes/master [9ms]
2024-07-29 18:56:01.658 [warning] ENOENT: no such file or directory, open '/home/student/P01-Atelier-cedricRGT45/.git/refs/remotes/origin/master'
2024-07-29 18:56:01.659 [info] > git rev-parse --git-dir --git-common-dir [9ms]
2024-07-29 18:56:01.664 [info] Open repository: /home/student/P01-Parcours_dev-cedricRGT45
2024-07-29 18:56:01.680 [info] > git rev-parse refs/remotes/origin/master [22ms]
2024-07-29 18:56:01.689 [info] > git config --get commit.template [10ms]
2024-07-29 18:56:01.721 [info] > git status -z -uall [513ms] (cancelled)
2024-07-29 18:56:01.721 [info] > git status -z -uall [34ms]
2024-07-29 18:56:01.733 [info] > git for-each-ref --format=%(refname)%00%(upstream:short)%00%(objectname)%00%(upstream:track)%00%(upstream:remotename)%00%(upstream:remoteref) refs/heads/master refs/remotes/master [40ms]
2024-07-29 18:56:01.741 [info] > git for-each-ref --format=%(refname)%00%(upstream:short)%00%(objectname)%00%(upstream:track)%00%(upstream:remotename)%00%(upstream:remoteref) refs/heads/master refs/remotes/master [14ms]
2024-07-29 18:56:01.757 [info] > git config --get commit.template [17ms]
2024-07-29 18:56:01.786 [info] > git config --local branch.master.vscode-merge-base [31ms]
2024-07-29 18:56:01.811 [info] > git for-each-ref --format=%(refname)%00%(upstream:short)%00%(objectname)%00%(upstream:track)%00%(upstream:remotename)%00%(upstream:remoteref) refs/heads/master refs/remotes/master [37ms]
2024-07-29 18:56:01.812 [info] > git status -z -uall [27ms]
2024-07-29 18:56:01.812 [info] > git for-each-ref --format=%(refname)%00%(upstream:short)%00%(objectname)%00%(upstream:track)%00%(upstream:remotename)%00%(upstream:remoteref) refs/heads/origin/master refs/remotes/origin/master [19ms]
2024-07-29 18:56:01.862 [warning] ENOENT: no such file or directory, open '/home/student/P01-Atelier-cedricRGT45/.git/refs/remotes/origin/master'
2024-07-29 18:56:01.877 [info] > git for-each-ref --format=%(refname)%00%(upstream:short)%00%(objectname)%00%(upstream:track)%00%(upstream:remotename)%00%(upstream:remoteref) refs/heads/master refs/remotes/master [39ms]
2024-07-29 18:56:01.886 [info] > git merge-base refs/heads/master refs/remotes/origin/master [58ms]
2024-07-29 18:56:01.898 [info] > git config --local branch.master.vscode-merge-base [12ms]
2024-07-29 18:56:01.908 [info] > git config --get commit.template [34ms]
2024-07-29 18:56:01.909 [info] > git rev-parse refs/remotes/origin/master [47ms]
2024-07-29 18:56:01.919 [info] > git for-each-ref --format=%(refname)%00%(upstream:short)%00%(objectname)%00%(upstream:track)%00%(upstream:remotename)%00%(upstream:remoteref) refs/heads/origin/master refs/remotes/origin/master [11ms]
2024-07-29 18:56:01.928 [info] > git rev-list --count --left-right refs/heads/master...refs/remotes/origin/master [34ms]
2024-07-29 18:56:01.950 [info] > git status -z -uall [33ms]
2024-07-29 18:56:01.951 [info] > git merge-base refs/heads/master refs/remotes/origin/master [23ms]
2024-07-29 18:56:01.959 [info] > git for-each-ref --format=%(refname)%00%(upstream:short)%00%(objectname)%00%(upstream:track)%00%(upstream:remotename)%00%(upstream:remoteref) refs/heads/master refs/remotes/master [8ms]
2024-07-29 18:56:01.959 [info] > git diff --name-status -z --diff-filter=ADMR a613dd18878647b208b6ea7b58ca1aa45040182f...refs/remotes/origin/master [17ms]
2024-07-29 18:56:01.972 [info] > git rev-list --count --left-right refs/heads/master...refs/remotes/origin/master [15ms]
2024-07-29 18:56:01.983 [info] > git for-each-ref --format=%(refname)%00%(upstream:short)%00%(objectname)%00%(upstream:track)%00%(upstream:remotename)%00%(upstream:remoteref) refs/heads/master refs/remotes/master [14ms]
2024-07-29 18:56:01.991 [info] > git diff --name-status -z --diff-filter=ADMR b9aeda9dc5f5420772aedbe98d41cca3042ad341...refs/remotes/origin/master [9ms]
2024-07-29 18:56:01.998 [info] > git config --local branch.master.vscode-merge-base [9ms]
2024-07-29 18:56:02.004 [info] > git status -z -uall [8ms]
2024-07-29 18:56:02.019 [info] > git for-each-ref --format=%(refname)%00%(upstream:short)%00%(objectname)%00%(upstream:track)%00%(upstream:remotename)%00%(upstream:remoteref) refs/heads/origin/master refs/remotes/origin/master [16ms]
2024-07-29 18:56:02.020 [info] > git for-each-ref --format=%(refname)%00%(upstream:short)%00%(objectname)%00%(upstream:track)%00%(upstream:remotename)%00%(upstream:remoteref) refs/heads/master refs/remotes/master [7ms]
2024-07-29 18:56:02.029 [info] > git config --local branch.master.vscode-merge-base [2ms]
2024-07-29 18:56:02.038 [info] > git for-each-ref --format=%(refname)%00%(upstream:short)%00%(objectname)%00%(upstream:track)%00%(upstream:remotename)%00%(upstream:remoteref) refs/heads/origin/master refs/remotes/origin/master [2ms]
2024-07-29 18:56:02.169 [info] > git show --textconv :projet1/@latest/conception/userstory.md [8ms]
2024-07-29 18:56:02.170 [info] > git ls-files --stage -- /home/student/S04_TDD/projet1/@latest/conception/userstory.md [3ms]
2024-07-29 18:56:02.179 [info] > git cat-file -s 7640780dd59903e3f1d3abcc13a1a82fbe86b6dc [3ms]
2024-07-29 18:56:02.842 [info] > git check-ignore -v -z --stdin [18ms]
2024-07-29 18:56:02.843 [info] > git check-ignore -v -z --stdin [13ms]
2024-07-29 18:56:02.844 [info] > git check-ignore -v -z --stdin [9ms]
2024-07-29 18:56:02.857 [info] > git check-ignore -v -z --stdin [17ms]
2024-07-29 18:56:10.613 [info] > git check-ignore -v -z --stdin [26ms]
2024-07-29 18:56:10.613 [info] > git check-ignore -v -z --stdin [21ms]
2024-07-29 18:56:22.725 [info] > git check-ignore -v -z --stdin [8ms]
2024-07-29 18:56:22.732 [info] > git check-ignore -v -z --stdin [10ms]
2024-07-29 18:56:23.540 [info] > git config --get commit.template [7ms]
2024-07-29 18:56:23.541 [info] > git for-each-ref --format=%(refname)%00%(upstream:short)%00%(objectname)%00%(upstream:track)%00%(upstream:remotename)%00%(upstream:remoteref) refs/heads/E01-exemplesTest refs/remotes/E01-exemplesTest [3ms]
2024-07-29 18:56:23.550 [info] > git status -z -uall [3ms]
2024-07-29 18:56:23.564 [info] > git for-each-ref --format=%(refname)%00%(upstream:short)%00%(objectname)%00%(upstream:track)%00%(upstream:remotename)%00%(upstream:remoteref) refs/heads/E01-exemplesTest refs/remotes/E01-exemplesTest [8ms]
2024-07-29 18:56:23.574 [info] > git config --local branch.E01-exemplesTest.vscode-merge-base [3ms]
2024-07-29 18:56:23.584 [info] > git for-each-ref --format=%(refname)%00%(upstream:short)%00%(objectname)%00%(upstream:track)%00%(upstream:remotename)%00%(upstream:remoteref) refs/heads/origin/E01 refs/remotes/origin/E01 [4ms]
2024-07-29 18:56:25.832 [info] > git check-ignore -v -z --stdin [13ms]
2024-07-29 18:57:51.898 [info] > git check-ignore -v -z --stdin [3ms]
2024-07-29 18:57:52.518 [info] > git config --get commit.template [14ms]
2024-07-29 18:57:52.519 [info] > git for-each-ref --format=%(refname)%00%(upstream:short)%00%(objectname)%00%(upstream:track)%00%(upstream:remotename)%00%(upstream:remoteref) refs/heads/E01-exemplesTest refs/remotes/E01-exemplesTest [3ms]
2024-07-29 18:57:52.528 [info] > git status -z -uall [4ms]
2024-07-29 18:57:52.550 [info] > git for-each-ref --format=%(refname)%00%(upstream:short)%00%(objectname)%00%(upstream:track)%00%(upstream:remotename)%00%(upstream:remoteref) refs/heads/E01-exemplesTest refs/remotes/E01-exemplesTest [14ms]
2024-07-29 18:57:52.566 [info] > git config --local branch.E01-exemplesTest.vscode-merge-base [10ms]
2024-07-29 18:57:52.578 [info] > git for-each-ref --format=%(refname)%00%(upstream:short)%00%(objectname)%00%(upstream:track)%00%(upstream:remotename)%00%(upstream:remoteref) refs/heads/origin/E01 refs/remotes/origin/E01 [7ms]
2024-07-29 18:58:17.828 [info] > git config --get commit.template [9ms]
2024-07-29 18:58:17.831 [info] > git for-each-ref --format=%(refname)%00%(upstream:short)%00%(objectname)%00%(upstream:track)%00%(upstream:remotename)%00%(upstream:remoteref) refs/heads/E01-exemplesTest refs/remotes/E01-exemplesTest [6ms]
2024-07-29 18:58:17.851 [info] > git status -z -uall [12ms]
2024-07-29 18:58:17.867 [info] > git for-each-ref --format=%(refname)%00%(upstream:short)%00%(objectname)%00%(upstream:track)%00%(upstream:remotename)%00%(upstream:remoteref) refs/heads/E01-exemplesTest refs/remotes/E01-exemplesTest [7ms]
2024-07-29 18:58:17.882 [info] > git config --local branch.E01-exemplesTest.vscode-merge-base [6ms]
2024-07-29 18:58:17.893 [info] > git for-each-ref --format=%(refname)%00%(upstream:short)%00%(objectname)%00%(upstream:track)%00%(upstream:remotename)%00%(upstream:remoteref) refs/heads/origin/E01 refs/remotes/origin/E01 [4ms]
2024-07-29 18:58:35.664 [info] > git config --get commit.template [7ms]
2024-07-29 18:58:35.665 [info] > git for-each-ref --format=%(refname)%00%(upstream:short)%00%(objectname)%00%(upstream:track)%00%(upstream:remotename)%00%(upstream:remoteref) refs/heads/E01-exemplesTest refs/remotes/E01-exemplesTest [2ms]
2024-07-29 18:58:35.672 [info] > git status -z -uall [3ms]
2024-07-29 18:58:35.683 [info] > git for-each-ref --format=%(refname)%00%(upstream:short)%00%(objectname)%00%(upstream:track)%00%(upstream:remotename)%00%(upstream:remoteref) refs/heads/E01-exemplesTest refs/remotes/E01-exemplesTest [3ms]
2024-07-29 18:58:35.690 [info] > git config --local branch.E01-exemplesTest.vscode-merge-base [2ms]
2024-07-29 18:58:35.699 [info] > git for-each-ref --format=%(refname)%00%(upstream:short)%00%(objectname)%00%(upstream:track)%00%(upstream:remotename)%00%(upstream:remoteref) refs/heads/origin/E01 refs/remotes/origin/E01 [4ms]
2024-07-29 18:59:09.737 [info] > git config --get commit.template [1ms]
2024-07-29 18:59:09.745 [info] > git for-each-ref --format=%(refname)%00%(upstream:short)%00%(objectname)%00%(upstream:track)%00%(upstream:remotename)%00%(upstream:remoteref) refs/heads/main refs/remotes/main [3ms]
2024-07-29 18:59:09.755 [info] > git status -z -uall [5ms]
2024-07-29 18:59:09.766 [info] > git for-each-ref --format=%(refname)%00%(upstream:short)%00%(objectname)%00%(upstream:track)%00%(upstream:remotename)%00%(upstream:remoteref) refs/heads/main refs/remotes/main [5ms]
2024-07-29 18:59:09.773 [info] > git config --local branch.main.vscode-merge-base [2ms]
2024-07-29 18:59:09.780 [info] > git for-each-ref --format=%(refname)%00%(upstream:short)%00%(objectname)%00%(upstream:track)%00%(upstream:remotename)%00%(upstream:remoteref) refs/heads/origin/E01 refs/remotes/origin/E01 [2ms]
2024-07-29 18:59:20.346 [info] > git config --get commit.template [8ms]
2024-07-29 18:59:20.350 [info] > git for-each-ref --format=%(refname)%00%(upstream:short)%00%(objectname)%00%(upstream:track)%00%(upstream:remotename)%00%(upstream:remoteref) refs/heads/main refs/remotes/main [6ms]
2024-07-29 18:59:20.361 [info] > git status -z -uall [4ms]
2024-07-29 18:59:20.372 [info] > git for-each-ref --format=%(refname)%00%(upstream:short)%00%(objectname)%00%(upstream:track)%00%(upstream:remotename)%00%(upstream:remoteref) refs/heads/main refs/remotes/main [5ms]
2024-07-29 18:59:20.384 [info] > git config --local branch.main.vscode-merge-base [1ms]
2024-07-29 18:59:20.397 [info] > git for-each-ref --format=%(refname)%00%(upstream:short)%00%(objectname)%00%(upstream:track)%00%(upstream:remotename)%00%(upstream:remoteref) refs/heads/origin/E01 refs/remotes/origin/E01 [3ms]
2024-07-29 19:00:43.909 [info] > git check-ignore -v -z --stdin [14ms]
2024-07-29 19:01:21.790 [info] > git check-ignore -v -z --stdin [9ms]
2024-07-29 19:01:28.816 [info] > git check-ignore -v -z --stdin [11ms]
2024-07-29 19:01:36.387 [info] > git check-ignore -v -z --stdin [9ms]
2024-07-29 19:01:36.808 [info] > git config --get commit.template [5ms]
2024-07-29 19:01:36.809 [info] > git for-each-ref --format=%(refname)%00%(upstream:short)%00%(objectname)%00%(upstream:track)%00%(upstream:remotename)%00%(upstream:remoteref) refs/heads/main refs/remotes/main [3ms]
2024-07-29 19:01:36.817 [info] > git status -z -uall [3ms]
2024-07-29 19:01:36.830 [info] > git for-each-ref --format=%(refname)%00%(upstream:short)%00%(objectname)%00%(upstream:track)%00%(upstream:remotename)%00%(upstream:remoteref) refs/heads/main refs/remotes/main [9ms]
2024-07-29 19:01:36.839 [info] > git config --local branch.main.vscode-merge-base [3ms]
2024-07-29 19:01:36.850 [info] > git for-each-ref --format=%(refname)%00%(upstream:short)%00%(objectname)%00%(upstream:track)%00%(upstream:remotename)%00%(upstream:remoteref) refs/heads/origin/E01 refs/remotes/origin/E01 [5ms]
2024-07-29 19:02:42.448 [info] > git check-ignore -v -z --stdin [18ms]
