2024-07-31 09:51:49.759 [info] Log level: Info
2024-07-31 09:51:49.759 [info] Validating found git in: "git"
2024-07-31 09:51:49.759 [info] Using git "2.34.1" from "git"
2024-07-31 09:51:49.759 [info] > git rev-parse --show-toplevel [30ms]
2024-07-31 09:51:49.772 [info] > git rev-parse --git-dir --git-common-dir [14ms]
2024-07-31 09:51:49.802 [info] Open repository: /home/student
2024-07-31 09:51:49.849 [info] > git config --get commit.template [17ms]
2024-07-31 09:51:49.861 [info] > git rev-parse --show-toplevel [14ms]
2024-07-31 09:51:49.895 [info] > git for-each-ref --format=%(refname)%00%(upstream:short)%00%(objectname)%00%(upstream:track)%00%(upstream:remotename)%00%(upstream:remoteref) refs/heads/main refs/remotes/main [37ms]
2024-07-31 09:51:49.898 [info] > git rev-parse --git-dir --git-common-dir [18ms]
2024-07-31 09:51:49.915 [info] Open repository: /home/student/E01-S04-AutoBudget-cedricRGT45
2024-07-31 09:51:49.955 [info] > git config --get commit.template [19ms]
2024-07-31 09:51:50.307 [info] > git rev-parse --show-toplevel [358ms]
2024-07-31 09:51:50.547 [info] > git for-each-ref --format=%(refname)%00%(upstream:short)%00%(objectname)%00%(upstream:track)%00%(upstream:remotename)%00%(upstream:remoteref) refs/heads/main refs/remotes/main [548ms]
2024-07-31 09:51:50.702 [info] > git rev-parse --show-toplevel [156ms]
2024-07-31 09:51:51.675 [info] > git status -z -uall [895ms]
2024-07-31 09:51:51.675 [info] > git check-ignore -v -z --stdin [50ms]
2024-07-31 09:51:51.742 [info] > git rev-parse --show-toplevel [999ms]
2024-07-31 09:51:51.803 [info] > git check-ignore -v -z --stdin [148ms]
2024-07-31 09:51:51.805 [info] > git for-each-ref --format=%(refname)%00%(upstream:short)%00%(objectname)%00%(upstream:track)%00%(upstream:remotename)%00%(upstream:remoteref) refs/heads/main refs/remotes/main [93ms]
2024-07-31 09:51:51.857 [info] > git rev-parse --show-toplevel [57ms]
2024-07-31 09:51:51.858 [info] > git config --get commit.template [77ms]
2024-07-31 09:51:51.931 [info] > git config --local branch.main.vscode-merge-base [78ms]
2024-07-31 09:51:51.981 [info] > git for-each-ref --format=%(refname)%00%(upstream:short)%00%(objectname)%00%(upstream:track)%00%(upstream:remotename)%00%(upstream:remoteref) refs/heads/main refs/remotes/main [71ms]
2024-07-31 09:51:51.981 [info] > git rev-parse --show-toplevel [113ms]
2024-07-31 09:51:52.024 [info] > git for-each-ref --format=%(refname)%00%(upstream:short)%00%(objectname)%00%(upstream:track)%00%(upstream:remotename)%00%(upstream:remoteref) refs/heads/origin/master refs/remotes/origin/master [52ms]
2024-07-31 09:51:52.073 [info] > git rev-parse --show-toplevel [51ms]
2024-07-31 09:51:52.093 [info] > git merge-base refs/heads/main refs/remotes/origin/master [41ms]
2024-07-31 09:51:52.117 [info] > git status -z -uall [46ms]
2024-07-31 09:51:52.118 [info] > git rev-parse --show-toplevel [26ms]
2024-07-31 09:51:52.184 [info] > git rev-list --count --left-right refs/heads/main...refs/remotes/origin/master [67ms]
2024-07-31 09:51:52.204 [info] > git rev-parse --show-toplevel [21ms]
2024-07-31 09:51:52.204 [info] > git for-each-ref --format=%(refname)%00%(upstream:short)%00%(objectname)%00%(upstream:track)%00%(upstream:remotename)%00%(upstream:remoteref) refs/heads/main refs/remotes/main [54ms]
2024-07-31 09:51:52.266 [info] > git diff --name-status -z --diff-filter=ADMR 9bd9d524436050e86d87de2b3d2d6b23983e954b...refs/remotes/origin/master [64ms]
2024-07-31 09:51:52.272 [info] > git config --local branch.main.vscode-merge-base [20ms]
2024-07-31 09:51:52.318 [info] > git rev-parse --show-toplevel [53ms]
2024-07-31 09:51:52.470 [info] > git for-each-ref --format=%(refname)%00%(upstream:short)%00%(objectname)%00%(upstream:track)%00%(upstream:remotename)%00%(upstream:remoteref) refs/heads/origin/master refs/remotes/origin/master [154ms]
2024-07-31 09:51:52.652 [info] > git rev-parse --show-toplevel [307ms]
2024-07-31 09:51:52.719 [info] > git status -z -uall [2742ms] (cancelled)
2024-07-31 09:51:52.785 [info] > git rev-parse --show-toplevel [77ms]
2024-07-31 09:51:52.861 [info] > git rev-parse --git-dir --git-common-dir [41ms]
2024-07-31 09:51:52.893 [info] Open repository: /home/student/P01-Atelier-cedricRGT45
2024-07-31 09:51:52.959 [info] > git config --get commit.template [17ms]
2024-07-31 09:51:52.997 [info] > git rev-parse --show-toplevel [40ms]
2024-07-31 09:51:53.017 [info] > git for-each-ref --format=%(refname)%00%(upstream:short)%00%(objectname)%00%(upstream:track)%00%(upstream:remotename)%00%(upstream:remoteref) refs/heads/master refs/remotes/master [41ms]
2024-07-31 09:51:53.042 [warning] ENOENT: no such file or directory, open '/home/student/P01-Atelier-cedricRGT45/.git/refs/remotes/origin/master'
2024-07-31 09:51:53.074 [info] > git rev-parse --git-dir --git-common-dir [61ms]
2024-07-31 09:51:53.079 [info] Open repository: /home/student/P01-Parcours_dev-cedricRGT45
2024-07-31 09:51:53.176 [info] > git rev-parse refs/remotes/origin/master [134ms]
2024-07-31 09:51:53.199 [info] > git rev-parse --show-toplevel [24ms]
2024-07-31 09:51:53.207 [info] > git config --get commit.template [49ms]
2024-07-31 09:51:53.267 [info] > git rev-parse --git-dir --git-common-dir [41ms]
2024-07-31 09:51:53.288 [info] Open repository: /home/student/S04_TDD
2024-07-31 09:51:53.359 [info] > git status -z -uall [165ms]
2024-07-31 09:51:53.360 [info] > git show --textconv :autobudget/autobudget-main/frontend/src/test/analysisFunctions.test.ts [35ms]
2024-07-31 09:51:53.415 [info] > git for-each-ref --format=%(refname)%00%(upstream:short)%00%(objectname)%00%(upstream:track)%00%(upstream:remotename)%00%(upstream:remoteref) refs/heads/master refs/remotes/master [162ms]
2024-07-31 09:51:53.430 [info] > git for-each-ref --format=%(refname)%00%(upstream:short)%00%(objectname)%00%(upstream:track)%00%(upstream:remotename)%00%(upstream:remoteref) refs/heads/master refs/remotes/master [57ms]
2024-07-31 09:51:53.457 [info] > git config --get commit.template [99ms]
2024-07-31 09:51:53.458 [info] > git ls-files --stage -- /home/student/E01-S04-AutoBudget-cedricRGT45/autobudget/autobudget-main/frontend/src/test/analysisFunctions.test.ts [109ms]
2024-07-31 09:51:53.479 [info] > git config --local branch.master.vscode-merge-base [22ms]
2024-07-31 09:51:53.513 [info] > git config --get commit.template [85ms]
2024-07-31 09:51:53.552 [info] > git cat-file -s 47217863e7d1018c26dfeea8778b02d852d0b8db [83ms]
2024-07-31 09:51:53.571 [info] > git for-each-ref --format=%(refname)%00%(upstream:short)%00%(objectname)%00%(upstream:track)%00%(upstream:remotename)%00%(upstream:remoteref) refs/heads/origin/master refs/remotes/origin/master [58ms]
2024-07-31 09:51:53.599 [info] > git for-each-ref --format=%(refname)%00%(upstream:short)%00%(objectname)%00%(upstream:track)%00%(upstream:remotename)%00%(upstream:remoteref) refs/heads/master refs/remotes/master [38ms]
2024-07-31 09:51:53.604 [info] > git for-each-ref --format=%(refname)%00%(upstream:short)%00%(objectname)%00%(upstream:track)%00%(upstream:remotename)%00%(upstream:remoteref) refs/heads/main refs/remotes/main [54ms]
2024-07-31 09:51:53.635 [warning] ENOENT: no such file or directory, open '/home/student/P01-Atelier-cedricRGT45/.git/refs/remotes/origin/master'
2024-07-31 09:51:53.636 [info] > git status -z -uall [65ms]
2024-07-31 09:51:53.636 [info] > git merge-base refs/heads/master refs/remotes/origin/master [42ms]
2024-07-31 09:51:53.707 [info] > git status -z -uall [97ms]
2024-07-31 09:51:53.707 [info] > git check-ignore -v -z --stdin [28ms]
2024-07-31 09:51:53.709 [info] > git for-each-ref --format=%(refname)%00%(upstream:short)%00%(objectname)%00%(upstream:track)%00%(upstream:remotename)%00%(upstream:remoteref) refs/heads/master refs/remotes/master [43ms]
2024-07-31 09:51:53.719 [info] > git rev-list --count --left-right refs/heads/master...refs/remotes/origin/master [63ms]
2024-07-31 09:51:53.742 [info] > git rev-parse refs/remotes/origin/master [108ms]
2024-07-31 09:51:53.807 [info] > git check-ignore -v -z --stdin [120ms]
2024-07-31 09:51:53.808 [info] > git status -z -uall [58ms]
2024-07-31 09:51:53.809 [info] > git for-each-ref --format=%(refname)%00%(upstream:short)%00%(objectname)%00%(upstream:track)%00%(upstream:remotename)%00%(upstream:remoteref) refs/heads/main refs/remotes/main [36ms]
2024-07-31 09:51:53.836 [info] > git diff --name-status -z --diff-filter=ADMR a613dd18878647b208b6ea7b58ca1aa45040182f...refs/remotes/origin/master [94ms]
2024-07-31 09:51:53.837 [info] > git config --local branch.master.vscode-merge-base [118ms]
2024-07-31 09:51:53.863 [info] > git config --get commit.template [158ms]
2024-07-31 09:51:53.983 [info] > git for-each-ref --format=%(refname)%00%(upstream:short)%00%(objectname)%00%(upstream:track)%00%(upstream:remotename)%00%(upstream:remoteref) refs/heads/origin/master refs/remotes/origin/master [121ms]
2024-07-31 09:51:54.010 [info] > git for-each-ref --format=%(refname)%00%(upstream:short)%00%(objectname)%00%(upstream:track)%00%(upstream:remotename)%00%(upstream:remoteref) refs/heads/master refs/remotes/master [175ms]
2024-07-31 09:51:54.035 [info] > git config --local branch.main.vscode-merge-base [213ms]
2024-07-31 09:51:54.042 [info] > git config --get commit.template [240ms]
2024-07-31 09:51:54.066 [info] > git config --local branch.master.vscode-merge-base [30ms]
2024-07-31 09:51:54.082 [info] > git merge-base refs/heads/master refs/remotes/origin/master [72ms]
2024-07-31 09:51:54.113 [info] > git for-each-ref --format=%(refname)%00%(upstream:short)%00%(objectname)%00%(upstream:track)%00%(upstream:remotename)%00%(upstream:remoteref) refs/heads/origin/master refs/remotes/origin/master [30ms]
2024-07-31 09:51:54.115 [info] > git for-each-ref --format=%(refname)%00%(upstream:short)%00%(objectname)%00%(upstream:track)%00%(upstream:remotename)%00%(upstream:remoteref) refs/heads/master refs/remotes/master [54ms]
2024-07-31 09:51:54.116 [info] > git for-each-ref --format=%(refname)%00%(upstream:short)%00%(objectname)%00%(upstream:track)%00%(upstream:remotename)%00%(upstream:remoteref) refs/heads/origin/E01 refs/remotes/origin/E01 [74ms]
2024-07-31 09:51:54.120 [info] > git rev-list --count --left-right refs/heads/master...refs/remotes/origin/master [28ms]
2024-07-31 09:51:54.174 [info] > git for-each-ref --format=%(refname)%00%(upstream:short)%00%(objectname)%00%(upstream:track)%00%(upstream:remotename)%00%(upstream:remoteref) refs/heads/main refs/remotes/main [65ms]
2024-07-31 09:51:54.183 [info] > git diff --name-status -z --diff-filter=ADMR b9aeda9dc5f5420772aedbe98d41cca3042ad341...refs/remotes/origin/master [50ms]
2024-07-31 09:51:54.212 [info] > git status -z -uall [31ms]
2024-07-31 09:51:54.236 [info] > git status -z -uall [31ms]
2024-07-31 09:51:54.255 [info] > git for-each-ref --format=%(refname)%00%(upstream:short)%00%(objectname)%00%(upstream:track)%00%(upstream:remotename)%00%(upstream:remoteref) refs/heads/main refs/remotes/main [24ms]
2024-07-31 09:51:54.268 [info] > git for-each-ref --format=%(refname)%00%(upstream:short)%00%(objectname)%00%(upstream:track)%00%(upstream:remotename)%00%(upstream:remoteref) refs/heads/master refs/remotes/master [22ms]
2024-07-31 09:51:54.281 [info] > git config --local branch.main.vscode-merge-base [16ms]
2024-07-31 09:51:54.290 [info] > git config --local branch.master.vscode-merge-base [10ms]
2024-07-31 09:51:54.302 [info] > git for-each-ref --format=%(refname)%00%(upstream:short)%00%(objectname)%00%(upstream:track)%00%(upstream:remotename)%00%(upstream:remoteref) refs/heads/origin/E01 refs/remotes/origin/E01 [12ms]
2024-07-31 09:51:54.307 [info] > git for-each-ref --format=%(refname)%00%(upstream:short)%00%(objectname)%00%(upstream:track)%00%(upstream:remotename)%00%(upstream:remoteref) refs/heads/origin/master refs/remotes/origin/master [6ms]
2024-07-31 10:32:35.232 [info] > git check-ignore -v -z --stdin [3ms]
2024-07-31 10:32:36.607 [info] > git check-ignore -v -z --stdin [2ms]
2024-07-31 10:32:38.175 [info] > git show --textconv :autobudget/autobudget-main/frontend/src/types/types.ts [6ms]
2024-07-31 10:32:38.177 [info] > git ls-files --stage -- /home/student/E01-S04-AutoBudget-cedricRGT45/autobudget/autobudget-main/frontend/src/types/types.ts [2ms]
2024-07-31 10:32:38.183 [info] > git cat-file -s eddfa8094a832c0dd70a556472b17809493c865b [2ms]
2024-07-31 10:44:29.239 [info] > git check-ignore -v -z --stdin [4ms]
