2024-07-10 10:37:30.879 [info] Log level: Info
2024-07-10 10:37:30.879 [info] Validating found git in: "git"
2024-07-10 10:37:30.879 [info] Using git "2.34.1" from "git"
2024-07-10 10:37:30.880 [info] > git rev-parse --show-toplevel [256ms]
2024-07-10 10:37:30.880 [info] > git rev-parse --git-dir --git-common-dir [623ms]
2024-07-10 10:37:30.880 [info] Open repository: /home/student
2024-07-10 10:37:30.880 [info] > git rev-parse --show-toplevel [455ms]
2024-07-10 10:37:30.880 [info] > git config --get commit.template [475ms]
2024-07-10 10:37:30.880 [info] > git rev-parse --git-dir --git-common-dir [37ms]
2024-07-10 10:37:30.880 [info] Open repository: /home/student/P01-Parcours_dev-cedricRGT45
2024-07-10 10:37:30.880 [info] > git for-each-ref --format=%(refname)%00%(upstream:short)%00%(objectname)%00%(upstream:track)%00%(upstream:remotename)%00%(upstream:remoteref) refs/heads/main refs/remotes/main [49ms]
2024-07-10 10:37:30.936 [info] > git rev-parse --show-toplevel [50ms]
2024-07-10 10:37:30.938 [info] > git config --get commit.template [90ms]
2024-07-10 10:37:30.977 [info] > git for-each-ref --format=%(refname)%00%(upstream:short)%00%(objectname)%00%(upstream:track)%00%(upstream:remotename)%00%(upstream:remoteref) refs/heads/master refs/remotes/master [79ms]
2024-07-10 10:37:30.993 [info] > git rev-parse --show-toplevel [17ms]
2024-07-10 10:37:31.039 [info] > git status -z -uall [47ms]
2024-07-10 10:37:31.039 [info] > git rev-parse --show-toplevel [2ms]
2024-07-10 10:37:31.142 [info] > git for-each-ref --format=%(refname)%00%(upstream:short)%00%(objectname)%00%(upstream:track)%00%(upstream:remotename)%00%(upstream:remoteref) refs/heads/master refs/remotes/master [70ms]
2024-07-10 10:37:31.255 [info] > git config --local branch.master.vscode-merge-base [88ms]
2024-07-10 10:37:31.285 [info] > git config --get commit.template [145ms]
2024-07-10 10:37:31.285 [info] > git rev-parse --show-toplevel [164ms]
2024-07-10 10:37:31.321 [info] > git for-each-ref --format=%(refname)%00%(upstream:short)%00%(objectname)%00%(upstream:track)%00%(upstream:remotename)%00%(upstream:remoteref) refs/heads/origin/master refs/remotes/origin/master [36ms]
2024-07-10 10:37:31.348 [info] > git for-each-ref --format=%(refname)%00%(upstream:short)%00%(objectname)%00%(upstream:track)%00%(upstream:remotename)%00%(upstream:remoteref) refs/heads/master refs/remotes/master [29ms]
2024-07-10 10:37:31.349 [info] > git rev-parse --show-toplevel [41ms]
2024-07-10 10:37:31.372 [info] > git merge-base refs/heads/master refs/remotes/origin/master [26ms]
2024-07-10 10:37:31.389 [info] > git rev-parse --show-toplevel [18ms]
2024-07-10 10:37:31.424 [info] > git rev-list --count --left-right refs/heads/master...refs/remotes/origin/master [36ms]
2024-07-10 10:37:31.445 [info] > git rev-parse --show-toplevel [21ms]
2024-07-10 10:37:31.465 [info] > git status -z -uall [55ms]
2024-07-10 10:37:31.465 [info] > git diff --name-status -z --diff-filter=ADMR 2fc650aa6104e8054e535196d3c6923a241673a6...refs/remotes/origin/master [21ms]
2024-07-10 10:37:31.558 [info] > git rev-parse --show-toplevel [94ms]
2024-07-10 10:37:31.582 [info] > git for-each-ref --format=%(refname)%00%(upstream:short)%00%(objectname)%00%(upstream:track)%00%(upstream:remotename)%00%(upstream:remoteref) refs/heads/master refs/remotes/master [83ms]
2024-07-10 10:37:31.594 [info] > git rev-parse --show-toplevel [19ms]
2024-07-10 10:37:31.609 [info] > git config --local branch.master.vscode-merge-base [19ms]
2024-07-10 10:37:31.636 [info] > git rev-parse --show-toplevel [28ms]
2024-07-10 10:37:31.672 [info] > git for-each-ref --format=%(refname)%00%(upstream:short)%00%(objectname)%00%(upstream:track)%00%(upstream:remotename)%00%(upstream:remoteref) refs/heads/origin/master refs/remotes/origin/master [37ms]
2024-07-10 10:37:31.676 [info] > git rev-parse --show-toplevel [5ms]
2024-07-10 10:37:31.700 [info] > git rev-parse --git-dir --git-common-dir [3ms]
2024-07-10 10:37:31.715 [info] Open repository: /home/student/P01-Atelier-cedricRGT45
2024-07-10 10:37:31.760 [info] > git config --get commit.template [10ms]
2024-07-10 10:37:31.774 [info] > git for-each-ref --format=%(refname)%00%(upstream:short)%00%(objectname)%00%(upstream:track)%00%(upstream:remotename)%00%(upstream:remoteref) refs/heads/master refs/remotes/master [13ms]
2024-07-10 10:37:31.780 [warning] ENOENT: no such file or directory, open '/home/student/P01-Atelier-cedricRGT45/.git/refs/remotes/origin/master'
2024-07-10 10:37:31.798 [info] > git rev-parse refs/remotes/origin/master [19ms]
2024-07-10 10:37:31.847 [info] > git status -z -uall [40ms]
2024-07-10 10:37:31.888 [info] > git for-each-ref --format=%(refname)%00%(upstream:short)%00%(objectname)%00%(upstream:track)%00%(upstream:remotename)%00%(upstream:remoteref) refs/heads/master refs/remotes/master [22ms]
2024-07-10 10:37:31.902 [info] > git config --get commit.template [15ms]
2024-07-10 10:37:31.952 [info] > git status -z -uall [988ms] (cancelled)
2024-07-10 10:37:31.953 [info] > git config --local branch.master.vscode-merge-base [56ms]
2024-07-10 10:37:31.953 [warning] git config failed: Failed to execute git
2024-07-10 10:37:31.982 [info] > git for-each-ref --format=%(refname)%00%(upstream:short)%00%(objectname)%00%(upstream:track)%00%(upstream:remotename)%00%(upstream:remoteref) refs/heads/master refs/remotes/master [65ms]
2024-07-10 10:37:31.988 [warning] ENOENT: no such file or directory, open '/home/student/P01-Atelier-cedricRGT45/.git/refs/remotes/origin/master'
2024-07-10 10:37:31.989 [info] > git reflog master --grep-reflog=branch: Created from *. [31ms]
2024-07-10 10:37:31.997 [info] > git rev-parse refs/remotes/origin/master [9ms]
2024-07-10 10:37:32.008 [info] > git symbolic-ref --short refs/remotes/origin/HEAD [12ms]
2024-07-10 10:37:32.032 [info] > git status -z -uall [28ms]
2024-07-10 10:37:32.065 [info] > git for-each-ref --format=%(refname)%00%(upstream:short)%00%(objectname)%00%(upstream:track)%00%(upstream:remotename)%00%(upstream:remoteref) refs/heads/origin/master refs/remotes/origin/master [46ms]
2024-07-10 10:37:32.077 [info] > git for-each-ref --format=%(refname)%00%(upstream:short)%00%(objectname)%00%(upstream:track)%00%(upstream:remotename)%00%(upstream:remoteref) refs/heads/master refs/remotes/master [13ms]
2024-07-10 10:37:32.088 [info] > git config --local branch.master.vscode-merge-base origin/master [12ms]
2024-07-10 10:37:32.112 [info] > git config --local branch.master.vscode-merge-base [25ms]
2024-07-10 10:37:32.122 [info] > git config --get commit.template [11ms]
2024-07-10 10:37:32.128 [info] > git for-each-ref --format=%(refname)%00%(upstream:short)%00%(objectname)%00%(upstream:track)%00%(upstream:remotename)%00%(upstream:remoteref) refs/heads/origin/master refs/remotes/origin/master [7ms]
2024-07-10 10:37:32.135 [info] > git for-each-ref --format=%(refname)%00%(upstream:short)%00%(objectname)%00%(upstream:track)%00%(upstream:remotename)%00%(upstream:remoteref) refs/heads/master refs/remotes/master [8ms]
2024-07-10 10:37:32.143 [warning] ENOENT: no such file or directory, open '/home/student/P01-Atelier-cedricRGT45/.git/refs/remotes/origin/master'
2024-07-10 10:37:32.144 [info] > git merge-base refs/heads/master refs/remotes/origin/master [11ms]
2024-07-10 10:37:32.156 [info] > git rev-parse refs/remotes/origin/master [13ms]
2024-07-10 10:37:32.179 [info] > git rev-list --count --left-right refs/heads/master...refs/remotes/origin/master [24ms]
2024-07-10 10:37:32.192 [info] > git status -z -uall [23ms]
2024-07-10 10:37:32.204 [info] > git diff --name-status -z --diff-filter=ADMR a613dd18878647b208b6ea7b58ca1aa45040182f...refs/remotes/origin/master [20ms]
2024-07-10 10:37:32.223 [info] > git for-each-ref --format=%(refname)%00%(upstream:short)%00%(objectname)%00%(upstream:track)%00%(upstream:remotename)%00%(upstream:remoteref) refs/heads/master refs/remotes/master [21ms]
2024-07-10 10:37:32.235 [info] > git config --local branch.master.vscode-merge-base [3ms]
2024-07-10 10:37:32.244 [info] > git for-each-ref --format=%(refname)%00%(upstream:short)%00%(objectname)%00%(upstream:track)%00%(upstream:remotename)%00%(upstream:remoteref) refs/heads/origin/master refs/remotes/origin/master [3ms]
2024-07-10 10:37:32.549 [info] > git check-ignore -v -z --stdin [64ms]
2024-07-10 10:37:32.550 [info] > git check-ignore -v -z --stdin [42ms]
2024-07-10 10:37:32.561 [info] > git check-ignore -v -z --stdin [40ms]
2024-07-10 10:37:35.451 [info] > git check-ignore -v -z --stdin [3ms]
2024-07-10 10:37:37.761 [info] > git check-ignore -v -z --stdin [2ms]
2024-07-10 10:37:43.682 [info] > git config --get commit.template [7ms]
2024-07-10 10:37:43.685 [info] > git for-each-ref --format=%(refname)%00%(upstream:short)%00%(objectname)%00%(upstream:track)%00%(upstream:remotename)%00%(upstream:remoteref) refs/heads/master refs/remotes/master [4ms]
2024-07-10 10:37:43.692 [warning] ENOENT: no such file or directory, open '/home/student/P01-Atelier-cedricRGT45/.git/refs/remotes/origin/master'
2024-07-10 10:37:43.695 [info] > git rev-parse refs/remotes/origin/master [3ms]
2024-07-10 10:37:43.710 [info] > git status -z -uall [9ms]
2024-07-10 10:37:43.719 [info] > git for-each-ref --format=%(refname)%00%(upstream:short)%00%(objectname)%00%(upstream:track)%00%(upstream:remotename)%00%(upstream:remoteref) refs/heads/master refs/remotes/master [4ms]
2024-07-10 10:37:43.726 [info] > git config --local branch.master.vscode-merge-base [2ms]
2024-07-10 10:37:43.735 [info] > git for-each-ref --format=%(refname)%00%(upstream:short)%00%(objectname)%00%(upstream:track)%00%(upstream:remotename)%00%(upstream:remoteref) refs/heads/origin/master refs/remotes/origin/master [2ms]
2024-07-10 10:37:50.902 [info] > git check-ignore -v -z --stdin [7ms]
2024-07-10 10:37:50.925 [info] > git check-ignore -v -z --stdin [24ms]
