2024-07-10 18:41:26.324 [info] Log level: Info
2024-07-10 18:41:26.324 [info] Validating found git in: "git"
2024-07-10 18:41:26.324 [info] Using git "2.34.1" from "git"
2024-07-10 18:41:26.324 [info] > git rev-parse --show-toplevel [47ms]
2024-07-10 18:41:26.324 [info] > git rev-parse --git-dir --git-common-dir [3ms]
2024-07-10 18:41:26.325 [info] Open repository: /home/student
2024-07-10 18:41:26.325 [info] > git config --get commit.template [6ms]
2024-07-10 18:41:26.325 [info] > git rev-parse --show-toplevel [4ms]
2024-07-10 18:41:26.325 [info] > git for-each-ref --format=%(refname)%00%(upstream:short)%00%(objectname)%00%(upstream:track)%00%(upstream:remotename)%00%(upstream:remoteref) refs/heads/main refs/remotes/main [6ms]
2024-07-10 18:41:26.325 [info] > git rev-parse --show-toplevel [3ms]
2024-07-10 18:41:26.325 [info] > git rev-parse --show-toplevel [7ms]
2024-07-10 18:41:26.325 [info] > git rev-parse --show-toplevel [3ms]
2024-07-10 18:41:26.325 [info] > git rev-parse --show-toplevel [14ms]
2024-07-10 18:41:26.325 [info] > git rev-parse --show-toplevel [4ms]
2024-07-10 18:41:26.325 [info] > git rev-parse --show-toplevel [5ms]
2024-07-10 18:41:26.325 [info] > git rev-parse --show-toplevel [3ms]
2024-07-10 18:41:26.325 [info] > git rev-parse --show-toplevel [5ms]
2024-07-10 18:41:26.325 [info] > git rev-parse --show-toplevel [3ms]
2024-07-10 18:41:26.325 [info] > git rev-parse --show-toplevel [3ms]
2024-07-10 18:41:26.325 [info] > git rev-parse --git-dir --git-common-dir [3ms]
2024-07-10 18:41:26.325 [info] Open repository: /home/student/P01-Atelier-cedricRGT45
2024-07-10 18:41:26.325 [info] > git config --get commit.template [7ms]
2024-07-10 18:41:26.326 [info] > git rev-parse --show-toplevel [9ms]
2024-07-10 18:41:26.326 [info] > git for-each-ref --format=%(refname)%00%(upstream:short)%00%(objectname)%00%(upstream:track)%00%(upstream:remotename)%00%(upstream:remoteref) refs/heads/master refs/remotes/master [9ms]
2024-07-10 18:41:26.326 [warning] ENOENT: no such file or directory, open '/home/student/P01-Atelier-cedricRGT45/.git/refs/remotes/origin/master'
2024-07-10 18:41:26.326 [info] > git rev-parse --git-dir --git-common-dir [9ms]
2024-07-10 18:41:26.326 [info] Open repository: /home/student/P01-Parcours_dev-cedricRGT45
2024-07-10 18:41:26.326 [info] > git rev-parse refs/remotes/origin/master [28ms]
2024-07-10 18:41:26.326 [info] > git config --get commit.template [9ms]
2024-07-10 18:41:26.326 [info] > git for-each-ref --format=%(refname)%00%(upstream:short)%00%(objectname)%00%(upstream:track)%00%(upstream:remotename)%00%(upstream:remoteref) refs/heads/master refs/remotes/master [5ms]
2024-07-10 18:41:26.326 [info] > git status -z -uall [28ms]
2024-07-10 18:41:26.326 [info] > git status -z -uall [33ms]
2024-07-10 18:41:26.326 [info] > git for-each-ref --format=%(refname)%00%(upstream:short)%00%(objectname)%00%(upstream:track)%00%(upstream:remotename)%00%(upstream:remoteref) refs/heads/master refs/remotes/master [19ms]
2024-07-10 18:41:26.326 [info] > git for-each-ref --format=%(refname)%00%(upstream:short)%00%(objectname)%00%(upstream:track)%00%(upstream:remotename)%00%(upstream:remoteref) refs/heads/master refs/remotes/master [42ms]
2024-07-10 18:41:26.326 [info] > git config --local branch.master.vscode-merge-base [58ms]
2024-07-10 18:41:26.326 [info] > git config --get commit.template [75ms]
2024-07-10 18:41:26.326 [info] > git config --local branch.master.vscode-merge-base [10ms]
2024-07-10 18:41:26.326 [info] > git config --get commit.template [26ms]
2024-07-10 18:41:26.326 [info] > git for-each-ref --format=%(refname)%00%(upstream:short)%00%(objectname)%00%(upstream:track)%00%(upstream:remotename)%00%(upstream:remoteref) refs/heads/origin/master refs/remotes/origin/master [18ms]
2024-07-10 18:41:26.326 [info] > git for-each-ref --format=%(refname)%00%(upstream:short)%00%(objectname)%00%(upstream:track)%00%(upstream:remotename)%00%(upstream:remoteref) refs/heads/master refs/remotes/master [13ms]
2024-07-10 18:41:26.326 [info] > git for-each-ref --format=%(refname)%00%(upstream:short)%00%(objectname)%00%(upstream:track)%00%(upstream:remotename)%00%(upstream:remoteref) refs/heads/origin/master refs/remotes/origin/master [21ms]
2024-07-10 18:41:26.326 [warning] ENOENT: no such file or directory, open '/home/student/P01-Atelier-cedricRGT45/.git/refs/remotes/origin/master'
2024-07-10 18:41:26.326 [info] > git status -z -uall [373ms] (cancelled)
2024-07-10 18:41:26.326 [info] > git for-each-ref --format=%(refname)%00%(upstream:short)%00%(objectname)%00%(upstream:track)%00%(upstream:remotename)%00%(upstream:remoteref) refs/heads/master refs/remotes/master [34ms]
2024-07-10 18:41:26.326 [info] > git merge-base refs/heads/master refs/remotes/origin/master [39ms]
2024-07-10 18:41:26.326 [info] > git rev-parse refs/remotes/origin/master [32ms]
2024-07-10 18:41:26.326 [info] > git merge-base refs/heads/master refs/remotes/origin/master [40ms]
2024-07-10 18:41:26.326 [info] > git rev-list --count --left-right refs/heads/master...refs/remotes/origin/master [15ms]
2024-07-10 18:41:26.326 [info] > git status -z -uall [16ms]
2024-07-10 18:41:26.326 [info] > git rev-list --count --left-right refs/heads/master...refs/remotes/origin/master [19ms]
2024-07-10 18:41:26.326 [info] > git for-each-ref --format=%(refname)%00%(upstream:short)%00%(objectname)%00%(upstream:track)%00%(upstream:remotename)%00%(upstream:remoteref) refs/heads/master refs/remotes/master [14ms]
2024-07-10 18:41:26.326 [info] > git diff --name-status -z --diff-filter=ADMR a613dd18878647b208b6ea7b58ca1aa45040182f...refs/remotes/origin/master [27ms]
2024-07-10 18:41:26.326 [info] > git status -z -uall [12ms]
2024-07-10 18:41:26.326 [info] > git diff --name-status -z --diff-filter=ADMR 2fc650aa6104e8054e535196d3c6923a241673a6...refs/remotes/origin/master [25ms]
2024-07-10 18:41:26.326 [info] > git for-each-ref --format=%(refname)%00%(upstream:short)%00%(objectname)%00%(upstream:track)%00%(upstream:remotename)%00%(upstream:remoteref) refs/heads/master refs/remotes/master [4ms]
2024-07-10 18:41:26.326 [info] > git config --local branch.master.vscode-merge-base [20ms]
2024-07-10 18:41:26.326 [info] > git config --local branch.master.vscode-merge-base [7ms]
2024-07-10 18:41:26.327 [info] > git for-each-ref --format=%(refname)%00%(upstream:short)%00%(objectname)%00%(upstream:track)%00%(upstream:remotename)%00%(upstream:remoteref) refs/heads/origin/master refs/remotes/origin/master [10ms]
2024-07-10 18:41:26.328 [info] > git for-each-ref --format=%(refname)%00%(upstream:short)%00%(objectname)%00%(upstream:track)%00%(upstream:remotename)%00%(upstream:remoteref) refs/heads/origin/master refs/remotes/origin/master [5ms]
2024-07-10 18:47:37.914 [info] > git check-ignore -v -z --stdin [14ms]
2024-07-10 18:47:37.916 [info] > git check-ignore -v -z --stdin [10ms]
2024-07-10 18:47:37.931 [info] > git check-ignore -v -z --stdin [19ms]
2024-07-10 18:47:43.740 [info] > git check-ignore -v -z --stdin [30ms]
2024-07-10 18:47:48.306 [info] > git check-ignore -v -z --stdin [18ms]
2024-07-10 18:47:57.021 [info] > git check-ignore -v -z --stdin [16ms]
2024-07-10 18:47:59.045 [info] > git show --textconv :P01-Parcours_dev-Mederick-ROBERT/projet/docker-compose.yml [11ms]
2024-07-10 18:47:59.050 [info] > git ls-files --stage -- /home/student/P01-Parcours_dev-Mederick-ROBERT/projet/docker-compose.yml [10ms]
2024-07-10 18:48:36.445 [info] > git check-ignore -v -z --stdin [15ms]
2024-07-10 18:49:31.664 [info] > git check-ignore -v -z --stdin [20ms]
2024-07-10 18:49:33.437 [info] > git check-ignore -v -z --stdin [13ms]
2024-07-10 18:49:36.472 [info] > git check-ignore -v -z --stdin [16ms]
2024-07-10 18:54:24.306 [info] > git check-ignore -v -z --stdin [13ms]
2024-07-10 18:54:38.253 [info] > git check-ignore -v -z --stdin [9ms]
2024-07-10 18:54:39.760 [info] > git check-ignore -v -z --stdin [11ms]
2024-07-10 18:54:41.487 [info] > git check-ignore -v -z --stdin [10ms]
2024-07-10 18:54:43.172 [info] > git check-ignore -v -z --stdin [15ms]
2024-07-10 18:59:47.495 [info] > git check-ignore -v -z --stdin [10ms]
2024-07-10 19:00:45.611 [info] > git check-ignore -v -z --stdin [18ms]
2024-07-10 19:00:48.527 [info] > git check-ignore -v -z --stdin [12ms]
2024-07-10 19:00:48.880 [info] > git show --textconv :sudo [12ms]
2024-07-10 19:00:48.885 [info] > git ls-files --stage -- /home/student/sudo [11ms]
2024-07-10 19:00:48.892 [info] > git cat-file -s e69de29bb2d1d6434b8b29ae775ad8c2e48c5391 [3ms]
2024-07-10 19:01:03.032 [info] > git check-ignore -v -z --stdin [13ms]
2024-07-10 19:05:37.838 [info] > git show --textconv :P01-Parcours_dev-Mederick-ROBERT/projet/docker-compose.yml [12ms]
2024-07-10 19:05:37.845 [info] > git ls-files --stage -- /home/student/P01-Parcours_dev-Mederick-ROBERT/projet/docker-compose.yml [13ms]
2024-07-10 19:06:27.949 [info] > git show --textconv :P01-Parcours_dev-Mederick-ROBERT/projet/frontend/src/pages/App.tsx [62ms]
2024-07-10 19:06:27.950 [info] > git ls-files --stage -- /home/student/P01-Parcours_dev-Mederick-ROBERT/projet/frontend/src/pages/App.tsx [51ms]
2024-07-10 19:06:32.563 [info] > git show --textconv :P01-Parcours_dev-Mederick-ROBERT/projet/docker-compose.yml [17ms]
2024-07-10 19:06:32.572 [info] > git ls-files --stage -- /home/student/P01-Parcours_dev-Mederick-ROBERT/projet/docker-compose.yml [16ms]
2024-07-10 19:07:20.004 [info] > git check-ignore -v -z --stdin [4ms]
2024-07-10 19:07:21.909 [info] > git check-ignore -v -z --stdin [3ms]
2024-07-10 19:08:02.550 [info] > git check-ignore -v -z --stdin [5ms]
2024-07-10 19:08:03.992 [info] > git check-ignore -v -z --stdin [3ms]
2024-07-10 19:08:05.643 [info] > git check-ignore -v -z --stdin [2ms]
2024-07-10 19:08:16.458 [info] > git config --get commit.template [14ms]
2024-07-10 19:08:16.459 [info] > git for-each-ref --format=%(refname)%00%(upstream:short)%00%(objectname)%00%(upstream:track)%00%(upstream:remotename)%00%(upstream:remoteref) refs/heads/master refs/remotes/master [3ms]
2024-07-10 19:08:16.470 [info] > git status -z -uall [5ms]
2024-07-10 19:08:16.480 [info] > git for-each-ref --format=%(refname)%00%(upstream:short)%00%(objectname)%00%(upstream:track)%00%(upstream:remotename)%00%(upstream:remoteref) refs/heads/master refs/remotes/master [4ms]
2024-07-10 19:08:16.487 [info] > git config --local branch.master.vscode-merge-base [2ms]
2024-07-10 19:08:16.496 [info] > git for-each-ref --format=%(refname)%00%(upstream:short)%00%(objectname)%00%(upstream:track)%00%(upstream:remotename)%00%(upstream:remoteref) refs/heads/origin/master refs/remotes/origin/master [3ms]
2024-07-10 19:09:13.553 [info] > git check-ignore -v -z --stdin [7ms]
2024-07-10 19:09:16.569 [info] > git check-ignore -v -z --stdin [2ms]
2024-07-10 19:09:18.797 [info] > git check-ignore -v -z --stdin [1ms]
2024-07-10 19:09:19.717 [info] > git check-ignore -v -z --stdin [3ms]
2024-07-10 19:09:22.174 [info] > git check-ignore -v -z --stdin [3ms]
2024-07-10 19:09:55.564 [info] > git show --textconv :P01-Parcours_dev-Mederick-ROBERT/projet/frontend/src/main.tsx [10ms]
2024-07-10 19:09:55.570 [info] > git ls-files --stage -- /home/student/P01-Parcours_dev-Mederick-ROBERT/projet/frontend/src/main.tsx [10ms]
