2024-05-31 12:01:53.629 [info] Log level: Info
2024-05-31 12:01:53.629 [info] Validating found git in: "git"
2024-05-31 12:01:53.629 [info] Using git "2.34.1" from "git"
2024-05-31 12:01:53.629 [info] > git rev-parse --show-toplevel [11ms]
2024-05-31 12:01:53.629 [info] fatal: not a git repository (or any of the parent directories): .git
2024-05-31 12:01:53.629 [info] > git rev-parse --show-toplevel [16ms]
2024-05-31 12:01:53.629 [info] fatal: not a git repository (or any of the parent directories): .git
2024-05-31 12:01:53.629 [info] > git rev-parse --show-toplevel [9ms]
2024-05-31 12:01:53.629 [info] fatal: not a git repository (or any parent up to mount point /)
Stopping at filesystem boundary (GIT_DISCOVERY_ACROSS_FILESYSTEM not set).
2024-05-31 12:01:53.645 [info] > git rev-parse --show-toplevel [2ms]
2024-05-31 12:01:53.645 [info] fatal: not a git repository (or any of the parent directories): .git
2024-05-31 12:01:53.763 [info] > git rev-parse --show-toplevel [105ms]
2024-05-31 12:01:53.763 [info] fatal: not a git repository (or any of the parent directories): .git
2024-05-31 12:01:53.793 [info] > git rev-parse --show-toplevel [2ms]
2024-05-31 12:01:53.793 [info] fatal: not a git repository (or any of the parent directories): .git
2024-05-31 12:01:53.808 [info] > git rev-parse --show-toplevel [2ms]
2024-05-31 12:01:53.808 [info] fatal: not a git repository (or any of the parent directories): .git
2024-05-31 12:01:53.823 [info] > git rev-parse --show-toplevel [2ms]
2024-05-31 12:01:53.824 [info] fatal: not a git repository (or any of the parent directories): .git
2024-05-31 12:01:53.849 [info] > git rev-parse --show-toplevel [10ms]
2024-05-31 12:01:53.849 [info] fatal: not a git repository (or any parent up to mount point /)
Stopping at filesystem boundary (GIT_DISCOVERY_ACROSS_FILESYSTEM not set).
2024-05-31 12:01:53.878 [info] > git rev-parse --show-toplevel [2ms]
2024-05-31 12:01:53.878 [info] fatal: not a git repository (or any parent up to mount point /)
Stopping at filesystem boundary (GIT_DISCOVERY_ACROSS_FILESYSTEM not set).
2024-05-31 12:01:53.893 [info] > git rev-parse --show-toplevel [3ms]
2024-05-31 12:01:53.893 [info] fatal: not a git repository (or any of the parent directories): .git
2024-05-31 12:01:53.909 [info] > git rev-parse --show-toplevel [2ms]
2024-05-31 12:01:53.909 [info] fatal: not a git repository (or any of the parent directories): .git
2024-05-31 12:01:53.925 [info] > git rev-parse --show-toplevel [2ms]
2024-05-31 12:01:53.925 [info] fatal: not a git repository (or any parent up to mount point /)
Stopping at filesystem boundary (GIT_DISCOVERY_ACROSS_FILESYSTEM not set).
2024-05-31 12:01:53.939 [info] > git rev-parse --show-toplevel [2ms]
2024-05-31 12:01:53.940 [info] fatal: not a git repository (or any of the parent directories): .git
2024-05-31 12:01:53.955 [info] > git rev-parse --show-toplevel [2ms]
2024-05-31 12:01:53.955 [info] fatal: not a git repository (or any of the parent directories): .git
2024-05-31 12:01:53.975 [info] > git rev-parse --show-toplevel [2ms]
2024-05-31 12:01:53.975 [info] fatal: not a git repository (or any of the parent directories): .git
2024-05-31 12:01:58.046 [info] > git rev-parse --show-toplevel [5ms]
2024-05-31 12:01:58.046 [info] fatal: not a git repository (or any of the parent directories): .git
2024-05-31 12:02:04.477 [info] > git rev-parse --show-toplevel [5ms]
2024-05-31 12:02:04.477 [info] fatal: not a git repository (or any of the parent directories): .git
