2024-05-31 11:43:59.500 [info] Extension host with pid 39066 started
2024-05-31 11:43:59.535 [info] Lock '/home/student/.vscode-server/data/User/workspaceStorage/5a2915a91ec150ae05f18a5fbc4e7562/vscode.lock': Lock acquired.
2024-05-31 11:44:00.651 [info] ExtensionService#_doActivateExtension vscode.tunnel-forwarding, startup: false, activationEvent: 'onTunnel'
2024-05-31 11:44:00.661 [info] ExtensionService#_doActivateExtension vscode.typescript-language-features, startup: false, activationEvent: 'onLanguage:typescriptreact'
2024-05-31 11:44:00.662 [info] ExtensionService#_doActivateExtension vscode.emmet, startup: false, activationEvent: 'onLanguage'
2024-05-31 11:44:01.666 [info] ExtensionService#_doActivateExtension vscode.git-base, startup: true, activationEvent: '*', root cause: vscode.git
2024-05-31 11:44:01.672 [info] ExtensionService#_doActivateExtension vscode.npm, startup: true, activationEvent: 'workspaceContains:package.json'
2024-05-31 11:44:03.308 [info] ExtensionService#_doActivateExtension vscode.git, startup: true, activationEvent: '*'
2024-05-31 11:44:03.309 [info] ExtensionService#_doActivateExtension vscode.github, startup: true, activationEvent: '*'
2024-05-31 11:44:05.245 [info] Eager extensions activated
2024-05-31 11:44:05.246 [info] ExtensionService#_doActivateExtension vscode.debug-auto-launch, startup: false, activationEvent: 'onStartupFinished'
2024-05-31 11:44:05.248 [info] ExtensionService#_doActivateExtension vscode.merge-conflict, startup: false, activationEvent: 'onStartupFinished'
2024-05-31 11:45:54.496 [info] ExtensionService#_doActivateExtension vscode.html-language-features, startup: false, activationEvent: 'onLanguage:html'
2024-05-31 12:01:31.568 [info] ExtensionService#_doActivateExtension ms-vsliveshare.vsliveshare, startup: false, activationEvent: 'onUri:ms-vsliveshare.vsliveshare'
2024-05-31 12:01:35.647 [error] Error: method:chat.getMessageHistory not supported
	at handleResponse (/home/student/.vscode-server/extensions/ms-vsliveshare.vsliveshare-1.0.5918/extension.js:94:1664782)
	at processMessageQueue (/home/student/.vscode-server/extensions/ms-vsliveshare.vsliveshare-1.0.5918/extension.js:94:1665076)
	at Immediate.<anonymous> (/home/student/.vscode-server/extensions/ms-vsliveshare.vsliveshare-1.0.5918/extension.js:94:1665476)
	at process.processImmediate (node:internal/timers:476:21)
2024-05-31 12:01:35.741 [error] TypeError: Cannot read properties of undefined (reading 'getCollaboratorCount')
	at JoinedState.<anonymous> (/home/student/.vscode-server/extensions/ms-vsliveshare.vsliveshare-1.0.5918/extension.js:94:597656)
	at Generator.next (<anonymous>)
	at /home/student/.vscode-server/extensions/ms-vsliveshare.vsliveshare-1.0.5918/extension.js:94:589957
	at new Promise (<anonymous>)
	at v (/home/student/.vscode-server/extensions/ms-vsliveshare.vsliveshare-1.0.5918/extension.js:94:589643)
	at JoinedState.innerUpdateCollabStatusBarItem (/home/student/.vscode-server/extensions/ms-vsliveshare.vsliveshare-1.0.5918/extension.js:94:597445)
	at JoinedState.<anonymous> (/home/student/.vscode-server/extensions/ms-vsliveshare.vsliveshare-1.0.5918/extension.js:94:596776)
	at Generator.next (<anonymous>)
	at /home/student/.vscode-server/extensions/ms-vsliveshare.vsliveshare-1.0.5918/extension.js:94:589957
	at new Promise (<anonymous>)
	at v (/home/student/.vscode-server/extensions/ms-vsliveshare.vsliveshare-1.0.5918/extension.js:94:589643)
	at JoinedState.updateCollabStatusBarItem (/home/student/.vscode-server/extensions/ms-vsliveshare.vsliveshare-1.0.5918/extension.js:94:596730)
	at StatusBarController.<anonymous> (/home/student/.vscode-server/extensions/ms-vsliveshare.vsliveshare-1.0.5918/extension.js:94:593013)
	at Generator.next (<anonymous>)
	at fulfilled (/home/student/.vscode-server/extensions/ms-vsliveshare.vsliveshare-1.0.5918/extension.js:94:589711)
	at process.processTicksAndRejections (node:internal/process/task_queues:95:5)
2024-05-31 12:06:47.535 [info] Extension host terminating: renderer disconnected for too long (2)
2024-05-31 12:06:47.537 [info] Lock '/home/student/.vscode-server/data/User/workspaceStorage/5a2915a91ec150ae05f18a5fbc4e7562/vscode.lock': Marking the lockfile as scheduled to be released in 6000 ms.
2024-05-31 12:06:47.606 [error] TypeError: Cannot read properties of undefined (reading 'stop')
	at SessionTelemetry.endSession (/home/student/.vscode-server/extensions/ms-vsliveshare.vsliveshare-1.0.5918/extension.js:94:632233)
	at SessionContext.updateTelemetryContext (/home/student/.vscode-server/extensions/ms-vsliveshare.vsliveshare-1.0.5918/extension.js:94:206266)
	at SessionContext.onSessionStateChanged (/home/student/.vscode-server/extensions/ms-vsliveshare.vsliveshare-1.0.5918/extension.js:94:209604)
	at o.y (/home/student/.vscode-server/cli/servers/Stable-dc96b837cf6bb4af9cd736aa3af08cf8279f7685/server/out/vs/workbench/api/node/extensionHostProcess.js:82:660)
	at o.z (/home/student/.vscode-server/cli/servers/Stable-dc96b837cf6bb4af9cd736aa3af08cf8279f7685/server/out/vs/workbench/api/node/extensionHostProcess.js:82:730)
	at o.fire (/home/student/.vscode-server/cli/servers/Stable-dc96b837cf6bb4af9cd736aa3af08cf8279f7685/server/out/vs/workbench/api/node/extensionHostProcess.js:82:946)
	at SessionStateTracker.setState (/home/student/.vscode-server/extensions/ms-vsliveshare.vsliveshare-1.0.5918/extension.js:94:214149)
	at SessionStateTracker.transition (/home/student/.vscode-server/extensions/ms-vsliveshare.vsliveshare-1.0.5918/extension.js:94:213858)
	at LeaveCollaborationCommand.invoke (/home/student/.vscode-server/extensions/ms-vsliveshare.vsliveshare-1.0.5918/extension.js:94:2016311)
	at processTicksAndRejections (node:internal/process/task_queues:95:5)
	at runNextTicks (node:internal/process/task_queues:64:3)
	at listOnTimeout (node:internal/timers:538:9)
	at process.processTimers (node:internal/timers:512:7)
2024-05-31 12:06:47.617 [error] Canceled: Canceled
	at new O (/home/student/.vscode-server/cli/servers/Stable-dc96b837cf6bb4af9cd736aa3af08cf8279f7685/server/out/vs/workbench/api/node/extensionHostProcess.js:145:47131)
	at c.U (/home/student/.vscode-server/cli/servers/Stable-dc96b837cf6bb4af9cd736aa3af08cf8279f7685/server/out/vs/workbench/api/node/extensionHostProcess.js:152:5542)
	at F.<computed>.z.charCodeAt.F.<computed> (/home/student/.vscode-server/cli/servers/Stable-dc96b837cf6bb4af9cd736aa3af08cf8279f7685/server/out/vs/workbench/api/node/extensionHostProcess.js:152:2993)
	at r.g (/home/student/.vscode-server/cli/servers/Stable-dc96b837cf6bb4af9cd736aa3af08cf8279f7685/server/out/vs/workbench/api/node/extensionHostProcess.js:155:188928)
	at r.executeCommand (/home/student/.vscode-server/cli/servers/Stable-dc96b837cf6bb4af9cd736aa3af08cf8279f7685/server/out/vs/workbench/api/node/extensionHostProcess.js:155:188366)
	at E.registerCommand.description (/home/student/.vscode-server/cli/servers/Stable-dc96b837cf6bb4af9cd736aa3af08cf8279f7685/server/out/vs/workbench/api/node/extensionHostProcess.js:155:187690)
	at r.h (/home/student/.vscode-server/cli/servers/Stable-dc96b837cf6bb4af9cd736aa3af08cf8279f7685/server/out/vs/workbench/api/node/extensionHostProcess.js:155:189467)
	at r.g (/home/student/.vscode-server/cli/servers/Stable-dc96b837cf6bb4af9cd736aa3af08cf8279f7685/server/out/vs/workbench/api/node/extensionHostProcess.js:155:188459)
	at r.executeCommand (/home/student/.vscode-server/cli/servers/Stable-dc96b837cf6bb4af9cd736aa3af08cf8279f7685/server/out/vs/workbench/api/node/extensionHostProcess.js:155:188366)
	at Object.executeCommand (/home/student/.vscode-server/cli/servers/Stable-dc96b837cf6bb4af9cd736aa3af08cf8279f7685/server/out/vs/workbench/api/node/extensionHostProcess.js:165:22673)
	at a.O [as value] (/home/student/.vscode-server/cli/servers/Stable-dc96b837cf6bb4af9cd736aa3af08cf8279f7685/server/extensions/git/dist/main.js:2:945138)
	at o.y (/home/student/.vscode-server/cli/servers/Stable-dc96b837cf6bb4af9cd736aa3af08cf8279f7685/server/out/vs/workbench/api/node/extensionHostProcess.js:82:660)
	at o.z (/home/student/.vscode-server/cli/servers/Stable-dc96b837cf6bb4af9cd736aa3af08cf8279f7685/server/out/vs/workbench/api/node/extensionHostProcess.js:82:730)
	at o.fire (/home/student/.vscode-server/cli/servers/Stable-dc96b837cf6bb4af9cd736aa3af08cf8279f7685/server/out/vs/workbench/api/node/extensionHostProcess.js:82:946)
	at Object.p [as dispose] (/home/student/.vscode-server/cli/servers/Stable-dc96b837cf6bb4af9cd736aa3af08cf8279f7685/server/extensions/git/dist/main.js:2:964222)
	at /home/student/.vscode-server/cli/servers/Stable-dc96b837cf6bb4af9cd736aa3af08cf8279f7685/server/extensions/git/dist/main.js:2:970260
	at Array.forEach (<anonymous>)
	at f.dispose (/home/student/.vscode-server/cli/servers/Stable-dc96b837cf6bb4af9cd736aa3af08cf8279f7685/server/extensions/git/dist/main.js:2:970246)
	at h.<anonymous> (/home/student/.vscode-server/cli/servers/Stable-dc96b837cf6bb4af9cd736aa3af08cf8279f7685/server/out/vs/workbench/api/node/extensionHostProcess.js:153:3955)
	at h.dispose (/home/student/.vscode-server/cli/servers/Stable-dc96b837cf6bb4af9cd736aa3af08cf8279f7685/server/out/vs/workbench/api/node/extensionHostProcess.js:153:4052)
	at h.<anonymous> (/home/student/.vscode-server/cli/servers/Stable-dc96b837cf6bb4af9cd736aa3af08cf8279f7685/server/extensions/git/dist/main.js:2:947395)
	at h.dispose (/home/student/.vscode-server/cli/servers/Stable-dc96b837cf6bb4af9cd736aa3af08cf8279f7685/server/out/vs/workbench/api/node/extensionHostProcess.js:153:4052)
	at a (/home/student/.vscode-server/cli/servers/Stable-dc96b837cf6bb4af9cd736aa3af08cf8279f7685/server/out/vs/workbench/api/node/extensionHostProcess.js:30:744)
	at f.eb (/home/student/.vscode-server/cli/servers/Stable-dc96b837cf6bb4af9cd736aa3af08cf8279f7685/server/out/vs/workbench/api/node/extensionHostProcess.js:161:9975)
	at /home/student/.vscode-server/cli/servers/Stable-dc96b837cf6bb4af9cd736aa3af08cf8279f7685/server/out/vs/workbench/api/node/extensionHostProcess.js:161:7824
	at Array.map (<anonymous>)
	at f.$ (/home/student/.vscode-server/cli/servers/Stable-dc96b837cf6bb4af9cd736aa3af08cf8279f7685/server/out/vs/workbench/api/node/extensionHostProcess.js:161:7811)
	at f.terminate (/home/student/.vscode-server/cli/servers/Stable-dc96b837cf6bb4af9cd736aa3af08cf8279f7685/server/out/vs/workbench/api/node/extensionHostProcess.js:161:8085)
	at a.terminate (/home/student/.vscode-server/cli/servers/Stable-dc96b837cf6bb4af9cd736aa3af08cf8279f7685/server/out/vs/workbench/api/node/extensionHostProcess.js:165:1513)
	at t (/home/student/.vscode-server/cli/servers/Stable-dc96b837cf6bb4af9cd736aa3af08cf8279f7685/server/out/vs/workbench/api/node/extensionHostProcess.js:178:9922)
	at T.a (/home/student/.vscode-server/cli/servers/Stable-dc96b837cf6bb4af9cd736aa3af08cf8279f7685/server/out/vs/workbench/api/node/extensionHostProcess.js:178:6715)
	at T.h (/home/student/.vscode-server/cli/servers/Stable-dc96b837cf6bb4af9cd736aa3af08cf8279f7685/server/out/vs/workbench/api/node/extensionHostProcess.js:99:20709)
	at listOnTimeout (node:internal/timers:569:17)
	at process.processTimers (node:internal/timers:512:7) setContext undefined
2024-05-31 12:06:47.618 [error] Canceled: Canceled
	at new O (/home/student/.vscode-server/cli/servers/Stable-dc96b837cf6bb4af9cd736aa3af08cf8279f7685/server/out/vs/workbench/api/node/extensionHostProcess.js:145:47131)
	at c.U (/home/student/.vscode-server/cli/servers/Stable-dc96b837cf6bb4af9cd736aa3af08cf8279f7685/server/out/vs/workbench/api/node/extensionHostProcess.js:152:5542)
	at F.<computed>.z.charCodeAt.F.<computed> (/home/student/.vscode-server/cli/servers/Stable-dc96b837cf6bb4af9cd736aa3af08cf8279f7685/server/out/vs/workbench/api/node/extensionHostProcess.js:152:2993)
	at r.g (/home/student/.vscode-server/cli/servers/Stable-dc96b837cf6bb4af9cd736aa3af08cf8279f7685/server/out/vs/workbench/api/node/extensionHostProcess.js:155:188928)
	at r.executeCommand (/home/student/.vscode-server/cli/servers/Stable-dc96b837cf6bb4af9cd736aa3af08cf8279f7685/server/out/vs/workbench/api/node/extensionHostProcess.js:155:188366)
	at E.registerCommand.description (/home/student/.vscode-server/cli/servers/Stable-dc96b837cf6bb4af9cd736aa3af08cf8279f7685/server/out/vs/workbench/api/node/extensionHostProcess.js:155:187690)
	at r.h (/home/student/.vscode-server/cli/servers/Stable-dc96b837cf6bb4af9cd736aa3af08cf8279f7685/server/out/vs/workbench/api/node/extensionHostProcess.js:155:189467)
	at r.g (/home/student/.vscode-server/cli/servers/Stable-dc96b837cf6bb4af9cd736aa3af08cf8279f7685/server/out/vs/workbench/api/node/extensionHostProcess.js:155:188459)
	at r.executeCommand (/home/student/.vscode-server/cli/servers/Stable-dc96b837cf6bb4af9cd736aa3af08cf8279f7685/server/out/vs/workbench/api/node/extensionHostProcess.js:155:188366)
	at Object.executeCommand (/home/student/.vscode-server/cli/servers/Stable-dc96b837cf6bb4af9cd736aa3af08cf8279f7685/server/out/vs/workbench/api/node/extensionHostProcess.js:165:22673)
	at a.O [as value] (/home/student/.vscode-server/cli/servers/Stable-dc96b837cf6bb4af9cd736aa3af08cf8279f7685/server/extensions/git/dist/main.js:2:945138)
	at o.y (/home/student/.vscode-server/cli/servers/Stable-dc96b837cf6bb4af9cd736aa3af08cf8279f7685/server/out/vs/workbench/api/node/extensionHostProcess.js:82:660)
	at o.z (/home/student/.vscode-server/cli/servers/Stable-dc96b837cf6bb4af9cd736aa3af08cf8279f7685/server/out/vs/workbench/api/node/extensionHostProcess.js:82:730)
	at o.fire (/home/student/.vscode-server/cli/servers/Stable-dc96b837cf6bb4af9cd736aa3af08cf8279f7685/server/out/vs/workbench/api/node/extensionHostProcess.js:82:946)
	at Object.p [as dispose] (/home/student/.vscode-server/cli/servers/Stable-dc96b837cf6bb4af9cd736aa3af08cf8279f7685/server/extensions/git/dist/main.js:2:964222)
	at /home/student/.vscode-server/cli/servers/Stable-dc96b837cf6bb4af9cd736aa3af08cf8279f7685/server/extensions/git/dist/main.js:2:970260
	at Array.forEach (<anonymous>)
	at f.dispose (/home/student/.vscode-server/cli/servers/Stable-dc96b837cf6bb4af9cd736aa3af08cf8279f7685/server/extensions/git/dist/main.js:2:970246)
	at h.<anonymous> (/home/student/.vscode-server/cli/servers/Stable-dc96b837cf6bb4af9cd736aa3af08cf8279f7685/server/out/vs/workbench/api/node/extensionHostProcess.js:153:3955)
	at h.dispose (/home/student/.vscode-server/cli/servers/Stable-dc96b837cf6bb4af9cd736aa3af08cf8279f7685/server/out/vs/workbench/api/node/extensionHostProcess.js:153:4052)
	at h.<anonymous> (/home/student/.vscode-server/cli/servers/Stable-dc96b837cf6bb4af9cd736aa3af08cf8279f7685/server/extensions/git/dist/main.js:2:947395)
	at h.dispose (/home/student/.vscode-server/cli/servers/Stable-dc96b837cf6bb4af9cd736aa3af08cf8279f7685/server/out/vs/workbench/api/node/extensionHostProcess.js:153:4052)
	at a (/home/student/.vscode-server/cli/servers/Stable-dc96b837cf6bb4af9cd736aa3af08cf8279f7685/server/out/vs/workbench/api/node/extensionHostProcess.js:30:744)
	at f.eb (/home/student/.vscode-server/cli/servers/Stable-dc96b837cf6bb4af9cd736aa3af08cf8279f7685/server/out/vs/workbench/api/node/extensionHostProcess.js:161:9975)
	at /home/student/.vscode-server/cli/servers/Stable-dc96b837cf6bb4af9cd736aa3af08cf8279f7685/server/out/vs/workbench/api/node/extensionHostProcess.js:161:7824
	at Array.map (<anonymous>)
	at f.$ (/home/student/.vscode-server/cli/servers/Stable-dc96b837cf6bb4af9cd736aa3af08cf8279f7685/server/out/vs/workbench/api/node/extensionHostProcess.js:161:7811)
	at f.terminate (/home/student/.vscode-server/cli/servers/Stable-dc96b837cf6bb4af9cd736aa3af08cf8279f7685/server/out/vs/workbench/api/node/extensionHostProcess.js:161:8085)
	at a.terminate (/home/student/.vscode-server/cli/servers/Stable-dc96b837cf6bb4af9cd736aa3af08cf8279f7685/server/out/vs/workbench/api/node/extensionHostProcess.js:165:1513)
	at t (/home/student/.vscode-server/cli/servers/Stable-dc96b837cf6bb4af9cd736aa3af08cf8279f7685/server/out/vs/workbench/api/node/extensionHostProcess.js:178:9922)
	at T.a (/home/student/.vscode-server/cli/servers/Stable-dc96b837cf6bb4af9cd736aa3af08cf8279f7685/server/out/vs/workbench/api/node/extensionHostProcess.js:178:6715)
	at T.h (/home/student/.vscode-server/cli/servers/Stable-dc96b837cf6bb4af9cd736aa3af08cf8279f7685/server/out/vs/workbench/api/node/extensionHostProcess.js:99:20709)
	at listOnTimeout (node:internal/timers:569:17)
	at process.processTimers (node:internal/timers:512:7) setContext undefined
2024-05-31 12:06:47.618 [error] Canceled: Canceled
	at new O (/home/student/.vscode-server/cli/servers/Stable-dc96b837cf6bb4af9cd736aa3af08cf8279f7685/server/out/vs/workbench/api/node/extensionHostProcess.js:145:47131)
	at c.U (/home/student/.vscode-server/cli/servers/Stable-dc96b837cf6bb4af9cd736aa3af08cf8279f7685/server/out/vs/workbench/api/node/extensionHostProcess.js:152:5542)
	at F.<computed>.z.charCodeAt.F.<computed> (/home/student/.vscode-server/cli/servers/Stable-dc96b837cf6bb4af9cd736aa3af08cf8279f7685/server/out/vs/workbench/api/node/extensionHostProcess.js:152:2993)
	at r.g (/home/student/.vscode-server/cli/servers/Stable-dc96b837cf6bb4af9cd736aa3af08cf8279f7685/server/out/vs/workbench/api/node/extensionHostProcess.js:155:188928)
	at r.executeCommand (/home/student/.vscode-server/cli/servers/Stable-dc96b837cf6bb4af9cd736aa3af08cf8279f7685/server/out/vs/workbench/api/node/extensionHostProcess.js:155:188366)
	at E.registerCommand.description (/home/student/.vscode-server/cli/servers/Stable-dc96b837cf6bb4af9cd736aa3af08cf8279f7685/server/out/vs/workbench/api/node/extensionHostProcess.js:155:187690)
	at r.h (/home/student/.vscode-server/cli/servers/Stable-dc96b837cf6bb4af9cd736aa3af08cf8279f7685/server/out/vs/workbench/api/node/extensionHostProcess.js:155:189467)
	at r.g (/home/student/.vscode-server/cli/servers/Stable-dc96b837cf6bb4af9cd736aa3af08cf8279f7685/server/out/vs/workbench/api/node/extensionHostProcess.js:155:188459)
	at r.executeCommand (/home/student/.vscode-server/cli/servers/Stable-dc96b837cf6bb4af9cd736aa3af08cf8279f7685/server/out/vs/workbench/api/node/extensionHostProcess.js:155:188366)
	at Object.executeCommand (/home/student/.vscode-server/cli/servers/Stable-dc96b837cf6bb4af9cd736aa3af08cf8279f7685/server/out/vs/workbench/api/node/extensionHostProcess.js:165:22673)
	at a.O [as value] (/home/student/.vscode-server/cli/servers/Stable-dc96b837cf6bb4af9cd736aa3af08cf8279f7685/server/extensions/git/dist/main.js:2:945138)
	at o.y (/home/student/.vscode-server/cli/servers/Stable-dc96b837cf6bb4af9cd736aa3af08cf8279f7685/server/out/vs/workbench/api/node/extensionHostProcess.js:82:660)
	at o.z (/home/student/.vscode-server/cli/servers/Stable-dc96b837cf6bb4af9cd736aa3af08cf8279f7685/server/out/vs/workbench/api/node/extensionHostProcess.js:82:730)
	at o.fire (/home/student/.vscode-server/cli/servers/Stable-dc96b837cf6bb4af9cd736aa3af08cf8279f7685/server/out/vs/workbench/api/node/extensionHostProcess.js:82:946)
	at Object.p [as dispose] (/home/student/.vscode-server/cli/servers/Stable-dc96b837cf6bb4af9cd736aa3af08cf8279f7685/server/extensions/git/dist/main.js:2:964222)
	at /home/student/.vscode-server/cli/servers/Stable-dc96b837cf6bb4af9cd736aa3af08cf8279f7685/server/extensions/git/dist/main.js:2:970260
	at Array.forEach (<anonymous>)
	at f.dispose (/home/student/.vscode-server/cli/servers/Stable-dc96b837cf6bb4af9cd736aa3af08cf8279f7685/server/extensions/git/dist/main.js:2:970246)
	at h.<anonymous> (/home/student/.vscode-server/cli/servers/Stable-dc96b837cf6bb4af9cd736aa3af08cf8279f7685/server/out/vs/workbench/api/node/extensionHostProcess.js:153:3955)
	at h.dispose (/home/student/.vscode-server/cli/servers/Stable-dc96b837cf6bb4af9cd736aa3af08cf8279f7685/server/out/vs/workbench/api/node/extensionHostProcess.js:153:4052)
	at h.<anonymous> (/home/student/.vscode-server/cli/servers/Stable-dc96b837cf6bb4af9cd736aa3af08cf8279f7685/server/extensions/git/dist/main.js:2:947395)
	at h.dispose (/home/student/.vscode-server/cli/servers/Stable-dc96b837cf6bb4af9cd736aa3af08cf8279f7685/server/out/vs/workbench/api/node/extensionHostProcess.js:153:4052)
	at a (/home/student/.vscode-server/cli/servers/Stable-dc96b837cf6bb4af9cd736aa3af08cf8279f7685/server/out/vs/workbench/api/node/extensionHostProcess.js:30:744)
	at f.eb (/home/student/.vscode-server/cli/servers/Stable-dc96b837cf6bb4af9cd736aa3af08cf8279f7685/server/out/vs/workbench/api/node/extensionHostProcess.js:161:9975)
	at /home/student/.vscode-server/cli/servers/Stable-dc96b837cf6bb4af9cd736aa3af08cf8279f7685/server/out/vs/workbench/api/node/extensionHostProcess.js:161:7824
	at Array.map (<anonymous>)
	at f.$ (/home/student/.vscode-server/cli/servers/Stable-dc96b837cf6bb4af9cd736aa3af08cf8279f7685/server/out/vs/workbench/api/node/extensionHostProcess.js:161:7811)
	at f.terminate (/home/student/.vscode-server/cli/servers/Stable-dc96b837cf6bb4af9cd736aa3af08cf8279f7685/server/out/vs/workbench/api/node/extensionHostProcess.js:161:8085)
	at a.terminate (/home/student/.vscode-server/cli/servers/Stable-dc96b837cf6bb4af9cd736aa3af08cf8279f7685/server/out/vs/workbench/api/node/extensionHostProcess.js:165:1513)
	at t (/home/student/.vscode-server/cli/servers/Stable-dc96b837cf6bb4af9cd736aa3af08cf8279f7685/server/out/vs/workbench/api/node/extensionHostProcess.js:178:9922)
	at T.a (/home/student/.vscode-server/cli/servers/Stable-dc96b837cf6bb4af9cd736aa3af08cf8279f7685/server/out/vs/workbench/api/node/extensionHostProcess.js:178:6715)
	at T.h (/home/student/.vscode-server/cli/servers/Stable-dc96b837cf6bb4af9cd736aa3af08cf8279f7685/server/out/vs/workbench/api/node/extensionHostProcess.js:99:20709)
	at listOnTimeout (node:internal/timers:569:17)
	at process.processTimers (node:internal/timers:512:7) setContext undefined
2024-05-31 12:06:47.618 [error] Canceled: Canceled
	at new O (/home/student/.vscode-server/cli/servers/Stable-dc96b837cf6bb4af9cd736aa3af08cf8279f7685/server/out/vs/workbench/api/node/extensionHostProcess.js:145:47131)
	at c.U (/home/student/.vscode-server/cli/servers/Stable-dc96b837cf6bb4af9cd736aa3af08cf8279f7685/server/out/vs/workbench/api/node/extensionHostProcess.js:152:5542)
	at F.<computed>.z.charCodeAt.F.<computed> (/home/student/.vscode-server/cli/servers/Stable-dc96b837cf6bb4af9cd736aa3af08cf8279f7685/server/out/vs/workbench/api/node/extensionHostProcess.js:152:2993)
	at r.g (/home/student/.vscode-server/cli/servers/Stable-dc96b837cf6bb4af9cd736aa3af08cf8279f7685/server/out/vs/workbench/api/node/extensionHostProcess.js:155:188928)
	at r.executeCommand (/home/student/.vscode-server/cli/servers/Stable-dc96b837cf6bb4af9cd736aa3af08cf8279f7685/server/out/vs/workbench/api/node/extensionHostProcess.js:155:188366)
	at E.registerCommand.description (/home/student/.vscode-server/cli/servers/Stable-dc96b837cf6bb4af9cd736aa3af08cf8279f7685/server/out/vs/workbench/api/node/extensionHostProcess.js:155:187690)
	at r.h (/home/student/.vscode-server/cli/servers/Stable-dc96b837cf6bb4af9cd736aa3af08cf8279f7685/server/out/vs/workbench/api/node/extensionHostProcess.js:155:189467)
	at r.g (/home/student/.vscode-server/cli/servers/Stable-dc96b837cf6bb4af9cd736aa3af08cf8279f7685/server/out/vs/workbench/api/node/extensionHostProcess.js:155:188459)
	at r.executeCommand (/home/student/.vscode-server/cli/servers/Stable-dc96b837cf6bb4af9cd736aa3af08cf8279f7685/server/out/vs/workbench/api/node/extensionHostProcess.js:155:188366)
	at Object.executeCommand (/home/student/.vscode-server/cli/servers/Stable-dc96b837cf6bb4af9cd736aa3af08cf8279f7685/server/out/vs/workbench/api/node/extensionHostProcess.js:165:22673)
	at a.O [as value] (/home/student/.vscode-server/cli/servers/Stable-dc96b837cf6bb4af9cd736aa3af08cf8279f7685/server/extensions/git/dist/main.js:2:945138)
	at o.y (/home/student/.vscode-server/cli/servers/Stable-dc96b837cf6bb4af9cd736aa3af08cf8279f7685/server/out/vs/workbench/api/node/extensionHostProcess.js:82:660)
	at o.z (/home/student/.vscode-server/cli/servers/Stable-dc96b837cf6bb4af9cd736aa3af08cf8279f7685/server/out/vs/workbench/api/node/extensionHostProcess.js:82:730)
	at o.fire (/home/student/.vscode-server/cli/servers/Stable-dc96b837cf6bb4af9cd736aa3af08cf8279f7685/server/out/vs/workbench/api/node/extensionHostProcess.js:82:946)
	at Object.p [as dispose] (/home/student/.vscode-server/cli/servers/Stable-dc96b837cf6bb4af9cd736aa3af08cf8279f7685/server/extensions/git/dist/main.js:2:964222)
	at /home/student/.vscode-server/cli/servers/Stable-dc96b837cf6bb4af9cd736aa3af08cf8279f7685/server/extensions/git/dist/main.js:2:970260
	at Array.forEach (<anonymous>)
	at f.dispose (/home/student/.vscode-server/cli/servers/Stable-dc96b837cf6bb4af9cd736aa3af08cf8279f7685/server/extensions/git/dist/main.js:2:970246)
	at h.<anonymous> (/home/student/.vscode-server/cli/servers/Stable-dc96b837cf6bb4af9cd736aa3af08cf8279f7685/server/out/vs/workbench/api/node/extensionHostProcess.js:153:3955)
	at h.dispose (/home/student/.vscode-server/cli/servers/Stable-dc96b837cf6bb4af9cd736aa3af08cf8279f7685/server/out/vs/workbench/api/node/extensionHostProcess.js:153:4052)
	at h.<anonymous> (/home/student/.vscode-server/cli/servers/Stable-dc96b837cf6bb4af9cd736aa3af08cf8279f7685/server/extensions/git/dist/main.js:2:947395)
	at h.dispose (/home/student/.vscode-server/cli/servers/Stable-dc96b837cf6bb4af9cd736aa3af08cf8279f7685/server/out/vs/workbench/api/node/extensionHostProcess.js:153:4052)
	at a (/home/student/.vscode-server/cli/servers/Stable-dc96b837cf6bb4af9cd736aa3af08cf8279f7685/server/out/vs/workbench/api/node/extensionHostProcess.js:30:744)
	at f.eb (/home/student/.vscode-server/cli/servers/Stable-dc96b837cf6bb4af9cd736aa3af08cf8279f7685/server/out/vs/workbench/api/node/extensionHostProcess.js:161:9975)
	at /home/student/.vscode-server/cli/servers/Stable-dc96b837cf6bb4af9cd736aa3af08cf8279f7685/server/out/vs/workbench/api/node/extensionHostProcess.js:161:7824
	at Array.map (<anonymous>)
	at f.$ (/home/student/.vscode-server/cli/servers/Stable-dc96b837cf6bb4af9cd736aa3af08cf8279f7685/server/out/vs/workbench/api/node/extensionHostProcess.js:161:7811)
	at f.terminate (/home/student/.vscode-server/cli/servers/Stable-dc96b837cf6bb4af9cd736aa3af08cf8279f7685/server/out/vs/workbench/api/node/extensionHostProcess.js:161:8085)
	at a.terminate (/home/student/.vscode-server/cli/servers/Stable-dc96b837cf6bb4af9cd736aa3af08cf8279f7685/server/out/vs/workbench/api/node/extensionHostProcess.js:165:1513)
	at t (/home/student/.vscode-server/cli/servers/Stable-dc96b837cf6bb4af9cd736aa3af08cf8279f7685/server/out/vs/workbench/api/node/extensionHostProcess.js:178:9922)
	at T.a (/home/student/.vscode-server/cli/servers/Stable-dc96b837cf6bb4af9cd736aa3af08cf8279f7685/server/out/vs/workbench/api/node/extensionHostProcess.js:178:6715)
	at T.h (/home/student/.vscode-server/cli/servers/Stable-dc96b837cf6bb4af9cd736aa3af08cf8279f7685/server/out/vs/workbench/api/node/extensionHostProcess.js:99:20709)
	at listOnTimeout (node:internal/timers:569:17)
	at process.processTimers (node:internal/timers:512:7) setContext undefined
2024-05-31 12:06:47.619 [error] Canceled: Canceled
	at new O (/home/student/.vscode-server/cli/servers/Stable-dc96b837cf6bb4af9cd736aa3af08cf8279f7685/server/out/vs/workbench/api/node/extensionHostProcess.js:145:47131)
	at c.U (/home/student/.vscode-server/cli/servers/Stable-dc96b837cf6bb4af9cd736aa3af08cf8279f7685/server/out/vs/workbench/api/node/extensionHostProcess.js:152:5542)
	at F.<computed>.z.charCodeAt.F.<computed> (/home/student/.vscode-server/cli/servers/Stable-dc96b837cf6bb4af9cd736aa3af08cf8279f7685/server/out/vs/workbench/api/node/extensionHostProcess.js:152:2993)
	at r.g (/home/student/.vscode-server/cli/servers/Stable-dc96b837cf6bb4af9cd736aa3af08cf8279f7685/server/out/vs/workbench/api/node/extensionHostProcess.js:155:188928)
	at r.executeCommand (/home/student/.vscode-server/cli/servers/Stable-dc96b837cf6bb4af9cd736aa3af08cf8279f7685/server/out/vs/workbench/api/node/extensionHostProcess.js:155:188366)
	at E.registerCommand.description (/home/student/.vscode-server/cli/servers/Stable-dc96b837cf6bb4af9cd736aa3af08cf8279f7685/server/out/vs/workbench/api/node/extensionHostProcess.js:155:187690)
	at r.h (/home/student/.vscode-server/cli/servers/Stable-dc96b837cf6bb4af9cd736aa3af08cf8279f7685/server/out/vs/workbench/api/node/extensionHostProcess.js:155:189467)
	at r.g (/home/student/.vscode-server/cli/servers/Stable-dc96b837cf6bb4af9cd736aa3af08cf8279f7685/server/out/vs/workbench/api/node/extensionHostProcess.js:155:188459)
	at r.executeCommand (/home/student/.vscode-server/cli/servers/Stable-dc96b837cf6bb4af9cd736aa3af08cf8279f7685/server/out/vs/workbench/api/node/extensionHostProcess.js:155:188366)
	at Object.executeCommand (/home/student/.vscode-server/cli/servers/Stable-dc96b837cf6bb4af9cd736aa3af08cf8279f7685/server/out/vs/workbench/api/node/extensionHostProcess.js:165:22673)
	at set hasGitHubRepositories [as hasGitHubRepositories] (/home/student/.vscode-server/cli/servers/Stable-dc96b837cf6bb4af9cd736aa3af08cf8279f7685/server/extensions/github/dist/extension.js:2:322969)
	at /home/student/.vscode-server/cli/servers/Stable-dc96b837cf6bb4af9cd736aa3af08cf8279f7685/server/extensions/github/dist/extension.js:2:323928
	at a.value (/home/student/.vscode-server/cli/servers/Stable-dc96b837cf6bb4af9cd736aa3af08cf8279f7685/server/extensions/git/dist/main.js:2:1050711)
	at o.y (/home/student/.vscode-server/cli/servers/Stable-dc96b837cf6bb4af9cd736aa3af08cf8279f7685/server/out/vs/workbench/api/node/extensionHostProcess.js:82:660)
	at o.z (/home/student/.vscode-server/cli/servers/Stable-dc96b837cf6bb4af9cd736aa3af08cf8279f7685/server/out/vs/workbench/api/node/extensionHostProcess.js:82:730)
	at o.fire (/home/student/.vscode-server/cli/servers/Stable-dc96b837cf6bb4af9cd736aa3af08cf8279f7685/server/out/vs/workbench/api/node/extensionHostProcess.js:82:946)
	at Object.p [as dispose] (/home/student/.vscode-server/cli/servers/Stable-dc96b837cf6bb4af9cd736aa3af08cf8279f7685/server/extensions/git/dist/main.js:2:964222)
	at /home/student/.vscode-server/cli/servers/Stable-dc96b837cf6bb4af9cd736aa3af08cf8279f7685/server/extensions/git/dist/main.js:2:970260
	at Array.forEach (<anonymous>)
	at f.dispose (/home/student/.vscode-server/cli/servers/Stable-dc96b837cf6bb4af9cd736aa3af08cf8279f7685/server/extensions/git/dist/main.js:2:970246)
	at h.<anonymous> (/home/student/.vscode-server/cli/servers/Stable-dc96b837cf6bb4af9cd736aa3af08cf8279f7685/server/out/vs/workbench/api/node/extensionHostProcess.js:153:3955)
	at h.dispose (/home/student/.vscode-server/cli/servers/Stable-dc96b837cf6bb4af9cd736aa3af08cf8279f7685/server/out/vs/workbench/api/node/extensionHostProcess.js:153:4052)
	at h.<anonymous> (/home/student/.vscode-server/cli/servers/Stable-dc96b837cf6bb4af9cd736aa3af08cf8279f7685/server/extensions/git/dist/main.js:2:947395)
	at h.dispose (/home/student/.vscode-server/cli/servers/Stable-dc96b837cf6bb4af9cd736aa3af08cf8279f7685/server/out/vs/workbench/api/node/extensionHostProcess.js:153:4052)
	at a (/home/student/.vscode-server/cli/servers/Stable-dc96b837cf6bb4af9cd736aa3af08cf8279f7685/server/out/vs/workbench/api/node/extensionHostProcess.js:30:744)
	at f.eb (/home/student/.vscode-server/cli/servers/Stable-dc96b837cf6bb4af9cd736aa3af08cf8279f7685/server/out/vs/workbench/api/node/extensionHostProcess.js:161:9975)
	at /home/student/.vscode-server/cli/servers/Stable-dc96b837cf6bb4af9cd736aa3af08cf8279f7685/server/out/vs/workbench/api/node/extensionHostProcess.js:161:7824
	at Array.map (<anonymous>)
	at f.$ (/home/student/.vscode-server/cli/servers/Stable-dc96b837cf6bb4af9cd736aa3af08cf8279f7685/server/out/vs/workbench/api/node/extensionHostProcess.js:161:7811)
	at f.terminate (/home/student/.vscode-server/cli/servers/Stable-dc96b837cf6bb4af9cd736aa3af08cf8279f7685/server/out/vs/workbench/api/node/extensionHostProcess.js:161:8085)
	at a.terminate (/home/student/.vscode-server/cli/servers/Stable-dc96b837cf6bb4af9cd736aa3af08cf8279f7685/server/out/vs/workbench/api/node/extensionHostProcess.js:165:1513)
	at t (/home/student/.vscode-server/cli/servers/Stable-dc96b837cf6bb4af9cd736aa3af08cf8279f7685/server/out/vs/workbench/api/node/extensionHostProcess.js:178:9922)
	at T.a (/home/student/.vscode-server/cli/servers/Stable-dc96b837cf6bb4af9cd736aa3af08cf8279f7685/server/out/vs/workbench/api/node/extensionHostProcess.js:178:6715)
	at T.h (/home/student/.vscode-server/cli/servers/Stable-dc96b837cf6bb4af9cd736aa3af08cf8279f7685/server/out/vs/workbench/api/node/extensionHostProcess.js:99:20709)
	at listOnTimeout (node:internal/timers:569:17)
	at process.processTimers (node:internal/timers:512:7) setContext undefined
2024-05-31 12:06:47.688 [info] Extension host with pid 39066 exiting with code 0
