2024-05-31 13:55:15.225 [info] Log level: Info
2024-05-31 13:55:15.225 [info] Validating found git in: "git"
2024-05-31 13:55:15.225 [info] Using git "2.34.1" from "git"
2024-05-31 13:55:15.225 [info] > git rev-parse --show-toplevel [10ms]
2024-05-31 13:55:15.241 [info] > git rev-parse --git-dir --git-common-dir [3ms]
2024-05-31 13:55:15.262 [info] Open repository: /home/student
2024-05-31 13:55:15.296 [info] > git config --get commit.template [18ms]
2024-05-31 13:55:15.313 [info] > git rev-parse --show-toplevel [19ms]
2024-05-31 13:55:15.329 [info] > git for-each-ref --format=%(refname)%00%(upstream:short)%00%(objectname)%00%(upstream:track)%00%(upstream:remotename)%00%(upstream:remoteref) refs/heads/main refs/remotes/main [17ms]
2024-05-31 13:55:15.346 [info] > git rev-parse --git-dir --git-common-dir [19ms]
2024-05-31 13:55:15.353 [info] Open repository: /home/student/S03_challenge_E03-cedricRGT45
2024-05-31 13:55:15.511 [info] > git for-each-ref --format=%(refname)%00%(upstream:short)%00%(objectname)%00%(upstream:track)%00%(upstream:remotename)%00%(upstream:remoteref) refs/heads/master refs/remotes/master [46ms]
2024-05-31 13:55:15.512 [info] > git rev-parse --show-toplevel [84ms]
2024-05-31 13:55:15.513 [info] > git config --get commit.template [99ms]
2024-05-31 13:55:15.538 [info] > git rev-parse --show-toplevel [13ms]
2024-05-31 13:55:15.566 [info] > git rev-parse --show-toplevel [16ms]
2024-05-31 13:55:15.585 [info] > git status -z -uall [20ms]
2024-05-31 13:55:15.633 [info] > git merge-base refs/heads/master refs/remotes/origin/master [29ms]
2024-05-31 13:55:15.649 [info] > git rev-parse --show-toplevel [66ms]
2024-05-31 13:55:15.668 [info] > git config --get commit.template [37ms]
2024-05-31 13:55:15.669 [info] > git rev-list --count --left-right refs/heads/master...refs/remotes/origin/master [21ms]
2024-05-31 13:55:15.741 [info] > git diff --name-status -z --diff-filter=ADMR 975a3b72ecb66730915a439ab1fcef8b86382076...refs/remotes/origin/master [52ms]
2024-05-31 13:55:15.742 [info] > git rev-parse --show-toplevel [75ms]
2024-05-31 13:55:15.847 [info] > git rev-parse --show-toplevel [86ms]
2024-05-31 13:55:15.847 [info] > git for-each-ref --format=%(refname)%00%(upstream:short)%00%(objectname)%00%(upstream:track)%00%(upstream:remotename)%00%(upstream:remoteref) refs/heads/master refs/remotes/master [108ms]
2024-05-31 13:55:15.882 [info] > git rev-parse --show-toplevel [19ms]
2024-05-31 13:55:15.902 [info] > git status -z -uall [21ms]
2024-05-31 13:55:15.911 [info] > git rev-parse --show-toplevel [10ms]
2024-05-31 13:55:15.928 [info] > git rev-parse --show-toplevel [2ms]
2024-05-31 13:55:15.958 [info] > git rev-parse --show-toplevel [10ms]
2024-05-31 13:55:15.981 [info] > git rev-parse --show-toplevel [2ms]
2024-05-31 13:55:16.023 [info] > git rev-parse --git-dir --git-common-dir [17ms]
2024-05-31 13:55:16.036 [info] Open repository: /home/student/S02_Coclock_working_challenge_E01-cedricRGT45
2024-05-31 13:55:16.087 [info] > git config --get commit.template [28ms]
2024-05-31 13:55:16.105 [info] > git rev-parse --show-toplevel [18ms]
2024-05-31 13:55:16.128 [info] > git for-each-ref --format=%(refname)%00%(upstream:short)%00%(objectname)%00%(upstream:track)%00%(upstream:remotename)%00%(upstream:remoteref) refs/heads/master refs/remotes/master [24ms]
2024-05-31 13:55:16.156 [warning] ENOENT: no such file or directory, open '/home/student/S02_Coclock_working_challenge_E01-cedricRGT45/.git/refs/remotes/origin/master'
2024-05-31 13:55:16.158 [info] > git rev-parse --git-dir --git-common-dir [31ms]
2024-05-31 13:55:16.166 [info] Open repository: /home/student/S03_CICD_archi_frontend
2024-05-31 13:55:16.244 [info] > git rev-parse refs/remotes/origin/master [89ms]
2024-05-31 13:55:16.312 [info] > git rev-parse --show-toplevel [60ms]
2024-05-31 13:55:16.332 [info] > git config --get commit.template [108ms]
2024-05-31 13:55:16.708 [info] > git status -z -uall [438ms]
2024-05-31 13:55:16.744 [info] > git for-each-ref --format=%(refname)%00%(upstream:short)%00%(objectname)%00%(upstream:track)%00%(upstream:remotename)%00%(upstream:remoteref) refs/heads/master refs/remotes/master [354ms]
2024-05-31 13:55:16.807 [warning] ENOENT: no such file or directory, open '/home/student/S03_CICD_archi_frontend/.git/refs/remotes/origin/master'
2024-05-31 13:55:16.950 [info] > git check-ignore -v -z --stdin [116ms]
2024-05-31 13:55:16.951 [info] > git check-ignore -v -z --stdin [92ms]
2024-05-31 13:55:16.960 [info] > git check-ignore -v -z --stdin [69ms]
2024-05-31 13:55:16.961 [info] > git check-ignore -v -z --stdin [57ms]
2024-05-31 13:55:16.962 [info] > git rev-parse refs/remotes/origin/master [155ms]
2024-05-31 13:55:16.984 [info] > git config --get commit.template [208ms]
2024-05-31 13:55:16.984 [info] > git merge-base refs/heads/master refs/remotes/origin/master [252ms]
2024-05-31 13:55:17.008 [info] > git status -z -uall [25ms]
2024-05-31 13:55:17.184 [info] > git show --textconv :projet/docker-compose.yml [23ms]
2024-05-31 13:55:17.184 [info] > git merge-base refs/heads/master refs/remotes/origin/master [129ms]
2024-05-31 13:55:17.223 [info] > git rev-list --count --left-right refs/heads/master...refs/remotes/origin/master [218ms]
2024-05-31 13:55:17.325 [info] > git diff --name-status -z --diff-filter=ADMR c2231ce522b0b531a34f233a6c1944226e16b1f1...refs/remotes/origin/master [88ms]
2024-05-31 13:55:17.326 [info] > git rev-list --count --left-right refs/heads/master...refs/remotes/origin/master [104ms]
2024-05-31 13:55:17.360 [info] > git ls-files --stage -- /home/student/S03_challenge_E03-cedricRGT45/projet/docker-compose.yml [177ms]
2024-05-31 13:55:17.407 [info] > git config --get commit.template [278ms]
2024-05-31 13:55:17.407 [info] > git for-each-ref --format=%(refname)%00%(upstream:short)%00%(objectname)%00%(upstream:track)%00%(upstream:remotename)%00%(upstream:remoteref) refs/heads/master refs/remotes/master [299ms]
2024-05-31 13:55:17.449 [warning] ENOENT: no such file or directory, open '/home/student/S02_Coclock_working_challenge_E01-cedricRGT45/.git/refs/remotes/origin/master'
2024-05-31 13:55:17.450 [info] > git cat-file -s f5ed10c6a9d62cdddd49e3db4b9ba09b8bc834c7 [45ms]
2024-05-31 13:55:17.452 [info] > git diff --name-status -z --diff-filter=ADMR 4c00948e25e702a642836f79638d3d376e03e5ea...refs/remotes/origin/master [93ms]
2024-05-31 13:55:17.551 [info] > git rev-parse refs/remotes/origin/master [102ms]
2024-05-31 13:55:17.589 [info] > git for-each-ref --format=%(refname)%00%(upstream:short)%00%(objectname)%00%(upstream:track)%00%(upstream:remotename)%00%(upstream:remoteref) refs/heads/master refs/remotes/master [92ms]
2024-05-31 13:55:17.643 [warning] ENOENT: no such file or directory, open '/home/student/S03_CICD_archi_frontend/.git/refs/remotes/origin/master'
2024-05-31 13:55:17.645 [info] > git rev-parse refs/remotes/origin/master [3ms]
2024-05-31 13:55:17.735 [info] > git status -z -uall [41ms]
2024-05-31 13:55:17.782 [info] > git status -z -uall [197ms]
2024-05-31 13:55:17.893 [info] > git status -z -uall [2549ms] (cancelled)
2024-05-31 13:56:37.307 [info] > git config --get commit.template [27ms]
2024-05-31 13:56:37.326 [info] > git for-each-ref --format=%(refname)%00%(upstream:short)%00%(objectname)%00%(upstream:track)%00%(upstream:remotename)%00%(upstream:remoteref) refs/heads/master refs/remotes/master [9ms]
2024-05-31 13:56:37.369 [info] > git status -z -uall [10ms]
2024-05-31 13:57:29.192 [info] > git check-ignore -v -z --stdin [3ms]
2024-05-31 13:57:30.697 [info] > git check-ignore -v -z --stdin [2ms]
2024-05-31 13:57:32.054 [info] > git check-ignore -v -z --stdin [2ms]
2024-05-31 13:57:34.300 [info] > git show --textconv :projet/frontend/src/components/Footer.tsx [265ms]
2024-05-31 13:57:34.308 [info] > git ls-files --stage -- /home/student/S03_challenge_E03-cedricRGT45/projet/frontend/src/components/Footer.tsx [261ms]
2024-05-31 13:57:34.484 [info] > git cat-file -s b80f467f5c1e92ee8b46985007684f8d61b3b97b [78ms]
2024-05-31 13:57:40.492 [info] > git for-each-ref --format=%(refname)%00%(upstream:short)%00%(objectname)%00%(upstream:track)%00%(upstream:remotename)%00%(upstream:remoteref) refs/heads/master refs/remotes/master [87ms]
2024-05-31 13:57:40.493 [info] > git config --get commit.template [106ms]
2024-05-31 13:57:40.518 [info] > git status -z -uall [7ms]
2024-05-31 13:58:09.099 [info] > git show --textconv :projet/frontend/src/components/Header.tsx [21ms]
2024-05-31 13:58:09.101 [info] > git ls-files --stage -- /home/student/S03_challenge_E03-cedricRGT45/projet/frontend/src/components/Header.tsx [9ms]
2024-05-31 13:58:09.118 [info] > git cat-file -s b479863ffa9d3338d251617545a2cf4a6a535c72 [3ms]
2024-05-31 13:58:13.063 [info] > git config --get commit.template [4ms]
2024-05-31 13:58:13.079 [info] > git for-each-ref --format=%(refname)%00%(upstream:short)%00%(objectname)%00%(upstream:track)%00%(upstream:remotename)%00%(upstream:remoteref) refs/heads/master refs/remotes/master [3ms]
2024-05-31 13:58:13.098 [info] > git status -z -uall [3ms]
2024-05-31 13:58:18.149 [info] > git config --get commit.template [27ms]
2024-05-31 13:58:18.151 [info] > git for-each-ref --format=%(refname)%00%(upstream:short)%00%(objectname)%00%(upstream:track)%00%(upstream:remotename)%00%(upstream:remoteref) refs/heads/master refs/remotes/master [4ms]
2024-05-31 13:58:18.179 [info] > git status -z -uall [5ms]
2024-05-31 13:58:40.344 [info] > git config --get commit.template [26ms]
2024-05-31 13:58:40.350 [info] > git for-each-ref --format=%(refname)%00%(upstream:short)%00%(objectname)%00%(upstream:track)%00%(upstream:remotename)%00%(upstream:remoteref) refs/heads/master refs/remotes/master [7ms]
2024-05-31 13:58:40.386 [info] > git status -z -uall [4ms]
2024-05-31 13:59:30.250 [info] > git show --textconv :projet/docker-compose.yml [15ms]
2024-05-31 13:59:30.251 [info] > git ls-files --stage -- /home/student/S03_challenge_E03-cedricRGT45/projet/docker-compose.yml [3ms]
2024-05-31 13:59:30.267 [info] > git cat-file -s f5ed10c6a9d62cdddd49e3db4b9ba09b8bc834c7 [2ms]
2024-05-31 13:59:30.705 [info] > git check-ignore -v -z --stdin [21ms]
2024-05-31 13:59:30.706 [info] > git check-ignore -v -z --stdin [4ms]
2024-05-31 14:01:29.419 [info] > git config --get commit.template [2ms]
2024-05-31 14:01:29.439 [info] > git for-each-ref --format=%(refname)%00%(upstream:short)%00%(objectname)%00%(upstream:track)%00%(upstream:remotename)%00%(upstream:remoteref) refs/heads/master refs/remotes/master [4ms]
2024-05-31 14:01:29.465 [info] > git status -z -uall [6ms]
2024-05-31 14:01:58.937 [info] > git show --textconv :projet/frontend/src/components/Header.tsx [16ms]
2024-05-31 14:01:58.939 [info] > git ls-files --stage -- /home/student/S03_challenge_E03-cedricRGT45/projet/frontend/src/components/Header.tsx [3ms]
2024-05-31 14:01:58.957 [info] > git cat-file -s b479863ffa9d3338d251617545a2cf4a6a535c72 [2ms]
2024-05-31 14:02:16.574 [info] > git check-ignore -v -z --stdin [11ms]
2024-05-31 14:02:36.230 [info] > git config --get commit.template [19ms]
2024-05-31 14:02:36.231 [info] > git for-each-ref --format=%(refname)%00%(upstream:short)%00%(objectname)%00%(upstream:track)%00%(upstream:remotename)%00%(upstream:remoteref) refs/heads/master refs/remotes/master [4ms]
2024-05-31 14:02:36.271 [info] > git status -z -uall [13ms]
2024-05-31 14:02:36.669 [info] > git ls-files --stage -- /home/student/S03_challenge_E03-cedricRGT45/projet/frontend/src/components/Header.tsx [4ms]
2024-05-31 14:02:36.688 [info] > git cat-file -s b479863ffa9d3338d251617545a2cf4a6a535c72 [2ms]
2024-05-31 14:02:36.841 [info] > git show --textconv :projet/frontend/src/components/Header.tsx [4ms]
2024-05-31 14:02:37.829 [info] > git ls-files --stage -- /home/student/S03_challenge_E03-cedricRGT45/projet/frontend/src/components/Header.tsx [2ms]
2024-05-31 14:02:37.846 [info] > git cat-file -s b479863ffa9d3338d251617545a2cf4a6a535c72 [2ms]
2024-05-31 14:02:37.896 [info] > git show --textconv :projet/frontend/src/components/Header.tsx [3ms]
2024-05-31 14:02:41.309 [info] > git config --get commit.template [18ms]
2024-05-31 14:02:41.310 [info] > git for-each-ref --format=%(refname)%00%(upstream:short)%00%(objectname)%00%(upstream:track)%00%(upstream:remotename)%00%(upstream:remoteref) refs/heads/master refs/remotes/master [3ms]
2024-05-31 14:02:41.328 [info] > git status -z -uall [5ms]
2024-05-31 14:02:49.632 [info] > git ls-files --stage -- /home/student/S03_challenge_E03-cedricRGT45/projet/frontend/src/components/Header.tsx [3ms]
2024-05-31 14:02:49.651 [info] > git cat-file -s b479863ffa9d3338d251617545a2cf4a6a535c72 [2ms]
2024-05-31 14:02:49.697 [info] > git show --textconv :projet/frontend/src/components/Header.tsx [3ms]
2024-05-31 14:02:50.801 [info] > git ls-files --stage -- /home/student/S03_challenge_E03-cedricRGT45/projet/frontend/src/components/Header.tsx [3ms]
2024-05-31 14:02:50.819 [info] > git cat-file -s b479863ffa9d3338d251617545a2cf4a6a535c72 [2ms]
2024-05-31 14:02:50.851 [info] > git show --textconv :projet/frontend/src/components/Header.tsx [3ms]
2024-05-31 14:02:55.966 [info] > git ls-files --stage -- /home/student/S03_challenge_E03-cedricRGT45/projet/frontend/src/components/Header.tsx [2ms]
2024-05-31 14:02:56.008 [info] > git cat-file -s b479863ffa9d3338d251617545a2cf4a6a535c72 [6ms]
2024-05-31 14:02:56.090 [info] > git show --textconv :projet/frontend/src/components/Header.tsx [3ms]
2024-05-31 14:03:28.819 [info] > git ls-files --stage -- /home/student/S03_challenge_E03-cedricRGT45/projet/frontend/src/components/Header.tsx [2ms]
2024-05-31 14:03:28.838 [info] > git cat-file -s b479863ffa9d3338d251617545a2cf4a6a535c72 [1ms]
2024-05-31 14:03:28.876 [info] > git show --textconv :projet/frontend/src/components/Header.tsx [3ms]
2024-05-31 14:03:38.054 [info] > git config --get commit.template [21ms]
2024-05-31 14:03:38.055 [info] > git for-each-ref --format=%(refname)%00%(upstream:short)%00%(objectname)%00%(upstream:track)%00%(upstream:remotename)%00%(upstream:remoteref) refs/heads/master refs/remotes/master [2ms]
2024-05-31 14:03:38.077 [info] > git status -z -uall [5ms]
2024-05-31 14:03:40.127 [info] > git show --textconv :projet/frontend/src/components/Footer.tsx [30ms]
2024-05-31 14:03:40.128 [info] > git ls-files --stage -- /home/student/S03_challenge_E03-cedricRGT45/projet/frontend/src/components/Footer.tsx [5ms]
2024-05-31 14:03:40.148 [info] > git cat-file -s b80f467f5c1e92ee8b46985007684f8d61b3b97b [2ms]
2024-05-31 14:03:43.116 [info] > git config --get commit.template [17ms]
2024-05-31 14:03:43.120 [info] > git for-each-ref --format=%(refname)%00%(upstream:short)%00%(objectname)%00%(upstream:track)%00%(upstream:remotename)%00%(upstream:remoteref) refs/heads/master refs/remotes/master [6ms]
2024-05-31 14:03:43.141 [info] > git status -z -uall [4ms]
2024-05-31 14:03:51.459 [info] > git config --get commit.template [16ms]
2024-05-31 14:03:51.460 [info] > git for-each-ref --format=%(refname)%00%(upstream:short)%00%(objectname)%00%(upstream:track)%00%(upstream:remotename)%00%(upstream:remoteref) refs/heads/master refs/remotes/master [3ms]
2024-05-31 14:03:51.490 [info] > git status -z -uall [5ms]
2024-05-31 14:03:56.787 [info] > git show --textconv :projet/frontend/src/components/Header.tsx [21ms]
2024-05-31 14:03:56.787 [info] > git ls-files --stage -- /home/student/S03_challenge_E03-cedricRGT45/projet/frontend/src/components/Header.tsx [2ms]
2024-05-31 14:03:56.805 [info] > git cat-file -s b479863ffa9d3338d251617545a2cf4a6a535c72 [3ms]
2024-05-31 14:04:01.247 [info] > git config --get commit.template [24ms]
2024-05-31 14:04:01.248 [info] > git for-each-ref --format=%(refname)%00%(upstream:short)%00%(objectname)%00%(upstream:track)%00%(upstream:remotename)%00%(upstream:remoteref) refs/heads/master refs/remotes/master [6ms]
2024-05-31 14:04:01.271 [info] > git status -z -uall [5ms]
2024-05-31 14:04:36.336 [info] > git config --get commit.template [21ms]
2024-05-31 14:04:36.337 [info] > git for-each-ref --format=%(refname)%00%(upstream:short)%00%(objectname)%00%(upstream:track)%00%(upstream:remotename)%00%(upstream:remoteref) refs/heads/master refs/remotes/master [6ms]
2024-05-31 14:04:36.365 [info] > git status -z -uall [8ms]
2024-05-31 14:04:41.387 [info] > git config --get commit.template [2ms]
2024-05-31 14:04:41.409 [info] > git for-each-ref --format=%(refname)%00%(upstream:short)%00%(objectname)%00%(upstream:track)%00%(upstream:remotename)%00%(upstream:remoteref) refs/heads/master refs/remotes/master [7ms]
2024-05-31 14:04:41.432 [info] > git status -z -uall [6ms]
2024-05-31 14:04:46.482 [info] > git config --get commit.template [30ms]
2024-05-31 14:04:46.484 [info] > git for-each-ref --format=%(refname)%00%(upstream:short)%00%(objectname)%00%(upstream:track)%00%(upstream:remotename)%00%(upstream:remoteref) refs/heads/master refs/remotes/master [7ms]
2024-05-31 14:04:46.503 [info] > git status -z -uall [4ms]
2024-05-31 14:04:51.546 [info] > git config --get commit.template [23ms]
2024-05-31 14:04:51.548 [info] > git for-each-ref --format=%(refname)%00%(upstream:short)%00%(objectname)%00%(upstream:track)%00%(upstream:remotename)%00%(upstream:remoteref) refs/heads/master refs/remotes/master [2ms]
2024-05-31 14:04:51.567 [info] > git status -z -uall [4ms]
2024-05-31 14:05:05.084 [info] > git config --get commit.template [19ms]
2024-05-31 14:05:05.085 [info] > git for-each-ref --format=%(refname)%00%(upstream:short)%00%(objectname)%00%(upstream:track)%00%(upstream:remotename)%00%(upstream:remoteref) refs/heads/master refs/remotes/master [3ms]
2024-05-31 14:05:05.108 [info] > git status -z -uall [5ms]
