2024-04-15 17:14:37.272 [info] Log level: Info
2024-04-15 17:14:37.272 [info] Validating found git in: "git"
2024-04-15 17:14:37.272 [info] Using git "2.34.1" from "git"
2024-04-15 17:14:37.272 [info] > git rev-parse --show-toplevel [3ms]
2024-04-15 17:14:37.272 [info] > git rev-parse --git-dir --git-common-dir [2ms]
2024-04-15 17:14:37.272 [info] Open repository: /home/student
2024-04-15 17:14:37.272 [info] > git config --get commit.template [15ms]
2024-04-15 17:14:37.272 [info] > git rev-parse --show-toplevel [7ms]
2024-04-15 17:14:37.272 [info] > git for-each-ref --format=%(refname)%00%(upstream:short)%00%(objectname)%00%(upstream:track)%00%(upstream:remotename)%00%(upstream:remoteref) refs/heads/main refs/remotes/main [17ms]
2024-04-15 17:14:37.272 [info] > git rev-parse --git-dir --git-common-dir [3ms]
2024-04-15 17:14:37.272 [info] Open repository: /home/student/S01-OVitrine-BenoitOClock
2024-04-15 17:14:37.296 [info] > git config --get commit.template [12ms]
2024-04-15 17:14:37.297 [info] > git rev-parse --show-toplevel [4ms]
2024-04-15 17:14:37.473 [info] > git for-each-ref --format=%(refname)%00%(upstream:short)%00%(objectname)%00%(upstream:track)%00%(upstream:remotename)%00%(upstream:remoteref) refs/heads/jour4 refs/remotes/jour4 [151ms]
2024-04-15 17:14:37.515 [info] > git rev-parse --show-toplevel [148ms]
2024-04-15 17:14:37.551 [info] > git rev-parse --show-toplevel [18ms]
2024-04-15 17:14:37.571 [info] > git status -z -uall [21ms]
2024-04-15 17:14:37.620 [info] > git merge-base refs/heads/jour4 refs/remotes/origin/jour4 [29ms]
2024-04-15 17:14:37.635 [info] > git rev-parse --show-toplevel [64ms]
2024-04-15 17:14:37.651 [info] > git config --get commit.template [31ms]
2024-04-15 17:14:37.653 [info] > git status -z -uall [344ms]
2024-04-15 17:14:37.653 [info] > git rev-parse --show-toplevel [6ms]
2024-04-15 17:14:37.653 [info] > git rev-list --count --left-right refs/heads/jour4...refs/remotes/origin/jour4 [19ms]
2024-04-15 17:14:38.837 [info] > git merge-base refs/heads/main refs/remotes/origin/main [1137ms]
2024-04-15 17:14:38.854 [info] > git diff --name-status -z --diff-filter=ADMR a0bca5b7e2a09f0cc6b28ab9fc120adf5e19a04e...refs/remotes/origin/jour4 [1189ms]
2024-04-15 17:14:38.918 [info] > git rev-list --count --left-right refs/heads/main...refs/remotes/origin/main [65ms]
2024-04-15 17:14:38.938 [info] > git config --get commit.template [395ms]
2024-04-15 17:14:38.939 [info] > git rev-parse --show-toplevel [410ms]
2024-04-15 17:14:38.940 [info] > git for-each-ref --format=%(refname)%00%(upstream:short)%00%(objectname)%00%(upstream:track)%00%(upstream:remotename)%00%(upstream:remoteref) refs/heads/jour4 refs/remotes/jour4 [425ms]
2024-04-15 17:14:38.958 [info] > git check-ignore -v -z --stdin [70ms]
2024-04-15 17:14:38.960 [info] > git check-ignore -v -z --stdin [57ms]
2024-04-15 17:14:38.982 [info] > git rev-parse --show-toplevel [27ms]
2024-04-15 17:14:38.983 [info] > git diff --name-status -z --diff-filter=ADMR 639a350f8ddf2650c2ee80bd4730ec5309dd64c7...refs/remotes/origin/main [46ms]
2024-04-15 17:14:39.000 [info] > git for-each-ref --format=%(refname)%00%(upstream:short)%00%(objectname)%00%(upstream:track)%00%(upstream:remotename)%00%(upstream:remoteref) refs/heads/main refs/remotes/main [25ms]
2024-04-15 17:14:39.017 [info] > git rev-parse --show-toplevel [19ms]
2024-04-15 17:14:39.055 [info] > git status -z -uall [40ms]
2024-04-15 17:14:39.063 [info] > git rev-parse --show-toplevel [27ms]
2024-04-15 17:14:39.118 [info] > git rev-parse --git-dir --git-common-dir [3ms]
2024-04-15 17:14:39.125 [info] Open repository: /home/student/S01-OVitrine-J3-cedricRGT45
2024-04-15 17:14:39.183 [info] > git config --get commit.template [35ms]
2024-04-15 17:14:39.213 [info] > git rev-parse --show-toplevel [37ms]
2024-04-15 17:14:39.260 [info] > git for-each-ref --format=%(refname)%00%(upstream:short)%00%(objectname)%00%(upstream:track)%00%(upstream:remotename)%00%(upstream:remoteref) refs/heads/master refs/remotes/master [48ms]
2024-04-15 17:14:39.262 [info] > git rev-parse --git-dir --git-common-dir [3ms]
2024-04-15 17:14:39.268 [info] Open repository: /home/student/S01-OVitrine-cedricRGT45
2024-04-15 17:14:39.315 [info] > git config --get commit.template [22ms]
2024-04-15 17:14:39.333 [info] > git rev-parse --show-toplevel [20ms]
2024-04-15 17:14:39.584 [info] > git status -z -uall [252ms]
2024-04-15 17:14:39.585 [info] > git for-each-ref --format=%(refname)%00%(upstream:short)%00%(objectname)%00%(upstream:track)%00%(upstream:remotename)%00%(upstream:remoteref) refs/heads/master refs/remotes/master [232ms]
2024-04-15 17:14:39.625 [info] > git status -z -uall [572ms]
2024-04-15 17:14:39.626 [info] > git merge-base refs/heads/master refs/remotes/origin/master [26ms]
2024-04-15 17:14:39.645 [info] > git rev-parse --git-dir --git-common-dir [87ms]
2024-04-15 17:14:39.654 [info] Open repository: /home/student/S01-Ovitrine-J2-cedricRGT45
2024-04-15 17:14:39.814 [info] > git rev-list --count --left-right refs/heads/master...refs/remotes/origin/master [170ms]
2024-04-15 17:14:39.829 [info] > git config --get commit.template [209ms]
2024-04-15 17:14:40.451 [info] > git diff --name-status -z --diff-filter=ADMR 244031b1d5b74eff4afe3386f633f2bec4516685...refs/remotes/origin/master [622ms]
2024-04-15 17:14:40.452 [info] > git rev-parse --show-toplevel [655ms]
2024-04-15 17:14:40.453 [info] > git config --get commit.template [671ms]
2024-04-15 17:14:40.568 [info] > git status -z -uall [98ms]
2024-04-15 17:14:40.568 [info] > git rev-parse --git-dir --git-common-dir [67ms]
2024-04-15 17:14:40.575 [info] Open repository: /home/student/S02_Coclock_Working
2024-04-15 17:14:40.582 [info] > git for-each-ref --format=%(refname)%00%(upstream:short)%00%(objectname)%00%(upstream:track)%00%(upstream:remotename)%00%(upstream:remoteref) refs/heads/master refs/remotes/master [97ms]
2024-04-15 17:14:40.750 [info] > git merge-base refs/heads/master refs/remotes/origin/master [149ms]
2024-04-15 17:14:40.772 [info] > git for-each-ref --format=%(refname)%00%(upstream:short)%00%(objectname)%00%(upstream:track)%00%(upstream:remotename)%00%(upstream:remoteref) refs/heads/master refs/remotes/master [208ms]
2024-04-15 17:14:40.794 [info] > git config --get commit.template [55ms]
2024-04-15 17:14:40.795 [info] > git rev-parse --show-toplevel [94ms]
2024-04-15 17:14:40.843 [info] > git config --get commit.template [169ms]
2024-04-15 17:14:40.852 [info] > git show --textconv :db.sql [32ms]
2024-04-15 17:14:40.853 [info] > git rev-list --count --left-right refs/heads/master...refs/remotes/origin/master [82ms]
2024-04-15 17:14:40.958 [info] > git ls-files --stage -- /home/student/S01-OVitrine-BenoitOClock/db.sql [116ms]
2024-04-15 17:14:41.099 [info] > git status -z -uall [194ms]
2024-04-15 17:14:41.100 [info] > git check-ignore -v -z --stdin [107ms]
2024-04-15 17:14:41.101 [info] > git check-ignore -v -z --stdin [90ms]
2024-04-15 17:14:41.102 [info] > git check-ignore -v -z --stdin [74ms]
2024-04-15 17:14:41.102 [info] > git check-ignore -v -z --stdin [57ms]
2024-04-15 17:14:41.103 [info] > git check-ignore -v -z --stdin [41ms]
2024-04-15 17:14:41.104 [info] > git status -z -uall [23ms]
2024-04-15 17:14:41.106 [info] > git cat-file -s ba93e8f57e7266be3ec922b0e9b6fb5cce8ab7ed [131ms]
2024-04-15 17:14:41.107 [info] > git for-each-ref --format=%(refname)%00%(upstream:short)%00%(objectname)%00%(upstream:track)%00%(upstream:remotename)%00%(upstream:remoteref) refs/heads/master refs/remotes/master [183ms]
2024-04-15 17:14:41.109 [info] > git for-each-ref --format=%(refname)%00%(upstream:short)%00%(objectname)%00%(upstream:track)%00%(upstream:remotename)%00%(upstream:remoteref) refs/heads/E01 refs/remotes/E01 [220ms]
2024-04-15 17:14:41.110 [info] > git diff --name-status -z --diff-filter=ADMR 55af2fb2167fd1adeaf1ffb76abda4636a5d4b53...refs/remotes/origin/master [238ms]
2024-04-15 17:14:41.170 [info] > git merge-base refs/heads/master refs/remotes/origin/master [39ms]
2024-04-15 17:14:41.191 [info] > git config --get commit.template [37ms]
2024-04-15 17:14:41.228 [info] > git status -z -uall [19ms]
2024-04-15 17:14:41.229 [info] > git rev-list --count --left-right refs/heads/master...refs/remotes/origin/master [42ms]
2024-04-15 17:14:41.267 [info] > git status -z -uall [41ms]
2024-04-15 17:14:41.268 [info] > git diff --name-status -z --diff-filter=ADMR c28f19ae484ac4961f3ef8e6b7cf10409d8c45a4...refs/remotes/origin/master [21ms]
2024-04-15 17:14:41.318 [info] > git merge-base refs/heads/E01 refs/remotes/origin/E01 [33ms]
2024-04-15 17:14:41.335 [info] > git for-each-ref --format=%(refname)%00%(upstream:short)%00%(objectname)%00%(upstream:track)%00%(upstream:remotename)%00%(upstream:remoteref) refs/heads/master refs/remotes/master [70ms]
2024-04-15 17:14:41.338 [info] > git config --get commit.template [27ms]
2024-04-15 17:14:41.340 [info] > git rev-list --count --left-right refs/heads/E01...refs/remotes/origin/E01 [6ms]
2024-04-15 17:14:41.399 [info] > git for-each-ref --format=%(refname)%00%(upstream:short)%00%(objectname)%00%(upstream:track)%00%(upstream:remotename)%00%(upstream:remoteref) refs/heads/E01 refs/remotes/E01 [25ms]
2024-04-15 17:14:41.399 [info] > git diff --name-status -z --diff-filter=ADMR df864d94c1f8767eca1c7f63843ac556e7337608...refs/remotes/origin/E01 [42ms]
2024-04-15 17:14:41.409 [info] > git status -z -uall [12ms]
2024-04-15 17:14:41.438 [info] > git status -z -uall [9ms]
2024-04-15 17:14:41.682 [info] > git check-ignore -v -z --stdin [73ms]
2024-04-15 17:14:41.683 [info] > git check-ignore -v -z --stdin [58ms]
2024-04-15 17:14:41.684 [info] > git check-ignore -v -z --stdin [43ms]
2024-04-15 17:14:41.685 [info] > git check-ignore -v -z --stdin [28ms]
2024-04-15 17:14:41.685 [info] > git check-ignore -v -z --stdin [12ms]
2024-04-15 17:15:07.661 [info] > git config --get commit.template [16ms]
2024-04-15 17:15:07.663 [info] > git for-each-ref --format=%(refname)%00%(upstream:short)%00%(objectname)%00%(upstream:track)%00%(upstream:remotename)%00%(upstream:remoteref) refs/heads/E01 refs/remotes/E01 [3ms]
2024-04-15 17:15:07.684 [info] > git status -z -uall [4ms]
2024-04-15 17:15:30.654 [info] > git config --get commit.template [19ms]
2024-04-15 17:15:30.657 [info] > git for-each-ref --format=%(refname)%00%(upstream:short)%00%(objectname)%00%(upstream:track)%00%(upstream:remotename)%00%(upstream:remoteref) refs/heads/E01 refs/remotes/E01 [5ms]
2024-04-15 17:15:30.686 [info] > git status -z -uall [4ms]
2024-04-15 17:15:30.719 [info] > git merge-base refs/heads/E01 refs/remotes/origin/E01 [9ms]
2024-04-15 17:15:30.743 [info] > git rev-list --count --left-right refs/heads/E01...refs/remotes/origin/E01 [3ms]
2024-04-15 17:15:30.766 [info] > git diff --name-status -z --diff-filter=ADMR df864d94c1f8767eca1c7f63843ac556e7337608...refs/remotes/origin/E01 [4ms]
2024-04-15 17:15:51.872 [info] > git config --get commit.template [27ms]
2024-04-15 17:15:51.874 [info] > git for-each-ref --format=%(refname)%00%(upstream:short)%00%(objectname)%00%(upstream:track)%00%(upstream:remotename)%00%(upstream:remoteref) refs/heads/main refs/remotes/main [3ms]
2024-04-15 17:15:52.134 [info] > git status -z -uall [246ms]
2024-04-15 17:15:58.831 [info] > git config --get commit.template [16ms]
2024-04-15 17:15:58.833 [info] > git for-each-ref --format=%(refname)%00%(upstream:short)%00%(objectname)%00%(upstream:track)%00%(upstream:remotename)%00%(upstream:remoteref) refs/heads/main refs/remotes/main [4ms]
2024-04-15 17:15:59.055 [info] > git status -z -uall [205ms]
2024-04-15 17:17:30.397 [info] > git config --get commit.template [24ms]
2024-04-15 17:17:30.399 [info] > git for-each-ref --format=%(refname)%00%(upstream:short)%00%(objectname)%00%(upstream:track)%00%(upstream:remotename)%00%(upstream:remoteref) refs/heads/main refs/remotes/main [5ms]
2024-04-15 17:17:30.629 [info] > git status -z -uall [209ms]
2024-04-15 17:18:23.088 [info] > git config --get commit.template [16ms]
2024-04-15 17:18:23.090 [info] > git for-each-ref --format=%(refname)%00%(upstream:short)%00%(objectname)%00%(upstream:track)%00%(upstream:remotename)%00%(upstream:remoteref) refs/heads/main refs/remotes/main [4ms]
2024-04-15 17:18:23.317 [info] > git status -z -uall [211ms]
2024-04-15 17:18:28.129 [info] > git check-ignore -v -z --stdin [23ms]
2024-04-15 17:18:28.130 [info] > git check-ignore -v -z --stdin [4ms]
2024-04-15 17:18:28.445 [info] > git config --get commit.template [19ms]
2024-04-15 17:18:28.447 [info] > git for-each-ref --format=%(refname)%00%(upstream:short)%00%(objectname)%00%(upstream:track)%00%(upstream:remotename)%00%(upstream:remoteref) refs/heads/main refs/remotes/main [5ms]
2024-04-15 17:18:28.710 [info] > git status -z -uall [247ms]
2024-04-15 17:18:29.775 [info] > git check-ignore -v -z --stdin [2ms]
2024-04-15 17:18:31.358 [info] > git check-ignore -v -z --stdin [33ms]
2024-04-15 17:18:31.361 [info] > git check-ignore -v -z --stdin [19ms]
2024-04-15 17:18:31.362 [info] > git check-ignore -v -z --stdin [5ms]
2024-04-15 17:18:32.770 [info] > git check-ignore -v -z --stdin [13ms]
2024-04-15 17:18:53.913 [info] > git config --get commit.template [23ms]
2024-04-15 17:18:53.916 [info] > git for-each-ref --format=%(refname)%00%(upstream:short)%00%(objectname)%00%(upstream:track)%00%(upstream:remotename)%00%(upstream:remoteref) refs/heads/main refs/remotes/main [5ms]
2024-04-15 17:18:54.183 [info] > git status -z -uall [232ms]
2024-04-15 17:19:06.471 [info] > git config --get commit.template [24ms]
2024-04-15 17:19:06.472 [info] > git for-each-ref --format=%(refname)%00%(upstream:short)%00%(objectname)%00%(upstream:track)%00%(upstream:remotename)%00%(upstream:remoteref) refs/heads/main refs/remotes/main [4ms]
2024-04-15 17:19:06.692 [info] > git status -z -uall [203ms]
2024-04-15 17:19:11.819 [info] > git config --get commit.template [19ms]
2024-04-15 17:19:11.821 [info] > git for-each-ref --format=%(refname)%00%(upstream:short)%00%(objectname)%00%(upstream:track)%00%(upstream:remotename)%00%(upstream:remoteref) refs/heads/main refs/remotes/main [4ms]
2024-04-15 17:19:12.055 [info] > git status -z -uall [214ms]
2024-04-15 17:19:19.327 [info] > git config --get commit.template [30ms]
2024-04-15 17:19:19.329 [info] > git for-each-ref --format=%(refname)%00%(upstream:short)%00%(objectname)%00%(upstream:track)%00%(upstream:remotename)%00%(upstream:remoteref) refs/heads/E01 refs/remotes/E01 [3ms]
2024-04-15 17:19:19.365 [info] > git status -z -uall [7ms]
2024-04-15 17:19:23.763 [info] > git config --get commit.template [22ms]
2024-04-15 17:19:23.766 [info] > git for-each-ref --format=%(refname)%00%(upstream:short)%00%(objectname)%00%(upstream:track)%00%(upstream:remotename)%00%(upstream:remoteref) refs/heads/main refs/remotes/main [4ms]
2024-04-15 17:19:23.996 [info] > git status -z -uall [210ms]
2024-04-15 17:19:24.569 [info] > git config --get commit.template [28ms]
2024-04-15 17:19:24.602 [info] > git for-each-ref --format=%(refname)%00%(upstream:short)%00%(objectname)%00%(upstream:track)%00%(upstream:remotename)%00%(upstream:remoteref) refs/heads/E01 refs/remotes/E01 [12ms]
2024-04-15 17:19:24.655 [info] > git status -z -uall [17ms]
2024-04-15 17:19:25.608 [info] > git check-ignore -v -z --stdin [2ms]
2024-04-15 17:19:28.271 [info] > git check-ignore -v -z --stdin [14ms]
2024-04-15 17:19:29.335 [info] > git check-ignore -v -z --stdin [10ms]
2024-04-15 17:19:30.765 [info] > git check-ignore -v -z --stdin [11ms]
2024-04-15 17:19:44.791 [info] > git config --get commit.template [23ms]
2024-04-15 17:19:44.793 [info] > git for-each-ref --format=%(refname)%00%(upstream:short)%00%(objectname)%00%(upstream:track)%00%(upstream:remotename)%00%(upstream:remoteref) refs/heads/main refs/remotes/main [3ms]
2024-04-15 17:19:45.026 [info] > git status -z -uall [215ms]
2024-04-15 17:19:50.159 [info] > git config --get commit.template [20ms]
2024-04-15 17:19:50.162 [info] > git for-each-ref --format=%(refname)%00%(upstream:short)%00%(objectname)%00%(upstream:track)%00%(upstream:remotename)%00%(upstream:remoteref) refs/heads/main refs/remotes/main [4ms]
2024-04-15 17:19:50.389 [info] > git status -z -uall [211ms]
2024-04-15 17:19:52.721 [info] > git check-ignore -v -z --stdin [2ms]
2024-04-15 17:19:54.086 [info] > git check-ignore -v -z --stdin [2ms]
2024-04-15 17:19:55.512 [info] > git config --get commit.template [19ms]
2024-04-15 17:19:55.513 [info] > git for-each-ref --format=%(refname)%00%(upstream:short)%00%(objectname)%00%(upstream:track)%00%(upstream:remotename)%00%(upstream:remoteref) refs/heads/main refs/remotes/main [5ms]
2024-04-15 17:19:55.730 [info] > git status -z -uall [196ms]
2024-04-15 17:20:01.750 [info] > git config --get commit.template [45ms]
2024-04-15 17:20:01.751 [info] > git for-each-ref --format=%(refname)%00%(upstream:short)%00%(objectname)%00%(upstream:track)%00%(upstream:remotename)%00%(upstream:remoteref) refs/heads/main refs/remotes/main [5ms]
2024-04-15 17:20:02.058 [info] > git status -z -uall [275ms]
2024-04-15 17:20:03.522 [info] > git check-ignore -v -z --stdin [3ms]
2024-04-15 17:20:07.147 [info] > git check-ignore -v -z --stdin [2ms]
2024-04-15 17:20:29.081 [info] > git check-ignore -v -z --stdin [4ms]
2024-04-15 17:20:29.608 [info] > git config --get commit.template [24ms]
2024-04-15 17:20:29.609 [info] > git for-each-ref --format=%(refname)%00%(upstream:short)%00%(objectname)%00%(upstream:track)%00%(upstream:remotename)%00%(upstream:remoteref) refs/heads/E01 refs/remotes/E01 [3ms]
2024-04-15 17:20:29.634 [info] > git status -z -uall [4ms]
2024-04-15 17:20:33.869 [info] > git config --get commit.template [22ms]
2024-04-15 17:20:33.872 [info] > git for-each-ref --format=%(refname)%00%(upstream:short)%00%(objectname)%00%(upstream:track)%00%(upstream:remotename)%00%(upstream:remoteref) refs/heads/main refs/remotes/main [4ms]
2024-04-15 17:20:34.165 [info] > git status -z -uall [273ms]
2024-04-15 17:20:43.916 [info] > git config --get commit.template [17ms]
2024-04-15 17:20:43.918 [info] > git for-each-ref --format=%(refname)%00%(upstream:short)%00%(objectname)%00%(upstream:track)%00%(upstream:remotename)%00%(upstream:remoteref) refs/heads/main refs/remotes/main [4ms]
2024-04-15 17:20:44.148 [info] > git status -z -uall [212ms]
2024-04-15 17:20:49.645 [info] > git check-ignore -v -z --stdin [8ms]
2024-04-15 17:20:58.920 [info] > git config --get commit.template [21ms]
2024-04-15 17:20:58.923 [info] > git for-each-ref --format=%(refname)%00%(upstream:short)%00%(objectname)%00%(upstream:track)%00%(upstream:remotename)%00%(upstream:remoteref) refs/heads/main refs/remotes/main [4ms]
2024-04-15 17:20:59.187 [info] > git status -z -uall [242ms]
2024-04-15 17:21:03.504 [info] > git check-ignore -v -z --stdin [8ms]
2024-04-15 17:21:09.477 [info] > git config --get commit.template [18ms]
2024-04-15 17:21:09.480 [info] > git for-each-ref --format=%(refname)%00%(upstream:short)%00%(objectname)%00%(upstream:track)%00%(upstream:remotename)%00%(upstream:remoteref) refs/heads/main refs/remotes/main [3ms]
2024-04-15 17:21:09.705 [info] > git status -z -uall [208ms]
2024-04-15 17:21:14.825 [info] > git config --get commit.template [18ms]
2024-04-15 17:21:14.827 [info] > git for-each-ref --format=%(refname)%00%(upstream:short)%00%(objectname)%00%(upstream:track)%00%(upstream:remotename)%00%(upstream:remoteref) refs/heads/main refs/remotes/main [4ms]
2024-04-15 17:21:15.036 [info] > git status -z -uall [193ms]
2024-04-15 17:21:28.765 [info] > git config --get commit.template [25ms]
2024-04-15 17:21:28.768 [info] > git for-each-ref --format=%(refname)%00%(upstream:short)%00%(objectname)%00%(upstream:track)%00%(upstream:remotename)%00%(upstream:remoteref) refs/heads/main refs/remotes/main [5ms]
2024-04-15 17:21:28.977 [info] > git status -z -uall [190ms]
2024-04-15 17:21:42.499 [info] > git check-ignore -v -z --stdin [8ms]
2024-04-15 17:21:45.438 [info] > git check-ignore -v -z --stdin [9ms]
2024-04-15 17:21:49.855 [info] > git check-ignore -v -z --stdin [3ms]
2024-04-15 17:21:52.770 [info] > git config --get commit.template [19ms]
2024-04-15 17:21:52.772 [info] > git for-each-ref --format=%(refname)%00%(upstream:short)%00%(objectname)%00%(upstream:track)%00%(upstream:remotename)%00%(upstream:remoteref) refs/heads/main refs/remotes/main [4ms]
2024-04-15 17:21:52.976 [info] > git status -z -uall [187ms]
2024-04-15 17:22:03.894 [info] > git check-ignore -v -z --stdin [11ms]
2024-04-15 17:22:04.421 [info] > git check-ignore -v -z --stdin [10ms]
2024-04-15 17:22:05.327 [info] > git config --get commit.template [16ms]
2024-04-15 17:22:05.329 [info] > git for-each-ref --format=%(refname)%00%(upstream:short)%00%(objectname)%00%(upstream:track)%00%(upstream:remotename)%00%(upstream:remoteref) refs/heads/E01 refs/remotes/E01 [3ms]
2024-04-15 17:22:05.351 [info] > git status -z -uall [3ms]
2024-04-15 17:22:10.920 [warning] ENOENT: no such file or directory, open '/home/student/S02_Coclock_Working/.git/HEAD'
2024-04-15 17:22:10.952 [warning] getRemotes() - ENOENT: no such file or directory, open '/home/student/S02_Coclock_Working/.git/config'
2024-04-15 17:22:10.986 [warning] ENOENT: no such file or directory, open '/home/student/S02_Coclock_Working/.git/HEAD'
2024-04-15 17:22:11.020 [warning] getRemotes() - ENOENT: no such file or directory, open '/home/student/S02_Coclock_Working/.git/config'
2024-04-15 17:22:11.882 [info] > git check-ignore -v -z --stdin [77ms]
2024-04-15 17:22:11.884 [info] > git check-ignore -v -z --stdin [62ms]
2024-04-15 17:22:11.884 [info] > git check-ignore -v -z --stdin [42ms]
2024-04-15 17:22:11.885 [info] > git check-ignore -v -z --stdin [24ms]
2024-04-15 17:22:11.885 [info] > git check-ignore -v -z --stdin [6ms]
2024-04-15 17:22:19.755 [info] > git config --get commit.template [3ms]
2024-04-15 17:22:19.778 [info] > git for-each-ref --format=%(refname)%00%(upstream:short)%00%(objectname)%00%(upstream:track)%00%(upstream:remotename)%00%(upstream:remoteref) refs/heads/main refs/remotes/main [5ms]
2024-04-15 17:22:20.023 [info] > git status -z -uall [230ms]
2024-04-15 17:22:22.474 [info] > git ls-files --stage -- /home/student/S01-OVitrine-BenoitOClock/db.sql [3ms]
2024-04-15 17:22:22.501 [info] > git cat-file -s ba93e8f57e7266be3ec922b0e9b6fb5cce8ab7ed [6ms]
2024-04-15 17:22:22.558 [info] > git show --textconv :db.sql [3ms]
