2024-05-31 13:54:43.650 [info] Niveau de journal : Info
2024-05-31 13:54:43.650 [info] Validation du git trouvé dans : «git»
2024-05-31 13:54:43.650 [info] Utilisation de git «2.34.1» à partir de «git»
2024-05-31 13:54:43.650 [info] > git rev-parse --show-toplevel [16ms]
2024-05-31 13:54:43.650 [info] > git rev-parse --git-dir --git-common-dir [5ms]
2024-05-31 13:54:43.650 [info] Open repository: /home/student/S03_challenge_E03-cedricRGT45
2024-05-31 13:54:43.652 [info] > git rev-parse --show-toplevel [4ms]
2024-05-31 13:54:43.654 [info] > git config --get commit.template [16ms]
2024-05-31 13:54:43.678 [info] > git rev-parse --show-toplevel [13ms]
2024-05-31 13:54:43.679 [info] > git for-each-ref --format=%(refname)%00%(upstream:short)%00%(objectname)%00%(upstream:track)%00%(upstream:remotename)%00%(upstream:remoteref) refs/heads/master refs/remotes/master [3ms]
2024-05-31 13:54:43.705 [info] > git rev-parse --show-toplevel [15ms]
2024-05-31 13:54:43.725 [info] > git status -z -uall [22ms]
2024-05-31 13:54:43.762 [info] > git merge-base refs/heads/master refs/remotes/origin/master [23ms]
2024-05-31 13:54:43.779 [info] > git rev-parse --show-toplevel [57ms]
2024-05-31 13:54:43.812 [info] > git rev-list --count --left-right refs/heads/master...refs/remotes/origin/master [34ms]
2024-05-31 13:54:43.827 [info] > git config --get commit.template [65ms]
2024-05-31 13:54:43.878 [info] > git diff --name-status -z --diff-filter=ADMR 975a3b72ecb66730915a439ab1fcef8b86382076...refs/remotes/origin/master [52ms]
2024-05-31 13:54:43.879 [info] > git rev-parse --show-toplevel [83ms]
2024-05-31 13:54:43.909 [info] > git for-each-ref --format=%(refname)%00%(upstream:short)%00%(objectname)%00%(upstream:track)%00%(upstream:remotename)%00%(upstream:remoteref) refs/heads/master refs/remotes/master [6ms]
2024-05-31 13:54:44.181 [info] > git status -z -uall [246ms]
2024-05-31 13:54:44.310 [info] > git show --textconv :projet/docker-compose.yml [41ms]
2024-05-31 13:54:44.310 [info] > git ls-files --stage -- /home/student/S03_challenge_E03-cedricRGT45/projet/docker-compose.yml [24ms]
2024-05-31 13:54:44.348 [info] > git cat-file -s f5ed10c6a9d62cdddd49e3db4b9ba09b8bc834c7 [22ms]
2024-05-31 13:54:44.350 [info] > git check-ignore -v -z --stdin [4ms]
2024-05-31 13:56:38.386 [info] > git config --get commit.template [27ms]
2024-05-31 13:56:38.394 [info] > git for-each-ref --format=%(refname)%00%(upstream:short)%00%(objectname)%00%(upstream:track)%00%(upstream:remotename)%00%(upstream:remoteref) refs/heads/master refs/remotes/master [14ms]
2024-05-31 13:56:38.427 [info] > git status -z -uall [9ms]
2024-05-31 13:58:29.308 [info] > git config --get commit.template [14ms]
2024-05-31 13:58:29.310 [info] > git for-each-ref --format=%(refname)%00%(upstream:short)%00%(objectname)%00%(upstream:track)%00%(upstream:remotename)%00%(upstream:remoteref) refs/heads/master refs/remotes/master [3ms]
2024-05-31 13:58:29.327 [info] > git status -z -uall [4ms]
2024-05-31 13:58:34.349 [info] > git config --get commit.template [1ms]
2024-05-31 13:58:34.366 [info] > git for-each-ref --format=%(refname)%00%(upstream:short)%00%(objectname)%00%(upstream:track)%00%(upstream:remotename)%00%(upstream:remoteref) refs/heads/master refs/remotes/master [4ms]
2024-05-31 13:58:34.385 [info] > git status -z -uall [5ms]
2024-05-31 13:58:41.326 [info] > git config --get commit.template [20ms]
2024-05-31 13:58:41.332 [info] > git for-each-ref --format=%(refname)%00%(upstream:short)%00%(objectname)%00%(upstream:track)%00%(upstream:remotename)%00%(upstream:remoteref) refs/heads/master refs/remotes/master [7ms]
2024-05-31 13:58:41.361 [info] > git status -z -uall [10ms]
