2024-06-19 09:11:47.311 [info] Log level: Info
2024-06-19 09:11:47.311 [info] Validating found git in: "git"
2024-06-19 09:11:47.311 [info] Using git "2.34.1" from "git"
2024-06-19 09:11:47.312 [info] > git rev-parse --show-toplevel [67ms]
2024-06-19 09:11:47.312 [info] > git rev-parse --git-dir --git-common-dir [982ms]
2024-06-19 09:11:47.312 [info] Open repository: /home/student
2024-06-19 09:11:47.312 [info] > git config --get commit.template [32ms]
2024-06-19 09:11:47.341 [info] > git rev-parse --show-toplevel [39ms]
2024-06-19 09:11:47.377 [info] > git for-each-ref --format=%(refname)%00%(upstream:short)%00%(objectname)%00%(upstream:track)%00%(upstream:remotename)%00%(upstream:remoteref) refs/heads/main refs/remotes/main [54ms]
2024-06-19 09:11:47.420 [info] > git rev-parse --git-dir --git-common-dir [45ms]
2024-06-19 09:11:47.454 [info] Open repository: /home/student/S03_challenge_E05_suspense-cedricRGT45
2024-06-19 09:11:47.600 [info] > git config --get commit.template [51ms]
2024-06-19 09:11:47.602 [info] > git rev-parse --show-toplevel [32ms]
2024-06-19 09:11:47.677 [info] > git for-each-ref --format=%(refname)%00%(upstream:short)%00%(objectname)%00%(upstream:track)%00%(upstream:remotename)%00%(upstream:remoteref) refs/heads/master refs/remotes/master [21ms]
2024-06-19 09:11:47.707 [info] > git rev-parse --show-toplevel [31ms]
2024-06-19 09:11:47.790 [info] > git rev-parse --show-toplevel [53ms]
2024-06-19 09:11:47.828 [info] > git status -z -uall [40ms]
2024-06-19 09:11:47.977 [info] > git merge-base refs/heads/master refs/remotes/origin/master [99ms]
2024-06-19 09:11:48.009 [info] > git rev-parse --show-toplevel [199ms]
2024-06-19 09:11:48.189 [info] > git rev-list --count --left-right refs/heads/master...refs/remotes/origin/master [179ms]
2024-06-19 09:11:48.252 [info] > git config --get commit.template [276ms]
2024-06-19 09:11:48.280 [info] > git rev-parse --show-toplevel [97ms]
2024-06-19 09:11:48.360 [info] > git diff --name-status -z --diff-filter=ADMR 38c0e2c4c1ab2970ba68f1bf3edb3b5090905268...refs/remotes/origin/master [109ms]
2024-06-19 09:11:48.417 [info] > git for-each-ref --format=%(refname)%00%(upstream:short)%00%(objectname)%00%(upstream:track)%00%(upstream:remotename)%00%(upstream:remoteref) refs/heads/master refs/remotes/master [108ms]
2024-06-19 09:11:48.422 [info] > git rev-parse --show-toplevel [6ms]
2024-06-19 09:11:48.487 [info] > git status -z -uall [19ms]
2024-06-19 09:11:48.510 [info] > git rev-parse --show-toplevel [30ms]
2024-06-19 09:11:48.818 [info] > git rev-parse --show-toplevel [277ms]
2024-06-19 09:11:48.971 [info] > git check-ignore -v -z --stdin [133ms]
2024-06-19 09:11:49.011 [info] > git rev-parse --show-toplevel [128ms]
2024-06-19 09:11:49.199 [info] > git status -z -uall [1795ms] (cancelled)
2024-06-19 09:11:49.208 [info] > git rev-parse --show-toplevel [170ms]
2024-06-19 09:11:49.328 [info] > git check-ignore -v -z --stdin [78ms]
2024-06-19 09:11:49.330 [info] > git rev-parse --show-toplevel [67ms]
2024-06-19 09:11:49.377 [info] > git rev-parse --git-dir --git-common-dir [12ms]
2024-06-19 09:11:49.383 [info] Open repository: /home/student/S02_Coclock_Working
2024-06-19 09:11:49.474 [info] > git config --get commit.template [30ms]
2024-06-19 09:11:49.514 [info] > git rev-parse --show-toplevel [43ms]
2024-06-19 09:11:49.549 [info] > git for-each-ref --format=%(refname)%00%(upstream:short)%00%(objectname)%00%(upstream:track)%00%(upstream:remotename)%00%(upstream:remoteref) refs/heads/master refs/remotes/master [37ms]
2024-06-19 09:11:49.576 [warning] ENOENT: no such file or directory, open '/home/student/S02_Coclock_Working/.git/refs/remotes/origin/master'
2024-06-19 09:11:49.597 [info] > git rev-parse --git-dir --git-common-dir [49ms]
2024-06-19 09:11:49.636 [info] Open repository: /home/student/S03_CICD
2024-06-19 09:11:49.695 [info] > git rev-parse refs/remotes/origin/master [119ms]
2024-06-19 09:11:49.723 [info] > git rev-parse --show-toplevel [28ms]
2024-06-19 09:11:49.782 [info] > git config --get commit.template [96ms]
2024-06-19 09:11:49.785 [info] > git show --textconv :projet/frontend/src/components/App/Content/Products/Products.tsx [35ms]
2024-06-19 09:11:49.831 [info] > git ls-files --stage -- /home/student/S03_challenge_E05_suspense-cedricRGT45/projet/frontend/src/components/App/Content/Products/Products.tsx [49ms]
2024-06-19 09:11:49.857 [info] > git for-each-ref --format=%(refname)%00%(upstream:short)%00%(objectname)%00%(upstream:track)%00%(upstream:remotename)%00%(upstream:remoteref) refs/heads/master refs/remotes/master [53ms]
2024-06-19 09:11:49.866 [warning] ENOENT: no such file or directory, open '/home/student/S03_CICD/.git/refs/remotes/origin/master'
2024-06-19 09:11:49.868 [info] > git cat-file -s 109ba04794e66333da68cf4bc7fb747084f968f4 [12ms]
2024-06-19 09:11:49.870 [info] > git rev-parse refs/remotes/origin/master [3ms]
2024-06-19 09:11:49.946 [info] > git status -z -uall [56ms]
2024-06-19 09:11:50.069 [info] > git merge-base refs/heads/master refs/remotes/origin/master [84ms]
2024-06-19 09:11:50.214 [info] > git status -z -uall [503ms]
2024-06-19 09:11:50.217 [info] > git rev-list --count --left-right refs/heads/master...refs/remotes/origin/master [133ms]
2024-06-19 09:11:50.224 [info] > git config --get commit.template [158ms]
2024-06-19 09:11:50.292 [info] > git check-ignore -v -z --stdin [31ms]
2024-06-19 09:11:50.296 [info] > git merge-base refs/heads/master refs/remotes/origin/master [55ms]
2024-06-19 09:11:50.323 [info] > git diff --name-status -z --diff-filter=ADMR 4c00948e25e702a642836f79638d3d376e03e5ea...refs/remotes/origin/master [99ms]
2024-06-19 09:11:50.446 [info] > git rev-list --count --left-right refs/heads/master...refs/remotes/origin/master [122ms]
2024-06-19 09:11:50.463 [info] > git config --get commit.template [178ms]
2024-06-19 09:11:50.505 [info] > git diff --name-status -z --diff-filter=ADMR 55e66f96c5ba6b77b9d257d5579e211274f560ad...refs/remotes/origin/master [41ms]
2024-06-19 09:11:50.506 [info] > git for-each-ref --format=%(refname)%00%(upstream:short)%00%(objectname)%00%(upstream:track)%00%(upstream:remotename)%00%(upstream:remoteref) refs/heads/master refs/remotes/master [130ms]
2024-06-19 09:11:50.544 [warning] ENOENT: no such file or directory, open '/home/student/S03_CICD/.git/refs/remotes/origin/master'
2024-06-19 09:11:50.547 [info] > git for-each-ref --format=%(refname)%00%(upstream:short)%00%(objectname)%00%(upstream:track)%00%(upstream:remotename)%00%(upstream:remoteref) refs/heads/master refs/remotes/master [26ms]
2024-06-19 09:11:50.555 [warning] ENOENT: no such file or directory, open '/home/student/S02_Coclock_Working/.git/refs/remotes/origin/master'
2024-06-19 09:11:50.563 [info] > git rev-parse refs/remotes/origin/master [19ms]
2024-06-19 09:11:50.577 [info] > git rev-parse refs/remotes/origin/master [22ms]
2024-06-19 09:11:50.611 [info] > git status -z -uall [34ms]
2024-06-19 09:11:50.889 [info] > git status -z -uall [300ms]
2024-06-19 09:11:52.871 [info] > git config --get commit.template [7ms]
2024-06-19 09:11:52.885 [info] > git for-each-ref --format=%(refname)%00%(upstream:short)%00%(objectname)%00%(upstream:track)%00%(upstream:remotename)%00%(upstream:remoteref) refs/heads/master refs/remotes/master [14ms]
2024-06-19 09:11:52.901 [info] > git status -z -uall [7ms]
2024-06-19 09:11:57.920 [info] > git config --get commit.template [7ms]
2024-06-19 09:11:57.922 [info] > git for-each-ref --format=%(refname)%00%(upstream:short)%00%(objectname)%00%(upstream:track)%00%(upstream:remotename)%00%(upstream:remoteref) refs/heads/master refs/remotes/master [3ms]
2024-06-19 09:11:57.936 [info] > git status -z -uall [5ms]
2024-06-19 09:12:02.965 [info] > git config --get commit.template [17ms]
2024-06-19 09:12:02.968 [info] > git for-each-ref --format=%(refname)%00%(upstream:short)%00%(objectname)%00%(upstream:track)%00%(upstream:remotename)%00%(upstream:remoteref) refs/heads/master refs/remotes/master [4ms]
2024-06-19 09:12:02.981 [info] > git status -z -uall [5ms]
2024-06-19 09:12:10.759 [info] > git check-ignore -v -z --stdin [15ms]
2024-06-19 09:12:10.760 [info] > git check-ignore -v -z --stdin [10ms]
2024-06-19 09:12:10.774 [info] > git check-ignore -v -z --stdin [18ms]
2024-06-19 09:12:18.284 [info] > git check-ignore -v -z --stdin [9ms]
2024-06-19 09:12:22.869 [info] > git check-ignore -v -z --stdin [3ms]
2024-06-19 09:12:28.511 [info] > git check-ignore -v -z --stdin [9ms]
2024-06-19 09:12:33.948 [info] > git check-ignore -v -z --stdin [3ms]
2024-06-19 09:12:45.088 [info] > git check-ignore -v -z --stdin [3ms]
2024-06-19 09:12:45.240 [info] > git show --textconv :projet/frontend/src/components/App/Header/Fakeroute.tsx [34ms]
2024-06-19 09:12:45.249 [info] > git ls-files --stage -- /home/student/S03_challenge_E05_suspense-cedricRGT45/projet/frontend/src/components/App/Header/Fakeroute.tsx [30ms]
2024-06-19 09:12:45.265 [info] > git config --get commit.template [25ms]
2024-06-19 09:12:45.320 [info] > git for-each-ref --format=%(refname)%00%(upstream:short)%00%(objectname)%00%(upstream:track)%00%(upstream:remotename)%00%(upstream:remoteref) refs/heads/master refs/remotes/master [33ms]
2024-06-19 09:12:45.370 [info] > git status -z -uall [24ms]
2024-06-19 09:12:54.295 [info] > git config --get commit.template [7ms]
2024-06-19 09:12:54.301 [info] > git for-each-ref --format=%(refname)%00%(upstream:short)%00%(objectname)%00%(upstream:track)%00%(upstream:remotename)%00%(upstream:remoteref) refs/heads/master refs/remotes/master [8ms]
2024-06-19 09:12:54.331 [info] > git status -z -uall [18ms]
2024-06-19 09:13:03.469 [info] > git config --get commit.template [8ms]
2024-06-19 09:13:03.478 [info] > git for-each-ref --format=%(refname)%00%(upstream:short)%00%(objectname)%00%(upstream:track)%00%(upstream:remotename)%00%(upstream:remoteref) refs/heads/master refs/remotes/master [4ms]
2024-06-19 09:13:03.503 [info] > git status -z -uall [8ms]
2024-06-19 09:13:04.954 [info] > git show --textconv :projet/frontend/src/components/App/Content/Products/ErrorBoundary.tsx [8ms]
2024-06-19 09:13:04.957 [info] > git ls-files --stage -- /home/student/S03_challenge_E05_suspense-cedricRGT45/projet/frontend/src/components/App/Content/Products/ErrorBoundary.tsx [3ms]
2024-06-19 09:13:43.439 [info] > git config --get commit.template [18ms]
2024-06-19 09:13:43.444 [info] > git for-each-ref --format=%(refname)%00%(upstream:short)%00%(objectname)%00%(upstream:track)%00%(upstream:remotename)%00%(upstream:remoteref) refs/heads/master refs/remotes/master [5ms]
2024-06-19 09:13:43.459 [info] > git status -z -uall [5ms]
2024-06-19 09:15:04.236 [info] > git config --get commit.template [8ms]
2024-06-19 09:15:04.238 [info] > git for-each-ref --format=%(refname)%00%(upstream:short)%00%(objectname)%00%(upstream:track)%00%(upstream:remotename)%00%(upstream:remoteref) refs/heads/master refs/remotes/master [3ms]
2024-06-19 09:15:04.251 [info] > git status -z -uall [5ms]
2024-06-19 09:15:43.223 [info] > git config --get commit.template [9ms]
2024-06-19 09:15:43.228 [info] > git for-each-ref --format=%(refname)%00%(upstream:short)%00%(objectname)%00%(upstream:track)%00%(upstream:remotename)%00%(upstream:remoteref) refs/heads/master refs/remotes/master [6ms]
2024-06-19 09:15:43.243 [info] > git status -z -uall [8ms]
2024-06-19 09:15:56.744 [info] > git config --get commit.template [1ms]
2024-06-19 09:15:56.753 [info] > git for-each-ref --format=%(refname)%00%(upstream:short)%00%(objectname)%00%(upstream:track)%00%(upstream:remotename)%00%(upstream:remoteref) refs/heads/master refs/remotes/master [3ms]
2024-06-19 09:15:56.765 [info] > git status -z -uall [6ms]
2024-06-19 09:16:03.460 [info] > git config --get commit.template [2ms]
2024-06-19 09:16:03.481 [info] > git for-each-ref --format=%(refname)%00%(upstream:short)%00%(objectname)%00%(upstream:track)%00%(upstream:remotename)%00%(upstream:remoteref) refs/heads/master refs/remotes/master [14ms]
2024-06-19 09:16:03.498 [info] > git status -z -uall [7ms]
2024-06-19 09:16:08.520 [info] > git config --get commit.template [10ms]
2024-06-19 09:16:08.533 [info] > git for-each-ref --format=%(refname)%00%(upstream:short)%00%(objectname)%00%(upstream:track)%00%(upstream:remotename)%00%(upstream:remoteref) refs/heads/master refs/remotes/master [5ms]
2024-06-19 09:16:08.545 [info] > git status -z -uall [5ms]
2024-06-19 09:16:13.566 [info] > git config --get commit.template [9ms]
2024-06-19 09:16:13.570 [info] > git for-each-ref --format=%(refname)%00%(upstream:short)%00%(objectname)%00%(upstream:track)%00%(upstream:remotename)%00%(upstream:remoteref) refs/heads/master refs/remotes/master [5ms]
2024-06-19 09:16:13.590 [info] > git status -z -uall [6ms]
2024-06-19 09:16:18.607 [info] > git config --get commit.template [7ms]
2024-06-19 09:16:18.610 [info] > git for-each-ref --format=%(refname)%00%(upstream:short)%00%(objectname)%00%(upstream:track)%00%(upstream:remotename)%00%(upstream:remoteref) refs/heads/master refs/remotes/master [3ms]
2024-06-19 09:16:18.622 [info] > git status -z -uall [6ms]
2024-06-19 09:16:23.659 [info] > git config --get commit.template [16ms]
2024-06-19 09:16:23.727 [info] > git for-each-ref --format=%(refname)%00%(upstream:short)%00%(objectname)%00%(upstream:track)%00%(upstream:remotename)%00%(upstream:remoteref) refs/heads/master refs/remotes/master [2ms]
2024-06-19 09:16:23.790 [info] > git status -z -uall [31ms]
2024-06-19 09:16:28.816 [info] > git for-each-ref --format=%(refname)%00%(upstream:short)%00%(objectname)%00%(upstream:track)%00%(upstream:remotename)%00%(upstream:remoteref) refs/heads/master refs/remotes/master [1ms]
2024-06-19 09:16:28.817 [info] > git config --get commit.template [15ms]
2024-06-19 09:16:28.830 [info] > git status -z -uall [7ms]
2024-06-19 09:16:36.720 [info] > git config --get commit.template [8ms]
2024-06-19 09:16:36.722 [info] > git for-each-ref --format=%(refname)%00%(upstream:short)%00%(objectname)%00%(upstream:track)%00%(upstream:remotename)%00%(upstream:remoteref) refs/heads/master refs/remotes/master [3ms]
2024-06-19 09:16:36.733 [info] > git status -z -uall [5ms]
2024-06-19 09:16:43.334 [info] > git config --get commit.template [8ms]
2024-06-19 09:16:43.339 [info] > git for-each-ref --format=%(refname)%00%(upstream:short)%00%(objectname)%00%(upstream:track)%00%(upstream:remotename)%00%(upstream:remoteref) refs/heads/master refs/remotes/master [6ms]
2024-06-19 09:16:43.357 [info] > git status -z -uall [7ms]
2024-06-19 09:16:55.652 [info] > git config --get commit.template [9ms]
2024-06-19 09:16:55.654 [info] > git for-each-ref --format=%(refname)%00%(upstream:short)%00%(objectname)%00%(upstream:track)%00%(upstream:remotename)%00%(upstream:remoteref) refs/heads/master refs/remotes/master [4ms]
2024-06-19 09:16:55.665 [info] > git status -z -uall [6ms]
2024-06-19 09:17:09.039 [info] > git config --get commit.template [7ms]
2024-06-19 09:17:09.041 [info] > git for-each-ref --format=%(refname)%00%(upstream:short)%00%(objectname)%00%(upstream:track)%00%(upstream:remotename)%00%(upstream:remoteref) refs/heads/master refs/remotes/master [3ms]
2024-06-19 09:17:09.053 [info] > git status -z -uall [5ms]
2024-06-19 09:19:48.571 [info] > git show --textconv :projet/frontend/src/components/App/Header/Fakeroute.tsx [18ms]
2024-06-19 09:19:48.575 [info] > git ls-files --stage -- /home/student/S03_challenge_E05_suspense-cedricRGT45/projet/frontend/src/components/App/Header/Fakeroute.tsx [14ms]
2024-06-19 09:19:52.528 [info] > git config --get commit.template [13ms]
2024-06-19 09:19:52.531 [info] > git for-each-ref --format=%(refname)%00%(upstream:short)%00%(objectname)%00%(upstream:track)%00%(upstream:remotename)%00%(upstream:remoteref) refs/heads/master refs/remotes/master [4ms]
2024-06-19 09:19:52.546 [info] > git status -z -uall [7ms]
2024-06-19 09:20:19.060 [info] > git show --textconv :projet/frontend/src/components/App/Content/Products/ErrorBoundary.tsx [7ms]
2024-06-19 09:20:19.061 [info] > git ls-files --stage -- /home/student/S03_challenge_E05_suspense-cedricRGT45/projet/frontend/src/components/App/Content/Products/ErrorBoundary.tsx [2ms]
2024-06-19 09:20:52.331 [info] > git for-each-ref --format=%(refname)%00%(upstream:short)%00%(objectname)%00%(upstream:track)%00%(upstream:remotename)%00%(upstream:remoteref) refs/heads/master refs/remotes/master [8ms]
2024-06-19 09:20:52.332 [info] > git config --get commit.template [19ms]
2024-06-19 09:20:52.344 [info] > git status -z -uall [6ms]
2024-06-19 09:20:55.086 [info] > git show --textconv :projet/frontend/src/components/App/Header/Fakeroute.tsx [13ms]
2024-06-19 09:20:55.088 [info] > git ls-files --stage -- /home/student/S03_challenge_E05_suspense-cedricRGT45/projet/frontend/src/components/App/Header/Fakeroute.tsx [3ms]
2024-06-19 09:21:04.012 [info] > git config --get commit.template [11ms]
2024-06-19 09:21:04.025 [info] > git for-each-ref --format=%(refname)%00%(upstream:short)%00%(objectname)%00%(upstream:track)%00%(upstream:remotename)%00%(upstream:remoteref) refs/heads/master refs/remotes/master [15ms]
2024-06-19 09:21:04.044 [info] > git status -z -uall [11ms]
2024-06-19 09:21:09.062 [info] > git config --get commit.template [1ms]
2024-06-19 09:21:09.072 [info] > git for-each-ref --format=%(refname)%00%(upstream:short)%00%(objectname)%00%(upstream:track)%00%(upstream:remotename)%00%(upstream:remoteref) refs/heads/master refs/remotes/master [3ms]
2024-06-19 09:21:09.088 [info] > git status -z -uall [10ms]
2024-06-19 09:21:14.109 [info] > git config --get commit.template [2ms]
2024-06-19 09:21:14.117 [info] > git for-each-ref --format=%(refname)%00%(upstream:short)%00%(objectname)%00%(upstream:track)%00%(upstream:remotename)%00%(upstream:remoteref) refs/heads/master refs/remotes/master [3ms]
2024-06-19 09:21:14.128 [info] > git status -z -uall [5ms]
2024-06-19 09:21:19.143 [info] > git config --get commit.template [4ms]
2024-06-19 09:21:19.152 [info] > git for-each-ref --format=%(refname)%00%(upstream:short)%00%(objectname)%00%(upstream:track)%00%(upstream:remotename)%00%(upstream:remoteref) refs/heads/master refs/remotes/master [3ms]
2024-06-19 09:21:19.166 [info] > git status -z -uall [6ms]
2024-06-19 09:21:24.197 [info] > git config --get commit.template [10ms]
2024-06-19 09:21:24.201 [info] > git for-each-ref --format=%(refname)%00%(upstream:short)%00%(objectname)%00%(upstream:track)%00%(upstream:remotename)%00%(upstream:remoteref) refs/heads/master refs/remotes/master [12ms]
2024-06-19 09:21:24.214 [info] > git status -z -uall [6ms]
2024-06-19 09:21:29.232 [info] > git config --get commit.template [6ms]
2024-06-19 09:21:29.234 [info] > git for-each-ref --format=%(refname)%00%(upstream:short)%00%(objectname)%00%(upstream:track)%00%(upstream:remotename)%00%(upstream:remoteref) refs/heads/master refs/remotes/master [3ms]
2024-06-19 09:21:29.249 [info] > git status -z -uall [6ms]
2024-06-19 09:21:34.294 [info] > git config --get commit.template [34ms]
2024-06-19 09:21:34.314 [info] > git for-each-ref --format=%(refname)%00%(upstream:short)%00%(objectname)%00%(upstream:track)%00%(upstream:remotename)%00%(upstream:remoteref) refs/heads/master refs/remotes/master [21ms]
2024-06-19 09:21:34.342 [info] > git status -z -uall [14ms]
2024-06-19 09:21:39.359 [info] > git config --get commit.template [8ms]
2024-06-19 09:21:39.361 [info] > git for-each-ref --format=%(refname)%00%(upstream:short)%00%(objectname)%00%(upstream:track)%00%(upstream:remotename)%00%(upstream:remoteref) refs/heads/master refs/remotes/master [3ms]
2024-06-19 09:21:39.373 [info] > git status -z -uall [5ms]
2024-06-19 09:21:44.395 [info] > git config --get commit.template [8ms]
2024-06-19 09:21:44.397 [info] > git for-each-ref --format=%(refname)%00%(upstream:short)%00%(objectname)%00%(upstream:track)%00%(upstream:remotename)%00%(upstream:remoteref) refs/heads/master refs/remotes/master [3ms]
2024-06-19 09:21:44.411 [info] > git status -z -uall [5ms]
2024-06-19 09:21:49.443 [info] > git for-each-ref --format=%(refname)%00%(upstream:short)%00%(objectname)%00%(upstream:track)%00%(upstream:remotename)%00%(upstream:remoteref) refs/heads/master refs/remotes/master [5ms]
2024-06-19 09:21:49.443 [info] > git config --get commit.template [10ms]
2024-06-19 09:21:49.464 [info] > git status -z -uall [14ms]
2024-06-19 09:21:54.480 [info] > git config --get commit.template [7ms]
2024-06-19 09:21:54.483 [info] > git for-each-ref --format=%(refname)%00%(upstream:short)%00%(objectname)%00%(upstream:track)%00%(upstream:remotename)%00%(upstream:remoteref) refs/heads/master refs/remotes/master [3ms]
2024-06-19 09:21:54.495 [info] > git status -z -uall [6ms]
2024-06-19 09:22:12.793 [info] > git config --get commit.template [6ms]
2024-06-19 09:22:12.796 [info] > git for-each-ref --format=%(refname)%00%(upstream:short)%00%(objectname)%00%(upstream:track)%00%(upstream:remotename)%00%(upstream:remoteref) refs/heads/master refs/remotes/master [3ms]
2024-06-19 09:22:12.807 [info] > git status -z -uall [5ms]
2024-06-19 09:22:23.752 [info] > git check-ignore -v -z --stdin [2ms]
2024-06-19 09:22:39.439 [info] > git config --get commit.template [6ms]
2024-06-19 09:22:39.456 [info] > git for-each-ref --format=%(refname)%00%(upstream:short)%00%(objectname)%00%(upstream:track)%00%(upstream:remotename)%00%(upstream:remoteref) refs/heads/master refs/remotes/master [4ms]
2024-06-19 09:22:39.491 [info] > git status -z -uall [7ms]
