2024-06-18 18:40:55.869 [info] Log level: Info
2024-06-18 18:40:55.874 [info] Validating found git in: "git"
2024-06-18 18:40:55.875 [info] Using git "2.34.1" from "git"
2024-06-18 18:40:55.876 [info] > git rev-parse --show-toplevel [282ms]
2024-06-18 18:40:55.879 [info] > git rev-parse --git-dir --git-common-dir [38ms]
2024-06-18 18:40:55.880 [info] Open repository: /home/student
2024-06-18 18:40:55.881 [info] > git rev-parse --show-toplevel [22ms]
2024-06-18 18:40:55.882 [info] > git config --get commit.template [43ms]
2024-06-18 18:40:55.939 [info] > git rev-parse --git-dir --git-common-dir [46ms]
2024-06-18 18:40:55.951 [info] Open repository: /home/student/S03_challenge_E05_suspense-cedricRGT45
2024-06-18 18:40:55.987 [info] > git for-each-ref --format=%(refname)%00%(upstream:short)%00%(objectname)%00%(upstream:track)%00%(upstream:remotename)%00%(upstream:remoteref) refs/heads/main refs/remotes/main [67ms]
2024-06-18 18:40:55.991 [info] > git rev-parse --show-toplevel [4ms]
2024-06-18 18:40:55.992 [info] > git config --get commit.template [16ms]
2024-06-18 18:40:56.034 [info] > git rev-parse --show-toplevel [33ms]
2024-06-18 18:40:56.069 [info] > git for-each-ref --format=%(refname)%00%(upstream:short)%00%(objectname)%00%(upstream:track)%00%(upstream:remotename)%00%(upstream:remoteref) refs/heads/master refs/remotes/master [56ms]
2024-06-18 18:40:56.097 [warning] ENOENT: no such file or directory, open '/home/student/S03_challenge_E05_suspense-cedricRGT45/.git/refs/remotes/origin/master'
2024-06-18 18:40:56.099 [info] > git rev-parse --show-toplevel [31ms]
2024-06-18 18:40:56.122 [info] > git rev-parse refs/remotes/origin/master [24ms]
2024-06-18 18:40:56.133 [info] > git rev-parse --show-toplevel [13ms]
2024-06-18 18:40:56.208 [info] > git status -z -uall [76ms]
2024-06-18 18:40:56.328 [info] > git merge-base refs/heads/master refs/remotes/origin/master [92ms]
2024-06-18 18:40:56.370 [info] > git rev-parse --show-toplevel [183ms]
2024-06-18 18:40:56.500 [info] > git rev-list --count --left-right refs/heads/master...refs/remotes/origin/master [130ms]
2024-06-18 18:40:56.522 [info] > git config --get commit.template [198ms]
2024-06-18 18:40:56.524 [info] > git rev-parse --show-toplevel [26ms]
2024-06-18 18:40:56.553 [info] > git for-each-ref --format=%(refname)%00%(upstream:short)%00%(objectname)%00%(upstream:track)%00%(upstream:remotename)%00%(upstream:remoteref) refs/heads/master refs/remotes/master [15ms]
2024-06-18 18:40:56.554 [info] > git diff --name-status -z --diff-filter=ADMR 5352df7d86e178716ab3301dd8e7891c3695ffbf...refs/remotes/origin/master [33ms]
2024-06-18 18:40:56.571 [warning] ENOENT: no such file or directory, open '/home/student/S03_challenge_E05_suspense-cedricRGT45/.git/refs/remotes/origin/master'
2024-06-18 18:40:56.573 [info] > git rev-parse --show-toplevel [21ms]
2024-06-18 18:40:56.609 [info] > git rev-parse refs/remotes/origin/master [37ms]
2024-06-18 18:40:56.630 [info] > git rev-parse --show-toplevel [28ms]
2024-06-18 18:40:56.672 [info] > git rev-parse --show-toplevel [7ms]
2024-06-18 18:40:56.689 [info] > git status -z -uall [61ms]
2024-06-18 18:40:56.719 [info] > git rev-parse --show-toplevel [31ms]
2024-06-18 18:40:56.734 [info] > git check-ignore -v -z --stdin [22ms]
2024-06-18 18:40:56.736 [info] > git check-ignore -v -z --stdin [17ms]
2024-06-18 18:40:56.749 [info] > git rev-parse --show-toplevel [16ms]
2024-06-18 18:40:56.878 [info] > git status -z -uall [845ms]
2024-06-18 18:40:56.879 [info] > git rev-parse --git-dir --git-common-dir [108ms]
2024-06-18 18:40:56.914 [info] Open repository: /home/student/S02_Coclock_Working
2024-06-18 18:41:00.057 [info] > git merge-base refs/heads/main refs/remotes/origin/main [2955ms]
2024-06-18 18:41:00.064 [info] > git rev-parse --show-toplevel [3049ms]
2024-06-18 18:41:00.067 [info] > git config --get commit.template [3063ms]
2024-06-18 18:41:00.090 [info] > git rev-list --count --left-right refs/heads/main...refs/remotes/origin/main [26ms]
2024-06-18 18:41:00.098 [info] > git config --get commit.template [114ms]
2024-06-18 18:41:00.114 [info] > git rev-parse --git-dir --git-common-dir [37ms]
2024-06-18 18:41:00.120 [info] Open repository: /home/student/S03_CICD
2024-06-18 18:41:00.156 [info] > git for-each-ref --format=%(refname)%00%(upstream:short)%00%(objectname)%00%(upstream:track)%00%(upstream:remotename)%00%(upstream:remoteref) refs/heads/master refs/remotes/master [49ms]
2024-06-18 18:41:00.157 [info] > git diff --name-status -z --diff-filter=ADMR 82fdcc4827cad87ccb8e6374629a90d1dd519f36...refs/remotes/origin/main [59ms]
2024-06-18 18:41:00.165 [warning] ENOENT: no such file or directory, open '/home/student/S02_Coclock_Working/.git/refs/remotes/origin/master'
2024-06-18 18:41:00.184 [info] > git rev-parse --show-toplevel [45ms]
2024-06-18 18:41:00.214 [info] > git config --get commit.template [80ms]
2024-06-18 18:41:00.214 [info] > git for-each-ref --format=%(refname)%00%(upstream:short)%00%(objectname)%00%(upstream:track)%00%(upstream:remotename)%00%(upstream:remoteref) refs/heads/main refs/remotes/main [87ms]
2024-06-18 18:41:00.233 [info] > git show --textconv :projet/frontend/src/components/App/Content/Content.tsx [36ms]
2024-06-18 18:41:00.236 [info] > git rev-parse refs/remotes/origin/master [70ms]
2024-06-18 18:41:00.264 [info] > git ls-files --stage -- /home/student/S03_challenge_E05_suspense-cedricRGT45/projet/frontend/src/components/App/Content/Content.tsx [51ms]
2024-06-18 18:41:00.292 [info] > git for-each-ref --format=%(refname)%00%(upstream:short)%00%(objectname)%00%(upstream:track)%00%(upstream:remotename)%00%(upstream:remoteref) refs/heads/master refs/remotes/master [29ms]
2024-06-18 18:41:00.299 [warning] ENOENT: no such file or directory, open '/home/student/S03_CICD/.git/refs/remotes/origin/master'
2024-06-18 18:41:00.300 [info] > git cat-file -s 56ecc4c900ffe640e8aaf6a2f9e38c0aae3de0a9 [15ms]
2024-06-18 18:41:00.320 [info] > git rev-parse refs/remotes/origin/master [21ms]
2024-06-18 18:41:00.389 [info] > git status -z -uall [31ms]
2024-06-18 18:41:00.471 [info] > git status -z -uall [226ms]
2024-06-18 18:41:00.472 [info] > git merge-base refs/heads/master refs/remotes/origin/master [51ms]
2024-06-18 18:41:00.500 [info] > git config --get commit.template [31ms]
2024-06-18 18:41:00.613 [info] > git merge-base refs/heads/master refs/remotes/origin/master [106ms]
2024-06-18 18:41:00.634 [info] > git rev-list --count --left-right refs/heads/master...refs/remotes/origin/master [145ms]
2024-06-18 18:41:00.781 [info] > git check-ignore -v -z --stdin [110ms]
2024-06-18 18:41:00.808 [info] > git check-ignore -v -z --stdin [89ms]
2024-06-18 18:41:00.827 [info] > git diff --name-status -z --diff-filter=ADMR 4c00948e25e702a642836f79638d3d376e03e5ea...refs/remotes/origin/master [175ms]
2024-06-18 18:41:00.829 [info] > git rev-list --count --left-right refs/heads/master...refs/remotes/origin/master [196ms]
2024-06-18 18:41:00.856 [info] > git config --get commit.template [243ms]
2024-06-18 18:41:00.857 [info] > git check-ignore -v -z --stdin [126ms]
2024-06-18 18:41:00.858 [info] > git for-each-ref --format=%(refname)%00%(upstream:short)%00%(objectname)%00%(upstream:track)%00%(upstream:remotename)%00%(upstream:remoteref) refs/heads/master refs/remotes/master [84ms]
2024-06-18 18:41:00.891 [warning] ENOENT: no such file or directory, open '/home/student/S03_CICD/.git/refs/remotes/origin/master'
2024-06-18 18:41:00.892 [info] > git diff --name-status -z --diff-filter=ADMR 55e66f96c5ba6b77b9d257d5579e211274f560ad...refs/remotes/origin/master [40ms]
2024-06-18 18:41:00.893 [info] > git for-each-ref --format=%(refname)%00%(upstream:short)%00%(objectname)%00%(upstream:track)%00%(upstream:remotename)%00%(upstream:remoteref) refs/heads/master refs/remotes/master [18ms]
2024-06-18 18:41:00.909 [warning] ENOENT: no such file or directory, open '/home/student/S02_Coclock_Working/.git/refs/remotes/origin/master'
2024-06-18 18:41:00.910 [info] > git rev-parse refs/remotes/origin/master [19ms]
2024-06-18 18:41:00.941 [info] > git rev-parse refs/remotes/origin/master [32ms]
2024-06-18 18:41:00.964 [info] > git status -z -uall [24ms]
2024-06-18 18:41:01.148 [info] > git status -z -uall [833ms]
2024-06-18 18:41:01.148 [info] > git status -z -uall [197ms]
2024-06-18 18:41:04.070 [info] > git check-ignore -v -z --stdin [33ms]
2024-06-18 18:41:04.073 [info] > git check-ignore -v -z --stdin [24ms]
2024-06-18 18:41:04.075 [info] > git check-ignore -v -z --stdin [16ms]
2024-06-18 18:41:08.066 [info] > git show --textconv :projet/frontend/src/components/App/ui/Modal.tsx [22ms]
2024-06-18 18:41:08.068 [info] > git ls-files --stage -- /home/student/S03_challenge_E05_suspense-cedricRGT45/projet/frontend/src/components/App/ui/Modal.tsx [5ms]
2024-06-18 18:41:36.651 [info] > git config --get commit.template [11ms]
2024-06-18 18:41:36.653 [info] > git config --get commit.template [8ms]
2024-06-18 18:41:36.667 [info] > git for-each-ref --format=%(refname)%00%(upstream:short)%00%(objectname)%00%(upstream:track)%00%(upstream:remotename)%00%(upstream:remoteref) refs/heads/main refs/remotes/main [8ms]
2024-06-18 18:41:36.671 [info] > git for-each-ref --format=%(refname)%00%(upstream:short)%00%(objectname)%00%(upstream:track)%00%(upstream:remotename)%00%(upstream:remoteref) refs/heads/master refs/remotes/master [6ms]
2024-06-18 18:41:36.677 [warning] ENOENT: no such file or directory, open '/home/student/S03_challenge_E05_suspense-cedricRGT45/.git/refs/remotes/origin/master'
2024-06-18 18:41:36.685 [info] > git rev-parse refs/remotes/origin/master [8ms]
2024-06-18 18:41:36.732 [info] > git status -z -uall [40ms]
2024-06-18 18:41:37.038 [info] > git status -z -uall [354ms]
2024-06-18 18:41:42.376 [info] > git config --get commit.template [7ms]
2024-06-18 18:41:42.379 [info] > git for-each-ref --format=%(refname)%00%(upstream:short)%00%(objectname)%00%(upstream:track)%00%(upstream:remotename)%00%(upstream:remoteref) refs/heads/main refs/remotes/main [5ms]
2024-06-18 18:41:42.764 [info] > git status -z -uall [375ms]
2024-06-18 18:41:45.311 [info] > git check-ignore -v -z --stdin [3ms]
2024-06-18 18:41:48.025 [info] > git check-ignore -v -z --stdin [6ms]
2024-06-18 18:41:50.404 [info] > git check-ignore -v -z --stdin [5ms]
2024-06-18 18:41:52.424 [info] > git check-ignore -v -z --stdin [7ms]
2024-06-18 18:41:53.887 [info] > git show --textconv :projet/frontend/src/styles/components/_modal.scss [17ms]
2024-06-18 18:41:53.890 [info] > git ls-files --stage -- /home/student/S03_challenge_E05_suspense-cedricRGT45/projet/frontend/src/styles/components/_modal.scss [4ms]
2024-06-18 18:42:03.256 [info] > git config --get commit.template [7ms]
2024-06-18 18:42:03.258 [info] > git for-each-ref --format=%(refname)%00%(upstream:short)%00%(objectname)%00%(upstream:track)%00%(upstream:remotename)%00%(upstream:remoteref) refs/heads/master refs/remotes/master [3ms]
2024-06-18 18:42:03.263 [warning] ENOENT: no such file or directory, open '/home/student/S03_challenge_E05_suspense-cedricRGT45/.git/refs/remotes/origin/master'
2024-06-18 18:42:03.267 [info] > git rev-parse refs/remotes/origin/master [4ms]
2024-06-18 18:42:03.292 [info] > git status -z -uall [19ms]
2024-06-18 18:42:09.391 [info] > git config --get commit.template [9ms]
2024-06-18 18:42:09.393 [info] > git for-each-ref --format=%(refname)%00%(upstream:short)%00%(objectname)%00%(upstream:track)%00%(upstream:remotename)%00%(upstream:remoteref) refs/heads/master refs/remotes/master [3ms]
2024-06-18 18:42:09.398 [warning] ENOENT: no such file or directory, open '/home/student/S03_challenge_E05_suspense-cedricRGT45/.git/refs/remotes/origin/master'
2024-06-18 18:42:09.401 [info] > git rev-parse refs/remotes/origin/master [3ms]
2024-06-18 18:42:09.419 [info] > git status -z -uall [12ms]
2024-06-18 18:42:33.675 [info] > git config --get commit.template [1ms]
2024-06-18 18:42:33.685 [info] > git for-each-ref --format=%(refname)%00%(upstream:short)%00%(objectname)%00%(upstream:track)%00%(upstream:remotename)%00%(upstream:remoteref) refs/heads/master refs/remotes/master [4ms]
2024-06-18 18:42:33.692 [warning] ENOENT: no such file or directory, open '/home/student/S03_challenge_E05_suspense-cedricRGT45/.git/refs/remotes/origin/master'
2024-06-18 18:42:33.695 [info] > git rev-parse refs/remotes/origin/master [3ms]
2024-06-18 18:42:33.716 [info] > git status -z -uall [15ms]
2024-06-18 18:42:48.481 [info] > git config --get commit.template [7ms]
2024-06-18 18:42:48.483 [info] > git for-each-ref --format=%(refname)%00%(upstream:short)%00%(objectname)%00%(upstream:track)%00%(upstream:remotename)%00%(upstream:remoteref) refs/heads/master refs/remotes/master [2ms]
2024-06-18 18:42:48.488 [warning] ENOENT: no such file or directory, open '/home/student/S03_challenge_E05_suspense-cedricRGT45/.git/refs/remotes/origin/master'
2024-06-18 18:42:48.490 [info] > git rev-parse refs/remotes/origin/master [2ms]
2024-06-18 18:42:48.502 [info] > git status -z -uall [5ms]
2024-06-18 18:42:48.627 [info] > git ls-files --stage -- /home/student/S03_challenge_E05_suspense-cedricRGT45/projet/frontend/src/styles/components/_modal.scss [4ms]
2024-06-18 18:42:48.638 [info] > git cat-file -s 2f56bdecc204b1ef0d9bc16a8a354e300953ac93 [4ms]
2024-06-18 18:42:48.792 [info] > git show --textconv :projet/frontend/src/styles/components/_modal.scss [3ms]
2024-06-18 18:43:07.512 [info] > git config --get commit.template [6ms]
2024-06-18 18:43:07.515 [info] > git for-each-ref --format=%(refname)%00%(upstream:short)%00%(objectname)%00%(upstream:track)%00%(upstream:remotename)%00%(upstream:remoteref) refs/heads/master refs/remotes/master [4ms]
2024-06-18 18:43:07.532 [warning] ENOENT: no such file or directory, open '/home/student/S03_challenge_E05_suspense-cedricRGT45/.git/refs/remotes/origin/master'
2024-06-18 18:43:07.535 [info] > git rev-parse refs/remotes/origin/master [2ms]
2024-06-18 18:43:07.548 [info] > git status -z -uall [8ms]
2024-06-18 18:43:07.558 [info] > git merge-base refs/heads/master refs/remotes/origin/master [4ms]
2024-06-18 18:43:07.567 [info] > git rev-list --count --left-right refs/heads/master...refs/remotes/origin/master [3ms]
2024-06-18 18:43:07.576 [info] > git diff --name-status -z --diff-filter=ADMR 5352df7d86e178716ab3301dd8e7891c3695ffbf...refs/remotes/origin/master [3ms]
2024-06-18 18:43:07.658 [info] > git ls-files --stage -- /home/student/S03_challenge_E05_suspense-cedricRGT45/projet/frontend/src/styles/components/_modal.scss [2ms]
2024-06-18 18:43:07.667 [info] > git cat-file -s 2f56bdecc204b1ef0d9bc16a8a354e300953ac93 [4ms]
2024-06-18 18:43:07.721 [info] > git show --textconv :projet/frontend/src/styles/components/_modal.scss [4ms]
2024-06-18 18:43:12.328 [info] > git ls-files --stage -- /home/student/S03_challenge_E05_suspense-cedricRGT45/projet/frontend/src/styles/components/_modal.scss [3ms]
2024-06-18 18:43:12.335 [info] > git cat-file -s 2f56bdecc204b1ef0d9bc16a8a354e300953ac93 [2ms]
2024-06-18 18:43:12.393 [info] > git show --textconv :projet/frontend/src/styles/components/_modal.scss [7ms]
2024-06-18 18:43:12.574 [info] > git config --get commit.template [9ms]
2024-06-18 18:43:12.577 [info] > git for-each-ref --format=%(refname)%00%(upstream:short)%00%(objectname)%00%(upstream:track)%00%(upstream:remotename)%00%(upstream:remoteref) refs/heads/master refs/remotes/master [4ms]
2024-06-18 18:43:12.592 [info] > git status -z -uall [9ms]
2024-06-18 18:43:12.609 [info] > git merge-base refs/heads/master refs/remotes/origin/master [10ms]
2024-06-18 18:43:12.622 [info] > git rev-list --count --left-right refs/heads/master...refs/remotes/origin/master [6ms]
2024-06-18 18:43:12.633 [info] > git diff --name-status -z --diff-filter=ADMR 38c0e2c4c1ab2970ba68f1bf3edb3b5090905268...refs/remotes/origin/master [4ms]
