2024-06-19 09:27:35.372 [info] Log level: Info
2024-06-19 09:27:35.372 [info] Validating found git in: "git"
2024-06-19 09:27:35.373 [info] Using git "2.34.1" from "git"
2024-06-19 09:27:35.373 [info] > git rev-parse --show-toplevel [7ms]
2024-06-19 09:27:35.374 [info] > git rev-parse --git-dir --git-common-dir [9ms]
2024-06-19 09:27:35.374 [info] Open repository: /home/student
2024-06-19 09:27:35.375 [info] > git config --get commit.template [49ms]
2024-06-19 09:27:35.375 [info] > git rev-parse --show-toplevel [39ms]
2024-06-19 09:27:35.380 [info] > git for-each-ref --format=%(refname)%00%(upstream:short)%00%(objectname)%00%(upstream:track)%00%(upstream:remotename)%00%(upstream:remoteref) refs/heads/main refs/remotes/main [44ms]
2024-06-19 09:27:35.380 [info] > git rev-parse --show-toplevel [21ms]
2024-06-19 09:27:35.381 [info] > git rev-parse --show-toplevel [12ms]
2024-06-19 09:27:35.381 [info] > git rev-parse --show-toplevel [42ms]
2024-06-19 09:27:35.382 [info] > git rev-parse --show-toplevel [11ms]
2024-06-19 09:27:35.382 [info] > git rev-parse --show-toplevel [15ms]
2024-06-19 09:27:35.383 [info] > git rev-parse --show-toplevel [42ms]
2024-06-19 09:27:35.383 [info] > git rev-parse --show-toplevel [11ms]
2024-06-19 09:27:35.384 [info] > git rev-parse --show-toplevel [15ms]
2024-06-19 09:27:35.384 [info] > git rev-parse --show-toplevel [33ms]
2024-06-19 09:27:35.385 [info] > git rev-parse --show-toplevel [27ms]
2024-06-19 09:27:35.385 [info] > git rev-parse --git-dir --git-common-dir [20ms]
2024-06-19 09:27:35.386 [info] Open repository: /home/student/S02_Coclock_Working
2024-06-19 09:27:35.386 [info] > git rev-parse --show-toplevel [93ms]
2024-06-19 09:27:35.387 [info] > git config --get commit.template [111ms]
2024-06-19 09:27:35.387 [info] > git rev-parse --git-dir --git-common-dir [184ms]
2024-06-19 09:27:35.388 [info] Open repository: /home/student/S03_CICD
2024-06-19 09:27:35.388 [info] > git for-each-ref --format=%(refname)%00%(upstream:short)%00%(objectname)%00%(upstream:track)%00%(upstream:remotename)%00%(upstream:remoteref) refs/heads/master refs/remotes/master [222ms]
2024-06-19 09:27:35.430 [warning] ENOENT: no such file or directory, open '/home/student/S02_Coclock_Working/.git/refs/remotes/origin/master'
2024-06-19 09:27:35.438 [info] > git rev-parse --show-toplevel [30ms]
2024-06-19 09:27:35.444 [info] > git config --get commit.template [42ms]
2024-06-19 09:27:35.461 [info] > git rev-parse refs/remotes/origin/master [32ms]
2024-06-19 09:27:35.498 [info] > git status -z -uall [1038ms]
2024-06-19 09:27:35.499 [info] > git rev-parse --git-dir --git-common-dir [48ms]
2024-06-19 09:27:35.514 [info] Open repository: /home/student/S03_challenge_E05_suspense-cedricRGT45
2024-06-19 09:27:35.583 [info] > git for-each-ref --format=%(refname)%00%(upstream:short)%00%(objectname)%00%(upstream:track)%00%(upstream:remotename)%00%(upstream:remoteref) refs/heads/master refs/remotes/master [97ms]
2024-06-19 09:27:35.632 [warning] ENOENT: no such file or directory, open '/home/student/S03_CICD/.git/refs/remotes/origin/master'
2024-06-19 09:27:35.635 [info] > git rev-parse --show-toplevel [61ms]
2024-06-19 09:27:35.637 [info] > git config --get commit.template [88ms]
2024-06-19 09:27:35.640 [info] > git check-ignore -v -z --stdin [38ms]
2024-06-19 09:27:35.675 [info] > git rev-parse refs/remotes/origin/master [43ms]
2024-06-19 09:27:35.721 [info] > git for-each-ref --format=%(refname)%00%(upstream:short)%00%(objectname)%00%(upstream:track)%00%(upstream:remotename)%00%(upstream:remoteref) refs/heads/master refs/remotes/master [47ms]
2024-06-19 09:27:35.748 [info] > git status -z -uall [54ms]
2024-06-19 09:27:35.851 [info] > git status -z -uall [375ms]
2024-06-19 09:27:35.851 [info] > git check-ignore -v -z --stdin [133ms]
2024-06-19 09:27:35.852 [info] > git status -z -uall [105ms]
2024-06-19 09:27:35.860 [info] > git merge-base refs/heads/master refs/remotes/origin/master [72ms]
2024-06-19 09:27:36.037 [info] > git merge-base refs/heads/master refs/remotes/origin/master [119ms]
2024-06-19 09:27:36.044 [info] > git merge-base refs/heads/master refs/remotes/origin/master [160ms]
2024-06-19 09:27:36.051 [info] > git rev-list --count --left-right refs/heads/master...refs/remotes/origin/master [182ms]
2024-06-19 09:27:36.068 [info] > git config --get commit.template [218ms]
2024-06-19 09:27:36.074 [info] > git diff --name-status -z --diff-filter=ADMR 4c00948e25e702a642836f79638d3d376e03e5ea...refs/remotes/origin/master [10ms]
2024-06-19 09:27:36.076 [info] > git rev-list --count --left-right refs/heads/master...refs/remotes/origin/master [25ms]
2024-06-19 09:27:36.082 [info] > git rev-list --count --left-right refs/heads/master...refs/remotes/origin/master [39ms]
2024-06-19 09:27:36.093 [info] > git config --get commit.template [58ms]
2024-06-19 09:27:36.093 [info] > git config --get commit.template [65ms]
2024-06-19 09:27:36.101 [info] > git diff --name-status -z --diff-filter=ADMR 55e66f96c5ba6b77b9d257d5579e211274f560ad...refs/remotes/origin/master [19ms]
2024-06-19 09:27:36.132 [info] > git diff --name-status -z --diff-filter=ADMR 38c0e2c4c1ab2970ba68f1bf3edb3b5090905268...refs/remotes/origin/master [40ms]
2024-06-19 09:27:36.135 [info] > git for-each-ref --format=%(refname)%00%(upstream:short)%00%(objectname)%00%(upstream:track)%00%(upstream:remotename)%00%(upstream:remoteref) refs/heads/master refs/remotes/master [23ms]
2024-06-19 09:27:36.136 [info] > git for-each-ref --format=%(refname)%00%(upstream:short)%00%(objectname)%00%(upstream:track)%00%(upstream:remotename)%00%(upstream:remoteref) refs/heads/master refs/remotes/master [35ms]
2024-06-19 09:27:36.143 [warning] ENOENT: no such file or directory, open '/home/student/S02_Coclock_Working/.git/refs/remotes/origin/master'
2024-06-19 09:27:36.150 [warning] ENOENT: no such file or directory, open '/home/student/S03_CICD/.git/refs/remotes/origin/master'
2024-06-19 09:27:36.152 [info] > git rev-parse refs/remotes/origin/master [9ms]
2024-06-19 09:27:36.168 [info] > git for-each-ref --format=%(refname)%00%(upstream:short)%00%(objectname)%00%(upstream:track)%00%(upstream:remotename)%00%(upstream:remoteref) refs/heads/master refs/remotes/master [37ms]
2024-06-19 09:27:36.170 [info] > git rev-parse refs/remotes/origin/master [20ms]
2024-06-19 09:27:36.200 [info] > git status -z -uall [14ms]
2024-06-19 09:27:36.233 [info] > git status -z -uall [35ms]
2024-06-19 09:27:36.294 [info] > git status -z -uall [126ms]
2024-06-19 09:27:38.088 [info] > git check-ignore -v -z --stdin [3ms]
2024-06-19 09:27:39.776 [info] > git show --textconv :projet/frontend/src/components/App/Header/Fakeroute.tsx [30ms]
2024-06-19 09:27:39.780 [info] > git ls-files --stage -- /home/student/S03_challenge_E05_suspense-cedricRGT45/projet/frontend/src/components/App/Header/Fakeroute.tsx [22ms]
2024-06-19 09:28:23.151 [info] > git check-ignore -v -z --stdin [49ms]
2024-06-19 09:28:23.153 [info] > git check-ignore -v -z --stdin [33ms]
2024-06-19 09:28:23.161 [info] > git check-ignore -v -z --stdin [15ms]
2024-06-19 09:28:24.275 [info] > git check-ignore -v -z --stdin [5ms]
2024-06-19 09:28:53.384 [info] > git check-ignore -v -z --stdin [18ms]
2024-06-19 09:28:53.751 [info] > git show --textconv :projet/frontend/src/components/App/ui/Spinner/Spinner.tsx [36ms]
2024-06-19 09:28:53.769 [info] > git ls-files --stage -- /home/student/S03_challenge_E05_suspense-cedricRGT45/projet/frontend/src/components/App/ui/Spinner/Spinner.tsx [20ms]
2024-06-19 09:28:53.892 [info] > git config --get commit.template [33ms]
2024-06-19 09:28:53.896 [info] > git for-each-ref --format=%(refname)%00%(upstream:short)%00%(objectname)%00%(upstream:track)%00%(upstream:remotename)%00%(upstream:remoteref) refs/heads/master refs/remotes/master [6ms]
2024-06-19 09:28:53.915 [info] > git status -z -uall [10ms]
2024-06-19 09:29:03.376 [info] > git config --get commit.template [9ms]
2024-06-19 09:29:03.379 [info] > git for-each-ref --format=%(refname)%00%(upstream:short)%00%(objectname)%00%(upstream:track)%00%(upstream:remotename)%00%(upstream:remoteref) refs/heads/master refs/remotes/master [5ms]
2024-06-19 09:29:03.397 [info] > git status -z -uall [9ms]
2024-06-19 09:29:08.434 [info] > git config --get commit.template [21ms]
2024-06-19 09:29:08.441 [info] > git for-each-ref --format=%(refname)%00%(upstream:short)%00%(objectname)%00%(upstream:track)%00%(upstream:remotename)%00%(upstream:remoteref) refs/heads/master refs/remotes/master [9ms]
2024-06-19 09:29:08.469 [info] > git status -z -uall [17ms]
2024-06-19 09:31:56.574 [info] > git config --get commit.template [6ms]
2024-06-19 09:31:56.576 [info] > git for-each-ref --format=%(refname)%00%(upstream:short)%00%(objectname)%00%(upstream:track)%00%(upstream:remotename)%00%(upstream:remoteref) refs/heads/master refs/remotes/master [3ms]
2024-06-19 09:31:56.587 [info] > git status -z -uall [5ms]
2024-06-19 09:32:01.214 [info] > git check-ignore -v -z --stdin [12ms]
2024-06-19 09:32:10.949 [info] > git show --textconv :projet/frontend/src/components/App/Header/FakeContent.tsx [7ms]
2024-06-19 09:32:10.951 [info] > git ls-files --stage -- /home/student/S03_challenge_E05_suspense-cedricRGT45/projet/frontend/src/components/App/Header/FakeContent.tsx [3ms]
2024-06-19 09:32:10.984 [info] > git check-ignore -v -z --stdin [2ms]
2024-06-19 09:32:11.499 [info] > git config --get commit.template [15ms]
2024-06-19 09:32:11.502 [info] > git for-each-ref --format=%(refname)%00%(upstream:short)%00%(objectname)%00%(upstream:track)%00%(upstream:remotename)%00%(upstream:remoteref) refs/heads/master refs/remotes/master [4ms]
2024-06-19 09:32:11.518 [info] > git status -z -uall [7ms]
2024-06-19 09:32:16.549 [info] > git config --get commit.template [17ms]
2024-06-19 09:32:16.552 [info] > git for-each-ref --format=%(refname)%00%(upstream:short)%00%(objectname)%00%(upstream:track)%00%(upstream:remotename)%00%(upstream:remoteref) refs/heads/master refs/remotes/master [4ms]
2024-06-19 09:32:16.566 [info] > git status -z -uall [5ms]
2024-06-19 09:32:39.383 [info] > git check-ignore -v -z --stdin [6ms]
2024-06-19 09:32:41.824 [info] > git check-ignore -v -z --stdin [6ms]
2024-06-19 09:32:54.948 [info] > git check-ignore -v -z --stdin [3ms]
2024-06-19 09:32:55.012 [info] > git show --textconv :projet/frontend/src/api/fetchDataWithDelay.ts [22ms]
2024-06-19 09:32:55.029 [info] > git ls-files --stage -- /home/student/S03_challenge_E05_suspense-cedricRGT45/projet/frontend/src/api/fetchDataWithDelay.ts [20ms]
2024-06-19 09:32:55.506 [info] > git config --get commit.template [8ms]
2024-06-19 09:32:55.516 [info] > git for-each-ref --format=%(refname)%00%(upstream:short)%00%(objectname)%00%(upstream:track)%00%(upstream:remotename)%00%(upstream:remoteref) refs/heads/master refs/remotes/master [5ms]
2024-06-19 09:32:55.533 [info] > git status -z -uall [5ms]
2024-06-19 09:33:00.551 [info] > git config --get commit.template [7ms]
2024-06-19 09:33:00.553 [info] > git for-each-ref --format=%(refname)%00%(upstream:short)%00%(objectname)%00%(upstream:track)%00%(upstream:remotename)%00%(upstream:remoteref) refs/heads/master refs/remotes/master [3ms]
2024-06-19 09:33:00.565 [info] > git status -z -uall [5ms]
2024-06-19 09:33:01.241 [info] > git show --textconv :projet/frontend/src/api/fetchData.ts [6ms]
2024-06-19 09:33:01.242 [info] > git ls-files --stage -- /home/student/S03_challenge_E05_suspense-cedricRGT45/projet/frontend/src/api/fetchData.ts [2ms]
2024-06-19 09:33:01.250 [info] > git cat-file -s 3bc8fdc1aeabef8832befecbc2e4bb2f5620e981 [3ms]
2024-06-19 09:33:02.350 [info] > git show --textconv :projet/frontend/src/api/fetchDataWithDelay.ts [10ms]
2024-06-19 09:33:02.354 [info] > git ls-files --stage -- /home/student/S03_challenge_E05_suspense-cedricRGT45/projet/frontend/src/api/fetchDataWithDelay.ts [4ms]
2024-06-19 09:33:18.212 [info] > git show --textconv :projet/frontend/src/api/wrapPromise.ts [10ms]
2024-06-19 09:33:18.213 [info] > git ls-files --stage -- /home/student/S03_challenge_E05_suspense-cedricRGT45/projet/frontend/src/api/wrapPromise.ts [2ms]
2024-06-19 09:33:18.404 [info] > git check-ignore -v -z --stdin [13ms]
2024-06-19 09:33:19.088 [info] > git config --get commit.template [5ms]
2024-06-19 09:33:19.092 [info] > git for-each-ref --format=%(refname)%00%(upstream:short)%00%(objectname)%00%(upstream:track)%00%(upstream:remotename)%00%(upstream:remoteref) refs/heads/master refs/remotes/master [4ms]
2024-06-19 09:33:19.104 [info] > git status -z -uall [6ms]
2024-06-19 09:33:22.085 [info] > git show --textconv :projet/frontend/src/api/fetchDataWithDelay.ts [8ms]
2024-06-19 09:33:22.087 [info] > git ls-files --stage -- /home/student/S03_challenge_E05_suspense-cedricRGT45/projet/frontend/src/api/fetchDataWithDelay.ts [3ms]
2024-06-19 09:33:24.122 [info] > git config --get commit.template [8ms]
2024-06-19 09:33:24.124 [info] > git for-each-ref --format=%(refname)%00%(upstream:short)%00%(objectname)%00%(upstream:track)%00%(upstream:remotename)%00%(upstream:remoteref) refs/heads/master refs/remotes/master [3ms]
2024-06-19 09:33:24.142 [info] > git status -z -uall [12ms]
2024-06-19 09:33:24.664 [info] > git show --textconv :projet/frontend/src/api/wrapPromise.ts [6ms]
2024-06-19 09:33:24.666 [info] > git ls-files --stage -- /home/student/S03_challenge_E05_suspense-cedricRGT45/projet/frontend/src/api/wrapPromise.ts [3ms]
2024-06-19 09:33:26.011 [info] > git show --textconv :projet/frontend/src/api/fetchData.ts [15ms]
2024-06-19 09:33:26.017 [info] > git ls-files --stage -- /home/student/S03_challenge_E05_suspense-cedricRGT45/projet/frontend/src/api/fetchData.ts [10ms]
2024-06-19 09:33:26.030 [info] > git cat-file -s 3bc8fdc1aeabef8832befecbc2e4bb2f5620e981 [4ms]
2024-06-19 09:34:01.496 [info] > git ls-files --stage -- /home/student/S03_challenge_E05_suspense-cedricRGT45/projet/frontend/src/components/App/Header/Fakeroute.tsx [3ms]
2024-06-19 09:34:01.498 [info] > git show --textconv :projet/frontend/src/components/App/Header/Fakeroute.tsx [11ms]
2024-06-19 09:35:19.661 [info] > git show --textconv :projet/frontend/src/api/fetchData.ts [12ms]
2024-06-19 09:35:19.664 [info] > git ls-files --stage -- /home/student/S03_challenge_E05_suspense-cedricRGT45/projet/frontend/src/api/fetchData.ts [4ms]
2024-06-19 09:35:19.672 [info] > git cat-file -s 3bc8fdc1aeabef8832befecbc2e4bb2f5620e981 [1ms]
2024-06-19 09:35:20.079 [info] > git show --textconv :projet/frontend/src/components/App/Header/FakeContent.tsx [6ms]
2024-06-19 09:35:20.084 [info] > git ls-files --stage -- /home/student/S03_challenge_E05_suspense-cedricRGT45/projet/frontend/src/components/App/Header/FakeContent.tsx [6ms]
2024-06-19 09:35:20.739 [info] > git show --textconv :projet/frontend/src/components/App/ui/Spinner/Spinner.tsx [10ms]
2024-06-19 09:35:20.743 [info] > git ls-files --stage -- /home/student/S03_challenge_E05_suspense-cedricRGT45/projet/frontend/src/components/App/ui/Spinner/Spinner.tsx [7ms]
2024-06-19 09:55:34.597 [info] > git config --get commit.template [14ms]
2024-06-19 09:55:34.599 [info] > git for-each-ref --format=%(refname)%00%(upstream:short)%00%(objectname)%00%(upstream:track)%00%(upstream:remotename)%00%(upstream:remoteref) refs/heads/master refs/remotes/master [7ms]
2024-06-19 09:55:34.612 [info] > git status -z -uall [5ms]
2024-06-19 09:55:38.656 [info] > git show --textconv :projet/frontend/src/components/App/Header/FakeContent.tsx [9ms]
2024-06-19 09:55:38.658 [info] > git ls-files --stage -- /home/student/S03_challenge_E05_suspense-cedricRGT45/projet/frontend/src/components/App/Header/FakeContent.tsx [3ms]
2024-06-19 09:55:40.462 [info] > git show --textconv :projet/frontend/src/api/fetchData.ts [6ms]
2024-06-19 09:55:40.464 [info] > git ls-files --stage -- /home/student/S03_challenge_E05_suspense-cedricRGT45/projet/frontend/src/api/fetchData.ts [3ms]
2024-06-19 09:55:40.473 [info] > git cat-file -s 3bc8fdc1aeabef8832befecbc2e4bb2f5620e981 [3ms]
2024-06-19 09:55:42.363 [info] > git show --textconv :projet/frontend/src/components/App/Content/Products/ErrorBoundary.tsx [6ms]
2024-06-19 09:55:42.367 [info] > git ls-files --stage -- /home/student/S03_challenge_E05_suspense-cedricRGT45/projet/frontend/src/components/App/Content/Products/ErrorBoundary.tsx [4ms]
2024-06-19 09:55:43.573 [info] > git show --textconv :projet/frontend/src/components/App/Content/Products/Products.tsx [29ms]
2024-06-19 09:55:43.582 [info] > git ls-files --stage -- /home/student/S03_challenge_E05_suspense-cedricRGT45/projet/frontend/src/components/App/Content/Products/Products.tsx [11ms]
2024-06-19 09:55:43.592 [info] > git cat-file -s 109ba04794e66333da68cf4bc7fb747084f968f4 [3ms]
2024-06-19 09:55:49.369 [info] > git show --textconv :projet/frontend/src/components/App/Content/Products/ErrorButton.tsx [12ms]
2024-06-19 09:55:49.371 [info] > git ls-files --stage -- /home/student/S03_challenge_E05_suspense-cedricRGT45/projet/frontend/src/components/App/Content/Products/ErrorButton.tsx [4ms]
2024-06-19 09:55:51.645 [info] > git show --textconv :projet/frontend/src/components/App/Content/Products/ProductsList.tsx [20ms]
2024-06-19 09:55:51.650 [info] > git ls-files --stage -- /home/student/S03_challenge_E05_suspense-cedricRGT45/projet/frontend/src/components/App/Content/Products/ProductsList.tsx [13ms]
2024-06-19 09:55:51.699 [info] > git cat-file -s 1ade4e9b29389a27ab55adff112b47f62f9bce79 [5ms]
2024-06-19 09:56:15.885 [info] > git show --textconv :projet/frontend/src/components/App/Content/Products/ProductItem.tsx [10ms]
2024-06-19 09:56:15.888 [info] > git ls-files --stage -- /home/student/S03_challenge_E05_suspense-cedricRGT45/projet/frontend/src/components/App/Content/Products/ProductItem.tsx [7ms]
2024-06-19 09:56:15.900 [info] > git cat-file -s 4d1b4662dcb47775d07766172dc9367ee34489b4 [4ms]
2024-06-19 09:57:22.603 [info] > git config --get commit.template [23ms]
2024-06-19 09:57:22.614 [info] > git for-each-ref --format=%(refname)%00%(upstream:short)%00%(objectname)%00%(upstream:track)%00%(upstream:remotename)%00%(upstream:remoteref) refs/heads/master refs/remotes/master [15ms]
2024-06-19 09:57:22.660 [info] > git status -z -uall [31ms]
2024-06-19 09:57:27.677 [info] > git config --get commit.template [7ms]
2024-06-19 09:57:27.683 [info] > git for-each-ref --format=%(refname)%00%(upstream:short)%00%(objectname)%00%(upstream:track)%00%(upstream:remotename)%00%(upstream:remoteref) refs/heads/master refs/remotes/master [7ms]
2024-06-19 09:57:27.702 [info] > git status -z -uall [7ms]
2024-06-19 09:57:32.726 [info] > git config --get commit.template [9ms]
2024-06-19 09:57:32.728 [info] > git for-each-ref --format=%(refname)%00%(upstream:short)%00%(objectname)%00%(upstream:track)%00%(upstream:remotename)%00%(upstream:remoteref) refs/heads/master refs/remotes/master [4ms]
2024-06-19 09:57:32.744 [info] > git status -z -uall [5ms]
2024-06-19 09:57:37.769 [info] > git config --get commit.template [8ms]
2024-06-19 09:57:37.771 [info] > git for-each-ref --format=%(refname)%00%(upstream:short)%00%(objectname)%00%(upstream:track)%00%(upstream:remotename)%00%(upstream:remoteref) refs/heads/master refs/remotes/master [3ms]
2024-06-19 09:57:37.784 [info] > git status -z -uall [6ms]
2024-06-19 09:57:42.830 [info] > git config --get commit.template [24ms]
2024-06-19 09:57:42.832 [info] > git for-each-ref --format=%(refname)%00%(upstream:short)%00%(objectname)%00%(upstream:track)%00%(upstream:remotename)%00%(upstream:remoteref) refs/heads/master refs/remotes/master [13ms]
2024-06-19 09:57:42.862 [info] > git status -z -uall [8ms]
2024-06-19 09:57:47.876 [info] > git config --get commit.template [1ms]
2024-06-19 09:57:47.885 [info] > git for-each-ref --format=%(refname)%00%(upstream:short)%00%(objectname)%00%(upstream:track)%00%(upstream:remotename)%00%(upstream:remoteref) refs/heads/master refs/remotes/master [3ms]
2024-06-19 09:57:47.899 [info] > git status -z -uall [7ms]
2024-06-19 09:57:53.239 [info] > git config --get commit.template [18ms]
2024-06-19 09:57:53.243 [info] > git for-each-ref --format=%(refname)%00%(upstream:short)%00%(objectname)%00%(upstream:track)%00%(upstream:remotename)%00%(upstream:remoteref) refs/heads/master refs/remotes/master [7ms]
2024-06-19 09:57:53.258 [info] > git status -z -uall [9ms]
2024-06-19 09:58:27.988 [info] > git config --get commit.template [8ms]
2024-06-19 09:58:27.991 [info] > git for-each-ref --format=%(refname)%00%(upstream:short)%00%(objectname)%00%(upstream:track)%00%(upstream:remotename)%00%(upstream:remoteref) refs/heads/master refs/remotes/master [5ms]
2024-06-19 09:58:28.004 [info] > git status -z -uall [7ms]
2024-06-19 09:58:33.039 [info] > git config --get commit.template [23ms]
2024-06-19 09:58:33.047 [info] > git for-each-ref --format=%(refname)%00%(upstream:short)%00%(objectname)%00%(upstream:track)%00%(upstream:remotename)%00%(upstream:remoteref) refs/heads/master refs/remotes/master [13ms]
2024-06-19 09:58:33.068 [info] > git status -z -uall [12ms]
2024-06-19 09:58:38.112 [info] > git config --get commit.template [15ms]
2024-06-19 09:58:38.114 [info] > git for-each-ref --format=%(refname)%00%(upstream:short)%00%(objectname)%00%(upstream:track)%00%(upstream:remotename)%00%(upstream:remoteref) refs/heads/master refs/remotes/master [3ms]
2024-06-19 09:58:38.127 [info] > git status -z -uall [6ms]
2024-06-19 09:58:43.148 [info] > git config --get commit.template [8ms]
2024-06-19 09:58:43.151 [info] > git for-each-ref --format=%(refname)%00%(upstream:short)%00%(objectname)%00%(upstream:track)%00%(upstream:remotename)%00%(upstream:remoteref) refs/heads/master refs/remotes/master [4ms]
2024-06-19 09:58:43.176 [info] > git status -z -uall [8ms]
2024-06-19 09:59:27.661 [info] > git config --get commit.template [9ms]
2024-06-19 09:59:27.662 [info] > git for-each-ref --format=%(refname)%00%(upstream:short)%00%(objectname)%00%(upstream:track)%00%(upstream:remotename)%00%(upstream:remoteref) refs/heads/master refs/remotes/master [3ms]
2024-06-19 09:59:27.674 [info] > git status -z -uall [6ms]
2024-06-19 09:59:36.240 [info] > git config --get commit.template [12ms]
2024-06-19 09:59:36.244 [info] > git for-each-ref --format=%(refname)%00%(upstream:short)%00%(objectname)%00%(upstream:track)%00%(upstream:remotename)%00%(upstream:remoteref) refs/heads/master refs/remotes/master [4ms]
2024-06-19 09:59:36.260 [info] > git status -z -uall [6ms]
2024-06-19 10:01:21.159 [info] > git for-each-ref --format=%(refname)%00%(upstream:short)%00%(objectname)%00%(upstream:track)%00%(upstream:remotename)%00%(upstream:remoteref) refs/heads/master refs/remotes/master [1ms]
2024-06-19 10:01:21.163 [info] > git config --get commit.template [19ms]
2024-06-19 10:01:21.177 [info] > git status -z -uall [7ms]
2024-06-19 10:01:35.915 [info] > git config --get commit.template [10ms]
2024-06-19 10:01:35.916 [info] > git for-each-ref --format=%(refname)%00%(upstream:short)%00%(objectname)%00%(upstream:track)%00%(upstream:remotename)%00%(upstream:remoteref) refs/heads/master refs/remotes/master [4ms]
2024-06-19 10:01:35.929 [info] > git status -z -uall [4ms]
2024-06-19 10:01:40.962 [info] > git for-each-ref --format=%(refname)%00%(upstream:short)%00%(objectname)%00%(upstream:track)%00%(upstream:remotename)%00%(upstream:remoteref) refs/heads/master refs/remotes/master [2ms]
2024-06-19 10:01:40.963 [info] > git config --get commit.template [18ms]
2024-06-19 10:01:40.982 [info] > git status -z -uall [8ms]
2024-06-19 10:05:38.017 [info] > git config --get commit.template [15ms]
2024-06-19 10:05:38.019 [info] > git for-each-ref --format=%(refname)%00%(upstream:short)%00%(objectname)%00%(upstream:track)%00%(upstream:remotename)%00%(upstream:remoteref) refs/heads/master refs/remotes/master [3ms]
2024-06-19 10:05:38.034 [info] > git status -z -uall [6ms]
2024-06-19 10:05:50.569 [info] > git config --get commit.template [9ms]
2024-06-19 10:05:50.579 [info] > git for-each-ref --format=%(refname)%00%(upstream:short)%00%(objectname)%00%(upstream:track)%00%(upstream:remotename)%00%(upstream:remoteref) refs/heads/master refs/remotes/master [11ms]
2024-06-19 10:05:50.609 [info] > git status -z -uall [8ms]
2024-06-19 10:09:07.518 [info] > git config --get commit.template [39ms]
2024-06-19 10:09:07.536 [info] > git for-each-ref --format=%(refname)%00%(upstream:short)%00%(objectname)%00%(upstream:track)%00%(upstream:remotename)%00%(upstream:remoteref) refs/heads/master refs/remotes/master [19ms]
2024-06-19 10:09:07.592 [info] > git status -z -uall [46ms]
2024-06-19 10:09:22.625 [info] > git config --get commit.template [12ms]
2024-06-19 10:09:22.626 [info] > git for-each-ref --format=%(refname)%00%(upstream:short)%00%(objectname)%00%(upstream:track)%00%(upstream:remotename)%00%(upstream:remoteref) refs/heads/master refs/remotes/master [7ms]
2024-06-19 10:09:22.646 [info] > git status -z -uall [8ms]
2024-06-19 10:10:04.136 [info] > git config --get commit.template [4ms]
2024-06-19 10:10:04.146 [info] > git for-each-ref --format=%(refname)%00%(upstream:short)%00%(objectname)%00%(upstream:track)%00%(upstream:remotename)%00%(upstream:remoteref) refs/heads/master refs/remotes/master [3ms]
2024-06-19 10:10:04.158 [info] > git status -z -uall [6ms]
2024-06-19 10:11:39.908 [info] > git config --get commit.template [10ms]
2024-06-19 10:11:39.913 [info] > git for-each-ref --format=%(refname)%00%(upstream:short)%00%(objectname)%00%(upstream:track)%00%(upstream:remotename)%00%(upstream:remoteref) refs/heads/master refs/remotes/master [6ms]
2024-06-19 10:11:39.926 [info] > git status -z -uall [6ms]
2024-06-19 10:11:59.185 [info] > git config --get commit.template [6ms]
2024-06-19 10:11:59.187 [info] > git for-each-ref --format=%(refname)%00%(upstream:short)%00%(objectname)%00%(upstream:track)%00%(upstream:remotename)%00%(upstream:remoteref) refs/heads/master refs/remotes/master [3ms]
2024-06-19 10:11:59.201 [info] > git status -z -uall [1ms]
2024-06-19 10:12:42.347 [info] > git config --get commit.template [9ms]
2024-06-19 10:12:42.350 [info] > git for-each-ref --format=%(refname)%00%(upstream:short)%00%(objectname)%00%(upstream:track)%00%(upstream:remotename)%00%(upstream:remoteref) refs/heads/master refs/remotes/master [4ms]
2024-06-19 10:12:42.364 [info] > git status -z -uall [7ms]
2024-06-19 10:12:53.080 [info] > git config --get commit.template [7ms]
2024-06-19 10:12:53.083 [info] > git for-each-ref --format=%(refname)%00%(upstream:short)%00%(objectname)%00%(upstream:track)%00%(upstream:remotename)%00%(upstream:remoteref) refs/heads/master refs/remotes/master [4ms]
2024-06-19 10:12:53.100 [info] > git status -z -uall [11ms]
2024-06-19 10:12:58.130 [info] > git config --get commit.template [8ms]
2024-06-19 10:12:58.134 [info] > git for-each-ref --format=%(refname)%00%(upstream:short)%00%(objectname)%00%(upstream:track)%00%(upstream:remotename)%00%(upstream:remoteref) refs/heads/master refs/remotes/master [4ms]
2024-06-19 10:12:58.157 [info] > git status -z -uall [10ms]
2024-06-19 10:13:03.191 [info] > git config --get commit.template [11ms]
2024-06-19 10:13:03.193 [info] > git for-each-ref --format=%(refname)%00%(upstream:short)%00%(objectname)%00%(upstream:track)%00%(upstream:remotename)%00%(upstream:remoteref) refs/heads/master refs/remotes/master [3ms]
2024-06-19 10:13:03.205 [info] > git status -z -uall [5ms]
2024-06-19 10:13:08.235 [info] > git for-each-ref --format=%(refname)%00%(upstream:short)%00%(objectname)%00%(upstream:track)%00%(upstream:remotename)%00%(upstream:remoteref) refs/heads/master refs/remotes/master [2ms]
2024-06-19 10:13:08.237 [info] > git config --get commit.template [20ms]
2024-06-19 10:13:08.260 [info] > git status -z -uall [14ms]
2024-06-19 10:13:28.145 [info] > git config --get commit.template [7ms]
2024-06-19 10:13:28.147 [info] > git for-each-ref --format=%(refname)%00%(upstream:short)%00%(objectname)%00%(upstream:track)%00%(upstream:remotename)%00%(upstream:remoteref) refs/heads/master refs/remotes/master [3ms]
2024-06-19 10:13:28.158 [info] > git status -z -uall [4ms]
2024-06-19 10:13:33.169 [info] > git config --get commit.template [3ms]
2024-06-19 10:13:33.182 [info] > git for-each-ref --format=%(refname)%00%(upstream:short)%00%(objectname)%00%(upstream:track)%00%(upstream:remotename)%00%(upstream:remoteref) refs/heads/master refs/remotes/master [6ms]
2024-06-19 10:13:33.200 [info] > git status -z -uall [8ms]
2024-06-19 10:13:38.221 [info] > git config --get commit.template [10ms]
2024-06-19 10:13:38.231 [info] > git for-each-ref --format=%(refname)%00%(upstream:short)%00%(objectname)%00%(upstream:track)%00%(upstream:remotename)%00%(upstream:remoteref) refs/heads/master refs/remotes/master [11ms]
2024-06-19 10:13:38.243 [info] > git status -z -uall [5ms]
2024-06-19 10:13:45.623 [info] > git config --get commit.template [12ms]
2024-06-19 10:13:45.629 [info] > git for-each-ref --format=%(refname)%00%(upstream:short)%00%(objectname)%00%(upstream:track)%00%(upstream:remotename)%00%(upstream:remoteref) refs/heads/master refs/remotes/master [7ms]
2024-06-19 10:13:45.648 [info] > git status -z -uall [7ms]
2024-06-19 10:14:15.522 [info] > git config --get commit.template [12ms]
2024-06-19 10:14:15.527 [info] > git for-each-ref --format=%(refname)%00%(upstream:short)%00%(objectname)%00%(upstream:track)%00%(upstream:remotename)%00%(upstream:remoteref) refs/heads/master refs/remotes/master [6ms]
2024-06-19 10:14:15.556 [info] > git status -z -uall [21ms]
2024-06-19 10:14:20.573 [info] > git config --get commit.template [7ms]
2024-06-19 10:14:20.577 [info] > git for-each-ref --format=%(refname)%00%(upstream:short)%00%(objectname)%00%(upstream:track)%00%(upstream:remotename)%00%(upstream:remoteref) refs/heads/master refs/remotes/master [4ms]
2024-06-19 10:14:20.591 [info] > git status -z -uall [6ms]
2024-06-19 10:15:02.282 [info] > git config --get commit.template [8ms]
2024-06-19 10:15:02.286 [info] > git for-each-ref --format=%(refname)%00%(upstream:short)%00%(objectname)%00%(upstream:track)%00%(upstream:remotename)%00%(upstream:remoteref) refs/heads/master refs/remotes/master [5ms]
2024-06-19 10:15:02.306 [info] > git status -z -uall [7ms]
2024-06-19 10:18:45.011 [info] > git config --get commit.template [6ms]
2024-06-19 10:18:45.014 [info] > git for-each-ref --format=%(refname)%00%(upstream:short)%00%(objectname)%00%(upstream:track)%00%(upstream:remotename)%00%(upstream:remoteref) refs/heads/master refs/remotes/master [3ms]
2024-06-19 10:18:45.030 [info] > git status -z -uall [6ms]
2024-06-19 10:20:15.869 [info] > git config --get commit.template [6ms]
2024-06-19 10:20:15.872 [info] > git for-each-ref --format=%(refname)%00%(upstream:short)%00%(objectname)%00%(upstream:track)%00%(upstream:remotename)%00%(upstream:remoteref) refs/heads/master refs/remotes/master [3ms]
2024-06-19 10:20:15.883 [info] > git status -z -uall [6ms]
2024-06-19 10:20:40.842 [info] > git config --get commit.template [2ms]
2024-06-19 10:20:40.851 [info] > git for-each-ref --format=%(refname)%00%(upstream:short)%00%(objectname)%00%(upstream:track)%00%(upstream:remotename)%00%(upstream:remoteref) refs/heads/master refs/remotes/master [0ms]
2024-06-19 10:20:40.869 [info] > git status -z -uall [5ms]
2024-06-19 10:21:33.029 [info] > git config --get commit.template [7ms]
2024-06-19 10:21:33.031 [info] > git for-each-ref --format=%(refname)%00%(upstream:short)%00%(objectname)%00%(upstream:track)%00%(upstream:remotename)%00%(upstream:remoteref) refs/heads/master refs/remotes/master [3ms]
2024-06-19 10:21:33.049 [info] > git status -z -uall [5ms]
2024-06-19 10:24:18.438 [info] > git config --get commit.template [5ms]
2024-06-19 10:24:18.440 [info] > git for-each-ref --format=%(refname)%00%(upstream:short)%00%(objectname)%00%(upstream:track)%00%(upstream:remotename)%00%(upstream:remoteref) refs/heads/master refs/remotes/master [3ms]
2024-06-19 10:24:18.451 [info] > git status -z -uall [5ms]
2024-06-19 10:24:40.035 [info] > git config --get commit.template [12ms]
2024-06-19 10:24:40.036 [info] > git for-each-ref --format=%(refname)%00%(upstream:short)%00%(objectname)%00%(upstream:track)%00%(upstream:remotename)%00%(upstream:remoteref) refs/heads/master refs/remotes/master [4ms]
2024-06-19 10:24:40.047 [info] > git status -z -uall [5ms]
2024-06-19 10:24:51.091 [info] > git config --get commit.template [8ms]
2024-06-19 10:24:51.092 [info] > git for-each-ref --format=%(refname)%00%(upstream:short)%00%(objectname)%00%(upstream:track)%00%(upstream:remotename)%00%(upstream:remoteref) refs/heads/master refs/remotes/master [2ms]
2024-06-19 10:24:51.103 [info] > git status -z -uall [5ms]
2024-06-19 10:25:02.865 [info] > git config --get commit.template [7ms]
2024-06-19 10:25:02.867 [info] > git for-each-ref --format=%(refname)%00%(upstream:short)%00%(objectname)%00%(upstream:track)%00%(upstream:remotename)%00%(upstream:remoteref) refs/heads/master refs/remotes/master [3ms]
2024-06-19 10:25:02.878 [info] > git status -z -uall [5ms]
2024-06-19 10:25:10.068 [info] > git config --get commit.template [7ms]
2024-06-19 10:25:10.085 [info] > git for-each-ref --format=%(refname)%00%(upstream:short)%00%(objectname)%00%(upstream:track)%00%(upstream:remotename)%00%(upstream:remoteref) refs/heads/master refs/remotes/master [2ms]
2024-06-19 10:25:10.098 [info] > git status -z -uall [5ms]
2024-06-19 10:28:48.905 [info] > git config --get commit.template [11ms]
2024-06-19 10:28:48.908 [info] > git for-each-ref --format=%(refname)%00%(upstream:short)%00%(objectname)%00%(upstream:track)%00%(upstream:remotename)%00%(upstream:remoteref) refs/heads/master refs/remotes/master [7ms]
2024-06-19 10:28:48.919 [info] > git status -z -uall [5ms]
2024-06-19 10:29:31.707 [info] > git config --get commit.template [6ms]
2024-06-19 10:29:31.709 [info] > git for-each-ref --format=%(refname)%00%(upstream:short)%00%(objectname)%00%(upstream:track)%00%(upstream:remotename)%00%(upstream:remoteref) refs/heads/master refs/remotes/master [3ms]
2024-06-19 10:29:31.732 [info] > git status -z -uall [13ms]
2024-06-19 10:29:40.945 [info] > git config --get commit.template [7ms]
2024-06-19 10:29:40.947 [info] > git for-each-ref --format=%(refname)%00%(upstream:short)%00%(objectname)%00%(upstream:track)%00%(upstream:remotename)%00%(upstream:remoteref) refs/heads/master refs/remotes/master [3ms]
2024-06-19 10:29:40.960 [info] > git status -z -uall [0ms]
2024-06-19 10:31:30.279 [info] > git for-each-ref --format=%(refname)%00%(upstream:short)%00%(objectname)%00%(upstream:track)%00%(upstream:remotename)%00%(upstream:remoteref) refs/heads/master refs/remotes/master [2ms]
2024-06-19 10:31:30.281 [info] > git config --get commit.template [16ms]
2024-06-19 10:31:30.311 [info] > git status -z -uall [20ms]
2024-06-19 10:31:35.329 [info] > git config --get commit.template [7ms]
2024-06-19 10:31:35.332 [info] > git for-each-ref --format=%(refname)%00%(upstream:short)%00%(objectname)%00%(upstream:track)%00%(upstream:remotename)%00%(upstream:remoteref) refs/heads/master refs/remotes/master [4ms]
2024-06-19 10:31:35.356 [info] > git status -z -uall [10ms]
2024-06-19 10:32:03.921 [info] > git config --get commit.template [18ms]
2024-06-19 10:32:03.923 [info] > git for-each-ref --format=%(refname)%00%(upstream:short)%00%(objectname)%00%(upstream:track)%00%(upstream:remotename)%00%(upstream:remoteref) refs/heads/master refs/remotes/master [3ms]
2024-06-19 10:32:03.957 [info] > git status -z -uall [8ms]
2024-06-19 10:32:08.986 [info] > git config --get commit.template [9ms]
2024-06-19 10:32:08.991 [info] > git for-each-ref --format=%(refname)%00%(upstream:short)%00%(objectname)%00%(upstream:track)%00%(upstream:remotename)%00%(upstream:remoteref) refs/heads/master refs/remotes/master [5ms]
2024-06-19 10:32:09.020 [info] > git status -z -uall [10ms]
2024-06-19 10:32:22.016 [info] > git config --get commit.template [6ms]
2024-06-19 10:32:22.027 [info] > git for-each-ref --format=%(refname)%00%(upstream:short)%00%(objectname)%00%(upstream:track)%00%(upstream:remotename)%00%(upstream:remoteref) refs/heads/master refs/remotes/master [4ms]
2024-06-19 10:32:22.043 [info] > git status -z -uall [8ms]
2024-06-19 10:32:28.675 [info] > git config --get commit.template [7ms]
2024-06-19 10:32:28.678 [info] > git for-each-ref --format=%(refname)%00%(upstream:short)%00%(objectname)%00%(upstream:track)%00%(upstream:remotename)%00%(upstream:remoteref) refs/heads/master refs/remotes/master [4ms]
2024-06-19 10:32:28.696 [info] > git status -z -uall [4ms]
2024-06-19 10:32:36.288 [info] > git config --get commit.template [7ms]
2024-06-19 10:32:36.291 [info] > git for-each-ref --format=%(refname)%00%(upstream:short)%00%(objectname)%00%(upstream:track)%00%(upstream:remotename)%00%(upstream:remoteref) refs/heads/master refs/remotes/master [4ms]
2024-06-19 10:32:36.311 [info] > git status -z -uall [13ms]
2024-06-19 10:32:44.806 [info] > git config --get commit.template [9ms]
2024-06-19 10:32:44.809 [info] > git for-each-ref --format=%(refname)%00%(upstream:short)%00%(objectname)%00%(upstream:track)%00%(upstream:remotename)%00%(upstream:remoteref) refs/heads/master refs/remotes/master [4ms]
2024-06-19 10:32:44.840 [info] > git status -z -uall [19ms]
2024-06-19 10:33:01.173 [info] > git config --get commit.template [4ms]
2024-06-19 10:33:01.186 [info] > git for-each-ref --format=%(refname)%00%(upstream:short)%00%(objectname)%00%(upstream:track)%00%(upstream:remotename)%00%(upstream:remoteref) refs/heads/master refs/remotes/master [1ms]
2024-06-19 10:33:01.219 [info] > git status -z -uall [8ms]
2024-06-19 10:33:22.332 [info] > git config --get commit.template [8ms]
2024-06-19 10:33:22.334 [info] > git for-each-ref --format=%(refname)%00%(upstream:short)%00%(objectname)%00%(upstream:track)%00%(upstream:remotename)%00%(upstream:remoteref) refs/heads/master refs/remotes/master [4ms]
2024-06-19 10:33:22.346 [info] > git status -z -uall [5ms]
2024-06-19 10:33:27.658 [info] > git config --get commit.template [14ms]
2024-06-19 10:33:27.660 [info] > git for-each-ref --format=%(refname)%00%(upstream:short)%00%(objectname)%00%(upstream:track)%00%(upstream:remotename)%00%(upstream:remoteref) refs/heads/master refs/remotes/master [3ms]
2024-06-19 10:33:27.671 [info] > git status -z -uall [5ms]
2024-06-19 10:33:32.691 [info] > git config --get commit.template [11ms]
2024-06-19 10:33:32.694 [info] > git for-each-ref --format=%(refname)%00%(upstream:short)%00%(objectname)%00%(upstream:track)%00%(upstream:remotename)%00%(upstream:remoteref) refs/heads/master refs/remotes/master [4ms]
2024-06-19 10:33:32.707 [info] > git status -z -uall [5ms]
2024-06-19 10:33:45.540 [info] > git config --get commit.template [15ms]
2024-06-19 10:33:45.546 [info] > git for-each-ref --format=%(refname)%00%(upstream:short)%00%(objectname)%00%(upstream:track)%00%(upstream:remotename)%00%(upstream:remoteref) refs/heads/master refs/remotes/master [7ms]
2024-06-19 10:33:45.568 [info] > git status -z -uall [14ms]
2024-06-19 10:33:50.593 [info] > git config --get commit.template [3ms]
2024-06-19 10:33:50.606 [info] > git for-each-ref --format=%(refname)%00%(upstream:short)%00%(objectname)%00%(upstream:track)%00%(upstream:remotename)%00%(upstream:remoteref) refs/heads/master refs/remotes/master [5ms]
2024-06-19 10:33:50.635 [info] > git status -z -uall [8ms]
2024-06-19 10:33:55.656 [info] > git config --get commit.template [9ms]
2024-06-19 10:33:55.658 [info] > git for-each-ref --format=%(refname)%00%(upstream:short)%00%(objectname)%00%(upstream:track)%00%(upstream:remotename)%00%(upstream:remoteref) refs/heads/master refs/remotes/master [3ms]
2024-06-19 10:33:55.672 [info] > git status -z -uall [8ms]
2024-06-19 10:34:00.690 [info] > git config --get commit.template [6ms]
2024-06-19 10:34:00.692 [info] > git for-each-ref --format=%(refname)%00%(upstream:short)%00%(objectname)%00%(upstream:track)%00%(upstream:remotename)%00%(upstream:remoteref) refs/heads/master refs/remotes/master [3ms]
2024-06-19 10:34:00.716 [info] > git status -z -uall [8ms]
2024-06-19 10:34:05.759 [info] > git config --get commit.template [21ms]
2024-06-19 10:34:05.767 [info] > git for-each-ref --format=%(refname)%00%(upstream:short)%00%(objectname)%00%(upstream:track)%00%(upstream:remotename)%00%(upstream:remoteref) refs/heads/master refs/remotes/master [8ms]
2024-06-19 10:34:05.786 [info] > git status -z -uall [8ms]
2024-06-19 10:34:10.803 [info] > git config --get commit.template [8ms]
2024-06-19 10:34:10.806 [info] > git for-each-ref --format=%(refname)%00%(upstream:short)%00%(objectname)%00%(upstream:track)%00%(upstream:remotename)%00%(upstream:remoteref) refs/heads/master refs/remotes/master [5ms]
2024-06-19 10:34:10.818 [info] > git status -z -uall [6ms]
2024-06-19 10:34:15.843 [info] > git config --get commit.template [11ms]
2024-06-19 10:34:15.849 [info] > git for-each-ref --format=%(refname)%00%(upstream:short)%00%(objectname)%00%(upstream:track)%00%(upstream:remotename)%00%(upstream:remoteref) refs/heads/master refs/remotes/master [6ms]
2024-06-19 10:34:15.875 [info] > git status -z -uall [8ms]
2024-06-19 10:34:20.901 [info] > git config --get commit.template [7ms]
2024-06-19 10:34:20.903 [info] > git for-each-ref --format=%(refname)%00%(upstream:short)%00%(objectname)%00%(upstream:track)%00%(upstream:remotename)%00%(upstream:remoteref) refs/heads/master refs/remotes/master [3ms]
2024-06-19 10:34:20.917 [info] > git status -z -uall [7ms]
2024-06-19 10:34:39.832 [info] > git config --get commit.template [8ms]
2024-06-19 10:34:39.834 [info] > git for-each-ref --format=%(refname)%00%(upstream:short)%00%(objectname)%00%(upstream:track)%00%(upstream:remotename)%00%(upstream:remoteref) refs/heads/master refs/remotes/master [3ms]
2024-06-19 10:34:39.851 [info] > git status -z -uall [3ms]
2024-06-19 10:34:58.721 [info] > git config --get commit.template [12ms]
2024-06-19 10:34:58.726 [info] > git for-each-ref --format=%(refname)%00%(upstream:short)%00%(objectname)%00%(upstream:track)%00%(upstream:remotename)%00%(upstream:remoteref) refs/heads/master refs/remotes/master [6ms]
2024-06-19 10:34:58.755 [info] > git status -z -uall [15ms]
2024-06-19 10:35:39.339 [info] > git config --get commit.template [8ms]
2024-06-19 10:35:39.358 [info] > git for-each-ref --format=%(refname)%00%(upstream:short)%00%(objectname)%00%(upstream:track)%00%(upstream:remotename)%00%(upstream:remoteref) refs/heads/master refs/remotes/master [4ms]
2024-06-19 10:35:39.373 [info] > git status -z -uall [6ms]
2024-06-19 10:35:46.269 [info] > git config --get commit.template [11ms]
2024-06-19 10:35:46.286 [info] > git for-each-ref --format=%(refname)%00%(upstream:short)%00%(objectname)%00%(upstream:track)%00%(upstream:remotename)%00%(upstream:remoteref) refs/heads/master refs/remotes/master [18ms]
2024-06-19 10:35:46.314 [info] > git status -z -uall [12ms]
2024-06-19 10:35:52.020 [info] > git config --get commit.template [2ms]
2024-06-19 10:35:52.033 [info] > git for-each-ref --format=%(refname)%00%(upstream:short)%00%(objectname)%00%(upstream:track)%00%(upstream:remotename)%00%(upstream:remoteref) refs/heads/master refs/remotes/master [6ms]
2024-06-19 10:35:52.053 [info] > git status -z -uall [6ms]
2024-06-19 10:36:05.558 [info] > git config --get commit.template [14ms]
2024-06-19 10:36:05.561 [info] > git for-each-ref --format=%(refname)%00%(upstream:short)%00%(objectname)%00%(upstream:track)%00%(upstream:remotename)%00%(upstream:remoteref) refs/heads/master refs/remotes/master [4ms]
2024-06-19 10:36:05.577 [info] > git status -z -uall [7ms]
2024-06-19 10:36:10.597 [info] > git config --get commit.template [7ms]
2024-06-19 10:36:10.601 [info] > git for-each-ref --format=%(refname)%00%(upstream:short)%00%(objectname)%00%(upstream:track)%00%(upstream:remotename)%00%(upstream:remoteref) refs/heads/master refs/remotes/master [5ms]
2024-06-19 10:36:10.620 [info] > git status -z -uall [10ms]
2024-06-19 10:36:20.989 [info] > git config --get commit.template [13ms]
2024-06-19 10:36:20.996 [info] > git for-each-ref --format=%(refname)%00%(upstream:short)%00%(objectname)%00%(upstream:track)%00%(upstream:remotename)%00%(upstream:remoteref) refs/heads/master refs/remotes/master [8ms]
2024-06-19 10:36:21.014 [info] > git status -z -uall [8ms]
2024-06-19 10:36:28.167 [info] > git config --get commit.template [11ms]
2024-06-19 10:36:28.172 [info] > git for-each-ref --format=%(refname)%00%(upstream:short)%00%(objectname)%00%(upstream:track)%00%(upstream:remotename)%00%(upstream:remoteref) refs/heads/master refs/remotes/master [6ms]
2024-06-19 10:36:28.192 [info] > git status -z -uall [7ms]
2024-06-19 10:36:33.209 [info] > git config --get commit.template [8ms]
2024-06-19 10:36:33.211 [info] > git for-each-ref --format=%(refname)%00%(upstream:short)%00%(objectname)%00%(upstream:track)%00%(upstream:remotename)%00%(upstream:remoteref) refs/heads/master refs/remotes/master [5ms]
2024-06-19 10:36:33.222 [info] > git status -z -uall [5ms]
2024-06-19 10:36:46.757 [info] > git config --get commit.template [15ms]
2024-06-19 10:36:46.758 [info] > git for-each-ref --format=%(refname)%00%(upstream:short)%00%(objectname)%00%(upstream:track)%00%(upstream:remotename)%00%(upstream:remoteref) refs/heads/master refs/remotes/master [3ms]
2024-06-19 10:36:46.779 [info] > git status -z -uall [13ms]
2024-06-19 10:41:59.096 [info] > git config --get commit.template [14ms]
2024-06-19 10:41:59.097 [info] > git for-each-ref --format=%(refname)%00%(upstream:short)%00%(objectname)%00%(upstream:track)%00%(upstream:remotename)%00%(upstream:remoteref) refs/heads/master refs/remotes/master [3ms]
2024-06-19 10:41:59.110 [info] > git status -z -uall [6ms]
2024-06-19 10:42:35.984 [info] > git config --get commit.template [16ms]
2024-06-19 10:42:35.985 [info] > git for-each-ref --format=%(refname)%00%(upstream:short)%00%(objectname)%00%(upstream:track)%00%(upstream:remotename)%00%(upstream:remoteref) refs/heads/master refs/remotes/master [2ms]
2024-06-19 10:42:35.997 [info] > git status -z -uall [5ms]
2024-06-19 10:44:05.077 [info] > git config --get commit.template [8ms]
2024-06-19 10:44:05.080 [info] > git for-each-ref --format=%(refname)%00%(upstream:short)%00%(objectname)%00%(upstream:track)%00%(upstream:remotename)%00%(upstream:remoteref) refs/heads/master refs/remotes/master [4ms]
2024-06-19 10:44:05.095 [info] > git status -z -uall [7ms]
2024-06-19 10:44:19.080 [info] > git config --get commit.template [8ms]
2024-06-19 10:44:19.089 [info] > git for-each-ref --format=%(refname)%00%(upstream:short)%00%(objectname)%00%(upstream:track)%00%(upstream:remotename)%00%(upstream:remoteref) refs/heads/master refs/remotes/master [10ms]
2024-06-19 10:44:19.108 [info] > git status -z -uall [9ms]
2024-06-19 10:44:31.822 [info] > git config --get commit.template [16ms]
2024-06-19 10:44:31.827 [info] > git for-each-ref --format=%(refname)%00%(upstream:short)%00%(objectname)%00%(upstream:track)%00%(upstream:remotename)%00%(upstream:remoteref) refs/heads/master refs/remotes/master [5ms]
2024-06-19 10:44:31.845 [info] > git status -z -uall [9ms]
2024-06-19 10:44:53.058 [info] > git config --get commit.template [15ms]
2024-06-19 10:44:53.072 [info] > git for-each-ref --format=%(refname)%00%(upstream:short)%00%(objectname)%00%(upstream:track)%00%(upstream:remotename)%00%(upstream:remoteref) refs/heads/master refs/remotes/master [15ms]
2024-06-19 10:44:53.090 [info] > git status -z -uall [5ms]
2024-06-19 10:44:58.102 [info] > git config --get commit.template [3ms]
2024-06-19 10:44:58.112 [info] > git for-each-ref --format=%(refname)%00%(upstream:short)%00%(objectname)%00%(upstream:track)%00%(upstream:remotename)%00%(upstream:remoteref) refs/heads/master refs/remotes/master [3ms]
2024-06-19 10:44:58.125 [info] > git status -z -uall [6ms]
2024-06-19 10:45:03.140 [info] > git config --get commit.template [1ms]
2024-06-19 10:45:03.152 [info] > git for-each-ref --format=%(refname)%00%(upstream:short)%00%(objectname)%00%(upstream:track)%00%(upstream:remotename)%00%(upstream:remoteref) refs/heads/master refs/remotes/master [6ms]
2024-06-19 10:45:03.169 [info] > git status -z -uall [8ms]
2024-06-19 10:45:08.195 [info] > git config --get commit.template [9ms]
2024-06-19 10:45:08.203 [info] > git for-each-ref --format=%(refname)%00%(upstream:short)%00%(objectname)%00%(upstream:track)%00%(upstream:remotename)%00%(upstream:remoteref) refs/heads/master refs/remotes/master [9ms]
2024-06-19 10:45:08.226 [info] > git status -z -uall [7ms]
2024-06-19 10:45:13.244 [info] > git config --get commit.template [4ms]
2024-06-19 10:45:13.259 [info] > git for-each-ref --format=%(refname)%00%(upstream:short)%00%(objectname)%00%(upstream:track)%00%(upstream:remotename)%00%(upstream:remoteref) refs/heads/master refs/remotes/master [1ms]
2024-06-19 10:45:13.271 [info] > git status -z -uall [5ms]
2024-06-19 10:45:18.296 [info] > git config --get commit.template [13ms]
2024-06-19 10:45:18.300 [info] > git for-each-ref --format=%(refname)%00%(upstream:short)%00%(objectname)%00%(upstream:track)%00%(upstream:remotename)%00%(upstream:remoteref) refs/heads/master refs/remotes/master [5ms]
2024-06-19 10:45:18.337 [info] > git status -z -uall [24ms]
2024-06-19 10:45:23.389 [info] > git for-each-ref --format=%(refname)%00%(upstream:short)%00%(objectname)%00%(upstream:track)%00%(upstream:remotename)%00%(upstream:remoteref) refs/heads/master refs/remotes/master [6ms]
2024-06-19 10:45:23.396 [info] > git config --get commit.template [29ms]
2024-06-19 10:45:23.421 [info] > git status -z -uall [13ms]
2024-06-19 10:45:28.441 [info] > git config --get commit.template [11ms]
2024-06-19 10:45:28.444 [info] > git for-each-ref --format=%(refname)%00%(upstream:short)%00%(objectname)%00%(upstream:track)%00%(upstream:remotename)%00%(upstream:remoteref) refs/heads/master refs/remotes/master [4ms]
2024-06-19 10:45:28.474 [info] > git status -z -uall [21ms]
2024-06-19 10:45:33.497 [info] > git config --get commit.template [1ms]
2024-06-19 10:45:33.515 [info] > git for-each-ref --format=%(refname)%00%(upstream:short)%00%(objectname)%00%(upstream:track)%00%(upstream:remotename)%00%(upstream:remoteref) refs/heads/master refs/remotes/master [6ms]
2024-06-19 10:45:33.531 [info] > git status -z -uall [7ms]
2024-06-19 10:45:51.062 [info] > git config --get commit.template [29ms]
2024-06-19 10:45:51.070 [info] > git for-each-ref --format=%(refname)%00%(upstream:short)%00%(objectname)%00%(upstream:track)%00%(upstream:remotename)%00%(upstream:remoteref) refs/heads/master refs/remotes/master [10ms]
2024-06-19 10:45:51.094 [info] > git status -z -uall [9ms]
2024-06-19 10:47:05.499 [info] > git config --get commit.template [7ms]
2024-06-19 10:47:05.502 [info] > git for-each-ref --format=%(refname)%00%(upstream:short)%00%(objectname)%00%(upstream:track)%00%(upstream:remotename)%00%(upstream:remoteref) refs/heads/master refs/remotes/master [3ms]
2024-06-19 10:47:05.513 [info] > git status -z -uall [4ms]
2024-06-19 10:47:10.546 [info] > git for-each-ref --format=%(refname)%00%(upstream:short)%00%(objectname)%00%(upstream:track)%00%(upstream:remotename)%00%(upstream:remoteref) refs/heads/master refs/remotes/master [2ms]
2024-06-19 10:47:10.548 [info] > git config --get commit.template [23ms]
2024-06-19 10:47:10.561 [info] > git status -z -uall [1ms]
2024-06-19 10:48:48.069 [info] > git config --get commit.template [9ms]
2024-06-19 10:48:48.072 [info] > git for-each-ref --format=%(refname)%00%(upstream:short)%00%(objectname)%00%(upstream:track)%00%(upstream:remotename)%00%(upstream:remoteref) refs/heads/master refs/remotes/master [4ms]
2024-06-19 10:48:48.095 [info] > git status -z -uall [6ms]
2024-06-19 10:49:00.142 [info] > git config --get commit.template [11ms]
2024-06-19 10:49:00.145 [info] > git for-each-ref --format=%(refname)%00%(upstream:short)%00%(objectname)%00%(upstream:track)%00%(upstream:remotename)%00%(upstream:remoteref) refs/heads/master refs/remotes/master [4ms]
2024-06-19 10:49:00.158 [info] > git status -z -uall [6ms]
2024-06-19 10:51:37.803 [info] > git config --get commit.template [9ms]
2024-06-19 10:51:37.808 [info] > git for-each-ref --format=%(refname)%00%(upstream:short)%00%(objectname)%00%(upstream:track)%00%(upstream:remotename)%00%(upstream:remoteref) refs/heads/master refs/remotes/master [6ms]
2024-06-19 10:51:37.843 [info] > git status -z -uall [25ms]
2024-06-19 10:51:45.513 [info] > git config --get commit.template [3ms]
2024-06-19 10:51:45.523 [info] > git for-each-ref --format=%(refname)%00%(upstream:short)%00%(objectname)%00%(upstream:track)%00%(upstream:remotename)%00%(upstream:remoteref) refs/heads/master refs/remotes/master [3ms]
2024-06-19 10:51:45.540 [info] > git status -z -uall [8ms]
2024-06-19 10:52:39.887 [info] > git config --get commit.template [10ms]
2024-06-19 10:52:39.888 [info] > git for-each-ref --format=%(refname)%00%(upstream:short)%00%(objectname)%00%(upstream:track)%00%(upstream:remotename)%00%(upstream:remoteref) refs/heads/master refs/remotes/master [2ms]
2024-06-19 10:52:39.909 [info] > git status -z -uall [14ms]
2024-06-19 10:53:12.696 [info] > git config --get commit.template [10ms]
2024-06-19 10:53:12.699 [info] > git for-each-ref --format=%(refname)%00%(upstream:short)%00%(objectname)%00%(upstream:track)%00%(upstream:remotename)%00%(upstream:remoteref) refs/heads/master refs/remotes/master [5ms]
2024-06-19 10:53:12.712 [info] > git status -z -uall [6ms]
2024-06-19 10:53:56.351 [info] > git config --get commit.template [11ms]
2024-06-19 10:53:56.357 [info] > git for-each-ref --format=%(refname)%00%(upstream:short)%00%(objectname)%00%(upstream:track)%00%(upstream:remotename)%00%(upstream:remoteref) refs/heads/master refs/remotes/master [7ms]
2024-06-19 10:53:56.374 [info] > git status -z -uall [7ms]
