2024-03-29 08:32:20.520 [info] Extension host with pid 13517 started
2024-03-29 08:32:20.556 [info] Lock '/home/student/.vscode-server/data/User/workspaceStorage/5a2915a91ec150ae05f18a5fbc4e7562/vscode.lock': Lock acquired.
2024-03-29 08:32:21.458 [info] ExtensionService#_doActivateExtension vscode.tunnel-forwarding, startup: false, activationEvent: 'onTunnel'
2024-03-29 08:32:22.058 [info] ExtensionService#_doActivateExtension vscode.git-base, startup: true, activationEvent: '*', root cause: vscode.git
2024-03-29 08:32:22.121 [info] ExtensionService#_doActivateExtension vscode.git, startup: true, activationEvent: '*'
2024-03-29 08:32:22.122 [info] ExtensionService#_doActivateExtension vscode.github, startup: true, activationEvent: '*'
2024-03-29 08:32:22.737 [info] Eager extensions activated
2024-03-29 08:32:22.738 [info] ExtensionService#_doActivateExtension vscode.debug-auto-launch, startup: false, activationEvent: 'onStartupFinished'
2024-03-29 08:32:22.738 [info] ExtensionService#_doActivateExtension vscode.merge-conflict, startup: false, activationEvent: 'onStartupFinished'
2024-03-29 08:32:22.739 [info] ExtensionService#_doActivateExtension ritwickdey.LiveServer, startup: false, activationEvent: 'onStartupFinished'
2024-03-29 08:34:07.336 [info] ExtensionService#_doActivateExtension vscode.npm, startup: false, activationEvent: 'onTerminalQuickFixRequest:ms-vscode.npm-command'
2024-03-29 08:35:14.531 [info] ExtensionService#_doActivateExtension vscode.extension-editing, startup: false, activationEvent: 'onLanguage:json'
2024-03-29 08:35:14.531 [info] ExtensionService#_doActivateExtension vscode.json-language-features, startup: false, activationEvent: 'onLanguage:json'
2024-03-29 08:35:14.532 [info] ExtensionService#_doActivateExtension vscode.emmet, startup: false, activationEvent: 'onLanguage'
2024-03-29 08:35:15.718 [info] ExtensionService#_doActivateExtension vscode.typescript-language-features, startup: false, activationEvent: 'onLanguage:jsonc'
2024-03-29 08:43:12.064 [info] Extension host terminating: renderer disconnected for too long (2)
2024-03-29 08:43:12.064 [info] Lock '/home/student/.vscode-server/data/User/workspaceStorage/5a2915a91ec150ae05f18a5fbc4e7562/vscode.lock': Marking the lockfile as scheduled to be released in 6000 ms.
2024-03-29 08:43:12.126 [error] Canceled: Canceled
	at new $ (/home/student/.vscode-server/cli/servers/Stable-863d2581ecda6849923a2118d93a088b0745d9d6/server/out/vs/workbench/api/node/extensionHostProcess.js:140:45885)
	at s.U (/home/student/.vscode-server/cli/servers/Stable-863d2581ecda6849923a2118d93a088b0745d9d6/server/out/vs/workbench/api/node/extensionHostProcess.js:147:5556)
	at z.<computed>.T.charCodeAt.z.<computed> (/home/student/.vscode-server/cli/servers/Stable-863d2581ecda6849923a2118d93a088b0745d9d6/server/out/vs/workbench/api/node/extensionHostProcess.js:147:3007)
	at u.g (/home/student/.vscode-server/cli/servers/Stable-863d2581ecda6849923a2118d93a088b0745d9d6/server/out/vs/workbench/api/node/extensionHostProcess.js:150:184300)
	at u.executeCommand (/home/student/.vscode-server/cli/servers/Stable-863d2581ecda6849923a2118d93a088b0745d9d6/server/out/vs/workbench/api/node/extensionHostProcess.js:150:183738)
	at f.registerCommand.description (/home/student/.vscode-server/cli/servers/Stable-863d2581ecda6849923a2118d93a088b0745d9d6/server/out/vs/workbench/api/node/extensionHostProcess.js:150:183062)
	at u.h (/home/student/.vscode-server/cli/servers/Stable-863d2581ecda6849923a2118d93a088b0745d9d6/server/out/vs/workbench/api/node/extensionHostProcess.js:150:184839)
	at u.g (/home/student/.vscode-server/cli/servers/Stable-863d2581ecda6849923a2118d93a088b0745d9d6/server/out/vs/workbench/api/node/extensionHostProcess.js:150:183831)
	at u.executeCommand (/home/student/.vscode-server/cli/servers/Stable-863d2581ecda6849923a2118d93a088b0745d9d6/server/out/vs/workbench/api/node/extensionHostProcess.js:150:183738)
	at Object.executeCommand (/home/student/.vscode-server/cli/servers/Stable-863d2581ecda6849923a2118d93a088b0745d9d6/server/out/vs/workbench/api/node/extensionHostProcess.js:160:21654)
	at p.O [as value] (/home/student/.vscode-server/cli/servers/Stable-863d2581ecda6849923a2118d93a088b0745d9d6/server/extensions/git/dist/main.js:2:943479)
	at n.y (/home/student/.vscode-server/cli/servers/Stable-863d2581ecda6849923a2118d93a088b0745d9d6/server/out/vs/workbench/api/node/extensionHostProcess.js:80:1902)
	at n.z (/home/student/.vscode-server/cli/servers/Stable-863d2581ecda6849923a2118d93a088b0745d9d6/server/out/vs/workbench/api/node/extensionHostProcess.js:80:1972)
	at n.fire (/home/student/.vscode-server/cli/servers/Stable-863d2581ecda6849923a2118d93a088b0745d9d6/server/out/vs/workbench/api/node/extensionHostProcess.js:80:2188)
	at Object.m [as dispose] (/home/student/.vscode-server/cli/servers/Stable-863d2581ecda6849923a2118d93a088b0745d9d6/server/extensions/git/dist/main.js:2:962791)
	at /home/student/.vscode-server/cli/servers/Stable-863d2581ecda6849923a2118d93a088b0745d9d6/server/extensions/git/dist/main.js:2:968825
	at Array.forEach (<anonymous>)
	at f.dispose (/home/student/.vscode-server/cli/servers/Stable-863d2581ecda6849923a2118d93a088b0745d9d6/server/extensions/git/dist/main.js:2:968811)
	at l.<anonymous> (/home/student/.vscode-server/cli/servers/Stable-863d2581ecda6849923a2118d93a088b0745d9d6/server/out/vs/workbench/api/node/extensionHostProcess.js:148:3704)
	at l.dispose (/home/student/.vscode-server/cli/servers/Stable-863d2581ecda6849923a2118d93a088b0745d9d6/server/out/vs/workbench/api/node/extensionHostProcess.js:148:3801)
	at l.<anonymous> (/home/student/.vscode-server/cli/servers/Stable-863d2581ecda6849923a2118d93a088b0745d9d6/server/extensions/git/dist/main.js:2:945736)
	at l.dispose (/home/student/.vscode-server/cli/servers/Stable-863d2581ecda6849923a2118d93a088b0745d9d6/server/out/vs/workbench/api/node/extensionHostProcess.js:148:3801)
	at o (/home/student/.vscode-server/cli/servers/Stable-863d2581ecda6849923a2118d93a088b0745d9d6/server/out/vs/workbench/api/node/extensionHostProcess.js:30:754)
	at p.cb (/home/student/.vscode-server/cli/servers/Stable-863d2581ecda6849923a2118d93a088b0745d9d6/server/out/vs/workbench/api/node/extensionHostProcess.js:156:9882)
	at /home/student/.vscode-server/cli/servers/Stable-863d2581ecda6849923a2118d93a088b0745d9d6/server/out/vs/workbench/api/node/extensionHostProcess.js:156:7816
	at Array.map (<anonymous>)
	at p.Y (/home/student/.vscode-server/cli/servers/Stable-863d2581ecda6849923a2118d93a088b0745d9d6/server/out/vs/workbench/api/node/extensionHostProcess.js:156:7803)
	at p.terminate (/home/student/.vscode-server/cli/servers/Stable-863d2581ecda6849923a2118d93a088b0745d9d6/server/out/vs/workbench/api/node/extensionHostProcess.js:156:8076)
	at o.terminate (/home/student/.vscode-server/cli/servers/Stable-863d2581ecda6849923a2118d93a088b0745d9d6/server/out/vs/workbench/api/node/extensionHostProcess.js:160:1513)
	at t (/home/student/.vscode-server/cli/servers/Stable-863d2581ecda6849923a2118d93a088b0745d9d6/server/out/vs/workbench/api/node/extensionHostProcess.js:173:9949)
	at O.a (/home/student/.vscode-server/cli/servers/Stable-863d2581ecda6849923a2118d93a088b0745d9d6/server/out/vs/workbench/api/node/extensionHostProcess.js:173:6742)
	at O.h (/home/student/.vscode-server/cli/servers/Stable-863d2581ecda6849923a2118d93a088b0745d9d6/server/out/vs/workbench/api/node/extensionHostProcess.js:97:20588)
	at listOnTimeout (node:internal/timers:569:17)
	at process.processTimers (node:internal/timers:512:7) setContext undefined
2024-03-29 08:43:12.126 [error] Canceled: Canceled
	at new $ (/home/student/.vscode-server/cli/servers/Stable-863d2581ecda6849923a2118d93a088b0745d9d6/server/out/vs/workbench/api/node/extensionHostProcess.js:140:45885)
	at s.U (/home/student/.vscode-server/cli/servers/Stable-863d2581ecda6849923a2118d93a088b0745d9d6/server/out/vs/workbench/api/node/extensionHostProcess.js:147:5556)
	at z.<computed>.T.charCodeAt.z.<computed> (/home/student/.vscode-server/cli/servers/Stable-863d2581ecda6849923a2118d93a088b0745d9d6/server/out/vs/workbench/api/node/extensionHostProcess.js:147:3007)
	at u.g (/home/student/.vscode-server/cli/servers/Stable-863d2581ecda6849923a2118d93a088b0745d9d6/server/out/vs/workbench/api/node/extensionHostProcess.js:150:184300)
	at u.executeCommand (/home/student/.vscode-server/cli/servers/Stable-863d2581ecda6849923a2118d93a088b0745d9d6/server/out/vs/workbench/api/node/extensionHostProcess.js:150:183738)
	at f.registerCommand.description (/home/student/.vscode-server/cli/servers/Stable-863d2581ecda6849923a2118d93a088b0745d9d6/server/out/vs/workbench/api/node/extensionHostProcess.js:150:183062)
	at u.h (/home/student/.vscode-server/cli/servers/Stable-863d2581ecda6849923a2118d93a088b0745d9d6/server/out/vs/workbench/api/node/extensionHostProcess.js:150:184839)
	at u.g (/home/student/.vscode-server/cli/servers/Stable-863d2581ecda6849923a2118d93a088b0745d9d6/server/out/vs/workbench/api/node/extensionHostProcess.js:150:183831)
	at u.executeCommand (/home/student/.vscode-server/cli/servers/Stable-863d2581ecda6849923a2118d93a088b0745d9d6/server/out/vs/workbench/api/node/extensionHostProcess.js:150:183738)
	at Object.executeCommand (/home/student/.vscode-server/cli/servers/Stable-863d2581ecda6849923a2118d93a088b0745d9d6/server/out/vs/workbench/api/node/extensionHostProcess.js:160:21654)
	at p.O [as value] (/home/student/.vscode-server/cli/servers/Stable-863d2581ecda6849923a2118d93a088b0745d9d6/server/extensions/git/dist/main.js:2:943479)
	at n.y (/home/student/.vscode-server/cli/servers/Stable-863d2581ecda6849923a2118d93a088b0745d9d6/server/out/vs/workbench/api/node/extensionHostProcess.js:80:1902)
	at n.z (/home/student/.vscode-server/cli/servers/Stable-863d2581ecda6849923a2118d93a088b0745d9d6/server/out/vs/workbench/api/node/extensionHostProcess.js:80:1972)
	at n.fire (/home/student/.vscode-server/cli/servers/Stable-863d2581ecda6849923a2118d93a088b0745d9d6/server/out/vs/workbench/api/node/extensionHostProcess.js:80:2188)
	at Object.m [as dispose] (/home/student/.vscode-server/cli/servers/Stable-863d2581ecda6849923a2118d93a088b0745d9d6/server/extensions/git/dist/main.js:2:962791)
	at /home/student/.vscode-server/cli/servers/Stable-863d2581ecda6849923a2118d93a088b0745d9d6/server/extensions/git/dist/main.js:2:968825
	at Array.forEach (<anonymous>)
	at f.dispose (/home/student/.vscode-server/cli/servers/Stable-863d2581ecda6849923a2118d93a088b0745d9d6/server/extensions/git/dist/main.js:2:968811)
	at l.<anonymous> (/home/student/.vscode-server/cli/servers/Stable-863d2581ecda6849923a2118d93a088b0745d9d6/server/out/vs/workbench/api/node/extensionHostProcess.js:148:3704)
	at l.dispose (/home/student/.vscode-server/cli/servers/Stable-863d2581ecda6849923a2118d93a088b0745d9d6/server/out/vs/workbench/api/node/extensionHostProcess.js:148:3801)
	at l.<anonymous> (/home/student/.vscode-server/cli/servers/Stable-863d2581ecda6849923a2118d93a088b0745d9d6/server/extensions/git/dist/main.js:2:945736)
	at l.dispose (/home/student/.vscode-server/cli/servers/Stable-863d2581ecda6849923a2118d93a088b0745d9d6/server/out/vs/workbench/api/node/extensionHostProcess.js:148:3801)
	at o (/home/student/.vscode-server/cli/servers/Stable-863d2581ecda6849923a2118d93a088b0745d9d6/server/out/vs/workbench/api/node/extensionHostProcess.js:30:754)
	at p.cb (/home/student/.vscode-server/cli/servers/Stable-863d2581ecda6849923a2118d93a088b0745d9d6/server/out/vs/workbench/api/node/extensionHostProcess.js:156:9882)
	at /home/student/.vscode-server/cli/servers/Stable-863d2581ecda6849923a2118d93a088b0745d9d6/server/out/vs/workbench/api/node/extensionHostProcess.js:156:7816
	at Array.map (<anonymous>)
	at p.Y (/home/student/.vscode-server/cli/servers/Stable-863d2581ecda6849923a2118d93a088b0745d9d6/server/out/vs/workbench/api/node/extensionHostProcess.js:156:7803)
	at p.terminate (/home/student/.vscode-server/cli/servers/Stable-863d2581ecda6849923a2118d93a088b0745d9d6/server/out/vs/workbench/api/node/extensionHostProcess.js:156:8076)
	at o.terminate (/home/student/.vscode-server/cli/servers/Stable-863d2581ecda6849923a2118d93a088b0745d9d6/server/out/vs/workbench/api/node/extensionHostProcess.js:160:1513)
	at t (/home/student/.vscode-server/cli/servers/Stable-863d2581ecda6849923a2118d93a088b0745d9d6/server/out/vs/workbench/api/node/extensionHostProcess.js:173:9949)
	at O.a (/home/student/.vscode-server/cli/servers/Stable-863d2581ecda6849923a2118d93a088b0745d9d6/server/out/vs/workbench/api/node/extensionHostProcess.js:173:6742)
	at O.h (/home/student/.vscode-server/cli/servers/Stable-863d2581ecda6849923a2118d93a088b0745d9d6/server/out/vs/workbench/api/node/extensionHostProcess.js:97:20588)
	at listOnTimeout (node:internal/timers:569:17)
	at process.processTimers (node:internal/timers:512:7) setContext undefined
2024-03-29 08:43:12.126 [error] Canceled: Canceled
	at new $ (/home/student/.vscode-server/cli/servers/Stable-863d2581ecda6849923a2118d93a088b0745d9d6/server/out/vs/workbench/api/node/extensionHostProcess.js:140:45885)
	at s.U (/home/student/.vscode-server/cli/servers/Stable-863d2581ecda6849923a2118d93a088b0745d9d6/server/out/vs/workbench/api/node/extensionHostProcess.js:147:5556)
	at z.<computed>.T.charCodeAt.z.<computed> (/home/student/.vscode-server/cli/servers/Stable-863d2581ecda6849923a2118d93a088b0745d9d6/server/out/vs/workbench/api/node/extensionHostProcess.js:147:3007)
	at u.g (/home/student/.vscode-server/cli/servers/Stable-863d2581ecda6849923a2118d93a088b0745d9d6/server/out/vs/workbench/api/node/extensionHostProcess.js:150:184300)
	at u.executeCommand (/home/student/.vscode-server/cli/servers/Stable-863d2581ecda6849923a2118d93a088b0745d9d6/server/out/vs/workbench/api/node/extensionHostProcess.js:150:183738)
	at f.registerCommand.description (/home/student/.vscode-server/cli/servers/Stable-863d2581ecda6849923a2118d93a088b0745d9d6/server/out/vs/workbench/api/node/extensionHostProcess.js:150:183062)
	at u.h (/home/student/.vscode-server/cli/servers/Stable-863d2581ecda6849923a2118d93a088b0745d9d6/server/out/vs/workbench/api/node/extensionHostProcess.js:150:184839)
	at u.g (/home/student/.vscode-server/cli/servers/Stable-863d2581ecda6849923a2118d93a088b0745d9d6/server/out/vs/workbench/api/node/extensionHostProcess.js:150:183831)
	at u.executeCommand (/home/student/.vscode-server/cli/servers/Stable-863d2581ecda6849923a2118d93a088b0745d9d6/server/out/vs/workbench/api/node/extensionHostProcess.js:150:183738)
	at Object.executeCommand (/home/student/.vscode-server/cli/servers/Stable-863d2581ecda6849923a2118d93a088b0745d9d6/server/out/vs/workbench/api/node/extensionHostProcess.js:160:21654)
	at p.O [as value] (/home/student/.vscode-server/cli/servers/Stable-863d2581ecda6849923a2118d93a088b0745d9d6/server/extensions/git/dist/main.js:2:943479)
	at n.y (/home/student/.vscode-server/cli/servers/Stable-863d2581ecda6849923a2118d93a088b0745d9d6/server/out/vs/workbench/api/node/extensionHostProcess.js:80:1902)
	at n.z (/home/student/.vscode-server/cli/servers/Stable-863d2581ecda6849923a2118d93a088b0745d9d6/server/out/vs/workbench/api/node/extensionHostProcess.js:80:1972)
	at n.fire (/home/student/.vscode-server/cli/servers/Stable-863d2581ecda6849923a2118d93a088b0745d9d6/server/out/vs/workbench/api/node/extensionHostProcess.js:80:2188)
	at Object.m [as dispose] (/home/student/.vscode-server/cli/servers/Stable-863d2581ecda6849923a2118d93a088b0745d9d6/server/extensions/git/dist/main.js:2:962791)
	at /home/student/.vscode-server/cli/servers/Stable-863d2581ecda6849923a2118d93a088b0745d9d6/server/extensions/git/dist/main.js:2:968825
	at Array.forEach (<anonymous>)
	at f.dispose (/home/student/.vscode-server/cli/servers/Stable-863d2581ecda6849923a2118d93a088b0745d9d6/server/extensions/git/dist/main.js:2:968811)
	at l.<anonymous> (/home/student/.vscode-server/cli/servers/Stable-863d2581ecda6849923a2118d93a088b0745d9d6/server/out/vs/workbench/api/node/extensionHostProcess.js:148:3704)
	at l.dispose (/home/student/.vscode-server/cli/servers/Stable-863d2581ecda6849923a2118d93a088b0745d9d6/server/out/vs/workbench/api/node/extensionHostProcess.js:148:3801)
	at l.<anonymous> (/home/student/.vscode-server/cli/servers/Stable-863d2581ecda6849923a2118d93a088b0745d9d6/server/extensions/git/dist/main.js:2:945736)
	at l.dispose (/home/student/.vscode-server/cli/servers/Stable-863d2581ecda6849923a2118d93a088b0745d9d6/server/out/vs/workbench/api/node/extensionHostProcess.js:148:3801)
	at o (/home/student/.vscode-server/cli/servers/Stable-863d2581ecda6849923a2118d93a088b0745d9d6/server/out/vs/workbench/api/node/extensionHostProcess.js:30:754)
	at p.cb (/home/student/.vscode-server/cli/servers/Stable-863d2581ecda6849923a2118d93a088b0745d9d6/server/out/vs/workbench/api/node/extensionHostProcess.js:156:9882)
	at /home/student/.vscode-server/cli/servers/Stable-863d2581ecda6849923a2118d93a088b0745d9d6/server/out/vs/workbench/api/node/extensionHostProcess.js:156:7816
	at Array.map (<anonymous>)
	at p.Y (/home/student/.vscode-server/cli/servers/Stable-863d2581ecda6849923a2118d93a088b0745d9d6/server/out/vs/workbench/api/node/extensionHostProcess.js:156:7803)
	at p.terminate (/home/student/.vscode-server/cli/servers/Stable-863d2581ecda6849923a2118d93a088b0745d9d6/server/out/vs/workbench/api/node/extensionHostProcess.js:156:8076)
	at o.terminate (/home/student/.vscode-server/cli/servers/Stable-863d2581ecda6849923a2118d93a088b0745d9d6/server/out/vs/workbench/api/node/extensionHostProcess.js:160:1513)
	at t (/home/student/.vscode-server/cli/servers/Stable-863d2581ecda6849923a2118d93a088b0745d9d6/server/out/vs/workbench/api/node/extensionHostProcess.js:173:9949)
	at O.a (/home/student/.vscode-server/cli/servers/Stable-863d2581ecda6849923a2118d93a088b0745d9d6/server/out/vs/workbench/api/node/extensionHostProcess.js:173:6742)
	at O.h (/home/student/.vscode-server/cli/servers/Stable-863d2581ecda6849923a2118d93a088b0745d9d6/server/out/vs/workbench/api/node/extensionHostProcess.js:97:20588)
	at listOnTimeout (node:internal/timers:569:17)
	at process.processTimers (node:internal/timers:512:7) setContext undefined
2024-03-29 08:43:12.127 [error] Canceled: Canceled
	at new $ (/home/student/.vscode-server/cli/servers/Stable-863d2581ecda6849923a2118d93a088b0745d9d6/server/out/vs/workbench/api/node/extensionHostProcess.js:140:45885)
	at s.U (/home/student/.vscode-server/cli/servers/Stable-863d2581ecda6849923a2118d93a088b0745d9d6/server/out/vs/workbench/api/node/extensionHostProcess.js:147:5556)
	at z.<computed>.T.charCodeAt.z.<computed> (/home/student/.vscode-server/cli/servers/Stable-863d2581ecda6849923a2118d93a088b0745d9d6/server/out/vs/workbench/api/node/extensionHostProcess.js:147:3007)
	at u.g (/home/student/.vscode-server/cli/servers/Stable-863d2581ecda6849923a2118d93a088b0745d9d6/server/out/vs/workbench/api/node/extensionHostProcess.js:150:184300)
	at u.executeCommand (/home/student/.vscode-server/cli/servers/Stable-863d2581ecda6849923a2118d93a088b0745d9d6/server/out/vs/workbench/api/node/extensionHostProcess.js:150:183738)
	at f.registerCommand.description (/home/student/.vscode-server/cli/servers/Stable-863d2581ecda6849923a2118d93a088b0745d9d6/server/out/vs/workbench/api/node/extensionHostProcess.js:150:183062)
	at u.h (/home/student/.vscode-server/cli/servers/Stable-863d2581ecda6849923a2118d93a088b0745d9d6/server/out/vs/workbench/api/node/extensionHostProcess.js:150:184839)
	at u.g (/home/student/.vscode-server/cli/servers/Stable-863d2581ecda6849923a2118d93a088b0745d9d6/server/out/vs/workbench/api/node/extensionHostProcess.js:150:183831)
	at u.executeCommand (/home/student/.vscode-server/cli/servers/Stable-863d2581ecda6849923a2118d93a088b0745d9d6/server/out/vs/workbench/api/node/extensionHostProcess.js:150:183738)
	at Object.executeCommand (/home/student/.vscode-server/cli/servers/Stable-863d2581ecda6849923a2118d93a088b0745d9d6/server/out/vs/workbench/api/node/extensionHostProcess.js:160:21654)
	at set hasGitHubRepositories [as hasGitHubRepositories] (/home/student/.vscode-server/cli/servers/Stable-863d2581ecda6849923a2118d93a088b0745d9d6/server/extensions/github/dist/extension.js:2:325214)
	at /home/student/.vscode-server/cli/servers/Stable-863d2581ecda6849923a2118d93a088b0745d9d6/server/extensions/github/dist/extension.js:2:326173
	at p.value (/home/student/.vscode-server/cli/servers/Stable-863d2581ecda6849923a2118d93a088b0745d9d6/server/extensions/git/dist/main.js:2:1050811)
	at n.y (/home/student/.vscode-server/cli/servers/Stable-863d2581ecda6849923a2118d93a088b0745d9d6/server/out/vs/workbench/api/node/extensionHostProcess.js:80:1902)
	at n.z (/home/student/.vscode-server/cli/servers/Stable-863d2581ecda6849923a2118d93a088b0745d9d6/server/out/vs/workbench/api/node/extensionHostProcess.js:80:1972)
	at n.fire (/home/student/.vscode-server/cli/servers/Stable-863d2581ecda6849923a2118d93a088b0745d9d6/server/out/vs/workbench/api/node/extensionHostProcess.js:80:2188)
	at Object.m [as dispose] (/home/student/.vscode-server/cli/servers/Stable-863d2581ecda6849923a2118d93a088b0745d9d6/server/extensions/git/dist/main.js:2:962791)
	at /home/student/.vscode-server/cli/servers/Stable-863d2581ecda6849923a2118d93a088b0745d9d6/server/extensions/git/dist/main.js:2:968825
	at Array.forEach (<anonymous>)
	at f.dispose (/home/student/.vscode-server/cli/servers/Stable-863d2581ecda6849923a2118d93a088b0745d9d6/server/extensions/git/dist/main.js:2:968811)
	at l.<anonymous> (/home/student/.vscode-server/cli/servers/Stable-863d2581ecda6849923a2118d93a088b0745d9d6/server/out/vs/workbench/api/node/extensionHostProcess.js:148:3704)
	at l.dispose (/home/student/.vscode-server/cli/servers/Stable-863d2581ecda6849923a2118d93a088b0745d9d6/server/out/vs/workbench/api/node/extensionHostProcess.js:148:3801)
	at l.<anonymous> (/home/student/.vscode-server/cli/servers/Stable-863d2581ecda6849923a2118d93a088b0745d9d6/server/extensions/git/dist/main.js:2:945736)
	at l.dispose (/home/student/.vscode-server/cli/servers/Stable-863d2581ecda6849923a2118d93a088b0745d9d6/server/out/vs/workbench/api/node/extensionHostProcess.js:148:3801)
	at o (/home/student/.vscode-server/cli/servers/Stable-863d2581ecda6849923a2118d93a088b0745d9d6/server/out/vs/workbench/api/node/extensionHostProcess.js:30:754)
	at p.cb (/home/student/.vscode-server/cli/servers/Stable-863d2581ecda6849923a2118d93a088b0745d9d6/server/out/vs/workbench/api/node/extensionHostProcess.js:156:9882)
	at /home/student/.vscode-server/cli/servers/Stable-863d2581ecda6849923a2118d93a088b0745d9d6/server/out/vs/workbench/api/node/extensionHostProcess.js:156:7816
	at Array.map (<anonymous>)
	at p.Y (/home/student/.vscode-server/cli/servers/Stable-863d2581ecda6849923a2118d93a088b0745d9d6/server/out/vs/workbench/api/node/extensionHostProcess.js:156:7803)
	at p.terminate (/home/student/.vscode-server/cli/servers/Stable-863d2581ecda6849923a2118d93a088b0745d9d6/server/out/vs/workbench/api/node/extensionHostProcess.js:156:8076)
	at o.terminate (/home/student/.vscode-server/cli/servers/Stable-863d2581ecda6849923a2118d93a088b0745d9d6/server/out/vs/workbench/api/node/extensionHostProcess.js:160:1513)
	at t (/home/student/.vscode-server/cli/servers/Stable-863d2581ecda6849923a2118d93a088b0745d9d6/server/out/vs/workbench/api/node/extensionHostProcess.js:173:9949)
	at O.a (/home/student/.vscode-server/cli/servers/Stable-863d2581ecda6849923a2118d93a088b0745d9d6/server/out/vs/workbench/api/node/extensionHostProcess.js:173:6742)
	at O.h (/home/student/.vscode-server/cli/servers/Stable-863d2581ecda6849923a2118d93a088b0745d9d6/server/out/vs/workbench/api/node/extensionHostProcess.js:97:20588)
	at listOnTimeout (node:internal/timers:569:17)
	at process.processTimers (node:internal/timers:512:7) setContext undefined
2024-03-29 08:43:12.140 [info] Extension host with pid 13517 exiting with code 0
