2024-06-18 09:02:04.225 [info] Extension host with pid 4527 started
2024-06-18 09:02:04.265 [info] Lock '/home/student/.vscode-server/data/User/workspaceStorage/5a2915a91ec150ae05f18a5fbc4e7562/vscode.lock': Lock acquired.
2024-06-18 09:02:05.666 [info] ExtensionService#_doActivateExtension vscode.tunnel-forwarding, startup: false, activationEvent: 'onTunnel'
2024-06-18 09:02:05.668 [info] ExtensionService#_doActivateExtension vscode.emmet, startup: false, activationEvent: 'onLanguage'
2024-06-18 09:02:06.340 [info] ExtensionService#_doActivateExtension vscode.git-base, startup: true, activationEvent: '*', root cause: vscode.git
2024-06-18 09:02:06.348 [info] ExtensionService#_doActivateExtension vscode.npm, startup: true, activationEvent: 'workspaceContains:package.json'
2024-06-18 09:02:07.681 [info] ExtensionService#_doActivateExtension vscode.json-language-features, startup: false, activationEvent: 'onLanguage:jsonc'
2024-06-18 09:02:07.681 [info] ExtensionService#_doActivateExtension vscode.typescript-language-features, startup: false, activationEvent: 'onLanguage:jsonc'
2024-06-18 09:02:07.980 [info] ExtensionService#_doActivateExtension vscode.git, startup: true, activationEvent: '*'
2024-06-18 09:02:07.980 [info] ExtensionService#_doActivateExtension vscode.github, startup: true, activationEvent: '*'
2024-06-18 09:02:08.781 [info] Eager extensions activated
2024-06-18 09:02:08.782 [info] ExtensionService#_doActivateExtension vscode.debug-auto-launch, startup: false, activationEvent: 'onStartupFinished'
2024-06-18 09:02:08.782 [info] ExtensionService#_doActivateExtension vscode.merge-conflict, startup: false, activationEvent: 'onStartupFinished'
2024-06-18 09:02:10.856 [warning] [Decorations] CAPPING events from decorations provider vscode.git 9982
2024-06-18 09:02:13.686 [warning] [Decorations] CAPPING events from decorations provider vscode.git 9984
2024-06-18 09:02:43.974 [warning] [Decorations] CAPPING events from decorations provider vscode.git 10082
2024-06-18 09:02:49.439 [warning] [Decorations] CAPPING events from decorations provider vscode.git 10081
2024-06-18 09:02:54.923 [warning] [Decorations] CAPPING events from decorations provider vscode.git 10081
2024-06-18 09:03:00.408 [warning] [Decorations] CAPPING events from decorations provider vscode.git 10081
2024-06-18 09:03:05.896 [warning] [Decorations] CAPPING events from decorations provider vscode.git 10081
2024-06-18 09:03:11.395 [warning] [Decorations] CAPPING events from decorations provider vscode.git 10081
2024-06-18 09:03:17.039 [warning] [Decorations] CAPPING events from decorations provider vscode.git 10081
2024-06-18 09:03:22.506 [warning] [Decorations] CAPPING events from decorations provider vscode.git 10081
2024-06-18 09:03:27.947 [warning] [Decorations] CAPPING events from decorations provider vscode.git 10081
2024-06-18 09:05:47.566 [warning] [Decorations] CAPPING events from decorations provider vscode.git 10081
2024-06-18 09:05:53.034 [warning] [Decorations] CAPPING events from decorations provider vscode.git 10081
2024-06-18 09:07:41.307 [warning] [Decorations] CAPPING events from decorations provider vscode.git 10081
2024-06-18 09:07:46.801 [warning] [Decorations] CAPPING events from decorations provider vscode.git 10081
2024-06-18 09:10:37.061 [warning] [Decorations] CAPPING events from decorations provider vscode.git 10081
2024-06-18 09:10:42.518 [warning] [Decorations] CAPPING events from decorations provider vscode.git 10081
2024-06-18 09:10:48.479 [warning] [Decorations] CAPPING events from decorations provider vscode.git 10081
2024-06-18 09:10:55.341 [warning] [Decorations] CAPPING events from decorations provider vscode.git 10081
2024-06-18 09:13:59.204 [warning] [Decorations] CAPPING events from decorations provider vscode.git 10081
2024-06-18 09:14:04.676 [warning] [Decorations] CAPPING events from decorations provider vscode.git 10081
2024-06-18 09:14:11.513 [warning] [Decorations] CAPPING events from decorations provider vscode.git 10081
2024-06-18 09:14:17.452 [warning] [Decorations] CAPPING events from decorations provider vscode.git 10082
2024-06-18 09:14:30.111 [warning] [Decorations] CAPPING events from decorations provider vscode.git 10085
2024-06-18 09:14:36.875 [warning] [Decorations] CAPPING events from decorations provider vscode.git 10083
2024-06-18 09:14:42.293 [warning] [Decorations] CAPPING events from decorations provider vscode.git 10083
2024-06-18 09:14:47.767 [warning] [Decorations] CAPPING events from decorations provider vscode.git 10083
2024-06-18 09:14:53.179 [warning] [Decorations] CAPPING events from decorations provider vscode.git 10083
2024-06-18 09:14:58.631 [warning] [Decorations] CAPPING events from decorations provider vscode.git 10083
2024-06-18 09:15:04.186 [warning] [Decorations] CAPPING events from decorations provider vscode.git 10083
2024-06-18 09:15:09.676 [warning] [Decorations] CAPPING events from decorations provider vscode.git 10083
2024-06-18 09:15:15.123 [warning] [Decorations] CAPPING events from decorations provider vscode.git 10083
2024-06-18 09:15:20.554 [warning] [Decorations] CAPPING events from decorations provider vscode.git 10083
2024-06-18 09:16:02.838 [warning] [Decorations] CAPPING events from decorations provider vscode.git 10083
2024-06-18 09:16:23.403 [warning] [Decorations] CAPPING events from decorations provider vscode.git 10083
2024-06-18 09:16:28.835 [warning] [Decorations] CAPPING events from decorations provider vscode.git 10083
2024-06-18 09:16:34.273 [warning] [Decorations] CAPPING events from decorations provider vscode.git 10083
2024-06-18 09:16:39.722 [warning] [Decorations] CAPPING events from decorations provider vscode.git 10083
2024-06-18 09:16:45.341 [warning] [Decorations] CAPPING events from decorations provider vscode.git 10083
2024-06-18 10:44:08.949 [warning] [Decorations] CAPPING events from decorations provider vscode.git 10083
2024-06-18 10:47:48.454 [warning] [Decorations] CAPPING events from decorations provider vscode.git 10083
2024-06-18 10:47:54.289 [warning] [Decorations] CAPPING events from decorations provider vscode.git 10083
2024-06-18 10:48:09.741 [warning] [Decorations] CAPPING events from decorations provider vscode.git 10083
2024-06-18 10:48:17.062 [warning] [Decorations] CAPPING events from decorations provider vscode.git 10083
2024-06-18 10:48:22.648 [warning] [Decorations] CAPPING events from decorations provider vscode.git 10083
2024-06-18 10:48:28.207 [warning] [Decorations] CAPPING events from decorations provider vscode.git 10083
2024-06-18 10:48:33.860 [warning] [Decorations] CAPPING events from decorations provider vscode.git 10083
2024-06-18 10:48:39.529 [warning] [Decorations] CAPPING events from decorations provider vscode.git 10083
2024-06-18 10:48:45.161 [warning] [Decorations] CAPPING events from decorations provider vscode.git 10083
2024-06-18 10:48:50.630 [warning] [Decorations] CAPPING events from decorations provider vscode.git 10083
2024-06-18 10:48:56.135 [warning] [Decorations] CAPPING events from decorations provider vscode.git 10083
2024-06-18 10:49:01.711 [warning] [Decorations] CAPPING events from decorations provider vscode.git 10083
2024-06-18 10:49:07.341 [warning] [Decorations] CAPPING events from decorations provider vscode.git 10083
2024-06-18 10:49:12.761 [warning] [Decorations] CAPPING events from decorations provider vscode.git 10083
2024-06-18 10:49:18.329 [warning] [Decorations] CAPPING events from decorations provider vscode.git 10083
2024-06-18 10:49:23.984 [warning] [Decorations] CAPPING events from decorations provider vscode.git 10083
2024-06-18 10:49:29.494 [warning] [Decorations] CAPPING events from decorations provider vscode.git 10083
2024-06-18 10:49:50.544 [warning] [Decorations] CAPPING events from decorations provider vscode.git 10083
2024-06-18 10:49:56.004 [warning] [Decorations] CAPPING events from decorations provider vscode.git 10083
2024-06-18 10:50:18.750 [warning] [Decorations] CAPPING events from decorations provider vscode.git 10083
2024-06-18 10:50:24.190 [warning] [Decorations] CAPPING events from decorations provider vscode.git 10083
2024-06-18 10:50:29.623 [warning] [Decorations] CAPPING events from decorations provider vscode.git 10083
2024-06-18 10:50:35.102 [warning] [Decorations] CAPPING events from decorations provider vscode.git 10083
2024-06-18 10:50:40.577 [warning] [Decorations] CAPPING events from decorations provider vscode.git 10083
2024-06-18 10:50:46.061 [warning] [Decorations] CAPPING events from decorations provider vscode.git 10083
2024-06-18 10:50:51.513 [warning] [Decorations] CAPPING events from decorations provider vscode.git 10083
2024-06-18 10:50:56.986 [warning] [Decorations] CAPPING events from decorations provider vscode.git 10083
2024-06-18 10:51:02.473 [warning] [Decorations] CAPPING events from decorations provider vscode.git 10083
2024-06-18 10:51:28.401 [warning] [Decorations] CAPPING events from decorations provider vscode.git 10083
2024-06-18 10:51:33.865 [warning] [Decorations] CAPPING events from decorations provider vscode.git 10083
2024-06-18 10:51:35.366 [info] ExtensionService#_doActivateExtension vscode.extension-editing, startup: false, activationEvent: 'onLanguage:json'
2024-06-18 10:51:39.369 [warning] [Decorations] CAPPING events from decorations provider vscode.git 10083
2024-06-18 10:51:45.207 [warning] [Decorations] CAPPING events from decorations provider vscode.git 10083
2024-06-18 10:51:50.669 [warning] [Decorations] CAPPING events from decorations provider vscode.git 10084
2024-06-18 10:52:03.958 [warning] [Decorations] CAPPING events from decorations provider vscode.git 10084
2024-06-18 10:52:09.451 [warning] [Decorations] CAPPING events from decorations provider vscode.git 10084
2024-06-18 10:52:14.858 [warning] [Decorations] CAPPING events from decorations provider vscode.git 10084
2024-06-18 10:52:20.324 [warning] [Decorations] CAPPING events from decorations provider vscode.git 10084
2024-06-18 10:52:25.959 [warning] [Decorations] CAPPING events from decorations provider vscode.git 10084
2024-06-18 10:52:31.498 [warning] [Decorations] CAPPING events from decorations provider vscode.git 10084
2024-06-18 10:53:03.099 [warning] [Decorations] CAPPING events from decorations provider vscode.git 10084
2024-06-18 10:53:08.687 [warning] [Decorations] CAPPING events from decorations provider vscode.git 10084
2024-06-18 10:53:14.361 [warning] [Decorations] CAPPING events from decorations provider vscode.git 10084
2024-06-18 10:53:19.863 [warning] [Decorations] CAPPING events from decorations provider vscode.git 10084
2024-06-18 10:53:25.337 [warning] [Decorations] CAPPING events from decorations provider vscode.git 10084
2024-06-18 10:53:32.762 [warning] [Decorations] CAPPING events from decorations provider vscode.git 10084
2024-06-18 10:53:38.243 [warning] [Decorations] CAPPING events from decorations provider vscode.git 10084
2024-06-18 11:27:40.211 [warning] [Decorations] CAPPING events from decorations provider vscode.git 10084
2024-06-18 11:27:45.680 [warning] [Decorations] CAPPING events from decorations provider vscode.git 10084
2024-06-18 11:27:51.177 [warning] [Decorations] CAPPING events from decorations provider vscode.git 10084
2024-06-18 11:27:56.639 [warning] [Decorations] CAPPING events from decorations provider vscode.git 10084
2024-06-18 11:28:02.121 [warning] [Decorations] CAPPING events from decorations provider vscode.git 10085
2024-06-18 11:28:07.582 [warning] [Decorations] CAPPING events from decorations provider vscode.git 10085
2024-06-18 11:28:12.996 [warning] [Decorations] CAPPING events from decorations provider vscode.git 10085
2024-06-18 11:28:18.424 [warning] [Decorations] CAPPING events from decorations provider vscode.git 10085
2024-06-18 11:28:24.994 [warning] [Decorations] CAPPING events from decorations provider vscode.git 10085
2024-06-18 11:28:30.455 [warning] [Decorations] CAPPING events from decorations provider vscode.git 10085
2024-06-18 11:28:36.087 [warning] [Decorations] CAPPING events from decorations provider vscode.git 10085
2024-06-18 11:28:41.657 [warning] [Decorations] CAPPING events from decorations provider vscode.git 10085
2024-06-18 11:28:47.251 [warning] [Decorations] CAPPING events from decorations provider vscode.git 10085
2024-06-18 11:28:52.977 [warning] [Decorations] CAPPING events from decorations provider vscode.git 10085
2024-06-18 11:28:58.464 [warning] [Decorations] CAPPING events from decorations provider vscode.git 10085
2024-06-18 11:30:02.596 [warning] [Decorations] CAPPING events from decorations provider vscode.git 10085
2024-06-18 11:30:08.403 [warning] [Decorations] CAPPING events from decorations provider vscode.git 10085
2024-06-18 11:30:42.424 [warning] [Decorations] CAPPING events from decorations provider vscode.git 10085
2024-06-18 11:31:14.924 [warning] [Decorations] CAPPING events from decorations provider vscode.git 10085
2024-06-18 11:31:44.584 [warning] [Decorations] CAPPING events from decorations provider vscode.git 10085
2024-06-18 11:32:25.830 [warning] [Decorations] CAPPING events from decorations provider vscode.git 10085
2024-06-18 11:32:31.307 [warning] [Decorations] CAPPING events from decorations provider vscode.git 10085
2024-06-18 11:32:36.799 [warning] [Decorations] CAPPING events from decorations provider vscode.git 10086
2024-06-18 11:33:07.136 [warning] [Decorations] CAPPING events from decorations provider vscode.git 10086
2024-06-18 11:33:12.575 [warning] [Decorations] CAPPING events from decorations provider vscode.git 10086
2024-06-18 11:33:18.127 [warning] [Decorations] CAPPING events from decorations provider vscode.git 10086
2024-06-18 11:33:23.533 [warning] [Decorations] CAPPING events from decorations provider vscode.git 10086
2024-06-18 11:33:29.467 [warning] [Decorations] CAPPING events from decorations provider vscode.git 10086
2024-06-18 11:33:34.872 [warning] [Decorations] CAPPING events from decorations provider vscode.git 10086
2024-06-18 11:33:40.354 [warning] [Decorations] CAPPING events from decorations provider vscode.git 10086
2024-06-18 11:33:45.750 [warning] [Decorations] CAPPING events from decorations provider vscode.git 10086
2024-06-18 11:33:51.223 [warning] [Decorations] CAPPING events from decorations provider vscode.git 10086
2024-06-18 11:33:56.898 [warning] [Decorations] CAPPING events from decorations provider vscode.git 10086
2024-06-18 11:35:01.267 [warning] [Decorations] CAPPING events from decorations provider vscode.git 10086
2024-06-18 11:36:34.725 [warning] [Decorations] CAPPING events from decorations provider vscode.git 10086
2024-06-18 13:07:56.877 [info] Extension host terminating: renderer disconnected for too long (2)
2024-06-18 13:07:56.878 [info] Lock '/home/student/.vscode-server/data/User/workspaceStorage/5a2915a91ec150ae05f18a5fbc4e7562/vscode.lock': Marking the lockfile as scheduled to be released in 6000 ms.
2024-06-18 13:07:56.959 [error] Canceled: Canceled
	at new A (/home/student/.vscode-server/cli/servers/Stable-611f9bfce64f25108829dd295f54a6894e87339d/server/out/vs/workbench/api/node/extensionHostProcess.js:145:50615)
	at E.U (/home/student/.vscode-server/cli/servers/Stable-611f9bfce64f25108829dd295f54a6894e87339d/server/out/vs/workbench/api/node/extensionHostProcess.js:152:6007)
	at z.<computed>.M.charCodeAt.R.CharCode.DollarSign.z.<computed> (/home/student/.vscode-server/cli/servers/Stable-611f9bfce64f25108829dd295f54a6894e87339d/server/out/vs/workbench/api/node/extensionHostProcess.js:152:3091)
	at h.g (/home/student/.vscode-server/cli/servers/Stable-611f9bfce64f25108829dd295f54a6894e87339d/server/out/vs/workbench/api/node/extensionHostProcess.js:155:199935)
	at h.executeCommand (/home/student/.vscode-server/cli/servers/Stable-611f9bfce64f25108829dd295f54a6894e87339d/server/out/vs/workbench/api/node/extensionHostProcess.js:155:199373)
	at I.registerCommand.description (/home/student/.vscode-server/cli/servers/Stable-611f9bfce64f25108829dd295f54a6894e87339d/server/out/vs/workbench/api/node/extensionHostProcess.js:155:198697)
	at h (/home/student/.vscode-server/cli/servers/Stable-611f9bfce64f25108829dd295f54a6894e87339d/server/out/vs/workbench/api/node/extensionHostProcess.js:155:200474)
	at h.g (/home/student/.vscode-server/cli/servers/Stable-611f9bfce64f25108829dd295f54a6894e87339d/server/out/vs/workbench/api/node/extensionHostProcess.js:155:199466)
	at h.executeCommand (/home/student/.vscode-server/cli/servers/Stable-611f9bfce64f25108829dd295f54a6894e87339d/server/out/vs/workbench/api/node/extensionHostProcess.js:155:199373)
	at Object.executeCommand (/home/student/.vscode-server/cli/servers/Stable-611f9bfce64f25108829dd295f54a6894e87339d/server/out/vs/workbench/api/node/extensionHostProcess.js:165:22742)
	at n.O [as value] (/home/student/.vscode-server/cli/servers/Stable-611f9bfce64f25108829dd295f54a6894e87339d/server/extensions/git/dist/main.js:2:945191)
	at l.y (/home/student/.vscode-server/cli/servers/Stable-611f9bfce64f25108829dd295f54a6894e87339d/server/out/vs/workbench/api/node/extensionHostProcess.js:82:664)
	at l.z (/home/student/.vscode-server/cli/servers/Stable-611f9bfce64f25108829dd295f54a6894e87339d/server/out/vs/workbench/api/node/extensionHostProcess.js:82:734)
	at l.fire (/home/student/.vscode-server/cli/servers/Stable-611f9bfce64f25108829dd295f54a6894e87339d/server/out/vs/workbench/api/node/extensionHostProcess.js:82:950)
	at Object.p [as dispose] (/home/student/.vscode-server/cli/servers/Stable-611f9bfce64f25108829dd295f54a6894e87339d/server/extensions/git/dist/main.js:2:964275)
	at /home/student/.vscode-server/cli/servers/Stable-611f9bfce64f25108829dd295f54a6894e87339d/server/extensions/git/dist/main.js:2:970313
	at Array.forEach (<anonymous>)
	at f.dispose (/home/student/.vscode-server/cli/servers/Stable-611f9bfce64f25108829dd295f54a6894e87339d/server/extensions/git/dist/main.js:2:970299)
	at a.<anonymous> (/home/student/.vscode-server/cli/servers/Stable-611f9bfce64f25108829dd295f54a6894e87339d/server/out/vs/workbench/api/node/extensionHostProcess.js:153:4032)
	at a.dispose (/home/student/.vscode-server/cli/servers/Stable-611f9bfce64f25108829dd295f54a6894e87339d/server/out/vs/workbench/api/node/extensionHostProcess.js:153:4129)
	at a.<anonymous> (/home/student/.vscode-server/cli/servers/Stable-611f9bfce64f25108829dd295f54a6894e87339d/server/extensions/git/dist/main.js:2:947448)
	at a.dispose (/home/student/.vscode-server/cli/servers/Stable-611f9bfce64f25108829dd295f54a6894e87339d/server/out/vs/workbench/api/node/extensionHostProcess.js:153:4129)
	at f (/home/student/.vscode-server/cli/servers/Stable-611f9bfce64f25108829dd295f54a6894e87339d/server/out/vs/workbench/api/node/extensionHostProcess.js:30:744)
	at u.eb (/home/student/.vscode-server/cli/servers/Stable-611f9bfce64f25108829dd295f54a6894e87339d/server/out/vs/workbench/api/node/extensionHostProcess.js:161:9991)
	at /home/student/.vscode-server/cli/servers/Stable-611f9bfce64f25108829dd295f54a6894e87339d/server/out/vs/workbench/api/node/extensionHostProcess.js:161:7867
	at Array.map (<anonymous>)
	at u.$ (/home/student/.vscode-server/cli/servers/Stable-611f9bfce64f25108829dd295f54a6894e87339d/server/out/vs/workbench/api/node/extensionHostProcess.js:161:7854)
	at u.terminate (/home/student/.vscode-server/cli/servers/Stable-611f9bfce64f25108829dd295f54a6894e87339d/server/out/vs/workbench/api/node/extensionHostProcess.js:161:8127)
	at f.terminate (/home/student/.vscode-server/cli/servers/Stable-611f9bfce64f25108829dd295f54a6894e87339d/server/out/vs/workbench/api/node/extensionHostProcess.js:165:1513)
	at t (/home/student/.vscode-server/cli/servers/Stable-611f9bfce64f25108829dd295f54a6894e87339d/server/out/vs/workbench/api/node/extensionHostProcess.js:178:10459)
	at M.a (/home/student/.vscode-server/cli/servers/Stable-611f9bfce64f25108829dd295f54a6894e87339d/server/out/vs/workbench/api/node/extensionHostProcess.js:178:7151)
	at M.h (/home/student/.vscode-server/cli/servers/Stable-611f9bfce64f25108829dd295f54a6894e87339d/server/out/vs/workbench/api/node/extensionHostProcess.js:99:21182)
	at listOnTimeout (node:internal/timers:573:17)
	at process.processTimers (node:internal/timers:514:7) setContext undefined
2024-06-18 13:07:56.960 [error] Canceled: Canceled
	at new A (/home/student/.vscode-server/cli/servers/Stable-611f9bfce64f25108829dd295f54a6894e87339d/server/out/vs/workbench/api/node/extensionHostProcess.js:145:50615)
	at E.U (/home/student/.vscode-server/cli/servers/Stable-611f9bfce64f25108829dd295f54a6894e87339d/server/out/vs/workbench/api/node/extensionHostProcess.js:152:6007)
	at z.<computed>.M.charCodeAt.R.CharCode.DollarSign.z.<computed> (/home/student/.vscode-server/cli/servers/Stable-611f9bfce64f25108829dd295f54a6894e87339d/server/out/vs/workbench/api/node/extensionHostProcess.js:152:3091)
	at h.g (/home/student/.vscode-server/cli/servers/Stable-611f9bfce64f25108829dd295f54a6894e87339d/server/out/vs/workbench/api/node/extensionHostProcess.js:155:199935)
	at h.executeCommand (/home/student/.vscode-server/cli/servers/Stable-611f9bfce64f25108829dd295f54a6894e87339d/server/out/vs/workbench/api/node/extensionHostProcess.js:155:199373)
	at I.registerCommand.description (/home/student/.vscode-server/cli/servers/Stable-611f9bfce64f25108829dd295f54a6894e87339d/server/out/vs/workbench/api/node/extensionHostProcess.js:155:198697)
	at h (/home/student/.vscode-server/cli/servers/Stable-611f9bfce64f25108829dd295f54a6894e87339d/server/out/vs/workbench/api/node/extensionHostProcess.js:155:200474)
	at h.g (/home/student/.vscode-server/cli/servers/Stable-611f9bfce64f25108829dd295f54a6894e87339d/server/out/vs/workbench/api/node/extensionHostProcess.js:155:199466)
	at h.executeCommand (/home/student/.vscode-server/cli/servers/Stable-611f9bfce64f25108829dd295f54a6894e87339d/server/out/vs/workbench/api/node/extensionHostProcess.js:155:199373)
	at Object.executeCommand (/home/student/.vscode-server/cli/servers/Stable-611f9bfce64f25108829dd295f54a6894e87339d/server/out/vs/workbench/api/node/extensionHostProcess.js:165:22742)
	at n.O [as value] (/home/student/.vscode-server/cli/servers/Stable-611f9bfce64f25108829dd295f54a6894e87339d/server/extensions/git/dist/main.js:2:945191)
	at l.y (/home/student/.vscode-server/cli/servers/Stable-611f9bfce64f25108829dd295f54a6894e87339d/server/out/vs/workbench/api/node/extensionHostProcess.js:82:664)
	at l.z (/home/student/.vscode-server/cli/servers/Stable-611f9bfce64f25108829dd295f54a6894e87339d/server/out/vs/workbench/api/node/extensionHostProcess.js:82:734)
	at l.fire (/home/student/.vscode-server/cli/servers/Stable-611f9bfce64f25108829dd295f54a6894e87339d/server/out/vs/workbench/api/node/extensionHostProcess.js:82:950)
	at Object.p [as dispose] (/home/student/.vscode-server/cli/servers/Stable-611f9bfce64f25108829dd295f54a6894e87339d/server/extensions/git/dist/main.js:2:964275)
	at /home/student/.vscode-server/cli/servers/Stable-611f9bfce64f25108829dd295f54a6894e87339d/server/extensions/git/dist/main.js:2:970313
	at Array.forEach (<anonymous>)
	at f.dispose (/home/student/.vscode-server/cli/servers/Stable-611f9bfce64f25108829dd295f54a6894e87339d/server/extensions/git/dist/main.js:2:970299)
	at a.<anonymous> (/home/student/.vscode-server/cli/servers/Stable-611f9bfce64f25108829dd295f54a6894e87339d/server/out/vs/workbench/api/node/extensionHostProcess.js:153:4032)
	at a.dispose (/home/student/.vscode-server/cli/servers/Stable-611f9bfce64f25108829dd295f54a6894e87339d/server/out/vs/workbench/api/node/extensionHostProcess.js:153:4129)
	at a.<anonymous> (/home/student/.vscode-server/cli/servers/Stable-611f9bfce64f25108829dd295f54a6894e87339d/server/extensions/git/dist/main.js:2:947448)
	at a.dispose (/home/student/.vscode-server/cli/servers/Stable-611f9bfce64f25108829dd295f54a6894e87339d/server/out/vs/workbench/api/node/extensionHostProcess.js:153:4129)
	at f (/home/student/.vscode-server/cli/servers/Stable-611f9bfce64f25108829dd295f54a6894e87339d/server/out/vs/workbench/api/node/extensionHostProcess.js:30:744)
	at u.eb (/home/student/.vscode-server/cli/servers/Stable-611f9bfce64f25108829dd295f54a6894e87339d/server/out/vs/workbench/api/node/extensionHostProcess.js:161:9991)
	at /home/student/.vscode-server/cli/servers/Stable-611f9bfce64f25108829dd295f54a6894e87339d/server/out/vs/workbench/api/node/extensionHostProcess.js:161:7867
	at Array.map (<anonymous>)
	at u.$ (/home/student/.vscode-server/cli/servers/Stable-611f9bfce64f25108829dd295f54a6894e87339d/server/out/vs/workbench/api/node/extensionHostProcess.js:161:7854)
	at u.terminate (/home/student/.vscode-server/cli/servers/Stable-611f9bfce64f25108829dd295f54a6894e87339d/server/out/vs/workbench/api/node/extensionHostProcess.js:161:8127)
	at f.terminate (/home/student/.vscode-server/cli/servers/Stable-611f9bfce64f25108829dd295f54a6894e87339d/server/out/vs/workbench/api/node/extensionHostProcess.js:165:1513)
	at t (/home/student/.vscode-server/cli/servers/Stable-611f9bfce64f25108829dd295f54a6894e87339d/server/out/vs/workbench/api/node/extensionHostProcess.js:178:10459)
	at M.a (/home/student/.vscode-server/cli/servers/Stable-611f9bfce64f25108829dd295f54a6894e87339d/server/out/vs/workbench/api/node/extensionHostProcess.js:178:7151)
	at M.h (/home/student/.vscode-server/cli/servers/Stable-611f9bfce64f25108829dd295f54a6894e87339d/server/out/vs/workbench/api/node/extensionHostProcess.js:99:21182)
	at listOnTimeout (node:internal/timers:573:17)
	at process.processTimers (node:internal/timers:514:7) setContext undefined
2024-06-18 13:07:56.960 [error] Canceled: Canceled
	at new A (/home/student/.vscode-server/cli/servers/Stable-611f9bfce64f25108829dd295f54a6894e87339d/server/out/vs/workbench/api/node/extensionHostProcess.js:145:50615)
	at E.U (/home/student/.vscode-server/cli/servers/Stable-611f9bfce64f25108829dd295f54a6894e87339d/server/out/vs/workbench/api/node/extensionHostProcess.js:152:6007)
	at z.<computed>.M.charCodeAt.R.CharCode.DollarSign.z.<computed> (/home/student/.vscode-server/cli/servers/Stable-611f9bfce64f25108829dd295f54a6894e87339d/server/out/vs/workbench/api/node/extensionHostProcess.js:152:3091)
	at h.g (/home/student/.vscode-server/cli/servers/Stable-611f9bfce64f25108829dd295f54a6894e87339d/server/out/vs/workbench/api/node/extensionHostProcess.js:155:199935)
	at h.executeCommand (/home/student/.vscode-server/cli/servers/Stable-611f9bfce64f25108829dd295f54a6894e87339d/server/out/vs/workbench/api/node/extensionHostProcess.js:155:199373)
	at I.registerCommand.description (/home/student/.vscode-server/cli/servers/Stable-611f9bfce64f25108829dd295f54a6894e87339d/server/out/vs/workbench/api/node/extensionHostProcess.js:155:198697)
	at h (/home/student/.vscode-server/cli/servers/Stable-611f9bfce64f25108829dd295f54a6894e87339d/server/out/vs/workbench/api/node/extensionHostProcess.js:155:200474)
	at h.g (/home/student/.vscode-server/cli/servers/Stable-611f9bfce64f25108829dd295f54a6894e87339d/server/out/vs/workbench/api/node/extensionHostProcess.js:155:199466)
	at h.executeCommand (/home/student/.vscode-server/cli/servers/Stable-611f9bfce64f25108829dd295f54a6894e87339d/server/out/vs/workbench/api/node/extensionHostProcess.js:155:199373)
	at Object.executeCommand (/home/student/.vscode-server/cli/servers/Stable-611f9bfce64f25108829dd295f54a6894e87339d/server/out/vs/workbench/api/node/extensionHostProcess.js:165:22742)
	at n.O [as value] (/home/student/.vscode-server/cli/servers/Stable-611f9bfce64f25108829dd295f54a6894e87339d/server/extensions/git/dist/main.js:2:945191)
	at l.y (/home/student/.vscode-server/cli/servers/Stable-611f9bfce64f25108829dd295f54a6894e87339d/server/out/vs/workbench/api/node/extensionHostProcess.js:82:664)
	at l.z (/home/student/.vscode-server/cli/servers/Stable-611f9bfce64f25108829dd295f54a6894e87339d/server/out/vs/workbench/api/node/extensionHostProcess.js:82:734)
	at l.fire (/home/student/.vscode-server/cli/servers/Stable-611f9bfce64f25108829dd295f54a6894e87339d/server/out/vs/workbench/api/node/extensionHostProcess.js:82:950)
	at Object.p [as dispose] (/home/student/.vscode-server/cli/servers/Stable-611f9bfce64f25108829dd295f54a6894e87339d/server/extensions/git/dist/main.js:2:964275)
	at /home/student/.vscode-server/cli/servers/Stable-611f9bfce64f25108829dd295f54a6894e87339d/server/extensions/git/dist/main.js:2:970313
	at Array.forEach (<anonymous>)
	at f.dispose (/home/student/.vscode-server/cli/servers/Stable-611f9bfce64f25108829dd295f54a6894e87339d/server/extensions/git/dist/main.js:2:970299)
	at a.<anonymous> (/home/student/.vscode-server/cli/servers/Stable-611f9bfce64f25108829dd295f54a6894e87339d/server/out/vs/workbench/api/node/extensionHostProcess.js:153:4032)
	at a.dispose (/home/student/.vscode-server/cli/servers/Stable-611f9bfce64f25108829dd295f54a6894e87339d/server/out/vs/workbench/api/node/extensionHostProcess.js:153:4129)
	at a.<anonymous> (/home/student/.vscode-server/cli/servers/Stable-611f9bfce64f25108829dd295f54a6894e87339d/server/extensions/git/dist/main.js:2:947448)
	at a.dispose (/home/student/.vscode-server/cli/servers/Stable-611f9bfce64f25108829dd295f54a6894e87339d/server/out/vs/workbench/api/node/extensionHostProcess.js:153:4129)
	at f (/home/student/.vscode-server/cli/servers/Stable-611f9bfce64f25108829dd295f54a6894e87339d/server/out/vs/workbench/api/node/extensionHostProcess.js:30:744)
	at u.eb (/home/student/.vscode-server/cli/servers/Stable-611f9bfce64f25108829dd295f54a6894e87339d/server/out/vs/workbench/api/node/extensionHostProcess.js:161:9991)
	at /home/student/.vscode-server/cli/servers/Stable-611f9bfce64f25108829dd295f54a6894e87339d/server/out/vs/workbench/api/node/extensionHostProcess.js:161:7867
	at Array.map (<anonymous>)
	at u.$ (/home/student/.vscode-server/cli/servers/Stable-611f9bfce64f25108829dd295f54a6894e87339d/server/out/vs/workbench/api/node/extensionHostProcess.js:161:7854)
	at u.terminate (/home/student/.vscode-server/cli/servers/Stable-611f9bfce64f25108829dd295f54a6894e87339d/server/out/vs/workbench/api/node/extensionHostProcess.js:161:8127)
	at f.terminate (/home/student/.vscode-server/cli/servers/Stable-611f9bfce64f25108829dd295f54a6894e87339d/server/out/vs/workbench/api/node/extensionHostProcess.js:165:1513)
	at t (/home/student/.vscode-server/cli/servers/Stable-611f9bfce64f25108829dd295f54a6894e87339d/server/out/vs/workbench/api/node/extensionHostProcess.js:178:10459)
	at M.a (/home/student/.vscode-server/cli/servers/Stable-611f9bfce64f25108829dd295f54a6894e87339d/server/out/vs/workbench/api/node/extensionHostProcess.js:178:7151)
	at M.h (/home/student/.vscode-server/cli/servers/Stable-611f9bfce64f25108829dd295f54a6894e87339d/server/out/vs/workbench/api/node/extensionHostProcess.js:99:21182)
	at listOnTimeout (node:internal/timers:573:17)
	at process.processTimers (node:internal/timers:514:7) setContext undefined
2024-06-18 13:07:56.960 [error] Canceled: Canceled
	at new A (/home/student/.vscode-server/cli/servers/Stable-611f9bfce64f25108829dd295f54a6894e87339d/server/out/vs/workbench/api/node/extensionHostProcess.js:145:50615)
	at E.U (/home/student/.vscode-server/cli/servers/Stable-611f9bfce64f25108829dd295f54a6894e87339d/server/out/vs/workbench/api/node/extensionHostProcess.js:152:6007)
	at z.<computed>.M.charCodeAt.R.CharCode.DollarSign.z.<computed> (/home/student/.vscode-server/cli/servers/Stable-611f9bfce64f25108829dd295f54a6894e87339d/server/out/vs/workbench/api/node/extensionHostProcess.js:152:3091)
	at h.g (/home/student/.vscode-server/cli/servers/Stable-611f9bfce64f25108829dd295f54a6894e87339d/server/out/vs/workbench/api/node/extensionHostProcess.js:155:199935)
	at h.executeCommand (/home/student/.vscode-server/cli/servers/Stable-611f9bfce64f25108829dd295f54a6894e87339d/server/out/vs/workbench/api/node/extensionHostProcess.js:155:199373)
	at I.registerCommand.description (/home/student/.vscode-server/cli/servers/Stable-611f9bfce64f25108829dd295f54a6894e87339d/server/out/vs/workbench/api/node/extensionHostProcess.js:155:198697)
	at h (/home/student/.vscode-server/cli/servers/Stable-611f9bfce64f25108829dd295f54a6894e87339d/server/out/vs/workbench/api/node/extensionHostProcess.js:155:200474)
	at h.g (/home/student/.vscode-server/cli/servers/Stable-611f9bfce64f25108829dd295f54a6894e87339d/server/out/vs/workbench/api/node/extensionHostProcess.js:155:199466)
	at h.executeCommand (/home/student/.vscode-server/cli/servers/Stable-611f9bfce64f25108829dd295f54a6894e87339d/server/out/vs/workbench/api/node/extensionHostProcess.js:155:199373)
	at Object.executeCommand (/home/student/.vscode-server/cli/servers/Stable-611f9bfce64f25108829dd295f54a6894e87339d/server/out/vs/workbench/api/node/extensionHostProcess.js:165:22742)
	at set hasGitHubRepositories [as hasGitHubRepositories] (/home/student/.vscode-server/cli/servers/Stable-611f9bfce64f25108829dd295f54a6894e87339d/server/extensions/github/dist/extension.js:2:322969)
	at /home/student/.vscode-server/cli/servers/Stable-611f9bfce64f25108829dd295f54a6894e87339d/server/extensions/github/dist/extension.js:2:323928
	at n.value (/home/student/.vscode-server/cli/servers/Stable-611f9bfce64f25108829dd295f54a6894e87339d/server/extensions/git/dist/main.js:2:1050764)
	at l.y (/home/student/.vscode-server/cli/servers/Stable-611f9bfce64f25108829dd295f54a6894e87339d/server/out/vs/workbench/api/node/extensionHostProcess.js:82:664)
	at l.z (/home/student/.vscode-server/cli/servers/Stable-611f9bfce64f25108829dd295f54a6894e87339d/server/out/vs/workbench/api/node/extensionHostProcess.js:82:734)
	at l.fire (/home/student/.vscode-server/cli/servers/Stable-611f9bfce64f25108829dd295f54a6894e87339d/server/out/vs/workbench/api/node/extensionHostProcess.js:82:950)
	at Object.p [as dispose] (/home/student/.vscode-server/cli/servers/Stable-611f9bfce64f25108829dd295f54a6894e87339d/server/extensions/git/dist/main.js:2:964275)
	at /home/student/.vscode-server/cli/servers/Stable-611f9bfce64f25108829dd295f54a6894e87339d/server/extensions/git/dist/main.js:2:970313
	at Array.forEach (<anonymous>)
	at f.dispose (/home/student/.vscode-server/cli/servers/Stable-611f9bfce64f25108829dd295f54a6894e87339d/server/extensions/git/dist/main.js:2:970299)
	at a.<anonymous> (/home/student/.vscode-server/cli/servers/Stable-611f9bfce64f25108829dd295f54a6894e87339d/server/out/vs/workbench/api/node/extensionHostProcess.js:153:4032)
	at a.dispose (/home/student/.vscode-server/cli/servers/Stable-611f9bfce64f25108829dd295f54a6894e87339d/server/out/vs/workbench/api/node/extensionHostProcess.js:153:4129)
	at a.<anonymous> (/home/student/.vscode-server/cli/servers/Stable-611f9bfce64f25108829dd295f54a6894e87339d/server/extensions/git/dist/main.js:2:947448)
	at a.dispose (/home/student/.vscode-server/cli/servers/Stable-611f9bfce64f25108829dd295f54a6894e87339d/server/out/vs/workbench/api/node/extensionHostProcess.js:153:4129)
	at f (/home/student/.vscode-server/cli/servers/Stable-611f9bfce64f25108829dd295f54a6894e87339d/server/out/vs/workbench/api/node/extensionHostProcess.js:30:744)
	at u.eb (/home/student/.vscode-server/cli/servers/Stable-611f9bfce64f25108829dd295f54a6894e87339d/server/out/vs/workbench/api/node/extensionHostProcess.js:161:9991)
	at /home/student/.vscode-server/cli/servers/Stable-611f9bfce64f25108829dd295f54a6894e87339d/server/out/vs/workbench/api/node/extensionHostProcess.js:161:7867
	at Array.map (<anonymous>)
	at u.$ (/home/student/.vscode-server/cli/servers/Stable-611f9bfce64f25108829dd295f54a6894e87339d/server/out/vs/workbench/api/node/extensionHostProcess.js:161:7854)
	at u.terminate (/home/student/.vscode-server/cli/servers/Stable-611f9bfce64f25108829dd295f54a6894e87339d/server/out/vs/workbench/api/node/extensionHostProcess.js:161:8127)
	at f.terminate (/home/student/.vscode-server/cli/servers/Stable-611f9bfce64f25108829dd295f54a6894e87339d/server/out/vs/workbench/api/node/extensionHostProcess.js:165:1513)
	at t (/home/student/.vscode-server/cli/servers/Stable-611f9bfce64f25108829dd295f54a6894e87339d/server/out/vs/workbench/api/node/extensionHostProcess.js:178:10459)
	at M.a (/home/student/.vscode-server/cli/servers/Stable-611f9bfce64f25108829dd295f54a6894e87339d/server/out/vs/workbench/api/node/extensionHostProcess.js:178:7151)
	at M.h (/home/student/.vscode-server/cli/servers/Stable-611f9bfce64f25108829dd295f54a6894e87339d/server/out/vs/workbench/api/node/extensionHostProcess.js:99:21182)
	at listOnTimeout (node:internal/timers:573:17)
	at process.processTimers (node:internal/timers:514:7) setContext undefined
2024-06-18 13:07:56.975 [info] Extension host with pid 4527 exiting with code 0
