2024-06-17 13:02:28.624 [info] Log level: Info
2024-06-17 13:02:28.625 [info] Validating found git in: "git"
2024-06-17 13:02:28.625 [info] Using git "2.34.1" from "git"
2024-06-17 13:02:28.625 [info] > git rev-parse --show-toplevel [6ms]
2024-06-17 13:02:28.625 [info] fatal: not a git repository (or any of the parent directories): .git
2024-06-17 13:02:28.625 [info] > git rev-parse --show-toplevel [2ms]
2024-06-17 13:02:28.625 [info] fatal: not a git repository (or any of the parent directories): .git
2024-06-17 13:02:28.625 [info] > git rev-parse --show-toplevel [10ms]
2024-06-17 13:02:28.625 [info] fatal: not a git repository (or any parent up to mount point /)
Stopping at filesystem boundary (GIT_DISCOVERY_ACROSS_FILESYSTEM not set).
2024-06-17 13:02:28.625 [info] > git rev-parse --show-toplevel [2ms]
2024-06-17 13:02:28.625 [info] fatal: not a git repository (or any of the parent directories): .git
2024-06-17 13:02:28.625 [info] > git rev-parse --show-toplevel [2ms]
2024-06-17 13:02:28.625 [info] fatal: not a git repository (or any of the parent directories): .git
2024-06-17 13:02:28.625 [info] > git rev-parse --show-toplevel [2ms]
2024-06-17 13:02:28.625 [info] fatal: not a git repository (or any of the parent directories): .git
2024-06-17 13:02:28.625 [info] > git rev-parse --show-toplevel [2ms]
2024-06-17 13:02:28.625 [info] fatal: not a git repository (or any of the parent directories): .git
2024-06-17 13:02:28.625 [info] > git rev-parse --show-toplevel [2ms]
2024-06-17 13:02:28.625 [info] fatal: not a git repository (or any of the parent directories): .git
2024-06-17 13:02:28.625 [info] > git rev-parse --show-toplevel [3ms]
2024-06-17 13:02:28.625 [info] fatal: not a git repository (or any parent up to mount point /)
Stopping at filesystem boundary (GIT_DISCOVERY_ACROSS_FILESYSTEM not set).
2024-06-17 13:02:28.625 [info] > git rev-parse --show-toplevel [2ms]
2024-06-17 13:02:28.625 [info] fatal: not a git repository (or any parent up to mount point /)
Stopping at filesystem boundary (GIT_DISCOVERY_ACROSS_FILESYSTEM not set).
2024-06-17 13:02:28.625 [info] > git rev-parse --show-toplevel [2ms]
2024-06-17 13:02:28.625 [info] fatal: not a git repository (or any of the parent directories): .git
2024-06-17 13:02:28.625 [info] > git rev-parse --show-toplevel [4ms]
2024-06-17 13:02:28.625 [info] fatal: not a git repository (or any of the parent directories): .git
2024-06-17 13:02:28.625 [info] > git rev-parse --show-toplevel [54ms]
2024-06-17 13:02:28.625 [info] fatal: not a git repository (or any parent up to mount point /)
Stopping at filesystem boundary (GIT_DISCOVERY_ACROSS_FILESYSTEM not set).
2024-06-17 13:02:28.626 [info] > git rev-parse --show-toplevel [3ms]
2024-06-17 13:02:28.626 [info] fatal: not a git repository (or any of the parent directories): .git
2024-06-17 13:02:28.634 [info] > git rev-parse --show-toplevel [2ms]
2024-06-17 13:02:28.634 [info] fatal: not a git repository (or any of the parent directories): .git
2024-06-17 13:02:28.642 [info] > git rev-parse --show-toplevel [2ms]
2024-06-17 13:02:28.643 [info] fatal: not a git repository (or any of the parent directories): .git
2024-06-17 13:02:33.103 [info] > git rev-parse --show-toplevel [17ms]
2024-06-17 13:02:33.103 [info] fatal: not a git repository (or any of the parent directories): .git
2024-06-17 13:02:41.582 [info] > git rev-parse --show-toplevel [5ms]
2024-06-17 13:02:41.582 [info] fatal: not a git repository (or any of the parent directories): .git
