2024-06-20 10:13:42.620 [info] Log level: Info
2024-06-20 10:13:42.620 [info] Validating found git in: "git"
2024-06-20 10:13:42.621 [info] Using git "2.34.1" from "git"
2024-06-20 10:13:42.621 [info] > git rev-parse --show-toplevel [43ms]
2024-06-20 10:13:42.621 [info] > git rev-parse --git-dir --git-common-dir [37ms]
2024-06-20 10:13:42.622 [info] Open repository: /home/student
2024-06-20 10:13:42.622 [info] > git rev-parse --show-toplevel [21ms]
2024-06-20 10:13:42.623 [info] > git config --get commit.template [30ms]
2024-06-20 10:13:42.623 [info] > git rev-parse --show-toplevel [40ms]
2024-06-20 10:13:42.624 [info] > git for-each-ref --format=%(refname)%00%(upstream:short)%00%(objectname)%00%(upstream:track)%00%(upstream:remotename)%00%(upstream:remoteref) refs/heads/main refs/remotes/main [47ms]
2024-06-20 10:13:42.624 [info] > git rev-parse --show-toplevel [21ms]
2024-06-20 10:13:42.624 [info] > git rev-parse --show-toplevel [25ms]
2024-06-20 10:13:42.625 [info] > git rev-parse --show-toplevel [6ms]
2024-06-20 10:13:42.625 [info] > git rev-parse --show-toplevel [4ms]
2024-06-20 10:13:42.626 [info] > git rev-parse --show-toplevel [2ms]
2024-06-20 10:13:42.626 [info] > git rev-parse --show-toplevel [2ms]
2024-06-20 10:13:42.626 [info] > git rev-parse --show-toplevel [2ms]
2024-06-20 10:13:42.627 [info] > git rev-parse --show-toplevel [6ms]
2024-06-20 10:13:42.627 [info] > git rev-parse --show-toplevel [2ms]
2024-06-20 10:13:42.628 [info] > git rev-parse --git-dir --git-common-dir [2ms]
2024-06-20 10:13:42.628 [info] Open repository: /home/student/S02_Coclock_Working
2024-06-20 10:13:42.628 [info] > git config --get commit.template [83ms]
2024-06-20 10:13:42.628 [info] > git rev-parse --show-toplevel [59ms]
2024-06-20 10:13:42.628 [info] > git for-each-ref --format=%(refname)%00%(upstream:short)%00%(objectname)%00%(upstream:track)%00%(upstream:remotename)%00%(upstream:remoteref) refs/heads/master refs/remotes/master [11ms]
2024-06-20 10:13:42.628 [warning] ENOENT: no such file or directory, open '/home/student/S02_Coclock_Working/.git/refs/remotes/origin/master'
2024-06-20 10:13:42.628 [info] > git rev-parse --git-dir --git-common-dir [14ms]
2024-06-20 10:13:42.628 [info] Open repository: /home/student/S03_CICD
2024-06-20 10:13:42.628 [info] > git rev-parse refs/remotes/origin/master [50ms]
2024-06-20 10:13:42.628 [info] > git rev-parse --show-toplevel [162ms]
2024-06-20 10:13:42.628 [info] > git config --get commit.template [193ms]
2024-06-20 10:13:42.628 [info] > git status -z -uall [649ms] (cancelled)
2024-06-20 10:13:42.628 [info] > git rev-parse --git-dir --git-common-dir [87ms]
2024-06-20 10:13:42.628 [info] Open repository: /home/student/S03_challenge_E05_suspense-cedricRGT45
2024-06-20 10:13:42.628 [info] > git check-ignore -v -z --stdin [62ms]
2024-06-20 10:13:42.628 [info] > git for-each-ref --format=%(refname)%00%(upstream:short)%00%(objectname)%00%(upstream:track)%00%(upstream:remotename)%00%(upstream:remoteref) refs/heads/master refs/remotes/master [76ms]
2024-06-20 10:13:42.628 [warning] ENOENT: no such file or directory, open '/home/student/S03_CICD/.git/refs/remotes/origin/master'
2024-06-20 10:13:42.628 [info] > git config --get commit.template [58ms]
2024-06-20 10:13:42.628 [info] > git rev-parse --show-toplevel [56ms]
2024-06-20 10:13:42.628 [info] > git status -z -uall [349ms]
2024-06-20 10:13:42.628 [info] > git rev-parse refs/remotes/origin/master [29ms]
2024-06-20 10:13:42.630 [info] > git status -z -uall [10ms]
2024-06-20 10:13:42.630 [info] > git rev-parse --git-dir --git-common-dir [17ms]
2024-06-20 10:13:42.635 [info] Open repository: /home/student/S03_challenge_E06_error-cedricRGT45
2024-06-20 10:13:42.638 [info] > git for-each-ref --format=%(refname)%00%(upstream:short)%00%(objectname)%00%(upstream:track)%00%(upstream:remotename)%00%(upstream:remoteref) refs/heads/master refs/remotes/master [34ms]
2024-06-20 10:13:42.668 [info] > git merge-base refs/heads/master refs/remotes/origin/master [21ms]
2024-06-20 10:13:42.716 [info] > git merge-base refs/heads/master refs/remotes/origin/master [35ms]
2024-06-20 10:13:42.721 [info] > git rev-list --count --left-right refs/heads/master...refs/remotes/origin/master [48ms]
2024-06-20 10:13:42.728 [info] > git rev-parse --show-toplevel [63ms]
2024-06-20 10:13:42.730 [info] > git config --get commit.template [70ms]
2024-06-20 10:13:42.743 [info] > git diff --name-status -z --diff-filter=ADMR 55e66f96c5ba6b77b9d257d5579e211274f560ad...refs/remotes/origin/master [16ms]
2024-06-20 10:13:42.745 [info] > git rev-list --count --left-right refs/heads/master...refs/remotes/origin/master [24ms]
2024-06-20 10:13:42.751 [info] > git config --get commit.template [46ms]
2024-06-20 10:13:42.751 [info] > git config --get commit.template [52ms]
2024-06-20 10:13:42.899 [info] > git status -z -uall [120ms]
2024-06-20 10:13:42.899 [info] > git for-each-ref --format=%(refname)%00%(upstream:short)%00%(objectname)%00%(upstream:track)%00%(upstream:remotename)%00%(upstream:remoteref) refs/heads/master refs/remotes/master [102ms]
2024-06-20 10:13:42.910 [info] > git for-each-ref --format=%(refname)%00%(upstream:short)%00%(objectname)%00%(upstream:track)%00%(upstream:remotename)%00%(upstream:remoteref) refs/heads/master refs/remotes/master [152ms]
2024-06-20 10:13:42.910 [info] > git diff --name-status -z --diff-filter=ADMR 4c00948e25e702a642836f79638d3d376e03e5ea...refs/remotes/origin/master [160ms]
2024-06-20 10:13:42.915 [warning] ENOENT: no such file or directory, open '/home/student/S02_Coclock_Working/.git/refs/remotes/origin/master'
2024-06-20 10:13:42.925 [warning] ENOENT: no such file or directory, open '/home/student/S03_challenge_E06_error-cedricRGT45/.git/refs/remotes/origin/master'
2024-06-20 10:13:42.926 [info] > git merge-base refs/heads/master refs/remotes/origin/master [22ms]
2024-06-20 10:13:42.933 [info] > git for-each-ref --format=%(refname)%00%(upstream:short)%00%(objectname)%00%(upstream:track)%00%(upstream:remotename)%00%(upstream:remoteref) refs/heads/master refs/remotes/master [70ms]
2024-06-20 10:13:42.935 [info] > git rev-parse refs/remotes/origin/master [11ms]
2024-06-20 10:13:42.944 [info] > git config --get commit.template [24ms]
2024-06-20 10:13:42.944 [info] > git rev-parse refs/remotes/origin/master [29ms]
2024-06-20 10:13:42.971 [warning] ENOENT: no such file or directory, open '/home/student/S03_CICD/.git/refs/remotes/origin/master'
2024-06-20 10:13:42.973 [info] > git status -z -uall [28ms]
2024-06-20 10:13:42.973 [info] > git rev-list --count --left-right refs/heads/master...refs/remotes/origin/master [41ms]
2024-06-20 10:13:42.991 [info] > git rev-parse refs/remotes/origin/master [20ms]
2024-06-20 10:13:43.084 [info] > git status -z -uall [86ms]
2024-06-20 10:13:43.085 [info] > git merge-base refs/heads/master refs/remotes/origin/master [69ms]
2024-06-20 10:13:43.100 [info] > git for-each-ref --format=%(refname)%00%(upstream:short)%00%(objectname)%00%(upstream:track)%00%(upstream:remotename)%00%(upstream:remoteref) refs/heads/master refs/remotes/master [110ms]
2024-06-20 10:13:43.101 [info] > git diff --name-status -z --diff-filter=ADMR 38c0e2c4c1ab2970ba68f1bf3edb3b5090905268...refs/remotes/origin/master [116ms]
2024-06-20 10:13:43.104 [info] > git status -z -uall [144ms]
2024-06-20 10:13:43.104 [info] > git rev-list --count --left-right refs/heads/master...refs/remotes/origin/master [14ms]
2024-06-20 10:13:43.109 [info] > git config --get commit.template [67ms]
2024-06-20 10:13:43.113 [info] > git diff --name-status -z --diff-filter=ADMR 079c219685ad4918fd50d800bd40ad5ff10c359a...refs/remotes/origin/master [3ms]
2024-06-20 10:13:43.124 [info] > git for-each-ref --format=%(refname)%00%(upstream:short)%00%(objectname)%00%(upstream:track)%00%(upstream:remotename)%00%(upstream:remoteref) refs/heads/master refs/remotes/master [7ms]
2024-06-20 10:13:43.131 [warning] ENOENT: no such file or directory, open '/home/student/S03_challenge_E06_error-cedricRGT45/.git/refs/remotes/origin/master'
2024-06-20 10:13:43.131 [info] > git status -z -uall [9ms]
2024-06-20 10:13:43.136 [info] > git rev-parse refs/remotes/origin/master [6ms]
2024-06-20 10:13:43.173 [info] > git status -z -uall [29ms]
2024-06-20 10:15:17.076 [info] > git check-ignore -v -z --stdin [27ms]
2024-06-20 10:15:17.077 [info] > git check-ignore -v -z --stdin [21ms]
2024-06-20 10:15:17.079 [info] > git check-ignore -v -z --stdin [14ms]
2024-06-20 10:15:17.082 [info] > git check-ignore -v -z --stdin [8ms]
2024-06-20 10:15:19.765 [info] > git check-ignore -v -z --stdin [21ms]
2024-06-20 10:15:19.775 [info] > git check-ignore -v -z --stdin [11ms]
2024-06-20 10:15:19.777 [info] > git check-ignore -v -z --stdin [20ms]
2024-06-20 10:16:18.616 [info] > git check-ignore -v -z --stdin [2ms]
2024-06-20 10:16:20.010 [info] > git check-ignore -v -z --stdin [4ms]
