2024-07-30 15:58:07.128 [info] Log level: Info
2024-07-30 15:58:07.128 [info] Validating found git in: "git"
2024-07-30 15:58:07.128 [info] Using git "2.34.1" from "git"
2024-07-30 15:58:07.128 [info] > git rev-parse --show-toplevel [168ms]
2024-07-30 15:58:07.128 [info] > git rev-parse --git-dir --git-common-dir [218ms]
2024-07-30 15:58:07.128 [info] Open repository: /home/student
2024-07-30 15:58:07.132 [info] > git config --get commit.template [22ms]
2024-07-30 15:58:07.623 [info] > git rev-parse --show-toplevel [495ms]
2024-07-30 15:58:07.715 [info] > git for-each-ref --format=%(refname)%00%(upstream:short)%00%(objectname)%00%(upstream:track)%00%(upstream:remotename)%00%(upstream:remoteref) refs/heads/main refs/remotes/main [567ms]
2024-07-30 15:58:07.728 [info] > git rev-parse --git-dir --git-common-dir [98ms]
2024-07-30 15:58:07.734 [info] Open repository: /home/student/E01-S04-AutoBudget-cedricRGT45
2024-07-30 15:58:08.087 [info] > git config --get commit.template [320ms]
2024-07-30 15:58:08.089 [info] > git for-each-ref --format=%(refname)%00%(upstream:short)%00%(objectname)%00%(upstream:track)%00%(upstream:remotename)%00%(upstream:remoteref) refs/heads/main refs/remotes/main [31ms]
2024-07-30 15:58:08.097 [info] > git rev-parse --show-toplevel [60ms]
2024-07-30 15:58:08.123 [info] > git rev-parse --show-toplevel [15ms]
2024-07-30 15:58:08.141 [info] > git status -z -uall [20ms]
2024-07-30 15:58:08.207 [info] > git for-each-ref --format=%(refname)%00%(upstream:short)%00%(objectname)%00%(upstream:track)%00%(upstream:remotename)%00%(upstream:remoteref) refs/heads/main refs/remotes/main [40ms]
2024-07-30 15:58:08.238 [info] > git rev-parse --show-toplevel [99ms]
2024-07-30 15:58:08.322 [info] > git config --local branch.main.vscode-merge-base [83ms]
2024-07-30 15:58:08.431 [info] > git for-each-ref --format=%(refname)%00%(upstream:short)%00%(objectname)%00%(upstream:track)%00%(upstream:remotename)%00%(upstream:remoteref) refs/heads/origin/master refs/remotes/origin/master [85ms]
2024-07-30 15:58:08.467 [info] > git rev-parse --show-toplevel [192ms]
2024-07-30 15:58:08.468 [info] > git config --get commit.template [212ms]
2024-07-30 15:58:08.514 [info] > git for-each-ref --format=%(refname)%00%(upstream:short)%00%(objectname)%00%(upstream:track)%00%(upstream:remotename)%00%(upstream:remoteref) refs/heads/main refs/remotes/main [21ms]
2024-07-30 15:58:08.521 [info] > git merge-base refs/heads/main refs/remotes/origin/master [55ms]
2024-07-30 15:58:08.540 [info] > git rev-parse --show-toplevel [33ms]
2024-07-30 15:58:08.574 [info] > git rev-list --count --left-right refs/heads/main...refs/remotes/origin/master [34ms]
2024-07-30 15:58:08.633 [info] > git status -z -uall [61ms]
2024-07-30 15:58:08.635 [info] > git diff --name-status -z --diff-filter=ADMR 9bd9d524436050e86d87de2b3d2d6b23983e954b...refs/remotes/origin/master [39ms]
2024-07-30 15:58:08.680 [info] > git rev-parse --show-toplevel [124ms]
2024-07-30 15:58:08.710 [info] > git check-ignore -v -z --stdin [83ms]
2024-07-30 15:58:08.712 [info] > git for-each-ref --format=%(refname)%00%(upstream:short)%00%(objectname)%00%(upstream:track)%00%(upstream:remotename)%00%(upstream:remoteref) refs/heads/main refs/remotes/main [43ms]
2024-07-30 15:58:08.778 [info] > git config --local branch.main.vscode-merge-base [35ms]
2024-07-30 15:58:08.800 [info] > git rev-parse --show-toplevel [87ms]
2024-07-30 15:58:08.816 [info] > git check-ignore -v -z --stdin [210ms]
2024-07-30 15:58:08.833 [info] > git for-each-ref --format=%(refname)%00%(upstream:short)%00%(objectname)%00%(upstream:track)%00%(upstream:remotename)%00%(upstream:remoteref) refs/heads/origin/master refs/remotes/origin/master [37ms]
2024-07-30 15:58:08.835 [info] > git rev-parse --show-toplevel [20ms]
2024-07-30 15:58:09.054 [info] > git rev-parse --show-toplevel [201ms]
2024-07-30 15:58:09.089 [info] > git rev-parse --show-toplevel [8ms]
2024-07-30 15:58:09.149 [info] > git rev-parse --show-toplevel [34ms]
2024-07-30 15:58:09.202 [info] > git rev-parse --git-dir --git-common-dir [15ms]
2024-07-30 15:58:09.237 [info] Open repository: /home/student/P01-Atelier-cedricRGT45
2024-07-30 15:58:09.352 [info] > git status -z -uall [1507ms] (cancelled)
2024-07-30 15:58:09.389 [info] > git config --get commit.template [124ms]
2024-07-30 15:58:09.418 [info] > git rev-parse --show-toplevel [110ms]
2024-07-30 15:58:09.485 [info] > git for-each-ref --format=%(refname)%00%(upstream:short)%00%(objectname)%00%(upstream:track)%00%(upstream:remotename)%00%(upstream:remoteref) refs/heads/master refs/remotes/master [30ms]
2024-07-30 15:58:09.498 [warning] ENOENT: no such file or directory, open '/home/student/P01-Atelier-cedricRGT45/.git/refs/remotes/origin/master'
2024-07-30 15:58:09.499 [info] > git rev-parse --git-dir --git-common-dir [16ms]
2024-07-30 15:58:09.504 [info] Open repository: /home/student/P01-Parcours_dev-cedricRGT45
2024-07-30 15:58:09.540 [info] > git rev-parse refs/remotes/origin/master [42ms]
2024-07-30 15:58:09.559 [info] > git rev-parse --show-toplevel [20ms]
2024-07-30 15:58:09.565 [info] > git config --get commit.template [40ms]
2024-07-30 15:58:09.630 [info] > git status -z -uall [73ms]
2024-07-30 15:58:09.682 [info] > git for-each-ref --format=%(refname)%00%(upstream:short)%00%(objectname)%00%(upstream:track)%00%(upstream:remotename)%00%(upstream:remoteref) refs/heads/master refs/remotes/master [28ms]
2024-07-30 15:58:09.691 [info] > git for-each-ref --format=%(refname)%00%(upstream:short)%00%(objectname)%00%(upstream:track)%00%(upstream:remotename)%00%(upstream:remoteref) refs/heads/master refs/remotes/master [63ms]
2024-07-30 15:58:09.691 [info] > git rev-parse --git-dir --git-common-dir [69ms]
2024-07-30 15:58:09.701 [info] Open repository: /home/student/S04_TDD
2024-07-30 15:58:09.752 [info] > git show --textconv :autobudget/autobudget-main/frontend/src/test/types.test-d.ts [39ms]
2024-07-30 15:58:09.753 [info] > git config --local branch.master.vscode-merge-base [62ms]
2024-07-30 15:58:09.763 [info] > git config --get commit.template [82ms]
2024-07-30 15:58:09.766 [info] > git config --get commit.template [14ms]
2024-07-30 15:58:09.766 [info] > git ls-files --stage -- /home/student/E01-S04-AutoBudget-cedricRGT45/autobudget/autobudget-main/frontend/src/test/types.test-d.ts [33ms]
2024-07-30 15:58:09.805 [info] > git status -z -uall [15ms]
2024-07-30 15:58:09.806 [info] > git for-each-ref --format=%(refname)%00%(upstream:short)%00%(objectname)%00%(upstream:track)%00%(upstream:remotename)%00%(upstream:remoteref) refs/heads/origin/master refs/remotes/origin/master [42ms]
2024-07-30 15:58:09.816 [info] > git for-each-ref --format=%(refname)%00%(upstream:short)%00%(objectname)%00%(upstream:track)%00%(upstream:remotename)%00%(upstream:remoteref) refs/heads/main refs/remotes/main [12ms]
2024-07-30 15:58:09.853 [info] > git for-each-ref --format=%(refname)%00%(upstream:short)%00%(objectname)%00%(upstream:track)%00%(upstream:remotename)%00%(upstream:remoteref) refs/heads/master refs/remotes/master [76ms]
2024-07-30 15:58:09.881 [warning] ENOENT: no such file or directory, open '/home/student/P01-Atelier-cedricRGT45/.git/refs/remotes/origin/master'
2024-07-30 15:58:09.893 [info] > git status -z -uall [67ms]
2024-07-30 15:58:09.894 [info] > git for-each-ref --format=%(refname)%00%(upstream:short)%00%(objectname)%00%(upstream:track)%00%(upstream:remotename)%00%(upstream:remoteref) refs/heads/master refs/remotes/master [57ms]
2024-07-30 15:58:09.920 [info] > git merge-base refs/heads/master refs/remotes/origin/master [106ms]
2024-07-30 15:58:09.957 [info] > git for-each-ref --format=%(refname)%00%(upstream:short)%00%(objectname)%00%(upstream:track)%00%(upstream:remotename)%00%(upstream:remoteref) refs/heads/main refs/remotes/main [45ms]
2024-07-30 15:58:09.979 [info] > git config --local branch.master.vscode-merge-base [75ms]
2024-07-30 15:58:09.993 [info] > git rev-parse refs/remotes/origin/master [112ms]
2024-07-30 15:58:10.005 [info] > git config --get commit.template [139ms]
2024-07-30 15:58:10.023 [info] > git for-each-ref --format=%(refname)%00%(upstream:short)%00%(objectname)%00%(upstream:track)%00%(upstream:remotename)%00%(upstream:remoteref) refs/heads/origin/master refs/remotes/origin/master [31ms]
2024-07-30 15:58:10.030 [info] > git config --local branch.main.vscode-merge-base [51ms]
2024-07-30 15:58:10.053 [info] > git config --get commit.template [98ms]
2024-07-30 15:58:10.054 [info] > git rev-list --count --left-right refs/heads/master...refs/remotes/origin/master [125ms]
2024-07-30 15:58:10.093 [info] > git status -z -uall [89ms]
2024-07-30 15:58:10.098 [info] > git diff --name-status -z --diff-filter=ADMR a613dd18878647b208b6ea7b58ca1aa45040182f...refs/remotes/origin/master [29ms]
2024-07-30 15:58:10.099 [info] > git for-each-ref --format=%(refname)%00%(upstream:short)%00%(objectname)%00%(upstream:track)%00%(upstream:remotename)%00%(upstream:remoteref) refs/heads/origin/E01 refs/remotes/origin/E01 [46ms]
2024-07-30 15:58:10.100 [info] > git merge-base refs/heads/master refs/remotes/origin/master [71ms]
2024-07-30 15:58:10.142 [info] > git rev-list --count --left-right refs/heads/master...refs/remotes/origin/master [27ms]
2024-07-30 15:58:10.148 [info] > git for-each-ref --format=%(refname)%00%(upstream:short)%00%(objectname)%00%(upstream:track)%00%(upstream:remotename)%00%(upstream:remoteref) refs/heads/master refs/remotes/master [57ms]
2024-07-30 15:58:10.150 [info] > git for-each-ref --format=%(refname)%00%(upstream:short)%00%(objectname)%00%(upstream:track)%00%(upstream:remotename)%00%(upstream:remoteref) refs/heads/main refs/remotes/main [9ms]
2024-07-30 15:58:10.159 [info] > git for-each-ref --format=%(refname)%00%(upstream:short)%00%(objectname)%00%(upstream:track)%00%(upstream:remotename)%00%(upstream:remoteref) refs/heads/master refs/remotes/master [33ms]
2024-07-30 15:58:10.178 [info] > git status -z -uall [20ms]
2024-07-30 15:58:10.191 [info] > git diff --name-status -z --diff-filter=ADMR b9aeda9dc5f5420772aedbe98d41cca3042ad341...refs/remotes/origin/master [44ms]
2024-07-30 15:58:10.196 [info] > git config --local branch.master.vscode-merge-base [21ms]
2024-07-30 15:58:10.217 [info] > git for-each-ref --format=%(refname)%00%(upstream:short)%00%(objectname)%00%(upstream:track)%00%(upstream:remotename)%00%(upstream:remoteref) refs/heads/main refs/remotes/main [30ms]
2024-07-30 15:58:10.244 [info] > git status -z -uall [28ms]
2024-07-30 15:58:10.252 [info] > git for-each-ref --format=%(refname)%00%(upstream:short)%00%(objectname)%00%(upstream:track)%00%(upstream:remotename)%00%(upstream:remoteref) refs/heads/origin/master refs/remotes/origin/master [46ms]
2024-07-30 15:58:10.256 [info] > git config --local branch.main.vscode-merge-base [29ms]
2024-07-30 15:58:10.266 [info] > git for-each-ref --format=%(refname)%00%(upstream:short)%00%(objectname)%00%(upstream:track)%00%(upstream:remotename)%00%(upstream:remoteref) refs/heads/master refs/remotes/master [16ms]
2024-07-30 15:58:10.279 [info] > git for-each-ref --format=%(refname)%00%(upstream:short)%00%(objectname)%00%(upstream:track)%00%(upstream:remotename)%00%(upstream:remoteref) refs/heads/origin/E01 refs/remotes/origin/E01 [14ms]
2024-07-30 15:58:10.295 [info] > git config --local branch.master.vscode-merge-base [17ms]
2024-07-30 15:58:10.305 [info] > git for-each-ref --format=%(refname)%00%(upstream:short)%00%(objectname)%00%(upstream:track)%00%(upstream:remotename)%00%(upstream:remoteref) refs/heads/origin/master refs/remotes/origin/master [4ms]
2024-07-30 15:58:10.791 [info] > git check-ignore -v -z --stdin [48ms]
2024-07-30 15:58:10.792 [info] > git check-ignore -v -z --stdin [37ms]
2024-07-30 16:01:09.596 [info] > git config --get commit.template [11ms]
2024-07-30 16:01:09.597 [info] > git for-each-ref --format=%(refname)%00%(upstream:short)%00%(objectname)%00%(upstream:track)%00%(upstream:remotename)%00%(upstream:remoteref) refs/heads/main refs/remotes/main [3ms]
2024-07-30 16:01:09.607 [info] > git status -z -uall [3ms]
2024-07-30 16:01:09.615 [info] > git for-each-ref --format=%(refname)%00%(upstream:short)%00%(objectname)%00%(upstream:track)%00%(upstream:remotename)%00%(upstream:remoteref) refs/heads/main refs/remotes/main [3ms]
2024-07-30 16:01:09.622 [info] > git config --local branch.main.vscode-merge-base [2ms]
2024-07-30 16:01:09.629 [info] > git for-each-ref --format=%(refname)%00%(upstream:short)%00%(objectname)%00%(upstream:track)%00%(upstream:remotename)%00%(upstream:remoteref) refs/heads/origin/master refs/remotes/origin/master [2ms]
2024-07-30 16:02:12.876 [info] > git config --get commit.template [1ms]
2024-07-30 16:02:12.884 [info] > git for-each-ref --format=%(refname)%00%(upstream:short)%00%(objectname)%00%(upstream:track)%00%(upstream:remotename)%00%(upstream:remoteref) refs/heads/main refs/remotes/main [3ms]
2024-07-30 16:02:12.893 [info] > git status -z -uall [3ms]
2024-07-30 16:02:12.902 [info] > git for-each-ref --format=%(refname)%00%(upstream:short)%00%(objectname)%00%(upstream:track)%00%(upstream:remotename)%00%(upstream:remoteref) refs/heads/main refs/remotes/main [4ms]
2024-07-30 16:02:12.909 [info] > git config --local branch.main.vscode-merge-base [2ms]
2024-07-30 16:02:12.917 [info] > git for-each-ref --format=%(refname)%00%(upstream:short)%00%(objectname)%00%(upstream:track)%00%(upstream:remotename)%00%(upstream:remoteref) refs/heads/origin/master refs/remotes/origin/master [3ms]
2024-07-30 16:02:20.540 [info] > git config --get commit.template [3ms]
2024-07-30 16:02:20.547 [info] > git for-each-ref --format=%(refname)%00%(upstream:short)%00%(objectname)%00%(upstream:track)%00%(upstream:remotename)%00%(upstream:remoteref) refs/heads/main refs/remotes/main [3ms]
2024-07-30 16:02:20.557 [info] > git status -z -uall [3ms]
2024-07-30 16:02:20.567 [info] > git for-each-ref --format=%(refname)%00%(upstream:short)%00%(objectname)%00%(upstream:track)%00%(upstream:remotename)%00%(upstream:remoteref) refs/heads/main refs/remotes/main [5ms]
2024-07-30 16:02:20.585 [info] > git config --local branch.main.vscode-merge-base [3ms]
2024-07-30 16:02:20.594 [info] > git for-each-ref --format=%(refname)%00%(upstream:short)%00%(objectname)%00%(upstream:track)%00%(upstream:remotename)%00%(upstream:remoteref) refs/heads/origin/master refs/remotes/origin/master [4ms]
2024-07-30 16:02:25.578 [info] > git config --get commit.template [6ms]
2024-07-30 16:02:25.581 [info] > git for-each-ref --format=%(refname)%00%(upstream:short)%00%(objectname)%00%(upstream:track)%00%(upstream:remotename)%00%(upstream:remoteref) refs/heads/main refs/remotes/main [4ms]
2024-07-30 16:02:25.590 [info] > git status -z -uall [4ms]
2024-07-30 16:02:25.599 [info] > git for-each-ref --format=%(refname)%00%(upstream:short)%00%(objectname)%00%(upstream:track)%00%(upstream:remotename)%00%(upstream:remoteref) refs/heads/main refs/remotes/main [4ms]
2024-07-30 16:02:25.606 [info] > git config --local branch.main.vscode-merge-base [2ms]
2024-07-30 16:02:25.613 [info] > git for-each-ref --format=%(refname)%00%(upstream:short)%00%(objectname)%00%(upstream:track)%00%(upstream:remotename)%00%(upstream:remoteref) refs/heads/origin/master refs/remotes/origin/master [3ms]
2024-07-30 16:02:37.420 [info] > git config --get commit.template [10ms]
2024-07-30 16:02:37.423 [info] > git for-each-ref --format=%(refname)%00%(upstream:short)%00%(objectname)%00%(upstream:track)%00%(upstream:remotename)%00%(upstream:remoteref) refs/heads/main refs/remotes/main [7ms]
2024-07-30 16:02:37.438 [info] > git status -z -uall [7ms]
2024-07-30 16:02:37.451 [info] > git for-each-ref --format=%(refname)%00%(upstream:short)%00%(objectname)%00%(upstream:track)%00%(upstream:remotename)%00%(upstream:remoteref) refs/heads/main refs/remotes/main [5ms]
2024-07-30 16:02:37.462 [info] > git config --local branch.main.vscode-merge-base [3ms]
2024-07-30 16:02:37.474 [info] > git for-each-ref --format=%(refname)%00%(upstream:short)%00%(objectname)%00%(upstream:track)%00%(upstream:remotename)%00%(upstream:remoteref) refs/heads/origin/master refs/remotes/origin/master [3ms]
2024-07-30 16:02:43.090 [info] > git show --textconv :autobudget/autobudget-main/frontend/src/test/analysisFunctions.test.ts [6ms]
2024-07-30 16:02:43.091 [info] > git ls-files --stage -- /home/student/E01-S04-AutoBudget-cedricRGT45/autobudget/autobudget-main/frontend/src/test/analysisFunctions.test.ts [3ms]
2024-07-30 16:02:56.272 [info] > git show --textconv :autobudget/autobudget-main/frontend/src/hooks/analysisFunctions.tsx [11ms]
2024-07-30 16:02:56.275 [info] > git ls-files --stage -- /home/student/E01-S04-AutoBudget-cedricRGT45/autobudget/autobudget-main/frontend/src/hooks/analysisFunctions.tsx [4ms]
2024-07-30 16:02:59.285 [info] > git show --textconv :autobudget/autobudget-main/frontend/src/test/types.test-d.ts [5ms]
2024-07-30 16:02:59.287 [info] > git ls-files --stage -- /home/student/E01-S04-AutoBudget-cedricRGT45/autobudget/autobudget-main/frontend/src/test/types.test-d.ts [2ms]
2024-07-30 16:03:04.905 [info] > git show --textconv :autobudget/autobudget-main/frontend/src/hooks/analysisFunctions.tsx [11ms]
2024-07-30 16:03:04.907 [info] > git ls-files --stage -- /home/student/E01-S04-AutoBudget-cedricRGT45/autobudget/autobudget-main/frontend/src/hooks/analysisFunctions.tsx [8ms]
2024-07-30 16:03:08.254 [info] > git show --textconv :autobudget/autobudget-main/frontend/src/test/types.test-d.ts [18ms]
2024-07-30 16:03:08.254 [info] > git ls-files --stage -- /home/student/E01-S04-AutoBudget-cedricRGT45/autobudget/autobudget-main/frontend/src/test/types.test-d.ts [6ms]
2024-07-30 16:03:12.509 [info] > git config --get commit.template [6ms]
2024-07-30 16:03:12.512 [info] > git for-each-ref --format=%(refname)%00%(upstream:short)%00%(objectname)%00%(upstream:track)%00%(upstream:remotename)%00%(upstream:remoteref) refs/heads/main refs/remotes/main [4ms]
2024-07-30 16:03:12.522 [info] > git status -z -uall [5ms]
2024-07-30 16:03:12.533 [info] > git for-each-ref --format=%(refname)%00%(upstream:short)%00%(objectname)%00%(upstream:track)%00%(upstream:remotename)%00%(upstream:remoteref) refs/heads/main refs/remotes/main [3ms]
2024-07-30 16:03:12.540 [info] > git config --local branch.main.vscode-merge-base [2ms]
2024-07-30 16:03:12.549 [info] > git for-each-ref --format=%(refname)%00%(upstream:short)%00%(objectname)%00%(upstream:track)%00%(upstream:remotename)%00%(upstream:remoteref) refs/heads/origin/master refs/remotes/origin/master [4ms]
2024-07-30 16:03:22.103 [info] > git config --get commit.template [10ms]
2024-07-30 16:03:22.106 [info] > git for-each-ref --format=%(refname)%00%(upstream:short)%00%(objectname)%00%(upstream:track)%00%(upstream:remotename)%00%(upstream:remoteref) refs/heads/main refs/remotes/main [3ms]
2024-07-30 16:03:22.115 [info] > git status -z -uall [3ms]
2024-07-30 16:03:22.126 [info] > git for-each-ref --format=%(refname)%00%(upstream:short)%00%(objectname)%00%(upstream:track)%00%(upstream:remotename)%00%(upstream:remoteref) refs/heads/main refs/remotes/main [4ms]
2024-07-30 16:03:22.133 [info] > git config --local branch.main.vscode-merge-base [2ms]
2024-07-30 16:03:22.140 [info] > git for-each-ref --format=%(refname)%00%(upstream:short)%00%(objectname)%00%(upstream:track)%00%(upstream:remotename)%00%(upstream:remoteref) refs/heads/origin/master refs/remotes/origin/master [2ms]
2024-07-30 16:04:12.162 [info] > git check-ignore -v -z --stdin [39ms]
2024-07-30 16:04:12.245 [info] > git show --textconv :autobudget/autobudget-main/frontend/src/test/types.test.ts [13ms]
2024-07-30 16:04:12.255 [info] > git ls-files --stage -- /home/student/E01-S04-AutoBudget-cedricRGT45/autobudget/autobudget-main/frontend/src/test/types.test.ts [16ms]
2024-07-30 16:04:12.615 [info] > git config --get commit.template [5ms]
2024-07-30 16:04:12.617 [info] > git for-each-ref --format=%(refname)%00%(upstream:short)%00%(objectname)%00%(upstream:track)%00%(upstream:remotename)%00%(upstream:remoteref) refs/heads/main refs/remotes/main [3ms]
2024-07-30 16:04:12.626 [info] > git status -z -uall [4ms]
2024-07-30 16:04:12.638 [info] > git for-each-ref --format=%(refname)%00%(upstream:short)%00%(objectname)%00%(upstream:track)%00%(upstream:remotename)%00%(upstream:remoteref) refs/heads/main refs/remotes/main [7ms]
2024-07-30 16:04:12.646 [info] > git config --local branch.main.vscode-merge-base [2ms]
2024-07-30 16:04:12.653 [info] > git for-each-ref --format=%(refname)%00%(upstream:short)%00%(objectname)%00%(upstream:track)%00%(upstream:remotename)%00%(upstream:remoteref) refs/heads/origin/master refs/remotes/origin/master [3ms]
2024-07-30 16:04:57.567 [info] > git config --get commit.template [7ms]
2024-07-30 16:04:57.570 [info] > git for-each-ref --format=%(refname)%00%(upstream:short)%00%(objectname)%00%(upstream:track)%00%(upstream:remotename)%00%(upstream:remoteref) refs/heads/main refs/remotes/main [4ms]
2024-07-30 16:04:57.581 [info] > git status -z -uall [5ms]
2024-07-30 16:04:57.593 [info] > git for-each-ref --format=%(refname)%00%(upstream:short)%00%(objectname)%00%(upstream:track)%00%(upstream:remotename)%00%(upstream:remoteref) refs/heads/main refs/remotes/main [6ms]
2024-07-30 16:04:57.600 [info] > git config --local branch.main.vscode-merge-base [3ms]
2024-07-30 16:04:57.607 [info] > git for-each-ref --format=%(refname)%00%(upstream:short)%00%(objectname)%00%(upstream:track)%00%(upstream:remotename)%00%(upstream:remoteref) refs/heads/origin/master refs/remotes/origin/master [3ms]
2024-07-30 16:05:02.600 [info] > git config --get commit.template [6ms]
2024-07-30 16:05:02.602 [info] > git for-each-ref --format=%(refname)%00%(upstream:short)%00%(objectname)%00%(upstream:track)%00%(upstream:remotename)%00%(upstream:remoteref) refs/heads/main refs/remotes/main [3ms]
2024-07-30 16:05:02.611 [info] > git status -z -uall [4ms]
2024-07-30 16:05:02.619 [info] > git for-each-ref --format=%(refname)%00%(upstream:short)%00%(objectname)%00%(upstream:track)%00%(upstream:remotename)%00%(upstream:remoteref) refs/heads/main refs/remotes/main [3ms]
2024-07-30 16:05:02.626 [info] > git config --local branch.main.vscode-merge-base [2ms]
2024-07-30 16:05:02.633 [info] > git for-each-ref --format=%(refname)%00%(upstream:short)%00%(objectname)%00%(upstream:track)%00%(upstream:remotename)%00%(upstream:remoteref) refs/heads/origin/master refs/remotes/origin/master [2ms]
2024-07-30 16:05:07.634 [info] > git config --get commit.template [10ms]
2024-07-30 16:05:07.637 [info] > git for-each-ref --format=%(refname)%00%(upstream:short)%00%(objectname)%00%(upstream:track)%00%(upstream:remotename)%00%(upstream:remoteref) refs/heads/main refs/remotes/main [4ms]
2024-07-30 16:05:07.649 [info] > git status -z -uall [5ms]
2024-07-30 16:05:07.660 [info] > git for-each-ref --format=%(refname)%00%(upstream:short)%00%(objectname)%00%(upstream:track)%00%(upstream:remotename)%00%(upstream:remoteref) refs/heads/main refs/remotes/main [4ms]
2024-07-30 16:05:07.670 [info] > git config --local branch.main.vscode-merge-base [5ms]
2024-07-30 16:05:07.684 [info] > git for-each-ref --format=%(refname)%00%(upstream:short)%00%(objectname)%00%(upstream:track)%00%(upstream:remotename)%00%(upstream:remoteref) refs/heads/origin/master refs/remotes/origin/master [8ms]
2024-07-30 16:06:55.517 [info] > git check-ignore -v -z --stdin [4ms]
2024-07-30 16:06:58.221 [info] > git check-ignore -v -z --stdin [3ms]
2024-07-30 16:07:03.100 [info] > git check-ignore -v -z --stdin [12ms]
2024-07-30 16:07:03.101 [info] > git check-ignore -v -z --stdin [6ms]
2024-07-30 16:07:13.680 [info] > git check-ignore -v -z --stdin [7ms]
2024-07-30 16:07:13.683 [info] > git check-ignore -v -z --stdin [4ms]
2024-07-30 16:07:14.548 [info] > git check-ignore -v -z --stdin [14ms]
2024-07-30 16:07:25.740 [info] > git check-ignore -v -z --stdin [12ms]
2024-07-30 16:07:26.775 [info] > git check-ignore -v -z --stdin [9ms]
2024-07-30 16:07:28.492 [info] > git check-ignore -v -z --stdin [14ms]
2024-07-30 16:07:41.154 [info] > git show --textconv :autobudget/autobudget-main/vite.config.ts [6ms]
2024-07-30 16:07:41.155 [info] > git ls-files --stage -- /home/student/E01-S04-AutoBudget-cedricRGT45/autobudget/autobudget-main/vite.config.ts [2ms]
2024-07-30 16:07:41.162 [info] > git cat-file -s 861b04b35601de92787a1a0db6c9fa190975d220 [2ms]
2024-07-30 16:08:16.610 [info] > git check-ignore -v -z --stdin [3ms]
2024-07-30 16:08:17.407 [info] > git check-ignore -v -z --stdin [12ms]
2024-07-30 16:10:31.294 [info] > git show --textconv :autobudget/autobudget-main/tsconfig.json [15ms]
2024-07-30 16:10:31.295 [info] > git ls-files --stage -- /home/student/E01-S04-AutoBudget-cedricRGT45/autobudget/autobudget-main/tsconfig.json [4ms]
2024-07-30 16:10:31.305 [info] > git cat-file -s ea9d0cd8255683d84f125948115daf1de0f06b1f [6ms]
2024-07-30 16:11:06.657 [info] > git show --textconv :autobudget/autobudget-main/tsconfig.node.json [8ms]
2024-07-30 16:11:06.659 [info] > git ls-files --stage -- /home/student/E01-S04-AutoBudget-cedricRGT45/autobudget/autobudget-main/tsconfig.node.json [3ms]
2024-07-30 16:11:06.679 [info] > git cat-file -s 3afdd6e38438be7612befbd4b656af7bed27a31a [3ms]
2024-07-30 16:12:40.210 [info] > git show --textconv :autobudget/autobudget-main/tsconfig.json [11ms]
2024-07-30 16:12:40.213 [info] > git ls-files --stage -- /home/student/E01-S04-AutoBudget-cedricRGT45/autobudget/autobudget-main/tsconfig.json [4ms]
2024-07-30 16:12:40.223 [info] > git cat-file -s ea9d0cd8255683d84f125948115daf1de0f06b1f [3ms]
2024-07-30 16:13:03.579 [info] > git show --textconv :autobudget/autobudget-main/tsconfig.app.json [7ms]
2024-07-30 16:13:03.586 [info] > git ls-files --stage -- /home/student/E01-S04-AutoBudget-cedricRGT45/autobudget/autobudget-main/tsconfig.app.json [8ms]
2024-07-30 16:13:03.593 [info] > git cat-file -s d739292ae0143669e21b30df04a74b5baf985175 [2ms]
2024-07-30 16:15:21.135 [info] > git config --get commit.template [5ms]
2024-07-30 16:15:21.138 [info] > git for-each-ref --format=%(refname)%00%(upstream:short)%00%(objectname)%00%(upstream:track)%00%(upstream:remotename)%00%(upstream:remoteref) refs/heads/main refs/remotes/main [3ms]
2024-07-30 16:15:21.146 [info] > git status -z -uall [3ms]
2024-07-30 16:15:21.156 [info] > git for-each-ref --format=%(refname)%00%(upstream:short)%00%(objectname)%00%(upstream:track)%00%(upstream:remotename)%00%(upstream:remoteref) refs/heads/main refs/remotes/main [4ms]
2024-07-30 16:15:21.163 [info] > git config --local branch.main.vscode-merge-base [2ms]
2024-07-30 16:15:21.171 [info] > git for-each-ref --format=%(refname)%00%(upstream:short)%00%(objectname)%00%(upstream:track)%00%(upstream:remotename)%00%(upstream:remoteref) refs/heads/origin/master refs/remotes/origin/master [3ms]
2024-07-30 16:15:45.482 [info] > git check-ignore -v -z --stdin [13ms]
2024-07-30 16:16:06.356 [info] > git config --get commit.template [8ms]
2024-07-30 16:16:06.360 [info] > git for-each-ref --format=%(refname)%00%(upstream:short)%00%(objectname)%00%(upstream:track)%00%(upstream:remotename)%00%(upstream:remoteref) refs/heads/main refs/remotes/main [5ms]
2024-07-30 16:16:06.374 [info] > git status -z -uall [7ms]
2024-07-30 16:16:06.385 [info] > git for-each-ref --format=%(refname)%00%(upstream:short)%00%(objectname)%00%(upstream:track)%00%(upstream:remotename)%00%(upstream:remoteref) refs/heads/main refs/remotes/main [4ms]
2024-07-30 16:16:06.394 [info] > git config --local branch.main.vscode-merge-base [3ms]
2024-07-30 16:16:06.403 [info] > git for-each-ref --format=%(refname)%00%(upstream:short)%00%(objectname)%00%(upstream:track)%00%(upstream:remotename)%00%(upstream:remoteref) refs/heads/origin/master refs/remotes/origin/master [2ms]
2024-07-30 16:16:25.264 [info] > git show --textconv :autobudget/autobudget-main/frontend/src/vite-env.d.ts [10ms]
2024-07-30 16:16:25.265 [info] > git ls-files --stage -- /home/student/E01-S04-AutoBudget-cedricRGT45/autobudget/autobudget-main/frontend/src/vite-env.d.ts [4ms]
2024-07-30 16:16:25.275 [info] > git cat-file -s 11f02fe2a0061d6e6e1f271b21da95423b448b32 [3ms]
2024-07-30 16:16:37.866 [info] > git show --textconv :autobudget/autobudget-main/tsconfig.node.json [15ms]
2024-07-30 16:16:37.870 [info] > git ls-files --stage -- /home/student/E01-S04-AutoBudget-cedricRGT45/autobudget/autobudget-main/tsconfig.node.json [7ms]
2024-07-30 16:16:37.879 [info] > git cat-file -s 3afdd6e38438be7612befbd4b656af7bed27a31a [3ms]
2024-07-30 16:16:42.675 [info] > git show --textconv :autobudget/autobudget-main/tsconfig.json [6ms]
2024-07-30 16:16:42.678 [info] > git ls-files --stage -- /home/student/E01-S04-AutoBudget-cedricRGT45/autobudget/autobudget-main/tsconfig.json [3ms]
2024-07-30 16:16:42.684 [info] > git cat-file -s ea9d0cd8255683d84f125948115daf1de0f06b1f [2ms]
2024-07-30 16:16:46.137 [info] > git show --textconv :autobudget/autobudget-main/tsconfig.app.json [8ms]
2024-07-30 16:16:46.139 [info] > git ls-files --stage -- /home/student/E01-S04-AutoBudget-cedricRGT45/autobudget/autobudget-main/tsconfig.app.json [5ms]
2024-07-30 16:16:46.146 [info] > git cat-file -s d739292ae0143669e21b30df04a74b5baf985175 [3ms]
2024-07-30 16:16:56.485 [info] > git show --textconv :autobudget/autobudget-main/vite.config.ts [6ms]
2024-07-30 16:16:56.487 [info] > git ls-files --stage -- /home/student/E01-S04-AutoBudget-cedricRGT45/autobudget/autobudget-main/vite.config.ts [2ms]
2024-07-30 16:16:56.494 [info] > git cat-file -s 861b04b35601de92787a1a0db6c9fa190975d220 [2ms]
2024-07-30 16:17:21.153 [info] > git check-ignore -v -z --stdin [3ms]
2024-07-30 16:17:25.135 [info] > git check-ignore -v -z --stdin [2ms]
2024-07-30 16:17:26.806 [info] > git check-ignore -v -z --stdin [4ms]
2024-07-30 16:17:27.714 [info] > git check-ignore -v -z --stdin [3ms]
2024-07-30 16:17:29.442 [info] > git check-ignore -v -z --stdin [4ms]
2024-07-30 16:17:34.425 [info] > git check-ignore -v -z --stdin [2ms]
2024-07-30 16:17:35.158 [info] > git check-ignore -v -z --stdin [6ms]
2024-07-30 16:17:36.966 [info] > git check-ignore -v -z --stdin [9ms]
2024-07-30 16:17:38.254 [info] > git check-ignore -v -z --stdin [4ms]
2024-07-30 16:17:38.946 [info] > git check-ignore -v -z --stdin [6ms]
2024-07-30 16:17:39.730 [info] > git check-ignore -v -z --stdin [6ms]
2024-07-30 16:17:45.424 [info] > git check-ignore -v -z --stdin [2ms]
2024-07-30 16:17:51.679 [info] > git check-ignore -v -z --stdin [5ms]
2024-07-30 16:17:56.647 [info] > git check-ignore -v -z --stdin [2ms]
2024-07-30 16:18:49.077 [info] > git show --textconv :autobudget/autobudget-main/frontend/src/test/types.test-d.ts [6ms]
2024-07-30 16:18:49.078 [info] > git ls-files --stage -- /home/student/E01-S04-AutoBudget-cedricRGT45/autobudget/autobudget-main/frontend/src/test/types.test-d.ts [2ms]
2024-07-30 16:20:02.040 [info] > git check-ignore -v -z --stdin [3ms]
2024-07-30 16:20:09.502 [info] > git show --textconv :autobudget/autobudget-main/package.json [8ms]
2024-07-30 16:20:09.507 [info] > git ls-files --stage -- /home/student/E01-S04-AutoBudget-cedricRGT45/autobudget/autobudget-main/package.json [7ms]
2024-07-30 16:20:09.520 [info] > git cat-file -s 2406a52cd847eb75001323dbf30dcd86488774c8 [7ms]
2024-07-30 16:20:15.710 [info] > git config --get commit.template [8ms]
2024-07-30 16:20:15.712 [info] > git for-each-ref --format=%(refname)%00%(upstream:short)%00%(objectname)%00%(upstream:track)%00%(upstream:remotename)%00%(upstream:remoteref) refs/heads/main refs/remotes/main [3ms]
2024-07-30 16:20:15.727 [info] > git status -z -uall [5ms]
2024-07-30 16:20:15.743 [info] > git for-each-ref --format=%(refname)%00%(upstream:short)%00%(objectname)%00%(upstream:track)%00%(upstream:remotename)%00%(upstream:remoteref) refs/heads/main refs/remotes/main [7ms]
2024-07-30 16:20:15.754 [info] > git config --local branch.main.vscode-merge-base [2ms]
2024-07-30 16:20:15.761 [info] > git for-each-ref --format=%(refname)%00%(upstream:short)%00%(objectname)%00%(upstream:track)%00%(upstream:remotename)%00%(upstream:remoteref) refs/heads/origin/master refs/remotes/origin/master [2ms]
2024-07-30 16:20:20.750 [info] > git config --get commit.template [6ms]
2024-07-30 16:20:20.753 [info] > git for-each-ref --format=%(refname)%00%(upstream:short)%00%(objectname)%00%(upstream:track)%00%(upstream:remotename)%00%(upstream:remoteref) refs/heads/main refs/remotes/main [3ms]
2024-07-30 16:20:20.761 [info] > git status -z -uall [4ms]
2024-07-30 16:20:20.771 [info] > git for-each-ref --format=%(refname)%00%(upstream:short)%00%(objectname)%00%(upstream:track)%00%(upstream:remotename)%00%(upstream:remoteref) refs/heads/main refs/remotes/main [4ms]
2024-07-30 16:20:20.779 [info] > git config --local branch.main.vscode-merge-base [2ms]
2024-07-30 16:20:20.786 [info] > git for-each-ref --format=%(refname)%00%(upstream:short)%00%(objectname)%00%(upstream:track)%00%(upstream:remotename)%00%(upstream:remoteref) refs/heads/origin/master refs/remotes/origin/master [2ms]
2024-07-30 16:21:03.751 [info] > git show --textconv :autobudget/autobudget-main/frontend/src/test/types.test-d.ts [8ms]
2024-07-30 16:21:03.754 [info] > git ls-files --stage -- /home/student/E01-S04-AutoBudget-cedricRGT45/autobudget/autobudget-main/frontend/src/test/types.test-d.ts [5ms]
2024-07-30 16:22:14.437 [info] > git config --get commit.template [8ms]
2024-07-30 16:22:14.439 [info] > git for-each-ref --format=%(refname)%00%(upstream:short)%00%(objectname)%00%(upstream:track)%00%(upstream:remotename)%00%(upstream:remoteref) refs/heads/main refs/remotes/main [4ms]
2024-07-30 16:22:14.448 [info] > git status -z -uall [4ms]
2024-07-30 16:22:14.457 [info] > git for-each-ref --format=%(refname)%00%(upstream:short)%00%(objectname)%00%(upstream:track)%00%(upstream:remotename)%00%(upstream:remoteref) refs/heads/main refs/remotes/main [4ms]
2024-07-30 16:22:14.465 [info] > git config --local branch.main.vscode-merge-base [2ms]
2024-07-30 16:22:14.473 [info] > git for-each-ref --format=%(refname)%00%(upstream:short)%00%(objectname)%00%(upstream:track)%00%(upstream:remotename)%00%(upstream:remoteref) refs/heads/origin/master refs/remotes/origin/master [3ms]
2024-07-30 16:22:19.813 [info] > git config --get commit.template [8ms]
2024-07-30 16:22:19.816 [info] > git for-each-ref --format=%(refname)%00%(upstream:short)%00%(objectname)%00%(upstream:track)%00%(upstream:remotename)%00%(upstream:remoteref) refs/heads/main refs/remotes/main [4ms]
2024-07-30 16:22:19.824 [info] > git status -z -uall [3ms]
2024-07-30 16:22:19.835 [info] > git for-each-ref --format=%(refname)%00%(upstream:short)%00%(objectname)%00%(upstream:track)%00%(upstream:remotename)%00%(upstream:remoteref) refs/heads/main refs/remotes/main [4ms]
2024-07-30 16:22:19.841 [info] > git config --local branch.main.vscode-merge-base [2ms]
2024-07-30 16:22:19.850 [info] > git for-each-ref --format=%(refname)%00%(upstream:short)%00%(objectname)%00%(upstream:track)%00%(upstream:remotename)%00%(upstream:remoteref) refs/heads/origin/master refs/remotes/origin/master [2ms]
2024-07-30 16:22:25.177 [info] > git config --get commit.template [11ms]
2024-07-30 16:22:25.178 [info] > git for-each-ref --format=%(refname)%00%(upstream:short)%00%(objectname)%00%(upstream:track)%00%(upstream:remotename)%00%(upstream:remoteref) refs/heads/main refs/remotes/main [2ms]
2024-07-30 16:22:25.187 [info] > git status -z -uall [4ms]
2024-07-30 16:22:25.196 [info] > git for-each-ref --format=%(refname)%00%(upstream:short)%00%(objectname)%00%(upstream:track)%00%(upstream:remotename)%00%(upstream:remoteref) refs/heads/main refs/remotes/main [3ms]
2024-07-30 16:22:25.203 [info] > git config --local branch.main.vscode-merge-base [2ms]
2024-07-30 16:22:25.211 [info] > git for-each-ref --format=%(refname)%00%(upstream:short)%00%(objectname)%00%(upstream:track)%00%(upstream:remotename)%00%(upstream:remoteref) refs/heads/origin/master refs/remotes/origin/master [3ms]
2024-07-30 16:22:35.761 [info] > git show --textconv :autobudget/autobudget-main/frontend/src/test/analysisFunctions.test.ts [9ms]
2024-07-30 16:22:35.762 [info] > git ls-files --stage -- /home/student/E01-S04-AutoBudget-cedricRGT45/autobudget/autobudget-main/frontend/src/test/analysisFunctions.test.ts [2ms]
2024-07-30 16:22:39.774 [info] > git show --textconv :autobudget/autobudget-main/frontend/src/test/types.test-d.ts [6ms]
2024-07-30 16:22:39.775 [info] > git ls-files --stage -- /home/student/E01-S04-AutoBudget-cedricRGT45/autobudget/autobudget-main/frontend/src/test/types.test-d.ts [2ms]
2024-07-30 16:23:07.061 [info] > git show --textconv :autobudget/autobudget-main/frontend/src/test/analysisFunctions.test.ts [8ms]
2024-07-30 16:23:07.061 [info] > git ls-files --stage -- /home/student/E01-S04-AutoBudget-cedricRGT45/autobudget/autobudget-main/frontend/src/test/analysisFunctions.test.ts [3ms]
2024-07-30 16:23:20.622 [info] > git show --textconv :autobudget/autobudget-main/frontend/src/test/types.test-d.ts [6ms]
2024-07-30 16:23:20.624 [info] > git ls-files --stage -- /home/student/E01-S04-AutoBudget-cedricRGT45/autobudget/autobudget-main/frontend/src/test/types.test-d.ts [3ms]
2024-07-30 16:23:21.546 [info] > git config --get commit.template [6ms]
2024-07-30 16:23:21.549 [info] > git for-each-ref --format=%(refname)%00%(upstream:short)%00%(objectname)%00%(upstream:track)%00%(upstream:remotename)%00%(upstream:remoteref) refs/heads/main refs/remotes/main [3ms]
2024-07-30 16:23:21.558 [info] > git status -z -uall [4ms]
2024-07-30 16:23:21.569 [info] > git for-each-ref --format=%(refname)%00%(upstream:short)%00%(objectname)%00%(upstream:track)%00%(upstream:remotename)%00%(upstream:remoteref) refs/heads/main refs/remotes/main [6ms]
2024-07-30 16:23:21.577 [info] > git config --local branch.main.vscode-merge-base [2ms]
2024-07-30 16:23:21.585 [info] > git for-each-ref --format=%(refname)%00%(upstream:short)%00%(objectname)%00%(upstream:track)%00%(upstream:remotename)%00%(upstream:remoteref) refs/heads/origin/master refs/remotes/origin/master [2ms]
2024-07-30 16:23:26.582 [info] > git config --get commit.template [10ms]
2024-07-30 16:23:26.583 [info] > git for-each-ref --format=%(refname)%00%(upstream:short)%00%(objectname)%00%(upstream:track)%00%(upstream:remotename)%00%(upstream:remoteref) refs/heads/main refs/remotes/main [5ms]
2024-07-30 16:23:26.595 [info] > git status -z -uall [3ms]
2024-07-30 16:23:26.605 [info] > git for-each-ref --format=%(refname)%00%(upstream:short)%00%(objectname)%00%(upstream:track)%00%(upstream:remotename)%00%(upstream:remoteref) refs/heads/main refs/remotes/main [4ms]
2024-07-30 16:23:26.612 [info] > git config --local branch.main.vscode-merge-base [2ms]
2024-07-30 16:23:26.620 [info] > git for-each-ref --format=%(refname)%00%(upstream:short)%00%(objectname)%00%(upstream:track)%00%(upstream:remotename)%00%(upstream:remoteref) refs/heads/origin/master refs/remotes/origin/master [3ms]
2024-07-30 16:23:31.617 [info] > git config --get commit.template [7ms]
2024-07-30 16:23:31.619 [info] > git for-each-ref --format=%(refname)%00%(upstream:short)%00%(objectname)%00%(upstream:track)%00%(upstream:remotename)%00%(upstream:remoteref) refs/heads/main refs/remotes/main [3ms]
2024-07-30 16:23:31.628 [info] > git status -z -uall [4ms]
2024-07-30 16:23:31.641 [info] > git for-each-ref --format=%(refname)%00%(upstream:short)%00%(objectname)%00%(upstream:track)%00%(upstream:remotename)%00%(upstream:remoteref) refs/heads/main refs/remotes/main [5ms]
2024-07-30 16:23:31.648 [info] > git config --local branch.main.vscode-merge-base [2ms]
2024-07-30 16:23:31.655 [info] > git for-each-ref --format=%(refname)%00%(upstream:short)%00%(objectname)%00%(upstream:track)%00%(upstream:remotename)%00%(upstream:remoteref) refs/heads/origin/master refs/remotes/origin/master [2ms]
2024-07-30 16:23:52.572 [info] > git show --textconv :autobudget/autobudget-main/frontend/src/test/test.md [16ms]
2024-07-30 16:23:52.888 [info] > git ls-files --stage -- /home/student/E01-S04-AutoBudget-cedricRGT45/autobudget/autobudget-main/frontend/src/test/test.md [323ms]
2024-07-30 16:23:55.954 [info] > git config --get commit.template [10ms]
2024-07-30 16:23:55.963 [info] > git for-each-ref --format=%(refname)%00%(upstream:short)%00%(objectname)%00%(upstream:track)%00%(upstream:remotename)%00%(upstream:remoteref) refs/heads/main refs/remotes/main [10ms]
2024-07-30 16:23:55.978 [info] > git status -z -uall [6ms]
2024-07-30 16:23:55.990 [info] > git for-each-ref --format=%(refname)%00%(upstream:short)%00%(objectname)%00%(upstream:track)%00%(upstream:remotename)%00%(upstream:remoteref) refs/heads/main refs/remotes/main [5ms]
2024-07-30 16:23:56.000 [info] > git config --local branch.main.vscode-merge-base [3ms]
2024-07-30 16:23:56.013 [info] > git for-each-ref --format=%(refname)%00%(upstream:short)%00%(objectname)%00%(upstream:track)%00%(upstream:remotename)%00%(upstream:remoteref) refs/heads/origin/master refs/remotes/origin/master [5ms]
2024-07-30 16:23:58.865 [info] > git show --textconv :autobudget/autobudget-main/frontend/src/test/analysisFunctions.test.ts [6ms]
2024-07-30 16:23:58.869 [info] > git ls-files --stage -- /home/student/E01-S04-AutoBudget-cedricRGT45/autobudget/autobudget-main/frontend/src/test/analysisFunctions.test.ts [5ms]
2024-07-30 16:24:01.231 [info] > git config --get commit.template [6ms]
2024-07-30 16:24:01.233 [info] > git for-each-ref --format=%(refname)%00%(upstream:short)%00%(objectname)%00%(upstream:track)%00%(upstream:remotename)%00%(upstream:remoteref) refs/heads/main refs/remotes/main [3ms]
2024-07-30 16:24:01.244 [info] > git status -z -uall [4ms]
2024-07-30 16:24:01.254 [info] > git for-each-ref --format=%(refname)%00%(upstream:short)%00%(objectname)%00%(upstream:track)%00%(upstream:remotename)%00%(upstream:remoteref) refs/heads/main refs/remotes/main [3ms]
2024-07-30 16:24:01.261 [info] > git config --local branch.main.vscode-merge-base [2ms]
2024-07-30 16:24:01.270 [info] > git for-each-ref --format=%(refname)%00%(upstream:short)%00%(objectname)%00%(upstream:track)%00%(upstream:remotename)%00%(upstream:remoteref) refs/heads/origin/master refs/remotes/origin/master [2ms]
2024-07-30 16:24:12.442 [info] > git config --get commit.template [7ms]
2024-07-30 16:24:12.445 [info] > git for-each-ref --format=%(refname)%00%(upstream:short)%00%(objectname)%00%(upstream:track)%00%(upstream:remotename)%00%(upstream:remoteref) refs/heads/main refs/remotes/main [5ms]
2024-07-30 16:24:12.456 [info] > git status -z -uall [4ms]
2024-07-30 16:24:12.465 [info] > git for-each-ref --format=%(refname)%00%(upstream:short)%00%(objectname)%00%(upstream:track)%00%(upstream:remotename)%00%(upstream:remoteref) refs/heads/main refs/remotes/main [4ms]
2024-07-30 16:24:12.473 [info] > git config --local branch.main.vscode-merge-base [2ms]
2024-07-30 16:24:12.482 [info] > git for-each-ref --format=%(refname)%00%(upstream:short)%00%(objectname)%00%(upstream:track)%00%(upstream:remotename)%00%(upstream:remoteref) refs/heads/origin/master refs/remotes/origin/master [2ms]
2024-07-30 16:24:29.382 [info] > git ls-files --stage -- /home/student/E01-S04-AutoBudget-cedricRGT45/autobudget/autobudget-main/frontend/src/test/test.md [5ms]
2024-07-30 16:24:29.386 [info] > git show --textconv :autobudget/autobudget-main/frontend/src/test/test.md [17ms]
2024-07-30 16:24:30.233 [info] > git config --get commit.template [7ms]
2024-07-30 16:24:30.236 [info] > git for-each-ref --format=%(refname)%00%(upstream:short)%00%(objectname)%00%(upstream:track)%00%(upstream:remotename)%00%(upstream:remoteref) refs/heads/main refs/remotes/main [3ms]
2024-07-30 16:24:30.245 [info] > git status -z -uall [4ms]
2024-07-30 16:24:30.254 [info] > git for-each-ref --format=%(refname)%00%(upstream:short)%00%(objectname)%00%(upstream:track)%00%(upstream:remotename)%00%(upstream:remoteref) refs/heads/main refs/remotes/main [4ms]
2024-07-30 16:24:30.262 [info] > git config --local branch.main.vscode-merge-base [2ms]
2024-07-30 16:24:30.270 [info] > git for-each-ref --format=%(refname)%00%(upstream:short)%00%(objectname)%00%(upstream:track)%00%(upstream:remotename)%00%(upstream:remoteref) refs/heads/origin/master refs/remotes/origin/master [2ms]
2024-07-30 16:24:36.359 [info] > git config --get commit.template [7ms]
2024-07-30 16:24:36.362 [info] > git for-each-ref --format=%(refname)%00%(upstream:short)%00%(objectname)%00%(upstream:track)%00%(upstream:remotename)%00%(upstream:remoteref) refs/heads/main refs/remotes/main [3ms]
2024-07-30 16:24:36.372 [info] > git status -z -uall [4ms]
2024-07-30 16:24:36.384 [info] > git for-each-ref --format=%(refname)%00%(upstream:short)%00%(objectname)%00%(upstream:track)%00%(upstream:remotename)%00%(upstream:remoteref) refs/heads/main refs/remotes/main [5ms]
2024-07-30 16:24:36.392 [info] > git config --local branch.main.vscode-merge-base [2ms]
2024-07-30 16:24:36.401 [info] > git for-each-ref --format=%(refname)%00%(upstream:short)%00%(objectname)%00%(upstream:track)%00%(upstream:remotename)%00%(upstream:remoteref) refs/heads/origin/master refs/remotes/origin/master [2ms]
2024-07-30 16:24:41.393 [info] > git config --get commit.template [6ms]
2024-07-30 16:24:41.395 [info] > git for-each-ref --format=%(refname)%00%(upstream:short)%00%(objectname)%00%(upstream:track)%00%(upstream:remotename)%00%(upstream:remoteref) refs/heads/main refs/remotes/main [3ms]
2024-07-30 16:24:41.403 [info] > git status -z -uall [3ms]
2024-07-30 16:24:41.417 [info] > git for-each-ref --format=%(refname)%00%(upstream:short)%00%(objectname)%00%(upstream:track)%00%(upstream:remotename)%00%(upstream:remoteref) refs/heads/main refs/remotes/main [7ms]
2024-07-30 16:24:41.427 [info] > git config --local branch.main.vscode-merge-base [3ms]
2024-07-30 16:24:41.436 [info] > git for-each-ref --format=%(refname)%00%(upstream:short)%00%(objectname)%00%(upstream:track)%00%(upstream:remotename)%00%(upstream:remoteref) refs/heads/origin/master refs/remotes/origin/master [3ms]
2024-07-30 16:24:46.427 [info] > git config --get commit.template [6ms]
2024-07-30 16:24:46.430 [info] > git for-each-ref --format=%(refname)%00%(upstream:short)%00%(objectname)%00%(upstream:track)%00%(upstream:remotename)%00%(upstream:remoteref) refs/heads/main refs/remotes/main [4ms]
2024-07-30 16:24:46.440 [info] > git status -z -uall [3ms]
2024-07-30 16:24:46.449 [info] > git for-each-ref --format=%(refname)%00%(upstream:short)%00%(objectname)%00%(upstream:track)%00%(upstream:remotename)%00%(upstream:remoteref) refs/heads/main refs/remotes/main [3ms]
2024-07-30 16:24:46.458 [info] > git config --local branch.main.vscode-merge-base [3ms]
2024-07-30 16:24:46.468 [info] > git for-each-ref --format=%(refname)%00%(upstream:short)%00%(objectname)%00%(upstream:track)%00%(upstream:remotename)%00%(upstream:remoteref) refs/heads/origin/master refs/remotes/origin/master [4ms]
2024-07-30 16:24:54.611 [info] > git config --get commit.template [7ms]
2024-07-30 16:24:54.615 [info] > git for-each-ref --format=%(refname)%00%(upstream:short)%00%(objectname)%00%(upstream:track)%00%(upstream:remotename)%00%(upstream:remoteref) refs/heads/main refs/remotes/main [5ms]
2024-07-30 16:24:54.626 [info] > git status -z -uall [4ms]
2024-07-30 16:24:54.636 [info] > git for-each-ref --format=%(refname)%00%(upstream:short)%00%(objectname)%00%(upstream:track)%00%(upstream:remotename)%00%(upstream:remoteref) refs/heads/main refs/remotes/main [3ms]
2024-07-30 16:24:54.643 [info] > git config --local branch.main.vscode-merge-base [2ms]
2024-07-30 16:24:54.653 [info] > git for-each-ref --format=%(refname)%00%(upstream:short)%00%(objectname)%00%(upstream:track)%00%(upstream:remotename)%00%(upstream:remoteref) refs/heads/origin/master refs/remotes/origin/master [3ms]
2024-07-30 16:25:11.277 [info] > git show --textconv :autobudget/autobudget-main/frontend/src/test/analysisFunctions.test.ts [7ms]
2024-07-30 16:25:11.278 [info] > git ls-files --stage -- /home/student/E01-S04-AutoBudget-cedricRGT45/autobudget/autobudget-main/frontend/src/test/analysisFunctions.test.ts [2ms]
2024-07-30 16:25:18.820 [info] > git show --textconv :autobudget/autobudget-main/frontend/src/test/types.test-d.ts [7ms]
2024-07-30 16:25:18.821 [info] > git ls-files --stage -- /home/student/E01-S04-AutoBudget-cedricRGT45/autobudget/autobudget-main/frontend/src/test/types.test-d.ts [2ms]
2024-07-30 16:25:27.885 [info] > git config --get commit.template [6ms]
2024-07-30 16:25:27.887 [info] > git for-each-ref --format=%(refname)%00%(upstream:short)%00%(objectname)%00%(upstream:track)%00%(upstream:remotename)%00%(upstream:remoteref) refs/heads/main refs/remotes/main [3ms]
2024-07-30 16:25:27.896 [info] > git status -z -uall [3ms]
2024-07-30 16:25:27.907 [info] > git for-each-ref --format=%(refname)%00%(upstream:short)%00%(objectname)%00%(upstream:track)%00%(upstream:remotename)%00%(upstream:remoteref) refs/heads/main refs/remotes/main [4ms]
2024-07-30 16:25:27.915 [info] > git config --local branch.main.vscode-merge-base [2ms]
2024-07-30 16:25:27.923 [info] > git for-each-ref --format=%(refname)%00%(upstream:short)%00%(objectname)%00%(upstream:track)%00%(upstream:remotename)%00%(upstream:remoteref) refs/heads/origin/master refs/remotes/origin/master [2ms]
2024-07-30 16:32:58.517 [info] > git config --get commit.template [9ms]
2024-07-30 16:32:58.522 [info] > git for-each-ref --format=%(refname)%00%(upstream:short)%00%(objectname)%00%(upstream:track)%00%(upstream:remotename)%00%(upstream:remoteref) refs/heads/main refs/remotes/main [6ms]
2024-07-30 16:32:58.531 [info] > git status -z -uall [4ms]
2024-07-30 16:32:58.542 [info] > git for-each-ref --format=%(refname)%00%(upstream:short)%00%(objectname)%00%(upstream:track)%00%(upstream:remotename)%00%(upstream:remoteref) refs/heads/main refs/remotes/main [5ms]
2024-07-30 16:32:58.551 [info] > git config --local branch.main.vscode-merge-base [2ms]
2024-07-30 16:32:58.559 [info] > git for-each-ref --format=%(refname)%00%(upstream:short)%00%(objectname)%00%(upstream:track)%00%(upstream:remotename)%00%(upstream:remoteref) refs/heads/origin/master refs/remotes/origin/master [2ms]
2024-07-30 16:33:04.276 [info] > git config --get commit.template [14ms]
2024-07-30 16:33:04.305 [info] > git for-each-ref --format=%(refname)%00%(upstream:short)%00%(objectname)%00%(upstream:track)%00%(upstream:remotename)%00%(upstream:remoteref) refs/heads/main refs/remotes/main [30ms]
2024-07-30 16:33:04.319 [info] > git status -z -uall [5ms]
2024-07-30 16:33:04.332 [info] > git for-each-ref --format=%(refname)%00%(upstream:short)%00%(objectname)%00%(upstream:track)%00%(upstream:remotename)%00%(upstream:remoteref) refs/heads/main refs/remotes/main [4ms]
2024-07-30 16:33:04.342 [info] > git config --local branch.main.vscode-merge-base [2ms]
2024-07-30 16:33:04.354 [info] > git for-each-ref --format=%(refname)%00%(upstream:short)%00%(objectname)%00%(upstream:track)%00%(upstream:remotename)%00%(upstream:remoteref) refs/heads/origin/master refs/remotes/origin/master [2ms]
2024-07-30 16:36:46.050 [info] > git config --get commit.template [10ms]
2024-07-30 16:36:46.054 [info] > git for-each-ref --format=%(refname)%00%(upstream:short)%00%(objectname)%00%(upstream:track)%00%(upstream:remotename)%00%(upstream:remoteref) refs/heads/main refs/remotes/main [5ms]
2024-07-30 16:36:46.068 [info] > git status -z -uall [5ms]
2024-07-30 16:36:46.079 [info] > git for-each-ref --format=%(refname)%00%(upstream:short)%00%(objectname)%00%(upstream:track)%00%(upstream:remotename)%00%(upstream:remoteref) refs/heads/main refs/remotes/main [4ms]
2024-07-30 16:36:46.087 [info] > git config --local branch.main.vscode-merge-base [2ms]
2024-07-30 16:36:46.094 [info] > git for-each-ref --format=%(refname)%00%(upstream:short)%00%(objectname)%00%(upstream:track)%00%(upstream:remotename)%00%(upstream:remoteref) refs/heads/origin/master refs/remotes/origin/master [2ms]
2024-07-30 16:37:04.014 [info] > git config --get commit.template [7ms]
2024-07-30 16:37:04.016 [info] > git for-each-ref --format=%(refname)%00%(upstream:short)%00%(objectname)%00%(upstream:track)%00%(upstream:remotename)%00%(upstream:remoteref) refs/heads/main refs/remotes/main [3ms]
2024-07-30 16:37:04.028 [info] > git status -z -uall [5ms]
2024-07-30 16:37:04.039 [info] > git for-each-ref --format=%(refname)%00%(upstream:short)%00%(objectname)%00%(upstream:track)%00%(upstream:remotename)%00%(upstream:remoteref) refs/heads/main refs/remotes/main [4ms]
2024-07-30 16:37:04.047 [info] > git config --local branch.main.vscode-merge-base [2ms]
2024-07-30 16:37:04.055 [info] > git for-each-ref --format=%(refname)%00%(upstream:short)%00%(objectname)%00%(upstream:track)%00%(upstream:remotename)%00%(upstream:remoteref) refs/heads/origin/master refs/remotes/origin/master [3ms]
2024-07-30 16:37:10.181 [info] > git config --get commit.template [7ms]
2024-07-30 16:37:10.184 [info] > git for-each-ref --format=%(refname)%00%(upstream:short)%00%(objectname)%00%(upstream:track)%00%(upstream:remotename)%00%(upstream:remoteref) refs/heads/main refs/remotes/main [3ms]
2024-07-30 16:37:10.196 [info] > git status -z -uall [4ms]
2024-07-30 16:37:10.206 [info] > git for-each-ref --format=%(refname)%00%(upstream:short)%00%(objectname)%00%(upstream:track)%00%(upstream:remotename)%00%(upstream:remoteref) refs/heads/main refs/remotes/main [4ms]
2024-07-30 16:37:10.215 [info] > git config --local branch.main.vscode-merge-base [2ms]
2024-07-30 16:37:10.225 [info] > git for-each-ref --format=%(refname)%00%(upstream:short)%00%(objectname)%00%(upstream:track)%00%(upstream:remotename)%00%(upstream:remoteref) refs/heads/origin/master refs/remotes/origin/master [2ms]
2024-07-30 16:37:17.142 [info] > git config --get commit.template [6ms]
2024-07-30 16:37:17.146 [info] > git for-each-ref --format=%(refname)%00%(upstream:short)%00%(objectname)%00%(upstream:track)%00%(upstream:remotename)%00%(upstream:remoteref) refs/heads/main refs/remotes/main [5ms]
2024-07-30 16:37:17.156 [info] > git status -z -uall [5ms]
2024-07-30 16:37:17.165 [info] > git for-each-ref --format=%(refname)%00%(upstream:short)%00%(objectname)%00%(upstream:track)%00%(upstream:remotename)%00%(upstream:remoteref) refs/heads/main refs/remotes/main [3ms]
2024-07-30 16:37:17.177 [info] > git config --local branch.main.vscode-merge-base [6ms]
2024-07-30 16:37:17.184 [info] > git for-each-ref --format=%(refname)%00%(upstream:short)%00%(objectname)%00%(upstream:track)%00%(upstream:remotename)%00%(upstream:remoteref) refs/heads/origin/master refs/remotes/origin/master [2ms]
2024-07-30 16:37:36.757 [info] > git config --get commit.template [7ms]
2024-07-30 16:37:36.759 [info] > git for-each-ref --format=%(refname)%00%(upstream:short)%00%(objectname)%00%(upstream:track)%00%(upstream:remotename)%00%(upstream:remoteref) refs/heads/main refs/remotes/main [4ms]
2024-07-30 16:37:36.770 [info] > git status -z -uall [5ms]
2024-07-30 16:37:36.780 [info] > git for-each-ref --format=%(refname)%00%(upstream:short)%00%(objectname)%00%(upstream:track)%00%(upstream:remotename)%00%(upstream:remoteref) refs/heads/main refs/remotes/main [3ms]
2024-07-30 16:37:36.787 [info] > git config --local branch.main.vscode-merge-base [2ms]
2024-07-30 16:37:36.799 [info] > git for-each-ref --format=%(refname)%00%(upstream:short)%00%(objectname)%00%(upstream:track)%00%(upstream:remotename)%00%(upstream:remoteref) refs/heads/origin/master refs/remotes/origin/master [3ms]
2024-07-30 16:37:41.794 [info] > git config --get commit.template [8ms]
2024-07-30 16:37:41.795 [info] > git for-each-ref --format=%(refname)%00%(upstream:short)%00%(objectname)%00%(upstream:track)%00%(upstream:remotename)%00%(upstream:remoteref) refs/heads/main refs/remotes/main [3ms]
2024-07-30 16:37:41.804 [info] > git status -z -uall [3ms]
2024-07-30 16:37:41.814 [info] > git for-each-ref --format=%(refname)%00%(upstream:short)%00%(objectname)%00%(upstream:track)%00%(upstream:remotename)%00%(upstream:remoteref) refs/heads/main refs/remotes/main [4ms]
2024-07-30 16:37:41.822 [info] > git config --local branch.main.vscode-merge-base [2ms]
2024-07-30 16:37:41.832 [info] > git for-each-ref --format=%(refname)%00%(upstream:short)%00%(objectname)%00%(upstream:track)%00%(upstream:remotename)%00%(upstream:remoteref) refs/heads/origin/master refs/remotes/origin/master [1ms]
2024-07-30 16:38:43.317 [info] > git config --get commit.template [7ms]
2024-07-30 16:38:43.319 [info] > git for-each-ref --format=%(refname)%00%(upstream:short)%00%(objectname)%00%(upstream:track)%00%(upstream:remotename)%00%(upstream:remoteref) refs/heads/main refs/remotes/main [3ms]
2024-07-30 16:38:43.332 [info] > git status -z -uall [7ms]
2024-07-30 16:38:43.351 [info] > git for-each-ref --format=%(refname)%00%(upstream:short)%00%(objectname)%00%(upstream:track)%00%(upstream:remotename)%00%(upstream:remoteref) refs/heads/main refs/remotes/main [12ms]
2024-07-30 16:38:43.358 [info] > git config --local branch.main.vscode-merge-base [2ms]
2024-07-30 16:38:43.366 [info] > git for-each-ref --format=%(refname)%00%(upstream:short)%00%(objectname)%00%(upstream:track)%00%(upstream:remotename)%00%(upstream:remoteref) refs/heads/origin/master refs/remotes/origin/master [3ms]
2024-07-30 16:38:55.301 [info] > git config --get commit.template [8ms]
2024-07-30 16:38:55.305 [info] > git for-each-ref --format=%(refname)%00%(upstream:short)%00%(objectname)%00%(upstream:track)%00%(upstream:remotename)%00%(upstream:remoteref) refs/heads/main refs/remotes/main [6ms]
2024-07-30 16:38:55.315 [info] > git status -z -uall [3ms]
2024-07-30 16:38:55.325 [info] > git for-each-ref --format=%(refname)%00%(upstream:short)%00%(objectname)%00%(upstream:track)%00%(upstream:remotename)%00%(upstream:remoteref) refs/heads/main refs/remotes/main [3ms]
2024-07-30 16:38:55.332 [info] > git config --local branch.main.vscode-merge-base [2ms]
2024-07-30 16:38:55.340 [info] > git for-each-ref --format=%(refname)%00%(upstream:short)%00%(objectname)%00%(upstream:track)%00%(upstream:remotename)%00%(upstream:remoteref) refs/heads/origin/master refs/remotes/origin/master [2ms]
2024-07-30 16:39:20.509 [info] > git config --get commit.template [8ms]
2024-07-30 16:39:20.511 [info] > git for-each-ref --format=%(refname)%00%(upstream:short)%00%(objectname)%00%(upstream:track)%00%(upstream:remotename)%00%(upstream:remoteref) refs/heads/main refs/remotes/main [3ms]
2024-07-30 16:39:20.520 [info] > git status -z -uall [3ms]
2024-07-30 16:39:20.532 [info] > git for-each-ref --format=%(refname)%00%(upstream:short)%00%(objectname)%00%(upstream:track)%00%(upstream:remotename)%00%(upstream:remoteref) refs/heads/main refs/remotes/main [6ms]
2024-07-30 16:39:20.542 [info] > git config --local branch.main.vscode-merge-base [3ms]
2024-07-30 16:39:20.550 [info] > git for-each-ref --format=%(refname)%00%(upstream:short)%00%(objectname)%00%(upstream:track)%00%(upstream:remotename)%00%(upstream:remoteref) refs/heads/origin/master refs/remotes/origin/master [2ms]
2024-07-30 16:39:26.240 [info] > git config --get commit.template [8ms]
2024-07-30 16:39:26.242 [info] > git for-each-ref --format=%(refname)%00%(upstream:short)%00%(objectname)%00%(upstream:track)%00%(upstream:remotename)%00%(upstream:remoteref) refs/heads/main refs/remotes/main [4ms]
2024-07-30 16:39:26.252 [info] > git status -z -uall [4ms]
2024-07-30 16:39:26.262 [info] > git for-each-ref --format=%(refname)%00%(upstream:short)%00%(objectname)%00%(upstream:track)%00%(upstream:remotename)%00%(upstream:remoteref) refs/heads/main refs/remotes/main [4ms]
2024-07-30 16:39:26.272 [info] > git config --local branch.main.vscode-merge-base [4ms]
2024-07-30 16:39:26.282 [info] > git for-each-ref --format=%(refname)%00%(upstream:short)%00%(objectname)%00%(upstream:track)%00%(upstream:remotename)%00%(upstream:remoteref) refs/heads/origin/master refs/remotes/origin/master [4ms]
2024-07-30 16:39:34.111 [info] > git config --get commit.template [8ms]
2024-07-30 16:39:34.114 [info] > git for-each-ref --format=%(refname)%00%(upstream:short)%00%(objectname)%00%(upstream:track)%00%(upstream:remotename)%00%(upstream:remoteref) refs/heads/main refs/remotes/main [3ms]
2024-07-30 16:39:34.125 [info] > git status -z -uall [5ms]
2024-07-30 16:39:34.137 [info] > git for-each-ref --format=%(refname)%00%(upstream:short)%00%(objectname)%00%(upstream:track)%00%(upstream:remotename)%00%(upstream:remoteref) refs/heads/main refs/remotes/main [5ms]
2024-07-30 16:39:34.145 [info] > git config --local branch.main.vscode-merge-base [2ms]
2024-07-30 16:39:34.154 [info] > git for-each-ref --format=%(refname)%00%(upstream:short)%00%(objectname)%00%(upstream:track)%00%(upstream:remotename)%00%(upstream:remoteref) refs/heads/origin/master refs/remotes/origin/master [3ms]
2024-07-30 16:41:01.975 [info] > git config --get commit.template [16ms]
2024-07-30 16:41:01.981 [info] > git for-each-ref --format=%(refname)%00%(upstream:short)%00%(objectname)%00%(upstream:track)%00%(upstream:remotename)%00%(upstream:remoteref) refs/heads/main refs/remotes/main [8ms]
2024-07-30 16:41:01.993 [info] > git status -z -uall [5ms]
2024-07-30 16:41:02.006 [info] > git for-each-ref --format=%(refname)%00%(upstream:short)%00%(objectname)%00%(upstream:track)%00%(upstream:remotename)%00%(upstream:remoteref) refs/heads/main refs/remotes/main [6ms]
2024-07-30 16:41:02.016 [info] > git config --local branch.main.vscode-merge-base [3ms]
2024-07-30 16:41:02.024 [info] > git for-each-ref --format=%(refname)%00%(upstream:short)%00%(objectname)%00%(upstream:track)%00%(upstream:remotename)%00%(upstream:remoteref) refs/heads/origin/master refs/remotes/origin/master [2ms]
2024-07-30 16:41:04.046 [info] > git show --textconv :autobudget/autobudget-main/frontend/src/hooks/analysisFunctions.tsx [7ms]
2024-07-30 16:41:04.049 [info] > git ls-files --stage -- /home/student/E01-S04-AutoBudget-cedricRGT45/autobudget/autobudget-main/frontend/src/hooks/analysisFunctions.tsx [4ms]
2024-07-30 16:41:36.232 [info] > git config --get commit.template [6ms]
2024-07-30 16:41:36.234 [info] > git for-each-ref --format=%(refname)%00%(upstream:short)%00%(objectname)%00%(upstream:track)%00%(upstream:remotename)%00%(upstream:remoteref) refs/heads/main refs/remotes/main [4ms]
2024-07-30 16:41:36.243 [info] > git status -z -uall [4ms]
2024-07-30 16:41:36.254 [info] > git for-each-ref --format=%(refname)%00%(upstream:short)%00%(objectname)%00%(upstream:track)%00%(upstream:remotename)%00%(upstream:remoteref) refs/heads/main refs/remotes/main [4ms]
2024-07-30 16:41:36.261 [info] > git config --local branch.main.vscode-merge-base [2ms]
2024-07-30 16:41:36.268 [info] > git for-each-ref --format=%(refname)%00%(upstream:short)%00%(objectname)%00%(upstream:track)%00%(upstream:remotename)%00%(upstream:remoteref) refs/heads/origin/master refs/remotes/origin/master [2ms]
2024-07-30 16:41:41.267 [info] > git config --get commit.template [8ms]
2024-07-30 16:41:41.267 [info] > git for-each-ref --format=%(refname)%00%(upstream:short)%00%(objectname)%00%(upstream:track)%00%(upstream:remotename)%00%(upstream:remoteref) refs/heads/main refs/remotes/main [1ms]
2024-07-30 16:41:41.276 [info] > git status -z -uall [3ms]
2024-07-30 16:41:41.286 [info] > git for-each-ref --format=%(refname)%00%(upstream:short)%00%(objectname)%00%(upstream:track)%00%(upstream:remotename)%00%(upstream:remoteref) refs/heads/main refs/remotes/main [4ms]
2024-07-30 16:41:41.293 [info] > git config --local branch.main.vscode-merge-base [2ms]
2024-07-30 16:41:41.302 [info] > git for-each-ref --format=%(refname)%00%(upstream:short)%00%(objectname)%00%(upstream:track)%00%(upstream:remotename)%00%(upstream:remoteref) refs/heads/origin/master refs/remotes/origin/master [3ms]
2024-07-30 16:41:43.450 [info] > git show --textconv :autobudget/autobudget-main/frontend/src/types/types.ts [8ms]
2024-07-30 16:41:43.452 [info] > git ls-files --stage -- /home/student/E01-S04-AutoBudget-cedricRGT45/autobudget/autobudget-main/frontend/src/types/types.ts [3ms]
2024-07-30 16:41:47.373 [info] > git show --textconv :autobudget/autobudget-main/frontend/src/hooks/analysisFunctions.tsx [6ms]
2024-07-30 16:41:47.374 [info] > git ls-files --stage -- /home/student/E01-S04-AutoBudget-cedricRGT45/autobudget/autobudget-main/frontend/src/hooks/analysisFunctions.tsx [2ms]
2024-07-30 16:45:28.718 [info] > git for-each-ref --sort -committerdate --format %(refname) %(objectname) %(*objectname) [4ms]
2024-07-30 16:46:06.306 [info] > git check-ignore -v -z --stdin [11ms]
2024-07-30 16:46:08.001 [info] > git check-ignore -v -z --stdin [2ms]
2024-07-30 16:46:11.217 [info] > git check-ignore -v -z --stdin [3ms]
2024-07-30 16:56:26.661 [info] > git show --textconv :autobudget/autobudget-main/frontend/src/test/types.test-d.ts [9ms]
2024-07-30 16:56:26.663 [info] > git ls-files --stage -- /home/student/E01-S04-AutoBudget-cedricRGT45/autobudget/autobudget-main/frontend/src/test/types.test-d.ts [4ms]
2024-07-30 16:56:27.638 [info] > git check-ignore -v -z --stdin [5ms]
2024-07-30 16:56:30.993 [info] > git show --textconv :autobudget/autobudget-main/frontend/src/hooks/analysisFunctions.tsx [7ms]
2024-07-30 16:56:30.994 [info] > git ls-files --stage -- /home/student/E01-S04-AutoBudget-cedricRGT45/autobudget/autobudget-main/frontend/src/hooks/analysisFunctions.tsx [2ms]
2024-07-30 16:56:56.593 [info] > git config --get commit.template [12ms]
2024-07-30 16:56:56.594 [info] > git for-each-ref --format=%(refname)%00%(upstream:short)%00%(objectname)%00%(upstream:track)%00%(upstream:remotename)%00%(upstream:remoteref) refs/heads/main refs/remotes/main [4ms]
2024-07-30 16:56:56.604 [info] > git status -z -uall [4ms]
2024-07-30 16:56:56.614 [info] > git for-each-ref --format=%(refname)%00%(upstream:short)%00%(objectname)%00%(upstream:track)%00%(upstream:remotename)%00%(upstream:remoteref) refs/heads/main refs/remotes/main [3ms]
2024-07-30 16:56:56.622 [info] > git config --local branch.main.vscode-merge-base [2ms]
2024-07-30 16:56:56.630 [info] > git for-each-ref --format=%(refname)%00%(upstream:short)%00%(objectname)%00%(upstream:track)%00%(upstream:remotename)%00%(upstream:remoteref) refs/heads/origin/master refs/remotes/origin/master [3ms]
2024-07-30 16:57:00.589 [info] > git ls-files --stage -- /home/student/E01-S04-AutoBudget-cedricRGT45/autobudget/autobudget-main/frontend/src/hooks/analysisFunctions.tsx [2ms]
2024-07-30 16:57:00.599 [info] > git cat-file -s b272bcf06820dc0d983ce32ca06256bf76a047e8 [4ms]
2024-07-30 16:57:00.635 [info] > git show --textconv :autobudget/autobudget-main/frontend/src/hooks/analysisFunctions.tsx [3ms]
2024-07-30 16:57:01.629 [info] > git config --get commit.template [9ms]
2024-07-30 16:57:01.633 [info] > git for-each-ref --format=%(refname)%00%(upstream:short)%00%(objectname)%00%(upstream:track)%00%(upstream:remotename)%00%(upstream:remoteref) refs/heads/main refs/remotes/main [5ms]
2024-07-30 16:57:01.646 [info] > git status -z -uall [7ms]
2024-07-30 16:57:01.656 [info] > git for-each-ref --format=%(refname)%00%(upstream:short)%00%(objectname)%00%(upstream:track)%00%(upstream:remotename)%00%(upstream:remoteref) refs/heads/main refs/remotes/main [3ms]
2024-07-30 16:57:01.664 [info] > git config --local branch.main.vscode-merge-base [2ms]
2024-07-30 16:57:01.673 [info] > git for-each-ref --format=%(refname)%00%(upstream:short)%00%(objectname)%00%(upstream:track)%00%(upstream:remotename)%00%(upstream:remoteref) refs/heads/origin/master refs/remotes/origin/master [3ms]
2024-07-30 16:57:28.705 [info] > git config --get commit.template [13ms]
2024-07-30 16:57:28.708 [info] > git for-each-ref --format=%(refname)%00%(upstream:short)%00%(objectname)%00%(upstream:track)%00%(upstream:remotename)%00%(upstream:remoteref) refs/heads/main refs/remotes/main [8ms]
2024-07-30 16:57:28.723 [info] > git status -z -uall [7ms]
2024-07-30 16:57:28.738 [info] > git for-each-ref --format=%(refname)%00%(upstream:short)%00%(objectname)%00%(upstream:track)%00%(upstream:remotename)%00%(upstream:remoteref) refs/heads/main refs/remotes/main [5ms]
2024-07-30 16:57:28.751 [info] > git config --local branch.main.vscode-merge-base [2ms]
2024-07-30 16:57:28.759 [info] > git for-each-ref --format=%(refname)%00%(upstream:short)%00%(objectname)%00%(upstream:track)%00%(upstream:remotename)%00%(upstream:remoteref) refs/heads/origin/master refs/remotes/origin/master [2ms]
2024-07-30 16:57:28.769 [info] > git merge-base refs/heads/main refs/remotes/origin/master [3ms]
2024-07-30 16:57:28.778 [info] > git rev-list --count --left-right refs/heads/main...refs/remotes/origin/master [3ms]
2024-07-30 16:57:28.788 [info] > git diff --name-status -z --diff-filter=ADMR 9bd9d524436050e86d87de2b3d2d6b23983e954b...refs/remotes/origin/master [4ms]
2024-07-30 16:57:28.844 [info] > git ls-files --stage -- /home/student/E01-S04-AutoBudget-cedricRGT45/autobudget/autobudget-main/frontend/src/hooks/analysisFunctions.tsx [3ms]
2024-07-30 16:57:28.854 [info] > git cat-file -s b272bcf06820dc0d983ce32ca06256bf76a047e8 [4ms]
2024-07-30 16:57:28.886 [info] > git show --textconv :autobudget/autobudget-main/frontend/src/hooks/analysisFunctions.tsx [3ms]
2024-07-30 16:57:53.778 [info] > git config --get commit.template [8ms]
2024-07-30 16:57:53.780 [info] > git for-each-ref --format=%(refname)%00%(upstream:short)%00%(objectname)%00%(upstream:track)%00%(upstream:remotename)%00%(upstream:remoteref) refs/heads/main refs/remotes/main [3ms]
2024-07-30 16:57:53.791 [info] > git status -z -uall [4ms]
2024-07-30 16:57:53.801 [info] > git for-each-ref --format=%(refname)%00%(upstream:short)%00%(objectname)%00%(upstream:track)%00%(upstream:remotename)%00%(upstream:remoteref) refs/heads/main refs/remotes/main [4ms]
2024-07-30 16:57:53.810 [info] > git config --local branch.main.vscode-merge-base [2ms]
2024-07-30 16:57:53.818 [info] > git for-each-ref --format=%(refname)%00%(upstream:short)%00%(objectname)%00%(upstream:track)%00%(upstream:remotename)%00%(upstream:remoteref) refs/heads/origin/master refs/remotes/origin/master [2ms]
2024-07-30 16:57:53.919 [info] > git ls-files --stage -- /home/student/E01-S04-AutoBudget-cedricRGT45/autobudget/autobudget-main/frontend/src/hooks/analysisFunctions.tsx [2ms]
2024-07-30 16:57:53.927 [info] > git cat-file -s b272bcf06820dc0d983ce32ca06256bf76a047e8 [3ms]
2024-07-30 16:57:53.972 [info] > git show --textconv :autobudget/autobudget-main/frontend/src/hooks/analysisFunctions.tsx [3ms]
2024-07-30 17:04:30.375 [info] > git show --textconv :autobudget/autobudget-main/frontend/src/test/analysisFunctions.test.ts [10ms]
2024-07-30 17:04:30.377 [info] > git ls-files --stage -- /home/student/E01-S04-AutoBudget-cedricRGT45/autobudget/autobudget-main/frontend/src/test/analysisFunctions.test.ts [4ms]
2024-07-30 17:04:30.390 [info] > git cat-file -s 47217863e7d1018c26dfeea8778b02d852d0b8db [4ms]
