2024-03-29 08:57:38.034 [info] Log level: Info
2024-03-29 08:57:38.034 [info] Validating found git in: "git"
2024-03-29 08:57:38.034 [info] Using git "2.34.1" from "git"
2024-03-29 08:57:38.042 [info] > git rev-parse --show-toplevel [23ms]
2024-03-29 08:57:38.042 [info] fatal: not a git repository (or any of the parent directories): .git
2024-03-29 08:57:38.056 [info] > git rev-parse --show-toplevel [3ms]
2024-03-29 08:57:38.056 [info] fatal: not a git repository (or any of the parent directories): .git
2024-03-29 08:57:38.070 [info] > git rev-parse --show-toplevel [3ms]
2024-03-29 08:57:38.070 [info] fatal: not a git repository (or any of the parent directories): .git
2024-03-29 08:57:38.084 [info] > git rev-parse --show-toplevel [3ms]
2024-03-29 08:57:38.084 [info] fatal: not a git repository (or any of the parent directories): .git
2024-03-29 08:57:38.098 [info] > git rev-parse --show-toplevel [3ms]
2024-03-29 08:57:38.099 [info] fatal: not a git repository (or any of the parent directories): .git
2024-03-29 08:57:38.113 [info] > git rev-parse --show-toplevel [2ms]
2024-03-29 08:57:38.113 [info] fatal: not a git repository (or any of the parent directories): .git
2024-03-29 08:57:38.127 [info] > git rev-parse --show-toplevel [3ms]
2024-03-29 08:57:38.127 [info] fatal: not a git repository (or any of the parent directories): .git
2024-03-29 08:57:38.143 [info] > git rev-parse --show-toplevel [2ms]
2024-03-29 08:57:38.143 [info] fatal: not a git repository (or any of the parent directories): .git
2024-03-29 08:57:38.157 [info] > git rev-parse --show-toplevel [2ms]
2024-03-29 08:57:38.157 [info] fatal: not a git repository (or any of the parent directories): .git
2024-03-29 08:57:38.173 [info] > git rev-parse --show-toplevel [5ms]
2024-03-29 08:57:38.187 [info] > git rev-parse --git-dir --git-common-dir [2ms]
2024-03-29 08:57:38.204 [info] Open repository: /home/student/S01-OVitrine-J3-cedricRGT45
2024-03-29 08:57:38.234 [info] > git config --get commit.template [13ms]
2024-03-29 08:57:38.250 [info] > git rev-parse --show-toplevel [18ms]
2024-03-29 08:57:38.264 [info] > git rev-parse --git-dir --git-common-dir [2ms]
2024-03-29 08:57:38.271 [info] Open repository: /home/student/S01-OVitrine-cedricRGT45
2024-03-29 08:57:38.296 [info] > git for-each-ref --format=%(refname)%00%(upstream:short)%00%(objectname)%00%(upstream:track)%00%(upstream:remotename)%00%(upstream:remoteref) refs/heads/master refs/remotes/master [49ms]
2024-03-29 08:57:38.299 [info] > git config --get commit.template [16ms]
2024-03-29 08:57:38.314 [info] > git rev-parse --show-toplevel [19ms]
2024-03-29 08:57:38.342 [info] > git rev-parse --git-dir --git-common-dir [2ms]
2024-03-29 08:57:38.349 [info] Open repository: /home/student/S01-Ovitrine-J2-cedricRGT45
2024-03-29 08:57:38.449 [info] > git status -z -uall [122ms]
2024-03-29 08:57:38.449 [info] > git config --get commit.template [87ms]
2024-03-29 08:57:38.450 [info] > git for-each-ref --format=%(refname)%00%(upstream:short)%00%(objectname)%00%(upstream:track)%00%(upstream:remotename)%00%(upstream:remoteref) refs/heads/master refs/remotes/master [138ms]
2024-03-29 08:57:38.508 [info] > git rev-parse --show-toplevel [128ms]
2024-03-29 08:57:38.509 [info] fatal: not a git repository (or any of the parent directories): .git
2024-03-29 08:57:38.552 [info] > git config --get commit.template [73ms]
2024-03-29 08:57:38.555 [info] > git for-each-ref --format=%(refname)%00%(upstream:short)%00%(objectname)%00%(upstream:track)%00%(upstream:remotename)%00%(upstream:remoteref) refs/heads/master refs/remotes/master [34ms]
2024-03-29 08:57:38.594 [info] > git status -z -uall [21ms]
2024-03-29 08:57:38.595 [info] > git rev-parse --show-toplevel [55ms]
2024-03-29 08:57:38.595 [info] fatal: not a git repository (or any of the parent directories): .git
2024-03-29 08:57:38.797 [info] > git for-each-ref --format=%(refname)%00%(upstream:short)%00%(objectname)%00%(upstream:track)%00%(upstream:remotename)%00%(upstream:remoteref) refs/heads/master refs/remotes/master [204ms]
2024-03-29 08:57:38.834 [info] > git config --get commit.template [7ms]
2024-03-29 08:57:39.017 [info] > git status -z -uall [169ms]
2024-03-29 08:57:39.017 [info] > git status -z -uall [150ms]
2024-03-29 08:57:39.018 [info] > git for-each-ref --format=%(refname)%00%(upstream:short)%00%(objectname)%00%(upstream:track)%00%(upstream:remotename)%00%(upstream:remoteref) refs/heads/master refs/remotes/master [138ms]
2024-03-29 08:57:39.100 [info] > git check-ignore -v -z --stdin [33ms]
2024-03-29 08:57:39.102 [info] > git config --get commit.template [20ms]
2024-03-29 08:57:39.203 [info] > git status -z -uall [87ms]
2024-03-29 08:57:39.203 [info] > git for-each-ref --format=%(refname)%00%(upstream:short)%00%(objectname)%00%(upstream:track)%00%(upstream:remotename)%00%(upstream:remoteref) refs/heads/master refs/remotes/master [74ms]
2024-03-29 08:57:39.289 [info] > git status -z -uall [11ms]
2024-03-29 09:01:42.057 [info] > git config --get commit.template [14ms]
2024-03-29 09:01:42.058 [info] > git for-each-ref --format=%(refname)%00%(upstream:short)%00%(objectname)%00%(upstream:track)%00%(upstream:remotename)%00%(upstream:remoteref) refs/heads/master refs/remotes/master [5ms]
2024-03-29 09:01:42.075 [info] > git status -z -uall [3ms]
2024-03-29 09:06:19.351 [info] > git check-ignore -v -z --stdin [26ms]
2024-03-29 09:06:19.353 [info] > git check-ignore -v -z --stdin [16ms]
2024-03-29 09:06:19.353 [info] > git check-ignore -v -z --stdin [4ms]
2024-03-29 09:06:22.890 [info] > git check-ignore -v -z --stdin [2ms]
2024-03-29 09:06:24.254 [info] > git show --textconv :énoncés/J04.md [39ms]
2024-03-29 09:06:24.254 [info] > git ls-files --stage -- /home/student/S01-OVitrine-J3-cedricRGT45/énoncés/J04.md [28ms]
2024-03-29 09:06:24.273 [info] > git cat-file -s a55e176efe35940a1842eee1fa21d330beb50736 [5ms]
2024-03-29 09:09:42.793 [info] > git rev-parse --show-toplevel [2ms]
2024-03-29 09:09:42.809 [info] > git rev-parse --git-dir --git-common-dir [2ms]
2024-03-29 09:09:42.821 [info] Open repository: /home/student/S01-OVitrine-BenoitOClock
2024-03-29 09:09:42.850 [info] > git config --get commit.template [15ms]
2024-03-29 09:09:42.851 [info] > git for-each-ref --format=%(refname)%00%(upstream:short)%00%(objectname)%00%(upstream:track)%00%(upstream:remotename)%00%(upstream:remoteref) refs/heads/master refs/remotes/master [3ms]
2024-03-29 09:09:42.851 [warning] No such branch: master.
2024-03-29 09:09:42.867 [info] > git status -z -uall [2ms]
2024-03-29 09:09:42.903 [info] > git config --get commit.template [14ms]
2024-03-29 09:09:42.905 [info] > git for-each-ref --format=%(refname)%00%(upstream:short)%00%(objectname)%00%(upstream:track)%00%(upstream:remotename)%00%(upstream:remoteref) refs/heads/master refs/remotes/master [3ms]
2024-03-29 09:09:42.905 [warning] No such branch: master.
2024-03-29 09:09:42.922 [info] > git status -z -uall [4ms]
2024-03-29 09:09:43.690 [info] > git check-ignore -v -z --stdin [47ms]
2024-03-29 09:09:43.690 [info] > git check-ignore -v -z --stdin [32ms]
2024-03-29 09:09:43.691 [info] > git check-ignore -v -z --stdin [19ms]
2024-03-29 09:09:43.691 [info] > git check-ignore -v -z --stdin [6ms]
2024-03-29 09:09:45.054 [info] > git config --get commit.template [14ms]
2024-03-29 09:09:45.056 [info] > git for-each-ref --format=%(refname)%00%(upstream:short)%00%(objectname)%00%(upstream:track)%00%(upstream:remotename)%00%(upstream:remoteref) refs/heads/main refs/remotes/main [2ms]
2024-03-29 09:09:45.068 [warning] ENOENT: no such file or directory, open '/home/student/S01-OVitrine-BenoitOClock/.git/refs/remotes/origin/main'
2024-03-29 09:09:45.070 [info] > git rev-parse refs/remotes/origin/main [2ms]
2024-03-29 09:09:45.090 [info] > git status -z -uall [8ms]
2024-03-29 09:12:52.520 [info] > git check-ignore -v -z --stdin [2ms]
2024-03-29 09:13:30.614 [info] > git check-ignore -v -z --stdin [2ms]
2024-03-29 09:13:35.703 [info] > git check-ignore -v -z --stdin [3ms]
2024-03-29 09:14:18.498 [info] > git config --get commit.template [13ms]
2024-03-29 09:14:18.499 [info] > git for-each-ref --format=%(refname)%00%(upstream:short)%00%(objectname)%00%(upstream:track)%00%(upstream:remotename)%00%(upstream:remoteref) refs/heads/master refs/remotes/master [3ms]
2024-03-29 09:14:18.516 [info] > git status -z -uall [3ms]
2024-03-29 09:14:18.886 [info] > git check-ignore -v -z --stdin [2ms]
2024-03-29 09:15:02.230 [info] > git check-ignore -v -z --stdin [2ms]
2024-03-29 09:15:25.914 [info] > git check-ignore -v -z --stdin [2ms]
2024-03-29 09:15:36.316 [info] > git check-ignore -v -z --stdin [2ms]
2024-03-29 09:21:04.934 [info] > git config --get commit.template [14ms]
2024-03-29 09:21:04.935 [info] > git for-each-ref --format=%(refname)%00%(upstream:short)%00%(objectname)%00%(upstream:track)%00%(upstream:remotename)%00%(upstream:remoteref) refs/heads/main refs/remotes/main [2ms]
2024-03-29 09:21:04.949 [warning] ENOENT: no such file or directory, open '/home/student/S01-OVitrine-BenoitOClock/.git/refs/remotes/origin/main'
2024-03-29 09:21:04.951 [info] > git rev-parse refs/remotes/origin/main [2ms]
2024-03-29 09:21:04.971 [info] > git status -z -uall [6ms]
2024-03-29 09:21:10.018 [info] > git config --get commit.template [21ms]
2024-03-29 09:21:10.020 [info] > git for-each-ref --format=%(refname)%00%(upstream:short)%00%(objectname)%00%(upstream:track)%00%(upstream:remotename)%00%(upstream:remoteref) refs/heads/main refs/remotes/main [4ms]
2024-03-29 09:21:10.034 [warning] ENOENT: no such file or directory, open '/home/student/S01-OVitrine-BenoitOClock/.git/refs/remotes/origin/main'
2024-03-29 09:21:10.038 [info] > git rev-parse refs/remotes/origin/main [4ms]
2024-03-29 09:21:10.059 [info] > git status -z -uall [7ms]
2024-03-29 09:21:16.068 [info] > git check-ignore -v -z --stdin [2ms]
2024-03-29 09:21:17.975 [info] > git check-ignore -v -z --stdin [2ms]
2024-03-29 09:21:47.047 [info] > git config --get commit.template [14ms]
2024-03-29 09:21:47.048 [info] > git for-each-ref --format=%(refname)%00%(upstream:short)%00%(objectname)%00%(upstream:track)%00%(upstream:remotename)%00%(upstream:remoteref) refs/heads/jour4 refs/remotes/jour4 [2ms]
2024-03-29 09:21:47.063 [warning] ENOENT: no such file or directory, open '/home/student/S01-OVitrine-BenoitOClock/.git/refs/remotes/origin/jour4'
2024-03-29 09:21:47.066 [info] > git rev-parse refs/remotes/origin/jour4 [3ms]
2024-03-29 09:21:47.094 [info] > git status -z -uall [13ms]
2024-03-29 09:21:47.131 [info] > git check-ignore -v -z --stdin [2ms]
2024-03-29 09:22:50.661 [info] > git check-ignore -v -z --stdin [2ms]
2024-03-29 09:23:15.907 [info] > git check-ignore -v -z --stdin [2ms]
2024-03-29 09:23:18.065 [info] > git check-ignore -v -z --stdin [3ms]
2024-03-29 09:23:44.903 [info] > git check-ignore -v -z --stdin [4ms]
2024-03-29 09:23:46.240 [info] > git check-ignore -v -z --stdin [4ms]
2024-03-29 09:23:48.217 [info] > git check-ignore -v -z --stdin [3ms]
2024-03-29 09:23:53.652 [info] > git show --textconv :conception/plantuml_out/plant_erd_bdd.puml [15ms]
2024-03-29 09:23:53.654 [info] > git ls-files --stage -- /home/student/S01-Ovitrine-J2-cedricRGT45/conception/plantuml_out/plant_erd_bdd.puml [3ms]
2024-03-29 09:25:06.210 [info] > git config --get commit.template [31ms]
2024-03-29 09:25:06.222 [info] > git for-each-ref --format=%(refname)%00%(upstream:short)%00%(objectname)%00%(upstream:track)%00%(upstream:remotename)%00%(upstream:remoteref) refs/heads/master refs/remotes/master [13ms]
2024-03-29 09:25:06.266 [info] > git status -z -uall [12ms]
2024-03-29 09:25:13.257 [info] > git config --get commit.template [52ms]
2024-03-29 09:25:13.259 [info] > git for-each-ref --format=%(refname)%00%(upstream:short)%00%(objectname)%00%(upstream:track)%00%(upstream:remotename)%00%(upstream:remoteref) refs/heads/master refs/remotes/master [3ms]
2024-03-29 09:25:13.286 [info] > git status -z -uall [8ms]
2024-03-29 09:25:42.871 [info] > git config --get commit.template [35ms]
2024-03-29 09:25:42.872 [info] > git for-each-ref --format=%(refname)%00%(upstream:short)%00%(objectname)%00%(upstream:track)%00%(upstream:remotename)%00%(upstream:remoteref) refs/heads/master refs/remotes/master [3ms]
2024-03-29 09:25:42.922 [info] > git status -z -uall [4ms]
2024-03-29 09:25:47.998 [info] > git config --get commit.template [22ms]
2024-03-29 09:25:48.014 [info] > git for-each-ref --format=%(refname)%00%(upstream:short)%00%(objectname)%00%(upstream:track)%00%(upstream:remotename)%00%(upstream:remoteref) refs/heads/master refs/remotes/master [17ms]
2024-03-29 09:25:48.089 [info] > git status -z -uall [20ms]
2024-03-29 09:26:06.759 [info] > git config --get commit.template [33ms]
2024-03-29 09:26:06.770 [info] > git for-each-ref --format=%(refname)%00%(upstream:short)%00%(objectname)%00%(upstream:track)%00%(upstream:remotename)%00%(upstream:remoteref) refs/heads/master refs/remotes/master [12ms]
2024-03-29 09:26:06.830 [info] > git status -z -uall [32ms]
2024-03-29 09:26:11.900 [info] > git config --get commit.template [31ms]
2024-03-29 09:26:11.905 [info] > git for-each-ref --format=%(refname)%00%(upstream:short)%00%(objectname)%00%(upstream:track)%00%(upstream:remotename)%00%(upstream:remoteref) refs/heads/master refs/remotes/master [5ms]
2024-03-29 09:26:11.947 [info] > git status -z -uall [10ms]
2024-03-29 09:26:17.003 [info] > git config --get commit.template [20ms]
2024-03-29 09:26:17.009 [info] > git for-each-ref --format=%(refname)%00%(upstream:short)%00%(objectname)%00%(upstream:track)%00%(upstream:remotename)%00%(upstream:remoteref) refs/heads/master refs/remotes/master [6ms]
2024-03-29 09:26:17.069 [info] > git status -z -uall [23ms]
2024-03-29 09:26:22.102 [info] > git config --get commit.template [15ms]
2024-03-29 09:26:22.105 [info] > git for-each-ref --format=%(refname)%00%(upstream:short)%00%(objectname)%00%(upstream:track)%00%(upstream:remotename)%00%(upstream:remoteref) refs/heads/master refs/remotes/master [3ms]
2024-03-29 09:26:22.123 [info] > git status -z -uall [3ms]
2024-03-29 09:27:11.187 [info] > git config --get commit.template [35ms]
2024-03-29 09:27:11.205 [info] > git for-each-ref --format=%(refname)%00%(upstream:short)%00%(objectname)%00%(upstream:track)%00%(upstream:remotename)%00%(upstream:remoteref) refs/heads/master refs/remotes/master [20ms]
2024-03-29 09:27:11.254 [info] > git status -z -uall [16ms]
2024-03-29 09:27:31.496 [info] > git for-each-ref --format=%(refname)%00%(upstream:short)%00%(objectname)%00%(upstream:track)%00%(upstream:remotename)%00%(upstream:remoteref) refs/heads/master refs/remotes/master [1ms]
2024-03-29 09:27:31.496 [info] > git config --get commit.template [41ms]
2024-03-29 09:27:31.548 [info] > git status -z -uall [18ms]
2024-03-29 09:28:56.237 [info] > git check-ignore -v -z --stdin [3ms]
2024-03-29 09:29:04.445 [info] > git config --get commit.template [23ms]
2024-03-29 09:29:04.446 [info] > git for-each-ref --format=%(refname)%00%(upstream:short)%00%(objectname)%00%(upstream:track)%00%(upstream:remotename)%00%(upstream:remoteref) refs/heads/master refs/remotes/master [6ms]
2024-03-29 09:29:04.472 [info] > git status -z -uall [4ms]
2024-03-29 09:29:05.413 [info] > git check-ignore -v -z --stdin [3ms]
2024-03-29 09:29:05.915 [info] > git config --get commit.template [4ms]
2024-03-29 09:29:05.934 [info] > git for-each-ref --format=%(refname)%00%(upstream:short)%00%(objectname)%00%(upstream:track)%00%(upstream:remotename)%00%(upstream:remoteref) refs/heads/master refs/remotes/master [3ms]
2024-03-29 09:29:05.953 [info] > git status -z -uall [4ms]
2024-03-29 09:29:09.510 [info] > git config --get commit.template [16ms]
2024-03-29 09:29:09.514 [info] > git for-each-ref --format=%(refname)%00%(upstream:short)%00%(objectname)%00%(upstream:track)%00%(upstream:remotename)%00%(upstream:remoteref) refs/heads/master refs/remotes/master [4ms]
2024-03-29 09:29:09.536 [info] > git status -z -uall [4ms]
2024-03-29 09:29:15.107 [info] > git check-ignore -v -z --stdin [2ms]
2024-03-29 09:29:16.544 [info] > git show --textconv :src/marvellus.db [19ms]
2024-03-29 09:29:16.546 [info] > git ls-files --stage -- /home/student/S01-OVitrine-J3-cedricRGT45/src/marvellus.db [3ms]
2024-03-29 09:29:20.201 [info] > git check-ignore -v -z --stdin [3ms]
2024-03-29 09:29:20.715 [info] > git config --get commit.template [16ms]
2024-03-29 09:29:20.716 [info] > git for-each-ref --format=%(refname)%00%(upstream:short)%00%(objectname)%00%(upstream:track)%00%(upstream:remotename)%00%(upstream:remoteref) refs/heads/master refs/remotes/master [2ms]
2024-03-29 09:29:20.735 [info] > git status -z -uall [3ms]
2024-03-29 09:32:04.019 [info] > git config --get commit.template [15ms]
2024-03-29 09:32:04.020 [info] > git for-each-ref --format=%(refname)%00%(upstream:short)%00%(objectname)%00%(upstream:track)%00%(upstream:remotename)%00%(upstream:remoteref) refs/heads/master refs/remotes/master [2ms]
2024-03-29 09:32:04.039 [info] > git status -z -uall [4ms]
2024-03-29 09:38:26.477 [info] > git check-ignore -v -z --stdin [2ms]
2024-03-29 09:38:31.285 [info] > git check-ignore -v -z --stdin [5ms]
2024-03-29 09:38:37.311 [info] > git check-ignore -v -z --stdin [2ms]
2024-03-29 09:38:39.603 [info] > git check-ignore -v -z --stdin [2ms]
2024-03-29 09:39:02.075 [info] > git show --textconv :src/server.ts [43ms]
2024-03-29 09:39:02.077 [info] > git ls-files --stage -- /home/student/S01-OVitrine-BenoitOClock/src/server.ts [18ms]
2024-03-29 09:39:02.167 [info] > git cat-file -s 8694ed60d7ee99435b14f7f007fc9d7287d488bc [69ms]
2024-03-29 09:39:06.600 [info] > git show --textconv :package.json [22ms]
2024-03-29 09:39:06.605 [info] > git ls-files --stage -- /home/student/S01-OVitrine-BenoitOClock/package.json [7ms]
2024-03-29 09:39:06.629 [info] > git cat-file -s fd59e84c5483199b0c82777abdf51d888a9bc2ac [6ms]
2024-03-29 09:40:05.303 [info] > git config --get commit.template [24ms]
2024-03-29 09:40:05.305 [info] > git for-each-ref --format=%(refname)%00%(upstream:short)%00%(objectname)%00%(upstream:track)%00%(upstream:remotename)%00%(upstream:remoteref) refs/heads/jour4 refs/remotes/jour4 [5ms]
2024-03-29 09:40:05.327 [warning] ENOENT: no such file or directory, open '/home/student/S01-OVitrine-BenoitOClock/.git/refs/remotes/origin/jour4'
2024-03-29 09:40:05.332 [info] > git rev-parse refs/remotes/origin/jour4 [6ms]
2024-03-29 09:40:05.404 [info] > git status -z -uall [50ms]
2024-03-29 09:40:05.414 [info] > git check-ignore -v -z --stdin [20ms]
2024-03-29 09:40:10.444 [info] > git config --get commit.template [17ms]
2024-03-29 09:40:10.446 [info] > git for-each-ref --format=%(refname)%00%(upstream:short)%00%(objectname)%00%(upstream:track)%00%(upstream:remotename)%00%(upstream:remoteref) refs/heads/jour4 refs/remotes/jour4 [3ms]
2024-03-29 09:40:10.462 [warning] ENOENT: no such file or directory, open '/home/student/S01-OVitrine-BenoitOClock/.git/refs/remotes/origin/jour4'
2024-03-29 09:40:10.464 [info] > git rev-parse refs/remotes/origin/jour4 [2ms]
2024-03-29 09:40:10.493 [info] > git status -z -uall [11ms]
2024-03-29 09:40:40.028 [info] > git show --textconv :src/models/project.ts [19ms]
2024-03-29 09:40:40.030 [info] > git ls-files --stage -- /home/student/S01-OVitrine-BenoitOClock/src/models/project.ts [3ms]
2024-03-29 09:40:40.051 [info] > git cat-file -s d085550f808d8554fd92999d6e54d347e3c94fc4 [2ms]
2024-03-29 09:42:58.914 [info] > git show --textconv :db.sql [18ms]
2024-03-29 09:42:58.915 [info] > git ls-files --stage -- /home/student/S01-OVitrine-BenoitOClock/db.sql [2ms]
2024-03-29 09:42:58.933 [info] > git cat-file -s ba93e8f57e7266be3ec922b0e9b6fb5cce8ab7ed [2ms]
2024-03-29 09:43:18.135 [info] > git config --get commit.template [18ms]
2024-03-29 09:43:18.136 [info] > git for-each-ref --format=%(refname)%00%(upstream:short)%00%(objectname)%00%(upstream:track)%00%(upstream:remotename)%00%(upstream:remoteref) refs/heads/jour4 refs/remotes/jour4 [3ms]
2024-03-29 09:43:18.151 [warning] ENOENT: no such file or directory, open '/home/student/S01-OVitrine-BenoitOClock/.git/refs/remotes/origin/jour4'
2024-03-29 09:43:18.153 [info] > git rev-parse refs/remotes/origin/jour4 [2ms]
2024-03-29 09:43:18.181 [info] > git status -z -uall [12ms]
2024-03-29 09:43:23.222 [info] > git config --get commit.template [20ms]
2024-03-29 09:43:23.224 [info] > git for-each-ref --format=%(refname)%00%(upstream:short)%00%(objectname)%00%(upstream:track)%00%(upstream:remotename)%00%(upstream:remoteref) refs/heads/jour4 refs/remotes/jour4 [4ms]
2024-03-29 09:43:23.240 [warning] ENOENT: no such file or directory, open '/home/student/S01-OVitrine-BenoitOClock/.git/refs/remotes/origin/jour4'
2024-03-29 09:43:23.245 [info] > git rev-parse refs/remotes/origin/jour4 [5ms]
2024-03-29 09:43:23.271 [info] > git status -z -uall [11ms]
2024-03-29 09:43:28.307 [info] > git config --get commit.template [17ms]
2024-03-29 09:43:28.309 [info] > git for-each-ref --format=%(refname)%00%(upstream:short)%00%(objectname)%00%(upstream:track)%00%(upstream:remotename)%00%(upstream:remoteref) refs/heads/jour4 refs/remotes/jour4 [4ms]
2024-03-29 09:43:28.324 [warning] ENOENT: no such file or directory, open '/home/student/S01-OVitrine-BenoitOClock/.git/refs/remotes/origin/jour4'
2024-03-29 09:43:28.326 [info] > git rev-parse refs/remotes/origin/jour4 [2ms]
2024-03-29 09:43:28.352 [info] > git status -z -uall [11ms]
2024-03-29 09:43:33.389 [info] > git config --get commit.template [18ms]
2024-03-29 09:43:33.391 [info] > git for-each-ref --format=%(refname)%00%(upstream:short)%00%(objectname)%00%(upstream:track)%00%(upstream:remotename)%00%(upstream:remoteref) refs/heads/jour4 refs/remotes/jour4 [3ms]
2024-03-29 09:43:33.406 [warning] ENOENT: no such file or directory, open '/home/student/S01-OVitrine-BenoitOClock/.git/refs/remotes/origin/jour4'
2024-03-29 09:43:33.408 [info] > git rev-parse refs/remotes/origin/jour4 [2ms]
2024-03-29 09:43:33.434 [info] > git status -z -uall [10ms]
2024-03-29 09:45:02.333 [info] > git config --get commit.template [24ms]
2024-03-29 09:45:02.334 [info] > git for-each-ref --format=%(refname)%00%(upstream:short)%00%(objectname)%00%(upstream:track)%00%(upstream:remotename)%00%(upstream:remoteref) refs/heads/jour4 refs/remotes/jour4 [5ms]
2024-03-29 09:45:02.354 [warning] ENOENT: no such file or directory, open '/home/student/S01-OVitrine-BenoitOClock/.git/refs/remotes/origin/jour4'
2024-03-29 09:45:02.357 [info] > git rev-parse refs/remotes/origin/jour4 [3ms]
2024-03-29 09:45:02.393 [info] > git status -z -uall [12ms]
2024-03-29 09:45:07.438 [info] > git config --get commit.template [20ms]
2024-03-29 09:45:07.440 [info] > git for-each-ref --format=%(refname)%00%(upstream:short)%00%(objectname)%00%(upstream:track)%00%(upstream:remotename)%00%(upstream:remoteref) refs/heads/jour4 refs/remotes/jour4 [4ms]
2024-03-29 09:45:07.458 [warning] ENOENT: no such file or directory, open '/home/student/S01-OVitrine-BenoitOClock/.git/refs/remotes/origin/jour4'
2024-03-29 09:45:07.460 [info] > git rev-parse refs/remotes/origin/jour4 [2ms]
2024-03-29 09:45:07.492 [info] > git status -z -uall [11ms]
2024-03-29 09:45:14.628 [info] > git show --textconv :db.sql [19ms]
2024-03-29 09:45:14.629 [info] > git ls-files --stage -- /home/student/S01-OVitrine-BenoitOClock/db.sql [3ms]
2024-03-29 09:45:14.648 [info] > git cat-file -s ba93e8f57e7266be3ec922b0e9b6fb5cce8ab7ed [2ms]
2024-03-29 09:45:58.522 [info] > git show --textconv :src/models/model.ts [20ms]
2024-03-29 09:45:58.523 [info] > git ls-files --stage -- /home/student/S01-OVitrine-BenoitOClock/src/models/model.ts [3ms]
2024-03-29 09:45:58.543 [info] > git cat-file -s 58131dd67f86ca032ce1e7435070f0637a93a790 [4ms]
2024-03-29 09:46:46.766 [info] > git show --textconv :src/server.ts [16ms]
2024-03-29 09:46:46.768 [info] > git ls-files --stage -- /home/student/S01-OVitrine-BenoitOClock/src/server.ts [3ms]
2024-03-29 09:46:46.784 [info] > git cat-file -s 8694ed60d7ee99435b14f7f007fc9d7287d488bc [2ms]
2024-03-29 09:48:27.502 [info] > git config --get commit.template [16ms]
2024-03-29 09:48:27.504 [info] > git for-each-ref --format=%(refname)%00%(upstream:short)%00%(objectname)%00%(upstream:track)%00%(upstream:remotename)%00%(upstream:remoteref) refs/heads/jour4 refs/remotes/jour4 [3ms]
2024-03-29 09:48:27.522 [warning] ENOENT: no such file or directory, open '/home/student/S01-OVitrine-BenoitOClock/.git/refs/remotes/origin/jour4'
2024-03-29 09:48:27.523 [info] > git rev-parse refs/remotes/origin/jour4 [2ms]
2024-03-29 09:48:27.551 [info] > git status -z -uall [12ms]
2024-03-29 09:48:34.618 [info] > git config --get commit.template [17ms]
2024-03-29 09:48:34.619 [info] > git for-each-ref --format=%(refname)%00%(upstream:short)%00%(objectname)%00%(upstream:track)%00%(upstream:remotename)%00%(upstream:remoteref) refs/heads/jour4 refs/remotes/jour4 [2ms]
2024-03-29 09:48:34.635 [warning] ENOENT: no such file or directory, open '/home/student/S01-OVitrine-BenoitOClock/.git/refs/remotes/origin/jour4'
2024-03-29 09:48:34.637 [info] > git rev-parse refs/remotes/origin/jour4 [2ms]
2024-03-29 09:48:34.663 [info] > git status -z -uall [11ms]
2024-03-29 09:48:40.097 [info] > git config --get commit.template [3ms]
2024-03-29 09:48:40.115 [info] > git for-each-ref --format=%(refname)%00%(upstream:short)%00%(objectname)%00%(upstream:track)%00%(upstream:remotename)%00%(upstream:remoteref) refs/heads/jour4 refs/remotes/jour4 [2ms]
2024-03-29 09:48:40.132 [warning] ENOENT: no such file or directory, open '/home/student/S01-OVitrine-BenoitOClock/.git/refs/remotes/origin/jour4'
2024-03-29 09:48:40.134 [info] > git rev-parse refs/remotes/origin/jour4 [2ms]
2024-03-29 09:48:40.159 [info] > git status -z -uall [10ms]
2024-03-29 09:49:26.866 [info] > git config --get commit.template [19ms]
2024-03-29 09:49:26.868 [info] > git for-each-ref --format=%(refname)%00%(upstream:short)%00%(objectname)%00%(upstream:track)%00%(upstream:remotename)%00%(upstream:remoteref) refs/heads/jour4 refs/remotes/jour4 [3ms]
2024-03-29 09:49:26.885 [warning] ENOENT: no such file or directory, open '/home/student/S01-OVitrine-BenoitOClock/.git/refs/remotes/origin/jour4'
2024-03-29 09:49:26.888 [info] > git rev-parse refs/remotes/origin/jour4 [3ms]
2024-03-29 09:49:26.916 [info] > git status -z -uall [12ms]
2024-03-29 09:50:10.282 [info] > git show --textconv :src/routes/routes.ts [20ms]
2024-03-29 09:50:10.283 [info] > git ls-files --stage -- /home/student/S01-OVitrine-BenoitOClock/src/routes/routes.ts [3ms]
2024-03-29 09:50:10.303 [info] > git cat-file -s 25d52670fdf9e96c781dd3a18c2f624960f031f2 [3ms]
2024-03-29 09:50:36.954 [info] > git config --get commit.template [13ms]
2024-03-29 09:50:36.985 [info] > git for-each-ref --format=%(refname)%00%(upstream:short)%00%(objectname)%00%(upstream:track)%00%(upstream:remotename)%00%(upstream:remoteref) refs/heads/jour4 refs/remotes/jour4 [2ms]
2024-03-29 09:50:37.003 [warning] ENOENT: no such file or directory, open '/home/student/S01-OVitrine-BenoitOClock/.git/refs/remotes/origin/jour4'
2024-03-29 09:50:37.005 [info] > git rev-parse refs/remotes/origin/jour4 [2ms]
2024-03-29 09:50:37.038 [info] > git status -z -uall [15ms]
2024-03-29 09:50:42.080 [info] > git config --get commit.template [19ms]
2024-03-29 09:50:42.086 [info] > git for-each-ref --format=%(refname)%00%(upstream:short)%00%(objectname)%00%(upstream:track)%00%(upstream:remotename)%00%(upstream:remoteref) refs/heads/jour4 refs/remotes/jour4 [7ms]
2024-03-29 09:50:42.103 [warning] ENOENT: no such file or directory, open '/home/student/S01-OVitrine-BenoitOClock/.git/refs/remotes/origin/jour4'
2024-03-29 09:50:42.106 [info] > git rev-parse refs/remotes/origin/jour4 [2ms]
2024-03-29 09:50:42.133 [info] > git status -z -uall [11ms]
2024-03-29 09:50:48.570 [info] > git config --get commit.template [23ms]
2024-03-29 09:50:48.574 [info] > git for-each-ref --format=%(refname)%00%(upstream:short)%00%(objectname)%00%(upstream:track)%00%(upstream:remotename)%00%(upstream:remoteref) refs/heads/jour4 refs/remotes/jour4 [5ms]
2024-03-29 09:50:48.593 [warning] ENOENT: no such file or directory, open '/home/student/S01-OVitrine-BenoitOClock/.git/refs/remotes/origin/jour4'
2024-03-29 09:50:48.596 [info] > git rev-parse refs/remotes/origin/jour4 [4ms]
2024-03-29 09:50:48.626 [info] > git status -z -uall [13ms]
2024-03-29 09:51:42.014 [info] > git check-ignore -v -z --stdin [2ms]
2024-03-29 09:51:44.243 [info] > git show --textconv :src/controllers/dashboardController.ts [21ms]
2024-03-29 09:51:44.244 [info] > git ls-files --stage -- /home/student/S01-OVitrine-BenoitOClock/src/controllers/dashboardController.ts [4ms]
2024-03-29 09:51:44.265 [info] > git cat-file -s 187b42745c03feba95b381d9f7f068c1c3e35f2e [3ms]
2024-03-29 09:51:45.220 [info] > git show --textconv :src/controllers/projectDetailController.ts [21ms]
2024-03-29 09:51:45.222 [info] > git ls-files --stage -- /home/student/S01-OVitrine-BenoitOClock/src/controllers/projectDetailController.ts [5ms]
2024-03-29 09:51:45.240 [info] > git cat-file -s cc1e872aa2d80834f31aeaea88fbe2f2685716f7 [3ms]
2024-03-29 09:51:46.652 [info] > git show --textconv :src/controllers/dashboardController.ts [18ms]
2024-03-29 09:51:46.654 [info] > git ls-files --stage -- /home/student/S01-OVitrine-BenoitOClock/src/controllers/dashboardController.ts [4ms]
2024-03-29 09:51:46.674 [info] > git cat-file -s 187b42745c03feba95b381d9f7f068c1c3e35f2e [4ms]
2024-03-29 09:52:51.859 [info] > git show --textconv :src/models/project.ts [17ms]
2024-03-29 09:52:51.862 [info] > git ls-files --stage -- /home/student/S01-OVitrine-BenoitOClock/src/models/project.ts [4ms]
2024-03-29 09:52:51.883 [info] > git cat-file -s d085550f808d8554fd92999d6e54d347e3c94fc4 [6ms]
2024-03-29 09:53:09.050 [info] > git show --textconv :src/controllers/dashboardController.ts [21ms]
2024-03-29 09:53:09.053 [info] > git ls-files --stage -- /home/student/S01-OVitrine-BenoitOClock/src/controllers/dashboardController.ts [5ms]
2024-03-29 09:53:09.072 [info] > git cat-file -s 187b42745c03feba95b381d9f7f068c1c3e35f2e [3ms]
2024-03-29 09:53:14.164 [info] > git show --textconv :src/controllers/projectDetailController.ts [23ms]
2024-03-29 09:53:14.165 [info] > git ls-files --stage -- /home/student/S01-OVitrine-BenoitOClock/src/controllers/projectDetailController.ts [5ms]
2024-03-29 09:53:14.189 [info] > git cat-file -s cc1e872aa2d80834f31aeaea88fbe2f2685716f7 [4ms]
2024-03-29 09:54:29.220 [info] > git show --textconv :src/models/owner.ts [18ms]
2024-03-29 09:54:29.220 [info] > git ls-files --stage -- /home/student/S01-OVitrine-BenoitOClock/src/models/owner.ts [3ms]
2024-03-29 09:54:29.238 [info] > git cat-file -s b1c07607878d74c7d3919712c933a3db8a34552f [2ms]
2024-03-29 09:54:30.288 [info] > git show --textconv :src/models/model.ts [17ms]
2024-03-29 09:54:30.290 [info] > git ls-files --stage -- /home/student/S01-OVitrine-BenoitOClock/src/models/model.ts [3ms]
2024-03-29 09:54:30.308 [info] > git cat-file -s 58131dd67f86ca032ce1e7435070f0637a93a790 [2ms]
2024-03-29 09:54:31.177 [info] > git show --textconv :src/models/project.ts [18ms]
2024-03-29 09:54:31.178 [info] > git ls-files --stage -- /home/student/S01-OVitrine-BenoitOClock/src/models/project.ts [3ms]
2024-03-29 09:54:31.201 [info] > git cat-file -s d085550f808d8554fd92999d6e54d347e3c94fc4 [6ms]
2024-03-29 09:54:42.319 [info] > git show --textconv :src/models/project.ts [20ms]
2024-03-29 09:54:42.321 [info] > git ls-files --stage -- /home/student/S01-OVitrine-BenoitOClock/src/models/project.ts [6ms]
2024-03-29 09:54:42.339 [info] > git cat-file -s d085550f808d8554fd92999d6e54d347e3c94fc4 [2ms]
2024-03-29 09:55:11.924 [info] > git show --textconv :src/controllers/projectDetailController.ts [21ms]
2024-03-29 09:55:11.926 [info] > git ls-files --stage -- /home/student/S01-OVitrine-BenoitOClock/src/controllers/projectDetailController.ts [3ms]
2024-03-29 09:55:11.945 [info] > git cat-file -s cc1e872aa2d80834f31aeaea88fbe2f2685716f7 [2ms]
2024-03-29 09:56:39.659 [info] > git show --textconv :src/models/model.ts [21ms]
2024-03-29 09:56:39.662 [info] > git ls-files --stage -- /home/student/S01-OVitrine-BenoitOClock/src/models/model.ts [4ms]
2024-03-29 09:56:39.682 [info] > git cat-file -s 58131dd67f86ca032ce1e7435070f0637a93a790 [3ms]
2024-03-29 10:07:39.974 [info] > git show --textconv :src/models/owner.ts [17ms]
2024-03-29 10:07:39.976 [info] > git ls-files --stage -- /home/student/S01-OVitrine-BenoitOClock/src/models/owner.ts [3ms]
2024-03-29 10:07:39.994 [info] > git cat-file -s b1c07607878d74c7d3919712c933a3db8a34552f [2ms]
2024-03-29 10:08:21.323 [info] > git check-ignore -v -z --stdin [2ms]
2024-03-29 10:08:27.570 [info] > git check-ignore -v -z --stdin [3ms]
2024-03-29 10:08:32.202 [info] > git show --textconv :src/views/dashboard.ejs [22ms]
2024-03-29 10:08:32.207 [info] > git ls-files --stage -- /home/student/S01-OVitrine-BenoitOClock/src/views/dashboard.ejs [6ms]
2024-03-29 10:08:32.225 [info] > git cat-file -s d4c481070a970a4998ed2e23e7ed431314783d37 [2ms]
2024-03-29 10:09:46.447 [info] > git show --textconv :src/models/model.ts [20ms]
2024-03-29 10:09:46.448 [info] > git ls-files --stage -- /home/student/S01-OVitrine-BenoitOClock/src/models/model.ts [4ms]
2024-03-29 10:09:46.468 [info] > git cat-file -s 58131dd67f86ca032ce1e7435070f0637a93a790 [5ms]
2024-03-29 10:12:19.063 [info] > git show --textconv :src/models/owner.ts [22ms]
2024-03-29 10:12:19.065 [info] > git ls-files --stage -- /home/student/S01-OVitrine-BenoitOClock/src/models/owner.ts [7ms]
2024-03-29 10:12:19.084 [info] > git cat-file -s b1c07607878d74c7d3919712c933a3db8a34552f [3ms]
2024-03-29 10:30:42.606 [info] > git show --textconv :src/models/model.ts [20ms]
2024-03-29 10:30:42.607 [info] > git ls-files --stage -- /home/student/S01-OVitrine-BenoitOClock/src/models/model.ts [2ms]
2024-03-29 10:30:42.628 [info] > git cat-file -s 58131dd67f86ca032ce1e7435070f0637a93a790 [3ms]
2024-03-29 10:31:26.510 [info] > git show --textconv :src/models/project.ts [20ms]
2024-03-29 10:31:26.511 [info] > git ls-files --stage -- /home/student/S01-OVitrine-BenoitOClock/src/models/project.ts [4ms]
2024-03-29 10:31:26.535 [info] > git cat-file -s d085550f808d8554fd92999d6e54d347e3c94fc4 [3ms]
2024-03-29 11:03:51.075 [info] > git config --get commit.template [17ms]
2024-03-29 11:03:51.077 [info] > git for-each-ref --format=%(refname)%00%(upstream:short)%00%(objectname)%00%(upstream:track)%00%(upstream:remotename)%00%(upstream:remoteref) refs/heads/jour4 refs/remotes/jour4 [3ms]
2024-03-29 11:03:51.093 [warning] ENOENT: no such file or directory, open '/home/student/S01-OVitrine-BenoitOClock/.git/refs/remotes/origin/jour4'
2024-03-29 11:03:51.095 [info] > git rev-parse refs/remotes/origin/jour4 [3ms]
2024-03-29 11:03:51.121 [info] > git status -z -uall [10ms]
2024-03-29 11:03:51.203 [info] > git ls-files --stage -- /home/student/S01-OVitrine-BenoitOClock/src/models/project.ts [3ms]
2024-03-29 11:03:51.225 [info] > git cat-file -s d085550f808d8554fd92999d6e54d347e3c94fc4 [3ms]
2024-03-29 11:03:51.349 [info] > git show --textconv :src/models/project.ts [3ms]
2024-03-29 11:03:52.636 [info] > git ls-files --stage -- /home/student/S01-OVitrine-BenoitOClock/src/models/project.ts [2ms]
2024-03-29 11:03:52.654 [info] > git cat-file -s d085550f808d8554fd92999d6e54d347e3c94fc4 [3ms]
2024-03-29 11:03:52.696 [info] > git show --textconv :src/models/project.ts [3ms]
2024-03-29 11:03:56.158 [info] > git config --get commit.template [18ms]
2024-03-29 11:03:56.160 [info] > git for-each-ref --format=%(refname)%00%(upstream:short)%00%(objectname)%00%(upstream:track)%00%(upstream:remotename)%00%(upstream:remoteref) refs/heads/jour4 refs/remotes/jour4 [2ms]
2024-03-29 11:03:56.176 [warning] ENOENT: no such file or directory, open '/home/student/S01-OVitrine-BenoitOClock/.git/refs/remotes/origin/jour4'
2024-03-29 11:03:56.178 [info] > git rev-parse refs/remotes/origin/jour4 [2ms]
2024-03-29 11:03:56.205 [info] > git status -z -uall [11ms]
2024-03-29 11:44:12.652 [info] > git config --get commit.template [20ms]
2024-03-29 11:44:12.652 [info] > git for-each-ref --format=%(refname)%00%(upstream:short)%00%(objectname)%00%(upstream:track)%00%(upstream:remotename)%00%(upstream:remoteref) refs/heads/jour4 refs/remotes/jour4 [3ms]
2024-03-29 11:44:12.669 [warning] ENOENT: no such file or directory, open '/home/student/S01-OVitrine-BenoitOClock/.git/refs/remotes/origin/jour4'
2024-03-29 11:44:12.671 [info] > git rev-parse refs/remotes/origin/jour4 [2ms]
2024-03-29 11:44:12.698 [info] > git status -z -uall [11ms]
2024-03-29 11:44:17.740 [info] > git config --get commit.template [22ms]
2024-03-29 11:44:17.741 [info] > git for-each-ref --format=%(refname)%00%(upstream:short)%00%(objectname)%00%(upstream:track)%00%(upstream:remotename)%00%(upstream:remoteref) refs/heads/jour4 refs/remotes/jour4 [3ms]
2024-03-29 11:44:17.771 [info] > git status -z -uall [11ms]
