2024-03-28 21:51:51.099 [info] Log level: Info
2024-03-28 21:51:51.099 [info] Validating found git in: "git"
2024-03-28 21:51:51.099 [info] Using git "2.34.1" from "git"
2024-03-28 21:51:51.099 [info] > git rev-parse --show-toplevel [25ms]
2024-03-28 21:51:51.099 [info] fatal: not a git repository (or any of the parent directories): .git
2024-03-28 21:51:51.102 [info] > git rev-parse --show-toplevel [3ms]
2024-03-28 21:51:51.114 [info] > git rev-parse --git-dir --git-common-dir [2ms]
2024-03-28 21:51:51.134 [info] Open repository: /home/student/S01-Ovitrine-J2-cedricRGT45
2024-03-28 21:51:51.161 [info] > git config --get commit.template [12ms]
2024-03-28 21:51:51.162 [info] > git rev-parse --show-toplevel [4ms]
2024-03-28 21:51:51.162 [info] fatal: not a git repository (or any of the parent directories): .git
2024-03-28 21:51:51.186 [info] > git for-each-ref --format=%(refname)%00%(upstream:short)%00%(objectname)%00%(upstream:track)%00%(upstream:remotename)%00%(upstream:remoteref) refs/heads/master refs/remotes/master [12ms]
2024-03-28 21:51:51.187 [info] > git rev-parse --show-toplevel [3ms]
2024-03-28 21:51:51.188 [info] fatal: not a git repository (or any of the parent directories): .git
2024-03-28 21:51:51.213 [info] > git rev-parse --show-toplevel [16ms]
2024-03-28 21:51:51.214 [info] fatal: not a git repository (or any of the parent directories): .git
2024-03-28 21:51:51.227 [info] > git status -z -uall [15ms]
2024-03-28 21:51:51.249 [info] > git rev-parse --show-toplevel [24ms]
2024-03-28 21:51:51.249 [info] fatal: not a git repository (or any of the parent directories): .git
2024-03-28 21:51:51.251 [info] > git config --get commit.template [2ms]
2024-03-28 21:51:51.280 [info] > git rev-parse --show-toplevel [14ms]
2024-03-28 21:51:51.281 [info] fatal: not a git repository (or any of the parent directories): .git
2024-03-28 21:51:51.282 [info] > git for-each-ref --format=%(refname)%00%(upstream:short)%00%(objectname)%00%(upstream:track)%00%(upstream:remotename)%00%(upstream:remoteref) refs/heads/master refs/remotes/master [3ms]
2024-03-28 21:51:51.305 [info] > git rev-parse --show-toplevel [13ms]
2024-03-28 21:51:51.306 [info] fatal: not a git repository (or any of the parent directories): .git
2024-03-28 21:51:51.462 [info] > git status -z -uall [158ms]
2024-03-28 21:51:51.463 [info] > git rev-parse --show-toplevel [136ms]
2024-03-28 21:51:51.463 [info] fatal: not a git repository (or any of the parent directories): .git
2024-03-28 21:51:51.483 [info] > git rev-parse --show-toplevel [2ms]
2024-03-28 21:51:51.483 [info] fatal: not a git repository (or any of the parent directories): .git
2024-03-28 21:51:51.495 [info] > git rev-parse --show-toplevel [3ms]
2024-03-28 21:51:51.507 [info] > git rev-parse --git-dir --git-common-dir [2ms]
2024-03-28 21:51:51.514 [info] Open repository: /home/student/S01-OVitrine-cedricRGT45
2024-03-28 21:51:51.537 [info] > git config --get commit.template [12ms]
2024-03-28 21:51:51.538 [info] > git rev-parse --show-toplevel [2ms]
2024-03-28 21:51:51.538 [info] fatal: not a git repository (or any of the parent directories): .git
2024-03-28 21:51:51.558 [info] > git for-each-ref --format=%(refname)%00%(upstream:short)%00%(objectname)%00%(upstream:track)%00%(upstream:remotename)%00%(upstream:remoteref) refs/heads/master refs/remotes/master [11ms]
2024-03-28 21:51:51.560 [info] > git rev-parse --show-toplevel [2ms]
2024-03-28 21:51:51.560 [info] fatal: not a git repository (or any of the parent directories): .git
2024-03-28 21:51:51.583 [info] > git status -z -uall [6ms]
2024-03-28 21:51:51.616 [info] > git for-each-ref --format=%(refname)%00%(upstream:short)%00%(objectname)%00%(upstream:track)%00%(upstream:remotename)%00%(upstream:remoteref) refs/heads/master refs/remotes/master [6ms]
2024-03-28 21:51:51.617 [info] > git config --get commit.template [17ms]
2024-03-28 21:51:51.632 [info] > git status -z -uall [3ms]
2024-03-28 21:51:51.851 [info] > git show --textconv :conception/plantuml_out/plant_erd_bdd.puml [20ms]
2024-03-28 21:51:51.852 [info] > git ls-files --stage -- /home/student/S01-Ovitrine-J2-cedricRGT45/conception/plantuml_out/plant_erd_bdd.puml [5ms]
2024-03-28 21:51:52.467 [info] > git check-ignore -v -z --stdin [24ms]
2024-03-28 21:51:52.469 [info] > git check-ignore -v -z --stdin [13ms]
2024-03-28 21:52:01.098 [info] > git check-ignore -v -z --stdin [3ms]
2024-03-28 21:52:36.993 [info] > git rev-parse --show-toplevel [2ms]
2024-03-28 21:52:36.993 [info] fatal: not a git repository (or any of the parent directories): .git
2024-03-28 21:52:57.502 [info] > git rev-parse --show-toplevel [2ms]
2024-03-28 21:52:57.502 [info] fatal: not a git repository (or any of the parent directories): .git
2024-03-28 21:53:06.890 [info] > git rev-parse --show-toplevel [10ms]
2024-03-28 21:53:06.890 [info] fatal: not a git repository (or any of the parent directories): .git
2024-03-28 21:53:19.391 [info] > git rev-parse --show-toplevel [4ms]
2024-03-28 21:53:19.391 [info] fatal: not a git repository (or any of the parent directories): .git
2024-03-28 21:53:46.701 [info] > git check-ignore -v -z --stdin [3ms]
2024-03-28 21:54:04.739 [info] > git show --textconv :conception/plantuml_out/plant_erd_bdd.puml [17ms]
2024-03-28 21:54:04.742 [info] > git ls-files --stage -- /home/student/S01-Ovitrine-J2-cedricRGT45/conception/plantuml_out/plant_erd_bdd.puml [3ms]
2024-03-28 21:54:29.278 [info] > git merge-base refs/heads/master refs/remotes/origin/master [30ms]
2024-03-28 21:54:29.300 [info] > git merge-base refs/heads/master refs/remotes/origin/master [24ms]
2024-03-28 21:54:29.316 [info] > git rev-list --count --left-right refs/heads/master...refs/remotes/origin/master [19ms]
2024-03-28 21:54:29.323 [info] > git rev-list --count --left-right refs/heads/master...refs/remotes/origin/master [8ms]
2024-03-28 21:54:29.921 [info] > git rev-parse --show-toplevel [3ms]
2024-03-28 21:54:29.921 [info] fatal: not a git repository (or any of the parent directories): .git
2024-03-28 21:54:29.937 [info] > git rev-parse --show-toplevel [2ms]
2024-03-28 21:54:29.937 [info] fatal: not a git repository (or any of the parent directories): .git
2024-03-28 21:54:30.403 [info] > git check-ignore -v -z --stdin [2ms]
2024-03-28 21:54:43.629 [info] > git for-each-ref --sort -committerdate --format %(refname) %(objectname) %(*objectname) [4ms]
2024-03-28 21:59:32.344 [info] > git rev-parse --show-toplevel [2ms]
2024-03-28 21:59:32.361 [info] > git rev-parse --git-dir --git-common-dir [2ms]
2024-03-28 21:59:32.374 [info] Open repository: /home/student/S01-OVitrine-J3-cedricRGT45
2024-03-28 21:59:32.407 [info] > git config --get commit.template [18ms]
2024-03-28 21:59:32.407 [info] > git for-each-ref --format=%(refname)%00%(upstream:short)%00%(objectname)%00%(upstream:track)%00%(upstream:remotename)%00%(upstream:remoteref) refs/heads/master refs/remotes/master [2ms]
2024-03-28 21:59:32.408 [warning] No such branch: master.
2024-03-28 21:59:32.425 [info] > git status -z -uall [2ms]
2024-03-28 21:59:32.447 [info] > git config --get commit.template [2ms]
2024-03-28 21:59:32.462 [info] > git for-each-ref --format=%(refname)%00%(upstream:short)%00%(objectname)%00%(upstream:track)%00%(upstream:remotename)%00%(upstream:remoteref) refs/heads/master refs/remotes/master [2ms]
2024-03-28 21:59:32.462 [warning] No such branch: master.
2024-03-28 21:59:32.478 [info] > git status -z -uall [3ms]
2024-03-28 21:59:33.150 [info] > git check-ignore -v -z --stdin [34ms]
2024-03-28 21:59:33.151 [info] > git check-ignore -v -z --stdin [21ms]
2024-03-28 21:59:33.152 [info] > git check-ignore -v -z --stdin [5ms]
2024-03-28 21:59:34.712 [info] > git config --get commit.template [17ms]
2024-03-28 21:59:34.713 [info] > git for-each-ref --format=%(refname)%00%(upstream:short)%00%(objectname)%00%(upstream:track)%00%(upstream:remotename)%00%(upstream:remoteref) refs/heads/master refs/remotes/master [3ms]
2024-03-28 21:59:34.728 [warning] ENOENT: no such file or directory, open '/home/student/S01-OVitrine-J3-cedricRGT45/.git/refs/remotes/origin/master'
2024-03-28 21:59:34.730 [info] > git rev-parse refs/remotes/origin/master [2ms]
2024-03-28 21:59:34.758 [info] > git status -z -uall [13ms]
2024-03-28 21:59:54.512 [info] > git config --get commit.template [16ms]
2024-03-28 21:59:54.514 [info] > git for-each-ref --format=%(refname)%00%(upstream:short)%00%(objectname)%00%(upstream:track)%00%(upstream:remotename)%00%(upstream:remoteref) refs/heads/master refs/remotes/master [3ms]
2024-03-28 21:59:54.529 [warning] ENOENT: no such file or directory, open '/home/student/S01-OVitrine-J3-cedricRGT45/.git/refs/remotes/origin/master'
2024-03-28 21:59:54.531 [info] > git rev-parse refs/remotes/origin/master [2ms]
2024-03-28 21:59:54.558 [info] > git status -z -uall [13ms]
2024-03-28 22:01:00.238 [info] > git check-ignore -v -z --stdin [2ms]
2024-03-28 22:01:01.984 [info] > git check-ignore -v -z --stdin [2ms]
2024-03-28 22:01:04.681 [info] > git check-ignore -v -z --stdin [3ms]
2024-03-28 22:01:37.224 [info] > git check-ignore -v -z --stdin [3ms]
2024-03-28 22:03:43.875 [info] > git config --get commit.template [23ms]
2024-03-28 22:03:43.880 [info] > git for-each-ref --format=%(refname)%00%(upstream:short)%00%(objectname)%00%(upstream:track)%00%(upstream:remotename)%00%(upstream:remoteref) refs/heads/master refs/remotes/master [7ms]
2024-03-28 22:03:43.913 [info] > git status -z -uall [15ms]
2024-03-28 22:11:44.466 [info] > git config --get commit.template [37ms]
2024-03-28 22:11:44.473 [info] > git for-each-ref --format=%(refname)%00%(upstream:short)%00%(objectname)%00%(upstream:track)%00%(upstream:remotename)%00%(upstream:remoteref) refs/heads/master refs/remotes/master [11ms]
2024-03-28 22:11:44.500 [info] > git status -z -uall [5ms]
2024-03-28 22:11:49.568 [info] > git config --get commit.template [27ms]
2024-03-28 22:11:49.573 [info] > git for-each-ref --format=%(refname)%00%(upstream:short)%00%(objectname)%00%(upstream:track)%00%(upstream:remotename)%00%(upstream:remoteref) refs/heads/master refs/remotes/master [6ms]
2024-03-28 22:11:49.621 [info] > git status -z -uall [18ms]
2024-03-28 22:12:00.922 [info] > git config --get commit.template [19ms]
2024-03-28 22:12:00.923 [info] > git for-each-ref --format=%(refname)%00%(upstream:short)%00%(objectname)%00%(upstream:track)%00%(upstream:remotename)%00%(upstream:remoteref) refs/heads/master refs/remotes/master [3ms]
2024-03-28 22:12:00.945 [info] > git status -z -uall [4ms]
2024-03-28 22:13:54.477 [info] > git config --get commit.template [22ms]
2024-03-28 22:13:54.481 [info] > git for-each-ref --format=%(refname)%00%(upstream:short)%00%(objectname)%00%(upstream:track)%00%(upstream:remotename)%00%(upstream:remoteref) refs/heads/master refs/remotes/master [5ms]
2024-03-28 22:13:54.504 [warning] ENOENT: no such file or directory, open '/home/student/S01-OVitrine-J3-cedricRGT45/.git/refs/remotes/origin/master'
2024-03-28 22:13:54.505 [info] > git rev-parse refs/remotes/origin/master [2ms]
2024-03-28 22:13:54.537 [info] > git status -z -uall [16ms]
2024-03-28 22:14:06.350 [info] > git check-ignore -v -z --stdin [29ms]
2024-03-28 22:14:06.353 [info] > git check-ignore -v -z --stdin [6ms]
2024-03-28 22:15:37.864 [info] > git show --textconv :conception/plantuml_out/plant_erd_bdd.puml [29ms]
2024-03-28 22:15:37.868 [info] > git ls-files --stage -- /home/student/S01-Ovitrine-J2-cedricRGT45/conception/plantuml_out/plant_erd_bdd.puml [6ms]
2024-03-28 22:15:43.197 [info] > git config --get commit.template [21ms]
2024-03-28 22:15:43.202 [info] > git for-each-ref --format=%(refname)%00%(upstream:short)%00%(objectname)%00%(upstream:track)%00%(upstream:remotename)%00%(upstream:remoteref) refs/heads/master refs/remotes/master [7ms]
2024-03-28 22:15:43.241 [info] > git status -z -uall [6ms]
2024-03-28 22:15:48.298 [info] > git config --get commit.template [20ms]
2024-03-28 22:15:48.302 [info] > git for-each-ref --format=%(refname)%00%(upstream:short)%00%(objectname)%00%(upstream:track)%00%(upstream:remotename)%00%(upstream:remoteref) refs/heads/master refs/remotes/master [6ms]
2024-03-28 22:15:48.340 [info] > git status -z -uall [4ms]
2024-03-28 22:15:53.389 [info] > git config --get commit.template [23ms]
2024-03-28 22:15:53.391 [info] > git for-each-ref --format=%(refname)%00%(upstream:short)%00%(objectname)%00%(upstream:track)%00%(upstream:remotename)%00%(upstream:remoteref) refs/heads/master refs/remotes/master [3ms]
2024-03-28 22:15:53.415 [info] > git status -z -uall [7ms]
2024-03-28 22:18:34.792 [info] > git config --get commit.template [38ms]
2024-03-28 22:18:34.796 [info] > git for-each-ref --format=%(refname)%00%(upstream:short)%00%(objectname)%00%(upstream:track)%00%(upstream:remotename)%00%(upstream:remoteref) refs/heads/master refs/remotes/master [6ms]
2024-03-28 22:18:34.843 [info] > git status -z -uall [20ms]
2024-03-28 22:19:06.784 [info] > git config --get commit.template [17ms]
2024-03-28 22:19:06.785 [info] > git for-each-ref --format=%(refname)%00%(upstream:short)%00%(objectname)%00%(upstream:track)%00%(upstream:remotename)%00%(upstream:remoteref) refs/heads/master refs/remotes/master [3ms]
2024-03-28 22:19:06.803 [warning] ENOENT: no such file or directory, open '/home/student/S01-OVitrine-J3-cedricRGT45/.git/refs/remotes/origin/master'
2024-03-28 22:19:06.805 [info] > git rev-parse refs/remotes/origin/master [2ms]
2024-03-28 22:19:06.833 [info] > git status -z -uall [12ms]
2024-03-28 22:19:16.244 [info] > git show --textconv :conception/plantuml_out/plant_erd_bdd.puml [18ms]
2024-03-28 22:19:16.245 [info] > git ls-files --stage -- /home/student/S01-Ovitrine-J2-cedricRGT45/conception/plantuml_out/plant_erd_bdd.puml [3ms]
2024-03-28 22:19:21.620 [info] > git config --get commit.template [35ms]
2024-03-28 22:19:21.633 [info] > git for-each-ref --format=%(refname)%00%(upstream:short)%00%(objectname)%00%(upstream:track)%00%(upstream:remotename)%00%(upstream:remoteref) refs/heads/master refs/remotes/master [14ms]
2024-03-28 22:19:21.673 [info] > git status -z -uall [8ms]
2024-03-28 22:19:26.740 [info] > git config --get commit.template [35ms]
2024-03-28 22:19:26.745 [info] > git for-each-ref --format=%(refname)%00%(upstream:short)%00%(objectname)%00%(upstream:track)%00%(upstream:remotename)%00%(upstream:remoteref) refs/heads/master refs/remotes/master [6ms]
2024-03-28 22:19:26.773 [info] > git status -z -uall [1ms]
2024-03-28 22:19:56.900 [info] > git rev-parse --show-toplevel [5ms]
2024-03-28 22:19:56.901 [info] fatal: not a git repository (or any of the parent directories): .git
2024-03-28 23:13:52.898 [info] > git config --get commit.template [21ms]
2024-03-28 23:13:52.899 [info] > git for-each-ref --format=%(refname)%00%(upstream:short)%00%(objectname)%00%(upstream:track)%00%(upstream:remotename)%00%(upstream:remoteref) refs/heads/master refs/remotes/master [3ms]
2024-03-28 23:13:52.917 [warning] ENOENT: no such file or directory, open '/home/student/S01-OVitrine-J3-cedricRGT45/.git/refs/remotes/origin/master'
2024-03-28 23:13:52.920 [info] > git rev-parse refs/remotes/origin/master [3ms]
2024-03-28 23:13:52.953 [info] > git status -z -uall [12ms]
2024-03-28 23:15:13.352 [info] > git config --get commit.template [16ms]
2024-03-28 23:15:13.353 [info] > git for-each-ref --format=%(refname)%00%(upstream:short)%00%(objectname)%00%(upstream:track)%00%(upstream:remotename)%00%(upstream:remoteref) refs/heads/master refs/remotes/master [3ms]
2024-03-28 23:15:13.369 [warning] ENOENT: no such file or directory, open '/home/student/S01-OVitrine-J3-cedricRGT45/.git/refs/remotes/origin/master'
2024-03-28 23:15:13.371 [info] > git rev-parse refs/remotes/origin/master [3ms]
2024-03-28 23:15:13.400 [info] > git status -z -uall [13ms]
2024-03-28 23:15:22.312 [info] > git config --get commit.template [15ms]
2024-03-28 23:15:22.313 [info] > git for-each-ref --format=%(refname)%00%(upstream:short)%00%(objectname)%00%(upstream:track)%00%(upstream:remotename)%00%(upstream:remoteref) refs/heads/master refs/remotes/master [3ms]
2024-03-28 23:15:22.328 [warning] ENOENT: no such file or directory, open '/home/student/S01-OVitrine-J3-cedricRGT45/.git/refs/remotes/origin/master'
2024-03-28 23:15:22.330 [info] > git rev-parse refs/remotes/origin/master [2ms]
2024-03-28 23:15:22.357 [info] > git status -z -uall [12ms]
2024-03-28 23:16:51.125 [info] > git config --get commit.template [16ms]
2024-03-28 23:16:51.126 [info] > git for-each-ref --format=%(refname)%00%(upstream:short)%00%(objectname)%00%(upstream:track)%00%(upstream:remotename)%00%(upstream:remoteref) refs/heads/master refs/remotes/master [3ms]
2024-03-28 23:16:51.144 [warning] ENOENT: no such file or directory, open '/home/student/S01-OVitrine-J3-cedricRGT45/.git/refs/remotes/origin/master'
2024-03-28 23:16:51.148 [info] > git rev-parse refs/remotes/origin/master [4ms]
2024-03-28 23:16:51.185 [info] > git status -z -uall [19ms]
2024-03-28 23:18:22.151 [info] > git config --get commit.template [15ms]
2024-03-28 23:18:22.152 [info] > git for-each-ref --format=%(refname)%00%(upstream:short)%00%(objectname)%00%(upstream:track)%00%(upstream:remotename)%00%(upstream:remoteref) refs/heads/master refs/remotes/master [3ms]
2024-03-28 23:18:22.170 [warning] ENOENT: no such file or directory, open '/home/student/S01-OVitrine-J3-cedricRGT45/.git/refs/remotes/origin/master'
2024-03-28 23:18:22.172 [info] > git rev-parse refs/remotes/origin/master [1ms]
2024-03-28 23:18:22.199 [info] > git status -z -uall [13ms]
2024-03-28 23:18:27.233 [info] > git config --get commit.template [15ms]
2024-03-28 23:18:27.235 [info] > git for-each-ref --format=%(refname)%00%(upstream:short)%00%(objectname)%00%(upstream:track)%00%(upstream:remotename)%00%(upstream:remoteref) refs/heads/master refs/remotes/master [3ms]
2024-03-28 23:18:27.250 [warning] ENOENT: no such file or directory, open '/home/student/S01-OVitrine-J3-cedricRGT45/.git/refs/remotes/origin/master'
2024-03-28 23:18:27.252 [info] > git rev-parse refs/remotes/origin/master [2ms]
2024-03-28 23:18:27.278 [info] > git status -z -uall [12ms]
2024-03-28 23:24:31.745 [info] > git config --get commit.template [24ms]
2024-03-28 23:24:31.749 [info] > git for-each-ref --format=%(refname)%00%(upstream:short)%00%(objectname)%00%(upstream:track)%00%(upstream:remotename)%00%(upstream:remoteref) refs/heads/master refs/remotes/master [9ms]
2024-03-28 23:24:31.773 [warning] ENOENT: no such file or directory, open '/home/student/S01-OVitrine-J3-cedricRGT45/.git/refs/remotes/origin/master'
2024-03-28 23:24:31.775 [info] > git rev-parse refs/remotes/origin/master [3ms]
2024-03-28 23:24:31.797 [info] > git status -z -uall [6ms]
2024-03-28 23:24:50.935 [info] > git config --get commit.template [14ms]
2024-03-28 23:24:50.938 [info] > git for-each-ref --format=%(refname)%00%(upstream:short)%00%(objectname)%00%(upstream:track)%00%(upstream:remotename)%00%(upstream:remoteref) refs/heads/master refs/remotes/master [4ms]
2024-03-28 23:24:50.952 [warning] ENOENT: no such file or directory, open '/home/student/S01-OVitrine-J3-cedricRGT45/.git/refs/remotes/origin/master'
2024-03-28 23:24:50.954 [info] > git rev-parse refs/remotes/origin/master [2ms]
2024-03-28 23:24:50.971 [info] > git status -z -uall [3ms]
