2024-06-18 13:03:05.234 [info] Log level: Info
2024-06-18 13:03:05.234 [info] Validating found git in: "git"
2024-06-18 13:03:05.234 [info] Using git "2.34.1" from "git"
2024-06-18 13:03:05.234 [info] > git rev-parse --show-toplevel [241ms]
2024-06-18 13:03:05.234 [info] > git rev-parse --git-dir --git-common-dir [68ms]
2024-06-18 13:03:05.234 [info] Open repository: /home/student
2024-06-18 13:03:05.308 [info] > git rev-parse --show-toplevel [58ms]
2024-06-18 13:03:05.309 [info] > git config --get commit.template [64ms]
2024-06-18 13:03:05.375 [info] > git rev-parse --git-dir --git-common-dir [35ms]
2024-06-18 13:03:05.401 [info] Open repository: /home/student/S03_CICD
2024-06-18 13:03:05.481 [info] > git for-each-ref --format=%(refname)%00%(upstream:short)%00%(objectname)%00%(upstream:track)%00%(upstream:remotename)%00%(upstream:remoteref) refs/heads/main refs/remotes/main [125ms]
2024-06-18 13:03:05.486 [info] > git rev-parse --show-toplevel [37ms]
2024-06-18 13:03:05.487 [info] > git config --get commit.template [64ms]
2024-06-18 13:03:05.586 [info] > git rev-parse --show-toplevel [59ms]
2024-06-18 13:03:05.661 [info] > git for-each-ref --format=%(refname)%00%(upstream:short)%00%(objectname)%00%(upstream:track)%00%(upstream:remotename)%00%(upstream:remoteref) refs/heads/master refs/remotes/master [120ms]
2024-06-18 13:03:05.769 [warning] ENOENT: no such file or directory, open '/home/student/S03_CICD/.git/refs/remotes/origin/master'
2024-06-18 13:03:05.774 [info] > git rev-parse --show-toplevel [29ms]
2024-06-18 13:03:05.801 [info] > git rev-parse refs/remotes/origin/master [33ms]
2024-06-18 13:03:05.833 [info] > git rev-parse --show-toplevel [40ms]
2024-06-18 13:03:05.874 [info] > git rev-parse --show-toplevel [19ms]
2024-06-18 13:03:05.894 [info] > git status -z -uall [62ms]
2024-06-18 13:03:06.303 [info] > git merge-base refs/heads/master refs/remotes/origin/master [359ms]
2024-06-18 13:03:06.314 [info] > git rev-parse --show-toplevel [421ms]
2024-06-18 13:03:06.345 [info] > git check-ignore -v -z --stdin [19ms]
2024-06-18 13:03:06.353 [info] > git rev-list --count --left-right refs/heads/master...refs/remotes/origin/master [41ms]
2024-06-18 13:03:06.374 [info] > git config --get commit.template [163ms]
2024-06-18 13:03:06.383 [info] > git rev-parse --show-toplevel [48ms]
2024-06-18 13:03:06.399 [info] > git diff --name-status -z --diff-filter=ADMR 4c00948e25e702a642836f79638d3d376e03e5ea...refs/remotes/origin/master [25ms]
2024-06-18 13:03:06.401 [info] > git for-each-ref --format=%(refname)%00%(upstream:short)%00%(objectname)%00%(upstream:track)%00%(upstream:remotename)%00%(upstream:remoteref) refs/heads/master refs/remotes/master [12ms]
2024-06-18 13:03:06.414 [warning] ENOENT: no such file or directory, open '/home/student/S03_CICD/.git/refs/remotes/origin/master'
2024-06-18 13:03:06.415 [info] > git rev-parse --show-toplevel [18ms]
2024-06-18 13:03:06.425 [info] > git rev-parse refs/remotes/origin/master [11ms]
2024-06-18 13:03:06.494 [info] > git status -z -uall [54ms]
2024-06-18 13:03:06.494 [info] > git rev-parse --show-toplevel [70ms]
2024-06-18 13:03:06.612 [info] > git status -z -uall [971ms]
2024-06-18 13:03:06.614 [info] > git rev-parse --show-toplevel [96ms]
2024-06-18 13:03:08.520 [info] > git merge-base refs/heads/main refs/remotes/origin/main [1801ms]
2024-06-18 13:03:08.528 [info] > git config --get commit.template [28ms]
2024-06-18 13:03:08.529 [info] > git rev-parse --show-toplevel [34ms]
2024-06-18 13:03:08.550 [info] > git rev-list --count --left-right refs/heads/main...refs/remotes/origin/main [24ms]
2024-06-18 13:03:08.558 [info] > git for-each-ref --format=%(refname)%00%(upstream:short)%00%(objectname)%00%(upstream:track)%00%(upstream:remotename)%00%(upstream:remoteref) refs/heads/main refs/remotes/main [9ms]
2024-06-18 13:03:08.558 [info] > git rev-parse --git-dir --git-common-dir [16ms]
2024-06-18 13:03:08.564 [info] Open repository: /home/student/S02_Coclock_Working
2024-06-18 13:03:08.576 [info] > git diff --name-status -z --diff-filter=ADMR 82fdcc4827cad87ccb8e6374629a90d1dd519f36...refs/remotes/origin/main [20ms]
2024-06-18 13:03:08.578 [info] > git rev-parse --show-toplevel [3ms]
2024-06-18 13:03:08.594 [info] > git config --get commit.template [23ms]
2024-06-18 13:03:08.596 [info] > git show --textconv :projet/docker-compose.yml [9ms]
2024-06-18 13:03:08.643 [info] > git ls-files --stage -- /home/student/S03_CICD/projet/docker-compose.yml [50ms]
2024-06-18 13:03:08.651 [info] > git for-each-ref --format=%(refname)%00%(upstream:short)%00%(objectname)%00%(upstream:track)%00%(upstream:remotename)%00%(upstream:remoteref) refs/heads/master refs/remotes/master [8ms]
2024-06-18 13:03:08.659 [warning] ENOENT: no such file or directory, open '/home/student/S02_Coclock_Working/.git/refs/remotes/origin/master'
2024-06-18 13:03:08.659 [info] > git cat-file -s edaebe619282101d7e72a657d56e0fc851ae1e59 [10ms]
2024-06-18 13:03:08.673 [info] > git rev-parse refs/remotes/origin/master [15ms]
2024-06-18 13:03:08.892 [info] > git status -z -uall [213ms]
2024-06-18 13:03:08.916 [info] > git merge-base refs/heads/master refs/remotes/origin/master [18ms]
2024-06-18 13:03:08.929 [info] > git config --get commit.template [14ms]
2024-06-18 13:03:08.951 [info] > git rev-list --count --left-right refs/heads/master...refs/remotes/origin/master [23ms]
2024-06-18 13:03:08.958 [info] > git for-each-ref --format=%(refname)%00%(upstream:short)%00%(objectname)%00%(upstream:track)%00%(upstream:remotename)%00%(upstream:remoteref) refs/heads/master refs/remotes/master [11ms]
2024-06-18 13:03:08.967 [warning] ENOENT: no such file or directory, open '/home/student/S02_Coclock_Working/.git/refs/remotes/origin/master'
2024-06-18 13:03:08.986 [info] > git diff --name-status -z --diff-filter=ADMR 55e66f96c5ba6b77b9d257d5579e211274f560ad...refs/remotes/origin/master [29ms]
2024-06-18 13:03:08.990 [info] > git rev-parse refs/remotes/origin/master [23ms]
2024-06-18 13:03:09.063 [info] > git status -z -uall [461ms]
2024-06-18 13:03:11.074 [info] > git status -z -uall [2080ms]
2024-06-18 13:03:11.095 [info] > git check-ignore -v -z --stdin [11ms]
2024-06-18 13:13:22.089 [info] > git config --get commit.template [1ms]
2024-06-18 13:13:22.107 [info] > git for-each-ref --format=%(refname)%00%(upstream:short)%00%(objectname)%00%(upstream:track)%00%(upstream:remotename)%00%(upstream:remoteref) refs/heads/main refs/remotes/main [6ms]
2024-06-18 13:13:22.415 [info] > git status -z -uall [301ms]
