2024-06-20 10:04:25.981 [info] Log level: Info
2024-06-20 10:04:25.981 [info] Validating found git in: "git"
2024-06-20 10:04:25.981 [info] Using git "2.34.1" from "git"
2024-06-20 10:04:25.981 [info] > git rev-parse --show-toplevel [26ms]
2024-06-20 10:04:25.981 [info] > git rev-parse --git-dir --git-common-dir [4ms]
2024-06-20 10:04:25.981 [info] Open repository: /home/student
2024-06-20 10:04:25.981 [info] > git config --get commit.template [9ms]
2024-06-20 10:04:25.981 [info] > git rev-parse --show-toplevel [12ms]
2024-06-20 10:04:25.981 [info] > git rev-parse --show-toplevel [4ms]
2024-06-20 10:04:25.981 [info] > git rev-parse --show-toplevel [4ms]
2024-06-20 10:04:25.981 [info] > git for-each-ref --format=%(refname)%00%(upstream:short)%00%(objectname)%00%(upstream:track)%00%(upstream:remotename)%00%(upstream:remoteref) refs/heads/main refs/remotes/main [28ms]
2024-06-20 10:04:25.981 [info] > git rev-parse --show-toplevel [12ms]
2024-06-20 10:04:25.981 [info] > git rev-parse --show-toplevel [4ms]
2024-06-20 10:04:25.981 [info] > git rev-parse --show-toplevel [6ms]
2024-06-20 10:04:25.981 [info] > git rev-parse --show-toplevel [10ms]
2024-06-20 10:04:25.981 [info] > git rev-parse --show-toplevel [8ms]
2024-06-20 10:04:25.981 [info] > git rev-parse --show-toplevel [5ms]
2024-06-20 10:04:25.981 [info] > git rev-parse --show-toplevel [5ms]
2024-06-20 10:04:25.981 [info] > git rev-parse --show-toplevel [5ms]
2024-06-20 10:04:25.981 [info] > git rev-parse --git-dir --git-common-dir [4ms]
2024-06-20 10:04:25.981 [info] Open repository: /home/student/S02_Coclock_Working
2024-06-20 10:04:25.981 [info] > git config --get commit.template [6ms]
2024-06-20 10:04:25.981 [info] > git rev-parse --show-toplevel [12ms]
2024-06-20 10:04:25.981 [info] > git rev-parse --git-dir --git-common-dir [4ms]
2024-06-20 10:04:25.981 [info] Open repository: /home/student/S03_CICD
2024-06-20 10:04:25.981 [info] > git for-each-ref --format=%(refname)%00%(upstream:short)%00%(objectname)%00%(upstream:track)%00%(upstream:remotename)%00%(upstream:remoteref) refs/heads/master refs/remotes/master [45ms]
2024-06-20 10:04:25.981 [warning] ENOENT: no such file or directory, open '/home/student/S02_Coclock_Working/.git/refs/remotes/origin/master'
2024-06-20 10:04:25.981 [info] > git config --get commit.template [17ms]
2024-06-20 10:04:25.981 [info] > git rev-parse --show-toplevel [10ms]
2024-06-20 10:04:25.981 [info] > git rev-parse refs/remotes/origin/master [20ms]
2024-06-20 10:04:25.981 [info] > git rev-parse --git-dir --git-common-dir [11ms]
2024-06-20 10:04:25.981 [info] Open repository: /home/student/S03_challenge_E05_suspense-cedricRGT45
2024-06-20 10:04:25.981 [info] > git for-each-ref --format=%(refname)%00%(upstream:short)%00%(objectname)%00%(upstream:track)%00%(upstream:remotename)%00%(upstream:remoteref) refs/heads/master refs/remotes/master [49ms]
2024-06-20 10:04:25.981 [warning] ENOENT: no such file or directory, open '/home/student/S03_CICD/.git/refs/remotes/origin/master'
2024-06-20 10:04:25.981 [info] > git config --get commit.template [15ms]
2024-06-20 10:04:25.981 [info] > git rev-parse --show-toplevel [10ms]
2024-06-20 10:04:25.981 [info] > git rev-parse refs/remotes/origin/master [17ms]
2024-06-20 10:04:25.981 [info] > git rev-parse --git-dir --git-common-dir [10ms]
2024-06-20 10:04:25.982 [info] Open repository: /home/student/S03_challenge_E06_error-cedricRGT45
2024-06-20 10:04:25.982 [info] > git for-each-ref --format=%(refname)%00%(upstream:short)%00%(objectname)%00%(upstream:track)%00%(upstream:remotename)%00%(upstream:remoteref) refs/heads/master refs/remotes/master [30ms]
2024-06-20 10:04:25.982 [info] > git config --get commit.template [10ms]
2024-06-20 10:04:25.982 [info] > git status -z -uall [64ms]
2024-06-20 10:04:25.982 [info] > git rev-parse --show-toplevel [22ms]
2024-06-20 10:04:25.982 [info] > git status -z -uall [246ms]
2024-06-20 10:04:25.982 [info] > git merge-base refs/heads/master refs/remotes/origin/master [219ms]
2024-06-20 10:04:25.982 [info] > git for-each-ref --format=%(refname)%00%(upstream:short)%00%(objectname)%00%(upstream:track)%00%(upstream:remotename)%00%(upstream:remoteref) refs/heads/master refs/remotes/master [315ms]
2024-06-20 10:04:25.982 [warning] ENOENT: no such file or directory, open '/home/student/S03_challenge_E06_error-cedricRGT45/.git/refs/remotes/origin/master'
2024-06-20 10:04:25.982 [info] > git status -z -uall [599ms]
2024-06-20 10:04:25.982 [info] > git merge-base refs/heads/master refs/remotes/origin/master [176ms]
2024-06-20 10:04:25.982 [info] > git rev-list --count --left-right refs/heads/master...refs/remotes/origin/master [208ms]
2024-06-20 10:04:25.982 [info] > git config --get commit.template [429ms]
2024-06-20 10:04:25.982 [info] > git merge-base refs/heads/master refs/remotes/origin/master [55ms]
2024-06-20 10:04:25.982 [info] > git diff --name-status -z --diff-filter=ADMR 4c00948e25e702a642836f79638d3d376e03e5ea...refs/remotes/origin/master [74ms]
2024-06-20 10:04:25.982 [info] > git rev-list --count --left-right refs/heads/master...refs/remotes/origin/master [93ms]
2024-06-20 10:04:25.982 [info] > git rev-parse refs/remotes/origin/master [115ms]
2024-06-20 10:04:25.982 [info] > git config --get commit.template [135ms]
2024-06-20 10:04:25.982 [info] > git diff --name-status -z --diff-filter=ADMR 38c0e2c4c1ab2970ba68f1bf3edb3b5090905268...refs/remotes/origin/master [47ms]
2024-06-20 10:04:25.982 [info] > git rev-list --count --left-right refs/heads/master...refs/remotes/origin/master [61ms]
2024-06-20 10:04:25.982 [info] > git config --get commit.template [84ms]
2024-06-20 10:04:25.982 [info] > git for-each-ref --format=%(refname)%00%(upstream:short)%00%(objectname)%00%(upstream:track)%00%(upstream:remotename)%00%(upstream:remoteref) refs/heads/master refs/remotes/master [63ms]
2024-06-20 10:04:25.982 [info] > git diff --name-status -z --diff-filter=ADMR 55e66f96c5ba6b77b9d257d5579e211274f560ad...refs/remotes/origin/master [29ms]
2024-06-20 10:04:25.982 [warning] ENOENT: no such file or directory, open '/home/student/S03_CICD/.git/refs/remotes/origin/master'
2024-06-20 10:04:25.982 [info] > git for-each-ref --format=%(refname)%00%(upstream:short)%00%(objectname)%00%(upstream:track)%00%(upstream:remotename)%00%(upstream:remoteref) refs/heads/master refs/remotes/master [25ms]
2024-06-20 10:04:25.991 [info] > git rev-parse refs/remotes/origin/master [11ms]
2024-06-20 10:04:26.006 [info] > git status -z -uall [16ms]
2024-06-20 10:04:26.011 [info] > git for-each-ref --format=%(refname)%00%(upstream:short)%00%(objectname)%00%(upstream:track)%00%(upstream:remotename)%00%(upstream:remoteref) refs/heads/master refs/remotes/master [35ms]
2024-06-20 10:04:26.027 [warning] ENOENT: no such file or directory, open '/home/student/S02_Coclock_Working/.git/refs/remotes/origin/master'
2024-06-20 10:04:26.028 [info] > git status -z -uall [23ms]
2024-06-20 10:04:26.043 [info] > git status -z -uall [158ms]
2024-06-20 10:04:26.043 [info] > git rev-parse refs/remotes/origin/master [16ms]
2024-06-20 10:04:26.104 [info] > git merge-base refs/heads/master refs/remotes/origin/master [44ms]
2024-06-20 10:04:26.130 [info] > git config --get commit.template [37ms]
2024-06-20 10:04:26.215 [info] > git rev-list --count --left-right refs/heads/master...refs/remotes/origin/master [91ms]
2024-06-20 10:04:26.231 [info] > git diff --name-status -z --diff-filter=ADMR 079c219685ad4918fd50d800bd40ad5ff10c359a...refs/remotes/origin/master [10ms]
2024-06-20 10:04:26.236 [info] > git for-each-ref --format=%(refname)%00%(upstream:short)%00%(objectname)%00%(upstream:track)%00%(upstream:remotename)%00%(upstream:remoteref) refs/heads/master refs/remotes/master [5ms]
2024-06-20 10:04:26.241 [warning] ENOENT: no such file or directory, open '/home/student/S03_challenge_E06_error-cedricRGT45/.git/refs/remotes/origin/master'
2024-06-20 10:04:26.245 [info] > git rev-parse refs/remotes/origin/master [3ms]
2024-06-20 10:04:26.268 [info] > git status -z -uall [18ms]
2024-06-20 10:04:26.273 [info] > git status -z -uall [224ms]
2024-06-20 10:04:26.366 [info] > git status -z -uall [1431ms] (cancelled)
2024-06-20 10:04:26.378 [info] > git check-ignore -v -z --stdin [5ms]
2024-06-20 10:04:29.109 [info] > git check-ignore -v -z --stdin [26ms]
2024-06-20 10:04:29.112 [info] > git check-ignore -v -z --stdin [19ms]
2024-06-20 10:04:29.118 [info] > git check-ignore -v -z --stdin [11ms]
2024-06-20 10:04:29.122 [info] > git check-ignore -v -z --stdin [21ms]
2024-06-20 10:07:27.542 [info] > git check-ignore -v -z --stdin [11ms]
