2024-05-31 13:28:47.139 [info] Log level: Info
2024-05-31 13:28:47.139 [info] Validating found git in: "git"
2024-05-31 13:28:47.139 [info] Using git "2.34.1" from "git"
2024-05-31 13:28:47.139 [info] > git rev-parse --show-toplevel [6ms]
2024-05-31 13:28:47.140 [info] > git rev-parse --git-dir --git-common-dir [5ms]
2024-05-31 13:28:47.140 [info] Open repository: /home/student
2024-05-31 13:28:47.140 [info] > git config --get commit.template [23ms]
2024-05-31 13:28:47.140 [info] > git rev-parse --show-toplevel [21ms]
2024-05-31 13:28:47.141 [info] > git for-each-ref --format=%(refname)%00%(upstream:short)%00%(objectname)%00%(upstream:track)%00%(upstream:remotename)%00%(upstream:remoteref) refs/heads/main refs/remotes/main [28ms]
2024-05-31 13:28:47.141 [info] > git rev-parse --show-toplevel [20ms]
2024-05-31 13:28:47.141 [info] > git rev-parse --show-toplevel [3ms]
2024-05-31 13:28:47.141 [info] > git rev-parse --show-toplevel [2ms]
2024-05-31 13:28:47.142 [info] > git rev-parse --show-toplevel [3ms]
2024-05-31 13:28:47.142 [info] > git rev-parse --show-toplevel [3ms]
2024-05-31 13:28:47.142 [info] > git rev-parse --show-toplevel [3ms]
2024-05-31 13:28:47.143 [info] > git rev-parse --show-toplevel [3ms]
2024-05-31 13:28:47.143 [info] > git rev-parse --show-toplevel [3ms]
2024-05-31 13:28:47.143 [info] > git rev-parse --show-toplevel [4ms]
2024-05-31 13:28:47.143 [info] > git rev-parse --show-toplevel [3ms]
2024-05-31 13:28:47.144 [info] > git rev-parse --git-dir --git-common-dir [3ms]
2024-05-31 13:28:47.144 [info] Open repository: /home/student/S02_Coclock_working_challenge_E01-cedricRGT45
2024-05-31 13:28:47.144 [info] > git config --get commit.template [15ms]
2024-05-31 13:28:47.144 [info] > git rev-parse --show-toplevel [17ms]
2024-05-31 13:28:47.145 [info] > git for-each-ref --format=%(refname)%00%(upstream:short)%00%(objectname)%00%(upstream:track)%00%(upstream:remotename)%00%(upstream:remoteref) refs/heads/master refs/remotes/master [15ms]
2024-05-31 13:28:47.145 [warning] ENOENT: no such file or directory, open '/home/student/S02_Coclock_working_challenge_E01-cedricRGT45/.git/refs/remotes/origin/master'
2024-05-31 13:28:47.145 [info] > git rev-parse --git-dir --git-common-dir [14ms]
2024-05-31 13:28:47.145 [info] Open repository: /home/student/S03_CICD_archi_frontend
2024-05-31 13:28:47.145 [info] > git rev-parse refs/remotes/origin/master [42ms]
2024-05-31 13:28:47.145 [info] > git rev-parse --show-toplevel [30ms]
2024-05-31 13:28:47.145 [info] > git config --get commit.template [46ms]
2024-05-31 13:28:47.145 [info] > git for-each-ref --format=%(refname)%00%(upstream:short)%00%(objectname)%00%(upstream:track)%00%(upstream:remotename)%00%(upstream:remoteref) refs/heads/master refs/remotes/master [5ms]
2024-05-31 13:28:47.145 [info] > git rev-parse --git-dir --git-common-dir [37ms]
2024-05-31 13:28:47.145 [info] Open repository: /home/student/S03_challenge_E03-cedricRGT45
2024-05-31 13:28:47.145 [warning] ENOENT: no such file or directory, open '/home/student/S03_CICD_archi_frontend/.git/refs/remotes/origin/master'
2024-05-31 13:28:47.145 [info] > git status -z -uall [170ms]
2024-05-31 13:28:47.145 [info] > git config --get commit.template [17ms]
2024-05-31 13:28:47.145 [info] > git rev-parse refs/remotes/origin/master [32ms]
2024-05-31 13:28:47.145 [info] > git status -z -uall [58ms]
2024-05-31 13:28:47.145 [info] > git merge-base refs/heads/master refs/remotes/origin/master [33ms]
2024-05-31 13:28:47.145 [info] > git rev-parse --show-toplevel [131ms]
2024-05-31 13:28:47.231 [info] > git merge-base refs/heads/master refs/remotes/origin/master [120ms]
2024-05-31 13:28:47.245 [info] > git rev-list --count --left-right refs/heads/master...refs/remotes/origin/master [153ms]
2024-05-31 13:28:47.261 [info] > git config --get commit.template [187ms]
2024-05-31 13:28:47.313 [info] > git diff --name-status -z --diff-filter=ADMR c2231ce522b0b531a34f233a6c1944226e16b1f1...refs/remotes/origin/master [52ms]
2024-05-31 13:28:47.314 [info] > git rev-list --count --left-right refs/heads/master...refs/remotes/origin/master [70ms]
2024-05-31 13:28:47.327 [info] > git config --get commit.template [152ms]
2024-05-31 13:28:47.328 [info] > git for-each-ref --format=%(refname)%00%(upstream:short)%00%(objectname)%00%(upstream:track)%00%(upstream:remotename)%00%(upstream:remoteref) refs/heads/master refs/remotes/master [169ms]
2024-05-31 13:28:47.344 [info] > git diff --name-status -z --diff-filter=ADMR 4c00948e25e702a642836f79638d3d376e03e5ea...refs/remotes/origin/master [17ms]
2024-05-31 13:28:47.361 [info] > git for-each-ref --format=%(refname)%00%(upstream:short)%00%(objectname)%00%(upstream:track)%00%(upstream:remotename)%00%(upstream:remoteref) refs/heads/master refs/remotes/master [18ms]
2024-05-31 13:28:47.376 [warning] ENOENT: no such file or directory, open '/home/student/S02_Coclock_working_challenge_E01-cedricRGT45/.git/refs/remotes/origin/master'
2024-05-31 13:28:47.393 [info] > git for-each-ref --format=%(refname)%00%(upstream:short)%00%(objectname)%00%(upstream:track)%00%(upstream:remotename)%00%(upstream:remoteref) refs/heads/master refs/remotes/master [33ms]
2024-05-31 13:28:47.394 [info] > git rev-parse refs/remotes/origin/master [18ms]
2024-05-31 13:28:47.435 [warning] ENOENT: no such file or directory, open '/home/student/S03_CICD_archi_frontend/.git/refs/remotes/origin/master'
2024-05-31 13:28:47.436 [info] > git status -z -uall [44ms]
2024-05-31 13:28:47.501 [info] > git merge-base refs/heads/master refs/remotes/origin/master [42ms]
2024-05-31 13:28:47.524 [info] > git rev-parse refs/remotes/origin/master [88ms]
2024-05-31 13:28:47.554 [info] > git status -z -uall [143ms]
2024-05-31 13:28:47.554 [info] > git status -z -uall [13ms]
2024-05-31 13:28:47.564 [info] > git rev-list --count --left-right refs/heads/master...refs/remotes/origin/master [41ms]
2024-05-31 13:28:47.579 [info] > git config --get commit.template [79ms]
2024-05-31 13:28:47.601 [info] > git diff --name-status -z --diff-filter=ADMR 975a3b72ecb66730915a439ab1fcef8b86382076...refs/remotes/origin/master [23ms]
2024-05-31 13:28:47.606 [info] > git for-each-ref --format=%(refname)%00%(upstream:short)%00%(objectname)%00%(upstream:track)%00%(upstream:remotename)%00%(upstream:remoteref) refs/heads/master refs/remotes/master [6ms]
2024-05-31 13:28:47.625 [info] > git status -z -uall [6ms]
2024-05-31 13:28:47.732 [info] > git check-ignore -v -z --stdin [35ms]
2024-05-31 13:28:48.008 [info] > git status -z -uall [1477ms] (cancelled)
2024-05-31 13:28:48.853 [info] > git check-ignore -v -z --stdin [52ms]
2024-05-31 13:28:55.363 [info] > git check-ignore -v -z --stdin [60ms]
2024-05-31 13:28:55.364 [info] > git check-ignore -v -z --stdin [41ms]
2024-05-31 13:28:55.364 [info] > git check-ignore -v -z --stdin [25ms]
2024-05-31 13:28:55.365 [info] > git check-ignore -v -z --stdin [6ms]
2024-05-31 13:28:57.817 [info] > git check-ignore -v -z --stdin [2ms]
2024-05-31 13:29:34.179 [info] > git config --get commit.template [18ms]
2024-05-31 13:29:34.181 [info] > git for-each-ref --format=%(refname)%00%(upstream:short)%00%(objectname)%00%(upstream:track)%00%(upstream:remotename)%00%(upstream:remoteref) refs/heads/master refs/remotes/master [4ms]
2024-05-31 13:29:34.200 [info] > git status -z -uall [5ms]
