2024-03-29 08:32:22.836 [info] Log level: Info
2024-03-29 08:32:22.836 [info] Validating found git in: "git"
2024-03-29 08:32:22.836 [info] Using git "2.34.1" from "git"
2024-03-29 08:32:22.836 [info] > git rev-parse --show-toplevel [4ms]
2024-03-29 08:32:22.836 [info] fatal: not a git repository (or any of the parent directories): .git
2024-03-29 08:32:22.836 [info] > git rev-parse --show-toplevel [4ms]
2024-03-29 08:32:22.836 [info] fatal: not a git repository (or any of the parent directories): .git
2024-03-29 08:32:22.837 [info] > git rev-parse --show-toplevel [2ms]
2024-03-29 08:32:22.837 [info] fatal: not a git repository (or any of the parent directories): .git
2024-03-29 08:32:22.849 [info] > git rev-parse --show-toplevel [2ms]
2024-03-29 08:32:22.849 [info] fatal: not a git repository (or any of the parent directories): .git
2024-03-29 08:32:22.860 [info] > git rev-parse --show-toplevel [2ms]
2024-03-29 08:32:22.860 [info] fatal: not a git repository (or any of the parent directories): .git
2024-03-29 08:32:22.887 [info] > git rev-parse --show-toplevel [10ms]
2024-03-29 08:32:22.887 [info] fatal: not a git repository (or any of the parent directories): .git
2024-03-29 08:32:22.986 [info] > git rev-parse --show-toplevel [82ms]
2024-03-29 08:32:22.987 [info] fatal: not a git repository (or any of the parent directories): .git
2024-03-29 08:32:23.007 [info] > git rev-parse --show-toplevel [3ms]
2024-03-29 08:32:23.007 [info] fatal: not a git repository (or any of the parent directories): .git
2024-03-29 08:32:23.020 [info] > git rev-parse --show-toplevel [1ms]
2024-03-29 08:32:23.020 [info] fatal: not a git repository (or any of the parent directories): .git
2024-03-29 08:32:23.034 [info] > git rev-parse --show-toplevel [1ms]
2024-03-29 08:32:23.045 [info] > git rev-parse --git-dir --git-common-dir [2ms]
2024-03-29 08:32:23.061 [info] Open repository: /home/student/S01-OVitrine-J3-cedricRGT45
2024-03-29 08:32:23.084 [info] > git config --get commit.template [10ms]
2024-03-29 08:32:23.085 [info] > git rev-parse --show-toplevel [3ms]
2024-03-29 08:32:23.107 [info] > git for-each-ref --format=%(refname)%00%(upstream:short)%00%(objectname)%00%(upstream:track)%00%(upstream:remotename)%00%(upstream:remoteref) refs/heads/master refs/remotes/master [13ms]
2024-03-29 08:32:23.108 [info] > git rev-parse --git-dir --git-common-dir [2ms]
2024-03-29 08:32:23.114 [info] Open repository: /home/student/S01-OVitrine-cedricRGT45
2024-03-29 08:32:23.133 [info] > git config --get commit.template [10ms]
2024-03-29 08:32:23.134 [info] > git rev-parse --show-toplevel [3ms]
2024-03-29 08:32:23.167 [info] > git status -z -uall [23ms]
2024-03-29 08:32:23.196 [info] > git rev-parse --git-dir --git-common-dir [32ms]
2024-03-29 08:32:23.202 [info] Open repository: /home/student/S01-Ovitrine-J2-cedricRGT45
2024-03-29 08:32:23.203 [info] > git for-each-ref --format=%(refname)%00%(upstream:short)%00%(objectname)%00%(upstream:track)%00%(upstream:remotename)%00%(upstream:remoteref) refs/heads/master refs/remotes/master [49ms]
2024-03-29 08:32:23.224 [info] > git config --get commit.template [38ms]
2024-03-29 08:32:23.226 [info] > git rev-parse --show-toplevel [3ms]
2024-03-29 08:32:23.226 [info] fatal: not a git repository (or any of the parent directories): .git
2024-03-29 08:32:23.226 [info] > git config --get commit.template [13ms]
2024-03-29 08:32:23.268 [info] > git for-each-ref --format=%(refname)%00%(upstream:short)%00%(objectname)%00%(upstream:track)%00%(upstream:remotename)%00%(upstream:remoteref) refs/heads/master refs/remotes/master [32ms]
2024-03-29 08:32:23.270 [info] > git for-each-ref --format=%(refname)%00%(upstream:short)%00%(objectname)%00%(upstream:track)%00%(upstream:remotename)%00%(upstream:remoteref) refs/heads/master refs/remotes/master [13ms]
2024-03-29 08:32:23.272 [info] > git rev-parse --show-toplevel [24ms]
2024-03-29 08:32:23.272 [info] fatal: not a git repository (or any of the parent directories): .git
2024-03-29 08:32:23.282 [info] > git status -z -uall [15ms]
2024-03-29 08:32:23.328 [info] > git status -z -uall [12ms]
2024-03-29 08:32:23.328 [info] > git config --get commit.template [24ms]
2024-03-29 08:32:23.343 [info] > git status -z -uall [16ms]
2024-03-29 08:32:23.343 [info] > git for-each-ref --format=%(refname)%00%(upstream:short)%00%(objectname)%00%(upstream:track)%00%(upstream:remotename)%00%(upstream:remoteref) refs/heads/master refs/remotes/master [5ms]
2024-03-29 08:32:23.380 [info] > git status -z -uall [12ms]
2024-03-29 08:32:23.384 [info] > git config --get commit.template [26ms]
2024-03-29 08:32:23.385 [info] > git for-each-ref --format=%(refname)%00%(upstream:short)%00%(objectname)%00%(upstream:track)%00%(upstream:remotename)%00%(upstream:remoteref) refs/heads/master refs/remotes/master [6ms]
2024-03-29 08:32:23.400 [info] > git status -z -uall [4ms]
2024-03-29 08:32:23.793 [info] > git check-ignore -v -z --stdin [2ms]
2024-03-29 08:33:03.228 [info] > git check-ignore -v -z --stdin [27ms]
2024-03-29 08:33:03.229 [info] > git check-ignore -v -z --stdin [16ms]
2024-03-29 08:33:03.229 [info] > git check-ignore -v -z --stdin [3ms]
2024-03-29 08:35:14.715 [info] > git rev-parse --show-toplevel [2ms]
2024-03-29 08:35:14.715 [info] fatal: not a git repository (or any of the parent directories): .git
2024-03-29 08:35:25.547 [info] > git rev-parse --show-toplevel [5ms]
2024-03-29 08:35:25.547 [info] fatal: not a git repository (or any of the parent directories): .git
2024-03-29 08:35:26.877 [info] > git rev-parse --show-toplevel [6ms]
2024-03-29 08:35:26.877 [info] fatal: not a git repository (or any of the parent directories): .git
2024-03-29 08:35:28.019 [info] > git check-ignore -v -z --stdin [28ms]
2024-03-29 08:35:29.070 [info] > git check-ignore -v -z --stdin [19ms]
