2024-05-31 13:38:20.055 [info] Log level: Info
2024-05-31 13:38:20.056 [info] Validating found git in: "git"
2024-05-31 13:38:20.057 [info] Using git "2.34.1" from "git"
2024-05-31 13:38:20.058 [info] > git rev-parse --show-toplevel [55ms]
2024-05-31 13:38:20.059 [info] > git rev-parse --git-dir --git-common-dir [47ms]
2024-05-31 13:38:20.059 [info] Open repository: /home/student
2024-05-31 13:38:20.060 [info] > git config --get commit.template [53ms]
2024-05-31 13:38:20.061 [info] > git rev-parse --show-toplevel [27ms]
2024-05-31 13:38:20.186 [info] > git for-each-ref --format=%(refname)%00%(upstream:short)%00%(objectname)%00%(upstream:track)%00%(upstream:remotename)%00%(upstream:remoteref) refs/heads/main refs/remotes/main [101ms]
2024-05-31 13:38:20.196 [info] > git rev-parse --git-dir --git-common-dir [79ms]
2024-05-31 13:38:20.205 [info] Open repository: /home/student/S03_challenge_E03-cedricRGT45
2024-05-31 13:38:20.318 [info] > git rev-parse --show-toplevel [53ms]
2024-05-31 13:38:20.321 [info] > git config --get commit.template [77ms]
2024-05-31 13:38:20.495 [info] > git rev-parse --show-toplevel [117ms]
2024-05-31 13:38:20.534 [info] > git for-each-ref --format=%(refname)%00%(upstream:short)%00%(objectname)%00%(upstream:track)%00%(upstream:remotename)%00%(upstream:remoteref) refs/heads/master refs/remotes/master [79ms]
2024-05-31 13:38:20.582 [info] > git rev-parse --show-toplevel [49ms]
2024-05-31 13:38:20.614 [info] > git status -z -uall [33ms]
2024-05-31 13:38:20.723 [info] > git merge-base refs/heads/master refs/remotes/origin/master [47ms]
2024-05-31 13:38:20.743 [info] > git rev-parse --show-toplevel [130ms]
2024-05-31 13:38:20.804 [info] > git rev-list --count --left-right refs/heads/master...refs/remotes/origin/master [60ms]
2024-05-31 13:38:20.839 [info] > git config --get commit.template [117ms]
2024-05-31 13:38:20.845 [info] > git rev-parse --show-toplevel [43ms]
2024-05-31 13:38:20.909 [info] > git for-each-ref --format=%(refname)%00%(upstream:short)%00%(objectname)%00%(upstream:track)%00%(upstream:remotename)%00%(upstream:remoteref) refs/heads/master refs/remotes/master [36ms]
2024-05-31 13:38:20.913 [info] > git diff --name-status -z --diff-filter=ADMR 975a3b72ecb66730915a439ab1fcef8b86382076...refs/remotes/origin/master [74ms]
2024-05-31 13:38:20.916 [info] > git rev-parse --show-toplevel [13ms]
2024-05-31 13:38:20.963 [info] > git rev-parse --show-toplevel [24ms]
2024-05-31 13:38:21.034 [info] > git status -z -uall [72ms]
2024-05-31 13:38:21.036 [info] > git rev-parse --show-toplevel [49ms]
2024-05-31 13:38:21.077 [info] > git check-ignore -v -z --stdin [65ms]
2024-05-31 13:38:21.080 [info] > git check-ignore -v -z --stdin [47ms]
2024-05-31 13:38:21.082 [info] > git rev-parse --show-toplevel [6ms]
2024-05-31 13:38:21.113 [info] > git rev-parse --show-toplevel [13ms]
2024-05-31 13:38:21.132 [info] > git rev-parse --show-toplevel [3ms]
2024-05-31 13:38:21.258 [info] > git rev-parse --git-dir --git-common-dir [102ms]
2024-05-31 13:38:21.268 [info] Open repository: /home/student/S02_Coclock_working_challenge_E01-cedricRGT45
2024-05-31 13:38:21.336 [info] > git config --get commit.template [38ms]
2024-05-31 13:38:21.376 [info] > git rev-parse --show-toplevel [43ms]
2024-05-31 13:38:21.395 [info] > git for-each-ref --format=%(refname)%00%(upstream:short)%00%(objectname)%00%(upstream:track)%00%(upstream:remotename)%00%(upstream:remoteref) refs/heads/master refs/remotes/master [36ms]
2024-05-31 13:38:21.434 [warning] ENOENT: no such file or directory, open '/home/student/S02_Coclock_working_challenge_E01-cedricRGT45/.git/refs/remotes/origin/master'
2024-05-31 13:38:21.440 [info] > git rev-parse --git-dir --git-common-dir [45ms]
2024-05-31 13:38:21.459 [info] Open repository: /home/student/S03_CICD_archi_frontend
2024-05-31 13:38:21.495 [info] > git rev-parse refs/remotes/origin/master [61ms]
2024-05-31 13:38:21.521 [info] > git rev-parse --show-toplevel [27ms]
2024-05-31 13:38:21.613 [info] > git config --get commit.template [136ms]
2024-05-31 13:38:21.617 [info] > git show --textconv :projet/docker-compose.yml [43ms]
2024-05-31 13:38:21.618 [info] > git ls-files --stage -- /home/student/S03_challenge_E03-cedricRGT45/projet/docker-compose.yml [5ms]
2024-05-31 13:38:21.655 [info] > git cat-file -s f5ed10c6a9d62cdddd49e3db4b9ba09b8bc834c7 [21ms]
2024-05-31 13:38:21.661 [info] > git for-each-ref --format=%(refname)%00%(upstream:short)%00%(objectname)%00%(upstream:track)%00%(upstream:remotename)%00%(upstream:remoteref) refs/heads/master refs/remotes/master [7ms]
2024-05-31 13:38:21.686 [warning] ENOENT: no such file or directory, open '/home/student/S03_CICD_archi_frontend/.git/refs/remotes/origin/master'
2024-05-31 13:38:21.690 [info] > git status -z -uall [171ms]
2024-05-31 13:38:21.736 [info] > git merge-base refs/heads/master refs/remotes/origin/master [26ms]
2024-05-31 13:38:21.755 [info] > git rev-parse refs/remotes/origin/master [69ms]
2024-05-31 13:38:21.775 [info] > git rev-list --count --left-right refs/heads/master...refs/remotes/origin/master [21ms]
2024-05-31 13:38:21.798 [info] > git config --get commit.template [63ms]
2024-05-31 13:38:21.799 [info] > git status -z -uall [26ms]
2024-05-31 13:38:21.869 [info] > git merge-base refs/heads/master refs/remotes/origin/master [47ms]
2024-05-31 13:38:21.887 [info] > git diff --name-status -z --diff-filter=ADMR c2231ce522b0b531a34f233a6c1944226e16b1f1...refs/remotes/origin/master [89ms]
2024-05-31 13:38:21.895 [info] > git config --get commit.template [28ms]
2024-05-31 13:38:21.899 [info] > git for-each-ref --format=%(refname)%00%(upstream:short)%00%(objectname)%00%(upstream:track)%00%(upstream:remotename)%00%(upstream:remoteref) refs/heads/master refs/remotes/master [52ms]
2024-05-31 13:38:21.930 [warning] ENOENT: no such file or directory, open '/home/student/S02_Coclock_working_challenge_E01-cedricRGT45/.git/refs/remotes/origin/master'
2024-05-31 13:38:21.931 [info] > git rev-list --count --left-right refs/heads/master...refs/remotes/origin/master [45ms]
2024-05-31 13:38:22.044 [info] > git diff --name-status -z --diff-filter=ADMR 4c00948e25e702a642836f79638d3d376e03e5ea...refs/remotes/origin/master [89ms]
2024-05-31 13:38:22.045 [info] > git rev-parse refs/remotes/origin/master [115ms]
2024-05-31 13:38:22.067 [info] > git for-each-ref --format=%(refname)%00%(upstream:short)%00%(objectname)%00%(upstream:track)%00%(upstream:remotename)%00%(upstream:remoteref) refs/heads/master refs/remotes/master [43ms]
2024-05-31 13:38:22.088 [warning] ENOENT: no such file or directory, open '/home/student/S03_CICD_archi_frontend/.git/refs/remotes/origin/master'
2024-05-31 13:38:22.127 [info] > git rev-parse refs/remotes/origin/master [39ms]
2024-05-31 13:38:22.183 [info] > git status -z -uall [19ms]
2024-05-31 13:38:22.198 [info] > git status -z -uall [133ms]
2024-05-31 13:38:22.466 [info] > git check-ignore -v -z --stdin [57ms]
2024-05-31 13:38:22.467 [info] > git check-ignore -v -z --stdin [42ms]
2024-05-31 13:38:22.468 [info] > git check-ignore -v -z --stdin [29ms]
2024-05-31 13:38:22.469 [info] > git check-ignore -v -z --stdin [10ms]
2024-05-31 13:38:22.500 [info] > git status -z -uall [2184ms] (cancelled)
2024-05-31 13:39:28.980 [info] > git config --get commit.template [27ms]
2024-05-31 13:39:28.985 [info] > git for-each-ref --format=%(refname)%00%(upstream:short)%00%(objectname)%00%(upstream:track)%00%(upstream:remotename)%00%(upstream:remoteref) refs/heads/master refs/remotes/master [7ms]
2024-05-31 13:39:29.006 [info] > git status -z -uall [5ms]
2024-05-31 13:39:34.052 [info] > git config --get commit.template [20ms]
2024-05-31 13:39:34.054 [info] > git for-each-ref --format=%(refname)%00%(upstream:short)%00%(objectname)%00%(upstream:track)%00%(upstream:remotename)%00%(upstream:remoteref) refs/heads/master refs/remotes/master [5ms]
2024-05-31 13:39:34.081 [info] > git status -z -uall [4ms]
2024-05-31 13:40:06.942 [info] > git check-ignore -v -z --stdin [2ms]
2024-05-31 13:40:07.650 [info] > git check-ignore -v -z --stdin [9ms]
2024-05-31 13:40:08.355 [info] > git show --textconv :projet/frontend/Dockerfile [15ms]
2024-05-31 13:40:08.357 [info] > git ls-files --stage -- /home/student/S03_challenge_E03-cedricRGT45/projet/frontend/Dockerfile [4ms]
2024-05-31 13:40:08.373 [info] > git cat-file -s 8657f9aa7aacda291d6c38703a12ecbc25826316 [2ms]
2024-05-31 13:40:13.867 [info] > git config --get commit.template [3ms]
2024-05-31 13:40:13.884 [info] > git for-each-ref --format=%(refname)%00%(upstream:short)%00%(objectname)%00%(upstream:track)%00%(upstream:remotename)%00%(upstream:remoteref) refs/heads/master refs/remotes/master [2ms]
2024-05-31 13:40:13.907 [info] > git status -z -uall [4ms]
2024-05-31 13:40:18.945 [info] > git config --get commit.template [17ms]
2024-05-31 13:40:18.952 [info] > git for-each-ref --format=%(refname)%00%(upstream:short)%00%(objectname)%00%(upstream:track)%00%(upstream:remotename)%00%(upstream:remoteref) refs/heads/master refs/remotes/master [8ms]
2024-05-31 13:40:18.982 [info] > git status -z -uall [5ms]
2024-05-31 13:41:15.170 [info] > git show --textconv :projet/docker-compose.yml [19ms]
2024-05-31 13:41:15.173 [info] > git ls-files --stage -- /home/student/S03_challenge_E03-cedricRGT45/projet/docker-compose.yml [5ms]
2024-05-31 13:41:15.198 [info] > git cat-file -s f5ed10c6a9d62cdddd49e3db4b9ba09b8bc834c7 [3ms]
2024-05-31 13:41:15.574 [info] > git check-ignore -v -z --stdin [18ms]
2024-05-31 13:41:15.575 [info] > git check-ignore -v -z --stdin [4ms]
2024-05-31 13:41:24.761 [info] > git show --textconv :projet/frontend/package.json [56ms]
2024-05-31 13:41:24.774 [info] > git ls-files --stage -- /home/student/S03_challenge_E03-cedricRGT45/projet/frontend/package.json [15ms]
2024-05-31 13:41:24.843 [info] > git cat-file -s 3506f81a892dfbfde02fe848e8ed7d5a0c9f76ca [2ms]
2024-05-31 13:41:35.636 [info] > git show --textconv :projet/frontend/package-lock.json [66ms]
2024-05-31 13:41:35.646 [info] > git ls-files --stage -- /home/student/S03_challenge_E03-cedricRGT45/projet/frontend/package-lock.json [36ms]
2024-05-31 13:41:35.778 [info] > git cat-file -s 33a5aab3b16631490edb7623f3534c2e41b0ac39 [102ms]
2024-05-31 13:41:41.164 [info] > git show --textconv :projet/frontend/.env.example [18ms]
2024-05-31 13:41:41.167 [info] > git ls-files --stage -- /home/student/S03_challenge_E03-cedricRGT45/projet/frontend/.env.example [5ms]
2024-05-31 13:41:41.187 [info] > git cat-file -s 5b3d2655944960f997400fa982165af2444771cc [3ms]
2024-05-31 13:41:43.522 [info] > git check-ignore -v -z --stdin [2ms]
2024-05-31 13:41:50.699 [info] > git show --textconv :projet/frontend/package-lock.json [32ms]
2024-05-31 13:41:50.703 [info] > git ls-files --stage -- /home/student/S03_challenge_E03-cedricRGT45/projet/frontend/package-lock.json [6ms]
2024-05-31 13:41:50.744 [info] > git cat-file -s 33a5aab3b16631490edb7623f3534c2e41b0ac39 [16ms]
2024-05-31 13:41:51.810 [info] > git show --textconv :projet/docker-compose.yml [22ms]
2024-05-31 13:41:51.817 [info] > git ls-files --stage -- /home/student/S03_challenge_E03-cedricRGT45/projet/docker-compose.yml [9ms]
2024-05-31 13:41:51.836 [info] > git cat-file -s f5ed10c6a9d62cdddd49e3db4b9ba09b8bc834c7 [3ms]
2024-05-31 13:41:55.862 [info] > git show --textconv :projet/frontend/Dockerfile [23ms]
2024-05-31 13:41:55.863 [info] > git ls-files --stage -- /home/student/S03_challenge_E03-cedricRGT45/projet/frontend/Dockerfile [3ms]
2024-05-31 13:41:55.884 [info] > git cat-file -s 8657f9aa7aacda291d6c38703a12ecbc25826316 [3ms]
2024-05-31 13:41:56.980 [info] > git for-each-ref --format=%(refname)%00%(upstream:short)%00%(objectname)%00%(upstream:track)%00%(upstream:remotename)%00%(upstream:remoteref) refs/heads/master refs/remotes/master [1ms]
2024-05-31 13:41:56.982 [info] > git config --get commit.template [29ms]
2024-05-31 13:41:57.006 [info] > git status -z -uall [4ms]
2024-05-31 13:42:02.048 [info] > git config --get commit.template [19ms]
2024-05-31 13:42:02.050 [info] > git for-each-ref --format=%(refname)%00%(upstream:short)%00%(objectname)%00%(upstream:track)%00%(upstream:remotename)%00%(upstream:remoteref) refs/heads/master refs/remotes/master [4ms]
2024-05-31 13:42:02.071 [info] > git status -z -uall [5ms]
2024-05-31 13:42:07.112 [info] > git config --get commit.template [20ms]
2024-05-31 13:42:07.113 [info] > git for-each-ref --format=%(refname)%00%(upstream:short)%00%(objectname)%00%(upstream:track)%00%(upstream:remotename)%00%(upstream:remoteref) refs/heads/master refs/remotes/master [3ms]
2024-05-31 13:42:07.137 [info] > git status -z -uall [3ms]
2024-05-31 13:44:21.891 [info] > git show --textconv :projet/docker-compose.yml [19ms]
2024-05-31 13:44:21.892 [info] > git ls-files --stage -- /home/student/S03_challenge_E03-cedricRGT45/projet/docker-compose.yml [3ms]
2024-05-31 13:44:21.914 [info] > git cat-file -s f5ed10c6a9d62cdddd49e3db4b9ba09b8bc834c7 [7ms]
2024-05-31 13:53:16.417 [info] > git config --get commit.template [45ms]
2024-05-31 13:53:16.421 [info] > git for-each-ref --format=%(refname)%00%(upstream:short)%00%(objectname)%00%(upstream:track)%00%(upstream:remotename)%00%(upstream:remoteref) refs/heads/master refs/remotes/master [7ms]
2024-05-31 13:53:16.454 [info] > git status -z -uall [6ms]
2024-05-31 13:53:53.670 [info] > git config --get commit.template [2ms]
2024-05-31 13:53:53.690 [info] > git for-each-ref --format=%(refname)%00%(upstream:short)%00%(objectname)%00%(upstream:track)%00%(upstream:remotename)%00%(upstream:remoteref) refs/heads/master refs/remotes/master [3ms]
2024-05-31 13:53:53.714 [info] > git status -z -uall [4ms]
2024-05-31 13:54:01.307 [info] > git config --get commit.template [18ms]
2024-05-31 13:54:01.311 [info] > git for-each-ref --format=%(refname)%00%(upstream:short)%00%(objectname)%00%(upstream:track)%00%(upstream:remotename)%00%(upstream:remoteref) refs/heads/master refs/remotes/master [6ms]
2024-05-31 13:54:01.341 [info] > git status -z -uall [7ms]
