2024-05-31 15:13:33.500 [info] Log level: Info
2024-05-31 15:13:33.502 [info] Validating found git in: "git"
2024-05-31 15:13:33.502 [info] Using git "2.34.1" from "git"
2024-05-31 15:13:33.503 [info] > git rev-parse --show-toplevel [1057ms]
2024-05-31 15:13:33.503 [info] > git rev-parse --git-dir --git-common-dir [46ms]
2024-05-31 15:13:33.503 [info] Open repository: /home/student
2024-05-31 15:13:33.672 [info] > git config --get commit.template [98ms]
2024-05-31 15:13:33.678 [info] > git rev-parse --show-toplevel [12ms]
2024-05-31 15:13:33.791 [info] > git for-each-ref --format=%(refname)%00%(upstream:short)%00%(objectname)%00%(upstream:track)%00%(upstream:remotename)%00%(upstream:remoteref) refs/heads/main refs/remotes/main [83ms]
2024-05-31 15:13:33.800 [info] > git rev-parse --git-dir --git-common-dir [31ms]
2024-05-31 15:13:33.809 [info] Open repository: /home/student/S03_challenge_E03-cedricRGT45
2024-05-31 15:13:33.909 [info] > git config --get commit.template [66ms]
2024-05-31 15:13:33.943 [info] > git rev-parse --show-toplevel [54ms]
2024-05-31 15:13:34.037 [info] > git for-each-ref --format=%(refname)%00%(upstream:short)%00%(objectname)%00%(upstream:track)%00%(upstream:remotename)%00%(upstream:remoteref) refs/heads/master refs/remotes/master [42ms]
2024-05-31 15:13:34.096 [info] > git rev-parse --show-toplevel [60ms]
2024-05-31 15:13:34.199 [info] > git status -z -uall [109ms]
2024-05-31 15:13:34.430 [info] > git merge-base refs/heads/master refs/remotes/origin/master [130ms]
2024-05-31 15:13:34.478 [info] > git rev-parse --show-toplevel [317ms]
2024-05-31 15:13:34.654 [info] > git check-ignore -v -z --stdin [118ms]
2024-05-31 15:13:34.659 [info] > git check-ignore -v -z --stdin [90ms]
2024-05-31 15:13:34.662 [info] > git rev-list --count --left-right refs/heads/master...refs/remotes/origin/master [185ms]
2024-05-31 15:13:34.700 [info] > git config --get commit.template [271ms]
2024-05-31 15:13:34.705 [info] > git rev-parse --show-toplevel [57ms]
2024-05-31 15:13:34.768 [info] > git diff --name-status -z --diff-filter=ADMR 975a3b72ecb66730915a439ab1fcef8b86382076...refs/remotes/origin/master [69ms]
2024-05-31 15:13:34.773 [info] > git rev-parse --show-toplevel [15ms]
2024-05-31 15:13:34.774 [info] > git for-each-ref --format=%(refname)%00%(upstream:short)%00%(objectname)%00%(upstream:track)%00%(upstream:remotename)%00%(upstream:remoteref) refs/heads/master refs/remotes/master [41ms]
2024-05-31 15:13:34.817 [info] > git rev-parse --show-toplevel [23ms]
2024-05-31 15:13:34.923 [info] > git status -z -uall [108ms]
2024-05-31 15:13:34.933 [info] > git rev-parse --show-toplevel [69ms]
2024-05-31 15:13:34.978 [info] > git rev-parse --show-toplevel [4ms]
2024-05-31 15:13:35.009 [info] > git rev-parse --show-toplevel [13ms]
2024-05-31 15:13:35.087 [info] > git rev-parse --show-toplevel [19ms]
2024-05-31 15:13:35.127 [info] > git rev-parse --show-toplevel [20ms]
2024-05-31 15:13:35.169 [info] > git rev-parse --git-dir --git-common-dir [9ms]
2024-05-31 15:13:35.178 [info] Open repository: /home/student/S02_Coclock_working_challenge_E01-cedricRGT45
2024-05-31 15:13:35.220 [info] > git config --get commit.template [23ms]
2024-05-31 15:13:35.241 [info] > git rev-parse --show-toplevel [24ms]
2024-05-31 15:13:35.247 [info] > git for-each-ref --format=%(refname)%00%(upstream:short)%00%(objectname)%00%(upstream:track)%00%(upstream:remotename)%00%(upstream:remoteref) refs/heads/master refs/remotes/master [7ms]
2024-05-31 15:13:35.281 [warning] ENOENT: no such file or directory, open '/home/student/S02_Coclock_working_challenge_E01-cedricRGT45/.git/refs/remotes/origin/master'
2024-05-31 15:13:35.296 [info] > git rev-parse --git-dir --git-common-dir [34ms]
2024-05-31 15:13:35.302 [info] Open repository: /home/student/S03_CICD_archi_frontend
2024-05-31 15:13:35.350 [info] > git rev-parse refs/remotes/origin/master [70ms]
2024-05-31 15:13:35.369 [info] > git rev-parse --show-toplevel [20ms]
2024-05-31 15:13:35.456 [info] > git config --get commit.template [136ms]
2024-05-31 15:13:35.461 [info] > git show --textconv :projet/frontend/src/components/Header.tsx [53ms]
2024-05-31 15:13:35.505 [info] > git status -z -uall [140ms]
2024-05-31 15:13:35.546 [info] > git ls-files --stage -- /home/student/S03_challenge_E03-cedricRGT45/projet/frontend/src/components/Header.tsx [91ms]
2024-05-31 15:13:35.585 [info] > git merge-base refs/heads/master refs/remotes/origin/master [52ms]
2024-05-31 15:13:35.603 [info] > git for-each-ref --format=%(refname)%00%(upstream:short)%00%(objectname)%00%(upstream:track)%00%(upstream:remotename)%00%(upstream:remoteref) refs/heads/master refs/remotes/master [101ms]
2024-05-31 15:13:35.612 [info] > git config --get commit.template [28ms]
2024-05-31 15:13:35.613 [info] > git cat-file -s b479863ffa9d3338d251617545a2cf4a6a535c72 [52ms]
2024-05-31 15:13:35.651 [warning] ENOENT: no such file or directory, open '/home/student/S03_CICD_archi_frontend/.git/refs/remotes/origin/master'
2024-05-31 15:13:35.653 [info] > git rev-list --count --left-right refs/heads/master...refs/remotes/origin/master [51ms]
2024-05-31 15:13:35.695 [info] > git rev-parse refs/remotes/origin/master [44ms]
2024-05-31 15:13:35.743 [info] > git status -z -uall [30ms]
2024-05-31 15:13:35.744 [info] > git for-each-ref --format=%(refname)%00%(upstream:short)%00%(objectname)%00%(upstream:track)%00%(upstream:remotename)%00%(upstream:remoteref) refs/heads/master refs/remotes/master [51ms]
2024-05-31 15:13:35.745 [info] > git diff --name-status -z --diff-filter=ADMR c2231ce522b0b531a34f233a6c1944226e16b1f1...refs/remotes/origin/master [74ms]
2024-05-31 15:13:35.762 [warning] ENOENT: no such file or directory, open '/home/student/S02_Coclock_working_challenge_E01-cedricRGT45/.git/refs/remotes/origin/master'
2024-05-31 15:13:35.811 [info] > git merge-base refs/heads/master refs/remotes/origin/master [29ms]
2024-05-31 15:13:35.839 [info] > git rev-parse refs/remotes/origin/master [77ms]
2024-05-31 15:13:35.959 [info] > git check-ignore -v -z --stdin [70ms]
2024-05-31 15:13:35.960 [info] > git check-ignore -v -z --stdin [10ms]
2024-05-31 15:13:35.961 [info] > git rev-list --count --left-right refs/heads/master...refs/remotes/origin/master [123ms]
2024-05-31 15:13:35.989 [info] > git config --get commit.template [180ms]
2024-05-31 15:13:36.049 [info] > git status -z -uall [190ms]
2024-05-31 15:13:36.050 [info] > git diff --name-status -z --diff-filter=ADMR 4c00948e25e702a642836f79638d3d376e03e5ea...refs/remotes/origin/master [61ms]
2024-05-31 15:13:36.077 [info] > git for-each-ref --format=%(refname)%00%(upstream:short)%00%(objectname)%00%(upstream:track)%00%(upstream:remotename)%00%(upstream:remoteref) refs/heads/master refs/remotes/master [9ms]
2024-05-31 15:13:36.094 [warning] ENOENT: no such file or directory, open '/home/student/S03_CICD_archi_frontend/.git/refs/remotes/origin/master'
2024-05-31 15:13:36.097 [info] > git rev-parse refs/remotes/origin/master [3ms]
2024-05-31 15:13:36.124 [info] > git status -z -uall [10ms]
2024-05-31 15:13:36.215 [info] > git status -z -uall [2283ms] (cancelled)
2024-05-31 15:15:37.929 [info] > git config --get commit.template [16ms]
2024-05-31 15:15:37.930 [info] > git for-each-ref --format=%(refname)%00%(upstream:short)%00%(objectname)%00%(upstream:track)%00%(upstream:remotename)%00%(upstream:remoteref) refs/heads/master refs/remotes/master [3ms]
2024-05-31 15:15:37.967 [info] > git status -z -uall [22ms]
2024-05-31 15:15:43.005 [info] > git config --get commit.template [16ms]
2024-05-31 15:15:43.006 [info] > git for-each-ref --format=%(refname)%00%(upstream:short)%00%(objectname)%00%(upstream:track)%00%(upstream:remotename)%00%(upstream:remoteref) refs/heads/master refs/remotes/master [3ms]
2024-05-31 15:15:43.028 [info] > git status -z -uall [5ms]
2024-05-31 15:15:48.065 [info] > git config --get commit.template [16ms]
2024-05-31 15:15:48.067 [info] > git for-each-ref --format=%(refname)%00%(upstream:short)%00%(objectname)%00%(upstream:track)%00%(upstream:remotename)%00%(upstream:remoteref) refs/heads/master refs/remotes/master [3ms]
2024-05-31 15:15:48.102 [info] > git status -z -uall [10ms]
2024-05-31 15:15:53.140 [info] > git config --get commit.template [17ms]
2024-05-31 15:15:53.141 [info] > git for-each-ref --format=%(refname)%00%(upstream:short)%00%(objectname)%00%(upstream:track)%00%(upstream:remotename)%00%(upstream:remoteref) refs/heads/master refs/remotes/master [4ms]
2024-05-31 15:15:53.160 [info] > git status -z -uall [5ms]
2024-05-31 15:15:58.202 [info] > git config --get commit.template [23ms]
2024-05-31 15:15:58.206 [info] > git for-each-ref --format=%(refname)%00%(upstream:short)%00%(objectname)%00%(upstream:track)%00%(upstream:remotename)%00%(upstream:remoteref) refs/heads/master refs/remotes/master [5ms]
2024-05-31 15:15:58.225 [info] > git status -z -uall [5ms]
2024-05-31 15:16:03.261 [info] > git config --get commit.template [16ms]
2024-05-31 15:16:03.262 [info] > git for-each-ref --format=%(refname)%00%(upstream:short)%00%(objectname)%00%(upstream:track)%00%(upstream:remotename)%00%(upstream:remoteref) refs/heads/master refs/remotes/master [3ms]
2024-05-31 15:16:03.281 [info] > git status -z -uall [5ms]
2024-05-31 15:16:08.346 [info] > git config --get commit.template [39ms]
2024-05-31 15:16:08.348 [info] > git for-each-ref --format=%(refname)%00%(upstream:short)%00%(objectname)%00%(upstream:track)%00%(upstream:remotename)%00%(upstream:remoteref) refs/heads/master refs/remotes/master [4ms]
2024-05-31 15:16:08.377 [info] > git status -z -uall [8ms]
2024-05-31 15:16:13.673 [info] > git config --get commit.template [15ms]
2024-05-31 15:16:13.675 [info] > git for-each-ref --format=%(refname)%00%(upstream:short)%00%(objectname)%00%(upstream:track)%00%(upstream:remotename)%00%(upstream:remoteref) refs/heads/master refs/remotes/master [2ms]
2024-05-31 15:16:13.694 [info] > git status -z -uall [4ms]
2024-05-31 15:16:18.806 [info] > git check-ignore -v -z --stdin [4ms]
2024-05-31 15:16:19.904 [info] > git check-ignore -v -z --stdin [2ms]
2024-05-31 15:16:26.779 [info] > git check-ignore -v -z --stdin [2ms]
2024-05-31 15:16:27.960 [info] > git check-ignore -v -z --stdin [3ms]
2024-05-31 15:16:29.724 [info] > git show --textconv :projet/frontend/src/assets/scss/base/_typography.scss [20ms]
2024-05-31 15:16:29.729 [info] > git ls-files --stage -- /home/student/S03_challenge_E03-cedricRGT45/projet/frontend/src/assets/scss/base/_typography.scss [6ms]
2024-05-31 15:16:29.758 [info] > git cat-file -s 7e4fe55841e90f77486ebb8950d16339523dd0bb [12ms]
2024-05-31 15:16:41.538 [info] > git config --get commit.template [17ms]
2024-05-31 15:16:41.539 [info] > git for-each-ref --format=%(refname)%00%(upstream:short)%00%(objectname)%00%(upstream:track)%00%(upstream:remotename)%00%(upstream:remoteref) refs/heads/master refs/remotes/master [3ms]
2024-05-31 15:16:41.558 [info] > git status -z -uall [4ms]
2024-05-31 15:16:59.177 [info] > git check-ignore -v -z --stdin [34ms]
2024-05-31 15:16:59.179 [info] > git check-ignore -v -z --stdin [20ms]
2024-05-31 15:16:59.180 [info] > git check-ignore -v -z --stdin [5ms]
2024-05-31 15:17:17.794 [info] > git config --get commit.template [1ms]
2024-05-31 15:17:17.815 [info] > git for-each-ref --format=%(refname)%00%(upstream:short)%00%(objectname)%00%(upstream:track)%00%(upstream:remotename)%00%(upstream:remoteref) refs/heads/master refs/remotes/master [4ms]
2024-05-31 15:17:17.839 [info] > git status -z -uall [5ms]
2024-05-31 15:17:22.885 [info] > git config --get commit.template [19ms]
2024-05-31 15:17:22.887 [info] > git for-each-ref --format=%(refname)%00%(upstream:short)%00%(objectname)%00%(upstream:track)%00%(upstream:remotename)%00%(upstream:remoteref) refs/heads/master refs/remotes/master [4ms]
2024-05-31 15:17:22.907 [info] > git status -z -uall [4ms]
2024-05-31 15:19:23.699 [info] > git check-ignore -v -z --stdin [8ms]
2024-05-31 15:19:26.306 [info] > git check-ignore -v -z --stdin [2ms]
2024-05-31 15:19:30.303 [info] > git check-ignore -v -z --stdin [2ms]
2024-05-31 15:21:01.054 [info] > git config --get commit.template [16ms]
2024-05-31 15:21:01.056 [info] > git for-each-ref --format=%(refname)%00%(upstream:short)%00%(objectname)%00%(upstream:track)%00%(upstream:remotename)%00%(upstream:remoteref) refs/heads/master refs/remotes/master [3ms]
2024-05-31 15:21:01.086 [info] > git status -z -uall [1ms]
2024-05-31 15:21:16.669 [info] > git config --get commit.template [28ms]
2024-05-31 15:21:16.674 [info] > git for-each-ref --format=%(refname)%00%(upstream:short)%00%(objectname)%00%(upstream:track)%00%(upstream:remotename)%00%(upstream:remoteref) refs/heads/master refs/remotes/master [6ms]
2024-05-31 15:21:16.694 [info] > git status -z -uall [2ms]
2024-05-31 15:21:40.085 [info] > git check-ignore -v -z --stdin [3ms]
2024-05-31 15:21:48.283 [info] > git config --get commit.template [16ms]
2024-05-31 15:21:48.284 [info] > git for-each-ref --format=%(refname)%00%(upstream:short)%00%(objectname)%00%(upstream:track)%00%(upstream:remotename)%00%(upstream:remoteref) refs/heads/master refs/remotes/master [3ms]
2024-05-31 15:21:48.313 [info] > git status -z -uall [5ms]
2024-05-31 15:21:53.348 [info] > git config --get commit.template [16ms]
2024-05-31 15:21:53.349 [info] > git for-each-ref --format=%(refname)%00%(upstream:short)%00%(objectname)%00%(upstream:track)%00%(upstream:remotename)%00%(upstream:remoteref) refs/heads/master refs/remotes/master [2ms]
2024-05-31 15:21:53.369 [info] > git status -z -uall [5ms]
2024-05-31 15:21:58.404 [info] > git config --get commit.template [15ms]
2024-05-31 15:21:58.406 [info] > git for-each-ref --format=%(refname)%00%(upstream:short)%00%(objectname)%00%(upstream:track)%00%(upstream:remotename)%00%(upstream:remoteref) refs/heads/master refs/remotes/master [3ms]
2024-05-31 15:21:58.437 [info] > git status -z -uall [5ms]
2024-05-31 15:21:58.848 [info] > git check-ignore -v -z --stdin [2ms]
2024-05-31 15:22:01.408 [info] > git show --textconv :projet/frontend/src/assets/scss/base/_typography.scss [19ms]
2024-05-31 15:22:01.412 [info] > git ls-files --stage -- /home/student/S03_challenge_E03-cedricRGT45/projet/frontend/src/assets/scss/base/_typography.scss [6ms]
2024-05-31 15:22:01.437 [info] > git cat-file -s 7e4fe55841e90f77486ebb8950d16339523dd0bb [2ms]
2024-05-31 15:22:16.952 [info] > git for-each-ref --format=%(refname)%00%(upstream:short)%00%(objectname)%00%(upstream:track)%00%(upstream:remotename)%00%(upstream:remoteref) refs/heads/master refs/remotes/master [2ms]
2024-05-31 15:22:16.954 [info] > git config --get commit.template [22ms]
2024-05-31 15:22:16.978 [info] > git status -z -uall [7ms]
2024-05-31 15:22:18.925 [info] > git check-ignore -v -z --stdin [2ms]
2024-05-31 15:22:20.900 [info] > git show --textconv :projet/frontend/src/assets/scss/base/_typography.scss [24ms]
2024-05-31 15:22:20.903 [info] > git ls-files --stage -- /home/student/S03_challenge_E03-cedricRGT45/projet/frontend/src/assets/scss/base/_typography.scss [7ms]
2024-05-31 15:22:20.928 [info] > git cat-file -s 7e4fe55841e90f77486ebb8950d16339523dd0bb [3ms]
2024-05-31 15:22:29.150 [info] > git config --get commit.template [16ms]
2024-05-31 15:22:29.152 [info] > git for-each-ref --format=%(refname)%00%(upstream:short)%00%(objectname)%00%(upstream:track)%00%(upstream:remotename)%00%(upstream:remoteref) refs/heads/master refs/remotes/master [3ms]
2024-05-31 15:22:29.172 [info] > git status -z -uall [5ms]
2024-05-31 15:22:30.195 [info] > git check-ignore -v -z --stdin [3ms]
2024-05-31 15:22:31.624 [info] > git show --textconv :projet/frontend/src/assets/scss/base/_typography.scss [17ms]
2024-05-31 15:22:31.626 [info] > git ls-files --stage -- /home/student/S03_challenge_E03-cedricRGT45/projet/frontend/src/assets/scss/base/_typography.scss [4ms]
2024-05-31 15:22:31.644 [info] > git cat-file -s 7e4fe55841e90f77486ebb8950d16339523dd0bb [4ms]
2024-05-31 15:22:46.455 [info] > git config --get commit.template [14ms]
2024-05-31 15:22:46.456 [info] > git for-each-ref --format=%(refname)%00%(upstream:short)%00%(objectname)%00%(upstream:track)%00%(upstream:remotename)%00%(upstream:remoteref) refs/heads/master refs/remotes/master [2ms]
2024-05-31 15:22:46.475 [info] > git status -z -uall [4ms]
2024-05-31 15:22:51.986 [info] > git config --get commit.template [24ms]
2024-05-31 15:22:51.987 [info] > git for-each-ref --format=%(refname)%00%(upstream:short)%00%(objectname)%00%(upstream:track)%00%(upstream:remotename)%00%(upstream:remoteref) refs/heads/master refs/remotes/master [3ms]
2024-05-31 15:22:52.008 [info] > git status -z -uall [5ms]
2024-05-31 15:22:57.921 [info] > git config --get commit.template [19ms]
2024-05-31 15:22:57.923 [info] > git for-each-ref --format=%(refname)%00%(upstream:short)%00%(objectname)%00%(upstream:track)%00%(upstream:remotename)%00%(upstream:remoteref) refs/heads/master refs/remotes/master [4ms]
2024-05-31 15:22:57.951 [info] > git status -z -uall [2ms]
2024-05-31 15:23:02.475 [info] > git show --textconv :projet/frontend/src/assets/scss/base/_typography.scss [36ms]
2024-05-31 15:23:02.477 [info] > git ls-files --stage -- /home/student/S03_challenge_E03-cedricRGT45/projet/frontend/src/assets/scss/base/_typography.scss [6ms]
2024-05-31 15:23:02.497 [info] > git cat-file -s 7e4fe55841e90f77486ebb8950d16339523dd0bb [3ms]
2024-05-31 15:23:15.733 [info] > git config --get commit.template [17ms]
2024-05-31 15:23:15.735 [info] > git for-each-ref --format=%(refname)%00%(upstream:short)%00%(objectname)%00%(upstream:track)%00%(upstream:remotename)%00%(upstream:remoteref) refs/heads/master refs/remotes/master [3ms]
2024-05-31 15:23:15.755 [info] > git status -z -uall [5ms]
2024-05-31 15:23:22.325 [info] > git config --get commit.template [17ms]
2024-05-31 15:23:22.326 [info] > git for-each-ref --format=%(refname)%00%(upstream:short)%00%(objectname)%00%(upstream:track)%00%(upstream:remotename)%00%(upstream:remoteref) refs/heads/master refs/remotes/master [3ms]
2024-05-31 15:23:22.346 [info] > git status -z -uall [4ms]
2024-05-31 15:23:41.191 [info] > git config --get commit.template [28ms]
2024-05-31 15:23:41.197 [info] > git for-each-ref --format=%(refname)%00%(upstream:short)%00%(objectname)%00%(upstream:track)%00%(upstream:remotename)%00%(upstream:remoteref) refs/heads/master refs/remotes/master [7ms]
2024-05-31 15:23:41.221 [info] > git status -z -uall [5ms]
2024-05-31 15:23:55.268 [info] > git config --get commit.template [25ms]
2024-05-31 15:23:55.274 [info] > git for-each-ref --format=%(refname)%00%(upstream:short)%00%(objectname)%00%(upstream:track)%00%(upstream:remotename)%00%(upstream:remoteref) refs/heads/master refs/remotes/master [7ms]
2024-05-31 15:23:55.295 [info] > git status -z -uall [5ms]
2024-05-31 15:24:00.330 [info] > git config --get commit.template [16ms]
2024-05-31 15:24:00.332 [info] > git for-each-ref --format=%(refname)%00%(upstream:short)%00%(objectname)%00%(upstream:track)%00%(upstream:remotename)%00%(upstream:remoteref) refs/heads/master refs/remotes/master [3ms]
2024-05-31 15:24:00.353 [info] > git status -z -uall [5ms]
2024-05-31 15:24:05.383 [info] > git config --get commit.template [1ms]
2024-05-31 15:24:05.409 [info] > git for-each-ref --format=%(refname)%00%(upstream:short)%00%(objectname)%00%(upstream:track)%00%(upstream:remotename)%00%(upstream:remoteref) refs/heads/master refs/remotes/master [4ms]
2024-05-31 15:24:05.428 [info] > git status -z -uall [4ms]
2024-05-31 15:24:10.460 [info] > git config --get commit.template [3ms]
2024-05-31 15:24:10.485 [info] > git for-each-ref --format=%(refname)%00%(upstream:short)%00%(objectname)%00%(upstream:track)%00%(upstream:remotename)%00%(upstream:remoteref) refs/heads/master refs/remotes/master [6ms]
2024-05-31 15:24:10.522 [info] > git status -z -uall [5ms]
2024-05-31 15:24:15.559 [info] > git config --get commit.template [17ms]
2024-05-31 15:24:15.560 [info] > git for-each-ref --format=%(refname)%00%(upstream:short)%00%(objectname)%00%(upstream:track)%00%(upstream:remotename)%00%(upstream:remoteref) refs/heads/master refs/remotes/master [3ms]
2024-05-31 15:24:15.582 [info] > git status -z -uall [5ms]
2024-05-31 15:24:23.859 [info] > git config --get commit.template [16ms]
2024-05-31 15:24:23.860 [info] > git for-each-ref --format=%(refname)%00%(upstream:short)%00%(objectname)%00%(upstream:track)%00%(upstream:remotename)%00%(upstream:remoteref) refs/heads/master refs/remotes/master [3ms]
2024-05-31 15:24:23.880 [info] > git status -z -uall [5ms]
2024-05-31 15:24:30.865 [info] > git config --get commit.template [19ms]
2024-05-31 15:24:30.867 [info] > git for-each-ref --format=%(refname)%00%(upstream:short)%00%(objectname)%00%(upstream:track)%00%(upstream:remotename)%00%(upstream:remoteref) refs/heads/master refs/remotes/master [3ms]
2024-05-31 15:24:30.894 [info] > git status -z -uall [7ms]
2024-05-31 15:24:35.930 [info] > git config --get commit.template [17ms]
2024-05-31 15:24:35.933 [info] > git for-each-ref --format=%(refname)%00%(upstream:short)%00%(objectname)%00%(upstream:track)%00%(upstream:remotename)%00%(upstream:remoteref) refs/heads/master refs/remotes/master [5ms]
2024-05-31 15:24:35.962 [info] > git status -z -uall [4ms]
2024-05-31 15:24:41.001 [info] > git config --get commit.template [18ms]
2024-05-31 15:24:41.002 [info] > git for-each-ref --format=%(refname)%00%(upstream:short)%00%(objectname)%00%(upstream:track)%00%(upstream:remotename)%00%(upstream:remoteref) refs/heads/master refs/remotes/master [4ms]
2024-05-31 15:24:41.022 [info] > git status -z -uall [5ms]
2024-05-31 15:24:46.060 [info] > git config --get commit.template [17ms]
2024-05-31 15:24:46.065 [info] > git for-each-ref --format=%(refname)%00%(upstream:short)%00%(objectname)%00%(upstream:track)%00%(upstream:remotename)%00%(upstream:remoteref) refs/heads/master refs/remotes/master [6ms]
2024-05-31 15:24:46.086 [info] > git status -z -uall [4ms]
2024-05-31 15:24:51.108 [info] > git config --get commit.template [2ms]
2024-05-31 15:24:51.126 [info] > git for-each-ref --format=%(refname)%00%(upstream:short)%00%(objectname)%00%(upstream:track)%00%(upstream:remotename)%00%(upstream:remoteref) refs/heads/master refs/remotes/master [2ms]
2024-05-31 15:24:51.146 [info] > git status -z -uall [5ms]
2024-05-31 15:24:56.194 [info] > git config --get commit.template [16ms]
2024-05-31 15:24:56.196 [info] > git for-each-ref --format=%(refname)%00%(upstream:short)%00%(objectname)%00%(upstream:track)%00%(upstream:remotename)%00%(upstream:remoteref) refs/heads/master refs/remotes/master [3ms]
2024-05-31 15:24:56.215 [info] > git status -z -uall [4ms]
2024-05-31 15:26:13.488 [info] > git for-each-ref --format=%(refname)%00%(upstream:short)%00%(objectname)%00%(upstream:track)%00%(upstream:remotename)%00%(upstream:remoteref) refs/heads/master refs/remotes/master [54ms]
2024-05-31 15:26:13.489 [info] > git config --get commit.template [109ms]
2024-05-31 15:26:13.745 [info] > git status -z -uall [6ms]
2024-05-31 15:26:18.782 [info] > git config --get commit.template [18ms]
2024-05-31 15:26:18.784 [info] > git for-each-ref --format=%(refname)%00%(upstream:short)%00%(objectname)%00%(upstream:track)%00%(upstream:remotename)%00%(upstream:remoteref) refs/heads/master refs/remotes/master [3ms]
2024-05-31 15:26:18.819 [info] > git status -z -uall [18ms]
2024-05-31 15:26:23.860 [info] > git config --get commit.template [19ms]
2024-05-31 15:26:23.862 [info] > git for-each-ref --format=%(refname)%00%(upstream:short)%00%(objectname)%00%(upstream:track)%00%(upstream:remotename)%00%(upstream:remoteref) refs/heads/master refs/remotes/master [3ms]
2024-05-31 15:26:23.886 [info] > git status -z -uall [4ms]
2024-05-31 15:26:28.936 [info] > git for-each-ref --format=%(refname)%00%(upstream:short)%00%(objectname)%00%(upstream:track)%00%(upstream:remotename)%00%(upstream:remoteref) refs/heads/master refs/remotes/master [1ms]
2024-05-31 15:26:28.936 [info] > git config --get commit.template [27ms]
2024-05-31 15:26:28.961 [info] > git status -z -uall [4ms]
2024-05-31 15:26:34.004 [info] > git config --get commit.template [21ms]
2024-05-31 15:26:34.005 [info] > git for-each-ref --format=%(refname)%00%(upstream:short)%00%(objectname)%00%(upstream:track)%00%(upstream:remotename)%00%(upstream:remoteref) refs/heads/master refs/remotes/master [3ms]
2024-05-31 15:26:34.027 [info] > git status -z -uall [5ms]
2024-05-31 15:26:39.061 [info] > git config --get commit.template [12ms]
2024-05-31 15:26:39.081 [info] > git for-each-ref --format=%(refname)%00%(upstream:short)%00%(objectname)%00%(upstream:track)%00%(upstream:remotename)%00%(upstream:remoteref) refs/heads/master refs/remotes/master [2ms]
2024-05-31 15:26:39.102 [info] > git status -z -uall [4ms]
2024-05-31 15:26:44.152 [info] > git config --get commit.template [24ms]
2024-05-31 15:26:44.154 [info] > git for-each-ref --format=%(refname)%00%(upstream:short)%00%(objectname)%00%(upstream:track)%00%(upstream:remotename)%00%(upstream:remoteref) refs/heads/master refs/remotes/master [4ms]
2024-05-31 15:26:44.187 [info] > git status -z -uall [11ms]
2024-05-31 15:26:49.904 [info] > git config --get commit.template [17ms]
2024-05-31 15:26:49.905 [info] > git for-each-ref --format=%(refname)%00%(upstream:short)%00%(objectname)%00%(upstream:track)%00%(upstream:remotename)%00%(upstream:remoteref) refs/heads/master refs/remotes/master [2ms]
2024-05-31 15:26:49.926 [info] > git status -z -uall [5ms]
2024-05-31 15:26:57.075 [info] > git config --get commit.template [19ms]
2024-05-31 15:26:57.076 [info] > git for-each-ref --format=%(refname)%00%(upstream:short)%00%(objectname)%00%(upstream:track)%00%(upstream:remotename)%00%(upstream:remoteref) refs/heads/master refs/remotes/master [2ms]
2024-05-31 15:26:57.108 [info] > git status -z -uall [4ms]
2024-05-31 15:27:08.156 [info] > git config --get commit.template [28ms]
2024-05-31 15:27:08.158 [info] > git for-each-ref --format=%(refname)%00%(upstream:short)%00%(objectname)%00%(upstream:track)%00%(upstream:remotename)%00%(upstream:remoteref) refs/heads/master refs/remotes/master [3ms]
2024-05-31 15:27:08.181 [info] > git status -z -uall [5ms]
2024-05-31 15:27:14.985 [info] > git config --get commit.template [18ms]
2024-05-31 15:27:14.986 [info] > git for-each-ref --format=%(refname)%00%(upstream:short)%00%(objectname)%00%(upstream:track)%00%(upstream:remotename)%00%(upstream:remoteref) refs/heads/master refs/remotes/master [3ms]
2024-05-31 15:27:15.005 [info] > git status -z -uall [4ms]
2024-05-31 15:27:21.214 [info] > git config --get commit.template [18ms]
2024-05-31 15:27:21.216 [info] > git for-each-ref --format=%(refname)%00%(upstream:short)%00%(objectname)%00%(upstream:track)%00%(upstream:remotename)%00%(upstream:remoteref) refs/heads/master refs/remotes/master [3ms]
2024-05-31 15:27:21.239 [info] > git status -z -uall [5ms]
2024-05-31 15:28:05.773 [info] > git config --get commit.template [16ms]
2024-05-31 15:28:05.774 [info] > git for-each-ref --format=%(refname)%00%(upstream:short)%00%(objectname)%00%(upstream:track)%00%(upstream:remotename)%00%(upstream:remoteref) refs/heads/master refs/remotes/master [3ms]
2024-05-31 15:28:05.799 [info] > git status -z -uall [6ms]
2024-05-31 15:28:10.840 [info] > git config --get commit.template [17ms]
2024-05-31 15:28:10.841 [info] > git for-each-ref --format=%(refname)%00%(upstream:short)%00%(objectname)%00%(upstream:track)%00%(upstream:remotename)%00%(upstream:remoteref) refs/heads/master refs/remotes/master [3ms]
2024-05-31 15:28:10.864 [info] > git status -z -uall [7ms]
2024-05-31 15:28:24.502 [info] > git config --get commit.template [17ms]
2024-05-31 15:28:24.503 [info] > git for-each-ref --format=%(refname)%00%(upstream:short)%00%(objectname)%00%(upstream:track)%00%(upstream:remotename)%00%(upstream:remoteref) refs/heads/master refs/remotes/master [3ms]
2024-05-31 15:28:24.534 [info] > git status -z -uall [2ms]
2024-05-31 15:28:39.693 [info] > git config --get commit.template [15ms]
2024-05-31 15:28:39.694 [info] > git for-each-ref --format=%(refname)%00%(upstream:short)%00%(objectname)%00%(upstream:track)%00%(upstream:remotename)%00%(upstream:remoteref) refs/heads/master refs/remotes/master [3ms]
2024-05-31 15:28:39.714 [info] > git status -z -uall [4ms]
2024-05-31 15:28:51.426 [info] > git config --get commit.template [20ms]
2024-05-31 15:28:51.427 [info] > git for-each-ref --format=%(refname)%00%(upstream:short)%00%(objectname)%00%(upstream:track)%00%(upstream:remotename)%00%(upstream:remoteref) refs/heads/master refs/remotes/master [3ms]
2024-05-31 15:28:51.453 [info] > git status -z -uall [8ms]
2024-05-31 15:28:56.495 [info] > git config --get commit.template [18ms]
2024-05-31 15:28:56.500 [info] > git for-each-ref --format=%(refname)%00%(upstream:short)%00%(objectname)%00%(upstream:track)%00%(upstream:remotename)%00%(upstream:remoteref) refs/heads/master refs/remotes/master [7ms]
2024-05-31 15:28:56.524 [info] > git status -z -uall [7ms]
2024-05-31 15:29:07.022 [info] > git config --get commit.template [22ms]
2024-05-31 15:29:07.027 [info] > git for-each-ref --format=%(refname)%00%(upstream:short)%00%(objectname)%00%(upstream:track)%00%(upstream:remotename)%00%(upstream:remoteref) refs/heads/master refs/remotes/master [6ms]
2024-05-31 15:29:07.053 [info] > git status -z -uall [4ms]
2024-05-31 15:29:12.098 [info] > git config --get commit.template [17ms]
2024-05-31 15:29:12.100 [info] > git for-each-ref --format=%(refname)%00%(upstream:short)%00%(objectname)%00%(upstream:track)%00%(upstream:remotename)%00%(upstream:remoteref) refs/heads/master refs/remotes/master [3ms]
2024-05-31 15:29:12.139 [info] > git status -z -uall [11ms]
2024-05-31 15:29:43.492 [info] > git config --get commit.template [2ms]
2024-05-31 15:29:43.512 [info] > git for-each-ref --format=%(refname)%00%(upstream:short)%00%(objectname)%00%(upstream:track)%00%(upstream:remotename)%00%(upstream:remoteref) refs/heads/master refs/remotes/master [3ms]
2024-05-31 15:29:43.534 [info] > git status -z -uall [5ms]
2024-05-31 15:29:52.446 [info] > git config --get commit.template [17ms]
2024-05-31 15:29:52.448 [info] > git for-each-ref --format=%(refname)%00%(upstream:short)%00%(objectname)%00%(upstream:track)%00%(upstream:remotename)%00%(upstream:remoteref) refs/heads/master refs/remotes/master [4ms]
2024-05-31 15:29:52.468 [info] > git status -z -uall [4ms]
2024-05-31 15:29:57.530 [info] > git config --get commit.template [15ms]
2024-05-31 15:29:57.532 [info] > git for-each-ref --format=%(refname)%00%(upstream:short)%00%(objectname)%00%(upstream:track)%00%(upstream:remotename)%00%(upstream:remoteref) refs/heads/master refs/remotes/master [3ms]
2024-05-31 15:29:57.552 [info] > git status -z -uall [4ms]
2024-05-31 15:30:27.952 [info] > git config --get commit.template [27ms]
2024-05-31 15:30:27.954 [info] > git for-each-ref --format=%(refname)%00%(upstream:short)%00%(objectname)%00%(upstream:track)%00%(upstream:remotename)%00%(upstream:remoteref) refs/heads/master refs/remotes/master [3ms]
2024-05-31 15:30:27.976 [info] > git status -z -uall [4ms]
2024-05-31 15:30:37.220 [info] > git show --textconv :projet/frontend/src/components/Header.tsx [23ms]
2024-05-31 15:30:37.221 [info] > git ls-files --stage -- /home/student/S03_challenge_E03-cedricRGT45/projet/frontend/src/components/Header.tsx [3ms]
2024-05-31 15:30:37.244 [info] > git cat-file -s b479863ffa9d3338d251617545a2cf4a6a535c72 [8ms]
2024-05-31 15:30:41.548 [info] > git for-each-ref --format=%(refname)%00%(upstream:short)%00%(objectname)%00%(upstream:track)%00%(upstream:remotename)%00%(upstream:remoteref) refs/heads/master refs/remotes/master [82ms]
2024-05-31 15:30:41.549 [info] > git config --get commit.template [104ms]
2024-05-31 15:30:41.577 [info] > git status -z -uall [12ms]
2024-05-31 15:30:47.013 [info] > git config --get commit.template [21ms]
2024-05-31 15:30:47.014 [info] > git for-each-ref --format=%(refname)%00%(upstream:short)%00%(objectname)%00%(upstream:track)%00%(upstream:remotename)%00%(upstream:remoteref) refs/heads/master refs/remotes/master [3ms]
2024-05-31 15:30:47.041 [info] > git status -z -uall [10ms]
2024-05-31 15:31:00.160 [info] > git check-ignore -v -z --stdin [3ms]
2024-05-31 15:31:01.590 [info] > git check-ignore -v -z --stdin [3ms]
2024-05-31 15:31:02.955 [info] > git show --textconv :projet/frontend/src/assets/scss/layout/_Header.scss [20ms]
2024-05-31 15:31:02.958 [info] > git ls-files --stage -- /home/student/S03_challenge_E03-cedricRGT45/projet/frontend/src/assets/scss/layout/_Header.scss [7ms]
2024-05-31 15:31:14.551 [info] > git config --get commit.template [4ms]
2024-05-31 15:31:14.570 [info] > git for-each-ref --format=%(refname)%00%(upstream:short)%00%(objectname)%00%(upstream:track)%00%(upstream:remotename)%00%(upstream:remoteref) refs/heads/master refs/remotes/master [3ms]
2024-05-31 15:31:14.593 [info] > git status -z -uall [5ms]
2024-05-31 15:31:19.661 [info] > git config --get commit.template [28ms]
2024-05-31 15:31:19.663 [info] > git for-each-ref --format=%(refname)%00%(upstream:short)%00%(objectname)%00%(upstream:track)%00%(upstream:remotename)%00%(upstream:remoteref) refs/heads/master refs/remotes/master [4ms]
2024-05-31 15:31:19.691 [info] > git status -z -uall [7ms]
2024-05-31 15:31:28.203 [info] > git config --get commit.template [25ms]
2024-05-31 15:31:28.207 [info] > git for-each-ref --format=%(refname)%00%(upstream:short)%00%(objectname)%00%(upstream:track)%00%(upstream:remotename)%00%(upstream:remoteref) refs/heads/master refs/remotes/master [9ms]
2024-05-31 15:31:28.238 [info] > git status -z -uall [6ms]
2024-05-31 15:31:38.068 [info] > git config --get commit.template [18ms]
2024-05-31 15:31:38.073 [info] > git for-each-ref --format=%(refname)%00%(upstream:short)%00%(objectname)%00%(upstream:track)%00%(upstream:remotename)%00%(upstream:remoteref) refs/heads/master refs/remotes/master [6ms]
2024-05-31 15:31:38.118 [info] > git status -z -uall [11ms]
2024-05-31 15:31:46.419 [info] > git config --get commit.template [19ms]
2024-05-31 15:31:46.421 [info] > git for-each-ref --format=%(refname)%00%(upstream:short)%00%(objectname)%00%(upstream:track)%00%(upstream:remotename)%00%(upstream:remoteref) refs/heads/master refs/remotes/master [4ms]
2024-05-31 15:31:46.445 [info] > git status -z -uall [5ms]
2024-05-31 15:31:51.506 [info] > git config --get commit.template [40ms]
2024-05-31 15:31:51.509 [info] > git for-each-ref --format=%(refname)%00%(upstream:short)%00%(objectname)%00%(upstream:track)%00%(upstream:remotename)%00%(upstream:remoteref) refs/heads/master refs/remotes/master [4ms]
2024-05-31 15:31:51.531 [info] > git status -z -uall [4ms]
2024-05-31 15:31:56.714 [info] > git config --get commit.template [32ms]
2024-05-31 15:31:56.719 [info] > git for-each-ref --format=%(refname)%00%(upstream:short)%00%(objectname)%00%(upstream:track)%00%(upstream:remotename)%00%(upstream:remoteref) refs/heads/master refs/remotes/master [7ms]
2024-05-31 15:31:56.865 [info] > git status -z -uall [124ms]
2024-05-31 15:32:01.926 [info] > git config --get commit.template [35ms]
2024-05-31 15:32:01.933 [info] > git for-each-ref --format=%(refname)%00%(upstream:short)%00%(objectname)%00%(upstream:track)%00%(upstream:remotename)%00%(upstream:remoteref) refs/heads/master refs/remotes/master [9ms]
2024-05-31 15:32:01.963 [info] > git status -z -uall [6ms]
2024-05-31 15:32:40.879 [info] > git show --textconv :projet/frontend/src/assets/scss/base/_typography.scss [22ms]
2024-05-31 15:32:40.881 [info] > git ls-files --stage -- /home/student/S03_challenge_E03-cedricRGT45/projet/frontend/src/assets/scss/base/_typography.scss [6ms]
2024-05-31 15:32:40.910 [info] > git cat-file -s 7e4fe55841e90f77486ebb8950d16339523dd0bb [2ms]
2024-05-31 15:32:52.759 [info] > git config --get commit.template [2ms]
2024-05-31 15:32:52.779 [info] > git for-each-ref --format=%(refname)%00%(upstream:short)%00%(objectname)%00%(upstream:track)%00%(upstream:remotename)%00%(upstream:remoteref) refs/heads/master refs/remotes/master [3ms]
2024-05-31 15:32:52.802 [info] > git status -z -uall [5ms]
2024-05-31 15:32:58.196 [info] > git config --get commit.template [19ms]
2024-05-31 15:32:58.197 [info] > git for-each-ref --format=%(refname)%00%(upstream:short)%00%(objectname)%00%(upstream:track)%00%(upstream:remotename)%00%(upstream:remoteref) refs/heads/master refs/remotes/master [3ms]
2024-05-31 15:32:58.219 [info] > git status -z -uall [5ms]
2024-05-31 15:33:08.186 [info] > git config --get commit.template [1ms]
2024-05-31 15:33:08.207 [info] > git for-each-ref --format=%(refname)%00%(upstream:short)%00%(objectname)%00%(upstream:track)%00%(upstream:remotename)%00%(upstream:remoteref) refs/heads/master refs/remotes/master [2ms]
2024-05-31 15:33:08.228 [info] > git status -z -uall [5ms]
2024-05-31 15:33:13.267 [info] > git config --get commit.template [18ms]
2024-05-31 15:33:13.269 [info] > git for-each-ref --format=%(refname)%00%(upstream:short)%00%(objectname)%00%(upstream:track)%00%(upstream:remotename)%00%(upstream:remoteref) refs/heads/master refs/remotes/master [3ms]
2024-05-31 15:33:13.291 [info] > git status -z -uall [2ms]
2024-05-31 15:33:23.370 [info] > git config --get commit.template [17ms]
2024-05-31 15:33:23.372 [info] > git for-each-ref --format=%(refname)%00%(upstream:short)%00%(objectname)%00%(upstream:track)%00%(upstream:remotename)%00%(upstream:remoteref) refs/heads/master refs/remotes/master [3ms]
2024-05-31 15:33:23.394 [info] > git status -z -uall [4ms]
2024-05-31 15:33:38.463 [info] > git config --get commit.template [23ms]
2024-05-31 15:33:38.467 [info] > git for-each-ref --format=%(refname)%00%(upstream:short)%00%(objectname)%00%(upstream:track)%00%(upstream:remotename)%00%(upstream:remoteref) refs/heads/master refs/remotes/master [6ms]
2024-05-31 15:33:38.493 [info] > git status -z -uall [4ms]
2024-05-31 15:33:40.420 [info] > git show --textconv :projet/frontend/src/assets/scss/layout/_Header.scss [18ms]
2024-05-31 15:33:40.421 [info] > git ls-files --stage -- /home/student/S03_challenge_E03-cedricRGT45/projet/frontend/src/assets/scss/layout/_Header.scss [3ms]
2024-05-31 15:33:46.740 [info] > git config --get commit.template [19ms]
2024-05-31 15:33:46.741 [info] > git for-each-ref --format=%(refname)%00%(upstream:short)%00%(objectname)%00%(upstream:track)%00%(upstream:remotename)%00%(upstream:remoteref) refs/heads/master refs/remotes/master [5ms]
2024-05-31 15:33:46.763 [info] > git status -z -uall [4ms]
2024-05-31 15:33:58.671 [info] > git config --get commit.template [21ms]
2024-05-31 15:33:58.672 [info] > git for-each-ref --format=%(refname)%00%(upstream:short)%00%(objectname)%00%(upstream:track)%00%(upstream:remotename)%00%(upstream:remoteref) refs/heads/master refs/remotes/master [4ms]
2024-05-31 15:33:58.694 [info] > git status -z -uall [4ms]
2024-05-31 15:34:09.113 [info] > git show --textconv :projet/frontend/src/App.tsx [17ms]
2024-05-31 15:34:09.115 [info] > git ls-files --stage -- /home/student/S03_challenge_E03-cedricRGT45/projet/frontend/src/App.tsx [3ms]
2024-05-31 15:34:09.142 [info] > git cat-file -s 3d8fcc84be5fd4b79d92b362342151be01d104b3 [2ms]
2024-05-31 15:34:28.731 [info] > git config --get commit.template [29ms]
2024-05-31 15:34:28.733 [info] > git for-each-ref --format=%(refname)%00%(upstream:short)%00%(objectname)%00%(upstream:track)%00%(upstream:remotename)%00%(upstream:remoteref) refs/heads/master refs/remotes/master [3ms]
2024-05-31 15:34:28.762 [info] > git status -z -uall [12ms]
2024-05-31 15:34:51.402 [info] > git config --get commit.template [24ms]
2024-05-31 15:34:51.403 [info] > git for-each-ref --format=%(refname)%00%(upstream:short)%00%(objectname)%00%(upstream:track)%00%(upstream:remotename)%00%(upstream:remoteref) refs/heads/master refs/remotes/master [2ms]
2024-05-31 15:34:51.429 [info] > git status -z -uall [5ms]
2024-05-31 15:35:29.032 [info] > git show --textconv :projet/frontend/src/@types/products.d.ts [19ms]
2024-05-31 15:35:29.034 [info] > git ls-files --stage -- /home/student/S03_challenge_E03-cedricRGT45/projet/frontend/src/@types/products.d.ts [5ms]
2024-05-31 15:35:29.054 [info] > git cat-file -s 4c7855a250b0eeeaa7babb7da7d55e777ab69327 [3ms]
2024-05-31 15:35:29.198 [info] > git check-ignore -v -z --stdin [3ms]
2024-05-31 15:35:29.745 [info] > git check-ignore -v -z --stdin [9ms]
2024-05-31 15:35:57.817 [info] > git show --textconv :projet/frontend/src/App.tsx [22ms]
2024-05-31 15:35:57.820 [info] > git ls-files --stage -- /home/student/S03_challenge_E03-cedricRGT45/projet/frontend/src/App.tsx [5ms]
2024-05-31 15:35:57.852 [info] > git cat-file -s 3d8fcc84be5fd4b79d92b362342151be01d104b3 [4ms]
2024-05-31 15:36:11.882 [info] > git show --textconv :projet/frontend/src/@types/products.d.ts [33ms]
2024-05-31 15:36:11.884 [info] > git ls-files --stage -- /home/student/S03_challenge_E03-cedricRGT45/projet/frontend/src/@types/products.d.ts [6ms]
2024-05-31 15:36:11.903 [info] > git cat-file -s 4c7855a250b0eeeaa7babb7da7d55e777ab69327 [3ms]
2024-05-31 15:36:20.167 [info] > git show --textconv :projet/frontend/src/App.tsx [23ms]
2024-05-31 15:36:20.167 [info] > git ls-files --stage -- /home/student/S03_challenge_E03-cedricRGT45/projet/frontend/src/App.tsx [2ms]
2024-05-31 15:36:20.190 [info] > git cat-file -s 3d8fcc84be5fd4b79d92b362342151be01d104b3 [3ms]
2024-05-31 15:36:28.422 [info] > git show --textconv :projet/frontend/src/@types/products.d.ts [25ms]
2024-05-31 15:36:28.425 [info] > git ls-files --stage -- /home/student/S03_challenge_E03-cedricRGT45/projet/frontend/src/@types/products.d.ts [9ms]
2024-05-31 15:36:28.447 [info] > git cat-file -s 4c7855a250b0eeeaa7babb7da7d55e777ab69327 [4ms]
2024-05-31 15:36:34.000 [info] > git check-ignore -v -z --stdin [5ms]
2024-05-31 15:36:35.269 [info] > git check-ignore -v -z --stdin [2ms]
2024-05-31 15:36:42.635 [info] > git show --textconv :projet/backend/init.sql [19ms]
2024-05-31 15:36:42.637 [info] > git ls-files --stage -- /home/student/S03_challenge_E03-cedricRGT45/projet/backend/init.sql [4ms]
2024-05-31 15:36:42.660 [info] > git cat-file -s 985ea6620b36270207a1ff98b2b95ebe3231da48 [2ms]
2024-05-31 15:36:46.373 [info] > git check-ignore -v -z --stdin [10ms]
2024-05-31 15:37:12.068 [info] > git show --textconv :projet/frontend/src/App.tsx [31ms]
2024-05-31 15:37:12.069 [info] > git ls-files --stage -- /home/student/S03_challenge_E03-cedricRGT45/projet/frontend/src/App.tsx [5ms]
2024-05-31 15:37:12.088 [info] > git cat-file -s 3d8fcc84be5fd4b79d92b362342151be01d104b3 [2ms]
2024-05-31 15:37:18.335 [info] > git show --textconv :projet/frontend/src/@types/products.d.ts [18ms]
2024-05-31 15:37:18.336 [info] > git ls-files --stage -- /home/student/S03_challenge_E03-cedricRGT45/projet/frontend/src/@types/products.d.ts [4ms]
2024-05-31 15:37:18.355 [info] > git cat-file -s 4c7855a250b0eeeaa7babb7da7d55e777ab69327 [0ms]
2024-05-31 15:38:03.240 [info] > git show --textconv :projet/frontend/src/assets/scss/layout/_Header.scss [17ms]
2024-05-31 15:38:03.242 [info] > git ls-files --stage -- /home/student/S03_challenge_E03-cedricRGT45/projet/frontend/src/assets/scss/layout/_Header.scss [4ms]
2024-05-31 15:38:05.398 [info] > git show --textconv :projet/frontend/src/components/Header.tsx [18ms]
2024-05-31 15:38:05.401 [info] > git ls-files --stage -- /home/student/S03_challenge_E03-cedricRGT45/projet/frontend/src/components/Header.tsx [4ms]
2024-05-31 15:38:05.420 [info] > git cat-file -s b479863ffa9d3338d251617545a2cf4a6a535c72 [2ms]
2024-05-31 15:39:58.988 [info] > git show --textconv :projet/frontend/src/assets/scss/base/_index.scss [19ms]
2024-05-31 15:39:58.988 [info] > git ls-files --stage -- /home/student/S03_challenge_E03-cedricRGT45/projet/frontend/src/assets/scss/base/_index.scss [5ms]
2024-05-31 15:39:59.017 [info] > git cat-file -s a63cdcdf97e9e82d36f696642d68ecec4940b3d8 [3ms]
2024-05-31 15:40:02.835 [info] > git show --textconv :projet/frontend/src/assets/scss/main.scss [35ms]
2024-05-31 15:40:02.839 [info] > git ls-files --stage -- /home/student/S03_challenge_E03-cedricRGT45/projet/frontend/src/assets/scss/main.scss [7ms]
2024-05-31 15:40:02.858 [info] > git cat-file -s d2e4481ef98cda6d99590fbf607fa32e094b318c [3ms]
2024-05-31 15:40:54.156 [info] > git config --get commit.template [19ms]
2024-05-31 15:40:54.158 [info] > git for-each-ref --format=%(refname)%00%(upstream:short)%00%(objectname)%00%(upstream:track)%00%(upstream:remotename)%00%(upstream:remoteref) refs/heads/master refs/remotes/master [3ms]
2024-05-31 15:40:54.180 [info] > git status -z -uall [5ms]
2024-05-31 15:41:06.289 [info] > git check-ignore -v -z --stdin [16ms]
2024-05-31 15:41:07.282 [info] > git check-ignore -v -z --stdin [11ms]
2024-05-31 15:41:10.277 [info] > git show --textconv :projet/backend/init.sql [23ms]
2024-05-31 15:41:10.279 [info] > git ls-files --stage -- /home/student/S03_challenge_E03-cedricRGT45/projet/backend/init.sql [3ms]
2024-05-31 15:41:10.296 [info] > git cat-file -s 985ea6620b36270207a1ff98b2b95ebe3231da48 [2ms]
2024-05-31 15:41:41.185 [info] > git show --textconv :projet/frontend/src/App.tsx [18ms]
2024-05-31 15:41:41.187 [info] > git ls-files --stage -- /home/student/S03_challenge_E03-cedricRGT45/projet/frontend/src/App.tsx [3ms]
2024-05-31 15:41:41.213 [info] > git cat-file -s 3d8fcc84be5fd4b79d92b362342151be01d104b3 [2ms]
2024-05-31 15:43:55.316 [info] > git check-ignore -v -z --stdin [18ms]
2024-05-31 15:43:55.418 [info] > git show --textconv :projet/frontend/src/Home.tsx [38ms]
2024-05-31 15:43:55.426 [info] > git ls-files --stage -- /home/student/S03_challenge_E03-cedricRGT45/projet/frontend/src/Home.tsx [11ms]
2024-05-31 15:43:55.839 [info] > git config --get commit.template [34ms]
2024-05-31 15:43:55.848 [info] > git for-each-ref --format=%(refname)%00%(upstream:short)%00%(objectname)%00%(upstream:track)%00%(upstream:remotename)%00%(upstream:remoteref) refs/heads/master refs/remotes/master [10ms]
2024-05-31 15:43:55.881 [info] > git status -z -uall [14ms]
2024-05-31 15:44:00.941 [info] > git config --get commit.template [23ms]
2024-05-31 15:44:00.942 [info] > git for-each-ref --format=%(refname)%00%(upstream:short)%00%(objectname)%00%(upstream:track)%00%(upstream:remotename)%00%(upstream:remoteref) refs/heads/master refs/remotes/master [3ms]
2024-05-31 15:44:00.966 [info] > git status -z -uall [5ms]
2024-05-31 15:44:10.675 [info] > git config --get commit.template [19ms]
2024-05-31 15:44:10.676 [info] > git for-each-ref --format=%(refname)%00%(upstream:short)%00%(objectname)%00%(upstream:track)%00%(upstream:remotename)%00%(upstream:remoteref) refs/heads/master refs/remotes/master [3ms]
2024-05-31 15:44:10.699 [info] > git status -z -uall [4ms]
2024-05-31 15:44:38.977 [info] > git show --textconv :projet/frontend/src/App.tsx [25ms]
2024-05-31 15:44:38.978 [info] > git ls-files --stage -- /home/student/S03_challenge_E03-cedricRGT45/projet/frontend/src/App.tsx [3ms]
2024-05-31 15:44:39.007 [info] > git cat-file -s 3d8fcc84be5fd4b79d92b362342151be01d104b3 [3ms]
2024-05-31 15:44:50.423 [info] > git config --get commit.template [33ms]
2024-05-31 15:44:50.425 [info] > git for-each-ref --format=%(refname)%00%(upstream:short)%00%(objectname)%00%(upstream:track)%00%(upstream:remotename)%00%(upstream:remoteref) refs/heads/master refs/remotes/master [9ms]
2024-05-31 15:44:50.477 [info] > git status -z -uall [5ms]
2024-05-31 15:45:03.251 [info] > git check-ignore -v -z --stdin [3ms]
2024-05-31 15:45:03.763 [info] > git config --get commit.template [21ms]
2024-05-31 15:45:03.767 [info] > git for-each-ref --format=%(refname)%00%(upstream:short)%00%(objectname)%00%(upstream:track)%00%(upstream:remotename)%00%(upstream:remoteref) refs/heads/master refs/remotes/master [5ms]
2024-05-31 15:45:03.797 [info] > git status -z -uall [7ms]
2024-05-31 15:47:02.415 [info] > git show --textconv :projet/frontend/src/components/Home.tsx [25ms]
2024-05-31 15:47:02.415 [info] > git ls-files --stage -- /home/student/S03_challenge_E03-cedricRGT45/projet/frontend/src/components/Home.tsx [2ms]
2024-05-31 15:47:05.830 [info] > git config --get commit.template [27ms]
2024-05-31 15:47:05.832 [info] > git for-each-ref --format=%(refname)%00%(upstream:short)%00%(objectname)%00%(upstream:track)%00%(upstream:remotename)%00%(upstream:remoteref) refs/heads/master refs/remotes/master [3ms]
2024-05-31 15:47:05.853 [info] > git status -z -uall [5ms]
2024-05-31 15:47:11.466 [info] > git config --get commit.template [19ms]
2024-05-31 15:47:11.468 [info] > git for-each-ref --format=%(refname)%00%(upstream:short)%00%(objectname)%00%(upstream:track)%00%(upstream:remotename)%00%(upstream:remoteref) refs/heads/master refs/remotes/master [4ms]
2024-05-31 15:47:11.497 [info] > git status -z -uall [6ms]
2024-05-31 15:47:13.599 [info] > git show --textconv :projet/frontend/src/App.tsx [20ms]
2024-05-31 15:47:13.601 [info] > git ls-files --stage -- /home/student/S03_challenge_E03-cedricRGT45/projet/frontend/src/App.tsx [6ms]
2024-05-31 15:47:13.618 [info] > git cat-file -s 3d8fcc84be5fd4b79d92b362342151be01d104b3 [2ms]
2024-05-31 15:47:22.361 [info] > git config --get commit.template [1ms]
2024-05-31 15:47:22.389 [info] > git for-each-ref --format=%(refname)%00%(upstream:short)%00%(objectname)%00%(upstream:track)%00%(upstream:remotename)%00%(upstream:remoteref) refs/heads/master refs/remotes/master [3ms]
2024-05-31 15:47:22.411 [info] > git status -z -uall [4ms]
2024-05-31 15:47:28.586 [info] > git show --textconv :projet/frontend/src/@types/products.d.ts [34ms]
2024-05-31 15:47:28.587 [info] > git ls-files --stage -- /home/student/S03_challenge_E03-cedricRGT45/projet/frontend/src/@types/products.d.ts [15ms]
2024-05-31 15:47:28.612 [info] > git cat-file -s 4c7855a250b0eeeaa7babb7da7d55e777ab69327 [4ms]
2024-05-31 15:47:31.630 [info] > git show --textconv :projet/frontend/src/App.tsx [19ms]
2024-05-31 15:47:31.633 [info] > git ls-files --stage -- /home/student/S03_challenge_E03-cedricRGT45/projet/frontend/src/App.tsx [4ms]
2024-05-31 15:47:31.652 [info] > git cat-file -s 3d8fcc84be5fd4b79d92b362342151be01d104b3 [3ms]
2024-05-31 15:47:37.615 [info] > git show --textconv :projet/frontend/src/@types/products.d.ts [25ms]
2024-05-31 15:47:37.620 [info] > git ls-files --stage -- /home/student/S03_challenge_E03-cedricRGT45/projet/frontend/src/@types/products.d.ts [7ms]
2024-05-31 15:47:37.640 [info] > git cat-file -s 4c7855a250b0eeeaa7babb7da7d55e777ab69327 [3ms]
2024-05-31 15:47:40.661 [info] > git show --textconv :projet/frontend/src/App.tsx [20ms]
2024-05-31 15:47:40.665 [info] > git ls-files --stage -- /home/student/S03_challenge_E03-cedricRGT45/projet/frontend/src/App.tsx [6ms]
2024-05-31 15:47:40.689 [info] > git cat-file -s 3d8fcc84be5fd4b79d92b362342151be01d104b3 [3ms]
2024-05-31 15:48:31.743 [info] > git show --textconv :projet/frontend/src/components/Home.tsx [19ms]
2024-05-31 15:48:31.745 [info] > git ls-files --stage -- /home/student/S03_challenge_E03-cedricRGT45/projet/frontend/src/components/Home.tsx [3ms]
2024-05-31 15:48:44.942 [info] > git show --textconv :projet/frontend/src/App.tsx [29ms]
2024-05-31 15:48:44.943 [info] > git ls-files --stage -- /home/student/S03_challenge_E03-cedricRGT45/projet/frontend/src/App.tsx [4ms]
2024-05-31 15:48:44.966 [info] > git cat-file -s 3d8fcc84be5fd4b79d92b362342151be01d104b3 [5ms]
2024-05-31 15:48:52.104 [info] > git show --textconv :projet/frontend/src/assets/scss/main.scss [19ms]
2024-05-31 15:48:52.106 [info] > git ls-files --stage -- /home/student/S03_challenge_E03-cedricRGT45/projet/frontend/src/assets/scss/main.scss [3ms]
2024-05-31 15:48:52.125 [info] > git cat-file -s d2e4481ef98cda6d99590fbf607fa32e094b318c [3ms]
2024-05-31 15:48:53.439 [info] > git show --textconv :projet/frontend/src/assets/scss/base/_typography.scss [22ms]
2024-05-31 15:48:53.439 [info] > git ls-files --stage -- /home/student/S03_challenge_E03-cedricRGT45/projet/frontend/src/assets/scss/base/_typography.scss [2ms]
2024-05-31 15:48:53.466 [info] > git cat-file -s 7e4fe55841e90f77486ebb8950d16339523dd0bb [7ms]
2024-05-31 15:50:58.233 [info] > git show --textconv :projet/frontend/src/assets/scss/main.scss [25ms]
2024-05-31 15:50:58.235 [info] > git ls-files --stage -- /home/student/S03_challenge_E03-cedricRGT45/projet/frontend/src/assets/scss/main.scss [5ms]
2024-05-31 15:50:58.255 [info] > git cat-file -s d2e4481ef98cda6d99590fbf607fa32e094b318c [3ms]
2024-05-31 15:51:07.658 [info] > git show --textconv :projet/frontend/src/assets/scss/base/_typography.scss [19ms]
2024-05-31 15:51:07.660 [info] > git ls-files --stage -- /home/student/S03_challenge_E03-cedricRGT45/projet/frontend/src/assets/scss/base/_typography.scss [5ms]
2024-05-31 15:51:07.680 [info] > git cat-file -s 7e4fe55841e90f77486ebb8950d16339523dd0bb [2ms]
2024-05-31 15:51:30.329 [info] > git config --get commit.template [23ms]
2024-05-31 15:51:30.333 [info] > git for-each-ref --format=%(refname)%00%(upstream:short)%00%(objectname)%00%(upstream:track)%00%(upstream:remotename)%00%(upstream:remoteref) refs/heads/master refs/remotes/master [7ms]
2024-05-31 15:51:30.357 [info] > git status -z -uall [6ms]
2024-05-31 15:51:35.421 [info] > git config --get commit.template [23ms]
2024-05-31 15:51:35.425 [info] > git for-each-ref --format=%(refname)%00%(upstream:short)%00%(objectname)%00%(upstream:track)%00%(upstream:remotename)%00%(upstream:remoteref) refs/heads/master refs/remotes/master [5ms]
2024-05-31 15:51:35.447 [info] > git status -z -uall [5ms]
2024-05-31 15:51:40.500 [info] > git config --get commit.template [28ms]
2024-05-31 15:51:40.502 [info] > git for-each-ref --format=%(refname)%00%(upstream:short)%00%(objectname)%00%(upstream:track)%00%(upstream:remotename)%00%(upstream:remoteref) refs/heads/master refs/remotes/master [3ms]
2024-05-31 15:51:40.526 [info] > git status -z -uall [5ms]
2024-05-31 15:51:47.025 [info] > git config --get commit.template [32ms]
2024-05-31 15:51:47.026 [info] > git for-each-ref --format=%(refname)%00%(upstream:short)%00%(objectname)%00%(upstream:track)%00%(upstream:remotename)%00%(upstream:remoteref) refs/heads/master refs/remotes/master [3ms]
2024-05-31 15:51:47.047 [info] > git status -z -uall [4ms]
2024-05-31 15:51:52.089 [info] > git config --get commit.template [20ms]
2024-05-31 15:51:52.090 [info] > git for-each-ref --format=%(refname)%00%(upstream:short)%00%(objectname)%00%(upstream:track)%00%(upstream:remotename)%00%(upstream:remoteref) refs/heads/master refs/remotes/master [3ms]
2024-05-31 15:51:52.129 [info] > git status -z -uall [10ms]
2024-05-31 15:51:57.170 [info] > git config --get commit.template [17ms]
2024-05-31 15:51:57.172 [info] > git for-each-ref --format=%(refname)%00%(upstream:short)%00%(objectname)%00%(upstream:track)%00%(upstream:remotename)%00%(upstream:remoteref) refs/heads/master refs/remotes/master [4ms]
2024-05-31 15:51:57.193 [info] > git status -z -uall [4ms]
2024-05-31 15:52:16.574 [info] > git config --get commit.template [26ms]
2024-05-31 15:52:16.581 [info] > git for-each-ref --format=%(refname)%00%(upstream:short)%00%(objectname)%00%(upstream:track)%00%(upstream:remotename)%00%(upstream:remoteref) refs/heads/master refs/remotes/master [17ms]
2024-05-31 15:52:16.606 [info] > git status -z -uall [6ms]
2024-05-31 15:52:38.048 [info] > git config --get commit.template [26ms]
2024-05-31 15:52:38.049 [info] > git for-each-ref --format=%(refname)%00%(upstream:short)%00%(objectname)%00%(upstream:track)%00%(upstream:remotename)%00%(upstream:remoteref) refs/heads/master refs/remotes/master [3ms]
2024-05-31 15:52:38.071 [info] > git status -z -uall [4ms]
2024-05-31 15:52:43.115 [info] > git config --get commit.template [21ms]
2024-05-31 15:52:43.128 [info] > git for-each-ref --format=%(refname)%00%(upstream:short)%00%(objectname)%00%(upstream:track)%00%(upstream:remotename)%00%(upstream:remoteref) refs/heads/master refs/remotes/master [14ms]
2024-05-31 15:52:43.154 [info] > git status -z -uall [5ms]
2024-05-31 15:52:49.918 [info] > git config --get commit.template [25ms]
2024-05-31 15:52:49.923 [info] > git for-each-ref --format=%(refname)%00%(upstream:short)%00%(objectname)%00%(upstream:track)%00%(upstream:remotename)%00%(upstream:remoteref) refs/heads/master refs/remotes/master [6ms]
2024-05-31 15:52:49.968 [info] > git status -z -uall [17ms]
2024-05-31 15:52:55.053 [info] > git config --get commit.template [32ms]
2024-05-31 15:52:55.057 [info] > git for-each-ref --format=%(refname)%00%(upstream:short)%00%(objectname)%00%(upstream:track)%00%(upstream:remotename)%00%(upstream:remoteref) refs/heads/master refs/remotes/master [6ms]
2024-05-31 15:52:55.081 [info] > git status -z -uall [5ms]
2024-05-31 15:53:00.128 [info] > git config --get commit.template [22ms]
2024-05-31 15:53:00.130 [info] > git for-each-ref --format=%(refname)%00%(upstream:short)%00%(objectname)%00%(upstream:track)%00%(upstream:remotename)%00%(upstream:remoteref) refs/heads/master refs/remotes/master [3ms]
2024-05-31 15:53:00.152 [info] > git status -z -uall [5ms]
2024-05-31 15:53:05.223 [info] > git config --get commit.template [29ms]
2024-05-31 15:53:05.228 [info] > git for-each-ref --format=%(refname)%00%(upstream:short)%00%(objectname)%00%(upstream:track)%00%(upstream:remotename)%00%(upstream:remoteref) refs/heads/master refs/remotes/master [8ms]
2024-05-31 15:53:05.269 [info] > git status -z -uall [15ms]
2024-05-31 15:53:10.318 [info] > git config --get commit.template [20ms]
2024-05-31 15:53:10.320 [info] > git for-each-ref --format=%(refname)%00%(upstream:short)%00%(objectname)%00%(upstream:track)%00%(upstream:remotename)%00%(upstream:remoteref) refs/heads/master refs/remotes/master [2ms]
2024-05-31 15:53:10.342 [info] > git status -z -uall [4ms]
2024-05-31 15:53:30.090 [info] > git config --get commit.template [25ms]
2024-05-31 15:53:30.092 [info] > git for-each-ref --format=%(refname)%00%(upstream:short)%00%(objectname)%00%(upstream:track)%00%(upstream:remotename)%00%(upstream:remoteref) refs/heads/master refs/remotes/master [4ms]
2024-05-31 15:53:30.118 [info] > git status -z -uall [6ms]
2024-05-31 15:54:50.963 [info] > git show --textconv :projet/frontend/src/components/Home.tsx [19ms]
2024-05-31 15:54:50.965 [info] > git ls-files --stage -- /home/student/S03_challenge_E03-cedricRGT45/projet/frontend/src/components/Home.tsx [3ms]
2024-05-31 15:55:25.653 [info] > git show --textconv :projet/frontend/src/assets/scss/base/_typography.scss [34ms]
2024-05-31 15:55:25.656 [info] > git ls-files --stage -- /home/student/S03_challenge_E03-cedricRGT45/projet/frontend/src/assets/scss/base/_typography.scss [5ms]
2024-05-31 15:55:25.689 [info] > git cat-file -s 7e4fe55841e90f77486ebb8950d16339523dd0bb [3ms]
2024-05-31 15:56:08.287 [info] > git config --get commit.template [30ms]
2024-05-31 15:56:08.289 [info] > git for-each-ref --format=%(refname)%00%(upstream:short)%00%(objectname)%00%(upstream:track)%00%(upstream:remotename)%00%(upstream:remoteref) refs/heads/master refs/remotes/master [3ms]
2024-05-31 15:56:08.309 [info] > git status -z -uall [4ms]
2024-05-31 15:56:17.101 [info] > git for-each-ref --format=%(refname)%00%(upstream:short)%00%(objectname)%00%(upstream:track)%00%(upstream:remotename)%00%(upstream:remoteref) refs/heads/master refs/remotes/master [4ms]
2024-05-31 15:56:17.102 [info] > git config --get commit.template [28ms]
2024-05-31 15:56:17.127 [info] > git status -z -uall [4ms]
2024-05-31 15:56:35.210 [info] > git config --get commit.template [88ms]
2024-05-31 15:56:35.245 [info] > git for-each-ref --format=%(refname)%00%(upstream:short)%00%(objectname)%00%(upstream:track)%00%(upstream:remotename)%00%(upstream:remoteref) refs/heads/master refs/remotes/master [37ms]
2024-05-31 15:56:35.341 [info] > git status -z -uall [20ms]
2024-05-31 15:56:49.432 [info] > git config --get commit.template [22ms]
2024-05-31 15:56:49.437 [info] > git for-each-ref --format=%(refname)%00%(upstream:short)%00%(objectname)%00%(upstream:track)%00%(upstream:remotename)%00%(upstream:remoteref) refs/heads/master refs/remotes/master [5ms]
2024-05-31 15:56:49.470 [info] > git status -z -uall [15ms]
2024-05-31 15:56:54.533 [info] > git config --get commit.template [23ms]
2024-05-31 15:56:54.537 [info] > git for-each-ref --format=%(refname)%00%(upstream:short)%00%(objectname)%00%(upstream:track)%00%(upstream:remotename)%00%(upstream:remoteref) refs/heads/master refs/remotes/master [6ms]
2024-05-31 15:56:54.564 [info] > git status -z -uall [8ms]
2024-05-31 15:56:59.625 [info] > git config --get commit.template [24ms]
2024-05-31 15:56:59.627 [info] > git for-each-ref --format=%(refname)%00%(upstream:short)%00%(objectname)%00%(upstream:track)%00%(upstream:remotename)%00%(upstream:remoteref) refs/heads/master refs/remotes/master [3ms]
2024-05-31 15:56:59.660 [info] > git status -z -uall [5ms]
2024-05-31 16:00:30.982 [info] > git show --textconv :projet/backend/index.js [60ms]
2024-05-31 16:00:30.989 [info] > git ls-files --stage -- /home/student/S03_challenge_E03-cedricRGT45/projet/backend/index.js [18ms]
2024-05-31 16:00:31.040 [info] > git cat-file -s 22b922b7a5c60abba27984b9ce5c8273840a2352 [23ms]
2024-05-31 16:02:27.986 [info] > git config --get commit.template [32ms]
2024-05-31 16:02:27.990 [info] > git for-each-ref --format=%(refname)%00%(upstream:short)%00%(objectname)%00%(upstream:track)%00%(upstream:remotename)%00%(upstream:remoteref) refs/heads/master refs/remotes/master [6ms]
2024-05-31 16:02:28.014 [info] > git status -z -uall [6ms]
2024-05-31 16:04:41.237 [info] > git show --textconv :projet/docker-compose.yml [22ms]
2024-05-31 16:04:41.239 [info] > git ls-files --stage -- /home/student/S03_challenge_E03-cedricRGT45/projet/docker-compose.yml [5ms]
2024-05-31 16:04:41.262 [info] > git cat-file -s f5ed10c6a9d62cdddd49e3db4b9ba09b8bc834c7 [0ms]
2024-05-31 16:05:49.937 [info] > git config --get commit.template [21ms]
2024-05-31 16:05:49.941 [info] > git for-each-ref --format=%(refname)%00%(upstream:short)%00%(objectname)%00%(upstream:track)%00%(upstream:remotename)%00%(upstream:remoteref) refs/heads/master refs/remotes/master [6ms]
2024-05-31 16:05:49.964 [info] > git status -z -uall [4ms]
2024-05-31 16:08:25.449 [info] > git check-ignore -v -z --stdin [8ms]
2024-05-31 16:08:27.170 [info] > git show --textconv :projet/backend/Dockerfile [20ms]
2024-05-31 16:08:27.172 [info] > git ls-files --stage -- /home/student/S03_challenge_E03-cedricRGT45/projet/backend/Dockerfile [5ms]
2024-05-31 16:08:27.195 [info] > git cat-file -s 3b5b3be33990ac091798b0e58faccedf0bcb0f78 [3ms]
2024-05-31 16:28:24.953 [info] > git check-ignore -v -z --stdin [13ms]
2024-05-31 16:28:27.901 [info] > git check-ignore -v -z --stdin [12ms]
2024-05-31 16:28:29.849 [info] > git check-ignore -v -z --stdin [3ms]
2024-05-31 16:28:31.785 [info] > git check-ignore -v -z --stdin [10ms]
2024-05-31 16:28:38.798 [info] > git check-ignore -v -z --stdin [17ms]
2024-05-31 16:28:57.746 [warning] ENOENT: no such file or directory, open '/home/student/S03_CICD_archi_frontend/.git/HEAD'
2024-05-31 16:28:57.779 [warning] getRemotes() - ENOENT: no such file or directory, open '/home/student/S03_CICD_archi_frontend/.git/config'
2024-05-31 16:28:57.822 [warning] ENOENT: no such file or directory, open '/home/student/S03_CICD_archi_frontend/.git/HEAD'
2024-05-31 16:28:57.863 [warning] getRemotes() - ENOENT: no such file or directory, open '/home/student/S03_CICD_archi_frontend/.git/config'
2024-05-31 16:28:59.033 [info] > git check-ignore -v -z --stdin [41ms]
2024-05-31 16:28:59.035 [info] > git check-ignore -v -z --stdin [26ms]
2024-05-31 16:28:59.037 [info] > git check-ignore -v -z --stdin [8ms]
2024-05-31 16:29:50.061 [info] > git check-ignore -v -z --stdin [13ms]
2024-05-31 16:29:57.883 [info] > git check-ignore -v -z --stdin [10ms]
2024-05-31 16:30:11.222 [info] > git check-ignore -v -z --stdin [12ms]
2024-05-31 16:30:36.264 [info] > git check-ignore -v -z --stdin [13ms]
2024-05-31 16:30:38.554 [info] > git check-ignore -v -z --stdin [15ms]
