2024-06-20 11:00:08.373 [info] Log level: Info
2024-06-20 11:00:08.373 [info] Validating found git in: "git"
2024-06-20 11:00:08.373 [info] Using git "2.34.1" from "git"
2024-06-20 11:00:08.374 [info] > git rev-parse --show-toplevel [5ms]
2024-06-20 11:00:08.374 [info] > git rev-parse --git-dir --git-common-dir [160ms]
2024-06-20 11:00:08.375 [info] Open repository: /home/student
2024-06-20 11:00:08.375 [info] > git config --get commit.template [9ms]
2024-06-20 11:00:08.376 [info] > git rev-parse --show-toplevel [45ms]
2024-06-20 11:00:08.376 [info] > git rev-parse --show-toplevel [27ms]
2024-06-20 11:00:08.377 [info] > git for-each-ref --format=%(refname)%00%(upstream:short)%00%(objectname)%00%(upstream:track)%00%(upstream:remotename)%00%(upstream:remoteref) refs/heads/main refs/remotes/main [45ms]
2024-06-20 11:00:08.560 [info] > git rev-parse --show-toplevel [177ms]
2024-06-20 11:00:08.725 [info] > git rev-parse --show-toplevel [148ms]
2024-06-20 11:00:08.753 [info] > git rev-parse --show-toplevel [6ms]
2024-06-20 11:00:08.772 [info] > git rev-parse --show-toplevel [3ms]
2024-06-20 11:00:08.792 [info] > git rev-parse --show-toplevel [6ms]
2024-06-20 11:00:08.813 [info] > git rev-parse --show-toplevel [2ms]
2024-06-20 11:00:08.832 [info] > git rev-parse --show-toplevel [7ms]
2024-06-20 11:00:08.853 [info] > git rev-parse --show-toplevel [6ms]
2024-06-20 11:00:08.861 [info] > git rev-parse --show-toplevel [4ms]
2024-06-20 11:00:08.869 [info] > git rev-parse --git-dir --git-common-dir [3ms]
2024-06-20 11:00:08.875 [info] Open repository: /home/student/S02_Coclock_Working
2024-06-20 11:00:08.890 [info] > git config --get commit.template [7ms]
2024-06-20 11:00:08.898 [info] > git rev-parse --show-toplevel [10ms]
2024-06-20 11:00:08.907 [info] > git for-each-ref --format=%(refname)%00%(upstream:short)%00%(objectname)%00%(upstream:track)%00%(upstream:remotename)%00%(upstream:remoteref) refs/heads/master refs/remotes/master [10ms]
2024-06-20 11:00:08.915 [warning] ENOENT: no such file or directory, open '/home/student/S02_Coclock_Working/.git/refs/remotes/origin/master'
2024-06-20 11:00:08.916 [info] > git rev-parse --git-dir --git-common-dir [10ms]
2024-06-20 11:00:08.925 [info] Open repository: /home/student/S03_CICD
2024-06-20 11:00:08.940 [info] > git rev-parse refs/remotes/origin/master [25ms]
2024-06-20 11:00:08.949 [info] > git rev-parse --show-toplevel [10ms]
2024-06-20 11:00:08.950 [info] > git config --get commit.template [16ms]
2024-06-20 11:00:08.978 [info] > git rev-parse --git-dir --git-common-dir [16ms]
2024-06-20 11:00:08.984 [info] Open repository: /home/student/S03_challenge_E05_suspense-cedricRGT45
2024-06-20 11:00:09.026 [info] > git for-each-ref --format=%(refname)%00%(upstream:short)%00%(objectname)%00%(upstream:track)%00%(upstream:remotename)%00%(upstream:remoteref) refs/heads/master refs/remotes/master [49ms]
2024-06-20 11:00:09.028 [info] > git rev-parse --show-toplevel [3ms]
2024-06-20 11:00:09.029 [info] > git config --get commit.template [20ms]
2024-06-20 11:00:09.041 [warning] ENOENT: no such file or directory, open '/home/student/S03_CICD/.git/refs/remotes/origin/master'
2024-06-20 11:00:09.065 [info] > git rev-parse refs/remotes/origin/master [25ms]
2024-06-20 11:00:09.074 [info] > git for-each-ref --format=%(refname)%00%(upstream:short)%00%(objectname)%00%(upstream:track)%00%(upstream:remotename)%00%(upstream:remoteref) refs/heads/master refs/remotes/master [10ms]
2024-06-20 11:00:09.075 [info] > git rev-parse --git-dir --git-common-dir [19ms]
2024-06-20 11:00:09.086 [info] Open repository: /home/student/S03_challenge_E06_error-cedricRGT45
2024-06-20 11:00:09.105 [info] > git status -z -uall [158ms]
2024-06-20 11:00:09.106 [info] > git status -z -uall [36ms]
2024-06-20 11:00:09.132 [info] > git merge-base refs/heads/master refs/remotes/origin/master [15ms]
2024-06-20 11:00:09.138 [info] > git rev-parse --show-toplevel [38ms]
2024-06-20 11:00:09.144 [info] > git config --get commit.template [48ms]
2024-06-20 11:00:09.175 [info] > git status -z -uall [537ms] (cancelled)
2024-06-20 11:00:09.176 [info] > git merge-base refs/heads/master refs/remotes/origin/master [23ms]
2024-06-20 11:00:09.181 [info] > git rev-list --count --left-right refs/heads/master...refs/remotes/origin/master [44ms]
2024-06-20 11:00:09.187 [info] > git config --get commit.template [58ms]
2024-06-20 11:00:09.217 [info] > git status -z -uall [25ms]
2024-06-20 11:00:09.218 [info] > git rev-list --count --left-right refs/heads/master...refs/remotes/origin/master [38ms]
2024-06-20 11:00:09.223 [info] > git config --get commit.template [53ms]
2024-06-20 11:00:09.256 [info] > git check-ignore -v -z --stdin [53ms]
2024-06-20 11:00:09.264 [info] > git for-each-ref --format=%(refname)%00%(upstream:short)%00%(objectname)%00%(upstream:track)%00%(upstream:remotename)%00%(upstream:remoteref) refs/heads/master refs/remotes/master [66ms]
2024-06-20 11:00:09.288 [info] > git diff --name-status -z --diff-filter=ADMR 55e66f96c5ba6b77b9d257d5579e211274f560ad...refs/remotes/origin/master [101ms]
2024-06-20 11:00:09.382 [warning] ENOENT: no such file or directory, open '/home/student/S03_challenge_E06_error-cedricRGT45/.git/refs/remotes/origin/master'
2024-06-20 11:00:09.389 [info] > git merge-base refs/heads/master refs/remotes/origin/master [108ms]
2024-06-20 11:00:09.395 [info] > git for-each-ref --format=%(refname)%00%(upstream:short)%00%(objectname)%00%(upstream:track)%00%(upstream:remotename)%00%(upstream:remoteref) refs/heads/master refs/remotes/master [165ms]
2024-06-20 11:00:09.395 [info] > git diff --name-status -z --diff-filter=ADMR 4c00948e25e702a642836f79638d3d376e03e5ea...refs/remotes/origin/master [172ms]
2024-06-20 11:00:09.403 [warning] ENOENT: no such file or directory, open '/home/student/S02_Coclock_Working/.git/refs/remotes/origin/master'
2024-06-20 11:00:09.405 [info] > git rev-list --count --left-right refs/heads/master...refs/remotes/origin/master [11ms]
2024-06-20 11:00:09.411 [info] > git config --get commit.template [24ms]
2024-06-20 11:00:09.412 [info] > git rev-parse refs/remotes/origin/master [30ms]
2024-06-20 11:00:09.418 [info] > git for-each-ref --format=%(refname)%00%(upstream:short)%00%(objectname)%00%(upstream:track)%00%(upstream:remotename)%00%(upstream:remoteref) refs/heads/master refs/remotes/master [40ms]
2024-06-20 11:00:09.425 [warning] ENOENT: no such file or directory, open '/home/student/S03_CICD/.git/refs/remotes/origin/master'
2024-06-20 11:00:09.426 [info] > git diff --name-status -z --diff-filter=ADMR 38c0e2c4c1ab2970ba68f1bf3edb3b5090905268...refs/remotes/origin/master [16ms]
2024-06-20 11:00:09.427 [info] > git rev-parse refs/remotes/origin/master [24ms]
2024-06-20 11:00:09.445 [info] > git status -z -uall [27ms]
2024-06-20 11:00:09.446 [info] > git rev-parse refs/remotes/origin/master [21ms]
2024-06-20 11:00:09.476 [info] > git status -z -uall [23ms]
2024-06-20 11:00:09.476 [info] > git for-each-ref --format=%(refname)%00%(upstream:short)%00%(objectname)%00%(upstream:track)%00%(upstream:remotename)%00%(upstream:remoteref) refs/heads/master refs/remotes/master [32ms]
2024-06-20 11:00:09.492 [info] > git merge-base refs/heads/master refs/remotes/origin/master [28ms]
2024-06-20 11:00:09.499 [info] > git config --get commit.template [23ms]
2024-06-20 11:00:09.509 [info] > git rev-list --count --left-right refs/heads/master...refs/remotes/origin/master [11ms]
2024-06-20 11:00:09.525 [info] > git for-each-ref --format=%(refname)%00%(upstream:short)%00%(objectname)%00%(upstream:track)%00%(upstream:remotename)%00%(upstream:remoteref) refs/heads/master refs/remotes/master [17ms]
2024-06-20 11:00:09.526 [info] > git diff --name-status -z --diff-filter=ADMR 079c219685ad4918fd50d800bd40ad5ff10c359a...refs/remotes/origin/master [9ms]
2024-06-20 11:00:09.536 [warning] ENOENT: no such file or directory, open '/home/student/S03_challenge_E06_error-cedricRGT45/.git/refs/remotes/origin/master'
2024-06-20 11:00:09.537 [info] > git status -z -uall [12ms]
2024-06-20 11:00:09.541 [info] > git rev-parse refs/remotes/origin/master [5ms]
2024-06-20 11:00:09.547 [info] > git status -z -uall [108ms]
2024-06-20 11:00:09.560 [info] > git status -z -uall [14ms]
2024-06-20 11:00:12.923 [info] > git check-ignore -v -z --stdin [11ms]
2024-06-20 11:00:12.924 [info] > git check-ignore -v -z --stdin [9ms]
2024-06-20 11:00:12.931 [info] > git check-ignore -v -z --stdin [11ms]
2024-06-20 11:05:08.293 [info] > git check-ignore -v -z --stdin [6ms]
2024-06-20 11:06:43.249 [info] > git check-ignore -v -z --stdin [4ms]
2024-06-20 11:06:52.788 [info] > git check-ignore -v -z --stdin [29ms]
2024-06-20 11:06:52.789 [info] > git check-ignore -v -z --stdin [19ms]
2024-06-20 11:06:52.790 [info] > git check-ignore -v -z --stdin [10ms]
2024-06-20 11:06:56.687 [info] > git check-ignore -v -z --stdin [7ms]
2024-06-20 11:07:15.813 [info] > git check-ignore -v -z --stdin [9ms]
2024-06-20 11:10:25.624 [info] > git show --textconv :decouvrir-svelte-cedricRGT45/from-scratch.md [74ms]
2024-06-20 11:10:25.625 [info] > git ls-files --stage -- /home/student/decouvrir-svelte-cedricRGT45/from-scratch.md [69ms]
2024-06-20 11:10:28.686 [info] > git check-ignore -v -z --stdin [13ms]
2024-06-20 11:10:40.640 [info] > git check-ignore -v -z --stdin [10ms]
2024-06-20 11:12:36.197 [info] > git check-ignore -v -z --stdin [10ms]
2024-06-20 11:13:15.990 [info] > git check-ignore -v -z --stdin [9ms]
2024-06-20 11:13:18.362 [info] > git show --textconv :decouvrir-svelte-cedricRGT45/template/frontend/src/app.css [28ms]
2024-06-20 11:13:18.365 [info] > git ls-files --stage -- /home/student/decouvrir-svelte-cedricRGT45/template/frontend/src/app.css [24ms]
2024-06-20 11:13:25.481 [info] > git show --textconv :decouvrir-svelte-cedricRGT45/template/frontend/src/App.svelte [20ms]
2024-06-20 11:13:25.487 [info] > git ls-files --stage -- /home/student/decouvrir-svelte-cedricRGT45/template/frontend/src/App.svelte [8ms]
2024-06-20 11:24:18.461 [info] > git check-ignore -v -z --stdin [6ms]
2024-06-20 11:26:54.793 [info] > git show --textconv :decouvrir-svelte-cedricRGT45/template/frontend/src/main.ts [22ms]
2024-06-20 11:26:54.802 [info] > git ls-files --stage -- /home/student/decouvrir-svelte-cedricRGT45/template/frontend/src/main.ts [19ms]
2024-06-20 11:27:10.957 [info] > git show --textconv :decouvrir-svelte-cedricRGT45/template/frontend/src/App.svelte [6ms]
2024-06-20 11:27:10.963 [info] > git ls-files --stage -- /home/student/decouvrir-svelte-cedricRGT45/template/frontend/src/App.svelte [8ms]
2024-06-20 11:27:13.051 [info] > git show --textconv :decouvrir-svelte-cedricRGT45/template/frontend/src/main.ts [7ms]
2024-06-20 11:27:13.060 [info] > git ls-files --stage -- /home/student/decouvrir-svelte-cedricRGT45/template/frontend/src/main.ts [10ms]
2024-06-20 11:27:20.840 [info] > git show --textconv :decouvrir-svelte-cedricRGT45/template/frontend/src/App.svelte [7ms]
2024-06-20 11:27:20.847 [info] > git ls-files --stage -- /home/student/decouvrir-svelte-cedricRGT45/template/frontend/src/App.svelte [7ms]
2024-06-20 11:30:38.982 [info] > git check-ignore -v -z --stdin [5ms]
2024-06-20 11:30:56.773 [info] > git show --textconv :decouvrir-svelte-cedricRGT45/template/frontend/src/routes/+home.svelte [16ms]
2024-06-20 11:30:56.777 [info] > git ls-files --stage -- /home/student/decouvrir-svelte-cedricRGT45/template/frontend/src/routes/+home.svelte [6ms]
2024-06-20 11:30:56.902 [info] > git check-ignore -v -z --stdin [6ms]
2024-06-20 11:31:03.113 [info] > git show --textconv :decouvrir-svelte-cedricRGT45/template/frontend/src/App.svelte [7ms]
2024-06-20 11:31:03.120 [info] > git ls-files --stage -- /home/student/decouvrir-svelte-cedricRGT45/template/frontend/src/App.svelte [8ms]
2024-06-20 11:32:04.042 [info] > git show --textconv :decouvrir-svelte-cedricRGT45/template/frontend/src/routes/+home.svelte [19ms]
2024-06-20 11:32:04.048 [info] > git ls-files --stage -- /home/student/decouvrir-svelte-cedricRGT45/template/frontend/src/routes/+home.svelte [7ms]
2024-06-20 11:32:06.693 [info] > git show --textconv :decouvrir-svelte-cedricRGT45/template/frontend/src/App.svelte [12ms]
2024-06-20 11:32:06.700 [info] > git ls-files --stage -- /home/student/decouvrir-svelte-cedricRGT45/template/frontend/src/App.svelte [8ms]
2024-06-20 11:32:10.884 [info] > git show --textconv :decouvrir-svelte-cedricRGT45/template/frontend/src/routes/+home.svelte [6ms]
2024-06-20 11:32:10.892 [info] > git ls-files --stage -- /home/student/decouvrir-svelte-cedricRGT45/template/frontend/src/routes/+home.svelte [9ms]
2024-06-20 11:32:14.803 [info] > git show --textconv :decouvrir-svelte-cedricRGT45/template/frontend/src/App.svelte [6ms]
2024-06-20 11:32:14.816 [info] > git ls-files --stage -- /home/student/decouvrir-svelte-cedricRGT45/template/frontend/src/App.svelte [14ms]
2024-06-20 11:41:57.745 [info] > git check-ignore -v -z --stdin [7ms]
2024-06-20 11:42:16.560 [info] > git show --textconv :decouvrir-svelte-cedricRGT45/template/frontend/src/components/button.svelte [8ms]
2024-06-20 11:42:16.565 [info] > git ls-files --stage -- /home/student/decouvrir-svelte-cedricRGT45/template/frontend/src/components/button.svelte [6ms]
2024-06-20 11:42:16.732 [info] > git check-ignore -v -z --stdin [5ms]
2024-06-20 11:42:22.217 [info] > git show --textconv :decouvrir-svelte-cedricRGT45/template/frontend/src/App.svelte [6ms]
2024-06-20 11:42:22.224 [info] > git ls-files --stage -- /home/student/decouvrir-svelte-cedricRGT45/template/frontend/src/App.svelte [8ms]
2024-06-20 11:42:25.143 [info] > git show --textconv :decouvrir-svelte-cedricRGT45/template/frontend/src/components/button.svelte [7ms]
2024-06-20 11:42:25.149 [info] > git ls-files --stage -- /home/student/decouvrir-svelte-cedricRGT45/template/frontend/src/components/button.svelte [7ms]
2024-06-20 11:43:17.561 [info] > git show --textconv :decouvrir-svelte-cedricRGT45/template/frontend/src/App.svelte [11ms]
2024-06-20 11:43:17.576 [info] > git ls-files --stage -- /home/student/decouvrir-svelte-cedricRGT45/template/frontend/src/App.svelte [15ms]
2024-06-20 11:44:10.301 [info] > git check-ignore -v -z --stdin [6ms]
2024-06-20 11:48:38.472 [info] > git check-ignore -v -z --stdin [6ms]
2024-06-20 11:49:31.447 [info] > git show --textconv :decouvrir-svelte-cedricRGT45/template/frontend/src/routes/+home.svelte [8ms]
2024-06-20 11:49:31.452 [info] > git ls-files --stage -- /home/student/decouvrir-svelte-cedricRGT45/template/frontend/src/routes/+home.svelte [8ms]
2024-06-20 11:50:13.439 [info] > git show --textconv :decouvrir-svelte-cedricRGT45/template/frontend/src/routes/button.svelte [7ms]
2024-06-20 11:50:13.444 [info] > git ls-files --stage -- /home/student/decouvrir-svelte-cedricRGT45/template/frontend/src/routes/button.svelte [6ms]
2024-06-20 11:50:16.762 [info] > git show --textconv :decouvrir-svelte-cedricRGT45/template/frontend/src/routes/+home.svelte [8ms]
2024-06-20 11:50:16.767 [info] > git ls-files --stage -- /home/student/decouvrir-svelte-cedricRGT45/template/frontend/src/routes/+home.svelte [6ms]
2024-06-20 11:50:39.432 [info] > git show --textconv :decouvrir-svelte-cedricRGT45/template/frontend/src/routes/button.svelte [7ms]
2024-06-20 11:50:39.437 [info] > git ls-files --stage -- /home/student/decouvrir-svelte-cedricRGT45/template/frontend/src/routes/button.svelte [5ms]
2024-06-20 11:50:48.198 [info] > git show --textconv :decouvrir-svelte-cedricRGT45/template/frontend/src/routes/Button.svelte [6ms]
2024-06-20 11:50:48.203 [info] > git ls-files --stage -- /home/student/decouvrir-svelte-cedricRGT45/template/frontend/src/routes/Button.svelte [6ms]
2024-06-20 11:50:48.363 [info] > git check-ignore -v -z --stdin [7ms]
2024-06-20 11:52:11.086 [info] > git show --textconv :decouvrir-svelte-cedricRGT45/template/frontend/src/routes/+home.svelte [9ms]
2024-06-20 11:52:11.095 [info] > git ls-files --stage -- /home/student/decouvrir-svelte-cedricRGT45/template/frontend/src/routes/+home.svelte [10ms]
2024-06-20 11:52:19.086 [info] > git show --textconv :decouvrir-svelte-cedricRGT45/template/frontend/src/App.svelte [8ms]
2024-06-20 11:52:19.091 [info] > git ls-files --stage -- /home/student/decouvrir-svelte-cedricRGT45/template/frontend/src/App.svelte [6ms]
2024-06-20 11:56:08.471 [info] > git show --textconv :decouvrir-svelte-cedricRGT45/template/frontend/src/routes/Button.svelte [14ms]
2024-06-20 11:56:08.477 [info] > git ls-files --stage -- /home/student/decouvrir-svelte-cedricRGT45/template/frontend/src/routes/Button.svelte [7ms]
2024-06-20 11:56:11.884 [info] > git show --textconv :decouvrir-svelte-cedricRGT45/template/frontend/src/routes/+home.svelte [6ms]
2024-06-20 11:56:11.889 [info] > git ls-files --stage -- /home/student/decouvrir-svelte-cedricRGT45/template/frontend/src/routes/+home.svelte [6ms]
2024-06-20 11:56:15.862 [info] > git show --textconv :decouvrir-svelte-cedricRGT45/template/frontend/src/routes/Button.svelte [6ms]
2024-06-20 11:56:15.867 [info] > git ls-files --stage -- /home/student/decouvrir-svelte-cedricRGT45/template/frontend/src/routes/Button.svelte [6ms]
2024-06-20 11:56:17.102 [info] > git show --textconv :decouvrir-svelte-cedricRGT45/template/frontend/src/App.svelte [6ms]
2024-06-20 11:56:17.107 [info] > git ls-files --stage -- /home/student/decouvrir-svelte-cedricRGT45/template/frontend/src/App.svelte [6ms]
2024-06-20 11:56:21.323 [info] > git show --textconv :decouvrir-svelte-cedricRGT45/template/frontend/src/routes/+home.svelte [7ms]
2024-06-20 11:56:21.328 [info] > git ls-files --stage -- /home/student/decouvrir-svelte-cedricRGT45/template/frontend/src/routes/+home.svelte [6ms]
2024-06-20 11:56:49.225 [info] > git show --textconv :decouvrir-svelte-cedricRGT45/template/frontend/src/App.svelte [6ms]
2024-06-20 11:56:49.232 [info] > git ls-files --stage -- /home/student/decouvrir-svelte-cedricRGT45/template/frontend/src/App.svelte [8ms]
2024-06-20 11:58:26.040 [info] > git show --textconv :decouvrir-svelte-cedricRGT45/template/frontend/src/routes/+home.svelte [25ms]
2024-06-20 11:58:26.048 [info] > git ls-files --stage -- /home/student/decouvrir-svelte-cedricRGT45/template/frontend/src/routes/+home.svelte [9ms]
2024-06-20 11:58:30.675 [info] > git show --textconv :decouvrir-svelte-cedricRGT45/template/frontend/src/routes/Button.svelte [8ms]
2024-06-20 11:58:30.680 [info] > git ls-files --stage -- /home/student/decouvrir-svelte-cedricRGT45/template/frontend/src/routes/Button.svelte [5ms]
2024-06-20 11:58:36.432 [info] > git show --textconv :decouvrir-svelte-cedricRGT45/template/frontend/src/App.svelte [7ms]
2024-06-20 11:58:36.440 [info] > git ls-files --stage -- /home/student/decouvrir-svelte-cedricRGT45/template/frontend/src/App.svelte [8ms]
2024-06-20 11:59:08.202 [info] > git show --textconv :decouvrir-svelte-cedricRGT45/template/frontend/src/routes/+home.svelte [14ms]
2024-06-20 11:59:08.208 [info] > git ls-files --stage -- /home/student/decouvrir-svelte-cedricRGT45/template/frontend/src/routes/+home.svelte [8ms]
2024-06-20 11:59:45.112 [info] > git show --textconv :decouvrir-svelte-cedricRGT45/template/frontend/src/routes/home.svelte [6ms]
2024-06-20 11:59:45.122 [info] > git ls-files --stage -- /home/student/decouvrir-svelte-cedricRGT45/template/frontend/src/routes/home.svelte [11ms]
2024-06-20 11:59:45.360 [info] > git check-ignore -v -z --stdin [7ms]
2024-06-20 11:59:49.834 [info] > git show --textconv :decouvrir-svelte-cedricRGT45/template/frontend/src/App.svelte [7ms]
2024-06-20 11:59:49.841 [info] > git ls-files --stage -- /home/student/decouvrir-svelte-cedricRGT45/template/frontend/src/App.svelte [8ms]
2024-06-20 12:00:13.693 [info] > git show --textconv :decouvrir-svelte-cedricRGT45/template/frontend/src/routes/Button.svelte [8ms]
2024-06-20 12:00:13.699 [info] > git ls-files --stage -- /home/student/decouvrir-svelte-cedricRGT45/template/frontend/src/routes/Button.svelte [6ms]
2024-06-20 12:00:19.201 [info] > git show --textconv :decouvrir-svelte-cedricRGT45/template/frontend/src/routes/home.svelte [9ms]
2024-06-20 12:00:19.208 [info] > git ls-files --stage -- /home/student/decouvrir-svelte-cedricRGT45/template/frontend/src/routes/home.svelte [7ms]
2024-06-20 12:00:20.180 [info] > git show --textconv :decouvrir-svelte-cedricRGT45/template/frontend/src/App.svelte [11ms]
2024-06-20 12:00:20.185 [info] > git ls-files --stage -- /home/student/decouvrir-svelte-cedricRGT45/template/frontend/src/App.svelte [10ms]
2024-06-20 12:00:57.739 [info] > git show --textconv :decouvrir-svelte-cedricRGT45/template/frontend/src/routes/home.svelte [7ms]
2024-06-20 12:00:57.744 [info] > git ls-files --stage -- /home/student/decouvrir-svelte-cedricRGT45/template/frontend/src/routes/home.svelte [7ms]
2024-06-20 12:01:13.805 [info] > git show --textconv :decouvrir-svelte-cedricRGT45/template/frontend/src/routes/Button.svelte [14ms]
2024-06-20 12:01:13.812 [info] > git ls-files --stage -- /home/student/decouvrir-svelte-cedricRGT45/template/frontend/src/routes/Button.svelte [9ms]
2024-06-20 12:02:42.380 [info] > git show --textconv :decouvrir-svelte-cedricRGT45/template/frontend/src/App.svelte [6ms]
2024-06-20 12:02:42.386 [info] > git ls-files --stage -- /home/student/decouvrir-svelte-cedricRGT45/template/frontend/src/App.svelte [6ms]
2024-06-20 12:02:49.196 [info] > git show --textconv :decouvrir-svelte-cedricRGT45/template/frontend/src/routes/home.svelte [7ms]
2024-06-20 12:02:49.202 [info] > git ls-files --stage -- /home/student/decouvrir-svelte-cedricRGT45/template/frontend/src/routes/home.svelte [10ms]
2024-06-20 12:02:55.172 [info] > git show --textconv :decouvrir-svelte-cedricRGT45/template/frontend/src/routes/Button.svelte [6ms]
2024-06-20 12:02:55.178 [info] > git ls-files --stage -- /home/student/decouvrir-svelte-cedricRGT45/template/frontend/src/routes/Button.svelte [7ms]
2024-06-20 12:03:15.077 [info] > git show --textconv :decouvrir-svelte-cedricRGT45/template/frontend/src/routes/home.svelte [6ms]
2024-06-20 12:03:15.084 [info] > git ls-files --stage -- /home/student/decouvrir-svelte-cedricRGT45/template/frontend/src/routes/home.svelte [7ms]
2024-06-20 12:09:10.587 [info] > git show --textconv :decouvrir-svelte-cedricRGT45/template/frontend/src/App.svelte [16ms]
2024-06-20 12:09:10.594 [info] > git ls-files --stage -- /home/student/decouvrir-svelte-cedricRGT45/template/frontend/src/App.svelte [9ms]
2024-06-20 12:12:21.911 [info] > git show --textconv :decouvrir-svelte-cedricRGT45/template/frontend/src/routes/Button.svelte [6ms]
2024-06-20 12:12:21.919 [info] > git ls-files --stage -- /home/student/decouvrir-svelte-cedricRGT45/template/frontend/src/routes/Button.svelte [8ms]
2024-06-20 12:12:25.721 [info] > git show --textconv :decouvrir-svelte-cedricRGT45/template/frontend/src/routes/home.svelte [6ms]
2024-06-20 12:12:25.728 [info] > git ls-files --stage -- /home/student/decouvrir-svelte-cedricRGT45/template/frontend/src/routes/home.svelte [7ms]
2024-06-20 12:12:27.969 [info] > git show --textconv :decouvrir-svelte-cedricRGT45/template/frontend/src/routes/Button.svelte [8ms]
2024-06-20 12:12:27.974 [info] > git ls-files --stage -- /home/student/decouvrir-svelte-cedricRGT45/template/frontend/src/routes/Button.svelte [7ms]
2024-06-20 12:12:28.821 [info] > git show --textconv :decouvrir-svelte-cedricRGT45/template/frontend/src/routes/home.svelte [6ms]
2024-06-20 12:12:28.826 [info] > git ls-files --stage -- /home/student/decouvrir-svelte-cedricRGT45/template/frontend/src/routes/home.svelte [6ms]
2024-06-20 12:12:34.569 [info] > git show --textconv :decouvrir-svelte-cedricRGT45/template/frontend/src/routes/Button.svelte [6ms]
2024-06-20 12:12:34.575 [info] > git ls-files --stage -- /home/student/decouvrir-svelte-cedricRGT45/template/frontend/src/routes/Button.svelte [6ms]
2024-06-20 12:12:38.498 [info] > git check-ignore -v -z --stdin [5ms]
2024-06-20 12:12:38.723 [info] > git show --textconv :decouvrir-svelte-cedricRGT45/template/frontend/src/routes/components/Button.svelte [6ms]
2024-06-20 12:12:38.728 [info] > git ls-files --stage -- /home/student/decouvrir-svelte-cedricRGT45/template/frontend/src/routes/components/Button.svelte [6ms]
2024-06-20 12:12:39.435 [info] > git show --textconv :decouvrir-svelte-cedricRGT45/template/frontend/src/routes/home.svelte [7ms]
2024-06-20 12:12:39.442 [info] > git ls-files --stage -- /home/student/decouvrir-svelte-cedricRGT45/template/frontend/src/routes/home.svelte [8ms]
2024-06-20 12:13:39.963 [info] > git check-ignore -v -z --stdin [8ms]
