2024-06-17 10:20:23.571 [info] Log level: Info
2024-06-17 10:20:23.572 [info] Validating found git in: "git"
2024-06-17 10:20:23.572 [info] Using git "2.34.1" from "git"
2024-06-17 10:20:23.572 [info] > git rev-parse --show-toplevel [3ms]
2024-06-17 10:20:23.573 [info] > git rev-parse --git-dir --git-common-dir [2ms]
2024-06-17 10:20:23.573 [info] Open repository: /home/student
2024-06-17 10:20:23.573 [info] > git rev-parse --show-toplevel [9ms]
2024-06-17 10:20:23.574 [info] > git config --get commit.template [14ms]
2024-06-17 10:20:23.574 [info] > git rev-parse --show-toplevel [7ms]
2024-06-17 10:20:23.574 [info] > git for-each-ref --format=%(refname)%00%(upstream:short)%00%(objectname)%00%(upstream:track)%00%(upstream:remotename)%00%(upstream:remoteref) refs/heads/main refs/remotes/main [7ms]
2024-06-17 10:20:23.575 [info] > git rev-parse --show-toplevel [3ms]
2024-06-17 10:20:23.575 [info] > git rev-parse --show-toplevel [5ms]
2024-06-17 10:20:23.575 [info] > git rev-parse --show-toplevel [6ms]
2024-06-17 10:20:23.576 [info] > git rev-parse --show-toplevel [3ms]
2024-06-17 10:20:23.576 [info] > git rev-parse --show-toplevel [4ms]
2024-06-17 10:20:23.576 [info] > git rev-parse --show-toplevel [3ms]
2024-06-17 10:20:23.576 [info] > git rev-parse --show-toplevel [3ms]
2024-06-17 10:20:23.577 [info] > git rev-parse --show-toplevel [3ms]
2024-06-17 10:20:23.577 [info] > git rev-parse --show-toplevel [3ms]
2024-06-17 10:20:23.577 [info] > git rev-parse --git-dir --git-common-dir [3ms]
2024-06-17 10:20:23.577 [info] Open repository: /home/student/S02_Coclock_Working
2024-06-17 10:20:23.577 [info] > git config --get commit.template [7ms]
2024-06-17 10:20:23.577 [info] > git rev-parse --show-toplevel [9ms]
2024-06-17 10:20:23.577 [info] > git for-each-ref --format=%(refname)%00%(upstream:short)%00%(objectname)%00%(upstream:track)%00%(upstream:remotename)%00%(upstream:remoteref) refs/heads/master refs/remotes/master [8ms]
2024-06-17 10:20:23.577 [warning] ENOENT: no such file or directory, open '/home/student/S02_Coclock_Working/.git/refs/remotes/origin/master'
2024-06-17 10:20:23.577 [info] > git rev-parse --git-dir --git-common-dir [7ms]
2024-06-17 10:20:23.577 [info] Open repository: /home/student/S03_CICD
2024-06-17 10:20:23.577 [info] > git config --get commit.template [7ms]
2024-06-17 10:20:23.577 [info] > git rev-parse refs/remotes/origin/master [21ms]
2024-06-17 10:20:23.577 [info] > git rev-parse --show-toplevel [8ms]
2024-06-17 10:20:23.577 [info] > git for-each-ref --format=%(refname)%00%(upstream:short)%00%(objectname)%00%(upstream:track)%00%(upstream:remotename)%00%(upstream:remoteref) refs/heads/main refs/remotes/main [17ms]
2024-06-17 10:20:23.577 [info] > git rev-parse --git-dir --git-common-dir [13ms]
2024-06-17 10:20:23.577 [info] Open repository: /home/student/S03_CICD_archi_frontend
2024-06-17 10:20:23.577 [info] > git status -z -uall [45ms]
2024-06-17 10:20:23.577 [info] > git status -z -uall [264ms]
2024-06-17 10:20:23.577 [info] > git merge-base refs/heads/main refs/remotes/origin/main [163ms]
2024-06-17 10:20:23.577 [info] > git rev-parse --show-toplevel [185ms]
2024-06-17 10:20:23.577 [info] > git config --get commit.template [198ms]
2024-06-17 10:20:23.577 [info] > git status -z -uall [454ms]
2024-06-17 10:20:23.577 [info] > git merge-base refs/heads/master refs/remotes/origin/master [24ms]
2024-06-17 10:20:23.577 [info] > git rev-list --count --left-right refs/heads/main...refs/remotes/origin/main [36ms]
2024-06-17 10:20:23.577 [info] > git config --get commit.template [111ms]
2024-06-17 10:20:23.577 [info] > git rev-list --count --left-right refs/heads/master...refs/remotes/origin/master [12ms]
2024-06-17 10:20:23.577 [info] > git config --get commit.template [32ms]
2024-06-17 10:20:23.577 [info] > git rev-parse --git-dir --git-common-dir [36ms]
2024-06-17 10:20:23.577 [info] Open repository: /home/student/S03_challenge_E03-cedricRGT45
2024-06-17 10:20:23.577 [info] > git merge-base refs/heads/main refs/remotes/origin/main [1269ms]
2024-06-17 10:20:23.577 [info] > git diff --name-status -z --diff-filter=ADMR 55e66f96c5ba6b77b9d257d5579e211274f560ad...refs/remotes/origin/master [1344ms]
2024-06-17 10:20:23.577 [info] > git for-each-ref --format=%(refname)%00%(upstream:short)%00%(objectname)%00%(upstream:track)%00%(upstream:remotename)%00%(upstream:remoteref) refs/heads/master refs/remotes/master [1351ms]
2024-06-17 10:20:23.577 [info] > git diff --name-status -z --diff-filter=ADMR a7014ff6b939981ba0b176f7c1832f5985321980...refs/remotes/origin/main [1356ms]
2024-06-17 10:20:23.577 [warning] ENOENT: no such file or directory, open '/home/student/S03_CICD_archi_frontend/.git/refs/remotes/origin/master'
2024-06-17 10:20:23.577 [info] > git config --get commit.template [144ms]
2024-06-17 10:20:23.577 [info] > git rev-parse --show-toplevel [150ms]
2024-06-17 10:20:23.577 [info] > git config --get commit.template [158ms]
2024-06-17 10:20:23.577 [info] > git for-each-ref --format=%(refname)%00%(upstream:short)%00%(objectname)%00%(upstream:track)%00%(upstream:remotename)%00%(upstream:remoteref) refs/heads/main refs/remotes/main [169ms]
2024-06-17 10:20:23.577 [info] > git for-each-ref --format=%(refname)%00%(upstream:short)%00%(objectname)%00%(upstream:track)%00%(upstream:remotename)%00%(upstream:remoteref) refs/heads/master refs/remotes/master [17ms]
2024-06-17 10:20:23.577 [info] > git rev-list --count --left-right refs/heads/main...refs/remotes/origin/main [28ms]
2024-06-17 10:20:23.577 [warning] ENOENT: no such file or directory, open '/home/student/S02_Coclock_Working/.git/refs/remotes/origin/master'
2024-06-17 10:20:23.577 [info] > git rev-parse refs/remotes/origin/master [31ms]
2024-06-17 10:20:23.578 [info] > git status -z -uall [8ms]
2024-06-17 10:20:23.578 [info] > git rev-parse refs/remotes/origin/master [12ms]
2024-06-17 10:20:23.582 [info] > git for-each-ref --format=%(refname)%00%(upstream:short)%00%(objectname)%00%(upstream:track)%00%(upstream:remotename)%00%(upstream:remoteref) refs/heads/main refs/remotes/main [20ms]
2024-06-17 10:20:23.583 [info] > git for-each-ref --format=%(refname)%00%(upstream:short)%00%(objectname)%00%(upstream:track)%00%(upstream:remotename)%00%(upstream:remoteref) refs/heads/master refs/remotes/master [27ms]
2024-06-17 10:20:23.584 [info] > git diff --name-status -z --diff-filter=ADMR 82fdcc4827cad87ccb8e6374629a90d1dd519f36...refs/remotes/origin/main [32ms]
2024-06-17 10:20:23.612 [info] > git status -z -uall [23ms]
2024-06-17 10:20:23.618 [info] > git config --get commit.template [6ms]
2024-06-17 10:20:23.619 [info] > git merge-base refs/heads/master refs/remotes/origin/master [22ms]
2024-06-17 10:20:23.658 [info] > git status -z -uall [21ms]
2024-06-17 10:20:23.658 [info] > git rev-list --count --left-right refs/heads/master...refs/remotes/origin/master [34ms]
2024-06-17 10:20:23.689 [info] > git diff --name-status -z --diff-filter=ADMR 4c00948e25e702a642836f79638d3d376e03e5ea...refs/remotes/origin/master [25ms]
2024-06-17 10:20:23.690 [info] > git for-each-ref --format=%(refname)%00%(upstream:short)%00%(objectname)%00%(upstream:track)%00%(upstream:remotename)%00%(upstream:remoteref) refs/heads/master refs/remotes/master [33ms]
2024-06-17 10:20:23.696 [warning] ENOENT: no such file or directory, open '/home/student/S03_CICD_archi_frontend/.git/refs/remotes/origin/master'
2024-06-17 10:20:23.696 [info] > git merge-base refs/heads/master refs/remotes/origin/master [19ms]
2024-06-17 10:20:23.702 [info] > git rev-parse refs/remotes/origin/master [6ms]
2024-06-17 10:20:23.709 [info] > git config --get commit.template [19ms]
2024-06-17 10:20:23.720 [info] > git status -z -uall [138ms]
2024-06-17 10:20:23.720 [info] > git rev-list --count --left-right refs/heads/master...refs/remotes/origin/master [19ms]
2024-06-17 10:20:23.743 [info] > git status -z -uall [35ms]
2024-06-17 10:20:23.744 [info] > git diff --name-status -z --diff-filter=ADMR 975a3b72ecb66730915a439ab1fcef8b86382076...refs/remotes/origin/master [14ms]
2024-06-17 10:20:23.744 [info] > git for-each-ref --format=%(refname)%00%(upstream:short)%00%(objectname)%00%(upstream:track)%00%(upstream:remotename)%00%(upstream:remoteref) refs/heads/master refs/remotes/master [25ms]
2024-06-17 10:20:23.756 [info] > git status -z -uall [5ms]
2024-06-17 10:20:23.983 [info] > git status -z -uall [354ms]
2024-06-17 10:20:25.250 [info] > git check-ignore -v -z --stdin [21ms]
2024-06-17 10:20:25.251 [info] > git check-ignore -v -z --stdin [16ms]
2024-06-17 10:20:25.252 [info] > git check-ignore -v -z --stdin [9ms]
2024-06-17 10:20:25.253 [info] > git check-ignore -v -z --stdin [6ms]
2024-06-17 10:20:25.255 [info] > git check-ignore -v -z --stdin [16ms]
2024-06-17 10:20:27.911 [info] > git config --get commit.template [7ms]
2024-06-17 10:20:27.913 [info] > git for-each-ref --format=%(refname)%00%(upstream:short)%00%(objectname)%00%(upstream:track)%00%(upstream:remotename)%00%(upstream:remoteref) refs/heads/main refs/remotes/main [3ms]
2024-06-17 10:20:28.146 [info] > git status -z -uall [226ms]
2024-06-17 10:20:29.313 [info] > git check-ignore -v -z --stdin [4ms]
2024-06-17 10:20:33.533 [info] > git config --get commit.template [6ms]
2024-06-17 10:20:33.535 [info] > git for-each-ref --format=%(refname)%00%(upstream:short)%00%(objectname)%00%(upstream:track)%00%(upstream:remotename)%00%(upstream:remoteref) refs/heads/master refs/remotes/master [3ms]
2024-06-17 10:20:33.540 [warning] ENOENT: no such file or directory, open '/home/student/S03_CICD_archi_frontend/.git/refs/remotes/origin/master'
2024-06-17 10:20:33.542 [info] > git rev-parse refs/remotes/origin/master [2ms]
2024-06-17 10:20:33.550 [info] > git status -z -uall [4ms]
2024-06-17 10:21:12.497 [info] > git config --get commit.template [6ms]
2024-06-17 10:21:12.500 [info] > git for-each-ref --format=%(refname)%00%(upstream:short)%00%(objectname)%00%(upstream:track)%00%(upstream:remotename)%00%(upstream:remoteref) refs/heads/main refs/remotes/main [4ms]
2024-06-17 10:21:12.771 [info] > git status -z -uall [265ms]
2024-06-17 10:21:17.962 [info] > git config --get commit.template [6ms]
2024-06-17 10:21:17.967 [info] > git for-each-ref --format=%(refname)%00%(upstream:short)%00%(objectname)%00%(upstream:track)%00%(upstream:remotename)%00%(upstream:remoteref) refs/heads/main refs/remotes/main [5ms]
2024-06-17 10:21:18.202 [info] > git status -z -uall [230ms]
2024-06-17 10:21:23.524 [info] > git config --get commit.template [6ms]
2024-06-17 10:21:23.526 [info] > git for-each-ref --format=%(refname)%00%(upstream:short)%00%(objectname)%00%(upstream:track)%00%(upstream:remotename)%00%(upstream:remoteref) refs/heads/main refs/remotes/main [3ms]
2024-06-17 10:21:23.536 [info] > git status -z -uall [5ms]
2024-06-17 10:21:24.350 [info] > git check-ignore -v -z --stdin [2ms]
2024-06-17 10:22:29.583 [info] > git config --get commit.template [5ms]
2024-06-17 10:22:29.585 [info] > git for-each-ref --format=%(refname)%00%(upstream:short)%00%(objectname)%00%(upstream:track)%00%(upstream:remotename)%00%(upstream:remoteref) refs/heads/main refs/remotes/main [3ms]
2024-06-17 10:22:29.595 [info] > git status -z -uall [5ms]
2024-06-17 10:22:34.609 [info] > git config --get commit.template [5ms]
2024-06-17 10:22:34.611 [info] > git for-each-ref --format=%(refname)%00%(upstream:short)%00%(objectname)%00%(upstream:track)%00%(upstream:remotename)%00%(upstream:remoteref) refs/heads/main refs/remotes/main [2ms]
2024-06-17 10:22:34.620 [info] > git status -z -uall [4ms]
2024-06-17 10:23:05.766 [info] > git check-ignore -v -z --stdin [5ms]
2024-06-17 10:23:06.483 [info] > git check-ignore -v -z --stdin [6ms]
2024-06-17 10:23:40.166 [info] > git check-ignore -v -z --stdin [2ms]
2024-06-17 10:23:41.216 [info] > git check-ignore -v -z --stdin [7ms]
2024-06-17 10:23:41.849 [info] > git check-ignore -v -z --stdin [2ms]
2024-06-17 10:23:47.205 [info] > git check-ignore -v -z --stdin [1ms]
2024-06-17 10:23:48.917 [info] > git check-ignore -v -z --stdin [2ms]
2024-06-17 10:24:26.097 [info] > git config --get commit.template [6ms]
2024-06-17 10:24:26.097 [info] > git for-each-ref --format=%(refname)%00%(upstream:short)%00%(objectname)%00%(upstream:track)%00%(upstream:remotename)%00%(upstream:remoteref) refs/heads/main refs/remotes/main [2ms]
2024-06-17 10:24:26.106 [info] > git status -z -uall [4ms]
2024-06-17 10:24:33.264 [info] > git config --get commit.template [8ms]
2024-06-17 10:24:33.268 [info] > git for-each-ref --format=%(refname)%00%(upstream:short)%00%(objectname)%00%(upstream:track)%00%(upstream:remotename)%00%(upstream:remoteref) refs/heads/main refs/remotes/main [5ms]
2024-06-17 10:24:33.284 [info] > git status -z -uall [7ms]
2024-06-17 10:24:33.970 [info] > git config --get commit.template [9ms]
2024-06-17 10:24:33.978 [info] > git for-each-ref --format=%(refname)%00%(upstream:short)%00%(objectname)%00%(upstream:track)%00%(upstream:remotename)%00%(upstream:remoteref) refs/heads/main refs/remotes/main [9ms]
2024-06-17 10:24:34.386 [info] > git status -z -uall [396ms]
2024-06-17 10:24:58.249 [info] > git check-ignore -v -z --stdin [2ms]
2024-06-17 10:25:00.358 [info] > git check-ignore -v -z --stdin [2ms]
2024-06-17 10:25:44.331 [info] > git config --get commit.template [6ms]
2024-06-17 10:25:44.341 [info] > git for-each-ref --format=%(refname)%00%(upstream:short)%00%(objectname)%00%(upstream:track)%00%(upstream:remotename)%00%(upstream:remoteref) refs/heads/main refs/remotes/main [5ms]
2024-06-17 10:25:44.341 [info] > git config --get commit.template [11ms]
2024-06-17 10:25:44.347 [info] > git for-each-ref --format=%(refname)%00%(upstream:short)%00%(objectname)%00%(upstream:track)%00%(upstream:remotename)%00%(upstream:remoteref) refs/heads/main refs/remotes/main [7ms]
2024-06-17 10:25:44.353 [info] > git status -z -uall [7ms]
2024-06-17 10:25:44.608 [info] > git status -z -uall [256ms]
2024-06-17 10:25:49.371 [info] > git config --get commit.template [6ms]
2024-06-17 10:25:49.373 [info] > git for-each-ref --format=%(refname)%00%(upstream:short)%00%(objectname)%00%(upstream:track)%00%(upstream:remotename)%00%(upstream:remoteref) refs/heads/main refs/remotes/main [3ms]
2024-06-17 10:25:49.382 [info] > git status -z -uall [5ms]
2024-06-17 10:26:23.158 [info] > git check-ignore -v -z --stdin [2ms]
2024-06-17 10:26:24.309 [info] > git check-ignore -v -z --stdin [2ms]
2024-06-17 10:26:26.532 [info] > git check-ignore -v -z --stdin [1ms]
2024-06-17 10:26:29.676 [info] > git check-ignore -v -z --stdin [2ms]
2024-06-17 10:27:00.048 [info] > git check-ignore -v -z --stdin [3ms]
2024-06-17 10:28:12.461 [warning] ENOENT: no such file or directory, open '/home/student/S03_CICD/.git/HEAD'
2024-06-17 10:28:12.469 [warning] getRemotes() - ENOENT: no such file or directory, open '/home/student/S03_CICD/.git/config'
2024-06-17 10:28:12.484 [warning] ENOENT: no such file or directory, open '/home/student/S03_CICD/.git/HEAD'
2024-06-17 10:28:12.491 [warning] getRemotes() - ENOENT: no such file or directory, open '/home/student/S03_CICD/.git/config'
2024-06-17 10:28:13.356 [info] > git check-ignore -v -z --stdin [19ms]
2024-06-17 10:28:13.357 [info] > git check-ignore -v -z --stdin [13ms]
2024-06-17 10:28:13.358 [info] > git check-ignore -v -z --stdin [8ms]
2024-06-17 10:28:13.358 [info] > git check-ignore -v -z --stdin [4ms]
2024-06-17 10:29:09.664 [info] > git config --get commit.template [6ms]
2024-06-17 10:29:09.666 [info] > git for-each-ref --format=%(refname)%00%(upstream:short)%00%(objectname)%00%(upstream:track)%00%(upstream:remotename)%00%(upstream:remoteref) refs/heads/main refs/remotes/main [3ms]
2024-06-17 10:29:09.898 [info] > git status -z -uall [227ms]
2024-06-17 10:29:14.840 [info] > git check-ignore -v -z --stdin [3ms]
2024-06-17 10:29:15.040 [info] > git config --get commit.template [5ms]
2024-06-17 10:29:15.043 [info] > git for-each-ref --format=%(refname)%00%(upstream:short)%00%(objectname)%00%(upstream:track)%00%(upstream:remotename)%00%(upstream:remoteref) refs/heads/main refs/remotes/main [3ms]
2024-06-17 10:29:15.264 [info] > git status -z -uall [215ms]
2024-06-17 10:29:19.836 [info] > git check-ignore -v -z --stdin [3ms]
2024-06-17 10:29:21.249 [info] > git config --get commit.template [5ms]
2024-06-17 10:29:21.251 [info] > git for-each-ref --format=%(refname)%00%(upstream:short)%00%(objectname)%00%(upstream:track)%00%(upstream:remotename)%00%(upstream:remoteref) refs/heads/master refs/remotes/master [3ms]
2024-06-17 10:29:21.255 [warning] ENOENT: no such file or directory, open '/home/student/S03_CICD_archi_frontend/.git/refs/remotes/origin/master'
2024-06-17 10:29:21.257 [info] > git rev-parse refs/remotes/origin/master [2ms]
2024-06-17 10:29:21.266 [info] > git status -z -uall [5ms]
2024-06-17 10:29:21.832 [info] > git check-ignore -v -z --stdin [3ms]
2024-06-17 10:30:24.470 [info] > git config --get commit.template [7ms]
2024-06-17 10:30:24.474 [info] > git for-each-ref --format=%(refname)%00%(upstream:short)%00%(objectname)%00%(upstream:track)%00%(upstream:remotename)%00%(upstream:remoteref) refs/heads/master refs/remotes/master [5ms]
2024-06-17 10:30:24.479 [warning] ENOENT: no such file or directory, open '/home/student/S03_CICD_archi_frontend/.git/refs/remotes/origin/master'
2024-06-17 10:30:24.482 [info] > git rev-parse refs/remotes/origin/master [3ms]
2024-06-17 10:30:24.493 [info] > git status -z -uall [6ms]
2024-06-17 10:30:29.735 [info] > git config --get commit.template [6ms]
2024-06-17 10:30:29.737 [info] > git for-each-ref --format=%(refname)%00%(upstream:short)%00%(objectname)%00%(upstream:track)%00%(upstream:remotename)%00%(upstream:remoteref) refs/heads/master refs/remotes/master [2ms]
2024-06-17 10:30:29.741 [warning] ENOENT: no such file or directory, open '/home/student/S03_CICD_archi_frontend/.git/refs/remotes/origin/master'
2024-06-17 10:30:29.743 [info] > git rev-parse refs/remotes/origin/master [2ms]
2024-06-17 10:30:29.752 [info] > git status -z -uall [4ms]
2024-06-17 10:30:35.231 [info] > git check-ignore -v -z --stdin [8ms]
2024-06-17 10:30:41.484 [info] > git check-ignore -v -z --stdin [2ms]
2024-06-17 10:30:42.789 [info] > git check-ignore -v -z --stdin [1ms]
2024-06-17 10:30:44.314 [info] > git check-ignore -v -z --stdin [2ms]
2024-06-17 10:30:57.539 [info] > git show --textconv :projet/backend/package.json [6ms]
2024-06-17 10:30:57.542 [info] > git ls-files --stage -- /home/student/S03_CICD_archi_frontend/projet/backend/package.json [4ms]
2024-06-17 10:51:10.470 [info] > git config --get commit.template [8ms]
2024-06-17 10:51:10.472 [info] > git for-each-ref --format=%(refname)%00%(upstream:short)%00%(objectname)%00%(upstream:track)%00%(upstream:remotename)%00%(upstream:remoteref) refs/heads/main refs/remotes/main [4ms]
2024-06-17 10:51:10.735 [info] > git status -z -uall [258ms]
2024-06-17 10:51:15.926 [info] > git config --get commit.template [8ms]
2024-06-17 10:51:15.929 [info] > git for-each-ref --format=%(refname)%00%(upstream:short)%00%(objectname)%00%(upstream:track)%00%(upstream:remotename)%00%(upstream:remoteref) refs/heads/main refs/remotes/main [3ms]
2024-06-17 10:51:16.173 [info] > git status -z -uall [238ms]
2024-06-17 10:51:25.160 [info] > git show --textconv :New [7ms]
2024-06-17 10:51:25.166 [info] > git ls-files --stage -- /home/student/New [7ms]
2024-06-17 10:51:25.174 [info] > git cat-file -s e69de29bb2d1d6434b8b29ae775ad8c2e48c5391 [2ms]
2024-06-17 10:51:50.158 [info] > git config --get commit.template [8ms]
2024-06-17 10:51:50.163 [info] > git for-each-ref --format=%(refname)%00%(upstream:short)%00%(objectname)%00%(upstream:track)%00%(upstream:remotename)%00%(upstream:remoteref) refs/heads/master refs/remotes/master [6ms]
2024-06-17 10:51:50.171 [warning] ENOENT: no such file or directory, open '/home/student/S03_CICD_archi_frontend/.git/refs/remotes/origin/master'
2024-06-17 10:51:50.178 [info] > git rev-parse refs/remotes/origin/master [7ms]
2024-06-17 10:51:50.210 [info] > git status -z -uall [17ms]
2024-06-17 10:51:55.238 [info] > git config --get commit.template [7ms]
2024-06-17 10:51:55.240 [info] > git for-each-ref --format=%(refname)%00%(upstream:short)%00%(objectname)%00%(upstream:track)%00%(upstream:remotename)%00%(upstream:remoteref) refs/heads/master refs/remotes/master [3ms]
2024-06-17 10:51:55.245 [warning] ENOENT: no such file or directory, open '/home/student/S03_CICD_archi_frontend/.git/refs/remotes/origin/master'
2024-06-17 10:51:55.248 [info] > git rev-parse refs/remotes/origin/master [2ms]
2024-06-17 10:51:55.258 [info] > git status -z -uall [5ms]
2024-06-17 10:52:12.719 [info] > git config --get commit.template [10ms]
2024-06-17 10:52:12.728 [info] > git for-each-ref --format=%(refname)%00%(upstream:short)%00%(objectname)%00%(upstream:track)%00%(upstream:remotename)%00%(upstream:remoteref) refs/heads/master refs/remotes/master [10ms]
2024-06-17 10:52:12.734 [warning] ENOENT: no such file or directory, open '/home/student/S03_CICD_archi_frontend/.git/refs/remotes/origin/master'
2024-06-17 10:52:12.737 [info] > git rev-parse refs/remotes/origin/master [2ms]
2024-06-17 10:52:12.755 [info] > git status -z -uall [8ms]
2024-06-17 10:52:38.965 [info] > git check-ignore -v -z --stdin [2ms]
2024-06-17 10:57:17.268 [info] > git config --get commit.template [7ms]
2024-06-17 10:57:17.270 [info] > git for-each-ref --format=%(refname)%00%(upstream:short)%00%(objectname)%00%(upstream:track)%00%(upstream:remotename)%00%(upstream:remoteref) refs/heads/main refs/remotes/main [4ms]
2024-06-17 10:57:17.570 [info] > git status -z -uall [292ms]
2024-06-17 10:58:22.934 [info] > git config --get commit.template [6ms]
2024-06-17 10:58:22.937 [info] > git for-each-ref --format=%(refname)%00%(upstream:short)%00%(objectname)%00%(upstream:track)%00%(upstream:remotename)%00%(upstream:remoteref) refs/heads/main refs/remotes/main [4ms]
2024-06-17 10:58:23.200 [info] > git status -z -uall [258ms]
2024-06-17 10:59:51.584 [info] > git config --get commit.template [6ms]
2024-06-17 10:59:51.585 [info] > git config --get commit.template [3ms]
2024-06-17 10:59:51.598 [info] > git for-each-ref --format=%(refname)%00%(upstream:short)%00%(objectname)%00%(upstream:track)%00%(upstream:remotename)%00%(upstream:remoteref) refs/heads/main refs/remotes/main [6ms]
2024-06-17 10:59:51.605 [info] > git for-each-ref --format=%(refname)%00%(upstream:short)%00%(objectname)%00%(upstream:track)%00%(upstream:remotename)%00%(upstream:remoteref) refs/heads/master refs/remotes/master [9ms]
2024-06-17 10:59:51.618 [warning] ENOENT: no such file or directory, open '/home/student/S03_CICD_archi_frontend/.git/refs/remotes/origin/master'
2024-06-17 10:59:51.635 [info] > git rev-parse refs/remotes/origin/master [17ms]
2024-06-17 10:59:51.650 [info] > git status -z -uall [9ms]
2024-06-17 10:59:51.863 [info] > git status -z -uall [259ms]
2024-06-17 11:11:42.255 [info] > git check-ignore -v -z --stdin [2ms]
2024-06-17 11:11:52.816 [info] > git check-ignore -v -z --stdin [5ms]
2024-06-17 11:11:53.327 [info] > git config --get commit.template [8ms]
2024-06-17 11:11:53.329 [info] > git for-each-ref --format=%(refname)%00%(upstream:short)%00%(objectname)%00%(upstream:track)%00%(upstream:remotename)%00%(upstream:remoteref) refs/heads/master refs/remotes/master [3ms]
2024-06-17 11:11:53.335 [warning] ENOENT: no such file or directory, open '/home/student/S03_CICD_archi_frontend/.git/refs/remotes/origin/master'
2024-06-17 11:11:53.337 [info] > git rev-parse refs/remotes/origin/master [2ms]
2024-06-17 11:11:53.347 [info] > git status -z -uall [5ms]
2024-06-17 11:12:03.853 [info] > git config --get commit.template [8ms]
2024-06-17 11:12:03.857 [info] > git for-each-ref --format=%(refname)%00%(upstream:short)%00%(objectname)%00%(upstream:track)%00%(upstream:remotename)%00%(upstream:remoteref) refs/heads/main refs/remotes/main [6ms]
2024-06-17 11:12:04.099 [info] > git status -z -uall [235ms]
2024-06-17 11:16:49.598 [info] > git config --get commit.template [7ms]
2024-06-17 11:16:49.599 [info] > git for-each-ref --format=%(refname)%00%(upstream:short)%00%(objectname)%00%(upstream:track)%00%(upstream:remotename)%00%(upstream:remoteref) refs/heads/master refs/remotes/master [3ms]
2024-06-17 11:16:49.605 [warning] ENOENT: no such file or directory, open '/home/student/S03_CICD_archi_frontend/.git/refs/remotes/origin/master'
2024-06-17 11:16:49.607 [info] > git rev-parse refs/remotes/origin/master [2ms]
2024-06-17 11:16:49.618 [info] > git status -z -uall [5ms]
2024-06-17 11:16:49.806 [info] > git check-ignore -v -z --stdin [2ms]
2024-06-17 11:16:54.921 [info] > git config --get commit.template [6ms]
2024-06-17 11:16:54.924 [info] > git for-each-ref --format=%(refname)%00%(upstream:short)%00%(objectname)%00%(upstream:track)%00%(upstream:remotename)%00%(upstream:remoteref) refs/heads/main refs/remotes/main [4ms]
2024-06-17 11:16:55.170 [info] > git status -z -uall [241ms]
2024-06-17 11:18:25.823 [info] > git config --get commit.template [8ms]
2024-06-17 11:18:25.832 [info] > git for-each-ref --format=%(refname)%00%(upstream:short)%00%(objectname)%00%(upstream:track)%00%(upstream:remotename)%00%(upstream:remoteref) refs/heads/master refs/remotes/master [10ms]
2024-06-17 11:18:25.842 [warning] ENOENT: no such file or directory, open '/home/student/S03_CICD_archi_frontend/.git/refs/remotes/origin/master'
2024-06-17 11:18:25.849 [info] > git rev-parse refs/remotes/origin/master [7ms]
2024-06-17 11:18:25.870 [info] > git status -z -uall [14ms]
2024-06-17 11:18:26.063 [info] > git check-ignore -v -z --stdin [4ms]
2024-06-17 11:18:29.873 [info] > git check-ignore -v -z --stdin [2ms]
2024-06-17 11:18:30.896 [info] > git config --get commit.template [5ms]
2024-06-17 11:18:30.898 [info] > git for-each-ref --format=%(refname)%00%(upstream:short)%00%(objectname)%00%(upstream:track)%00%(upstream:remotename)%00%(upstream:remoteref) refs/heads/master refs/remotes/master [3ms]
2024-06-17 11:18:30.903 [warning] ENOENT: no such file or directory, open '/home/student/S03_CICD_archi_frontend/.git/refs/remotes/origin/master'
2024-06-17 11:18:30.905 [info] > git rev-parse refs/remotes/origin/master [2ms]
2024-06-17 11:18:30.915 [info] > git status -z -uall [5ms]
2024-06-17 11:18:41.204 [info] > git config --get commit.template [6ms]
2024-06-17 11:18:41.205 [info] > git for-each-ref --format=%(refname)%00%(upstream:short)%00%(objectname)%00%(upstream:track)%00%(upstream:remotename)%00%(upstream:remoteref) refs/heads/master refs/remotes/master [2ms]
2024-06-17 11:18:41.211 [warning] ENOENT: no such file or directory, open '/home/student/S03_CICD_archi_frontend/.git/refs/remotes/origin/master'
2024-06-17 11:18:41.214 [info] > git rev-parse refs/remotes/origin/master [2ms]
2024-06-17 11:18:41.223 [info] > git status -z -uall [5ms]
2024-06-17 11:56:54.905 [info] > git config --get commit.template [6ms]
2024-06-17 11:56:54.908 [info] > git for-each-ref --format=%(refname)%00%(upstream:short)%00%(objectname)%00%(upstream:track)%00%(upstream:remotename)%00%(upstream:remoteref) refs/heads/main refs/remotes/main [3ms]
2024-06-17 11:56:55.161 [info] > git status -z -uall [248ms]
2024-06-17 11:57:21.738 [info] > git config --get commit.template [5ms]
2024-06-17 11:57:21.740 [info] > git for-each-ref --format=%(refname)%00%(upstream:short)%00%(objectname)%00%(upstream:track)%00%(upstream:remotename)%00%(upstream:remoteref) refs/heads/main refs/remotes/main [3ms]
2024-06-17 11:57:21.992 [info] > git status -z -uall [246ms]
2024-06-17 11:58:21.331 [info] > git config --get commit.template [7ms]
2024-06-17 11:58:21.333 [info] > git for-each-ref --format=%(refname)%00%(upstream:short)%00%(objectname)%00%(upstream:track)%00%(upstream:remotename)%00%(upstream:remoteref) refs/heads/main refs/remotes/main [4ms]
2024-06-17 11:58:21.583 [info] > git status -z -uall [245ms]
2024-06-17 12:02:13.448 [info] > git config --get commit.template [6ms]
2024-06-17 12:02:13.451 [info] > git for-each-ref --format=%(refname)%00%(upstream:short)%00%(objectname)%00%(upstream:track)%00%(upstream:remotename)%00%(upstream:remoteref) refs/heads/main refs/remotes/main [4ms]
2024-06-17 12:02:13.698 [info] > git status -z -uall [241ms]
2024-06-17 12:02:18.890 [info] > git config --get commit.template [8ms]
2024-06-17 12:02:18.894 [info] > git for-each-ref --format=%(refname)%00%(upstream:short)%00%(objectname)%00%(upstream:track)%00%(upstream:remotename)%00%(upstream:remoteref) refs/heads/main refs/remotes/main [5ms]
2024-06-17 12:02:19.139 [info] > git status -z -uall [237ms]
2024-06-17 12:02:24.255 [info] > git config --get commit.template [7ms]
2024-06-17 12:02:24.257 [info] > git for-each-ref --format=%(refname)%00%(upstream:short)%00%(objectname)%00%(upstream:track)%00%(upstream:remotename)%00%(upstream:remoteref) refs/heads/main refs/remotes/main [3ms]
2024-06-17 12:02:24.490 [info] > git status -z -uall [228ms]
