2024-06-19 12:45:59.818 [info] Log level: Info
2024-06-19 12:45:59.818 [info] Validating found git in: "git"
2024-06-19 12:45:59.818 [info] Using git "2.34.1" from "git"
2024-06-19 12:45:59.819 [info] > git rev-parse --show-toplevel [471ms]
2024-06-19 12:45:59.819 [info] > git rev-parse --git-dir --git-common-dir [131ms]
2024-06-19 12:45:59.819 [info] Open repository: /home/student
2024-06-19 12:46:00.070 [info] > git rev-parse --show-toplevel [187ms]
2024-06-19 12:46:00.095 [info] > git config --get commit.template [246ms]
2024-06-19 12:46:00.923 [info] > git check-ignore -v -z --stdin [47ms]
2024-06-19 12:46:00.952 [info] > git for-each-ref --format=%(refname)%00%(upstream:short)%00%(objectname)%00%(upstream:track)%00%(upstream:remotename)%00%(upstream:remoteref) refs/heads/main refs/remotes/main [782ms]
2024-06-19 12:46:00.954 [info] > git rev-parse --git-dir --git-common-dir [836ms]
2024-06-19 12:46:00.959 [info] Open repository: /home/student/S03_challenge_E05_suspense-cedricRGT45
2024-06-19 12:46:01.089 [info] > git rev-parse --show-toplevel [77ms]
2024-06-19 12:46:01.097 [info] > git config --get commit.template [111ms]
2024-06-19 12:46:01.228 [info] > git rev-parse --show-toplevel [82ms]
2024-06-19 12:46:01.374 [info] > git rev-parse --show-toplevel [87ms]
2024-06-19 12:46:01.384 [info] > git for-each-ref --format=%(refname)%00%(upstream:short)%00%(objectname)%00%(upstream:track)%00%(upstream:remotename)%00%(upstream:remoteref) refs/heads/master refs/remotes/master [159ms]
2024-06-19 12:46:01.438 [info] > git rev-parse --show-toplevel [29ms]
2024-06-19 12:46:01.473 [info] > git status -z -uall [36ms]
2024-06-19 12:46:01.604 [info] > git merge-base refs/heads/master refs/remotes/origin/master [107ms]
2024-06-19 12:46:01.627 [info] > git rev-parse --show-toplevel [166ms]
2024-06-19 12:46:01.717 [info] > git check-ignore -v -z --stdin [54ms]
2024-06-19 12:46:01.720 [info] > git rev-list --count --left-right refs/heads/master...refs/remotes/origin/master [93ms]
2024-06-19 12:46:01.730 [info] > git config --get commit.template [128ms]
2024-06-19 12:46:01.734 [info] > git rev-parse --show-toplevel [18ms]
2024-06-19 12:46:01.897 [info] > git for-each-ref --format=%(refname)%00%(upstream:short)%00%(objectname)%00%(upstream:track)%00%(upstream:remotename)%00%(upstream:remoteref) refs/heads/master refs/remotes/master [125ms]
2024-06-19 12:46:01.898 [info] > git diff --name-status -z --diff-filter=ADMR 38c0e2c4c1ab2970ba68f1bf3edb3b5090905268...refs/remotes/origin/master [168ms]
2024-06-19 12:46:01.917 [info] > git rev-parse --show-toplevel [128ms]
2024-06-19 12:46:01.963 [info] > git rev-parse --show-toplevel [33ms]
2024-06-19 12:46:02.067 [info] > git status -z -uall [107ms]
2024-06-19 12:46:02.082 [info] > git rev-parse --show-toplevel [84ms]
2024-06-19 12:46:02.188 [info] > git rev-parse --show-toplevel [40ms]
2024-06-19 12:46:02.319 [info] > git rev-parse --show-toplevel [40ms]
2024-06-19 12:46:02.405 [info] > git rev-parse --git-dir --git-common-dir [35ms]
2024-06-19 12:46:02.410 [info] Open repository: /home/student/S02_Coclock_Working
2024-06-19 12:46:02.503 [info] > git config --get commit.template [25ms]
2024-06-19 12:46:02.587 [info] > git rev-parse --show-toplevel [90ms]
2024-06-19 12:46:02.623 [info] > git for-each-ref --format=%(refname)%00%(upstream:short)%00%(objectname)%00%(upstream:track)%00%(upstream:remotename)%00%(upstream:remoteref) refs/heads/master refs/remotes/master [44ms]
2024-06-19 12:46:02.626 [info] > git rev-parse --git-dir --git-common-dir [10ms]
2024-06-19 12:46:02.673 [info] Open repository: /home/student/S03_CICD
2024-06-19 12:46:02.738 [warning] ENOENT: no such file or directory, open '/home/student/S02_Coclock_Working/.git/refs/remotes/origin/master'
2024-06-19 12:46:02.852 [info] > git config --get commit.template [87ms]
2024-06-19 12:46:02.856 [info] > git rev-parse refs/remotes/origin/master [118ms]
2024-06-19 12:46:02.873 [info] > git rev-parse --show-toplevel [62ms]
2024-06-19 12:46:03.106 [info] > git status -z -uall [1930ms] (cancelled)
2024-06-19 12:46:03.112 [info] > git show --textconv :projet/frontend/src/components/App/Content/Products/ProductItem.tsx [137ms]
2024-06-19 12:46:03.229 [info] > git for-each-ref --format=%(refname)%00%(upstream:short)%00%(objectname)%00%(upstream:track)%00%(upstream:remotename)%00%(upstream:remoteref) refs/heads/master refs/remotes/master [207ms]
2024-06-19 12:46:03.236 [info] > git ls-files --stage -- /home/student/S03_challenge_E05_suspense-cedricRGT45/projet/frontend/src/components/App/Content/Products/ProductItem.tsx [228ms]
2024-06-19 12:46:03.300 [warning] ENOENT: no such file or directory, open '/home/student/S03_CICD/.git/refs/remotes/origin/master'
2024-06-19 12:46:03.324 [info] > git check-ignore -v -z --stdin [166ms]
2024-06-19 12:46:03.326 [info] > git check-ignore -v -z --stdin [114ms]
2024-06-19 12:46:03.348 [info] > git rev-parse refs/remotes/origin/master [48ms]
2024-06-19 12:46:03.401 [info] > git cat-file -s 4d1b4662dcb47775d07766172dc9367ee34489b4 [117ms]
2024-06-19 12:46:03.520 [info] > git status -z -uall [119ms]
2024-06-19 12:46:03.624 [info] > git status -z -uall [754ms]
2024-06-19 12:46:03.625 [info] > git merge-base refs/heads/master refs/remotes/origin/master [83ms]
2024-06-19 12:46:03.802 [info] > git rev-list --count --left-right refs/heads/master...refs/remotes/origin/master [156ms]
2024-06-19 12:46:03.828 [info] > git config --get commit.template [208ms]
2024-06-19 12:46:03.857 [info] > git merge-base refs/heads/master refs/remotes/origin/master [23ms]
2024-06-19 12:46:03.887 [info] > git diff --name-status -z --diff-filter=ADMR 4c00948e25e702a642836f79638d3d376e03e5ea...refs/remotes/origin/master [59ms]
2024-06-19 12:46:03.929 [info] > git config --get commit.template [73ms]
2024-06-19 12:46:03.931 [info] > git for-each-ref --format=%(refname)%00%(upstream:short)%00%(objectname)%00%(upstream:track)%00%(upstream:remotename)%00%(upstream:remoteref) refs/heads/master refs/remotes/master [28ms]
2024-06-19 12:46:03.932 [info] > git rev-list --count --left-right refs/heads/master...refs/remotes/origin/master [45ms]
2024-06-19 12:46:03.976 [warning] ENOENT: no such file or directory, open '/home/student/S03_CICD/.git/refs/remotes/origin/master'
2024-06-19 12:46:03.979 [info] > git rev-parse refs/remotes/origin/master [3ms]
2024-06-19 12:46:04.004 [info] > git for-each-ref --format=%(refname)%00%(upstream:short)%00%(objectname)%00%(upstream:track)%00%(upstream:remotename)%00%(upstream:remoteref) refs/heads/master refs/remotes/master [47ms]
2024-06-19 12:46:04.008 [info] > git diff --name-status -z --diff-filter=ADMR 55e66f96c5ba6b77b9d257d5579e211274f560ad...refs/remotes/origin/master [70ms]
2024-06-19 12:46:04.041 [warning] ENOENT: no such file or directory, open '/home/student/S02_Coclock_Working/.git/refs/remotes/origin/master'
2024-06-19 12:46:04.064 [info] > git status -z -uall [60ms]
2024-06-19 12:46:04.118 [info] > git rev-parse refs/remotes/origin/master [77ms]
2024-06-19 12:46:04.434 [info] > git status -z -uall [300ms]
2024-06-19 12:48:25.120 [info] > git check-ignore -v -z --stdin [19ms]
2024-06-19 12:48:25.121 [info] > git check-ignore -v -z --stdin [12ms]
2024-06-19 12:48:25.129 [info] > git check-ignore -v -z --stdin [12ms]
2024-06-19 12:48:26.982 [info] > git check-ignore -v -z --stdin [2ms]
2024-06-19 12:48:29.893 [info] > git check-ignore -v -z --stdin [10ms]
2024-06-19 12:48:29.894 [info] > git check-ignore -v -z --stdin [5ms]
2024-06-19 12:48:37.275 [info] > git check-ignore -v -z --stdin [6ms]
2024-06-19 12:50:19.414 [info] > git check-ignore -v -z --stdin [9ms]
2024-06-19 12:50:21.657 [info] > git check-ignore -v -z --stdin [8ms]
2024-06-19 12:50:23.112 [info] > git check-ignore -v -z --stdin [13ms]
2024-06-19 12:50:35.611 [info] > git check-ignore -v -z --stdin [7ms]
2024-06-19 12:50:38.566 [info] > git check-ignore -v -z --stdin [7ms]
2024-06-19 12:50:39.797 [info] > git check-ignore -v -z --stdin [6ms]
2024-06-19 12:50:41.878 [info] > git check-ignore -v -z --stdin [8ms]
2024-06-19 12:50:42.856 [info] > git show --textconv :S03_challenge_E06_error-cedricRGT45/projet/frontend/src/components/Ui/Spinner/Spinner.tsx [33ms]
2024-06-19 12:50:42.859 [info] > git ls-files --stage -- /home/student/S03_challenge_E06_error-cedricRGT45/projet/frontend/src/components/Ui/Spinner/Spinner.tsx [23ms]
2024-06-19 12:50:45.964 [info] > git check-ignore -v -z --stdin [5ms]
2024-06-19 12:50:47.427 [info] > git check-ignore -v -z --stdin [7ms]
2024-06-19 12:50:49.441 [info] > git check-ignore -v -z --stdin [13ms]
2024-06-19 12:50:51.152 [info] > git check-ignore -v -z --stdin [8ms]
2024-06-19 12:50:54.114 [info] > git show --textconv :S03_challenge_E06_error-cedricRGT45/projet/frontend/src/components/App/Content/Products/ProductsList.tsx [19ms]
2024-06-19 12:50:54.125 [info] > git ls-files --stage -- /home/student/S03_challenge_E06_error-cedricRGT45/projet/frontend/src/components/App/Content/Products/ProductsList.tsx [15ms]
2024-06-19 12:51:42.639 [info] > git show --textconv :S03_challenge_E06_error-cedricRGT45/projet/docker-compose.yml [7ms]
2024-06-19 12:51:42.649 [info] > git ls-files --stage -- /home/student/S03_challenge_E06_error-cedricRGT45/projet/docker-compose.yml [11ms]
2024-06-19 12:51:50.267 [info] > git check-ignore -v -z --stdin [5ms]
2024-06-19 12:51:51.562 [info] > git check-ignore -v -z --stdin [7ms]
2024-06-19 12:51:53.277 [info] > git show --textconv :projet/docker-compose.yml [9ms]
2024-06-19 12:51:53.286 [info] > git ls-files --stage -- /home/student/S03_challenge_E05_suspense-cedricRGT45/projet/docker-compose.yml [10ms]
2024-06-19 12:51:53.297 [info] > git cat-file -s 1e8d709aa0eefba3cba4927bb8ea969d45121792 [4ms]
2024-06-19 12:52:00.105 [info] > git show --textconv :projet/frontend/src/components/App/Content/Products/ProductItem.tsx [12ms]
2024-06-19 12:52:00.108 [info] > git ls-files --stage -- /home/student/S03_challenge_E05_suspense-cedricRGT45/projet/frontend/src/components/App/Content/Products/ProductItem.tsx [5ms]
2024-06-19 12:52:00.118 [info] > git cat-file -s 4d1b4662dcb47775d07766172dc9367ee34489b4 [3ms]
2024-06-19 12:52:01.549 [info] > git check-ignore -v -z --stdin [3ms]
2024-06-19 12:52:06.529 [info] > git show --textconv :S03_challenge_E06_error-cedricRGT45/projet/docker-compose.yml [10ms]
2024-06-19 12:52:06.530 [info] > git ls-files --stage -- /home/student/S03_challenge_E06_error-cedricRGT45/projet/docker-compose.yml [6ms]
2024-06-19 12:58:06.064 [info] > git check-ignore -v -z --stdin [6ms]
2024-06-19 12:58:16.628 [info] > git show --textconv :S03_challenge_E06_error-cedricRGT45/projet/frontend/src/components/Ui/Modal/Modal.tsx [21ms]
2024-06-19 12:58:16.652 [info] > git ls-files --stage -- /home/student/S03_challenge_E06_error-cedricRGT45/projet/frontend/src/components/Ui/Modal/Modal.tsx [26ms]
2024-06-19 13:00:08.301 [info] > git check-ignore -v -z --stdin [3ms]
2024-06-19 13:00:18.892 [info] > git show --textconv :projet/frontend/src/components/App/ui/Modal.tsx [15ms]
2024-06-19 13:00:18.893 [info] > git ls-files --stage -- /home/student/S03_challenge_E05_suspense-cedricRGT45/projet/frontend/src/components/App/ui/Modal.tsx [5ms]
2024-06-19 13:00:18.903 [info] > git cat-file -s a7b889545fc138365636cdfba6989f7c8c16fc2a [5ms]
2024-06-19 13:00:34.421 [info] > git show --textconv :S03_challenge_E06_error-cedricRGT45/projet/frontend/src/components/Ui/Modal/Modal.tsx [13ms]
2024-06-19 13:00:34.422 [info] > git ls-files --stage -- /home/student/S03_challenge_E06_error-cedricRGT45/projet/frontend/src/components/Ui/Modal/Modal.tsx [3ms]
2024-06-19 13:00:44.961 [info] > git show --textconv :projet/frontend/src/components/App/ui/Modal.tsx [15ms]
2024-06-19 13:00:44.962 [info] > git ls-files --stage -- /home/student/S03_challenge_E05_suspense-cedricRGT45/projet/frontend/src/components/App/ui/Modal.tsx [5ms]
2024-06-19 13:00:44.972 [info] > git cat-file -s a7b889545fc138365636cdfba6989f7c8c16fc2a [4ms]
2024-06-19 13:00:48.564 [info] > git show --textconv :S03_challenge_E06_error-cedricRGT45/projet/frontend/src/components/Ui/Modal/Modal.tsx [9ms]
2024-06-19 13:00:48.568 [info] > git ls-files --stage -- /home/student/S03_challenge_E06_error-cedricRGT45/projet/frontend/src/components/Ui/Modal/Modal.tsx [7ms]
2024-06-19 13:00:53.441 [info] > git show --textconv :projet/frontend/src/components/App/ui/Modal.tsx [7ms]
2024-06-19 13:00:53.443 [info] > git ls-files --stage -- /home/student/S03_challenge_E05_suspense-cedricRGT45/projet/frontend/src/components/App/ui/Modal.tsx [3ms]
2024-06-19 13:00:53.457 [info] > git cat-file -s a7b889545fc138365636cdfba6989f7c8c16fc2a [1ms]
2024-06-19 13:00:54.293 [info] > git show --textconv :S03_challenge_E06_error-cedricRGT45/projet/frontend/src/components/Ui/Modal/Modal.tsx [39ms]
2024-06-19 13:00:54.301 [info] > git ls-files --stage -- /home/student/S03_challenge_E06_error-cedricRGT45/projet/frontend/src/components/Ui/Modal/Modal.tsx [30ms]
2024-06-19 13:01:04.900 [info] > git show --textconv :projet/frontend/src/components/App/ui/Modal.tsx [9ms]
2024-06-19 13:01:04.904 [info] > git ls-files --stage -- /home/student/S03_challenge_E05_suspense-cedricRGT45/projet/frontend/src/components/App/ui/Modal.tsx [7ms]
2024-06-19 13:01:04.911 [info] > git cat-file -s a7b889545fc138365636cdfba6989f7c8c16fc2a [2ms]
2024-06-19 13:01:07.220 [info] > git show --textconv :S03_challenge_E06_error-cedricRGT45/projet/frontend/src/components/Ui/Modal/Modal.tsx [9ms]
2024-06-19 13:01:07.225 [info] > git ls-files --stage -- /home/student/S03_challenge_E06_error-cedricRGT45/projet/frontend/src/components/Ui/Modal/Modal.tsx [7ms]
2024-06-19 13:01:20.861 [info] > git show --textconv :projet/frontend/src/components/App/ui/Modal.tsx [8ms]
2024-06-19 13:01:20.862 [info] > git ls-files --stage -- /home/student/S03_challenge_E05_suspense-cedricRGT45/projet/frontend/src/components/App/ui/Modal.tsx [3ms]
2024-06-19 13:01:20.871 [info] > git cat-file -s a7b889545fc138365636cdfba6989f7c8c16fc2a [4ms]
2024-06-19 13:01:29.173 [info] > git show --textconv :S03_challenge_E06_error-cedricRGT45/projet/frontend/src/components/Ui/Modal/Modal.tsx [6ms]
2024-06-19 13:01:29.185 [info] > git ls-files --stage -- /home/student/S03_challenge_E06_error-cedricRGT45/projet/frontend/src/components/Ui/Modal/Modal.tsx [13ms]
2024-06-19 13:01:44.085 [info] > git show --textconv :projet/frontend/src/components/App/ui/Modal.tsx [8ms]
2024-06-19 13:01:44.090 [info] > git ls-files --stage -- /home/student/S03_challenge_E05_suspense-cedricRGT45/projet/frontend/src/components/App/ui/Modal.tsx [5ms]
2024-06-19 13:01:44.098 [info] > git cat-file -s a7b889545fc138365636cdfba6989f7c8c16fc2a [2ms]
2024-06-19 13:01:45.767 [info] > git show --textconv :S03_challenge_E06_error-cedricRGT45/projet/frontend/src/components/Ui/Modal/Modal.tsx [6ms]
2024-06-19 13:01:45.772 [info] > git ls-files --stage -- /home/student/S03_challenge_E06_error-cedricRGT45/projet/frontend/src/components/Ui/Modal/Modal.tsx [6ms]
2024-06-19 13:02:25.942 [info] > git show --textconv :projet/frontend/src/components/App/ui/Modal.tsx [7ms]
2024-06-19 13:02:25.944 [info] > git ls-files --stage -- /home/student/S03_challenge_E05_suspense-cedricRGT45/projet/frontend/src/components/App/ui/Modal.tsx [3ms]
2024-06-19 13:02:25.955 [info] > git cat-file -s a7b889545fc138365636cdfba6989f7c8c16fc2a [1ms]
2024-06-19 13:02:33.223 [info] > git show --textconv :S03_challenge_E06_error-cedricRGT45/projet/frontend/src/components/Ui/Modal/Modal.tsx [29ms]
2024-06-19 13:02:33.233 [info] > git ls-files --stage -- /home/student/S03_challenge_E06_error-cedricRGT45/projet/frontend/src/components/Ui/Modal/Modal.tsx [29ms]
2024-06-19 13:02:55.814 [info] > git show --textconv :S03_challenge_E06_error-cedricRGT45/projet/frontend/src/components/App/Content/Products/ProductModal.tsx [14ms]
2024-06-19 13:02:55.819 [info] > git ls-files --stage -- /home/student/S03_challenge_E06_error-cedricRGT45/projet/frontend/src/components/App/Content/Products/ProductModal.tsx [6ms]
2024-06-19 13:03:10.948 [info] > git show --textconv :S03_challenge_E06_error-cedricRGT45/projet/frontend/src/components/App/Content/Products/ProductItem.tsx [25ms]
2024-06-19 13:03:10.959 [info] > git ls-files --stage -- /home/student/S03_challenge_E06_error-cedricRGT45/projet/frontend/src/components/App/Content/Products/ProductItem.tsx [19ms]
2024-06-19 13:03:48.260 [info] > git show --textconv :S03_challenge_E06_error-cedricRGT45/projet/frontend/src/components/Ui/Modal/Modal.tsx [17ms]
2024-06-19 13:03:48.270 [info] > git ls-files --stage -- /home/student/S03_challenge_E06_error-cedricRGT45/projet/frontend/src/components/Ui/Modal/Modal.tsx [17ms]
2024-06-19 14:01:29.946 [info] > git show --textconv :S03_challenge_E06_error-cedricRGT45/projet/frontend/src/components/App/Content/Products/ProductItem.tsx [6ms]
2024-06-19 14:01:29.952 [info] > git ls-files --stage -- /home/student/S03_challenge_E06_error-cedricRGT45/projet/frontend/src/components/App/Content/Products/ProductItem.tsx [6ms]
