2024-06-19 08:49:35.051 [info] Log level: Info
2024-06-19 08:49:35.051 [info] Validating found git in: "git"
2024-06-19 08:49:35.051 [info] Using git "2.34.1" from "git"
2024-06-19 08:49:35.051 [info] > git rev-parse --show-toplevel [19ms]
2024-06-19 08:49:35.051 [info] > git rev-parse --git-dir --git-common-dir [2ms]
2024-06-19 08:49:35.051 [info] Open repository: /home/student
2024-06-19 08:49:35.051 [info] > git config --get commit.template [6ms]
2024-06-19 08:49:35.051 [info] > git rev-parse --show-toplevel [8ms]
2024-06-19 08:49:35.051 [info] > git rev-parse --git-dir --git-common-dir [2ms]
2024-06-19 08:49:35.051 [info] Open repository: /home/student/S03_challenge_E05_suspense-cedricRGT45
2024-06-19 08:49:35.051 [info] > git rev-parse --show-toplevel [7ms]
2024-06-19 08:49:35.051 [info] > git config --get commit.template [12ms]
2024-06-19 08:49:35.051 [info] > git for-each-ref --format=%(refname)%00%(upstream:short)%00%(objectname)%00%(upstream:track)%00%(upstream:remotename)%00%(upstream:remoteref) refs/heads/main refs/remotes/main [36ms]
2024-06-19 08:49:35.051 [info] > git rev-parse --show-toplevel [3ms]
2024-06-19 08:49:35.051 [info] > git for-each-ref --format=%(refname)%00%(upstream:short)%00%(objectname)%00%(upstream:track)%00%(upstream:remotename)%00%(upstream:remoteref) refs/heads/master refs/remotes/master [14ms]
2024-06-19 08:49:35.051 [info] > git rev-parse --show-toplevel [8ms]
2024-06-19 08:49:35.051 [info] > git rev-parse --show-toplevel [5ms]
2024-06-19 08:49:35.051 [info] > git rev-parse --show-toplevel [2ms]
2024-06-19 08:49:35.051 [info] > git status -z -uall [15ms]
2024-06-19 08:49:35.051 [info] > git merge-base refs/heads/master refs/remotes/origin/master [30ms]
2024-06-19 08:49:35.051 [info] > git rev-parse --show-toplevel [50ms]
2024-06-19 08:49:35.051 [info] > git config --get commit.template [14ms]
2024-06-19 08:49:35.051 [info] > git rev-list --count --left-right refs/heads/master...refs/remotes/origin/master [8ms]
2024-06-19 08:49:35.051 [info] > git rev-parse --show-toplevel [13ms]
2024-06-19 08:49:35.051 [info] > git diff --name-status -z --diff-filter=ADMR 38c0e2c4c1ab2970ba68f1bf3edb3b5090905268...refs/remotes/origin/master [12ms]
2024-06-19 08:49:35.051 [info] > git for-each-ref --format=%(refname)%00%(upstream:short)%00%(objectname)%00%(upstream:track)%00%(upstream:remotename)%00%(upstream:remoteref) refs/heads/master refs/remotes/master [8ms]
2024-06-19 08:49:35.051 [info] > git rev-parse --show-toplevel [3ms]
2024-06-19 08:49:35.051 [info] > git rev-parse --show-toplevel [6ms]
2024-06-19 08:49:35.051 [info] > git status -z -uall [8ms]
2024-06-19 08:49:35.052 [info] > git rev-parse --show-toplevel [7ms]
2024-06-19 08:49:35.052 [info] > git rev-parse --show-toplevel [4ms]
2024-06-19 08:49:35.052 [info] > git rev-parse --git-dir --git-common-dir [99ms]
2024-06-19 08:49:35.052 [info] Open repository: /home/student/S02_Coclock_Working
2024-06-19 08:49:35.052 [info] > git config --get commit.template [9ms]
2024-06-19 08:49:35.055 [info] > git rev-parse --show-toplevel [19ms]
2024-06-19 08:49:35.065 [info] > git rev-parse --git-dir --git-common-dir [3ms]
2024-06-19 08:49:35.071 [info] Open repository: /home/student/S03_CICD
2024-06-19 08:49:35.083 [info] > git for-each-ref --format=%(refname)%00%(upstream:short)%00%(objectname)%00%(upstream:track)%00%(upstream:remotename)%00%(upstream:remoteref) refs/heads/master refs/remotes/master [34ms]
2024-06-19 08:49:35.084 [info] > git config --get commit.template [7ms]
2024-06-19 08:49:35.090 [warning] ENOENT: no such file or directory, open '/home/student/S02_Coclock_Working/.git/refs/remotes/origin/master'
2024-06-19 08:49:35.091 [info] > git rev-parse --show-toplevel [9ms]
2024-06-19 08:49:35.102 [info] > git rev-parse refs/remotes/origin/master [13ms]
2024-06-19 08:49:35.116 [info] > git for-each-ref --format=%(refname)%00%(upstream:short)%00%(objectname)%00%(upstream:track)%00%(upstream:remotename)%00%(upstream:remoteref) refs/heads/master refs/remotes/master [15ms]
2024-06-19 08:49:35.122 [warning] ENOENT: no such file or directory, open '/home/student/S03_CICD/.git/refs/remotes/origin/master'
2024-06-19 08:49:35.127 [info] > git rev-parse refs/remotes/origin/master [5ms]
2024-06-19 08:49:35.188 [info] > git status -z -uall [51ms]
2024-06-19 08:49:35.222 [info] > git merge-base refs/heads/master refs/remotes/origin/master [27ms]
2024-06-19 08:49:35.228 [info] > git config --get commit.template [7ms]
2024-06-19 08:49:35.235 [info] > git rev-list --count --left-right refs/heads/master...refs/remotes/origin/master [8ms]
2024-06-19 08:49:35.241 [info] > git for-each-ref --format=%(refname)%00%(upstream:short)%00%(objectname)%00%(upstream:track)%00%(upstream:remotename)%00%(upstream:remoteref) refs/heads/master refs/remotes/master [8ms]
2024-06-19 08:49:35.246 [warning] ENOENT: no such file or directory, open '/home/student/S03_CICD/.git/refs/remotes/origin/master'
2024-06-19 08:49:35.249 [info] > git rev-parse refs/remotes/origin/master [3ms]
2024-06-19 08:49:35.254 [info] > git diff --name-status -z --diff-filter=ADMR 4c00948e25e702a642836f79638d3d376e03e5ea...refs/remotes/origin/master [14ms]
2024-06-19 08:49:35.265 [info] > git status -z -uall [12ms]
2024-06-19 08:49:35.552 [info] > git status -z -uall [445ms]
2024-06-19 08:49:35.593 [info] > git check-ignore -v -z --stdin [10ms]
2024-06-19 08:49:35.596 [info] > git merge-base refs/heads/master refs/remotes/origin/master [30ms]
2024-06-19 08:49:35.642 [info] > git config --get commit.template [48ms]
2024-06-19 08:49:35.644 [info] > git rev-list --count --left-right refs/heads/master...refs/remotes/origin/master [24ms]
2024-06-19 08:49:35.657 [info] > git diff --name-status -z --diff-filter=ADMR 55e66f96c5ba6b77b9d257d5579e211274f560ad...refs/remotes/origin/master [9ms]
2024-06-19 08:49:35.658 [info] > git for-each-ref --format=%(refname)%00%(upstream:short)%00%(objectname)%00%(upstream:track)%00%(upstream:remotename)%00%(upstream:remoteref) refs/heads/master refs/remotes/master [3ms]
2024-06-19 08:49:35.663 [warning] ENOENT: no such file or directory, open '/home/student/S02_Coclock_Working/.git/refs/remotes/origin/master'
2024-06-19 08:49:35.670 [info] > git rev-parse refs/remotes/origin/master [7ms]
2024-06-19 08:49:35.800 [info] > git status -z -uall [125ms]
2024-06-19 08:49:36.088 [info] > git show --textconv :projet/frontend/src/styles/components/_modal.scss [8ms]
2024-06-19 08:49:36.091 [info] > git ls-files --stage -- /home/student/S03_challenge_E05_suspense-cedricRGT45/projet/frontend/src/styles/components/_modal.scss [3ms]
2024-06-19 08:49:36.107 [info] > git cat-file -s 2f56bdecc204b1ef0d9bc16a8a354e300953ac93 [12ms]
2024-06-19 08:49:36.151 [info] > git status -z -uall [1379ms]
2024-06-19 08:49:37.772 [info] > git merge-base refs/heads/main refs/remotes/origin/main [1538ms]
2024-06-19 08:49:37.792 [info] > git rev-list --count --left-right refs/heads/main...refs/remotes/origin/main [16ms]
2024-06-19 08:49:37.800 [info] > git config --get commit.template [29ms]
2024-06-19 08:49:37.811 [info] > git diff --name-status -z --diff-filter=ADMR 82fdcc4827cad87ccb8e6374629a90d1dd519f36...refs/remotes/origin/main [12ms]
2024-06-19 08:49:37.918 [info] > git for-each-ref --format=%(refname)%00%(upstream:short)%00%(objectname)%00%(upstream:track)%00%(upstream:remotename)%00%(upstream:remoteref) refs/heads/main refs/remotes/main [108ms]
2024-06-19 08:49:38.168 [info] > git status -z -uall [243ms]
2024-06-19 08:49:41.001 [info] > git config --get commit.template [15ms]
2024-06-19 08:49:41.002 [info] > git for-each-ref --format=%(refname)%00%(upstream:short)%00%(objectname)%00%(upstream:track)%00%(upstream:remotename)%00%(upstream:remoteref) refs/heads/main refs/remotes/main [8ms]
2024-06-19 08:49:41.289 [info] > git status -z -uall [280ms]
2024-06-19 08:49:46.454 [info] > git config --get commit.template [9ms]
2024-06-19 08:49:46.457 [info] > git for-each-ref --format=%(refname)%00%(upstream:short)%00%(objectname)%00%(upstream:track)%00%(upstream:remotename)%00%(upstream:remoteref) refs/heads/main refs/remotes/main [3ms]
2024-06-19 08:49:46.696 [info] > git status -z -uall [232ms]
2024-06-19 08:50:27.024 [info] > git config --get commit.template [7ms]
2024-06-19 08:50:27.027 [info] > git for-each-ref --format=%(refname)%00%(upstream:short)%00%(objectname)%00%(upstream:track)%00%(upstream:remotename)%00%(upstream:remoteref) refs/heads/main refs/remotes/main [3ms]
2024-06-19 08:50:27.277 [info] > git status -z -uall [243ms]
2024-06-19 08:50:52.181 [info] > git config --get commit.template [8ms]
2024-06-19 08:50:52.183 [info] > git for-each-ref --format=%(refname)%00%(upstream:short)%00%(objectname)%00%(upstream:track)%00%(upstream:remotename)%00%(upstream:remoteref) refs/heads/main refs/remotes/main [4ms]
2024-06-19 08:50:52.428 [info] > git status -z -uall [238ms]
2024-06-19 08:51:13.702 [info] > git config --get commit.template [10ms]
2024-06-19 08:51:13.705 [info] > git for-each-ref --format=%(refname)%00%(upstream:short)%00%(objectname)%00%(upstream:track)%00%(upstream:remotename)%00%(upstream:remoteref) refs/heads/main refs/remotes/main [6ms]
2024-06-19 08:51:13.969 [info] > git status -z -uall [255ms]
2024-06-19 08:51:51.312 [info] > git config --get commit.template [7ms]
2024-06-19 08:51:51.315 [info] > git for-each-ref --format=%(refname)%00%(upstream:short)%00%(objectname)%00%(upstream:track)%00%(upstream:remotename)%00%(upstream:remoteref) refs/heads/main refs/remotes/main [4ms]
2024-06-19 08:51:51.571 [info] > git status -z -uall [250ms]
2024-06-19 08:51:55.441 [info] > git check-ignore -v -z --stdin [20ms]
2024-06-19 08:51:55.443 [info] > git check-ignore -v -z --stdin [11ms]
2024-06-19 08:51:55.448 [info] > git check-ignore -v -z --stdin [10ms]
2024-06-19 08:52:05.739 [info] > git config --get commit.template [7ms]
2024-06-19 08:52:05.741 [info] > git for-each-ref --format=%(refname)%00%(upstream:short)%00%(objectname)%00%(upstream:track)%00%(upstream:remotename)%00%(upstream:remoteref) refs/heads/main refs/remotes/main [3ms]
2024-06-19 08:52:05.981 [info] > git status -z -uall [233ms]
2024-06-19 08:52:11.001 [info] > git check-ignore -v -z --stdin [2ms]
2024-06-19 08:52:11.120 [info] > git config --get commit.template [7ms]
2024-06-19 08:52:11.123 [info] > git for-each-ref --format=%(refname)%00%(upstream:short)%00%(objectname)%00%(upstream:track)%00%(upstream:remotename)%00%(upstream:remoteref) refs/heads/main refs/remotes/main [4ms]
2024-06-19 08:52:11.367 [info] > git status -z -uall [237ms]
2024-06-19 08:52:19.454 [info] > git config --get commit.template [7ms]
2024-06-19 08:52:19.457 [info] > git for-each-ref --format=%(refname)%00%(upstream:short)%00%(objectname)%00%(upstream:track)%00%(upstream:remotename)%00%(upstream:remoteref) refs/heads/main refs/remotes/main [4ms]
2024-06-19 08:52:19.699 [info] > git status -z -uall [236ms]
2024-06-19 08:52:24.830 [info] > git config --get commit.template [10ms]
2024-06-19 08:52:24.832 [info] > git for-each-ref --format=%(refname)%00%(upstream:short)%00%(objectname)%00%(upstream:track)%00%(upstream:remotename)%00%(upstream:remoteref) refs/heads/main refs/remotes/main [3ms]
2024-06-19 08:52:25.109 [info] > git status -z -uall [267ms]
2024-06-19 08:52:26.652 [info] > git check-ignore -v -z --stdin [26ms]
2024-06-19 08:52:30.277 [info] > git config --get commit.template [13ms]
2024-06-19 08:52:30.281 [info] > git for-each-ref --format=%(refname)%00%(upstream:short)%00%(objectname)%00%(upstream:track)%00%(upstream:remotename)%00%(upstream:remoteref) refs/heads/main refs/remotes/main [5ms]
2024-06-19 08:52:30.577 [info] > git status -z -uall [279ms]
2024-06-19 08:52:32.498 [info] > git check-ignore -v -z --stdin [7ms]
2024-06-19 08:52:32.773 [info] > git show --textconv :projet/frontend/src/styles/components/ErrorBoundary.tsx [70ms]
2024-06-19 08:52:32.773 [info] > git ls-files --stage -- /home/student/S03_challenge_E05_suspense-cedricRGT45/projet/frontend/src/styles/components/ErrorBoundary.tsx [50ms]
2024-06-19 08:52:33.016 [info] > git config --get commit.template [17ms]
2024-06-19 08:52:33.029 [info] > git for-each-ref --format=%(refname)%00%(upstream:short)%00%(objectname)%00%(upstream:track)%00%(upstream:remotename)%00%(upstream:remoteref) refs/heads/master refs/remotes/master [14ms]
2024-06-19 08:52:33.074 [info] > git status -z -uall [24ms]
2024-06-19 08:52:49.637 [info] > git config --get commit.template [8ms]
2024-06-19 08:52:49.652 [info] > git for-each-ref --format=%(refname)%00%(upstream:short)%00%(objectname)%00%(upstream:track)%00%(upstream:remotename)%00%(upstream:remoteref) refs/heads/main refs/remotes/main [8ms]
2024-06-19 08:52:49.652 [info] > git config --get commit.template [16ms]
2024-06-19 08:52:49.663 [info] > git for-each-ref --format=%(refname)%00%(upstream:short)%00%(objectname)%00%(upstream:track)%00%(upstream:remotename)%00%(upstream:remoteref) refs/heads/master refs/remotes/master [13ms]
2024-06-19 08:52:49.695 [info] > git status -z -uall [17ms]
2024-06-19 08:52:49.951 [info] > git status -z -uall [289ms]
2024-06-19 08:53:03.776 [info] > git config --get commit.template [7ms]
2024-06-19 08:53:03.779 [info] > git for-each-ref --format=%(refname)%00%(upstream:short)%00%(objectname)%00%(upstream:track)%00%(upstream:remotename)%00%(upstream:remoteref) refs/heads/main refs/remotes/main [4ms]
2024-06-19 08:53:04.051 [info] > git status -z -uall [264ms]
2024-06-19 08:53:09.185 [info] > git config --get commit.template [7ms]
2024-06-19 08:53:09.188 [info] > git for-each-ref --format=%(refname)%00%(upstream:short)%00%(objectname)%00%(upstream:track)%00%(upstream:remotename)%00%(upstream:remoteref) refs/heads/main refs/remotes/main [4ms]
2024-06-19 08:53:09.486 [info] > git status -z -uall [284ms]
2024-06-19 08:53:14.631 [info] > git config --get commit.template [13ms]
2024-06-19 08:53:14.654 [info] > git for-each-ref --format=%(refname)%00%(upstream:short)%00%(objectname)%00%(upstream:track)%00%(upstream:remotename)%00%(upstream:remoteref) refs/heads/main refs/remotes/main [25ms]
2024-06-19 08:53:14.673 [info] > git config --get commit.template [21ms]
2024-06-19 08:53:14.691 [info] > git for-each-ref --format=%(refname)%00%(upstream:short)%00%(objectname)%00%(upstream:track)%00%(upstream:remotename)%00%(upstream:remoteref) refs/heads/master refs/remotes/master [24ms]
2024-06-19 08:53:14.728 [info] > git status -z -uall [23ms]
2024-06-19 08:53:15.114 [info] > git status -z -uall [425ms]
2024-06-19 08:53:19.753 [info] > git config --get commit.template [11ms]
2024-06-19 08:53:19.757 [info] > git for-each-ref --format=%(refname)%00%(upstream:short)%00%(objectname)%00%(upstream:track)%00%(upstream:remotename)%00%(upstream:remoteref) refs/heads/master refs/remotes/master [10ms]
2024-06-19 08:53:19.773 [info] > git status -z -uall [7ms]
2024-06-19 08:53:22.993 [info] > git config --get commit.template [11ms]
2024-06-19 08:53:22.997 [info] > git for-each-ref --format=%(refname)%00%(upstream:short)%00%(objectname)%00%(upstream:track)%00%(upstream:remotename)%00%(upstream:remoteref) refs/heads/main refs/remotes/main [5ms]
2024-06-19 08:53:23.310 [info] > git status -z -uall [303ms]
2024-06-19 08:53:26.445 [info] > git config --get commit.template [8ms]
2024-06-19 08:53:26.458 [info] > git for-each-ref --format=%(refname)%00%(upstream:short)%00%(objectname)%00%(upstream:track)%00%(upstream:remotename)%00%(upstream:remoteref) refs/heads/master refs/remotes/master [3ms]
2024-06-19 08:53:26.470 [info] > git status -z -uall [5ms]
2024-06-19 08:53:28.503 [info] > git config --get commit.template [33ms]
2024-06-19 08:53:28.504 [info] > git for-each-ref --format=%(refname)%00%(upstream:short)%00%(objectname)%00%(upstream:track)%00%(upstream:remotename)%00%(upstream:remoteref) refs/heads/main refs/remotes/main [9ms]
2024-06-19 08:53:28.818 [info] > git status -z -uall [304ms]
2024-06-19 08:53:31.800 [info] > git config --get commit.template [8ms]
2024-06-19 08:53:31.802 [info] > git for-each-ref --format=%(refname)%00%(upstream:short)%00%(objectname)%00%(upstream:track)%00%(upstream:remotename)%00%(upstream:remoteref) refs/heads/master refs/remotes/master [3ms]
2024-06-19 08:53:31.815 [info] > git status -z -uall [5ms]
2024-06-19 08:53:33.961 [info] > git config --get commit.template [8ms]
2024-06-19 08:53:33.964 [info] > git for-each-ref --format=%(refname)%00%(upstream:short)%00%(objectname)%00%(upstream:track)%00%(upstream:remotename)%00%(upstream:remoteref) refs/heads/main refs/remotes/main [4ms]
2024-06-19 08:53:34.230 [info] > git status -z -uall [259ms]
2024-06-19 08:53:36.834 [info] > git config --get commit.template [10ms]
2024-06-19 08:53:36.838 [info] > git for-each-ref --format=%(refname)%00%(upstream:short)%00%(objectname)%00%(upstream:track)%00%(upstream:remotename)%00%(upstream:remoteref) refs/heads/master refs/remotes/master [8ms]
2024-06-19 08:53:36.851 [info] > git status -z -uall [6ms]
2024-06-19 08:53:39.403 [info] > git config --get commit.template [13ms]
2024-06-19 08:53:39.407 [info] > git for-each-ref --format=%(refname)%00%(upstream:short)%00%(objectname)%00%(upstream:track)%00%(upstream:remotename)%00%(upstream:remoteref) refs/heads/main refs/remotes/main [5ms]
2024-06-19 08:53:39.692 [info] > git status -z -uall [278ms]
2024-06-19 08:53:41.865 [info] > git config --get commit.template [3ms]
2024-06-19 08:53:41.875 [info] > git for-each-ref --format=%(refname)%00%(upstream:short)%00%(objectname)%00%(upstream:track)%00%(upstream:remotename)%00%(upstream:remoteref) refs/heads/master refs/remotes/master [3ms]
2024-06-19 08:53:41.891 [info] > git status -z -uall [7ms]
2024-06-19 08:53:44.853 [info] > git config --get commit.template [9ms]
2024-06-19 08:53:44.856 [info] > git for-each-ref --format=%(refname)%00%(upstream:short)%00%(objectname)%00%(upstream:track)%00%(upstream:remotename)%00%(upstream:remoteref) refs/heads/main refs/remotes/main [4ms]
2024-06-19 08:53:45.141 [info] > git status -z -uall [277ms]
2024-06-19 08:53:50.317 [info] > git config --get commit.template [10ms]
2024-06-19 08:53:50.324 [info] > git for-each-ref --format=%(refname)%00%(upstream:short)%00%(objectname)%00%(upstream:track)%00%(upstream:remotename)%00%(upstream:remoteref) refs/heads/main refs/remotes/main [8ms]
2024-06-19 08:53:50.612 [info] > git status -z -uall [282ms]
2024-06-19 08:53:56.664 [info] > git config --get commit.template [11ms]
2024-06-19 08:53:56.667 [info] > git for-each-ref --format=%(refname)%00%(upstream:short)%00%(objectname)%00%(upstream:track)%00%(upstream:remotename)%00%(upstream:remoteref) refs/heads/master refs/remotes/master [4ms]
2024-06-19 08:53:56.685 [info] > git status -z -uall [9ms]
2024-06-19 08:53:58.114 [info] > git config --get commit.template [11ms]
2024-06-19 08:53:58.121 [info] > git for-each-ref --format=%(refname)%00%(upstream:short)%00%(objectname)%00%(upstream:track)%00%(upstream:remotename)%00%(upstream:remoteref) refs/heads/main refs/remotes/main [7ms]
2024-06-19 08:53:58.443 [info] > git status -z -uall [309ms]
2024-06-19 08:54:03.602 [info] > git config --get commit.template [13ms]
2024-06-19 08:54:03.606 [info] > git for-each-ref --format=%(refname)%00%(upstream:short)%00%(objectname)%00%(upstream:track)%00%(upstream:remotename)%00%(upstream:remoteref) refs/heads/main refs/remotes/main [6ms]
2024-06-19 08:54:03.875 [info] > git status -z -uall [258ms]
2024-06-19 08:54:07.134 [info] > git config --get commit.template [14ms]
2024-06-19 08:54:07.140 [info] > git for-each-ref --format=%(refname)%00%(upstream:short)%00%(objectname)%00%(upstream:track)%00%(upstream:remotename)%00%(upstream:remoteref) refs/heads/master refs/remotes/master [7ms]
2024-06-19 08:54:07.157 [info] > git status -z -uall [8ms]
2024-06-19 08:54:09.031 [info] > git config --get commit.template [12ms]
2024-06-19 08:54:09.035 [info] > git for-each-ref --format=%(refname)%00%(upstream:short)%00%(objectname)%00%(upstream:track)%00%(upstream:remotename)%00%(upstream:remoteref) refs/heads/main refs/remotes/main [5ms]
2024-06-19 08:54:09.396 [info] > git status -z -uall [352ms]
2024-06-19 08:54:14.625 [info] > git config --get commit.template [16ms]
2024-06-19 08:54:14.628 [info] > git for-each-ref --format=%(refname)%00%(upstream:short)%00%(objectname)%00%(upstream:track)%00%(upstream:remotename)%00%(upstream:remoteref) refs/heads/main refs/remotes/main [4ms]
2024-06-19 08:54:14.910 [info] > git status -z -uall [275ms]
2024-06-19 08:54:20.107 [info] > git config --get commit.template [11ms]
2024-06-19 08:54:20.112 [info] > git for-each-ref --format=%(refname)%00%(upstream:short)%00%(objectname)%00%(upstream:track)%00%(upstream:remotename)%00%(upstream:remoteref) refs/heads/main refs/remotes/main [6ms]
2024-06-19 08:54:20.516 [info] > git status -z -uall [390ms]
2024-06-19 08:54:27.445 [info] > git config --get commit.template [16ms]
2024-06-19 08:54:27.452 [info] > git for-each-ref --format=%(refname)%00%(upstream:short)%00%(objectname)%00%(upstream:track)%00%(upstream:remotename)%00%(upstream:remoteref) refs/heads/main refs/remotes/main [9ms]
2024-06-19 08:54:27.796 [info] > git status -z -uall [329ms]
2024-06-19 08:54:33.035 [info] > git config --get commit.template [17ms]
2024-06-19 08:54:33.040 [info] > git for-each-ref --format=%(refname)%00%(upstream:short)%00%(objectname)%00%(upstream:track)%00%(upstream:remotename)%00%(upstream:remoteref) refs/heads/main refs/remotes/main [6ms]
2024-06-19 08:54:33.480 [info] > git status -z -uall [430ms]
2024-06-19 08:54:38.764 [info] > git config --get commit.template [9ms]
2024-06-19 08:54:38.767 [info] > git for-each-ref --format=%(refname)%00%(upstream:short)%00%(objectname)%00%(upstream:track)%00%(upstream:remotename)%00%(upstream:remoteref) refs/heads/main refs/remotes/main [3ms]
2024-06-19 08:54:39.116 [info] > git status -z -uall [342ms]
2024-06-19 08:54:44.318 [info] > git config --get commit.template [10ms]
2024-06-19 08:54:44.322 [info] > git for-each-ref --format=%(refname)%00%(upstream:short)%00%(objectname)%00%(upstream:track)%00%(upstream:remotename)%00%(upstream:remoteref) refs/heads/main refs/remotes/main [5ms]
2024-06-19 08:54:44.648 [info] > git status -z -uall [318ms]
2024-06-19 08:54:46.573 [info] > git config --get commit.template [17ms]
2024-06-19 08:54:46.597 [info] > git for-each-ref --format=%(refname)%00%(upstream:short)%00%(objectname)%00%(upstream:track)%00%(upstream:remotename)%00%(upstream:remoteref) refs/heads/master refs/remotes/master [8ms]
2024-06-19 08:54:46.615 [info] > git status -z -uall [7ms]
2024-06-19 08:54:49.840 [info] > git config --get commit.template [9ms]
2024-06-19 08:54:49.843 [info] > git for-each-ref --format=%(refname)%00%(upstream:short)%00%(objectname)%00%(upstream:track)%00%(upstream:remotename)%00%(upstream:remoteref) refs/heads/main refs/remotes/main [4ms]
2024-06-19 08:54:50.184 [info] > git status -z -uall [332ms]
2024-06-19 08:54:55.064 [info] > git config --get commit.template [3ms]
2024-06-19 08:54:55.077 [info] > git for-each-ref --format=%(refname)%00%(upstream:short)%00%(objectname)%00%(upstream:track)%00%(upstream:remotename)%00%(upstream:remoteref) refs/heads/master refs/remotes/master [3ms]
2024-06-19 08:54:55.091 [info] > git status -z -uall [6ms]
2024-06-19 08:54:55.370 [info] > git config --get commit.template [8ms]
2024-06-19 08:54:55.373 [info] > git for-each-ref --format=%(refname)%00%(upstream:short)%00%(objectname)%00%(upstream:track)%00%(upstream:remotename)%00%(upstream:remoteref) refs/heads/main refs/remotes/main [4ms]
2024-06-19 08:54:55.645 [info] > git status -z -uall [265ms]
2024-06-19 08:55:00.796 [info] > git config --get commit.template [10ms]
2024-06-19 08:55:00.802 [info] > git for-each-ref --format=%(refname)%00%(upstream:short)%00%(objectname)%00%(upstream:track)%00%(upstream:remotename)%00%(upstream:remoteref) refs/heads/main refs/remotes/main [7ms]
2024-06-19 08:55:01.087 [info] > git status -z -uall [276ms]
2024-06-19 08:55:04.241 [info] > git config --get commit.template [10ms]
2024-06-19 08:55:04.243 [info] > git for-each-ref --format=%(refname)%00%(upstream:short)%00%(objectname)%00%(upstream:track)%00%(upstream:remotename)%00%(upstream:remoteref) refs/heads/master refs/remotes/master [3ms]
2024-06-19 08:55:04.256 [info] > git status -z -uall [6ms]
2024-06-19 08:55:06.227 [info] > git config --get commit.template [8ms]
2024-06-19 08:55:06.243 [info] > git for-each-ref --format=%(refname)%00%(upstream:short)%00%(objectname)%00%(upstream:track)%00%(upstream:remotename)%00%(upstream:remoteref) refs/heads/main refs/remotes/main [5ms]
2024-06-19 08:55:06.609 [info] > git status -z -uall [356ms]
2024-06-19 08:55:11.826 [info] > git config --get commit.template [12ms]
2024-06-19 08:55:11.828 [info] > git for-each-ref --format=%(refname)%00%(upstream:short)%00%(objectname)%00%(upstream:track)%00%(upstream:remotename)%00%(upstream:remoteref) refs/heads/main refs/remotes/main [3ms]
2024-06-19 08:55:12.156 [info] > git status -z -uall [321ms]
2024-06-19 08:55:15.428 [info] > git config --get commit.template [21ms]
2024-06-19 08:55:15.431 [info] > git for-each-ref --format=%(refname)%00%(upstream:short)%00%(objectname)%00%(upstream:track)%00%(upstream:remotename)%00%(upstream:remoteref) refs/heads/master refs/remotes/master [6ms]
2024-06-19 08:55:15.460 [info] > git status -z -uall [13ms]
2024-06-19 08:55:17.453 [info] > git config --get commit.template [21ms]
2024-06-19 08:55:17.477 [info] > git for-each-ref --format=%(refname)%00%(upstream:short)%00%(objectname)%00%(upstream:track)%00%(upstream:remotename)%00%(upstream:remoteref) refs/heads/main refs/remotes/main [25ms]
2024-06-19 08:55:17.916 [info] > git status -z -uall [420ms]
2024-06-19 08:55:21.454 [info] > git config --get commit.template [11ms]
2024-06-19 08:55:21.456 [info] > git for-each-ref --format=%(refname)%00%(upstream:short)%00%(objectname)%00%(upstream:track)%00%(upstream:remotename)%00%(upstream:remoteref) refs/heads/master refs/remotes/master [3ms]
2024-06-19 08:55:21.479 [info] > git status -z -uall [16ms]
2024-06-19 08:55:23.103 [info] > git config --get commit.template [11ms]
2024-06-19 08:55:23.110 [info] > git for-each-ref --format=%(refname)%00%(upstream:short)%00%(objectname)%00%(upstream:track)%00%(upstream:remotename)%00%(upstream:remoteref) refs/heads/main refs/remotes/main [8ms]
2024-06-19 08:55:23.502 [info] > git status -z -uall [381ms]
2024-06-19 08:55:28.737 [info] > git config --get commit.template [12ms]
2024-06-19 08:55:28.742 [info] > git for-each-ref --format=%(refname)%00%(upstream:short)%00%(objectname)%00%(upstream:track)%00%(upstream:remotename)%00%(upstream:remoteref) refs/heads/main refs/remotes/main [6ms]
2024-06-19 08:55:29.101 [info] > git status -z -uall [347ms]
2024-06-19 08:55:34.397 [info] > git config --get commit.template [17ms]
2024-06-19 08:55:34.404 [info] > git for-each-ref --format=%(refname)%00%(upstream:short)%00%(objectname)%00%(upstream:track)%00%(upstream:remotename)%00%(upstream:remoteref) refs/heads/main refs/remotes/main [11ms]
2024-06-19 08:55:34.829 [info] > git status -z -uall [408ms]
2024-06-19 08:55:39.998 [info] > git config --get commit.template [12ms]
2024-06-19 08:55:40.004 [info] > git for-each-ref --format=%(refname)%00%(upstream:short)%00%(objectname)%00%(upstream:track)%00%(upstream:remotename)%00%(upstream:remoteref) refs/heads/main refs/remotes/main [7ms]
2024-06-19 08:55:40.344 [info] > git status -z -uall [330ms]
2024-06-19 08:55:45.675 [info] > git config --get commit.template [15ms]
2024-06-19 08:55:45.681 [info] > git for-each-ref --format=%(refname)%00%(upstream:short)%00%(objectname)%00%(upstream:track)%00%(upstream:remotename)%00%(upstream:remoteref) refs/heads/main refs/remotes/main [8ms]
2024-06-19 08:55:46.055 [info] > git status -z -uall [365ms]
2024-06-19 08:55:59.189 [info] > git config --get commit.template [18ms]
2024-06-19 08:55:59.200 [info] > git for-each-ref --format=%(refname)%00%(upstream:short)%00%(objectname)%00%(upstream:track)%00%(upstream:remotename)%00%(upstream:remoteref) refs/heads/main refs/remotes/main [12ms]
2024-06-19 08:55:59.570 [info] > git status -z -uall [360ms]
2024-06-19 08:56:04.797 [info] > git config --get commit.template [33ms]
2024-06-19 08:56:04.816 [info] > git for-each-ref --format=%(refname)%00%(upstream:short)%00%(objectname)%00%(upstream:track)%00%(upstream:remotename)%00%(upstream:remoteref) refs/heads/main refs/remotes/main [24ms]
2024-06-19 08:56:05.281 [info] > git status -z -uall [446ms]
2024-06-19 08:56:08.507 [info] > git config --get commit.template [13ms]
2024-06-19 08:56:08.513 [info] > git for-each-ref --format=%(refname)%00%(upstream:short)%00%(objectname)%00%(upstream:track)%00%(upstream:remotename)%00%(upstream:remoteref) refs/heads/master refs/remotes/master [6ms]
2024-06-19 08:56:08.529 [info] > git status -z -uall [8ms]
2024-06-19 08:56:10.523 [info] > git config --get commit.template [20ms]
2024-06-19 08:56:10.534 [info] > git for-each-ref --format=%(refname)%00%(upstream:short)%00%(objectname)%00%(upstream:track)%00%(upstream:remotename)%00%(upstream:remoteref) refs/heads/main refs/remotes/main [5ms]
2024-06-19 08:56:10.944 [info] > git status -z -uall [382ms]
2024-06-19 08:56:14.586 [info] > git config --get commit.template [13ms]
2024-06-19 08:56:14.592 [info] > git for-each-ref --format=%(refname)%00%(upstream:short)%00%(objectname)%00%(upstream:track)%00%(upstream:remotename)%00%(upstream:remoteref) refs/heads/master refs/remotes/master [7ms]
2024-06-19 08:56:14.607 [info] > git status -z -uall [6ms]
2024-06-19 08:56:19.632 [info] > git config --get commit.template [14ms]
2024-06-19 08:56:19.638 [info] > git for-each-ref --format=%(refname)%00%(upstream:short)%00%(objectname)%00%(upstream:track)%00%(upstream:remotename)%00%(upstream:remoteref) refs/heads/master refs/remotes/master [7ms]
2024-06-19 08:56:19.668 [info] > git status -z -uall [14ms]
2024-06-19 08:56:20.644 [info] > git config --get commit.template [15ms]
2024-06-19 08:56:20.647 [info] > git for-each-ref --format=%(refname)%00%(upstream:short)%00%(objectname)%00%(upstream:track)%00%(upstream:remotename)%00%(upstream:remoteref) refs/heads/main refs/remotes/main [6ms]
2024-06-19 08:56:20.972 [info] > git status -z -uall [316ms]
2024-06-19 08:56:24.692 [info] > git config --get commit.template [10ms]
2024-06-19 08:56:24.694 [info] > git for-each-ref --format=%(refname)%00%(upstream:short)%00%(objectname)%00%(upstream:track)%00%(upstream:remotename)%00%(upstream:remoteref) refs/heads/master refs/remotes/master [3ms]
2024-06-19 08:56:24.708 [info] > git status -z -uall [6ms]
2024-06-19 08:56:26.200 [info] > git config --get commit.template [8ms]
2024-06-19 08:56:26.204 [info] > git for-each-ref --format=%(refname)%00%(upstream:short)%00%(objectname)%00%(upstream:track)%00%(upstream:remotename)%00%(upstream:remoteref) refs/heads/main refs/remotes/main [4ms]
2024-06-19 08:56:26.543 [info] > git status -z -uall [331ms]
2024-06-19 08:56:31.743 [info] > git config --get commit.template [14ms]
2024-06-19 08:56:31.749 [info] > git for-each-ref --format=%(refname)%00%(upstream:short)%00%(objectname)%00%(upstream:track)%00%(upstream:remotename)%00%(upstream:remoteref) refs/heads/main refs/remotes/main [8ms]
2024-06-19 08:56:32.075 [info] > git status -z -uall [316ms]
2024-06-19 08:56:36.327 [info] > git config --get commit.template [22ms]
2024-06-19 08:56:36.329 [info] > git for-each-ref --format=%(refname)%00%(upstream:short)%00%(objectname)%00%(upstream:track)%00%(upstream:remotename)%00%(upstream:remoteref) refs/heads/master refs/remotes/master [3ms]
2024-06-19 08:56:36.352 [info] > git status -z -uall [7ms]
2024-06-19 08:56:37.247 [info] > git config --get commit.template [9ms]
2024-06-19 08:56:37.250 [info] > git for-each-ref --format=%(refname)%00%(upstream:short)%00%(objectname)%00%(upstream:track)%00%(upstream:remotename)%00%(upstream:remoteref) refs/heads/main refs/remotes/main [4ms]
2024-06-19 08:56:37.544 [info] > git status -z -uall [286ms]
2024-06-19 08:56:41.378 [info] > git config --get commit.template [10ms]
2024-06-19 08:56:41.380 [info] > git for-each-ref --format=%(refname)%00%(upstream:short)%00%(objectname)%00%(upstream:track)%00%(upstream:remotename)%00%(upstream:remoteref) refs/heads/master refs/remotes/master [5ms]
2024-06-19 08:56:41.394 [info] > git status -z -uall [7ms]
2024-06-19 08:56:42.706 [info] > git config --get commit.template [9ms]
2024-06-19 08:56:42.710 [info] > git for-each-ref --format=%(refname)%00%(upstream:short)%00%(objectname)%00%(upstream:track)%00%(upstream:remotename)%00%(upstream:remoteref) refs/heads/main refs/remotes/main [5ms]
2024-06-19 08:56:42.979 [info] > git status -z -uall [261ms]
2024-06-19 08:56:46.424 [info] > git config --get commit.template [12ms]
2024-06-19 08:56:46.428 [info] > git for-each-ref --format=%(refname)%00%(upstream:short)%00%(objectname)%00%(upstream:track)%00%(upstream:remotename)%00%(upstream:remoteref) refs/heads/master refs/remotes/master [6ms]
2024-06-19 08:56:46.447 [info] > git status -z -uall [7ms]
2024-06-19 08:56:48.153 [info] > git config --get commit.template [3ms]
2024-06-19 08:56:48.171 [info] > git for-each-ref --format=%(refname)%00%(upstream:short)%00%(objectname)%00%(upstream:track)%00%(upstream:remotename)%00%(upstream:remoteref) refs/heads/main refs/remotes/main [10ms]
2024-06-19 08:56:48.645 [info] > git status -z -uall [421ms]
2024-06-19 08:56:51.467 [info] > git config --get commit.template [9ms]
2024-06-19 08:56:51.469 [info] > git for-each-ref --format=%(refname)%00%(upstream:short)%00%(objectname)%00%(upstream:track)%00%(upstream:remotename)%00%(upstream:remoteref) refs/heads/master refs/remotes/master [3ms]
2024-06-19 08:56:51.488 [info] > git status -z -uall [6ms]
2024-06-19 08:56:53.863 [info] > git config --get commit.template [10ms]
2024-06-19 08:56:53.871 [info] > git for-each-ref --format=%(refname)%00%(upstream:short)%00%(objectname)%00%(upstream:track)%00%(upstream:remotename)%00%(upstream:remoteref) refs/heads/main refs/remotes/main [9ms]
2024-06-19 08:56:54.203 [info] > git status -z -uall [322ms]
2024-06-19 08:56:56.514 [info] > git config --get commit.template [12ms]
2024-06-19 08:56:56.517 [info] > git for-each-ref --format=%(refname)%00%(upstream:short)%00%(objectname)%00%(upstream:track)%00%(upstream:remotename)%00%(upstream:remoteref) refs/heads/master refs/remotes/master [4ms]
2024-06-19 08:56:56.535 [info] > git status -z -uall [8ms]
2024-06-19 08:56:59.433 [info] > git config --get commit.template [16ms]
2024-06-19 08:56:59.442 [info] > git for-each-ref --format=%(refname)%00%(upstream:short)%00%(objectname)%00%(upstream:track)%00%(upstream:remotename)%00%(upstream:remoteref) refs/heads/main refs/remotes/main [15ms]
2024-06-19 08:56:59.740 [info] > git status -z -uall [280ms]
2024-06-19 08:57:01.560 [info] > git config --get commit.template [12ms]
2024-06-19 08:57:01.564 [info] > git for-each-ref --format=%(refname)%00%(upstream:short)%00%(objectname)%00%(upstream:track)%00%(upstream:remotename)%00%(upstream:remoteref) refs/heads/master refs/remotes/master [5ms]
2024-06-19 08:57:01.579 [info] > git status -z -uall [6ms]
2024-06-19 08:57:04.897 [info] > git config --get commit.template [15ms]
2024-06-19 08:57:04.907 [info] > git for-each-ref --format=%(refname)%00%(upstream:short)%00%(objectname)%00%(upstream:track)%00%(upstream:remotename)%00%(upstream:remoteref) refs/heads/main refs/remotes/main [11ms]
2024-06-19 08:57:05.275 [info] > git status -z -uall [360ms]
2024-06-19 08:57:09.041 [info] > git config --get commit.template [13ms]
2024-06-19 08:57:09.046 [info] > git for-each-ref --format=%(refname)%00%(upstream:short)%00%(objectname)%00%(upstream:track)%00%(upstream:remotename)%00%(upstream:remoteref) refs/heads/master refs/remotes/master [7ms]
2024-06-19 08:57:09.072 [info] > git status -z -uall [8ms]
2024-06-19 08:57:10.469 [info] > git config --get commit.template [15ms]
2024-06-19 08:57:10.475 [info] > git for-each-ref --format=%(refname)%00%(upstream:short)%00%(objectname)%00%(upstream:track)%00%(upstream:remotename)%00%(upstream:remoteref) refs/heads/main refs/remotes/main [7ms]
2024-06-19 08:57:10.802 [info] > git status -z -uall [311ms]
2024-06-19 08:57:14.093 [info] > git config --get commit.template [9ms]
2024-06-19 08:57:14.096 [info] > git for-each-ref --format=%(refname)%00%(upstream:short)%00%(objectname)%00%(upstream:track)%00%(upstream:remotename)%00%(upstream:remoteref) refs/heads/master refs/remotes/master [4ms]
2024-06-19 08:57:14.110 [info] > git status -z -uall [6ms]
2024-06-19 08:57:16.149 [info] > git config --get commit.template [10ms]
2024-06-19 08:57:16.154 [info] > git for-each-ref --format=%(refname)%00%(upstream:short)%00%(objectname)%00%(upstream:track)%00%(upstream:remotename)%00%(upstream:remoteref) refs/heads/main refs/remotes/main [6ms]
2024-06-19 08:57:16.545 [info] > git status -z -uall [377ms]
2024-06-19 08:57:19.139 [info] > git config --get commit.template [16ms]
2024-06-19 08:57:19.144 [info] > git for-each-ref --format=%(refname)%00%(upstream:short)%00%(objectname)%00%(upstream:track)%00%(upstream:remotename)%00%(upstream:remoteref) refs/heads/master refs/remotes/master [6ms]
2024-06-19 08:57:19.175 [info] > git status -z -uall [12ms]
2024-06-19 08:57:21.710 [info] > git config --get commit.template [16ms]
2024-06-19 08:57:21.713 [info] > git for-each-ref --format=%(refname)%00%(upstream:short)%00%(objectname)%00%(upstream:track)%00%(upstream:remotename)%00%(upstream:remoteref) refs/heads/main refs/remotes/main [4ms]
2024-06-19 08:57:22.029 [info] > git status -z -uall [307ms]
2024-06-19 08:57:27.288 [info] > git config --get commit.template [15ms]
2024-06-19 08:57:27.292 [info] > git for-each-ref --format=%(refname)%00%(upstream:short)%00%(objectname)%00%(upstream:track)%00%(upstream:remotename)%00%(upstream:remoteref) refs/heads/main refs/remotes/main [5ms]
2024-06-19 08:57:27.646 [info] > git status -z -uall [335ms]
2024-06-19 08:57:32.820 [info] > git config --get commit.template [10ms]
2024-06-19 08:57:32.824 [info] > git for-each-ref --format=%(refname)%00%(upstream:short)%00%(objectname)%00%(upstream:track)%00%(upstream:remotename)%00%(upstream:remoteref) refs/heads/main refs/remotes/main [5ms]
2024-06-19 08:57:33.255 [info] > git status -z -uall [413ms]
2024-06-19 08:57:35.037 [info] > git config --get commit.template [4ms]
2024-06-19 08:57:35.056 [info] > git for-each-ref --format=%(refname)%00%(upstream:short)%00%(objectname)%00%(upstream:track)%00%(upstream:remotename)%00%(upstream:remoteref) refs/heads/master refs/remotes/master [9ms]
2024-06-19 08:57:35.073 [info] > git status -z -uall [8ms]
2024-06-19 08:57:40.121 [info] > git config --get commit.template [30ms]
2024-06-19 08:57:40.130 [info] > git for-each-ref --format=%(refname)%00%(upstream:short)%00%(objectname)%00%(upstream:track)%00%(upstream:remotename)%00%(upstream:remoteref) refs/heads/master refs/remotes/master [10ms]
2024-06-19 08:57:40.156 [info] > git status -z -uall [16ms]
2024-06-19 08:57:42.150 [info] > git config --get commit.template [16ms]
2024-06-19 08:57:42.154 [info] > git for-each-ref --format=%(refname)%00%(upstream:short)%00%(objectname)%00%(upstream:track)%00%(upstream:remotename)%00%(upstream:remoteref) refs/heads/main refs/remotes/main [3ms]
2024-06-19 08:57:42.487 [info] > git status -z -uall [326ms]
2024-06-19 08:57:47.771 [info] > git config --get commit.template [13ms]
2024-06-19 08:57:47.776 [info] > git for-each-ref --format=%(refname)%00%(upstream:short)%00%(objectname)%00%(upstream:track)%00%(upstream:remotename)%00%(upstream:remoteref) refs/heads/main refs/remotes/main [7ms]
2024-06-19 08:57:48.105 [info] > git status -z -uall [319ms]
2024-06-19 08:57:51.567 [info] > git config --get commit.template [11ms]
2024-06-19 08:57:51.570 [info] > git for-each-ref --format=%(refname)%00%(upstream:short)%00%(objectname)%00%(upstream:track)%00%(upstream:remotename)%00%(upstream:remoteref) refs/heads/master refs/remotes/master [5ms]
2024-06-19 08:57:51.597 [info] > git status -z -uall [10ms]
2024-06-19 08:57:55.867 [info] > git config --get commit.template [17ms]
2024-06-19 08:57:55.872 [info] > git for-each-ref --format=%(refname)%00%(upstream:short)%00%(objectname)%00%(upstream:track)%00%(upstream:remotename)%00%(upstream:remoteref) refs/heads/main refs/remotes/main [6ms]
2024-06-19 08:57:56.176 [info] > git status -z -uall [295ms]
2024-06-19 08:57:57.969 [info] > git config --get commit.template [13ms]
2024-06-19 08:57:57.969 [info] > git for-each-ref --format=%(refname)%00%(upstream:short)%00%(objectname)%00%(upstream:track)%00%(upstream:remotename)%00%(upstream:remoteref) refs/heads/master refs/remotes/master [5ms]
2024-06-19 08:57:57.993 [info] > git status -z -uall [11ms]
2024-06-19 08:58:01.387 [info] > git config --get commit.template [12ms]
2024-06-19 08:58:01.394 [info] > git for-each-ref --format=%(refname)%00%(upstream:short)%00%(objectname)%00%(upstream:track)%00%(upstream:remotename)%00%(upstream:remoteref) refs/heads/main refs/remotes/main [8ms]
2024-06-19 08:58:01.674 [info] > git status -z -uall [271ms]
2024-06-19 08:58:03.399 [info] > git config --get commit.template [11ms]
2024-06-19 08:58:03.405 [info] > git for-each-ref --format=%(refname)%00%(upstream:short)%00%(objectname)%00%(upstream:track)%00%(upstream:remotename)%00%(upstream:remoteref) refs/heads/master refs/remotes/master [7ms]
2024-06-19 08:58:03.421 [info] > git status -z -uall [5ms]
2024-06-19 08:58:06.879 [info] > git config --get commit.template [10ms]
2024-06-19 08:58:06.884 [info] > git for-each-ref --format=%(refname)%00%(upstream:short)%00%(objectname)%00%(upstream:track)%00%(upstream:remotename)%00%(upstream:remoteref) refs/heads/main refs/remotes/main [6ms]
2024-06-19 08:58:07.561 [info] > git status -z -uall [666ms]
2024-06-19 08:58:11.114 [info] > git config --get commit.template [13ms]
2024-06-19 08:58:11.118 [info] > git for-each-ref --format=%(refname)%00%(upstream:short)%00%(objectname)%00%(upstream:track)%00%(upstream:remotename)%00%(upstream:remoteref) refs/heads/master refs/remotes/master [5ms]
2024-06-19 08:58:11.132 [info] > git status -z -uall [6ms]
2024-06-19 08:58:12.850 [info] > git config --get commit.template [16ms]
2024-06-19 08:58:12.854 [info] > git for-each-ref --format=%(refname)%00%(upstream:short)%00%(objectname)%00%(upstream:track)%00%(upstream:remotename)%00%(upstream:remoteref) refs/heads/main refs/remotes/main [5ms]
2024-06-19 08:58:13.176 [info] > git status -z -uall [314ms]
2024-06-19 08:58:16.713 [info] > git config --get commit.template [18ms]
2024-06-19 08:58:16.715 [info] > git for-each-ref --format=%(refname)%00%(upstream:short)%00%(objectname)%00%(upstream:track)%00%(upstream:remotename)%00%(upstream:remoteref) refs/heads/master refs/remotes/master [3ms]
2024-06-19 08:58:16.729 [info] > git status -z -uall [6ms]
2024-06-19 08:58:18.485 [info] > git config --get commit.template [13ms]
2024-06-19 08:58:18.488 [info] > git for-each-ref --format=%(refname)%00%(upstream:short)%00%(objectname)%00%(upstream:track)%00%(upstream:remotename)%00%(upstream:remoteref) refs/heads/main refs/remotes/main [4ms]
2024-06-19 08:58:18.865 [info] > git status -z -uall [366ms]
2024-06-19 08:58:23.574 [info] > git config --get commit.template [14ms]
2024-06-19 08:58:23.580 [info] > git for-each-ref --format=%(refname)%00%(upstream:short)%00%(objectname)%00%(upstream:track)%00%(upstream:remotename)%00%(upstream:remoteref) refs/heads/master refs/remotes/master [7ms]
2024-06-19 08:58:23.604 [info] > git status -z -uall [14ms]
2024-06-19 08:58:24.069 [info] > git config --get commit.template [15ms]
2024-06-19 08:58:24.079 [info] > git for-each-ref --format=%(refname)%00%(upstream:short)%00%(objectname)%00%(upstream:track)%00%(upstream:remotename)%00%(upstream:remoteref) refs/heads/main refs/remotes/main [11ms]
2024-06-19 08:58:24.411 [info] > git status -z -uall [319ms]
2024-06-19 08:58:29.612 [info] > git config --get commit.template [15ms]
2024-06-19 08:58:29.620 [info] > git for-each-ref --format=%(refname)%00%(upstream:short)%00%(objectname)%00%(upstream:track)%00%(upstream:remotename)%00%(upstream:remoteref) refs/heads/main refs/remotes/main [10ms]
2024-06-19 08:58:30.046 [info] > git status -z -uall [412ms]
2024-06-19 08:58:33.793 [info] > git config --get commit.template [17ms]
2024-06-19 08:58:33.797 [info] > git for-each-ref --format=%(refname)%00%(upstream:short)%00%(objectname)%00%(upstream:track)%00%(upstream:remotename)%00%(upstream:remoteref) refs/heads/master refs/remotes/master [5ms]
2024-06-19 08:58:33.814 [info] > git status -z -uall [6ms]
2024-06-19 08:58:35.248 [info] > git config --get commit.template [15ms]
2024-06-19 08:58:35.255 [info] > git for-each-ref --format=%(refname)%00%(upstream:short)%00%(objectname)%00%(upstream:track)%00%(upstream:remotename)%00%(upstream:remoteref) refs/heads/main refs/remotes/main [9ms]
2024-06-19 08:58:35.567 [info] > git status -z -uall [302ms]
2024-06-19 08:58:39.762 [info] > git config --get commit.template [13ms]
2024-06-19 08:58:39.781 [info] > git for-each-ref --format=%(refname)%00%(upstream:short)%00%(objectname)%00%(upstream:track)%00%(upstream:remotename)%00%(upstream:remoteref) refs/heads/master refs/remotes/master [20ms]
2024-06-19 08:58:39.803 [info] > git status -z -uall [9ms]
2024-06-19 08:58:40.743 [info] > git config --get commit.template [17ms]
2024-06-19 08:58:40.754 [info] > git for-each-ref --format=%(refname)%00%(upstream:short)%00%(objectname)%00%(upstream:track)%00%(upstream:remotename)%00%(upstream:remoteref) refs/heads/main refs/remotes/main [11ms]
2024-06-19 08:58:41.276 [info] > git status -z -uall [507ms]
2024-06-19 08:58:44.839 [info] > git config --get commit.template [16ms]
2024-06-19 08:58:44.842 [info] > git for-each-ref --format=%(refname)%00%(upstream:short)%00%(objectname)%00%(upstream:track)%00%(upstream:remotename)%00%(upstream:remoteref) refs/heads/master refs/remotes/master [4ms]
2024-06-19 08:58:44.865 [info] > git status -z -uall [6ms]
2024-06-19 08:58:46.538 [info] > git config --get commit.template [16ms]
2024-06-19 08:58:46.545 [info] > git for-each-ref --format=%(refname)%00%(upstream:short)%00%(objectname)%00%(upstream:track)%00%(upstream:remotename)%00%(upstream:remoteref) refs/heads/main refs/remotes/main [8ms]
2024-06-19 08:58:46.886 [info] > git status -z -uall [334ms]
2024-06-19 08:58:50.012 [info] > git config --get commit.template [17ms]
2024-06-19 08:58:50.020 [info] > git for-each-ref --format=%(refname)%00%(upstream:short)%00%(objectname)%00%(upstream:track)%00%(upstream:remotename)%00%(upstream:remoteref) refs/heads/master refs/remotes/master [9ms]
2024-06-19 08:58:50.046 [info] > git status -z -uall [14ms]
2024-06-19 08:58:52.076 [info] > git config --get commit.template [9ms]
2024-06-19 08:58:52.080 [info] > git for-each-ref --format=%(refname)%00%(upstream:short)%00%(objectname)%00%(upstream:track)%00%(upstream:remotename)%00%(upstream:remoteref) refs/heads/main refs/remotes/main [4ms]
2024-06-19 08:58:52.442 [info] > git status -z -uall [353ms]
2024-06-19 08:58:57.636 [info] > git config --get commit.template [11ms]
2024-06-19 08:58:57.641 [info] > git for-each-ref --format=%(refname)%00%(upstream:short)%00%(objectname)%00%(upstream:track)%00%(upstream:remotename)%00%(upstream:remoteref) refs/heads/main refs/remotes/main [6ms]
2024-06-19 08:58:57.986 [info] > git config --get commit.template [18ms]
2024-06-19 08:58:57.997 [info] > git for-each-ref --format=%(refname)%00%(upstream:short)%00%(objectname)%00%(upstream:track)%00%(upstream:remotename)%00%(upstream:remoteref) refs/heads/master refs/remotes/master [13ms]
2024-06-19 08:58:58.006 [info] > git status -z -uall [356ms]
2024-06-19 08:58:59.884 [info] > git status -z -uall [1878ms]
2024-06-19 08:59:03.236 [info] > git config --get commit.template [16ms]
2024-06-19 08:59:03.243 [info] > git for-each-ref --format=%(refname)%00%(upstream:short)%00%(objectname)%00%(upstream:track)%00%(upstream:remotename)%00%(upstream:remoteref) refs/heads/main refs/remotes/main [8ms]
2024-06-19 08:59:03.621 [info] > git status -z -uall [366ms]
2024-06-19 09:00:56.272 [info] > git config --get commit.template [14ms]
2024-06-19 09:00:56.281 [info] > git for-each-ref --format=%(refname)%00%(upstream:short)%00%(objectname)%00%(upstream:track)%00%(upstream:remotename)%00%(upstream:remoteref) refs/heads/main refs/remotes/main [11ms]
2024-06-19 09:00:56.632 [info] > git status -z -uall [335ms]
2024-06-19 09:01:01.869 [info] > git config --get commit.template [11ms]
2024-06-19 09:01:01.872 [info] > git for-each-ref --format=%(refname)%00%(upstream:short)%00%(objectname)%00%(upstream:track)%00%(upstream:remotename)%00%(upstream:remoteref) refs/heads/main refs/remotes/main [5ms]
2024-06-19 09:01:02.225 [info] > git status -z -uall [346ms]
2024-06-19 09:01:07.398 [info] > git config --get commit.template [14ms]
2024-06-19 09:01:07.405 [info] > git for-each-ref --format=%(refname)%00%(upstream:short)%00%(objectname)%00%(upstream:track)%00%(upstream:remotename)%00%(upstream:remoteref) refs/heads/main refs/remotes/main [8ms]
2024-06-19 09:01:07.738 [info] > git status -z -uall [320ms]
2024-06-19 09:01:45.669 [info] > git for-each-ref --format=%(refname)%00%(upstream:short)%00%(objectname)%00%(upstream:track)%00%(upstream:remotename)%00%(upstream:remoteref) refs/heads/main refs/remotes/main [1ms]
2024-06-19 09:01:45.669 [info] > git config --get commit.template [23ms]
2024-06-19 09:01:46.020 [info] > git status -z -uall [286ms]
2024-06-19 09:01:51.245 [info] > git config --get commit.template [9ms]
2024-06-19 09:01:51.248 [info] > git for-each-ref --format=%(refname)%00%(upstream:short)%00%(objectname)%00%(upstream:track)%00%(upstream:remotename)%00%(upstream:remoteref) refs/heads/main refs/remotes/main [5ms]
2024-06-19 09:01:51.523 [info] > git status -z -uall [267ms]
2024-06-19 09:01:54.099 [info] > git config --get commit.template [20ms]
2024-06-19 09:01:54.110 [info] > git for-each-ref --format=%(refname)%00%(upstream:short)%00%(objectname)%00%(upstream:track)%00%(upstream:remotename)%00%(upstream:remoteref) refs/heads/master refs/remotes/master [12ms]
2024-06-19 09:01:54.147 [info] > git status -z -uall [17ms]
2024-06-19 09:01:56.687 [info] > git for-each-ref --format=%(refname)%00%(upstream:short)%00%(objectname)%00%(upstream:track)%00%(upstream:remotename)%00%(upstream:remoteref) refs/heads/main refs/remotes/main [2ms]
2024-06-19 09:01:56.688 [info] > git config --get commit.template [24ms]
2024-06-19 09:01:57.067 [info] > git status -z -uall [366ms]
2024-06-19 09:02:00.490 [info] > git config --get commit.template [11ms]
2024-06-19 09:02:00.492 [info] > git for-each-ref --format=%(refname)%00%(upstream:short)%00%(objectname)%00%(upstream:track)%00%(upstream:remotename)%00%(upstream:remoteref) refs/heads/master refs/remotes/master [3ms]
2024-06-19 09:02:00.505 [info] > git status -z -uall [5ms]
2024-06-19 09:02:02.229 [info] > git config --get commit.template [16ms]
2024-06-19 09:02:02.240 [info] > git for-each-ref --format=%(refname)%00%(upstream:short)%00%(objectname)%00%(upstream:track)%00%(upstream:remotename)%00%(upstream:remoteref) refs/heads/main refs/remotes/main [12ms]
2024-06-19 09:02:02.557 [info] > git status -z -uall [294ms]
2024-06-19 09:02:05.524 [info] > git config --get commit.template [9ms]
2024-06-19 09:02:05.526 [info] > git for-each-ref --format=%(refname)%00%(upstream:short)%00%(objectname)%00%(upstream:track)%00%(upstream:remotename)%00%(upstream:remoteref) refs/heads/master refs/remotes/master [3ms]
2024-06-19 09:02:05.540 [info] > git status -z -uall [6ms]
2024-06-19 09:02:07.763 [info] > git config --get commit.template [15ms]
2024-06-19 09:02:07.766 [info] > git for-each-ref --format=%(refname)%00%(upstream:short)%00%(objectname)%00%(upstream:track)%00%(upstream:remotename)%00%(upstream:remoteref) refs/heads/main refs/remotes/main [6ms]
2024-06-19 09:02:08.196 [info] > git status -z -uall [421ms]
2024-06-19 09:02:10.560 [info] > git config --get commit.template [2ms]
2024-06-19 09:02:10.575 [info] > git for-each-ref --format=%(refname)%00%(upstream:short)%00%(objectname)%00%(upstream:track)%00%(upstream:remotename)%00%(upstream:remoteref) refs/heads/master refs/remotes/master [5ms]
2024-06-19 09:02:10.596 [info] > git status -z -uall [8ms]
2024-06-19 09:02:13.377 [info] > git config --get commit.template [10ms]
2024-06-19 09:02:13.381 [info] > git for-each-ref --format=%(refname)%00%(upstream:short)%00%(objectname)%00%(upstream:track)%00%(upstream:remotename)%00%(upstream:remoteref) refs/heads/main refs/remotes/main [5ms]
2024-06-19 09:02:13.702 [info] > git status -z -uall [309ms]
2024-06-19 09:02:16.431 [info] > git config --get commit.template [10ms]
2024-06-19 09:02:16.433 [info] > git for-each-ref --format=%(refname)%00%(upstream:short)%00%(objectname)%00%(upstream:track)%00%(upstream:remotename)%00%(upstream:remoteref) refs/heads/master refs/remotes/master [4ms]
2024-06-19 09:02:16.448 [info] > git status -z -uall [6ms]
2024-06-19 09:02:41.572 [info] > git config --get commit.template [9ms]
2024-06-19 09:02:41.575 [info] > git for-each-ref --format=%(refname)%00%(upstream:short)%00%(objectname)%00%(upstream:track)%00%(upstream:remotename)%00%(upstream:remoteref) refs/heads/main refs/remotes/main [4ms]
2024-06-19 09:02:41.887 [info] > git status -z -uall [304ms]
2024-06-19 09:02:47.167 [info] > git config --get commit.template [2ms]
2024-06-19 09:02:47.179 [info] > git for-each-ref --format=%(refname)%00%(upstream:short)%00%(objectname)%00%(upstream:track)%00%(upstream:remotename)%00%(upstream:remoteref) refs/heads/main refs/remotes/main [4ms]
2024-06-19 09:02:47.468 [info] > git status -z -uall [280ms]
2024-06-19 09:02:52.626 [info] > git config --get commit.template [14ms]
2024-06-19 09:02:52.634 [info] > git for-each-ref --format=%(refname)%00%(upstream:short)%00%(objectname)%00%(upstream:track)%00%(upstream:remotename)%00%(upstream:remoteref) refs/heads/main refs/remotes/main [9ms]
2024-06-19 09:02:52.979 [info] > git status -z -uall [335ms]
2024-06-19 09:02:58.155 [info] > git config --get commit.template [12ms]
2024-06-19 09:02:58.160 [info] > git for-each-ref --format=%(refname)%00%(upstream:short)%00%(objectname)%00%(upstream:track)%00%(upstream:remotename)%00%(upstream:remoteref) refs/heads/main refs/remotes/main [5ms]
2024-06-19 09:02:58.410 [info] > git status -z -uall [243ms]
2024-06-19 09:03:03.553 [info] > git config --get commit.template [17ms]
2024-06-19 09:03:03.557 [info] > git for-each-ref --format=%(refname)%00%(upstream:short)%00%(objectname)%00%(upstream:track)%00%(upstream:remotename)%00%(upstream:remoteref) refs/heads/main refs/remotes/main [5ms]
2024-06-19 09:03:03.892 [info] > git status -z -uall [325ms]
2024-06-19 09:03:09.072 [info] > git config --get commit.template [15ms]
2024-06-19 09:03:09.073 [info] > git for-each-ref --format=%(refname)%00%(upstream:short)%00%(objectname)%00%(upstream:track)%00%(upstream:remotename)%00%(upstream:remoteref) refs/heads/main refs/remotes/main [4ms]
2024-06-19 09:03:09.381 [info] > git status -z -uall [297ms]
2024-06-19 09:03:14.549 [info] > git config --get commit.template [9ms]
2024-06-19 09:03:14.552 [info] > git for-each-ref --format=%(refname)%00%(upstream:short)%00%(objectname)%00%(upstream:track)%00%(upstream:remotename)%00%(upstream:remoteref) refs/heads/main refs/remotes/main [4ms]
2024-06-19 09:03:14.888 [info] > git status -z -uall [329ms]
2024-06-19 09:03:32.322 [info] > git config --get commit.template [2ms]
2024-06-19 09:03:32.322 [info] > git config --get commit.template [17ms]
2024-06-19 09:03:32.343 [info] > git for-each-ref --format=%(refname)%00%(upstream:short)%00%(objectname)%00%(upstream:track)%00%(upstream:remotename)%00%(upstream:remoteref) refs/heads/master refs/remotes/master [12ms]
2024-06-19 09:03:32.356 [info] > git for-each-ref --format=%(refname)%00%(upstream:short)%00%(objectname)%00%(upstream:track)%00%(upstream:remotename)%00%(upstream:remoteref) refs/heads/main refs/remotes/main [14ms]
2024-06-19 09:03:32.372 [info] > git status -z -uall [18ms]
2024-06-19 09:03:32.734 [info] > git status -z -uall [363ms]
2024-06-19 09:03:55.479 [info] > git config --get commit.template [12ms]
2024-06-19 09:03:55.485 [info] > git for-each-ref --format=%(refname)%00%(upstream:short)%00%(objectname)%00%(upstream:track)%00%(upstream:remotename)%00%(upstream:remoteref) refs/heads/main refs/remotes/main [7ms]
2024-06-19 09:03:55.809 [info] > git status -z -uall [307ms]
2024-06-19 09:04:00.875 [info] > git check-ignore -v -z --stdin [3ms]
2024-06-19 09:04:01.047 [info] > git config --get commit.template [9ms]
2024-06-19 09:04:01.054 [info] > git for-each-ref --format=%(refname)%00%(upstream:short)%00%(objectname)%00%(upstream:track)%00%(upstream:remotename)%00%(upstream:remoteref) refs/heads/main refs/remotes/main [7ms]
2024-06-19 09:04:01.411 [info] > git status -z -uall [347ms]
2024-06-19 09:04:03.688 [info] > git check-ignore -v -z --stdin [10ms]
2024-06-19 09:04:03.689 [info] > git check-ignore -v -z --stdin [3ms]
2024-06-19 09:04:06.608 [info] > git config --get commit.template [12ms]
2024-06-19 09:04:06.624 [info] > git for-each-ref --format=%(refname)%00%(upstream:short)%00%(objectname)%00%(upstream:track)%00%(upstream:remotename)%00%(upstream:remoteref) refs/heads/main refs/remotes/main [18ms]
2024-06-19 09:04:06.971 [info] > git status -z -uall [333ms]
2024-06-19 09:04:12.156 [info] > git config --get commit.template [15ms]
2024-06-19 09:04:12.159 [info] > git for-each-ref --format=%(refname)%00%(upstream:short)%00%(objectname)%00%(upstream:track)%00%(upstream:remotename)%00%(upstream:remoteref) refs/heads/main refs/remotes/main [4ms]
2024-06-19 09:04:12.504 [info] > git status -z -uall [335ms]
2024-06-19 09:04:17.730 [info] > git config --get commit.template [13ms]
2024-06-19 09:04:17.734 [info] > git for-each-ref --format=%(refname)%00%(upstream:short)%00%(objectname)%00%(upstream:track)%00%(upstream:remotename)%00%(upstream:remoteref) refs/heads/main refs/remotes/main [5ms]
2024-06-19 09:04:18.077 [info] > git status -z -uall [333ms]
2024-06-19 09:04:23.245 [info] > git config --get commit.template [13ms]
2024-06-19 09:04:23.248 [info] > git for-each-ref --format=%(refname)%00%(upstream:short)%00%(objectname)%00%(upstream:track)%00%(upstream:remotename)%00%(upstream:remoteref) refs/heads/main refs/remotes/main [4ms]
2024-06-19 09:04:23.599 [info] > git status -z -uall [343ms]
2024-06-19 09:04:27.074 [info] > git check-ignore -v -z --stdin [5ms]
2024-06-19 09:04:27.795 [info] > git show --textconv :projet/frontend/src/styles/components/ErrorButton.tsx [9ms]
2024-06-19 09:04:27.801 [info] > git ls-files --stage -- /home/student/S03_challenge_E05_suspense-cedricRGT45/projet/frontend/src/styles/components/ErrorButton.tsx [6ms]
2024-06-19 09:04:30.856 [info] > git config --get commit.template [16ms]
2024-06-19 09:04:30.883 [info] > git for-each-ref --format=%(refname)%00%(upstream:short)%00%(objectname)%00%(upstream:track)%00%(upstream:remotename)%00%(upstream:remoteref) refs/heads/master refs/remotes/master [16ms]
2024-06-19 09:04:30.883 [info] > git config --get commit.template [28ms]
2024-06-19 09:04:30.900 [info] > git for-each-ref --format=%(refname)%00%(upstream:short)%00%(objectname)%00%(upstream:track)%00%(upstream:remotename)%00%(upstream:remoteref) refs/heads/main refs/remotes/main [19ms]
2024-06-19 09:04:30.920 [info] > git status -z -uall [28ms]
2024-06-19 09:04:31.229 [info] > git status -z -uall [310ms]
2024-06-19 09:04:35.965 [info] > git config --get commit.template [19ms]
2024-06-19 09:04:35.967 [info] > git for-each-ref --format=%(refname)%00%(upstream:short)%00%(objectname)%00%(upstream:track)%00%(upstream:remotename)%00%(upstream:remoteref) refs/heads/master refs/remotes/master [5ms]
2024-06-19 09:04:36.001 [info] > git status -z -uall [5ms]
2024-06-19 09:04:36.410 [info] > git config --get commit.template [10ms]
2024-06-19 09:04:36.414 [info] > git for-each-ref --format=%(refname)%00%(upstream:short)%00%(objectname)%00%(upstream:track)%00%(upstream:remotename)%00%(upstream:remoteref) refs/heads/main refs/remotes/main [5ms]
2024-06-19 09:04:36.724 [info] > git status -z -uall [292ms]
2024-06-19 09:04:41.024 [info] > git config --get commit.template [10ms]
2024-06-19 09:04:41.026 [info] > git for-each-ref --format=%(refname)%00%(upstream:short)%00%(objectname)%00%(upstream:track)%00%(upstream:remotename)%00%(upstream:remoteref) refs/heads/master refs/remotes/master [2ms]
2024-06-19 09:04:41.045 [info] > git status -z -uall [12ms]
2024-06-19 09:04:41.895 [info] > git config --get commit.template [11ms]
2024-06-19 09:04:41.898 [info] > git for-each-ref --format=%(refname)%00%(upstream:short)%00%(objectname)%00%(upstream:track)%00%(upstream:remotename)%00%(upstream:remoteref) refs/heads/main refs/remotes/main [5ms]
2024-06-19 09:04:42.193 [info] > git status -z -uall [282ms]
2024-06-19 09:04:47.381 [info] > git config --get commit.template [20ms]
2024-06-19 09:04:47.385 [info] > git for-each-ref --format=%(refname)%00%(upstream:short)%00%(objectname)%00%(upstream:track)%00%(upstream:remotename)%00%(upstream:remoteref) refs/heads/main refs/remotes/main [6ms]
2024-06-19 09:04:47.720 [info] > git status -z -uall [325ms]
2024-06-19 09:04:49.397 [info] > git config --get commit.template [23ms]
2024-06-19 09:04:49.411 [info] > git for-each-ref --format=%(refname)%00%(upstream:short)%00%(objectname)%00%(upstream:track)%00%(upstream:remotename)%00%(upstream:remoteref) refs/heads/master refs/remotes/master [7ms]
2024-06-19 09:04:49.441 [info] > git status -z -uall [11ms]
2024-06-19 09:04:52.906 [info] > git config --get commit.template [11ms]
2024-06-19 09:04:52.911 [info] > git for-each-ref --format=%(refname)%00%(upstream:short)%00%(objectname)%00%(upstream:track)%00%(upstream:remotename)%00%(upstream:remoteref) refs/heads/main refs/remotes/main [6ms]
2024-06-19 09:04:53.281 [info] > git status -z -uall [353ms]
2024-06-19 09:04:55.212 [info] > git config --get commit.template [37ms]
2024-06-19 09:04:55.233 [info] > git for-each-ref --format=%(refname)%00%(upstream:short)%00%(objectname)%00%(upstream:track)%00%(upstream:remotename)%00%(upstream:remoteref) refs/heads/master refs/remotes/master [34ms]
2024-06-19 09:04:55.322 [info] > git status -z -uall [74ms]
2024-06-19 09:04:59.273 [info] > git config --get commit.template [8ms]
2024-06-19 09:04:59.277 [info] > git for-each-ref --format=%(refname)%00%(upstream:short)%00%(objectname)%00%(upstream:track)%00%(upstream:remotename)%00%(upstream:remoteref) refs/heads/main refs/remotes/main [5ms]
2024-06-19 09:04:59.595 [info] > git status -z -uall [299ms]
2024-06-19 09:05:02.652 [info] > git show --textconv :projet/frontend/src/styles/components/ErrorBoundary.tsx [15ms]
2024-06-19 09:05:02.653 [info] > git ls-files --stage -- /home/student/S03_challenge_E05_suspense-cedricRGT45/projet/frontend/src/styles/components/ErrorBoundary.tsx [4ms]
2024-06-19 09:05:04.770 [info] > git config --get commit.template [9ms]
2024-06-19 09:05:04.771 [info] > git for-each-ref --format=%(refname)%00%(upstream:short)%00%(objectname)%00%(upstream:track)%00%(upstream:remotename)%00%(upstream:remoteref) refs/heads/main refs/remotes/main [2ms]
2024-06-19 09:05:05.059 [info] > git status -z -uall [281ms]
2024-06-19 09:05:10.224 [info] > git config --get commit.template [12ms]
2024-06-19 09:05:10.236 [info] > git for-each-ref --format=%(refname)%00%(upstream:short)%00%(objectname)%00%(upstream:track)%00%(upstream:remotename)%00%(upstream:remoteref) refs/heads/main refs/remotes/main [15ms]
2024-06-19 09:05:10.553 [info] > git status -z -uall [308ms]
2024-06-19 09:05:13.947 [info] > git check-ignore -v -z --stdin [10ms]
2024-06-19 09:05:15.368 [info] > git check-ignore -v -z --stdin [2ms]
2024-06-19 09:05:15.742 [info] > git config --get commit.template [12ms]
2024-06-19 09:05:15.752 [info] > git for-each-ref --format=%(refname)%00%(upstream:short)%00%(objectname)%00%(upstream:track)%00%(upstream:remotename)%00%(upstream:remoteref) refs/heads/main refs/remotes/main [11ms]
2024-06-19 09:05:16.122 [info] > git status -z -uall [361ms]
2024-06-19 09:05:19.112 [info] > git check-ignore -v -z --stdin [7ms]
2024-06-19 09:05:19.984 [info] > git show --textconv :projet/frontend/src/components/App/Content/Products/ErrorBoundary.tsx [39ms]
2024-06-19 09:05:19.998 [info] > git ls-files --stage -- /home/student/S03_challenge_E05_suspense-cedricRGT45/projet/frontend/src/components/App/Content/Products/ErrorBoundary.tsx [15ms]
2024-06-19 09:05:20.165 [info] > git config --get commit.template [21ms]
2024-06-19 09:05:20.183 [info] > git for-each-ref --format=%(refname)%00%(upstream:short)%00%(objectname)%00%(upstream:track)%00%(upstream:remotename)%00%(upstream:remoteref) refs/heads/master refs/remotes/master [21ms]
2024-06-19 09:05:20.214 [info] > git status -z -uall [16ms]
2024-06-19 09:05:20.421 [info] > git check-ignore -v -z --stdin [5ms]
2024-06-19 09:05:21.316 [info] > git config --get commit.template [14ms]
2024-06-19 09:05:21.337 [info] > git for-each-ref --format=%(refname)%00%(upstream:short)%00%(objectname)%00%(upstream:track)%00%(upstream:remotename)%00%(upstream:remoteref) refs/heads/main refs/remotes/main [23ms]
2024-06-19 09:05:21.918 [info] > git status -z -uall [573ms]
2024-06-19 09:05:27.118 [info] > git show --textconv :projet/frontend/src/components/App/Content/Products/Products.tsx [10ms]
2024-06-19 09:05:27.121 [info] > git ls-files --stage -- /home/student/S03_challenge_E05_suspense-cedricRGT45/projet/frontend/src/components/App/Content/Products/Products.tsx [4ms]
2024-06-19 09:05:27.132 [info] > git cat-file -s 109ba04794e66333da68cf4bc7fb747084f968f4 [3ms]
2024-06-19 09:05:27.381 [info] > git config --get commit.template [14ms]
2024-06-19 09:05:27.384 [info] > git for-each-ref --format=%(refname)%00%(upstream:short)%00%(objectname)%00%(upstream:track)%00%(upstream:remotename)%00%(upstream:remoteref) refs/heads/main refs/remotes/main [4ms]
2024-06-19 09:05:27.716 [info] > git status -z -uall [324ms]
2024-06-19 09:05:32.911 [info] > git config --get commit.template [9ms]
2024-06-19 09:05:32.914 [info] > git for-each-ref --format=%(refname)%00%(upstream:short)%00%(objectname)%00%(upstream:track)%00%(upstream:remotename)%00%(upstream:remoteref) refs/heads/main refs/remotes/main [4ms]
2024-06-19 09:05:33.352 [info] > git status -z -uall [417ms]
2024-06-19 09:05:36.773 [info] > git config --get commit.template [20ms]
2024-06-19 09:05:36.779 [info] > git for-each-ref --format=%(refname)%00%(upstream:short)%00%(objectname)%00%(upstream:track)%00%(upstream:remotename)%00%(upstream:remoteref) refs/heads/master refs/remotes/master [8ms]
2024-06-19 09:05:36.794 [info] > git status -z -uall [7ms]
2024-06-19 09:05:38.519 [info] > git config --get commit.template [15ms]
2024-06-19 09:05:38.522 [info] > git for-each-ref --format=%(refname)%00%(upstream:short)%00%(objectname)%00%(upstream:track)%00%(upstream:remotename)%00%(upstream:remoteref) refs/heads/main refs/remotes/main [10ms]
2024-06-19 09:05:38.987 [info] > git status -z -uall [457ms]
2024-06-19 09:05:41.866 [info] > git config --get commit.template [33ms]
2024-06-19 09:05:41.868 [info] > git for-each-ref --format=%(refname)%00%(upstream:short)%00%(objectname)%00%(upstream:track)%00%(upstream:remotename)%00%(upstream:remoteref) refs/heads/master refs/remotes/master [3ms]
2024-06-19 09:05:41.906 [info] > git status -z -uall [9ms]
2024-06-19 09:05:44.154 [info] > git config --get commit.template [8ms]
2024-06-19 09:05:44.158 [info] > git for-each-ref --format=%(refname)%00%(upstream:short)%00%(objectname)%00%(upstream:track)%00%(upstream:remotename)%00%(upstream:remoteref) refs/heads/main refs/remotes/main [4ms]
2024-06-19 09:05:44.506 [info] > git status -z -uall [341ms]
2024-06-19 09:05:46.924 [info] > git config --get commit.template [8ms]
2024-06-19 09:05:46.927 [info] > git for-each-ref --format=%(refname)%00%(upstream:short)%00%(objectname)%00%(upstream:track)%00%(upstream:remotename)%00%(upstream:remoteref) refs/heads/master refs/remotes/master [3ms]
2024-06-19 09:05:46.939 [info] > git status -z -uall [6ms]
2024-06-19 09:05:49.730 [info] > git config --get commit.template [8ms]
2024-06-19 09:05:49.733 [info] > git for-each-ref --format=%(refname)%00%(upstream:short)%00%(objectname)%00%(upstream:track)%00%(upstream:remotename)%00%(upstream:remoteref) refs/heads/main refs/remotes/main [4ms]
2024-06-19 09:05:50.040 [info] > git status -z -uall [300ms]
2024-06-19 09:05:52.051 [info] > git config --get commit.template [49ms]
2024-06-19 09:05:52.080 [info] > git for-each-ref --format=%(refname)%00%(upstream:short)%00%(objectname)%00%(upstream:track)%00%(upstream:remotename)%00%(upstream:remoteref) refs/heads/master refs/remotes/master [31ms]
2024-06-19 09:05:52.275 [info] > git status -z -uall [53ms]
2024-06-19 09:05:55.321 [info] > git config --get commit.template [9ms]
2024-06-19 09:05:55.324 [info] > git for-each-ref --format=%(refname)%00%(upstream:short)%00%(objectname)%00%(upstream:track)%00%(upstream:remotename)%00%(upstream:remoteref) refs/heads/main refs/remotes/main [4ms]
2024-06-19 09:05:55.621 [info] > git status -z -uall [290ms]
2024-06-19 09:05:57.376 [info] > git config --get commit.template [9ms]
2024-06-19 09:05:57.378 [info] > git for-each-ref --format=%(refname)%00%(upstream:short)%00%(objectname)%00%(upstream:track)%00%(upstream:remotename)%00%(upstream:remoteref) refs/heads/master refs/remotes/master [3ms]
2024-06-19 09:05:57.391 [info] > git status -z -uall [6ms]
2024-06-19 09:06:02.938 [info] > git config --get commit.template [9ms]
2024-06-19 09:06:02.961 [info] > git for-each-ref --format=%(refname)%00%(upstream:short)%00%(objectname)%00%(upstream:track)%00%(upstream:remotename)%00%(upstream:remoteref) refs/heads/master refs/remotes/master [1ms]
2024-06-19 09:06:02.961 [info] > git for-each-ref --format=%(refname)%00%(upstream:short)%00%(objectname)%00%(upstream:track)%00%(upstream:remotename)%00%(upstream:remoteref) refs/heads/main refs/remotes/main [14ms]
2024-06-19 09:06:02.967 [info] > git config --get commit.template [30ms]
2024-06-19 09:06:02.985 [info] > git status -z -uall [10ms]
2024-06-19 09:06:03.309 [info] > git status -z -uall [325ms]
2024-06-19 09:06:08.491 [info] > git config --get commit.template [8ms]
2024-06-19 09:06:08.495 [info] > git for-each-ref --format=%(refname)%00%(upstream:short)%00%(objectname)%00%(upstream:track)%00%(upstream:remotename)%00%(upstream:remoteref) refs/heads/main refs/remotes/main [5ms]
2024-06-19 09:06:08.763 [info] > git status -z -uall [261ms]
2024-06-19 09:06:20.245 [info] > git config --get commit.template [8ms]
2024-06-19 09:06:20.248 [info] > git for-each-ref --format=%(refname)%00%(upstream:short)%00%(objectname)%00%(upstream:track)%00%(upstream:remotename)%00%(upstream:remoteref) refs/heads/main refs/remotes/main [4ms]
2024-06-19 09:06:20.538 [info] > git status -z -uall [283ms]
2024-06-19 09:06:26.472 [info] > git config --get commit.template [18ms]
2024-06-19 09:06:26.477 [info] > git for-each-ref --format=%(refname)%00%(upstream:short)%00%(objectname)%00%(upstream:track)%00%(upstream:remotename)%00%(upstream:remoteref) refs/heads/main refs/remotes/main [7ms]
2024-06-19 09:06:26.904 [info] > git status -z -uall [418ms]
2024-06-19 09:06:32.798 [info] > git config --get commit.template [11ms]
2024-06-19 09:06:32.820 [info] > git for-each-ref --format=%(refname)%00%(upstream:short)%00%(objectname)%00%(upstream:track)%00%(upstream:remotename)%00%(upstream:remoteref) refs/heads/master refs/remotes/master [14ms]
2024-06-19 09:06:32.820 [info] > git config --get commit.template [23ms]
2024-06-19 09:06:32.828 [info] > git for-each-ref --format=%(refname)%00%(upstream:short)%00%(objectname)%00%(upstream:track)%00%(upstream:remotename)%00%(upstream:remoteref) refs/heads/main refs/remotes/main [10ms]
2024-06-19 09:06:32.837 [info] > git status -z -uall [10ms]
2024-06-19 09:06:33.142 [info] > git status -z -uall [306ms]
2024-06-19 09:06:37.868 [info] > git config --get commit.template [15ms]
2024-06-19 09:06:37.868 [info] > git for-each-ref --format=%(refname)%00%(upstream:short)%00%(objectname)%00%(upstream:track)%00%(upstream:remotename)%00%(upstream:remoteref) refs/heads/master refs/remotes/master [3ms]
2024-06-19 09:06:37.889 [info] > git status -z -uall [6ms]
2024-06-19 09:06:38.329 [info] > git config --get commit.template [16ms]
2024-06-19 09:06:38.332 [info] > git for-each-ref --format=%(refname)%00%(upstream:short)%00%(objectname)%00%(upstream:track)%00%(upstream:remotename)%00%(upstream:remoteref) refs/heads/main refs/remotes/main [9ms]
2024-06-19 09:06:38.661 [info] > git status -z -uall [321ms]
2024-06-19 09:06:43.843 [info] > git config --get commit.template [9ms]
2024-06-19 09:06:43.846 [info] > git for-each-ref --format=%(refname)%00%(upstream:short)%00%(objectname)%00%(upstream:track)%00%(upstream:remotename)%00%(upstream:remoteref) refs/heads/main refs/remotes/main [4ms]
2024-06-19 09:06:44.177 [info] > git status -z -uall [317ms]
2024-06-19 09:06:58.114 [info] > git config --get commit.template [9ms]
2024-06-19 09:06:58.128 [info] > git for-each-ref --format=%(refname)%00%(upstream:short)%00%(objectname)%00%(upstream:track)%00%(upstream:remotename)%00%(upstream:remoteref) refs/heads/master refs/remotes/master [8ms]
2024-06-19 09:06:58.129 [info] > git config --get commit.template [17ms]
2024-06-19 09:06:58.137 [info] > git for-each-ref --format=%(refname)%00%(upstream:short)%00%(objectname)%00%(upstream:track)%00%(upstream:remotename)%00%(upstream:remoteref) refs/heads/main refs/remotes/main [9ms]
2024-06-19 09:06:58.150 [info] > git status -z -uall [14ms]
2024-06-19 09:06:58.429 [info] > git status -z -uall [279ms] (cancelled)
2024-06-19 09:06:58.435 [info] > git check-ignore -v -z --stdin [5ms]
2024-06-19 09:07:03.288 [info] > git for-each-ref --format=%(refname)%00%(upstream:short)%00%(objectname)%00%(upstream:track)%00%(upstream:remotename)%00%(upstream:remoteref) refs/heads/master refs/remotes/master [4ms]
2024-06-19 09:07:03.289 [info] > git config --get commit.template [13ms]
2024-06-19 09:07:03.303 [info] > git status -z -uall [6ms]
2024-06-19 09:07:08.343 [info] > git config --get commit.template [23ms]
2024-06-19 09:07:08.347 [info] > git for-each-ref --format=%(refname)%00%(upstream:short)%00%(objectname)%00%(upstream:track)%00%(upstream:remotename)%00%(upstream:remoteref) refs/heads/master refs/remotes/master [7ms]
2024-06-19 09:07:08.361 [info] > git status -z -uall [6ms]
2024-06-19 09:07:13.409 [info] > git config --get commit.template [24ms]
2024-06-19 09:07:13.420 [info] > git for-each-ref --format=%(refname)%00%(upstream:short)%00%(objectname)%00%(upstream:track)%00%(upstream:remotename)%00%(upstream:remoteref) refs/heads/master refs/remotes/master [12ms]
2024-06-19 09:07:13.441 [info] > git status -z -uall [5ms]
2024-06-19 09:07:18.469 [info] > git config --get commit.template [10ms]
2024-06-19 09:07:18.471 [info] > git for-each-ref --format=%(refname)%00%(upstream:short)%00%(objectname)%00%(upstream:track)%00%(upstream:remotename)%00%(upstream:remoteref) refs/heads/master refs/remotes/master [3ms]
2024-06-19 09:07:18.485 [info] > git status -z -uall [7ms]
2024-06-19 09:07:23.501 [info] > git config --get commit.template [1ms]
2024-06-19 09:07:23.518 [info] > git for-each-ref --format=%(refname)%00%(upstream:short)%00%(objectname)%00%(upstream:track)%00%(upstream:remotename)%00%(upstream:remoteref) refs/heads/master refs/remotes/master [4ms]
2024-06-19 09:07:23.541 [info] > git status -z -uall [7ms]
2024-06-19 09:07:28.590 [info] > git config --get commit.template [26ms]
2024-06-19 09:07:28.591 [info] > git for-each-ref --format=%(refname)%00%(upstream:short)%00%(objectname)%00%(upstream:track)%00%(upstream:remotename)%00%(upstream:remoteref) refs/heads/master refs/remotes/master [12ms]
2024-06-19 09:07:28.604 [info] > git status -z -uall [6ms]
2024-06-19 09:07:33.624 [info] > git config --get commit.template [6ms]
2024-06-19 09:07:33.639 [info] > git for-each-ref --format=%(refname)%00%(upstream:short)%00%(objectname)%00%(upstream:track)%00%(upstream:remotename)%00%(upstream:remoteref) refs/heads/master refs/remotes/master [7ms]
2024-06-19 09:07:33.677 [info] > git status -z -uall [24ms]
2024-06-19 09:07:38.701 [info] > git config --get commit.template [11ms]
2024-06-19 09:07:38.704 [info] > git for-each-ref --format=%(refname)%00%(upstream:short)%00%(objectname)%00%(upstream:track)%00%(upstream:remotename)%00%(upstream:remoteref) refs/heads/master refs/remotes/master [4ms]
2024-06-19 09:07:38.728 [info] > git status -z -uall [8ms]
2024-06-19 09:07:44.920 [info] > git config --get commit.template [24ms]
2024-06-19 09:07:44.922 [info] > git for-each-ref --format=%(refname)%00%(upstream:short)%00%(objectname)%00%(upstream:track)%00%(upstream:remotename)%00%(upstream:remoteref) refs/heads/master refs/remotes/master [3ms]
2024-06-19 09:07:44.941 [info] > git status -z -uall [4ms]
2024-06-19 09:07:57.038 [info] > git config --get commit.template [2ms]
2024-06-19 09:07:57.052 [info] > git for-each-ref --format=%(refname)%00%(upstream:short)%00%(objectname)%00%(upstream:track)%00%(upstream:remotename)%00%(upstream:remoteref) refs/heads/master refs/remotes/master [5ms]
2024-06-19 09:07:57.072 [info] > git status -z -uall [11ms]
2024-06-19 09:08:02.106 [info] > git config --get commit.template [19ms]
2024-06-19 09:08:02.107 [info] > git for-each-ref --format=%(refname)%00%(upstream:short)%00%(objectname)%00%(upstream:track)%00%(upstream:remotename)%00%(upstream:remoteref) refs/heads/master refs/remotes/master [5ms]
2024-06-19 09:08:02.135 [info] > git status -z -uall [7ms]
2024-06-19 09:08:07.154 [info] > git config --get commit.template [2ms]
2024-06-19 09:08:07.177 [info] > git for-each-ref --format=%(refname)%00%(upstream:short)%00%(objectname)%00%(upstream:track)%00%(upstream:remotename)%00%(upstream:remoteref) refs/heads/master refs/remotes/master [14ms]
2024-06-19 09:08:07.195 [info] > git status -z -uall [7ms]
2024-06-19 09:08:28.396 [info] > git config --get commit.template [10ms]
2024-06-19 09:08:28.399 [info] > git for-each-ref --format=%(refname)%00%(upstream:short)%00%(objectname)%00%(upstream:track)%00%(upstream:remotename)%00%(upstream:remoteref) refs/heads/master refs/remotes/master [4ms]
2024-06-19 09:08:28.415 [info] > git status -z -uall [7ms]
2024-06-19 09:08:33.437 [info] > git config --get commit.template [10ms]
2024-06-19 09:08:33.440 [info] > git for-each-ref --format=%(refname)%00%(upstream:short)%00%(objectname)%00%(upstream:track)%00%(upstream:remotename)%00%(upstream:remoteref) refs/heads/master refs/remotes/master [3ms]
2024-06-19 09:08:33.464 [info] > git status -z -uall [8ms]
2024-06-19 09:08:38.484 [info] > git config --get commit.template [9ms]
2024-06-19 09:08:38.486 [info] > git for-each-ref --format=%(refname)%00%(upstream:short)%00%(objectname)%00%(upstream:track)%00%(upstream:remotename)%00%(upstream:remoteref) refs/heads/master refs/remotes/master [3ms]
2024-06-19 09:08:38.498 [info] > git status -z -uall [5ms]
2024-06-19 09:08:43.536 [info] > git for-each-ref --format=%(refname)%00%(upstream:short)%00%(objectname)%00%(upstream:track)%00%(upstream:remotename)%00%(upstream:remoteref) refs/heads/master refs/remotes/master [1ms]
2024-06-19 09:08:43.537 [info] > git config --get commit.template [26ms]
2024-06-19 09:08:43.551 [info] > git status -z -uall [5ms]
2024-06-19 09:08:48.595 [info] > git for-each-ref --format=%(refname)%00%(upstream:short)%00%(objectname)%00%(upstream:track)%00%(upstream:remotename)%00%(upstream:remoteref) refs/heads/master refs/remotes/master [1ms]
2024-06-19 09:08:48.596 [info] > git config --get commit.template [16ms]
2024-06-19 09:08:48.616 [info] > git status -z -uall [9ms]
2024-06-19 09:08:51.621 [info] > git show --textconv :projet/frontend/src/components/App/Content/Products/ErrorBoundary.tsx [12ms]
2024-06-19 09:08:51.623 [info] > git ls-files --stage -- /home/student/S03_challenge_E05_suspense-cedricRGT45/projet/frontend/src/components/App/Content/Products/ErrorBoundary.tsx [5ms]
2024-06-19 09:08:52.161 [info] > git show --textconv :projet/frontend/src/components/App/Content/Products/ErrorButton.tsx [21ms]
2024-06-19 09:08:52.162 [info] > git ls-files --stage -- /home/student/S03_challenge_E05_suspense-cedricRGT45/projet/frontend/src/components/App/Content/Products/ErrorButton.tsx [11ms]
2024-06-19 09:09:04.057 [info] > git config --get commit.template [9ms]
2024-06-19 09:09:04.059 [info] > git for-each-ref --format=%(refname)%00%(upstream:short)%00%(objectname)%00%(upstream:track)%00%(upstream:remotename)%00%(upstream:remoteref) refs/heads/master refs/remotes/master [2ms]
2024-06-19 09:09:04.076 [info] > git status -z -uall [10ms]
2024-06-19 09:09:09.110 [info] > git config --get commit.template [10ms]
2024-06-19 09:09:09.113 [info] > git for-each-ref --format=%(refname)%00%(upstream:short)%00%(objectname)%00%(upstream:track)%00%(upstream:remotename)%00%(upstream:remoteref) refs/heads/master refs/remotes/master [4ms]
2024-06-19 09:09:09.130 [info] > git status -z -uall [10ms]
2024-06-19 09:09:14.161 [info] > git config --get commit.template [19ms]
2024-06-19 09:09:14.166 [info] > git for-each-ref --format=%(refname)%00%(upstream:short)%00%(objectname)%00%(upstream:track)%00%(upstream:remotename)%00%(upstream:remoteref) refs/heads/master refs/remotes/master [6ms]
2024-06-19 09:09:14.179 [info] > git status -z -uall [6ms]
2024-06-19 09:09:19.201 [info] > git config --get commit.template [11ms]
2024-06-19 09:09:19.205 [info] > git for-each-ref --format=%(refname)%00%(upstream:short)%00%(objectname)%00%(upstream:track)%00%(upstream:remotename)%00%(upstream:remoteref) refs/heads/master refs/remotes/master [5ms]
2024-06-19 09:09:19.226 [info] > git status -z -uall [7ms]
2024-06-19 09:09:26.545 [info] > git for-each-ref --format=%(refname)%00%(upstream:short)%00%(objectname)%00%(upstream:track)%00%(upstream:remotename)%00%(upstream:remoteref) refs/heads/master refs/remotes/master [1ms]
2024-06-19 09:09:26.545 [info] > git config --get commit.template [18ms]
2024-06-19 09:09:26.559 [info] > git status -z -uall [6ms]
2024-06-19 09:09:31.595 [info] > git for-each-ref --format=%(refname)%00%(upstream:short)%00%(objectname)%00%(upstream:track)%00%(upstream:remotename)%00%(upstream:remoteref) refs/heads/master refs/remotes/master [1ms]
2024-06-19 09:09:31.596 [info] > git config --get commit.template [23ms]
2024-06-19 09:09:31.620 [info] > git status -z -uall [9ms]
2024-06-19 09:09:32.279 [info] > git show --textconv :projet/frontend/src/components/App/Content/Products/ErrorBoundary.tsx [9ms]
2024-06-19 09:09:32.281 [info] > git ls-files --stage -- /home/student/S03_challenge_E05_suspense-cedricRGT45/projet/frontend/src/components/App/Content/Products/ErrorBoundary.tsx [3ms]
2024-06-19 09:09:33.114 [info] > git show --textconv :projet/frontend/src/components/App/ui/Modal.tsx [20ms]
2024-06-19 09:09:33.115 [info] > git ls-files --stage -- /home/student/S03_challenge_E05_suspense-cedricRGT45/projet/frontend/src/components/App/ui/Modal.tsx [3ms]
2024-06-19 09:09:33.127 [info] > git cat-file -s a7b889545fc138365636cdfba6989f7c8c16fc2a [6ms]
2024-06-19 09:09:33.864 [info] > git show --textconv :projet/frontend/src/components/App/Content/Content.tsx [12ms]
2024-06-19 09:09:33.869 [info] > git ls-files --stage -- /home/student/S03_challenge_E05_suspense-cedricRGT45/projet/frontend/src/components/App/Content/Content.tsx [6ms]
2024-06-19 09:09:33.878 [info] > git cat-file -s 56ecc4c900ffe640e8aaf6a2f9e38c0aae3de0a9 [2ms]
2024-06-19 09:09:38.042 [info] > git show --textconv :projet/frontend/src/components/App/ui/Modal.tsx [9ms]
2024-06-19 09:09:38.044 [info] > git ls-files --stage -- /home/student/S03_challenge_E05_suspense-cedricRGT45/projet/frontend/src/components/App/ui/Modal.tsx [3ms]
2024-06-19 09:09:38.053 [info] > git cat-file -s a7b889545fc138365636cdfba6989f7c8c16fc2a [3ms]
2024-06-19 09:09:39.627 [info] > git show --textconv :projet/frontend/src/components/App/Content/Products/ErrorBoundary.tsx [14ms]
2024-06-19 09:09:39.630 [info] > git ls-files --stage -- /home/student/S03_challenge_E05_suspense-cedricRGT45/projet/frontend/src/components/App/Content/Products/ErrorBoundary.tsx [4ms]
2024-06-19 09:09:40.609 [info] > git show --textconv :projet/frontend/src/components/App/Content/Products/Products.tsx [9ms]
2024-06-19 09:09:40.611 [info] > git ls-files --stage -- /home/student/S03_challenge_E05_suspense-cedricRGT45/projet/frontend/src/components/App/Content/Products/Products.tsx [3ms]
2024-06-19 09:09:40.628 [info] > git cat-file -s 109ba04794e66333da68cf4bc7fb747084f968f4 [9ms]
2024-06-19 09:09:46.621 [info] > git config --get commit.template [12ms]
2024-06-19 09:09:46.623 [info] > git for-each-ref --format=%(refname)%00%(upstream:short)%00%(objectname)%00%(upstream:track)%00%(upstream:remotename)%00%(upstream:remoteref) refs/heads/master refs/remotes/master [3ms]
2024-06-19 09:09:46.637 [info] > git status -z -uall [6ms]
2024-06-19 09:09:46.727 [info] > git show --textconv :projet/frontend/src/components/App/Content/Products/ErrorButton.tsx [16ms]
2024-06-19 09:09:46.733 [info] > git ls-files --stage -- /home/student/S03_challenge_E05_suspense-cedricRGT45/projet/frontend/src/components/App/Content/Products/ErrorButton.tsx [9ms]
2024-06-19 09:09:50.910 [info] > git show --textconv :projet/frontend/src/components/App/Content/Products/ErrorBoundary.tsx [9ms]
2024-06-19 09:09:50.914 [info] > git ls-files --stage -- /home/student/S03_challenge_E05_suspense-cedricRGT45/projet/frontend/src/components/App/Content/Products/ErrorBoundary.tsx [5ms]
2024-06-19 09:09:52.600 [info] > git show --textconv :projet/frontend/src/components/App/Content/Products/Products.tsx [8ms]
2024-06-19 09:09:52.603 [info] > git ls-files --stage -- /home/student/S03_challenge_E05_suspense-cedricRGT45/projet/frontend/src/components/App/Content/Products/Products.tsx [4ms]
2024-06-19 09:09:52.628 [info] > git cat-file -s 109ba04794e66333da68cf4bc7fb747084f968f4 [12ms]
2024-06-19 09:09:58.351 [info] > git config --get commit.template [12ms]
2024-06-19 09:09:58.355 [info] > git for-each-ref --format=%(refname)%00%(upstream:short)%00%(objectname)%00%(upstream:track)%00%(upstream:remotename)%00%(upstream:remoteref) refs/heads/master refs/remotes/master [6ms]
2024-06-19 09:09:58.368 [info] > git status -z -uall [6ms]
2024-06-19 09:10:03.392 [info] > git config --get commit.template [10ms]
2024-06-19 09:10:03.395 [info] > git for-each-ref --format=%(refname)%00%(upstream:short)%00%(objectname)%00%(upstream:track)%00%(upstream:remotename)%00%(upstream:remoteref) refs/heads/master refs/remotes/master [4ms]
2024-06-19 09:10:03.416 [info] > git status -z -uall [13ms]
