2024-05-31 12:05:18.478 [info] Log level: Info
2024-05-31 12:05:18.484 [info] Validating found git in: "git"
2024-05-31 12:05:18.485 [info] Using git "2.34.1" from "git"
2024-05-31 12:05:18.486 [info] > git rev-parse --show-toplevel [25ms]
2024-05-31 12:05:18.494 [info] > git rev-parse --git-dir --git-common-dir [22ms]
2024-05-31 12:05:18.530 [info] Open repository: /home/student
2024-05-31 12:05:18.682 [info] > git config --get commit.template [25ms]
2024-05-31 12:05:18.715 [info] > git rev-parse --show-toplevel [39ms]
2024-05-31 12:05:18.772 [info] > git rev-parse --show-toplevel [30ms]
2024-05-31 12:05:18.775 [info] > git for-each-ref --format=%(refname)%00%(upstream:short)%00%(objectname)%00%(upstream:track)%00%(upstream:remotename)%00%(upstream:remoteref) refs/heads/main refs/remotes/main [74ms]
2024-05-31 12:05:18.856 [info] > git rev-parse --show-toplevel [41ms]
2024-05-31 12:05:18.931 [info] > git rev-parse --show-toplevel [27ms]
2024-05-31 12:05:18.956 [info] > git rev-parse --show-toplevel [6ms]
2024-05-31 12:05:18.980 [info] > git rev-parse --show-toplevel [3ms]
2024-05-31 12:05:19.047 [info] > git rev-parse --show-toplevel [9ms]
2024-05-31 12:05:19.070 [info] > git rev-parse --show-toplevel [4ms]
2024-05-31 12:05:19.131 [info] > git rev-parse --show-toplevel [35ms]
2024-05-31 12:05:19.269 [info] > git rev-parse --show-toplevel [3ms]
2024-05-31 12:05:19.292 [info] > git rev-parse --show-toplevel [4ms]
2024-05-31 12:05:19.311 [info] > git rev-parse --show-toplevel [4ms]
2024-05-31 12:05:19.332 [info] > git rev-parse --git-dir --git-common-dir [3ms]
2024-05-31 12:05:19.348 [info] Open repository: /home/student/S02_Coclock_working_challenge_E01-cedricRGT45
2024-05-31 12:05:19.408 [info] > git config --get commit.template [33ms]
2024-05-31 12:05:19.433 [info] > git rev-parse --show-toplevel [29ms]
2024-05-31 12:05:19.475 [info] > git for-each-ref --format=%(refname)%00%(upstream:short)%00%(objectname)%00%(upstream:track)%00%(upstream:remotename)%00%(upstream:remoteref) refs/heads/master refs/remotes/master [51ms]
2024-05-31 12:05:19.497 [warning] ENOENT: no such file or directory, open '/home/student/S02_Coclock_working_challenge_E01-cedricRGT45/.git/refs/remotes/origin/master'
2024-05-31 12:05:19.498 [info] > git rev-parse --git-dir --git-common-dir [24ms]
2024-05-31 12:05:19.552 [info] Open repository: /home/student/S03_CICD_archi_frontend
2024-05-31 12:05:19.688 [info] > git rev-parse refs/remotes/origin/master [192ms]
2024-05-31 12:05:19.794 [info] > git rev-parse --show-toplevel [106ms]
2024-05-31 12:05:19.795 [info] > git config --get commit.template [145ms]
2024-05-31 12:05:19.889 [info] > git check-ignore -v -z --stdin [133ms]
2024-05-31 12:05:19.895 [info] > git rev-parse --git-dir --git-common-dir [59ms]
2024-05-31 12:05:19.938 [info] Open repository: /home/student/S03_challenge_E03-cedricRGT45
2024-05-31 12:05:19.955 [info] > git for-each-ref --format=%(refname)%00%(upstream:short)%00%(objectname)%00%(upstream:track)%00%(upstream:remotename)%00%(upstream:remoteref) refs/heads/master refs/remotes/master [75ms]
2024-05-31 12:05:20.092 [warning] ENOENT: no such file or directory, open '/home/student/S03_CICD_archi_frontend/.git/refs/remotes/origin/master'
2024-05-31 12:05:20.094 [info] > git status -z -uall [366ms]
2024-05-31 12:05:20.095 [info] > git config --get commit.template [90ms]
2024-05-31 12:05:20.310 [info] > git merge-base refs/heads/master refs/remotes/origin/master [149ms]
2024-05-31 12:05:20.359 [info] > git rev-parse refs/remotes/origin/master [266ms]
2024-05-31 12:05:20.393 [info] > git rev-parse --show-toplevel [330ms]
2024-05-31 12:05:20.577 [info] > git status -z -uall [185ms]
2024-05-31 12:05:20.580 [info] > git show --textconv :redux/redux_example/src/components/Enfant.tsx [136ms]
2024-05-31 12:05:20.581 [info] > git ls-files --stage -- /home/student/redux/redux_example/src/components/Enfant.tsx [77ms]
2024-05-31 12:05:20.701 [info] > git rev-list --count --left-right refs/heads/master...refs/remotes/origin/master [343ms]
2024-05-31 12:05:20.744 [info] > git config --get commit.template [436ms]
2024-05-31 12:05:20.745 [info] > git for-each-ref --format=%(refname)%00%(upstream:short)%00%(objectname)%00%(upstream:track)%00%(upstream:remotename)%00%(upstream:remoteref) refs/heads/master refs/remotes/master [518ms]
2024-05-31 12:05:20.948 [info] > git check-ignore -v -z --stdin [409ms]
2024-05-31 12:05:20.950 [info] > git diff --name-status -z --diff-filter=ADMR c2231ce522b0b531a34f233a6c1944226e16b1f1...refs/remotes/origin/master [206ms]
2024-05-31 12:05:20.951 [info] > git merge-base refs/heads/master refs/remotes/origin/master [295ms]
2024-05-31 12:05:21.041 [info] > git config --get commit.template [95ms]
2024-05-31 12:05:21.080 [info] > git for-each-ref --format=%(refname)%00%(upstream:short)%00%(objectname)%00%(upstream:track)%00%(upstream:remotename)%00%(upstream:remoteref) refs/heads/master refs/remotes/master [46ms]
2024-05-31 12:05:21.081 [info] > git rev-list --count --left-right refs/heads/master...refs/remotes/origin/master [81ms]
2024-05-31 12:05:21.187 [warning] ENOENT: no such file or directory, open '/home/student/S02_Coclock_working_challenge_E01-cedricRGT45/.git/refs/remotes/origin/master'
2024-05-31 12:05:21.268 [info] > git check-ignore -v -z --stdin [192ms]
2024-05-31 12:05:21.269 [info] > git status -z -uall [104ms]
2024-05-31 12:05:21.294 [info] > git for-each-ref --format=%(refname)%00%(upstream:short)%00%(objectname)%00%(upstream:track)%00%(upstream:remotename)%00%(upstream:remoteref) refs/heads/master refs/remotes/master [145ms]
2024-05-31 12:05:21.295 [info] > git diff --name-status -z --diff-filter=ADMR 4c00948e25e702a642836f79638d3d376e03e5ea...refs/remotes/origin/master [179ms]
2024-05-31 12:05:21.327 [warning] ENOENT: no such file or directory, open '/home/student/S03_CICD_archi_frontend/.git/refs/remotes/origin/master'
2024-05-31 12:05:21.330 [info] > git rev-parse refs/remotes/origin/master [143ms]
2024-05-31 12:05:21.351 [info] > git rev-parse refs/remotes/origin/master [23ms]
2024-05-31 12:05:21.405 [info] > git config --get commit.template [94ms]
2024-05-31 12:05:21.405 [info] > git merge-base refs/heads/master refs/remotes/origin/master [120ms]
2024-05-31 12:05:21.593 [info] > git status -z -uall [189ms]
2024-05-31 12:05:21.594 [info] > git rev-list --count --left-right refs/heads/master...refs/remotes/origin/master [145ms]
2024-05-31 12:05:21.701 [info] > git status -z -uall [353ms]
2024-05-31 12:05:21.709 [info] > git diff --name-status -z --diff-filter=ADMR 975a3b72ecb66730915a439ab1fcef8b86382076...refs/remotes/origin/master [87ms]
2024-05-31 12:05:21.872 [info] > git for-each-ref --format=%(refname)%00%(upstream:short)%00%(objectname)%00%(upstream:track)%00%(upstream:remotename)%00%(upstream:remoteref) refs/heads/master refs/remotes/master [226ms]
2024-05-31 12:05:21.915 [info] > git status -z -uall [8ms]
2024-05-31 12:05:22.195 [info] > git status -z -uall [3341ms] (cancelled)
2024-05-31 12:05:22.217 [info] > git check-ignore -v -z --stdin [23ms]
2024-05-31 12:06:17.907 [info] > git check-ignore -v -z --stdin [26ms]
2024-05-31 12:06:19.313 [info] > git check-ignore -v -z --stdin [50ms]
2024-05-31 12:06:19.314 [info] > git check-ignore -v -z --stdin [37ms]
2024-05-31 12:06:19.315 [info] > git check-ignore -v -z --stdin [22ms]
2024-05-31 12:06:19.319 [info] > git check-ignore -v -z --stdin [11ms]
2024-05-31 12:06:20.111 [info] > git check-ignore -v -z --stdin [11ms]
2024-05-31 12:06:44.292 [info] > git check-ignore -v -z --stdin [9ms]
2024-05-31 12:07:05.742 [info] > git check-ignore -v -z --stdin [14ms]
2024-05-31 12:07:13.718 [info] > git check-ignore -v -z --stdin [2ms]
2024-05-31 12:07:15.595 [info] > git check-ignore -v -z --stdin [11ms]
2024-05-31 12:07:18.906 [info] > git check-ignore -v -z --stdin [86ms]
2024-05-31 12:07:43.807 [info] > git check-ignore -v -z --stdin [2ms]
2024-05-31 12:07:55.777 [info] > git show --textconv :Coller [21ms]
2024-05-31 12:07:55.785 [info] > git ls-files --stage -- /home/student/Coller [11ms]
2024-05-31 12:07:55.803 [info] > git cat-file -s e69de29bb2d1d6434b8b29ae775ad8c2e48c5391 [2ms]
2024-05-31 12:08:24.424 [info] > git check-ignore -v -z --stdin [15ms]
2024-05-31 12:08:32.090 [info] > git check-ignore -v -z --stdin [13ms]
