2024-06-18 14:23:03.410 [info] Extension host with pid 94706 started
2024-06-18 14:23:03.473 [info] Lock '/home/student/.vscode-server/data/User/workspaceStorage/5a2915a91ec150ae05f18a5fbc4e7562/vscode.lock': Lock acquired.
2024-06-18 14:23:04.283 [info] ExtensionService#_doActivateExtension vscode.emmet, startup: false, activationEvent: 'onLanguage'
2024-06-18 14:23:04.285 [info] ExtensionService#_doActivateExtension vscode.tunnel-forwarding, startup: false, activationEvent: 'onTunnel'
2024-06-18 14:23:04.717 [info] ExtensionService#_doActivateExtension vscode.git-base, startup: true, activationEvent: '*', root cause: vscode.git
2024-06-18 14:23:04.746 [info] ExtensionService#_doActivateExtension vscode.npm, startup: true, activationEvent: 'workspaceContains:package.json'
2024-06-18 14:23:04.878 [info] ExtensionService#_doActivateExtension vscode.git, startup: true, activationEvent: '*'
2024-06-18 14:23:04.880 [info] ExtensionService#_doActivateExtension vscode.github, startup: true, activationEvent: '*'
2024-06-18 14:23:05.465 [info] Eager extensions activated
2024-06-18 14:23:05.466 [info] ExtensionService#_doActivateExtension vscode.debug-auto-launch, startup: false, activationEvent: 'onStartupFinished'
2024-06-18 14:23:05.467 [info] ExtensionService#_doActivateExtension vscode.merge-conflict, startup: false, activationEvent: 'onStartupFinished'
2024-06-18 14:23:06.879 [warning] [Decorations] CAPPING events from decorations provider vscode.git 10096
2024-06-18 14:23:09.746 [warning] [Decorations] CAPPING events from decorations provider vscode.git 10096
2024-06-18 14:23:25.367 [warning] [Decorations] CAPPING events from decorations provider vscode.git 10096
2024-06-18 14:23:36.262 [warning] [Decorations] CAPPING events from decorations provider vscode.git 10096
2024-06-18 14:24:29.409 [warning] [Decorations] CAPPING events from decorations provider vscode.git 10096
2024-06-18 14:24:36.218 [warning] [Decorations] CAPPING events from decorations provider vscode.git 10098
2024-06-18 14:25:00.330 [warning] [Decorations] CAPPING events from decorations provider vscode.git 10098
2024-06-18 14:26:19.628 [warning] [Decorations] CAPPING events from decorations provider vscode.git 10098
2024-06-18 14:27:28.569 [warning] [Decorations] CAPPING events from decorations provider vscode.git 10098
2024-06-18 14:27:34.169 [warning] [Decorations] CAPPING events from decorations provider vscode.git 10097
2024-06-18 14:27:39.673 [warning] [Decorations] CAPPING events from decorations provider vscode.git 10097
2024-06-18 14:27:54.336 [warning] [Decorations] CAPPING events from decorations provider vscode.git 10097
2024-06-18 14:27:59.801 [warning] [Decorations] CAPPING events from decorations provider vscode.git 10097
2024-06-18 14:28:05.665 [warning] [Decorations] CAPPING events from decorations provider vscode.git 10097
2024-06-18 14:28:11.113 [warning] [Decorations] CAPPING events from decorations provider vscode.git 10097
2024-06-18 14:28:16.562 [warning] [Decorations] CAPPING events from decorations provider vscode.git 10097
2024-06-18 14:28:19.735 [info] ExtensionService#_doActivateExtension vscode.extension-editing, startup: false, activationEvent: 'onLanguage:json'
2024-06-18 14:28:19.736 [info] ExtensionService#_doActivateExtension vscode.json-language-features, startup: false, activationEvent: 'onLanguage:json'
2024-06-18 14:28:20.293 [info] ExtensionService#_doActivateExtension vscode.typescript-language-features, startup: false, activationEvent: 'onLanguage:jsonc'
2024-06-18 14:28:22.177 [warning] [Decorations] CAPPING events from decorations provider vscode.git 10098
2024-06-18 14:28:28.725 [warning] [Decorations] CAPPING events from decorations provider vscode.git 10099
2024-06-18 14:28:34.353 [warning] [Decorations] CAPPING events from decorations provider vscode.git 10100
2024-06-18 14:28:40.308 [warning] [Decorations] CAPPING events from decorations provider vscode.git 10100
2024-06-18 14:28:45.868 [warning] [Decorations] CAPPING events from decorations provider vscode.git 10099
2024-06-18 14:28:51.246 [warning] [Decorations] CAPPING events from decorations provider vscode.git 10099
2024-06-18 14:28:56.704 [warning] [Decorations] CAPPING events from decorations provider vscode.git 10099
2024-06-18 14:29:02.124 [warning] [Decorations] CAPPING events from decorations provider vscode.git 10099
2024-06-18 14:29:07.707 [warning] [Decorations] CAPPING events from decorations provider vscode.git 10099
2024-06-18 14:29:13.173 [warning] [Decorations] CAPPING events from decorations provider vscode.git 10099
2024-06-18 14:29:18.541 [warning] [Decorations] CAPPING events from decorations provider vscode.git 10099
2024-06-18 14:29:23.929 [warning] [Decorations] CAPPING events from decorations provider vscode.git 10099
2024-06-18 14:29:29.318 [warning] [Decorations] CAPPING events from decorations provider vscode.git 10099
2024-06-18 14:29:34.789 [warning] [Decorations] CAPPING events from decorations provider vscode.git 10099
2024-06-18 14:29:40.266 [warning] [Decorations] CAPPING events from decorations provider vscode.git 10099
2024-06-18 14:29:45.709 [warning] [Decorations] CAPPING events from decorations provider vscode.git 10099
2024-06-18 14:29:51.218 [warning] [Decorations] CAPPING events from decorations provider vscode.git 10099
2024-06-18 14:29:56.650 [warning] [Decorations] CAPPING events from decorations provider vscode.git 10101
2024-06-18 14:30:02.183 [warning] [Decorations] CAPPING events from decorations provider vscode.git 10101
2024-06-18 14:30:07.737 [warning] [Decorations] CAPPING events from decorations provider vscode.git 10101
2024-06-18 14:30:13.274 [warning] [Decorations] CAPPING events from decorations provider vscode.git 10101
2024-06-18 14:30:18.787 [warning] [Decorations] CAPPING events from decorations provider vscode.git 10101
2024-06-18 14:30:24.246 [warning] [Decorations] CAPPING events from decorations provider vscode.git 10101
2024-06-18 14:30:29.692 [warning] [Decorations] CAPPING events from decorations provider vscode.git 10101
2024-06-18 14:30:35.227 [warning] [Decorations] CAPPING events from decorations provider vscode.git 10101
2024-06-18 14:30:54.894 [warning] [Decorations] CAPPING events from decorations provider vscode.git 10101
2024-06-18 14:31:00.350 [warning] [Decorations] CAPPING events from decorations provider vscode.git 10101
2024-06-18 14:31:05.997 [warning] [Decorations] CAPPING events from decorations provider vscode.git 10101
2024-06-18 14:31:13.053 [warning] [Decorations] CAPPING events from decorations provider vscode.git 10101
2024-06-18 14:31:18.539 [warning] [Decorations] CAPPING events from decorations provider vscode.git 10102
2024-06-18 14:31:23.942 [warning] [Decorations] CAPPING events from decorations provider vscode.git 10102
2024-06-18 14:31:29.494 [warning] [Decorations] CAPPING events from decorations provider vscode.git 10102
2024-06-18 14:31:34.922 [warning] [Decorations] CAPPING events from decorations provider vscode.git 10102
2024-06-18 14:31:40.328 [warning] [Decorations] CAPPING events from decorations provider vscode.git 10102
2024-06-18 14:31:45.722 [warning] [Decorations] CAPPING events from decorations provider vscode.git 10102
2024-06-18 14:31:51.121 [warning] [Decorations] CAPPING events from decorations provider vscode.git 10102
2024-06-18 14:31:56.538 [warning] [Decorations] CAPPING events from decorations provider vscode.git 10102
2024-06-18 14:32:02.089 [warning] [Decorations] CAPPING events from decorations provider vscode.git 10102
2024-06-18 14:32:07.695 [warning] [Decorations] CAPPING events from decorations provider vscode.git 10102
2024-06-18 14:32:13.080 [warning] [Decorations] CAPPING events from decorations provider vscode.git 10102
2024-06-18 14:32:18.614 [warning] [Decorations] CAPPING events from decorations provider vscode.git 10102
2024-06-18 14:34:16.893 [warning] [Decorations] CAPPING events from decorations provider vscode.git 10102
2024-06-18 14:34:35.382 [warning] [Decorations] CAPPING events from decorations provider vscode.git 10102
2024-06-18 14:34:57.893 [warning] [Decorations] CAPPING events from decorations provider vscode.git 10102
2024-06-18 14:35:03.397 [warning] [Decorations] CAPPING events from decorations provider vscode.git 10102
2024-06-18 14:35:08.866 [warning] [Decorations] CAPPING events from decorations provider vscode.git 10102
2024-06-18 14:35:30.338 [warning] [Decorations] CAPPING events from decorations provider vscode.git 10102
2024-06-18 14:35:35.836 [warning] [Decorations] CAPPING events from decorations provider vscode.git 10102
2024-06-18 14:35:41.307 [warning] [Decorations] CAPPING events from decorations provider vscode.git 10102
2024-06-18 14:35:46.773 [warning] [Decorations] CAPPING events from decorations provider vscode.git 10102
2024-06-18 14:35:52.226 [warning] [Decorations] CAPPING events from decorations provider vscode.git 10102
2024-06-18 14:35:57.728 [warning] [Decorations] CAPPING events from decorations provider vscode.git 10102
2024-06-18 14:36:03.574 [warning] [Decorations] CAPPING events from decorations provider vscode.git 10102
2024-06-18 14:36:09.486 [warning] [Decorations] CAPPING events from decorations provider vscode.git 10102
2024-06-18 14:36:14.917 [warning] [Decorations] CAPPING events from decorations provider vscode.git 10102
2024-06-18 14:36:20.423 [warning] [Decorations] CAPPING events from decorations provider vscode.git 10102
2024-06-18 14:36:25.963 [warning] [Decorations] CAPPING events from decorations provider vscode.git 10102
2024-06-18 14:36:36.259 [warning] [Decorations] CAPPING events from decorations provider vscode.git 10102
2024-06-18 14:36:41.779 [warning] [Decorations] CAPPING events from decorations provider vscode.git 10102
2024-06-18 14:36:47.236 [warning] [Decorations] CAPPING events from decorations provider vscode.git 10102
2024-06-18 14:36:52.698 [warning] [Decorations] CAPPING events from decorations provider vscode.git 10102
2024-06-18 14:36:58.248 [warning] [Decorations] CAPPING events from decorations provider vscode.git 10102
2024-06-18 14:37:03.779 [warning] [Decorations] CAPPING events from decorations provider vscode.git 10102
2024-06-18 14:37:09.347 [warning] [Decorations] CAPPING events from decorations provider vscode.git 10102
2024-06-18 14:37:14.803 [warning] [Decorations] CAPPING events from decorations provider vscode.git 10102
2024-06-18 14:37:20.333 [warning] [Decorations] CAPPING events from decorations provider vscode.git 10102
2024-06-18 14:37:25.782 [warning] [Decorations] CAPPING events from decorations provider vscode.git 10102
2024-06-18 14:37:31.438 [warning] [Decorations] CAPPING events from decorations provider vscode.git 10102
2024-06-18 14:37:36.915 [warning] [Decorations] CAPPING events from decorations provider vscode.git 10102
2024-06-18 14:37:42.403 [warning] [Decorations] CAPPING events from decorations provider vscode.git 10102
2024-06-18 14:38:29.748 [warning] [Decorations] CAPPING events from decorations provider vscode.git 10102
2024-06-18 14:38:35.209 [warning] [Decorations] CAPPING events from decorations provider vscode.git 10102
2024-06-18 14:38:40.664 [warning] [Decorations] CAPPING events from decorations provider vscode.git 10102
2024-06-18 14:38:46.170 [warning] [Decorations] CAPPING events from decorations provider vscode.git 10102
2024-06-18 14:38:51.579 [warning] [Decorations] CAPPING events from decorations provider vscode.git 10102
2024-06-18 14:38:57.006 [warning] [Decorations] CAPPING events from decorations provider vscode.git 10102
2024-06-18 14:39:02.442 [warning] [Decorations] CAPPING events from decorations provider vscode.git 10102
2024-06-18 14:39:07.942 [warning] [Decorations] CAPPING events from decorations provider vscode.git 10102
2024-06-18 14:39:13.489 [warning] [Decorations] CAPPING events from decorations provider vscode.git 10102
2024-06-18 14:39:19.069 [warning] [Decorations] CAPPING events from decorations provider vscode.git 10102
2024-06-18 14:39:24.516 [warning] [Decorations] CAPPING events from decorations provider vscode.git 10102
2024-06-18 14:39:30.046 [warning] [Decorations] CAPPING events from decorations provider vscode.git 10102
2024-06-18 14:39:35.498 [warning] [Decorations] CAPPING events from decorations provider vscode.git 10102
2024-06-18 14:39:40.983 [warning] [Decorations] CAPPING events from decorations provider vscode.git 10102
2024-06-18 14:39:46.388 [warning] [Decorations] CAPPING events from decorations provider vscode.git 10102
2024-06-18 14:39:51.815 [warning] [Decorations] CAPPING events from decorations provider vscode.git 10102
2024-06-18 14:39:57.460 [warning] [Decorations] CAPPING events from decorations provider vscode.git 10102
2024-06-18 14:40:03.154 [warning] [Decorations] CAPPING events from decorations provider vscode.git 10102
2024-06-18 14:40:08.686 [warning] [Decorations] CAPPING events from decorations provider vscode.git 10102
2024-06-18 14:40:14.198 [warning] [Decorations] CAPPING events from decorations provider vscode.git 10102
2024-06-18 14:40:19.642 [warning] [Decorations] CAPPING events from decorations provider vscode.git 10102
2024-06-18 14:40:25.056 [warning] [Decorations] CAPPING events from decorations provider vscode.git 10102
2024-06-18 14:40:30.505 [warning] [Decorations] CAPPING events from decorations provider vscode.git 10102
2024-06-18 14:40:35.927 [warning] [Decorations] CAPPING events from decorations provider vscode.git 10102
2024-06-18 14:40:41.550 [warning] [Decorations] CAPPING events from decorations provider vscode.git 10103
2024-06-18 14:40:47.137 [warning] [Decorations] CAPPING events from decorations provider vscode.git 10127
2024-06-18 14:40:52.512 [warning] [Decorations] CAPPING events from decorations provider vscode.git 10128
2024-06-18 14:40:58.395 [warning] [Decorations] CAPPING events from decorations provider vscode.git 10128
2024-06-18 14:41:05.348 [warning] [Decorations] CAPPING events from decorations provider vscode.git 10128
2024-06-18 14:41:10.894 [warning] [Decorations] CAPPING events from decorations provider vscode.git 10128
2024-06-18 14:41:16.386 [warning] [Decorations] CAPPING events from decorations provider vscode.git 10128
2024-06-18 14:41:21.830 [warning] [Decorations] CAPPING events from decorations provider vscode.git 10128
2024-06-18 14:41:27.266 [warning] [Decorations] CAPPING events from decorations provider vscode.git 10128
2024-06-18 14:41:32.734 [warning] [Decorations] CAPPING events from decorations provider vscode.git 10128
2024-06-18 14:41:38.190 [warning] [Decorations] CAPPING events from decorations provider vscode.git 10128
2024-06-18 14:41:43.647 [warning] [Decorations] CAPPING events from decorations provider vscode.git 10128
2024-06-18 14:41:49.065 [warning] [Decorations] CAPPING events from decorations provider vscode.git 10128
2024-06-18 14:41:54.497 [warning] [Decorations] CAPPING events from decorations provider vscode.git 10128
2024-06-18 14:41:59.980 [warning] [Decorations] CAPPING events from decorations provider vscode.git 10128
2024-06-18 14:42:05.565 [warning] [Decorations] CAPPING events from decorations provider vscode.git 10129
2024-06-18 14:42:11.049 [warning] [Decorations] CAPPING events from decorations provider vscode.git 10129
2024-06-18 14:42:16.499 [warning] [Decorations] CAPPING events from decorations provider vscode.git 10130
2024-06-18 14:42:21.933 [warning] [Decorations] CAPPING events from decorations provider vscode.git 10130
2024-06-18 14:42:27.413 [warning] [Decorations] CAPPING events from decorations provider vscode.git 10130
2024-06-18 14:42:32.954 [warning] [Decorations] CAPPING events from decorations provider vscode.git 10130
2024-06-18 14:42:38.504 [warning] [Decorations] CAPPING events from decorations provider vscode.git 10130
2024-06-18 14:42:43.912 [warning] [Decorations] CAPPING events from decorations provider vscode.git 10130
2024-06-18 14:42:49.482 [warning] [Decorations] CAPPING events from decorations provider vscode.git 10130
2024-06-18 14:42:55.054 [warning] [Decorations] CAPPING events from decorations provider vscode.git 10130
2024-06-18 14:43:00.569 [warning] [Decorations] CAPPING events from decorations provider vscode.git 10130
2024-06-18 14:43:06.096 [warning] [Decorations] CAPPING events from decorations provider vscode.git 10130
2024-06-18 14:43:11.606 [warning] [Decorations] CAPPING events from decorations provider vscode.git 10130
2024-06-18 14:43:17.045 [warning] [Decorations] CAPPING events from decorations provider vscode.git 10130
2024-06-18 14:43:22.560 [warning] [Decorations] CAPPING events from decorations provider vscode.git 10130
2024-06-18 14:43:28.049 [warning] [Decorations] CAPPING events from decorations provider vscode.git 10130
2024-06-18 14:43:33.485 [warning] [Decorations] CAPPING events from decorations provider vscode.git 10130
2024-06-18 14:43:38.911 [warning] [Decorations] CAPPING events from decorations provider vscode.git 10130
2024-06-18 14:43:44.374 [warning] [Decorations] CAPPING events from decorations provider vscode.git 10130
2024-06-18 14:43:49.906 [warning] [Decorations] CAPPING events from decorations provider vscode.git 10130
2024-06-18 14:46:22.218 [warning] [Decorations] CAPPING events from decorations provider vscode.git 10130
2024-06-18 14:46:27.672 [warning] [Decorations] CAPPING events from decorations provider vscode.git 10130
2024-06-18 14:46:33.054 [warning] [Decorations] CAPPING events from decorations provider vscode.git 10130
2024-06-18 14:46:38.458 [warning] [Decorations] CAPPING events from decorations provider vscode.git 10130
2024-06-18 14:46:43.843 [warning] [Decorations] CAPPING events from decorations provider vscode.git 10130
2024-06-18 14:46:49.244 [warning] [Decorations] CAPPING events from decorations provider vscode.git 10130
2024-06-18 14:46:54.633 [warning] [Decorations] CAPPING events from decorations provider vscode.git 10130
2024-06-18 14:47:00.080 [warning] [Decorations] CAPPING events from decorations provider vscode.git 10130
2024-06-18 14:47:05.670 [warning] [Decorations] CAPPING events from decorations provider vscode.git 10130
2024-06-18 14:47:11.301 [warning] [Decorations] CAPPING events from decorations provider vscode.git 10130
2024-06-18 14:47:16.784 [warning] [Decorations] CAPPING events from decorations provider vscode.git 10130
2024-06-18 14:47:22.169 [warning] [Decorations] CAPPING events from decorations provider vscode.git 10130
2024-06-18 14:47:27.601 [warning] [Decorations] CAPPING events from decorations provider vscode.git 10130
2024-06-18 14:47:33.079 [warning] [Decorations] CAPPING events from decorations provider vscode.git 10130
2024-06-18 14:47:38.452 [warning] [Decorations] CAPPING events from decorations provider vscode.git 10130
2024-06-18 14:47:43.917 [warning] [Decorations] CAPPING events from decorations provider vscode.git 10130
2024-06-18 14:47:49.358 [warning] [Decorations] CAPPING events from decorations provider vscode.git 10130
2024-06-18 14:47:54.821 [warning] [Decorations] CAPPING events from decorations provider vscode.git 10130
2024-06-18 14:48:04.404 [warning] [Decorations] CAPPING events from decorations provider vscode.git 10130
2024-06-18 14:48:11.359 [warning] [Decorations] CAPPING events from decorations provider vscode.git 10130
2024-06-18 14:48:18.361 [warning] [Decorations] CAPPING events from decorations provider vscode.git 10130
2024-06-18 14:50:46.653 [warning] [Decorations] CAPPING events from decorations provider vscode.git 10130
2024-06-18 14:51:02.942 [warning] [Decorations] CAPPING events from decorations provider vscode.git 10130
2024-06-18 14:51:08.479 [warning] [Decorations] CAPPING events from decorations provider vscode.git 10130
2024-06-18 14:51:14.001 [warning] [Decorations] CAPPING events from decorations provider vscode.git 10130
2024-06-18 14:51:19.452 [warning] [Decorations] CAPPING events from decorations provider vscode.git 10130
2024-06-18 14:51:24.921 [warning] [Decorations] CAPPING events from decorations provider vscode.git 10130
2024-06-18 14:51:30.408 [warning] [Decorations] CAPPING events from decorations provider vscode.git 10130
2024-06-18 14:51:41.523 [warning] [Decorations] CAPPING events from decorations provider vscode.git 10130
2024-06-18 14:51:47.040 [warning] [Decorations] CAPPING events from decorations provider vscode.git 10130
2024-06-18 14:51:52.576 [warning] [Decorations] CAPPING events from decorations provider vscode.git 10130
2024-06-18 14:51:58.093 [warning] [Decorations] CAPPING events from decorations provider vscode.git 10130
2024-06-18 14:52:03.778 [warning] [Decorations] CAPPING events from decorations provider vscode.git 10130
2024-06-18 14:52:09.454 [warning] [Decorations] CAPPING events from decorations provider vscode.git 10130
2024-06-18 14:52:14.992 [warning] [Decorations] CAPPING events from decorations provider vscode.git 10130
2024-06-18 14:52:20.611 [warning] [Decorations] CAPPING events from decorations provider vscode.git 10130
2024-06-18 14:52:26.229 [warning] [Decorations] CAPPING events from decorations provider vscode.git 10130
2024-06-18 14:52:33.021 [warning] [Decorations] CAPPING events from decorations provider vscode.git 10130
2024-06-18 14:52:38.515 [warning] [Decorations] CAPPING events from decorations provider vscode.git 10130
2024-06-18 14:52:44.074 [warning] [Decorations] CAPPING events from decorations provider vscode.git 10130
2024-06-18 14:52:49.745 [warning] [Decorations] CAPPING events from decorations provider vscode.git 10130
2024-06-18 14:52:55.234 [warning] [Decorations] CAPPING events from decorations provider vscode.git 10130
2024-06-18 14:53:00.774 [warning] [Decorations] CAPPING events from decorations provider vscode.git 10130
2024-06-18 14:53:06.311 [warning] [Decorations] CAPPING events from decorations provider vscode.git 10130
2024-06-18 14:53:11.874 [warning] [Decorations] CAPPING events from decorations provider vscode.git 10130
2024-06-18 14:53:17.368 [warning] [Decorations] CAPPING events from decorations provider vscode.git 10130
2024-06-18 14:53:22.845 [warning] [Decorations] CAPPING events from decorations provider vscode.git 10130
2024-06-18 14:53:28.360 [warning] [Decorations] CAPPING events from decorations provider vscode.git 10130
2024-06-18 14:53:33.782 [warning] [Decorations] CAPPING events from decorations provider vscode.git 10130
2024-06-18 14:53:39.357 [warning] [Decorations] CAPPING events from decorations provider vscode.git 10130
2024-06-18 14:53:44.808 [warning] [Decorations] CAPPING events from decorations provider vscode.git 10130
2024-06-18 14:53:50.267 [warning] [Decorations] CAPPING events from decorations provider vscode.git 10130
2024-06-18 14:53:55.790 [warning] [Decorations] CAPPING events from decorations provider vscode.git 10130
2024-06-18 14:57:24.475 [warning] [Decorations] CAPPING events from decorations provider vscode.git 10130
2024-06-18 15:02:51.277 [warning] [Decorations] CAPPING events from decorations provider vscode.git 10130
2024-06-18 15:02:56.775 [warning] [Decorations] CAPPING events from decorations provider vscode.git 10130
2024-06-18 15:03:02.312 [warning] [Decorations] CAPPING events from decorations provider vscode.git 10130
2024-06-18 15:03:13.390 [warning] [Decorations] CAPPING events from decorations provider vscode.git 10130
2024-06-18 15:04:29.747 [warning] [Decorations] CAPPING events from decorations provider vscode.git 10130
2024-06-18 15:04:31.598 [info] ExtensionService#_doActivateExtension ms-vsliveshare.vsliveshare, startup: false, activationEvent: 'onCommand:liveshare.start'
2024-06-18 15:04:35.445 [warning] [Decorations] CAPPING events from decorations provider vscode.git 10130
2024-06-18 15:04:40.949 [warning] [Decorations] CAPPING events from decorations provider vscode.git 10130
2024-06-18 15:04:46.518 [warning] [Decorations] CAPPING events from decorations provider vscode.git 10130
2024-06-18 15:04:55.170 [warning] [Decorations] CAPPING events from decorations provider vscode.git 10130
2024-06-18 15:05:02.803 [warning] [Decorations] CAPPING events from decorations provider vscode.git 10130
2024-06-18 15:05:08.388 [warning] [Decorations] CAPPING events from decorations provider vscode.git 10130
2024-06-18 15:05:13.846 [warning] [Decorations] CAPPING events from decorations provider vscode.git 10130
2024-06-18 15:05:19.350 [warning] [Decorations] CAPPING events from decorations provider vscode.git 10130
2024-06-18 15:05:25.653 [warning] [Decorations] CAPPING events from decorations provider vscode.git 10130
2024-06-18 15:09:12.801 [warning] [Decorations] CAPPING events from decorations provider vscode.git 10130
2024-06-18 15:09:18.266 [warning] [Decorations] CAPPING events from decorations provider vscode.git 10130
2024-06-18 15:10:19.916 [warning] [Decorations] CAPPING events from decorations provider vscode.git 10130
2024-06-18 15:10:25.374 [warning] [Decorations] CAPPING events from decorations provider vscode.git 10130
2024-06-18 15:10:30.836 [warning] [Decorations] CAPPING events from decorations provider vscode.git 10130
2024-06-18 15:10:36.343 [warning] [Decorations] CAPPING events from decorations provider vscode.git 10130
2024-06-18 15:10:41.795 [warning] [Decorations] CAPPING events from decorations provider vscode.git 10130
2024-06-18 15:10:47.296 [warning] [Decorations] CAPPING events from decorations provider vscode.git 10130
2024-06-18 15:14:34.931 [warning] [Decorations] CAPPING events from decorations provider vscode.git 10130
2024-06-18 15:14:40.421 [warning] [Decorations] CAPPING events from decorations provider vscode.git 10130
2024-06-18 15:14:46.066 [warning] [Decorations] CAPPING events from decorations provider vscode.git 10130
2024-06-18 15:14:51.510 [warning] [Decorations] CAPPING events from decorations provider vscode.git 10130
2024-06-18 15:14:57.234 [warning] [Decorations] CAPPING events from decorations provider vscode.git 10130
2024-06-18 15:15:02.819 [warning] [Decorations] CAPPING events from decorations provider vscode.git 10130
2024-06-18 15:15:08.328 [warning] [Decorations] CAPPING events from decorations provider vscode.git 10130
2024-06-18 15:15:13.755 [warning] [Decorations] CAPPING events from decorations provider vscode.git 10130
2024-06-18 15:15:19.253 [warning] [Decorations] CAPPING events from decorations provider vscode.git 10130
2024-06-18 15:15:24.713 [warning] [Decorations] CAPPING events from decorations provider vscode.git 10130
2024-06-18 15:15:30.449 [warning] [Decorations] CAPPING events from decorations provider vscode.git 10130
2024-06-18 15:15:36.104 [warning] [Decorations] CAPPING events from decorations provider vscode.git 10130
2024-06-18 15:15:41.688 [warning] [Decorations] CAPPING events from decorations provider vscode.git 10130
2024-06-18 15:15:47.337 [warning] [Decorations] CAPPING events from decorations provider vscode.git 10130
2024-06-18 15:15:52.842 [warning] [Decorations] CAPPING events from decorations provider vscode.git 10130
2024-06-18 15:15:58.388 [warning] [Decorations] CAPPING events from decorations provider vscode.git 10130
2024-06-18 15:16:03.926 [warning] [Decorations] CAPPING events from decorations provider vscode.git 10130
2024-06-18 15:16:09.664 [warning] [Decorations] CAPPING events from decorations provider vscode.git 10130
2024-06-18 15:16:15.176 [warning] [Decorations] CAPPING events from decorations provider vscode.git 10130
2024-06-18 15:16:20.681 [warning] [Decorations] CAPPING events from decorations provider vscode.git 10130
2024-06-18 15:16:26.158 [warning] [Decorations] CAPPING events from decorations provider vscode.git 10130
2024-06-18 15:16:31.631 [warning] [Decorations] CAPPING events from decorations provider vscode.git 10130
2024-06-18 15:16:37.072 [warning] [Decorations] CAPPING events from decorations provider vscode.git 10130
2024-06-18 15:16:42.725 [warning] [Decorations] CAPPING events from decorations provider vscode.git 10130
2024-06-18 15:16:48.346 [warning] [Decorations] CAPPING events from decorations provider vscode.git 10131
2024-06-18 15:16:53.871 [warning] [Decorations] CAPPING events from decorations provider vscode.git 10131
2024-06-18 15:16:59.397 [warning] [Decorations] CAPPING events from decorations provider vscode.git 10131
2024-06-18 15:17:05.065 [warning] [Decorations] CAPPING events from decorations provider vscode.git 10131
2024-06-18 15:17:10.826 [warning] [Decorations] CAPPING events from decorations provider vscode.git 10131
2024-06-18 15:17:16.397 [warning] [Decorations] CAPPING events from decorations provider vscode.git 10131
2024-06-18 15:17:21.848 [warning] [Decorations] CAPPING events from decorations provider vscode.git 10131
2024-06-18 15:17:27.374 [warning] [Decorations] CAPPING events from decorations provider vscode.git 10131
2024-06-18 15:17:33.029 [warning] [Decorations] CAPPING events from decorations provider vscode.git 10131
2024-06-18 15:17:41.324 [warning] [Decorations] CAPPING events from decorations provider vscode.git 10131
2024-06-18 15:17:57.735 [warning] [Decorations] CAPPING events from decorations provider vscode.git 10131
2024-06-18 15:18:03.455 [warning] [Decorations] CAPPING events from decorations provider vscode.git 10131
2024-06-18 15:18:09.090 [warning] [Decorations] CAPPING events from decorations provider vscode.git 10131
2024-06-18 15:18:14.599 [warning] [Decorations] CAPPING events from decorations provider vscode.git 10131
2024-06-18 15:18:20.244 [warning] [Decorations] CAPPING events from decorations provider vscode.git 10131
2024-06-18 15:18:33.129 [warning] [Decorations] CAPPING events from decorations provider vscode.git 10131
2024-06-18 15:19:16.182 [warning] [Decorations] CAPPING events from decorations provider vscode.git 10131
2024-06-18 15:20:20.955 [warning] [Decorations] CAPPING events from decorations provider vscode.git 10131
2024-06-18 15:20:26.704 [warning] [Decorations] CAPPING events from decorations provider vscode.git 10132
2024-06-18 15:20:32.145 [warning] [Decorations] CAPPING events from decorations provider vscode.git 10132
2024-06-18 15:20:39.215 [warning] [Decorations] CAPPING events from decorations provider vscode.git 10132
2024-06-18 15:20:47.573 [warning] [Decorations] CAPPING events from decorations provider vscode.git 10132
2024-06-18 15:21:02.654 [warning] [Decorations] CAPPING events from decorations provider vscode.git 10132
2024-06-18 15:21:41.167 [warning] [Decorations] CAPPING events from decorations provider vscode.git 10132
2024-06-18 15:21:50.787 [warning] [Decorations] CAPPING events from decorations provider vscode.git 10132
2024-06-18 15:21:56.318 [warning] [Decorations] CAPPING events from decorations provider vscode.git 10132
2024-06-18 15:22:04.018 [warning] [Decorations] CAPPING events from decorations provider vscode.git 10132
2024-06-18 15:22:09.523 [warning] [Decorations] CAPPING events from decorations provider vscode.git 10132
2024-06-18 15:22:15.056 [warning] [Decorations] CAPPING events from decorations provider vscode.git 10132
2024-06-18 15:22:20.706 [warning] [Decorations] CAPPING events from decorations provider vscode.git 10132
2024-06-18 15:22:26.427 [warning] [Decorations] CAPPING events from decorations provider vscode.git 10132
2024-06-18 15:22:31.940 [warning] [Decorations] CAPPING events from decorations provider vscode.git 10132
2024-06-18 15:22:37.452 [warning] [Decorations] CAPPING events from decorations provider vscode.git 10132
2024-06-18 15:22:43.038 [warning] [Decorations] CAPPING events from decorations provider vscode.git 10132
2024-06-18 15:22:48.675 [warning] [Decorations] CAPPING events from decorations provider vscode.git 10132
2024-06-18 15:22:54.235 [warning] [Decorations] CAPPING events from decorations provider vscode.git 10132
2024-06-18 15:23:12.249 [warning] [Decorations] CAPPING events from decorations provider vscode.git 10132
2024-06-18 15:23:17.773 [warning] [Decorations] CAPPING events from decorations provider vscode.git 10132
2024-06-18 15:23:23.463 [warning] [Decorations] CAPPING events from decorations provider vscode.git 10132
2024-06-18 15:23:36.320 [warning] [Decorations] CAPPING events from decorations provider vscode.git 10132
2024-06-18 15:24:21.923 [warning] [Decorations] CAPPING events from decorations provider vscode.git 10132
2024-06-18 15:24:27.503 [warning] [Decorations] CAPPING events from decorations provider vscode.git 10132
2024-06-18 15:24:34.638 [warning] [Decorations] CAPPING events from decorations provider vscode.git 10132
2024-06-18 15:24:40.177 [warning] [Decorations] CAPPING events from decorations provider vscode.git 10132
2024-06-18 15:24:45.725 [warning] [Decorations] CAPPING events from decorations provider vscode.git 10132
2024-06-18 15:24:51.294 [warning] [Decorations] CAPPING events from decorations provider vscode.git 10132
2024-06-18 15:24:57.057 [warning] [Decorations] CAPPING events from decorations provider vscode.git 10132
2024-06-18 15:25:02.746 [warning] [Decorations] CAPPING events from decorations provider vscode.git 10132
2024-06-18 15:25:09.326 [warning] [Decorations] CAPPING events from decorations provider vscode.git 10132
2024-06-18 15:25:17.342 [warning] [Decorations] CAPPING events from decorations provider vscode.git 10134
2024-06-18 15:25:23.182 [warning] [Decorations] CAPPING events from decorations provider vscode.git 10134
2024-06-18 15:25:28.779 [warning] [Decorations] CAPPING events from decorations provider vscode.git 10134
2024-06-18 15:25:34.418 [warning] [Decorations] CAPPING events from decorations provider vscode.git 10134
2024-06-18 15:25:40.038 [warning] [Decorations] CAPPING events from decorations provider vscode.git 10134
2024-06-18 15:25:45.615 [warning] [Decorations] CAPPING events from decorations provider vscode.git 10134
2024-06-18 15:25:51.144 [warning] [Decorations] CAPPING events from decorations provider vscode.git 10134
2024-06-18 15:25:56.711 [warning] [Decorations] CAPPING events from decorations provider vscode.git 10135
2024-06-18 15:26:03.022 [warning] [Decorations] CAPPING events from decorations provider vscode.git 10135
2024-06-18 15:26:08.718 [warning] [Decorations] CAPPING events from decorations provider vscode.git 10135
2024-06-18 15:26:14.457 [warning] [Decorations] CAPPING events from decorations provider vscode.git 10135
2024-06-18 15:26:19.999 [warning] [Decorations] CAPPING events from decorations provider vscode.git 10135
2024-06-18 15:26:25.745 [warning] [Decorations] CAPPING events from decorations provider vscode.git 10135
2024-06-18 15:26:31.444 [warning] [Decorations] CAPPING events from decorations provider vscode.git 10135
2024-06-18 15:26:37.208 [warning] [Decorations] CAPPING events from decorations provider vscode.git 10135
2024-06-18 15:26:42.740 [warning] [Decorations] CAPPING events from decorations provider vscode.git 10135
2024-06-18 15:26:48.348 [warning] [Decorations] CAPPING events from decorations provider vscode.git 10135
2024-06-18 15:26:53.910 [warning] [Decorations] CAPPING events from decorations provider vscode.git 10135
2024-06-18 15:26:59.613 [warning] [Decorations] CAPPING events from decorations provider vscode.git 10136
2024-06-18 15:27:05.385 [warning] [Decorations] CAPPING events from decorations provider vscode.git 10136
2024-06-18 15:27:10.978 [warning] [Decorations] CAPPING events from decorations provider vscode.git 10136
2024-06-18 15:27:16.761 [warning] [Decorations] CAPPING events from decorations provider vscode.git 10136
2024-06-18 15:27:22.405 [warning] [Decorations] CAPPING events from decorations provider vscode.git 10136
2024-06-18 15:27:28.096 [warning] [Decorations] CAPPING events from decorations provider vscode.git 10136
2024-06-18 15:27:33.864 [warning] [Decorations] CAPPING events from decorations provider vscode.git 10136
2024-06-18 15:27:39.468 [warning] [Decorations] CAPPING events from decorations provider vscode.git 10137
2024-06-18 15:27:45.216 [warning] [Decorations] CAPPING events from decorations provider vscode.git 10137
2024-06-18 15:27:50.827 [warning] [Decorations] CAPPING events from decorations provider vscode.git 10137
2024-06-18 15:27:56.852 [warning] [Decorations] CAPPING events from decorations provider vscode.git 10137
2024-06-18 15:28:02.469 [warning] [Decorations] CAPPING events from decorations provider vscode.git 10137
2024-06-18 15:28:08.042 [warning] [Decorations] CAPPING events from decorations provider vscode.git 10137
2024-06-18 15:28:13.666 [warning] [Decorations] CAPPING events from decorations provider vscode.git 10137
2024-06-18 15:28:19.375 [warning] [Decorations] CAPPING events from decorations provider vscode.git 10137
2024-06-18 15:28:24.988 [warning] [Decorations] CAPPING events from decorations provider vscode.git 10137
2024-06-18 15:28:30.594 [warning] [Decorations] CAPPING events from decorations provider vscode.git 10137
2024-06-18 15:28:36.321 [warning] [Decorations] CAPPING events from decorations provider vscode.git 10137
2024-06-18 15:28:42.370 [warning] [Decorations] CAPPING events from decorations provider vscode.git 10137
2024-06-18 15:28:48.175 [warning] [Decorations] CAPPING events from decorations provider vscode.git 10137
2024-06-18 15:28:53.725 [warning] [Decorations] CAPPING events from decorations provider vscode.git 10139
2024-06-18 15:28:59.745 [warning] [Decorations] CAPPING events from decorations provider vscode.git 10139
2024-06-18 15:29:05.618 [warning] [Decorations] CAPPING events from decorations provider vscode.git 10140
2024-06-18 15:29:11.503 [warning] [Decorations] CAPPING events from decorations provider vscode.git 10140
2024-06-18 15:29:17.231 [warning] [Decorations] CAPPING events from decorations provider vscode.git 10140
2024-06-18 15:29:22.831 [warning] [Decorations] CAPPING events from decorations provider vscode.git 10140
2024-06-18 15:29:28.445 [warning] [Decorations] CAPPING events from decorations provider vscode.git 10141
2024-06-18 15:29:34.433 [warning] [Decorations] CAPPING events from decorations provider vscode.git 10141
2024-06-18 15:29:40.183 [warning] [Decorations] CAPPING events from decorations provider vscode.git 10141
2024-06-18 15:29:45.766 [warning] [Decorations] CAPPING events from decorations provider vscode.git 10141
2024-06-18 15:29:51.385 [warning] [Decorations] CAPPING events from decorations provider vscode.git 10141
2024-06-18 15:29:57.033 [warning] [Decorations] CAPPING events from decorations provider vscode.git 10141
2024-06-18 15:30:02.834 [warning] [Decorations] CAPPING events from decorations provider vscode.git 10141
2024-06-18 15:30:08.888 [warning] [Decorations] CAPPING events from decorations provider vscode.git 10141
2024-06-18 15:30:14.779 [warning] [Decorations] CAPPING events from decorations provider vscode.git 10142
2024-06-18 15:30:20.462 [warning] [Decorations] CAPPING events from decorations provider vscode.git 10142
2024-06-18 15:30:26.221 [warning] [Decorations] CAPPING events from decorations provider vscode.git 10142
2024-06-18 15:30:31.940 [warning] [Decorations] CAPPING events from decorations provider vscode.git 10142
2024-06-18 15:30:37.580 [warning] [Decorations] CAPPING events from decorations provider vscode.git 10142
2024-06-18 15:30:43.317 [warning] [Decorations] CAPPING events from decorations provider vscode.git 10142
2024-06-18 15:30:48.975 [warning] [Decorations] CAPPING events from decorations provider vscode.git 10142
2024-06-18 15:30:56.666 [warning] [Decorations] CAPPING events from decorations provider vscode.git 10142
2024-06-18 15:31:02.960 [warning] [Decorations] CAPPING events from decorations provider vscode.git 10144
2024-06-18 15:31:08.789 [warning] [Decorations] CAPPING events from decorations provider vscode.git 10144
2024-06-18 15:31:14.387 [warning] [Decorations] CAPPING events from decorations provider vscode.git 10144
2024-06-18 15:31:20.084 [warning] [Decorations] CAPPING events from decorations provider vscode.git 10144
2024-06-18 15:31:25.703 [warning] [Decorations] CAPPING events from decorations provider vscode.git 10144
2024-06-18 15:31:31.291 [warning] [Decorations] CAPPING events from decorations provider vscode.git 10144
2024-06-18 15:31:36.906 [warning] [Decorations] CAPPING events from decorations provider vscode.git 10144
2024-06-18 15:31:42.832 [warning] [Decorations] CAPPING events from decorations provider vscode.git 10144
2024-06-18 15:31:48.451 [warning] [Decorations] CAPPING events from decorations provider vscode.git 10145
2024-06-18 15:31:54.097 [warning] [Decorations] CAPPING events from decorations provider vscode.git 10146
2024-06-18 15:31:59.820 [warning] [Decorations] CAPPING events from decorations provider vscode.git 10146
2024-06-18 15:32:05.581 [warning] [Decorations] CAPPING events from decorations provider vscode.git 10146
2024-06-18 15:32:11.680 [warning] [Decorations] CAPPING events from decorations provider vscode.git 10146
2024-06-18 15:32:17.307 [warning] [Decorations] CAPPING events from decorations provider vscode.git 10146
2024-06-18 15:32:23.470 [warning] [Decorations] CAPPING events from decorations provider vscode.git 10146
2024-06-18 15:32:30.830 [warning] [Decorations] CAPPING events from decorations provider vscode.git 10146
2024-06-18 15:32:40.309 [warning] [Decorations] CAPPING events from decorations provider vscode.git 10146
2024-06-18 15:32:50.173 [warning] [Decorations] CAPPING events from decorations provider vscode.git 10146
2024-06-18 15:32:58.590 [warning] [Decorations] CAPPING events from decorations provider vscode.git 10146
2024-06-18 15:33:04.884 [warning] [Decorations] CAPPING events from decorations provider vscode.git 10147
2024-06-18 15:33:34.627 [warning] [Decorations] CAPPING events from decorations provider vscode.git 10147
2024-06-18 15:33:40.293 [warning] [Decorations] CAPPING events from decorations provider vscode.git 10148
2024-06-18 15:33:47.035 [warning] [Decorations] CAPPING events from decorations provider vscode.git 10148
2024-06-18 15:33:52.778 [warning] [Decorations] CAPPING events from decorations provider vscode.git 10149
2024-06-18 15:33:58.531 [warning] [Decorations] CAPPING events from decorations provider vscode.git 10149
2024-06-18 15:34:04.725 [warning] [Decorations] CAPPING events from decorations provider vscode.git 10149
2024-06-18 15:34:10.591 [warning] [Decorations] CAPPING events from decorations provider vscode.git 10149
2024-06-18 15:34:16.224 [warning] [Decorations] CAPPING events from decorations provider vscode.git 10149
2024-06-18 15:34:30.530 [warning] [Decorations] CAPPING events from decorations provider vscode.git 10149
2024-06-18 15:35:06.917 [warning] [Decorations] CAPPING events from decorations provider vscode.git 10150
2024-06-18 15:35:13.105 [warning] [Decorations] CAPPING events from decorations provider vscode.git 10151
2024-06-18 15:35:40.044 [warning] [Decorations] CAPPING events from decorations provider vscode.git 10151
2024-06-18 15:35:45.631 [warning] [Decorations] CAPPING events from decorations provider vscode.git 10151
2024-06-18 15:36:01.495 [warning] [Decorations] CAPPING events from decorations provider vscode.git 10151
2024-06-18 15:36:07.441 [warning] [Decorations] CAPPING events from decorations provider vscode.git 10152
2024-06-18 15:36:14.340 [warning] [Decorations] CAPPING events from decorations provider vscode.git 10152
2024-06-18 15:36:48.061 [warning] [Decorations] CAPPING events from decorations provider vscode.git 10152
2024-06-18 15:36:53.664 [warning] [Decorations] CAPPING events from decorations provider vscode.git 10152
2024-06-18 15:36:59.675 [warning] [Decorations] CAPPING events from decorations provider vscode.git 10153
2024-06-18 15:37:12.198 [warning] [Decorations] CAPPING events from decorations provider vscode.git 10153
2024-06-18 15:37:17.859 [warning] [Decorations] CAPPING events from decorations provider vscode.git 10153
2024-06-18 15:37:23.531 [warning] [Decorations] CAPPING events from decorations provider vscode.git 10153
2024-06-18 15:37:29.948 [warning] [Decorations] CAPPING events from decorations provider vscode.git 10153
2024-06-18 15:37:35.848 [warning] [Decorations] CAPPING events from decorations provider vscode.git 10154
2024-06-18 15:37:41.482 [warning] [Decorations] CAPPING events from decorations provider vscode.git 10154
2024-06-18 15:37:47.073 [warning] [Decorations] CAPPING events from decorations provider vscode.git 10154
2024-06-18 15:37:52.782 [warning] [Decorations] CAPPING events from decorations provider vscode.git 10154
2024-06-18 15:37:58.407 [warning] [Decorations] CAPPING events from decorations provider vscode.git 10154
2024-06-18 15:38:05.668 [warning] [Decorations] CAPPING events from decorations provider vscode.git 10155
2024-06-18 15:38:12.075 [warning] [Decorations] CAPPING events from decorations provider vscode.git 10155
2024-06-18 15:38:17.836 [warning] [Decorations] CAPPING events from decorations provider vscode.git 10155
2024-06-18 15:38:23.585 [warning] [Decorations] CAPPING events from decorations provider vscode.git 10155
2024-06-18 15:38:29.517 [warning] [Decorations] CAPPING events from decorations provider vscode.git 10155
2024-06-18 15:38:35.112 [warning] [Decorations] CAPPING events from decorations provider vscode.git 10155
2024-06-18 15:38:41.045 [warning] [Decorations] CAPPING events from decorations provider vscode.git 10155
2024-06-18 15:38:46.803 [warning] [Decorations] CAPPING events from decorations provider vscode.git 10155
2024-06-18 15:38:52.368 [warning] [Decorations] CAPPING events from decorations provider vscode.git 10156
2024-06-18 15:38:58.065 [warning] [Decorations] CAPPING events from decorations provider vscode.git 10156
2024-06-18 15:39:03.738 [warning] [Decorations] CAPPING events from decorations provider vscode.git 10157
2024-06-18 15:39:09.314 [warning] [Decorations] CAPPING events from decorations provider vscode.git 10157
2024-06-18 15:39:23.151 [warning] [Decorations] CAPPING events from decorations provider vscode.git 10157
2024-06-18 15:39:38.611 [warning] [Decorations] CAPPING events from decorations provider vscode.git 10157
2024-06-18 15:39:44.846 [warning] [Decorations] CAPPING events from decorations provider vscode.git 10157
2024-06-18 15:39:50.544 [warning] [Decorations] CAPPING events from decorations provider vscode.git 10157
2024-06-18 15:39:56.170 [warning] [Decorations] CAPPING events from decorations provider vscode.git 10157
2024-06-18 15:40:01.929 [warning] [Decorations] CAPPING events from decorations provider vscode.git 10157
2024-06-18 15:40:07.485 [warning] [Decorations] CAPPING events from decorations provider vscode.git 10157
2024-06-18 15:40:13.143 [warning] [Decorations] CAPPING events from decorations provider vscode.git 10157
2024-06-18 15:40:31.088 [warning] [Decorations] CAPPING events from decorations provider vscode.git 10157
2024-06-18 15:40:36.678 [warning] [Decorations] CAPPING events from decorations provider vscode.git 10157
2024-06-18 15:40:42.211 [warning] [Decorations] CAPPING events from decorations provider vscode.git 10157
2024-06-18 15:40:47.800 [warning] [Decorations] CAPPING events from decorations provider vscode.git 10157
2024-06-18 15:40:53.429 [warning] [Decorations] CAPPING events from decorations provider vscode.git 10157
2024-06-18 15:41:09.227 [warning] [Decorations] CAPPING events from decorations provider vscode.git 10157
2024-06-18 15:41:14.913 [warning] [Decorations] CAPPING events from decorations provider vscode.git 10157
2024-06-18 15:41:20.544 [warning] [Decorations] CAPPING events from decorations provider vscode.git 10157
2024-06-18 15:41:26.237 [warning] [Decorations] CAPPING events from decorations provider vscode.git 10157
2024-06-18 15:41:31.875 [warning] [Decorations] CAPPING events from decorations provider vscode.git 10157
2024-06-18 15:41:37.447 [warning] [Decorations] CAPPING events from decorations provider vscode.git 10157
2024-06-18 15:41:43.822 [warning] [Decorations] CAPPING events from decorations provider vscode.git 10157
2024-06-18 15:41:49.786 [warning] [Decorations] CAPPING events from decorations provider vscode.git 10157
2024-06-18 15:41:55.367 [warning] [Decorations] CAPPING events from decorations provider vscode.git 10158
2024-06-18 15:42:01.010 [warning] [Decorations] CAPPING events from decorations provider vscode.git 10158
2024-06-18 15:42:06.695 [warning] [Decorations] CAPPING events from decorations provider vscode.git 10158
2024-06-18 15:42:12.313 [warning] [Decorations] CAPPING events from decorations provider vscode.git 10158
2024-06-18 15:42:17.942 [warning] [Decorations] CAPPING events from decorations provider vscode.git 10158
2024-06-18 15:42:23.560 [warning] [Decorations] CAPPING events from decorations provider vscode.git 10158
2024-06-18 15:42:29.333 [warning] [Decorations] CAPPING events from decorations provider vscode.git 10159
2024-06-18 15:42:34.949 [warning] [Decorations] CAPPING events from decorations provider vscode.git 10159
2024-06-18 15:42:58.142 [warning] [Decorations] CAPPING events from decorations provider vscode.git 10159
2024-06-18 15:43:03.893 [warning] [Decorations] CAPPING events from decorations provider vscode.git 10159
2024-06-18 15:43:09.693 [warning] [Decorations] CAPPING events from decorations provider vscode.git 10159
2024-06-18 15:43:15.300 [warning] [Decorations] CAPPING events from decorations provider vscode.git 10159
2024-06-18 15:43:20.907 [warning] [Decorations] CAPPING events from decorations provider vscode.git 10160
2024-06-18 15:43:26.496 [warning] [Decorations] CAPPING events from decorations provider vscode.git 10160
2024-06-18 15:44:53.982 [warning] [Decorations] CAPPING events from decorations provider vscode.git 10165
2024-06-18 15:44:59.789 [warning] [Decorations] CAPPING events from decorations provider vscode.git 10165
2024-06-18 15:45:05.550 [warning] [Decorations] CAPPING events from decorations provider vscode.git 10165
2024-06-18 15:45:11.328 [warning] [Decorations] CAPPING events from decorations provider vscode.git 10165
2024-06-18 15:45:17.176 [warning] [Decorations] CAPPING events from decorations provider vscode.git 10165
2024-06-18 15:45:22.840 [warning] [Decorations] CAPPING events from decorations provider vscode.git 10165
2024-06-18 15:45:28.443 [warning] [Decorations] CAPPING events from decorations provider vscode.git 10165
2024-06-18 15:45:34.107 [warning] [Decorations] CAPPING events from decorations provider vscode.git 10165
2024-06-18 15:45:41.704 [warning] [Decorations] CAPPING events from decorations provider vscode.git 10165
2024-06-18 15:45:47.320 [warning] [Decorations] CAPPING events from decorations provider vscode.git 10165
2024-06-18 15:45:53.288 [warning] [Decorations] CAPPING events from decorations provider vscode.git 10165
2024-06-18 15:46:02.362 [warning] [Decorations] CAPPING events from decorations provider vscode.git 10165
2024-06-18 15:46:30.936 [warning] [Decorations] CAPPING events from decorations provider vscode.git 10165
2024-06-18 15:46:36.544 [warning] [Decorations] CAPPING events from decorations provider vscode.git 10166
2024-06-18 15:46:42.201 [warning] [Decorations] CAPPING events from decorations provider vscode.git 10166
2024-06-18 15:47:18.387 [warning] [Decorations] CAPPING events from decorations provider vscode.git 10166
2024-06-18 15:48:08.325 [warning] [Decorations] CAPPING events from decorations provider vscode.git 10166
2024-06-18 15:48:13.931 [warning] [Decorations] CAPPING events from decorations provider vscode.git 10166
2024-06-18 15:48:19.488 [warning] [Decorations] CAPPING events from decorations provider vscode.git 10167
2024-06-18 15:48:37.239 [warning] [Decorations] CAPPING events from decorations provider vscode.git 10167
2024-06-18 15:48:42.874 [warning] [Decorations] CAPPING events from decorations provider vscode.git 10167
2024-06-18 15:48:51.538 [warning] [Decorations] CAPPING events from decorations provider vscode.git 10168
2024-06-18 15:49:05.017 [warning] [Decorations] CAPPING events from decorations provider vscode.git 10169
2024-06-18 15:49:10.648 [warning] [Decorations] CAPPING events from decorations provider vscode.git 10170
2024-06-18 15:49:54.762 [warning] [Decorations] CAPPING events from decorations provider vscode.git 10170
2024-06-18 15:50:07.835 [warning] [Decorations] CAPPING events from decorations provider vscode.git 10170
2024-06-18 15:50:26.979 [warning] [Decorations] CAPPING events from decorations provider vscode.git 10170
2024-06-18 15:50:32.720 [warning] [Decorations] CAPPING events from decorations provider vscode.git 10170
2024-06-18 15:50:38.188 [warning] [Decorations] CAPPING events from decorations provider vscode.git 10170
2024-06-18 15:50:43.756 [warning] [Decorations] CAPPING events from decorations provider vscode.git 10170
2024-06-18 15:51:42.393 [warning] [Decorations] CAPPING events from decorations provider vscode.git 10170
2024-06-18 15:51:48.565 [warning] [Decorations] CAPPING events from decorations provider vscode.git 10170
2024-06-18 15:51:56.826 [warning] [Decorations] CAPPING events from decorations provider vscode.git 10170
2024-06-18 15:52:02.466 [warning] [Decorations] CAPPING events from decorations provider vscode.git 10170
2024-06-18 15:52:08.185 [warning] [Decorations] CAPPING events from decorations provider vscode.git 10170
2024-06-18 15:52:13.793 [warning] [Decorations] CAPPING events from decorations provider vscode.git 10172
2024-06-18 15:52:19.985 [warning] [Decorations] CAPPING events from decorations provider vscode.git 10174
2024-06-18 15:52:25.607 [warning] [Decorations] CAPPING events from decorations provider vscode.git 10256
2024-06-18 15:52:41.141 [warning] [Decorations] CAPPING events from decorations provider vscode.git 10231
2024-06-18 15:52:46.683 [warning] [Decorations] CAPPING events from decorations provider vscode.git 10231
2024-06-18 15:52:52.300 [warning] [Decorations] CAPPING events from decorations provider vscode.git 10231
2024-06-18 15:52:58.018 [warning] [Decorations] CAPPING events from decorations provider vscode.git 10232
2024-06-18 15:53:03.839 [warning] [Decorations] CAPPING events from decorations provider vscode.git 10233
2024-06-18 15:53:09.468 [warning] [Decorations] CAPPING events from decorations provider vscode.git 10233
2024-06-18 15:53:22.302 [warning] [Decorations] CAPPING events from decorations provider vscode.git 10233
2024-06-18 15:53:32.389 [warning] [Decorations] CAPPING events from decorations provider vscode.git 10233
2024-06-18 15:53:38.080 [warning] [Decorations] CAPPING events from decorations provider vscode.git 10233
2024-06-18 15:53:56.902 [warning] [Decorations] CAPPING events from decorations provider vscode.git 10234
2024-06-18 15:54:02.627 [warning] [Decorations] CAPPING events from decorations provider vscode.git 10234
2024-06-18 15:54:08.188 [warning] [Decorations] CAPPING events from decorations provider vscode.git 10234
2024-06-18 15:54:13.778 [warning] [Decorations] CAPPING events from decorations provider vscode.git 10234
2024-06-18 15:54:19.340 [warning] [Decorations] CAPPING events from decorations provider vscode.git 10234
2024-06-18 15:54:24.885 [warning] [Decorations] CAPPING events from decorations provider vscode.git 10234
2024-06-18 15:54:30.588 [warning] [Decorations] CAPPING events from decorations provider vscode.git 10234
2024-06-18 15:54:43.742 [warning] [Decorations] CAPPING events from decorations provider vscode.git 10234
2024-06-18 15:54:49.406 [warning] [Decorations] CAPPING events from decorations provider vscode.git 10234
2024-06-18 15:54:55.126 [warning] [Decorations] CAPPING events from decorations provider vscode.git 10235
2024-06-18 15:55:00.644 [warning] [Decorations] CAPPING events from decorations provider vscode.git 10235
2024-06-18 15:55:22.916 [warning] [Decorations] CAPPING events from decorations provider vscode.git 10235
2024-06-18 15:55:28.435 [warning] [Decorations] CAPPING events from decorations provider vscode.git 10236
2024-06-18 15:55:33.955 [warning] [Decorations] CAPPING events from decorations provider vscode.git 10236
2024-06-18 15:55:39.538 [warning] [Decorations] CAPPING events from decorations provider vscode.git 10236
2024-06-18 15:55:45.253 [warning] [Decorations] CAPPING events from decorations provider vscode.git 10237
2024-06-18 15:55:50.908 [warning] [Decorations] CAPPING events from decorations provider vscode.git 10237
2024-06-18 15:56:07.381 [warning] [Decorations] CAPPING events from decorations provider vscode.git 10237
2024-06-18 15:56:13.207 [warning] [Decorations] CAPPING events from decorations provider vscode.git 10237
2024-06-18 15:56:26.448 [warning] [Decorations] CAPPING events from decorations provider vscode.git 10238
2024-06-18 15:56:38.651 [warning] [Decorations] CAPPING events from decorations provider vscode.git 10238
2024-06-18 15:56:44.195 [warning] [Decorations] CAPPING events from decorations provider vscode.git 10238
2024-06-18 15:56:59.501 [warning] [Decorations] CAPPING events from decorations provider vscode.git 10238
2024-06-18 15:57:05.175 [warning] [Decorations] CAPPING events from decorations provider vscode.git 10239
2024-06-18 15:57:10.974 [warning] [Decorations] CAPPING events from decorations provider vscode.git 10239
2024-06-18 15:57:16.498 [warning] [Decorations] CAPPING events from decorations provider vscode.git 10239
2024-06-18 15:57:28.127 [warning] [Decorations] CAPPING events from decorations provider vscode.git 10241
2024-06-18 15:57:33.683 [warning] [Decorations] CAPPING events from decorations provider vscode.git 10241
2024-06-18 15:57:39.263 [warning] [Decorations] CAPPING events from decorations provider vscode.git 10241
2024-06-18 15:57:45.401 [warning] [Decorations] CAPPING events from decorations provider vscode.git 10242
2024-06-18 15:57:50.951 [warning] [Decorations] CAPPING events from decorations provider vscode.git 10242
2024-06-18 15:57:56.529 [warning] [Decorations] CAPPING events from decorations provider vscode.git 10242
2024-06-18 15:58:02.199 [warning] [Decorations] CAPPING events from decorations provider vscode.git 10242
2024-06-18 15:58:08.013 [warning] [Decorations] CAPPING events from decorations provider vscode.git 10242
2024-06-18 15:58:13.583 [warning] [Decorations] CAPPING events from decorations provider vscode.git 10242
2024-06-18 15:58:25.379 [warning] [Decorations] CAPPING events from decorations provider vscode.git 10242
2024-06-18 15:58:30.916 [warning] [Decorations] CAPPING events from decorations provider vscode.git 10242
2024-06-18 15:58:47.483 [warning] [Decorations] CAPPING events from decorations provider vscode.git 10242
2024-06-18 15:58:53.068 [warning] [Decorations] CAPPING events from decorations provider vscode.git 10242
2024-06-18 15:58:58.658 [warning] [Decorations] CAPPING events from decorations provider vscode.git 10242
2024-06-18 15:59:04.318 [warning] [Decorations] CAPPING events from decorations provider vscode.git 10242
2024-06-18 15:59:10.130 [warning] [Decorations] CAPPING events from decorations provider vscode.git 10243
2024-06-18 15:59:15.731 [warning] [Decorations] CAPPING events from decorations provider vscode.git 10245
2024-06-18 15:59:22.387 [warning] [Decorations] CAPPING events from decorations provider vscode.git 10245
2024-06-18 15:59:27.913 [warning] [Decorations] CAPPING events from decorations provider vscode.git 10246
2024-06-18 15:59:33.528 [warning] [Decorations] CAPPING events from decorations provider vscode.git 10247
2024-06-18 15:59:39.244 [warning] [Decorations] CAPPING events from decorations provider vscode.git 10247
2024-06-18 15:59:44.875 [warning] [Decorations] CAPPING events from decorations provider vscode.git 10247
2024-06-18 15:59:50.448 [warning] [Decorations] CAPPING events from decorations provider vscode.git 10248
2024-06-18 15:59:56.256 [warning] [Decorations] CAPPING events from decorations provider vscode.git 10249
2024-06-18 16:00:01.913 [warning] [Decorations] CAPPING events from decorations provider vscode.git 10249
2024-06-18 16:00:07.491 [warning] [Decorations] CAPPING events from decorations provider vscode.git 10249
2024-06-18 16:00:13.286 [warning] [Decorations] CAPPING events from decorations provider vscode.git 10249
2024-06-18 16:00:18.876 [warning] [Decorations] CAPPING events from decorations provider vscode.git 10249
2024-06-18 16:00:24.492 [warning] [Decorations] CAPPING events from decorations provider vscode.git 10249
2024-06-18 16:00:30.148 [warning] [Decorations] CAPPING events from decorations provider vscode.git 10249
2024-06-18 16:00:35.741 [warning] [Decorations] CAPPING events from decorations provider vscode.git 10249
2024-06-18 16:00:41.417 [warning] [Decorations] CAPPING events from decorations provider vscode.git 10249
2024-06-18 16:00:47.042 [warning] [Decorations] CAPPING events from decorations provider vscode.git 10249
2024-06-18 16:00:53.784 [warning] [Decorations] CAPPING events from decorations provider vscode.git 10249
2024-06-18 16:01:03.133 [warning] [Decorations] CAPPING events from decorations provider vscode.git 10250
2024-06-18 16:02:24.437 [warning] [Decorations] CAPPING events from decorations provider vscode.git 10250
2024-06-18 16:02:33.170 [warning] [Decorations] CAPPING events from decorations provider vscode.git 10250
2024-06-18 16:02:50.581 [warning] [Decorations] CAPPING events from decorations provider vscode.git 10250
2024-06-18 16:02:56.139 [warning] [Decorations] CAPPING events from decorations provider vscode.git 10250
2024-06-18 16:03:01.836 [warning] [Decorations] CAPPING events from decorations provider vscode.git 10250
2024-06-18 16:03:07.430 [warning] [Decorations] CAPPING events from decorations provider vscode.git 10250
2024-06-18 16:03:14.205 [warning] [Decorations] CAPPING events from decorations provider vscode.git 10250
2024-06-18 16:03:19.720 [warning] [Decorations] CAPPING events from decorations provider vscode.git 10250
2024-06-18 16:03:22.121 [info] ExtensionService#_doActivateExtension vscode.css-language-features, startup: false, activationEvent: 'onLanguage:scss'
2024-06-18 16:03:25.461 [warning] [Decorations] CAPPING events from decorations provider vscode.git 10250
2024-06-18 16:03:31.093 [warning] [Decorations] CAPPING events from decorations provider vscode.git 10250
2024-06-18 16:03:36.915 [warning] [Decorations] CAPPING events from decorations provider vscode.git 10252
2024-06-18 16:03:42.573 [warning] [Decorations] CAPPING events from decorations provider vscode.git 10252
2024-06-18 16:03:48.217 [warning] [Decorations] CAPPING events from decorations provider vscode.git 10252
2024-06-18 16:03:53.798 [warning] [Decorations] CAPPING events from decorations provider vscode.git 10252
2024-06-18 16:04:00.453 [warning] [Decorations] CAPPING events from decorations provider vscode.git 10254
2024-06-18 16:04:06.835 [warning] [Decorations] CAPPING events from decorations provider vscode.git 10254
2024-06-18 16:04:15.904 [warning] [Decorations] CAPPING events from decorations provider vscode.git 10255
2024-06-18 16:04:21.448 [warning] [Decorations] CAPPING events from decorations provider vscode.git 10255
2024-06-18 16:04:27.082 [warning] [Decorations] CAPPING events from decorations provider vscode.git 10255
2024-06-18 16:04:32.606 [warning] [Decorations] CAPPING events from decorations provider vscode.git 10255
2024-06-18 16:04:38.246 [warning] [Decorations] CAPPING events from decorations provider vscode.git 10256
2024-06-18 16:04:44.200 [warning] [Decorations] CAPPING events from decorations provider vscode.git 10256
2024-06-18 16:04:49.871 [warning] [Decorations] CAPPING events from decorations provider vscode.git 10257
2024-06-18 16:57:40.077 [info] Extension host terminating: renderer disconnected for too long (2)
2024-06-18 16:57:40.078 [info] Lock '/home/student/.vscode-server/data/User/workspaceStorage/5a2915a91ec150ae05f18a5fbc4e7562/vscode.lock': Marking the lockfile as scheduled to be released in 6000 ms.
2024-06-18 16:57:40.266 [error] Canceled: Canceled
	at new A (/home/student/.vscode-server/cli/servers/Stable-611f9bfce64f25108829dd295f54a6894e87339d/server/out/vs/workbench/api/node/extensionHostProcess.js:145:50615)
	at E.U (/home/student/.vscode-server/cli/servers/Stable-611f9bfce64f25108829dd295f54a6894e87339d/server/out/vs/workbench/api/node/extensionHostProcess.js:152:6007)
	at z.<computed>.M.charCodeAt.R.CharCode.DollarSign.z.<computed> (/home/student/.vscode-server/cli/servers/Stable-611f9bfce64f25108829dd295f54a6894e87339d/server/out/vs/workbench/api/node/extensionHostProcess.js:152:3091)
	at h.g (/home/student/.vscode-server/cli/servers/Stable-611f9bfce64f25108829dd295f54a6894e87339d/server/out/vs/workbench/api/node/extensionHostProcess.js:155:199935)
	at h.executeCommand (/home/student/.vscode-server/cli/servers/Stable-611f9bfce64f25108829dd295f54a6894e87339d/server/out/vs/workbench/api/node/extensionHostProcess.js:155:199373)
	at I.registerCommand.description (/home/student/.vscode-server/cli/servers/Stable-611f9bfce64f25108829dd295f54a6894e87339d/server/out/vs/workbench/api/node/extensionHostProcess.js:155:198697)
	at h (/home/student/.vscode-server/cli/servers/Stable-611f9bfce64f25108829dd295f54a6894e87339d/server/out/vs/workbench/api/node/extensionHostProcess.js:155:200474)
	at h.g (/home/student/.vscode-server/cli/servers/Stable-611f9bfce64f25108829dd295f54a6894e87339d/server/out/vs/workbench/api/node/extensionHostProcess.js:155:199466)
	at h.executeCommand (/home/student/.vscode-server/cli/servers/Stable-611f9bfce64f25108829dd295f54a6894e87339d/server/out/vs/workbench/api/node/extensionHostProcess.js:155:199373)
	at Object.executeCommand (/home/student/.vscode-server/cli/servers/Stable-611f9bfce64f25108829dd295f54a6894e87339d/server/out/vs/workbench/api/node/extensionHostProcess.js:165:22742)
	at n.O [as value] (/home/student/.vscode-server/cli/servers/Stable-611f9bfce64f25108829dd295f54a6894e87339d/server/extensions/git/dist/main.js:2:945191)
	at l.y (/home/student/.vscode-server/cli/servers/Stable-611f9bfce64f25108829dd295f54a6894e87339d/server/out/vs/workbench/api/node/extensionHostProcess.js:82:664)
	at l.z (/home/student/.vscode-server/cli/servers/Stable-611f9bfce64f25108829dd295f54a6894e87339d/server/out/vs/workbench/api/node/extensionHostProcess.js:82:734)
	at l.fire (/home/student/.vscode-server/cli/servers/Stable-611f9bfce64f25108829dd295f54a6894e87339d/server/out/vs/workbench/api/node/extensionHostProcess.js:82:950)
	at Object.p [as dispose] (/home/student/.vscode-server/cli/servers/Stable-611f9bfce64f25108829dd295f54a6894e87339d/server/extensions/git/dist/main.js:2:964275)
	at /home/student/.vscode-server/cli/servers/Stable-611f9bfce64f25108829dd295f54a6894e87339d/server/extensions/git/dist/main.js:2:970313
	at Array.forEach (<anonymous>)
	at f.dispose (/home/student/.vscode-server/cli/servers/Stable-611f9bfce64f25108829dd295f54a6894e87339d/server/extensions/git/dist/main.js:2:970299)
	at a.<anonymous> (/home/student/.vscode-server/cli/servers/Stable-611f9bfce64f25108829dd295f54a6894e87339d/server/out/vs/workbench/api/node/extensionHostProcess.js:153:4032)
	at a.dispose (/home/student/.vscode-server/cli/servers/Stable-611f9bfce64f25108829dd295f54a6894e87339d/server/out/vs/workbench/api/node/extensionHostProcess.js:153:4129)
	at a.<anonymous> (/home/student/.vscode-server/cli/servers/Stable-611f9bfce64f25108829dd295f54a6894e87339d/server/extensions/git/dist/main.js:2:947448)
	at a.dispose (/home/student/.vscode-server/cli/servers/Stable-611f9bfce64f25108829dd295f54a6894e87339d/server/out/vs/workbench/api/node/extensionHostProcess.js:153:4129)
	at f (/home/student/.vscode-server/cli/servers/Stable-611f9bfce64f25108829dd295f54a6894e87339d/server/out/vs/workbench/api/node/extensionHostProcess.js:30:744)
	at u.eb (/home/student/.vscode-server/cli/servers/Stable-611f9bfce64f25108829dd295f54a6894e87339d/server/out/vs/workbench/api/node/extensionHostProcess.js:161:9991)
	at /home/student/.vscode-server/cli/servers/Stable-611f9bfce64f25108829dd295f54a6894e87339d/server/out/vs/workbench/api/node/extensionHostProcess.js:161:7867
	at Array.map (<anonymous>)
	at u.$ (/home/student/.vscode-server/cli/servers/Stable-611f9bfce64f25108829dd295f54a6894e87339d/server/out/vs/workbench/api/node/extensionHostProcess.js:161:7854)
	at u.terminate (/home/student/.vscode-server/cli/servers/Stable-611f9bfce64f25108829dd295f54a6894e87339d/server/out/vs/workbench/api/node/extensionHostProcess.js:161:8127)
	at f.terminate (/home/student/.vscode-server/cli/servers/Stable-611f9bfce64f25108829dd295f54a6894e87339d/server/out/vs/workbench/api/node/extensionHostProcess.js:165:1513)
	at t (/home/student/.vscode-server/cli/servers/Stable-611f9bfce64f25108829dd295f54a6894e87339d/server/out/vs/workbench/api/node/extensionHostProcess.js:178:10459)
	at M.a (/home/student/.vscode-server/cli/servers/Stable-611f9bfce64f25108829dd295f54a6894e87339d/server/out/vs/workbench/api/node/extensionHostProcess.js:178:7151)
	at M.h (/home/student/.vscode-server/cli/servers/Stable-611f9bfce64f25108829dd295f54a6894e87339d/server/out/vs/workbench/api/node/extensionHostProcess.js:99:21182)
	at listOnTimeout (node:internal/timers:573:17)
	at process.processTimers (node:internal/timers:514:7) setContext undefined
2024-06-18 16:57:40.268 [error] Canceled: Canceled
	at new A (/home/student/.vscode-server/cli/servers/Stable-611f9bfce64f25108829dd295f54a6894e87339d/server/out/vs/workbench/api/node/extensionHostProcess.js:145:50615)
	at E.U (/home/student/.vscode-server/cli/servers/Stable-611f9bfce64f25108829dd295f54a6894e87339d/server/out/vs/workbench/api/node/extensionHostProcess.js:152:6007)
	at z.<computed>.M.charCodeAt.R.CharCode.DollarSign.z.<computed> (/home/student/.vscode-server/cli/servers/Stable-611f9bfce64f25108829dd295f54a6894e87339d/server/out/vs/workbench/api/node/extensionHostProcess.js:152:3091)
	at h.g (/home/student/.vscode-server/cli/servers/Stable-611f9bfce64f25108829dd295f54a6894e87339d/server/out/vs/workbench/api/node/extensionHostProcess.js:155:199935)
	at h.executeCommand (/home/student/.vscode-server/cli/servers/Stable-611f9bfce64f25108829dd295f54a6894e87339d/server/out/vs/workbench/api/node/extensionHostProcess.js:155:199373)
	at I.registerCommand.description (/home/student/.vscode-server/cli/servers/Stable-611f9bfce64f25108829dd295f54a6894e87339d/server/out/vs/workbench/api/node/extensionHostProcess.js:155:198697)
	at h (/home/student/.vscode-server/cli/servers/Stable-611f9bfce64f25108829dd295f54a6894e87339d/server/out/vs/workbench/api/node/extensionHostProcess.js:155:200474)
	at h.g (/home/student/.vscode-server/cli/servers/Stable-611f9bfce64f25108829dd295f54a6894e87339d/server/out/vs/workbench/api/node/extensionHostProcess.js:155:199466)
	at h.executeCommand (/home/student/.vscode-server/cli/servers/Stable-611f9bfce64f25108829dd295f54a6894e87339d/server/out/vs/workbench/api/node/extensionHostProcess.js:155:199373)
	at Object.executeCommand (/home/student/.vscode-server/cli/servers/Stable-611f9bfce64f25108829dd295f54a6894e87339d/server/out/vs/workbench/api/node/extensionHostProcess.js:165:22742)
	at n.O [as value] (/home/student/.vscode-server/cli/servers/Stable-611f9bfce64f25108829dd295f54a6894e87339d/server/extensions/git/dist/main.js:2:945191)
	at l.y (/home/student/.vscode-server/cli/servers/Stable-611f9bfce64f25108829dd295f54a6894e87339d/server/out/vs/workbench/api/node/extensionHostProcess.js:82:664)
	at l.z (/home/student/.vscode-server/cli/servers/Stable-611f9bfce64f25108829dd295f54a6894e87339d/server/out/vs/workbench/api/node/extensionHostProcess.js:82:734)
	at l.fire (/home/student/.vscode-server/cli/servers/Stable-611f9bfce64f25108829dd295f54a6894e87339d/server/out/vs/workbench/api/node/extensionHostProcess.js:82:950)
	at Object.p [as dispose] (/home/student/.vscode-server/cli/servers/Stable-611f9bfce64f25108829dd295f54a6894e87339d/server/extensions/git/dist/main.js:2:964275)
	at /home/student/.vscode-server/cli/servers/Stable-611f9bfce64f25108829dd295f54a6894e87339d/server/extensions/git/dist/main.js:2:970313
	at Array.forEach (<anonymous>)
	at f.dispose (/home/student/.vscode-server/cli/servers/Stable-611f9bfce64f25108829dd295f54a6894e87339d/server/extensions/git/dist/main.js:2:970299)
	at a.<anonymous> (/home/student/.vscode-server/cli/servers/Stable-611f9bfce64f25108829dd295f54a6894e87339d/server/out/vs/workbench/api/node/extensionHostProcess.js:153:4032)
	at a.dispose (/home/student/.vscode-server/cli/servers/Stable-611f9bfce64f25108829dd295f54a6894e87339d/server/out/vs/workbench/api/node/extensionHostProcess.js:153:4129)
	at a.<anonymous> (/home/student/.vscode-server/cli/servers/Stable-611f9bfce64f25108829dd295f54a6894e87339d/server/extensions/git/dist/main.js:2:947448)
	at a.dispose (/home/student/.vscode-server/cli/servers/Stable-611f9bfce64f25108829dd295f54a6894e87339d/server/out/vs/workbench/api/node/extensionHostProcess.js:153:4129)
	at f (/home/student/.vscode-server/cli/servers/Stable-611f9bfce64f25108829dd295f54a6894e87339d/server/out/vs/workbench/api/node/extensionHostProcess.js:30:744)
	at u.eb (/home/student/.vscode-server/cli/servers/Stable-611f9bfce64f25108829dd295f54a6894e87339d/server/out/vs/workbench/api/node/extensionHostProcess.js:161:9991)
	at /home/student/.vscode-server/cli/servers/Stable-611f9bfce64f25108829dd295f54a6894e87339d/server/out/vs/workbench/api/node/extensionHostProcess.js:161:7867
	at Array.map (<anonymous>)
	at u.$ (/home/student/.vscode-server/cli/servers/Stable-611f9bfce64f25108829dd295f54a6894e87339d/server/out/vs/workbench/api/node/extensionHostProcess.js:161:7854)
	at u.terminate (/home/student/.vscode-server/cli/servers/Stable-611f9bfce64f25108829dd295f54a6894e87339d/server/out/vs/workbench/api/node/extensionHostProcess.js:161:8127)
	at f.terminate (/home/student/.vscode-server/cli/servers/Stable-611f9bfce64f25108829dd295f54a6894e87339d/server/out/vs/workbench/api/node/extensionHostProcess.js:165:1513)
	at t (/home/student/.vscode-server/cli/servers/Stable-611f9bfce64f25108829dd295f54a6894e87339d/server/out/vs/workbench/api/node/extensionHostProcess.js:178:10459)
	at M.a (/home/student/.vscode-server/cli/servers/Stable-611f9bfce64f25108829dd295f54a6894e87339d/server/out/vs/workbench/api/node/extensionHostProcess.js:178:7151)
	at M.h (/home/student/.vscode-server/cli/servers/Stable-611f9bfce64f25108829dd295f54a6894e87339d/server/out/vs/workbench/api/node/extensionHostProcess.js:99:21182)
	at listOnTimeout (node:internal/timers:573:17)
	at process.processTimers (node:internal/timers:514:7) setContext undefined
2024-06-18 16:57:40.276 [error] Canceled: Canceled
	at new A (/home/student/.vscode-server/cli/servers/Stable-611f9bfce64f25108829dd295f54a6894e87339d/server/out/vs/workbench/api/node/extensionHostProcess.js:145:50615)
	at E.U (/home/student/.vscode-server/cli/servers/Stable-611f9bfce64f25108829dd295f54a6894e87339d/server/out/vs/workbench/api/node/extensionHostProcess.js:152:6007)
	at z.<computed>.M.charCodeAt.R.CharCode.DollarSign.z.<computed> (/home/student/.vscode-server/cli/servers/Stable-611f9bfce64f25108829dd295f54a6894e87339d/server/out/vs/workbench/api/node/extensionHostProcess.js:152:3091)
	at h.g (/home/student/.vscode-server/cli/servers/Stable-611f9bfce64f25108829dd295f54a6894e87339d/server/out/vs/workbench/api/node/extensionHostProcess.js:155:199935)
	at h.executeCommand (/home/student/.vscode-server/cli/servers/Stable-611f9bfce64f25108829dd295f54a6894e87339d/server/out/vs/workbench/api/node/extensionHostProcess.js:155:199373)
	at I.registerCommand.description (/home/student/.vscode-server/cli/servers/Stable-611f9bfce64f25108829dd295f54a6894e87339d/server/out/vs/workbench/api/node/extensionHostProcess.js:155:198697)
	at h (/home/student/.vscode-server/cli/servers/Stable-611f9bfce64f25108829dd295f54a6894e87339d/server/out/vs/workbench/api/node/extensionHostProcess.js:155:200474)
	at h.g (/home/student/.vscode-server/cli/servers/Stable-611f9bfce64f25108829dd295f54a6894e87339d/server/out/vs/workbench/api/node/extensionHostProcess.js:155:199466)
	at h.executeCommand (/home/student/.vscode-server/cli/servers/Stable-611f9bfce64f25108829dd295f54a6894e87339d/server/out/vs/workbench/api/node/extensionHostProcess.js:155:199373)
	at Object.executeCommand (/home/student/.vscode-server/cli/servers/Stable-611f9bfce64f25108829dd295f54a6894e87339d/server/out/vs/workbench/api/node/extensionHostProcess.js:165:22742)
	at n.O [as value] (/home/student/.vscode-server/cli/servers/Stable-611f9bfce64f25108829dd295f54a6894e87339d/server/extensions/git/dist/main.js:2:945191)
	at l.y (/home/student/.vscode-server/cli/servers/Stable-611f9bfce64f25108829dd295f54a6894e87339d/server/out/vs/workbench/api/node/extensionHostProcess.js:82:664)
	at l.z (/home/student/.vscode-server/cli/servers/Stable-611f9bfce64f25108829dd295f54a6894e87339d/server/out/vs/workbench/api/node/extensionHostProcess.js:82:734)
	at l.fire (/home/student/.vscode-server/cli/servers/Stable-611f9bfce64f25108829dd295f54a6894e87339d/server/out/vs/workbench/api/node/extensionHostProcess.js:82:950)
	at Object.p [as dispose] (/home/student/.vscode-server/cli/servers/Stable-611f9bfce64f25108829dd295f54a6894e87339d/server/extensions/git/dist/main.js:2:964275)
	at /home/student/.vscode-server/cli/servers/Stable-611f9bfce64f25108829dd295f54a6894e87339d/server/extensions/git/dist/main.js:2:970313
	at Array.forEach (<anonymous>)
	at f.dispose (/home/student/.vscode-server/cli/servers/Stable-611f9bfce64f25108829dd295f54a6894e87339d/server/extensions/git/dist/main.js:2:970299)
	at a.<anonymous> (/home/student/.vscode-server/cli/servers/Stable-611f9bfce64f25108829dd295f54a6894e87339d/server/out/vs/workbench/api/node/extensionHostProcess.js:153:4032)
	at a.dispose (/home/student/.vscode-server/cli/servers/Stable-611f9bfce64f25108829dd295f54a6894e87339d/server/out/vs/workbench/api/node/extensionHostProcess.js:153:4129)
	at a.<anonymous> (/home/student/.vscode-server/cli/servers/Stable-611f9bfce64f25108829dd295f54a6894e87339d/server/extensions/git/dist/main.js:2:947448)
	at a.dispose (/home/student/.vscode-server/cli/servers/Stable-611f9bfce64f25108829dd295f54a6894e87339d/server/out/vs/workbench/api/node/extensionHostProcess.js:153:4129)
	at f (/home/student/.vscode-server/cli/servers/Stable-611f9bfce64f25108829dd295f54a6894e87339d/server/out/vs/workbench/api/node/extensionHostProcess.js:30:744)
	at u.eb (/home/student/.vscode-server/cli/servers/Stable-611f9bfce64f25108829dd295f54a6894e87339d/server/out/vs/workbench/api/node/extensionHostProcess.js:161:9991)
	at /home/student/.vscode-server/cli/servers/Stable-611f9bfce64f25108829dd295f54a6894e87339d/server/out/vs/workbench/api/node/extensionHostProcess.js:161:7867
	at Array.map (<anonymous>)
	at u.$ (/home/student/.vscode-server/cli/servers/Stable-611f9bfce64f25108829dd295f54a6894e87339d/server/out/vs/workbench/api/node/extensionHostProcess.js:161:7854)
	at u.terminate (/home/student/.vscode-server/cli/servers/Stable-611f9bfce64f25108829dd295f54a6894e87339d/server/out/vs/workbench/api/node/extensionHostProcess.js:161:8127)
	at f.terminate (/home/student/.vscode-server/cli/servers/Stable-611f9bfce64f25108829dd295f54a6894e87339d/server/out/vs/workbench/api/node/extensionHostProcess.js:165:1513)
	at t (/home/student/.vscode-server/cli/servers/Stable-611f9bfce64f25108829dd295f54a6894e87339d/server/out/vs/workbench/api/node/extensionHostProcess.js:178:10459)
	at M.a (/home/student/.vscode-server/cli/servers/Stable-611f9bfce64f25108829dd295f54a6894e87339d/server/out/vs/workbench/api/node/extensionHostProcess.js:178:7151)
	at M.h (/home/student/.vscode-server/cli/servers/Stable-611f9bfce64f25108829dd295f54a6894e87339d/server/out/vs/workbench/api/node/extensionHostProcess.js:99:21182)
	at listOnTimeout (node:internal/timers:573:17)
	at process.processTimers (node:internal/timers:514:7) setContext undefined
2024-06-18 16:57:40.278 [error] Canceled: Canceled
	at new A (/home/student/.vscode-server/cli/servers/Stable-611f9bfce64f25108829dd295f54a6894e87339d/server/out/vs/workbench/api/node/extensionHostProcess.js:145:50615)
	at E.U (/home/student/.vscode-server/cli/servers/Stable-611f9bfce64f25108829dd295f54a6894e87339d/server/out/vs/workbench/api/node/extensionHostProcess.js:152:6007)
	at z.<computed>.M.charCodeAt.R.CharCode.DollarSign.z.<computed> (/home/student/.vscode-server/cli/servers/Stable-611f9bfce64f25108829dd295f54a6894e87339d/server/out/vs/workbench/api/node/extensionHostProcess.js:152:3091)
	at h.g (/home/student/.vscode-server/cli/servers/Stable-611f9bfce64f25108829dd295f54a6894e87339d/server/out/vs/workbench/api/node/extensionHostProcess.js:155:199935)
	at h.executeCommand (/home/student/.vscode-server/cli/servers/Stable-611f9bfce64f25108829dd295f54a6894e87339d/server/out/vs/workbench/api/node/extensionHostProcess.js:155:199373)
	at I.registerCommand.description (/home/student/.vscode-server/cli/servers/Stable-611f9bfce64f25108829dd295f54a6894e87339d/server/out/vs/workbench/api/node/extensionHostProcess.js:155:198697)
	at h (/home/student/.vscode-server/cli/servers/Stable-611f9bfce64f25108829dd295f54a6894e87339d/server/out/vs/workbench/api/node/extensionHostProcess.js:155:200474)
	at h.g (/home/student/.vscode-server/cli/servers/Stable-611f9bfce64f25108829dd295f54a6894e87339d/server/out/vs/workbench/api/node/extensionHostProcess.js:155:199466)
	at h.executeCommand (/home/student/.vscode-server/cli/servers/Stable-611f9bfce64f25108829dd295f54a6894e87339d/server/out/vs/workbench/api/node/extensionHostProcess.js:155:199373)
	at Object.executeCommand (/home/student/.vscode-server/cli/servers/Stable-611f9bfce64f25108829dd295f54a6894e87339d/server/out/vs/workbench/api/node/extensionHostProcess.js:165:22742)
	at set hasGitHubRepositories [as hasGitHubRepositories] (/home/student/.vscode-server/cli/servers/Stable-611f9bfce64f25108829dd295f54a6894e87339d/server/extensions/github/dist/extension.js:2:322969)
	at /home/student/.vscode-server/cli/servers/Stable-611f9bfce64f25108829dd295f54a6894e87339d/server/extensions/github/dist/extension.js:2:323928
	at n.value (/home/student/.vscode-server/cli/servers/Stable-611f9bfce64f25108829dd295f54a6894e87339d/server/extensions/git/dist/main.js:2:1050764)
	at l.y (/home/student/.vscode-server/cli/servers/Stable-611f9bfce64f25108829dd295f54a6894e87339d/server/out/vs/workbench/api/node/extensionHostProcess.js:82:664)
	at l.z (/home/student/.vscode-server/cli/servers/Stable-611f9bfce64f25108829dd295f54a6894e87339d/server/out/vs/workbench/api/node/extensionHostProcess.js:82:734)
	at l.fire (/home/student/.vscode-server/cli/servers/Stable-611f9bfce64f25108829dd295f54a6894e87339d/server/out/vs/workbench/api/node/extensionHostProcess.js:82:950)
	at Object.p [as dispose] (/home/student/.vscode-server/cli/servers/Stable-611f9bfce64f25108829dd295f54a6894e87339d/server/extensions/git/dist/main.js:2:964275)
	at /home/student/.vscode-server/cli/servers/Stable-611f9bfce64f25108829dd295f54a6894e87339d/server/extensions/git/dist/main.js:2:970313
	at Array.forEach (<anonymous>)
	at f.dispose (/home/student/.vscode-server/cli/servers/Stable-611f9bfce64f25108829dd295f54a6894e87339d/server/extensions/git/dist/main.js:2:970299)
	at a.<anonymous> (/home/student/.vscode-server/cli/servers/Stable-611f9bfce64f25108829dd295f54a6894e87339d/server/out/vs/workbench/api/node/extensionHostProcess.js:153:4032)
	at a.dispose (/home/student/.vscode-server/cli/servers/Stable-611f9bfce64f25108829dd295f54a6894e87339d/server/out/vs/workbench/api/node/extensionHostProcess.js:153:4129)
	at a.<anonymous> (/home/student/.vscode-server/cli/servers/Stable-611f9bfce64f25108829dd295f54a6894e87339d/server/extensions/git/dist/main.js:2:947448)
	at a.dispose (/home/student/.vscode-server/cli/servers/Stable-611f9bfce64f25108829dd295f54a6894e87339d/server/out/vs/workbench/api/node/extensionHostProcess.js:153:4129)
	at f (/home/student/.vscode-server/cli/servers/Stable-611f9bfce64f25108829dd295f54a6894e87339d/server/out/vs/workbench/api/node/extensionHostProcess.js:30:744)
	at u.eb (/home/student/.vscode-server/cli/servers/Stable-611f9bfce64f25108829dd295f54a6894e87339d/server/out/vs/workbench/api/node/extensionHostProcess.js:161:9991)
	at /home/student/.vscode-server/cli/servers/Stable-611f9bfce64f25108829dd295f54a6894e87339d/server/out/vs/workbench/api/node/extensionHostProcess.js:161:7867
	at Array.map (<anonymous>)
	at u.$ (/home/student/.vscode-server/cli/servers/Stable-611f9bfce64f25108829dd295f54a6894e87339d/server/out/vs/workbench/api/node/extensionHostProcess.js:161:7854)
	at u.terminate (/home/student/.vscode-server/cli/servers/Stable-611f9bfce64f25108829dd295f54a6894e87339d/server/out/vs/workbench/api/node/extensionHostProcess.js:161:8127)
	at f.terminate (/home/student/.vscode-server/cli/servers/Stable-611f9bfce64f25108829dd295f54a6894e87339d/server/out/vs/workbench/api/node/extensionHostProcess.js:165:1513)
	at t (/home/student/.vscode-server/cli/servers/Stable-611f9bfce64f25108829dd295f54a6894e87339d/server/out/vs/workbench/api/node/extensionHostProcess.js:178:10459)
	at M.a (/home/student/.vscode-server/cli/servers/Stable-611f9bfce64f25108829dd295f54a6894e87339d/server/out/vs/workbench/api/node/extensionHostProcess.js:178:7151)
	at M.h (/home/student/.vscode-server/cli/servers/Stable-611f9bfce64f25108829dd295f54a6894e87339d/server/out/vs/workbench/api/node/extensionHostProcess.js:99:21182)
	at listOnTimeout (node:internal/timers:573:17)
	at process.processTimers (node:internal/timers:514:7) setContext undefined
2024-06-18 16:57:41.563 [error] Canceled: Canceled
	at new A (/home/student/.vscode-server/cli/servers/Stable-611f9bfce64f25108829dd295f54a6894e87339d/server/out/vs/workbench/api/node/extensionHostProcess.js:145:50615)
	at E.U (/home/student/.vscode-server/cli/servers/Stable-611f9bfce64f25108829dd295f54a6894e87339d/server/out/vs/workbench/api/node/extensionHostProcess.js:152:6007)
	at z.<computed>.M.charCodeAt.R.CharCode.DollarSign.z.<computed> (/home/student/.vscode-server/cli/servers/Stable-611f9bfce64f25108829dd295f54a6894e87339d/server/out/vs/workbench/api/node/extensionHostProcess.js:152:3091)
	at h.g (/home/student/.vscode-server/cli/servers/Stable-611f9bfce64f25108829dd295f54a6894e87339d/server/out/vs/workbench/api/node/extensionHostProcess.js:155:199935)
	at h.executeCommand (/home/student/.vscode-server/cli/servers/Stable-611f9bfce64f25108829dd295f54a6894e87339d/server/out/vs/workbench/api/node/extensionHostProcess.js:155:199373)
	at I.registerCommand.description (/home/student/.vscode-server/cli/servers/Stable-611f9bfce64f25108829dd295f54a6894e87339d/server/out/vs/workbench/api/node/extensionHostProcess.js:155:198697)
	at h (/home/student/.vscode-server/cli/servers/Stable-611f9bfce64f25108829dd295f54a6894e87339d/server/out/vs/workbench/api/node/extensionHostProcess.js:155:200474)
	at h.g (/home/student/.vscode-server/cli/servers/Stable-611f9bfce64f25108829dd295f54a6894e87339d/server/out/vs/workbench/api/node/extensionHostProcess.js:155:199466)
	at h.executeCommand (/home/student/.vscode-server/cli/servers/Stable-611f9bfce64f25108829dd295f54a6894e87339d/server/out/vs/workbench/api/node/extensionHostProcess.js:155:199373)
	at Object.executeCommand (/home/student/.vscode-server/cli/servers/Stable-611f9bfce64f25108829dd295f54a6894e87339d/server/out/vs/workbench/api/node/extensionHostProcess.js:165:22742)
	at ExtensionUtil.<anonymous> (/home/student/.vscode-server/extensions/ms-vsliveshare.vsliveshare-1.0.5932/extension.js:107:712938)
	at Generator.next (<anonymous>)
	at /home/student/.vscode-server/extensions/ms-vsliveshare.vsliveshare-1.0.5932/extension.js:107:711653
	at new Promise (<anonymous>)
	at v (/home/student/.vscode-server/extensions/ms-vsliveshare.vsliveshare-1.0.5932/extension.js:107:711339)
	at ExtensionUtil.setCommandContext (/home/student/.vscode-server/extensions/ms-vsliveshare.vsliveshare-1.0.5932/extension.js:107:712854)
	at CoEditing.updatePinableCommandStatus (/home/student/.vscode-server/extensions/ms-vsliveshare.vsliveshare-1.0.5932/extension.js:107:349676)
	at CoEditing.dispose (/home/student/.vscode-server/extensions/ms-vsliveshare.vsliveshare-1.0.5932/extension.js:107:310605)
	at Object.deactivate (/home/student/.vscode-server/extensions/ms-vsliveshare.vsliveshare-1.0.5932/extension.js:379:430106)
	at async Promise.all (index 12)
	at async u.$ (/home/student/.vscode-server/cli/servers/Stable-611f9bfce64f25108829dd295f54a6894e87339d/server/out/vs/workbench/api/node/extensionHostProcess.js:161:7882) setContext undefined
2024-06-18 16:57:41.564 [error] Canceled: Canceled
	at new A (/home/student/.vscode-server/cli/servers/Stable-611f9bfce64f25108829dd295f54a6894e87339d/server/out/vs/workbench/api/node/extensionHostProcess.js:145:50615)
	at E.U (/home/student/.vscode-server/cli/servers/Stable-611f9bfce64f25108829dd295f54a6894e87339d/server/out/vs/workbench/api/node/extensionHostProcess.js:152:6007)
	at z.<computed>.M.charCodeAt.R.CharCode.DollarSign.z.<computed> (/home/student/.vscode-server/cli/servers/Stable-611f9bfce64f25108829dd295f54a6894e87339d/server/out/vs/workbench/api/node/extensionHostProcess.js:152:3091)
	at h.g (/home/student/.vscode-server/cli/servers/Stable-611f9bfce64f25108829dd295f54a6894e87339d/server/out/vs/workbench/api/node/extensionHostProcess.js:155:199935)
	at h.executeCommand (/home/student/.vscode-server/cli/servers/Stable-611f9bfce64f25108829dd295f54a6894e87339d/server/out/vs/workbench/api/node/extensionHostProcess.js:155:199373)
	at I.registerCommand.description (/home/student/.vscode-server/cli/servers/Stable-611f9bfce64f25108829dd295f54a6894e87339d/server/out/vs/workbench/api/node/extensionHostProcess.js:155:198697)
	at h (/home/student/.vscode-server/cli/servers/Stable-611f9bfce64f25108829dd295f54a6894e87339d/server/out/vs/workbench/api/node/extensionHostProcess.js:155:200474)
	at h.g (/home/student/.vscode-server/cli/servers/Stable-611f9bfce64f25108829dd295f54a6894e87339d/server/out/vs/workbench/api/node/extensionHostProcess.js:155:199466)
	at h.executeCommand (/home/student/.vscode-server/cli/servers/Stable-611f9bfce64f25108829dd295f54a6894e87339d/server/out/vs/workbench/api/node/extensionHostProcess.js:155:199373)
	at Object.executeCommand (/home/student/.vscode-server/cli/servers/Stable-611f9bfce64f25108829dd295f54a6894e87339d/server/out/vs/workbench/api/node/extensionHostProcess.js:165:22742)
	at ExtensionUtil.<anonymous> (/home/student/.vscode-server/extensions/ms-vsliveshare.vsliveshare-1.0.5932/extension.js:107:712938)
	at Generator.next (<anonymous>)
	at /home/student/.vscode-server/extensions/ms-vsliveshare.vsliveshare-1.0.5932/extension.js:107:711653
	at new Promise (<anonymous>)
	at v (/home/student/.vscode-server/extensions/ms-vsliveshare.vsliveshare-1.0.5932/extension.js:107:711339)
	at ExtensionUtil.setCommandContext (/home/student/.vscode-server/extensions/ms-vsliveshare.vsliveshare-1.0.5932/extension.js:107:712854)
	at CoEditing.setPinned (/home/student/.vscode-server/extensions/ms-vsliveshare.vsliveshare-1.0.5932/extension.js:107:349850)
	at CoEditing.dispose (/home/student/.vscode-server/extensions/ms-vsliveshare.vsliveshare-1.0.5932/extension.js:107:310641)
	at Object.deactivate (/home/student/.vscode-server/extensions/ms-vsliveshare.vsliveshare-1.0.5932/extension.js:379:430106)
	at async Promise.all (index 12)
	at async u.$ (/home/student/.vscode-server/cli/servers/Stable-611f9bfce64f25108829dd295f54a6894e87339d/server/out/vs/workbench/api/node/extensionHostProcess.js:161:7882) setContext undefined
2024-06-18 16:57:41.565 [info] Extension host with pid 94706 exiting with code 0
