2024-05-31 15:50:39.910 [info] Niveau de journal : Info
2024-05-31 15:50:39.910 [info] Validation du git trouvé dans : «git»
2024-05-31 15:50:39.910 [info] Utilisation de git «2.34.1» à partir de «git»
2024-05-31 15:50:39.920 [info] > git rev-parse --show-toplevel [13ms]
2024-05-31 15:50:39.936 [info] > git rev-parse --git-dir --git-common-dir [4ms]
2024-05-31 15:50:39.981 [info] Open repository: /home/student/S03_challenge_E03-cedricRGT45
2024-05-31 15:50:40.011 [info] > git config --get commit.template [13ms]
2024-05-31 15:50:40.014 [info] > git rev-parse --show-toplevel [5ms]
2024-05-31 15:50:40.040 [info] > git for-each-ref --format=%(refname)%00%(upstream:short)%00%(objectname)%00%(upstream:track)%00%(upstream:remotename)%00%(upstream:remoteref) refs/heads/master refs/remotes/master [13ms]
2024-05-31 15:50:40.042 [info] > git rev-parse --show-toplevel [4ms]
2024-05-31 15:50:40.077 [info] > git rev-parse --show-toplevel [26ms]
2024-05-31 15:50:40.090 [info] > git status -z -uall [15ms]
2024-05-31 15:50:40.144 [info] > git merge-base refs/heads/master refs/remotes/origin/master [39ms]
2024-05-31 15:50:40.166 [info] > git rev-parse --show-toplevel [77ms]
2024-05-31 15:50:40.185 [info] > git config --get commit.template [52ms]
2024-05-31 15:50:40.187 [info] > git rev-parse --show-toplevel [3ms]
2024-05-31 15:50:40.193 [info] > git rev-list --count --left-right refs/heads/master...refs/remotes/origin/master [28ms]
2024-05-31 15:50:40.244 [info] > git diff --name-status -z --diff-filter=ADMR 975a3b72ecb66730915a439ab1fcef8b86382076...refs/remotes/origin/master [39ms]
2024-05-31 15:50:40.247 [info] > git for-each-ref --format=%(refname)%00%(upstream:short)%00%(objectname)%00%(upstream:track)%00%(upstream:remotename)%00%(upstream:remoteref) refs/heads/master refs/remotes/master [5ms]
2024-05-31 15:50:40.268 [info] > git status -z -uall [6ms]
2024-05-31 15:50:40.904 [info] > git show --textconv :projet/docker-compose.yml [20ms]
2024-05-31 15:50:40.909 [info] > git ls-files --stage -- /home/student/S03_challenge_E03-cedricRGT45/projet/docker-compose.yml [7ms]
2024-05-31 15:50:40.927 [info] > git cat-file -s f5ed10c6a9d62cdddd49e3db4b9ba09b8bc834c7 [5ms]
2024-05-31 15:50:41.187 [info] > git check-ignore -v -z --stdin [6ms]
2024-05-31 15:50:42.862 [info] > git check-ignore -v -z --stdin [2ms]
2024-05-31 15:50:44.216 [info] > git check-ignore -v -z --stdin [3ms]
2024-05-31 15:50:46.630 [info] > git show --textconv :projet/frontend/src/assets/scss/main.scss [20ms]
2024-05-31 15:50:46.635 [info] > git ls-files --stage -- /home/student/S03_challenge_E03-cedricRGT45/projet/frontend/src/assets/scss/main.scss [5ms]
2024-05-31 15:50:46.654 [info] > git cat-file -s d2e4481ef98cda6d99590fbf607fa32e094b318c [4ms]
2024-05-31 15:50:50.134 [info] > git check-ignore -v -z --stdin [2ms]
2024-05-31 15:50:53.586 [info] > git show --textconv :projet/frontend/src/assets/scss/base/_typography.scss [19ms]
2024-05-31 15:50:53.586 [info] > git ls-files --stage -- /home/student/S03_challenge_E03-cedricRGT45/projet/frontend/src/assets/scss/base/_typography.scss [2ms]
2024-05-31 15:50:53.607 [info] > git cat-file -s 7e4fe55841e90f77486ebb8950d16339523dd0bb [6ms]
2024-05-31 15:51:11.087 [info] > git show --textconv :projet/frontend/src/assets/scss/base/_index.scss [15ms]
2024-05-31 15:51:11.089 [info] > git ls-files --stage -- /home/student/S03_challenge_E03-cedricRGT45/projet/frontend/src/assets/scss/base/_index.scss [4ms]
2024-05-31 15:51:11.104 [info] > git cat-file -s a63cdcdf97e9e82d36f696642d68ecec4940b3d8 [2ms]
2024-05-31 15:51:15.044 [info] > git show --textconv :projet/frontend/src/assets/scss/base/_reset.scss [27ms]
2024-05-31 15:51:15.047 [info] > git ls-files --stage -- /home/student/S03_challenge_E03-cedricRGT45/projet/frontend/src/assets/scss/base/_reset.scss [16ms]
2024-05-31 15:51:15.063 [info] > git cat-file -s 13d5cd3b4139481f21845767c6afb4f038f6e946 [3ms]
2024-05-31 15:51:17.496 [info] > git show --textconv :projet/frontend/src/assets/scss/base/_typography.scss [16ms]
2024-05-31 15:51:17.502 [info] > git ls-files --stage -- /home/student/S03_challenge_E03-cedricRGT45/projet/frontend/src/assets/scss/base/_typography.scss [7ms]
2024-05-31 15:51:17.518 [info] > git cat-file -s 7e4fe55841e90f77486ebb8950d16339523dd0bb [3ms]
2024-05-31 15:51:19.278 [info] > git show --textconv :projet/frontend/src/assets/scss/base/_index.scss [16ms]
2024-05-31 15:51:19.281 [info] > git ls-files --stage -- /home/student/S03_challenge_E03-cedricRGT45/projet/frontend/src/assets/scss/base/_index.scss [5ms]
2024-05-31 15:51:19.295 [info] > git cat-file -s a63cdcdf97e9e82d36f696642d68ecec4940b3d8 [3ms]
2024-05-31 15:51:23.237 [info] > git show --textconv :projet/frontend/src/assets/scss/main.scss [13ms]
2024-05-31 15:51:23.240 [info] > git ls-files --stage -- /home/student/S03_challenge_E03-cedricRGT45/projet/frontend/src/assets/scss/main.scss [4ms]
2024-05-31 15:51:23.263 [info] > git cat-file -s d2e4481ef98cda6d99590fbf607fa32e094b318c [3ms]
2024-05-31 15:51:30.320 [info] > git config --get commit.template [18ms]
2024-05-31 15:51:30.325 [info] > git for-each-ref --format=%(refname)%00%(upstream:short)%00%(objectname)%00%(upstream:track)%00%(upstream:remotename)%00%(upstream:remoteref) refs/heads/master refs/remotes/master [7ms]
2024-05-31 15:51:30.351 [info] > git status -z -uall [6ms]
2024-05-31 15:51:35.385 [info] > git config --get commit.template [11ms]
2024-05-31 15:51:35.404 [info] > git for-each-ref --format=%(refname)%00%(upstream:short)%00%(objectname)%00%(upstream:track)%00%(upstream:remotename)%00%(upstream:remoteref) refs/heads/master refs/remotes/master [5ms]
2024-05-31 15:51:35.425 [info] > git status -z -uall [7ms]
2024-05-31 15:51:42.343 [info] > git config --get commit.template [15ms]
2024-05-31 15:51:42.344 [info] > git for-each-ref --format=%(refname)%00%(upstream:short)%00%(objectname)%00%(upstream:track)%00%(upstream:remotename)%00%(upstream:remoteref) refs/heads/master refs/remotes/master [3ms]
2024-05-31 15:51:42.363 [info] > git status -z -uall [5ms]
2024-05-31 15:51:50.792 [info] > git config --get commit.template [15ms]
2024-05-31 15:51:50.793 [info] > git for-each-ref --format=%(refname)%00%(upstream:short)%00%(objectname)%00%(upstream:track)%00%(upstream:remotename)%00%(upstream:remoteref) refs/heads/master refs/remotes/master [3ms]
2024-05-31 15:51:50.823 [info] > git status -z -uall [5ms]
2024-05-31 15:51:52.295 [info] > git show --textconv :projet/frontend/src/assets/scss/base/_typography.scss [18ms]
2024-05-31 15:51:52.301 [info] > git ls-files --stage -- /home/student/S03_challenge_E03-cedricRGT45/projet/frontend/src/assets/scss/base/_typography.scss [10ms]
2024-05-31 15:51:52.327 [info] > git cat-file -s 7e4fe55841e90f77486ebb8950d16339523dd0bb [3ms]
2024-05-31 15:51:55.857 [info] > git config --get commit.template [15ms]
2024-05-31 15:51:55.858 [info] > git for-each-ref --format=%(refname)%00%(upstream:short)%00%(objectname)%00%(upstream:track)%00%(upstream:remotename)%00%(upstream:remoteref) refs/heads/master refs/remotes/master [3ms]
2024-05-31 15:51:55.877 [info] > git status -z -uall [5ms]
2024-05-31 15:52:00.921 [info] > git config --get commit.template [18ms]
2024-05-31 15:52:00.923 [info] > git for-each-ref --format=%(refname)%00%(upstream:short)%00%(objectname)%00%(upstream:track)%00%(upstream:remotename)%00%(upstream:remoteref) refs/heads/master refs/remotes/master [4ms]
2024-05-31 15:52:00.954 [info] > git status -z -uall [5ms]
2024-05-31 15:52:17.792 [info] > git check-ignore -v -z --stdin [4ms]
2024-05-31 15:52:24.640 [info] > git show --textconv :projet/frontend/src/assets/scss/base/_typography.scss [21ms]
2024-05-31 15:52:24.642 [info] > git ls-files --stage -- /home/student/S03_challenge_E03-cedricRGT45/projet/frontend/src/assets/scss/base/_typography.scss [5ms]
2024-05-31 15:52:24.659 [info] > git cat-file -s 7e4fe55841e90f77486ebb8950d16339523dd0bb [3ms]
2024-05-31 15:52:37.957 [info] > git config --get commit.template [19ms]
2024-05-31 15:52:37.962 [info] > git for-each-ref --format=%(refname)%00%(upstream:short)%00%(objectname)%00%(upstream:track)%00%(upstream:remotename)%00%(upstream:remoteref) refs/heads/master refs/remotes/master [6ms]
2024-05-31 15:52:38.029 [info] > git status -z -uall [32ms]
2024-05-31 15:52:43.080 [info] > git config --get commit.template [23ms]
2024-05-31 15:52:43.082 [info] > git for-each-ref --format=%(refname)%00%(upstream:short)%00%(objectname)%00%(upstream:track)%00%(upstream:remotename)%00%(upstream:remoteref) refs/heads/master refs/remotes/master [2ms]
2024-05-31 15:52:43.101 [info] > git status -z -uall [6ms]
2024-05-31 15:52:49.889 [info] > git config --get commit.template [22ms]
2024-05-31 15:52:49.894 [info] > git for-each-ref --format=%(refname)%00%(upstream:short)%00%(objectname)%00%(upstream:track)%00%(upstream:remotename)%00%(upstream:remoteref) refs/heads/master refs/remotes/master [6ms]
2024-05-31 15:52:49.921 [info] > git status -z -uall [9ms]
2024-05-31 15:52:54.957 [info] > git config --get commit.template [16ms]
2024-05-31 15:52:54.961 [info] > git for-each-ref --format=%(refname)%00%(upstream:short)%00%(objectname)%00%(upstream:track)%00%(upstream:remotename)%00%(upstream:remoteref) refs/heads/master refs/remotes/master [6ms]
2024-05-31 15:52:55.029 [info] > git status -z -uall [36ms]
2024-05-31 15:53:00.069 [info] > git config --get commit.template [20ms]
2024-05-31 15:53:00.075 [info] > git for-each-ref --format=%(refname)%00%(upstream:short)%00%(objectname)%00%(upstream:track)%00%(upstream:remotename)%00%(upstream:remoteref) refs/heads/master refs/remotes/master [14ms]
2024-05-31 15:53:00.095 [info] > git status -z -uall [2ms]
2024-05-31 15:53:05.134 [info] > git config --get commit.template [17ms]
2024-05-31 15:53:05.137 [info] > git for-each-ref --format=%(refname)%00%(upstream:short)%00%(objectname)%00%(upstream:track)%00%(upstream:remotename)%00%(upstream:remoteref) refs/heads/master refs/remotes/master [4ms]
2024-05-31 15:53:05.164 [info] > git status -z -uall [10ms]
2024-05-31 15:53:10.190 [info] > git config --get commit.template [1ms]
2024-05-31 15:53:10.208 [info] > git for-each-ref --format=%(refname)%00%(upstream:short)%00%(objectname)%00%(upstream:track)%00%(upstream:remotename)%00%(upstream:remoteref) refs/heads/master refs/remotes/master [3ms]
2024-05-31 15:53:10.227 [info] > git status -z -uall [4ms]
2024-05-31 15:55:58.099 [info] > git config --get commit.template [21ms]
2024-05-31 15:55:58.108 [info] > git for-each-ref --format=%(refname)%00%(upstream:short)%00%(objectname)%00%(upstream:track)%00%(upstream:remotename)%00%(upstream:remoteref) refs/heads/master refs/remotes/master [17ms]
2024-05-31 15:55:58.137 [info] > git status -z -uall [7ms]
2024-05-31 15:56:08.104 [info] > git config --get commit.template [14ms]
2024-05-31 15:56:08.105 [info] > git for-each-ref --format=%(refname)%00%(upstream:short)%00%(objectname)%00%(upstream:track)%00%(upstream:remotename)%00%(upstream:remoteref) refs/heads/master refs/remotes/master [2ms]
2024-05-31 15:56:08.126 [info] > git status -z -uall [4ms]
2024-05-31 15:56:13.160 [info] > git config --get commit.template [14ms]
2024-05-31 15:56:13.161 [info] > git for-each-ref --format=%(refname)%00%(upstream:short)%00%(objectname)%00%(upstream:track)%00%(upstream:remotename)%00%(upstream:remoteref) refs/heads/master refs/remotes/master [3ms]
2024-05-31 15:56:13.181 [info] > git status -z -uall [0ms]
2024-05-31 15:56:32.227 [info] > git show --textconv :projet/frontend/src/App.tsx [550ms]
2024-05-31 15:56:32.249 [info] > git ls-files --stage -- /home/student/S03_challenge_E03-cedricRGT45/projet/frontend/src/App.tsx [554ms]
2024-05-31 15:56:32.404 [info] > git cat-file -s 3d8fcc84be5fd4b79d92b362342151be01d104b3 [121ms]
2024-05-31 15:56:34.850 [info] > git show --textconv :projet/frontend/src/main.tsx [52ms]
2024-05-31 15:56:34.867 [info] > git ls-files --stage -- /home/student/S03_challenge_E03-cedricRGT45/projet/frontend/src/main.tsx [23ms]
2024-05-31 15:56:34.904 [info] > git cat-file -s a92714028f046c59d5b04d1a713f32a3d69f5a5b [12ms]
2024-05-31 15:56:35.109 [info] > git config --get commit.template [43ms]
2024-05-31 15:56:35.164 [info] > git for-each-ref --format=%(refname)%00%(upstream:short)%00%(objectname)%00%(upstream:track)%00%(upstream:remotename)%00%(upstream:remoteref) refs/heads/master refs/remotes/master [57ms]
2024-05-31 15:56:35.274 [info] > git status -z -uall [44ms]
2024-05-31 15:56:36.384 [info] > git show --textconv :projet/frontend/src/App.tsx [15ms]
2024-05-31 15:56:36.385 [info] > git ls-files --stage -- /home/student/S03_challenge_E03-cedricRGT45/projet/frontend/src/App.tsx [3ms]
2024-05-31 15:56:36.402 [info] > git cat-file -s 3d8fcc84be5fd4b79d92b362342151be01d104b3 [3ms]
2024-05-31 15:56:49.137 [info] > git show --textconv :projet/frontend/src/assets/scss/main.scss [16ms]
2024-05-31 15:56:49.138 [info] > git ls-files --stage -- /home/student/S03_challenge_E03-cedricRGT45/projet/frontend/src/assets/scss/main.scss [3ms]
2024-05-31 15:56:49.154 [info] > git cat-file -s d2e4481ef98cda6d99590fbf607fa32e094b318c [3ms]
2024-05-31 15:56:49.401 [info] > git config --get commit.template [6ms]
2024-05-31 15:56:49.427 [info] > git for-each-ref --format=%(refname)%00%(upstream:short)%00%(objectname)%00%(upstream:track)%00%(upstream:remotename)%00%(upstream:remoteref) refs/heads/master refs/remotes/master [3ms]
2024-05-31 15:56:49.449 [info] > git status -z -uall [5ms]
2024-05-31 15:56:54.159 [info] > git show --textconv :projet/frontend/src/assets/scss/base/_typography.scss [18ms]
2024-05-31 15:56:54.159 [info] > git ls-files --stage -- /home/student/S03_challenge_E03-cedricRGT45/projet/frontend/src/assets/scss/base/_typography.scss [3ms]
2024-05-31 15:56:54.187 [info] > git cat-file -s 7e4fe55841e90f77486ebb8950d16339523dd0bb [5ms]
2024-05-31 15:56:54.503 [info] > git config --get commit.template [34ms]
2024-05-31 15:56:54.504 [info] > git for-each-ref --format=%(refname)%00%(upstream:short)%00%(objectname)%00%(upstream:track)%00%(upstream:remotename)%00%(upstream:remoteref) refs/heads/master refs/remotes/master [4ms]
2024-05-31 15:56:54.527 [info] > git status -z -uall [7ms]
2024-05-31 15:56:59.564 [info] > git config --get commit.template [15ms]
2024-05-31 15:56:59.566 [info] > git for-each-ref --format=%(refname)%00%(upstream:short)%00%(objectname)%00%(upstream:track)%00%(upstream:remotename)%00%(upstream:remoteref) refs/heads/master refs/remotes/master [3ms]
2024-05-31 15:56:59.606 [info] > git status -z -uall [14ms]
2024-05-31 16:56:51.247 [info] > git config --get commit.template [17ms]
2024-05-31 16:56:51.250 [info] > git for-each-ref --format=%(refname)%00%(upstream:short)%00%(objectname)%00%(upstream:track)%00%(upstream:remotename)%00%(upstream:remoteref) refs/heads/master refs/remotes/master [3ms]
2024-05-31 16:56:51.268 [info] > git status -z -uall [4ms]
2024-05-31 16:56:56.300 [info] > git config --get commit.template [15ms]
2024-05-31 16:56:56.302 [info] > git for-each-ref --format=%(refname)%00%(upstream:short)%00%(objectname)%00%(upstream:track)%00%(upstream:remotename)%00%(upstream:remoteref) refs/heads/master refs/remotes/master [3ms]
2024-05-31 16:56:56.321 [info] > git status -z -uall [4ms]
