2024-07-10 19:28:41.483 [info] Log level: Info
2024-07-10 19:28:41.483 [info] Validating found git in: "git"
2024-07-10 19:28:41.483 [info] Using git "2.34.1" from "git"
2024-07-10 19:28:41.484 [info] > git rev-parse --show-toplevel [151ms]
2024-07-10 19:28:41.484 [info] > git rev-parse --git-dir --git-common-dir [182ms]
2024-07-10 19:28:41.487 [info] Open repository: /home/student
2024-07-10 19:28:41.488 [info] > git rev-parse --show-toplevel [111ms]
2024-07-10 19:28:41.488 [info] > git config --get commit.template [123ms]
2024-07-10 19:28:41.515 [info] > git rev-parse --git-dir --git-common-dir [40ms]
2024-07-10 19:28:41.524 [info] Open repository: /home/student/P01-Parcours_dev-Mederick-ROBERT
2024-07-10 19:28:41.544 [info] > git for-each-ref --format=%(refname)%00%(upstream:short)%00%(objectname)%00%(upstream:track)%00%(upstream:remotename)%00%(upstream:remoteref) refs/heads/main refs/remotes/main [36ms]
2024-07-10 19:28:41.552 [info] > git config --get commit.template [15ms]
2024-07-10 19:28:41.589 [info] > git for-each-ref --format=%(refname)%00%(upstream:short)%00%(objectname)%00%(upstream:track)%00%(upstream:remotename)%00%(upstream:remoteref) refs/heads/v0 refs/remotes/v0 [27ms]
2024-07-10 19:28:41.612 [warning] ENOENT: no such file or directory, open '/home/student/P01-Parcours_dev-Mederick-ROBERT/.git/refs/remotes/origin/v0'
2024-07-10 19:28:41.614 [info] > git rev-parse --show-toplevel [26ms]
2024-07-10 19:28:41.698 [info] > git rev-parse refs/remotes/origin/v0 [86ms]
2024-07-10 19:28:41.729 [info] > git rev-parse --show-toplevel [45ms]
2024-07-10 19:28:41.742 [info] > git status -z -uall [37ms]
2024-07-10 19:28:41.946 [info] > git for-each-ref --format=%(refname)%00%(upstream:short)%00%(objectname)%00%(upstream:track)%00%(upstream:remotename)%00%(upstream:remoteref) refs/heads/v0 refs/remotes/v0 [152ms]
2024-07-10 19:28:41.964 [info] > git config --get commit.template [84ms]
2024-07-10 19:28:41.964 [info] > git rev-parse --show-toplevel [128ms]
2024-07-10 19:28:41.989 [info] > git config --local branch.v0.vscode-merge-base [36ms]
2024-07-10 19:28:41.990 [warning] git config failed: Failed to execute git
2024-07-10 19:28:42.024 [info] > git rev-parse --show-toplevel [35ms]
2024-07-10 19:28:42.152 [info] > git reflog v0 --grep-reflog=branch: Created from *. [153ms]
2024-07-10 19:28:42.215 [info] > git rev-parse --show-toplevel [173ms]
2024-07-10 19:28:42.218 [info] > git for-each-ref --format=%(refname)%00%(upstream:short)%00%(objectname)%00%(upstream:track)%00%(upstream:remotename)%00%(upstream:remoteref) refs/heads/v0 refs/remotes/v0 [196ms]
2024-07-10 19:28:42.332 [warning] ENOENT: no such file or directory, open '/home/student/P01-Parcours_dev-Mederick-ROBERT/.git/refs/remotes/origin/v0'
2024-07-10 19:28:42.341 [info] > git for-each-ref --format=%(refname)%00%(upstream:short)%00%(objectname)%00%(upstream:track)%00%(upstream:remotename)%00%(upstream:remoteref) refs/remotes/origin/v0 [151ms]
2024-07-10 19:28:42.446 [info] > git check-ignore -v -z --stdin [144ms]
2024-07-10 19:28:42.451 [info] > git rev-parse refs/remotes/origin/v0 [119ms]
2024-07-10 19:28:42.465 [info] > git rev-parse --show-toplevel [144ms]
2024-07-10 19:28:42.497 [info] > git symbolic-ref --short refs/remotes/origin/HEAD [96ms]
2024-07-10 19:28:42.511 [info] > git check-ignore -v -z --stdin [233ms]
2024-07-10 19:28:42.513 [info] > git status -z -uall [49ms]
2024-07-10 19:28:42.518 [info] > git rev-parse --show-toplevel [22ms]
2024-07-10 19:28:42.567 [info] > git for-each-ref --format=%(refname)%00%(upstream:short)%00%(objectname)%00%(upstream:track)%00%(upstream:remotename)%00%(upstream:remoteref) refs/heads/v0 refs/remotes/v0 [34ms]
2024-07-10 19:28:42.585 [info] > git for-each-ref --format=%(refname)%00%(upstream:short)%00%(objectname)%00%(upstream:track)%00%(upstream:remotename)%00%(upstream:remoteref) refs/heads/origin/master refs/remotes/origin/master [76ms]
2024-07-10 19:28:42.617 [info] > git config --local branch.v0.vscode-merge-base [33ms]
2024-07-10 19:28:42.618 [warning] git config failed: Failed to execute git
2024-07-10 19:28:42.639 [info] > git rev-parse --show-toplevel [75ms]
2024-07-10 19:28:42.722 [info] > git reflog v0 --grep-reflog=branch: Created from *. [83ms]
2024-07-10 19:28:42.790 [info] > git config --local branch.v0.vscode-merge-base origin/master [179ms]
2024-07-10 19:28:42.865 [info] > git for-each-ref --format=%(refname)%00%(upstream:short)%00%(objectname)%00%(upstream:track)%00%(upstream:remotename)%00%(upstream:remoteref) refs/remotes/origin/v0 [76ms]
2024-07-10 19:28:42.874 [info] > git rev-parse --show-toplevel [154ms]
2024-07-10 19:28:42.897 [info] > git config --get commit.template [78ms]
2024-07-10 19:28:42.934 [info] > git status -z -uall [1360ms] (cancelled)
2024-07-10 19:28:42.935 [info] > git rev-parse --show-toplevel [50ms]
2024-07-10 19:28:42.936 [info] > git symbolic-ref --short refs/remotes/origin/HEAD [63ms]
2024-07-10 19:28:42.978 [info] > git for-each-ref --format=%(refname)%00%(upstream:short)%00%(objectname)%00%(upstream:track)%00%(upstream:remotename)%00%(upstream:remoteref) refs/heads/origin/master refs/remotes/origin/master [28ms]
2024-07-10 19:28:42.997 [info] > git rev-parse --show-toplevel [21ms]
2024-07-10 19:28:42.998 [info] > git for-each-ref --format=%(refname)%00%(upstream:short)%00%(objectname)%00%(upstream:track)%00%(upstream:remotename)%00%(upstream:remoteref) refs/heads/v0 refs/remotes/v0 [35ms]
2024-07-10 19:28:43.014 [warning] ENOENT: no such file or directory, open '/home/student/P01-Parcours_dev-Mederick-ROBERT/.git/refs/remotes/origin/v0'
2024-07-10 19:28:43.025 [info] > git rev-parse refs/remotes/origin/v0 [11ms]
2024-07-10 19:28:43.031 [info] > git rev-parse --git-dir --git-common-dir [24ms]
2024-07-10 19:28:43.052 [info] Open repository: /home/student/P01-Atelier-cedricRGT45
2024-07-10 19:28:43.066 [info] > git config --local branch.v0.vscode-merge-base origin/master [71ms]
2024-07-10 19:28:43.122 [info] > git status -z -uall [90ms] (cancelled)
2024-07-10 19:28:43.134 [info] > git config --get commit.template [18ms]
2024-07-10 19:28:43.138 [info] > git rev-parse --show-toplevel [36ms]
2024-07-10 19:28:43.141 [info] > git config --get commit.template [43ms]
2024-07-10 19:28:43.142 [info] > git merge-base refs/heads/v0 refs/remotes/origin/v0 [62ms]
2024-07-10 19:28:43.224 [info] > git rev-list --count --left-right refs/heads/v0...refs/remotes/origin/v0 [72ms]
2024-07-10 19:28:43.258 [info] > git for-each-ref --format=%(refname)%00%(upstream:short)%00%(objectname)%00%(upstream:track)%00%(upstream:remotename)%00%(upstream:remoteref) refs/heads/v0 refs/remotes/v0 [39ms]
2024-07-10 19:28:43.259 [info] > git for-each-ref --format=%(refname)%00%(upstream:short)%00%(objectname)%00%(upstream:track)%00%(upstream:remotename)%00%(upstream:remoteref) refs/heads/master refs/remotes/master [81ms]
2024-07-10 19:28:43.259 [info] > git rev-parse --git-dir --git-common-dir [98ms]
2024-07-10 19:28:43.295 [info] Open repository: /home/student/P01-Parcours_dev-cedricRGT45
2024-07-10 19:28:43.353 [warning] ENOENT: no such file or directory, open '/home/student/P01-Parcours_dev-Mederick-ROBERT/.git/refs/remotes/origin/v0'
2024-07-10 19:28:43.365 [warning] ENOENT: no such file or directory, open '/home/student/P01-Atelier-cedricRGT45/.git/refs/remotes/origin/master'
2024-07-10 19:28:43.374 [info] > git show --textconv :projet/frontend/src/main.tsx [57ms]
2024-07-10 19:28:43.375 [info] > git diff --name-status -z --diff-filter=ADMR cf894c565ca483de62f956ead9dbc3e65eda24c2...refs/remotes/origin/v0 [121ms]
2024-07-10 19:28:43.380 [info] > git rev-parse refs/remotes/origin/master [15ms]
2024-07-10 19:28:43.388 [info] > git rev-parse refs/remotes/origin/v0 [36ms]
2024-07-10 19:28:43.404 [info] > git ls-files --stage -- /home/student/P01-Parcours_dev-Mederick-ROBERT/projet/frontend/src/main.tsx [66ms]
2024-07-10 19:28:43.431 [info] > git status -z -uall [43ms]
2024-07-10 19:28:43.432 [info] > git config --get commit.template [59ms]
2024-07-10 19:28:43.477 [info] > git cat-file -s 61c0fa34a40d93ef9d57257590a6bf1721963fb5 [66ms]
2024-07-10 19:28:43.487 [info] > git status -z -uall [84ms]
2024-07-10 19:28:43.498 [info] > git for-each-ref --format=%(refname)%00%(upstream:short)%00%(objectname)%00%(upstream:track)%00%(upstream:remotename)%00%(upstream:remoteref) refs/heads/master refs/remotes/master [30ms]
2024-07-10 19:28:43.508 [info] > git for-each-ref --format=%(refname)%00%(upstream:short)%00%(objectname)%00%(upstream:track)%00%(upstream:remotename)%00%(upstream:remoteref) refs/heads/master refs/remotes/master [66ms]
2024-07-10 19:28:43.514 [info] > git for-each-ref --format=%(refname)%00%(upstream:short)%00%(objectname)%00%(upstream:track)%00%(upstream:remotename)%00%(upstream:remoteref) refs/heads/v0 refs/remotes/v0 [18ms]
2024-07-10 19:28:43.522 [info] > git config --get commit.template [37ms]
2024-07-10 19:28:43.523 [info] > git config --local branch.master.vscode-merge-base [16ms]
2024-07-10 19:28:43.545 [info] > git config --local branch.v0.vscode-merge-base [24ms]
2024-07-10 19:28:43.560 [info] > git for-each-ref --format=%(refname)%00%(upstream:short)%00%(objectname)%00%(upstream:track)%00%(upstream:remotename)%00%(upstream:remoteref) refs/heads/master refs/remotes/master [16ms]
2024-07-10 19:28:43.560 [info] > git for-each-ref --format=%(refname)%00%(upstream:short)%00%(objectname)%00%(upstream:track)%00%(upstream:remotename)%00%(upstream:remoteref) refs/heads/origin/master refs/remotes/origin/master [24ms]
2024-07-10 19:28:43.591 [warning] ENOENT: no such file or directory, open '/home/student/P01-Atelier-cedricRGT45/.git/refs/remotes/origin/master'
2024-07-10 19:28:43.592 [info] > git for-each-ref --format=%(refname)%00%(upstream:short)%00%(objectname)%00%(upstream:track)%00%(upstream:remotename)%00%(upstream:remoteref) refs/heads/origin/master refs/remotes/origin/master [37ms]
2024-07-10 19:28:43.602 [info] > git status -z -uall [18ms]
2024-07-10 19:28:43.603 [info] > git rev-parse refs/remotes/origin/master [12ms]
2024-07-10 19:28:43.640 [info] > git merge-base refs/heads/master refs/remotes/origin/master [70ms]
2024-07-10 19:28:43.701 [info] > git status -z -uall [92ms]
2024-07-10 19:28:43.702 [info] > git for-each-ref --format=%(refname)%00%(upstream:short)%00%(objectname)%00%(upstream:track)%00%(upstream:remotename)%00%(upstream:remoteref) refs/heads/master refs/remotes/master [78ms]
2024-07-10 19:28:43.738 [info] > git config --local branch.master.vscode-merge-base [23ms]
2024-07-10 19:28:43.747 [info] > git config --get commit.template [62ms]
2024-07-10 19:28:43.748 [info] > git rev-list --count --left-right refs/heads/master...refs/remotes/origin/master [101ms]
2024-07-10 19:28:43.760 [info] > git for-each-ref --format=%(refname)%00%(upstream:short)%00%(objectname)%00%(upstream:track)%00%(upstream:remotename)%00%(upstream:remoteref) refs/heads/origin/master refs/remotes/origin/master [13ms]
2024-07-10 19:28:43.774 [info] > git for-each-ref --format=%(refname)%00%(upstream:short)%00%(objectname)%00%(upstream:track)%00%(upstream:remotename)%00%(upstream:remoteref) refs/heads/master refs/remotes/master [50ms]
2024-07-10 19:28:43.805 [info] > git merge-base refs/heads/master refs/remotes/origin/master [32ms]
2024-07-10 19:28:43.812 [info] > git diff --name-status -z --diff-filter=ADMR a613dd18878647b208b6ea7b58ca1aa45040182f...refs/remotes/origin/master [55ms]
2024-07-10 19:28:43.814 [info] > git for-each-ref --format=%(refname)%00%(upstream:short)%00%(objectname)%00%(upstream:track)%00%(upstream:remotename)%00%(upstream:remoteref) refs/heads/master refs/remotes/master [23ms]
2024-07-10 19:28:43.815 [info] > git config --local branch.master.vscode-merge-base [32ms]
2024-07-10 19:28:43.826 [info] > git rev-list --count --left-right refs/heads/master...refs/remotes/origin/master [14ms]
2024-07-10 19:28:43.840 [info] > git for-each-ref --format=%(refname)%00%(upstream:short)%00%(objectname)%00%(upstream:track)%00%(upstream:remotename)%00%(upstream:remoteref) refs/heads/origin/master refs/remotes/origin/master [16ms]
2024-07-10 19:28:43.852 [info] > git diff --name-status -z --diff-filter=ADMR 2fc650aa6104e8054e535196d3c6923a241673a6...refs/remotes/origin/master [16ms]
2024-07-10 19:28:43.860 [info] > git status -z -uall [9ms]
2024-07-10 19:28:43.881 [info] > git for-each-ref --format=%(refname)%00%(upstream:short)%00%(objectname)%00%(upstream:track)%00%(upstream:remotename)%00%(upstream:remoteref) refs/heads/master refs/remotes/master [4ms]
2024-07-10 19:28:43.893 [info] > git config --local branch.master.vscode-merge-base [5ms]
2024-07-10 19:28:43.903 [info] > git for-each-ref --format=%(refname)%00%(upstream:short)%00%(objectname)%00%(upstream:track)%00%(upstream:remotename)%00%(upstream:remoteref) refs/heads/origin/master refs/remotes/origin/master [1ms]
2024-07-10 19:28:44.143 [info] > git check-ignore -v -z --stdin [120ms]
2024-07-10 19:28:44.152 [info] > git check-ignore -v -z --stdin [114ms]
2024-07-10 19:28:44.155 [info] > git check-ignore -v -z --stdin [57ms]
2024-07-10 19:28:50.260 [info] > git ls-files --stage -- /home/student/P01-Parcours_dev-Mederick-ROBERT/projet/frontend/src/main.tsx [2ms]
2024-07-10 19:28:50.267 [info] > git cat-file -s 61c0fa34a40d93ef9d57257590a6bf1721963fb5 [2ms]
2024-07-10 19:28:50.308 [info] > git show --textconv :projet/frontend/src/main.tsx [3ms]
