2024-07-30 09:07:03.067 [info] Log level: Info
2024-07-30 09:07:03.067 [info] Validating found git in: "git"
2024-07-30 09:07:03.067 [info] Using git "2.34.1" from "git"
2024-07-30 09:07:03.079 [info] > git rev-parse --show-toplevel [17ms]
2024-07-30 09:07:03.096 [info] > git rev-parse --git-dir --git-common-dir [7ms]
2024-07-30 09:07:03.117 [info] Open repository: /home/student
2024-07-30 09:07:03.148 [info] > git config --get commit.template [22ms]
2024-07-30 09:07:03.162 [info] > git rev-parse --show-toplevel [29ms]
2024-07-30 09:07:03.178 [info] > git rev-parse --show-toplevel [5ms]
2024-07-30 09:07:03.179 [info] > git for-each-ref --format=%(refname)%00%(upstream:short)%00%(objectname)%00%(upstream:track)%00%(upstream:remotename)%00%(upstream:remoteref) refs/heads/main refs/remotes/main [20ms]
2024-07-30 09:07:03.198 [info] > git rev-parse --show-toplevel [1ms]
2024-07-30 09:07:03.224 [info] > git rev-parse --show-toplevel [14ms]
2024-07-30 09:07:03.240 [info] > git rev-parse --show-toplevel [5ms]
2024-07-30 09:07:03.444 [info] > git rev-parse --show-toplevel [184ms]
2024-07-30 09:07:03.467 [info] > git rev-parse --show-toplevel [5ms]
2024-07-30 09:07:03.496 [info] > git rev-parse --show-toplevel [20ms]
2024-07-30 09:07:03.514 [info] > git rev-parse --show-toplevel [3ms]
2024-07-30 09:07:03.526 [info] > git rev-parse --show-toplevel [4ms]
2024-07-30 09:07:03.537 [info] > git rev-parse --show-toplevel [5ms]
2024-07-30 09:07:03.560 [info] > git rev-parse --git-dir --git-common-dir [17ms]
2024-07-30 09:07:03.575 [info] Open repository: /home/student/E01-S04-AutoBudget-cedricRGT45
2024-07-30 09:07:03.626 [info] > git config --get commit.template [24ms]
2024-07-30 09:07:03.645 [info] > git rev-parse --show-toplevel [21ms]
2024-07-30 09:07:03.671 [info] > git for-each-ref --format=%(refname)%00%(upstream:short)%00%(objectname)%00%(upstream:track)%00%(upstream:remotename)%00%(upstream:remoteref) refs/heads/master refs/remotes/master [27ms]
2024-07-30 09:07:03.672 [info] > git rev-parse --git-dir --git-common-dir [2ms]
2024-07-30 09:07:03.689 [info] Open repository: /home/student/P01-Atelier-cedricRGT45
2024-07-30 09:07:03.754 [info] > git config --get commit.template [23ms]
2024-07-30 09:07:03.765 [info] > git rev-parse --show-toplevel [24ms]
2024-07-30 09:07:03.774 [info] > git status -z -uall [14ms]
2024-07-30 09:07:03.812 [info] > git for-each-ref --format=%(refname)%00%(upstream:short)%00%(objectname)%00%(upstream:track)%00%(upstream:remotename)%00%(upstream:remoteref) refs/heads/master refs/remotes/master [24ms]
2024-07-30 09:07:03.822 [info] > git rev-parse --git-dir --git-common-dir [49ms]
2024-07-30 09:07:03.840 [info] Open repository: /home/student/P01-Parcours_dev-cedricRGT45
2024-07-30 09:07:03.849 [info] > git for-each-ref --format=%(refname)%00%(upstream:short)%00%(objectname)%00%(upstream:track)%00%(upstream:remotename)%00%(upstream:remoteref) refs/heads/master refs/remotes/master [86ms]
2024-07-30 09:07:03.887 [warning] ENOENT: no such file or directory, open '/home/student/P01-Atelier-cedricRGT45/.git/refs/remotes/origin/master'
2024-07-30 09:07:03.888 [info] > git config --local branch.master.vscode-merge-base [66ms]
2024-07-30 09:07:03.889 [warning] git config failed: Failed to execute git
2024-07-30 09:07:03.899 [info] > git config --get commit.template [88ms]
2024-07-30 09:07:03.901 [info] > git rev-parse refs/remotes/origin/master [14ms]
2024-07-30 09:07:03.910 [info] > git rev-parse --show-toplevel [34ms]
2024-07-30 09:07:03.910 [info] > git config --get commit.template [47ms]
2024-07-30 09:07:03.926 [info] > git reflog master --grep-reflog=branch: Created from *. [28ms]
2024-07-30 09:07:03.947 [info] > git rev-parse --git-dir --git-common-dir [21ms]
2024-07-30 09:07:03.960 [info] Open repository: /home/student/S04_TDD
2024-07-30 09:07:03.974 [info] > git for-each-ref --format=%(refname)%00%(upstream:short)%00%(objectname)%00%(upstream:track)%00%(upstream:remotename)%00%(upstream:remoteref) refs/heads/master refs/remotes/master [58ms]
2024-07-30 09:07:03.983 [info] > git for-each-ref --format=%(refname)%00%(upstream:short)%00%(objectname)%00%(upstream:track)%00%(upstream:remotename)%00%(upstream:remoteref) refs/heads/master refs/remotes/master [37ms]
2024-07-30 09:07:03.983 [info] > git symbolic-ref --short refs/remotes/origin/HEAD [48ms]
2024-07-30 09:07:04.004 [info] > git status -z -uall [95ms]
2024-07-30 09:07:04.005 [info] > git for-each-ref --format=%(refname)%00%(upstream:short)%00%(objectname)%00%(upstream:track)%00%(upstream:remotename)%00%(upstream:remoteref) refs/heads/origin/master refs/remotes/origin/master [12ms]
2024-07-30 09:07:04.015 [info] > git config --get commit.template [34ms]
2024-07-30 09:07:04.064 [info] > git for-each-ref --format=%(refname)%00%(upstream:short)%00%(objectname)%00%(upstream:track)%00%(upstream:remotename)%00%(upstream:remoteref) refs/heads/master refs/remotes/master [37ms]
2024-07-30 09:07:04.075 [info] > git config --local branch.master.vscode-merge-base origin/master [60ms]
2024-07-30 09:07:04.096 [info] > git check-ignore -v -z --stdin [93ms]
2024-07-30 09:07:04.098 [info] > git config --get commit.template [35ms]
2024-07-30 09:07:04.111 [info] > git config --local branch.master.vscode-merge-base [35ms]
2024-07-30 09:07:04.140 [info] > git status -z -uall [31ms]
2024-07-30 09:07:04.165 [info] > git for-each-ref --format=%(refname)%00%(upstream:short)%00%(objectname)%00%(upstream:track)%00%(upstream:remotename)%00%(upstream:remoteref) refs/heads/main refs/remotes/main [83ms]
2024-07-30 09:07:04.179 [info] > git config --get commit.template [84ms]
2024-07-30 09:07:04.204 [info] > git status -z -uall [25ms]
2024-07-30 09:07:04.204 [info] > git for-each-ref --format=%(refname)%00%(upstream:short)%00%(objectname)%00%(upstream:track)%00%(upstream:remotename)%00%(upstream:remoteref) refs/heads/master refs/remotes/master [45ms]
2024-07-30 09:07:04.215 [info] > git for-each-ref --format=%(refname)%00%(upstream:short)%00%(objectname)%00%(upstream:track)%00%(upstream:remotename)%00%(upstream:remoteref) refs/heads/master refs/remotes/master [76ms]
2024-07-30 09:07:04.215 [info] > git for-each-ref --format=%(refname)%00%(upstream:short)%00%(objectname)%00%(upstream:track)%00%(upstream:remotename)%00%(upstream:remoteref) refs/heads/origin/master refs/remotes/origin/master [90ms]
2024-07-30 09:07:04.247 [warning] ENOENT: no such file or directory, open '/home/student/P01-Atelier-cedricRGT45/.git/refs/remotes/origin/master'
2024-07-30 09:07:04.249 [info] > git config --local branch.master.vscode-merge-base [35ms]
2024-07-30 09:07:04.258 [info] > git config --get commit.template [55ms]
2024-07-30 09:07:04.258 [info] > git for-each-ref --format=%(refname)%00%(upstream:short)%00%(objectname)%00%(upstream:track)%00%(upstream:remotename)%00%(upstream:remoteref) refs/heads/master refs/remotes/master [67ms]
2024-07-30 09:07:04.288 [info] > git for-each-ref --format=%(refname)%00%(upstream:short)%00%(objectname)%00%(upstream:track)%00%(upstream:remotename)%00%(upstream:remoteref) refs/heads/main refs/remotes/main [20ms]
2024-07-30 09:07:04.298 [info] > git for-each-ref --format=%(refname)%00%(upstream:short)%00%(objectname)%00%(upstream:track)%00%(upstream:remotename)%00%(upstream:remoteref) refs/heads/origin/master refs/remotes/origin/master [41ms]
2024-07-30 09:07:04.307 [info] > git rev-parse refs/remotes/origin/master [60ms]
2024-07-30 09:07:04.317 [info] > git merge-base refs/heads/master refs/remotes/origin/master [82ms]
2024-07-30 09:07:04.340 [info] > git status -z -uall [24ms]
2024-07-30 09:07:04.341 [info] > git merge-base refs/heads/master refs/remotes/origin/master [33ms]
2024-07-30 09:07:04.346 [info] > git config --local branch.main.vscode-merge-base [48ms]
2024-07-30 09:07:04.353 [info] > git config --get commit.template [67ms]
2024-07-30 09:07:04.355 [info] > git for-each-ref --format=%(refname)%00%(upstream:short)%00%(objectname)%00%(upstream:track)%00%(upstream:remotename)%00%(upstream:remoteref) refs/heads/master refs/remotes/master [17ms]
2024-07-30 09:07:04.369 [info] > git rev-list --count --left-right refs/heads/master...refs/remotes/origin/master [42ms]
2024-07-30 09:07:04.472 [info] > git status -z -uall [24ms]
2024-07-30 09:07:04.472 [info] > git diff --name-status -z --diff-filter=ADMR a613dd18878647b208b6ea7b58ca1aa45040182f...refs/remotes/origin/master [86ms]
2024-07-30 09:07:04.473 [info] > git for-each-ref --format=%(refname)%00%(upstream:short)%00%(objectname)%00%(upstream:track)%00%(upstream:remotename)%00%(upstream:remoteref) refs/heads/master refs/remotes/master [106ms]
2024-07-30 09:07:04.479 [info] > git for-each-ref --format=%(refname)%00%(upstream:short)%00%(objectname)%00%(upstream:track)%00%(upstream:remotename)%00%(upstream:remoteref) refs/heads/origin/E01 refs/remotes/origin/E01 [126ms]
2024-07-30 09:07:04.483 [info] > git rev-list --count --left-right refs/heads/master...refs/remotes/origin/master [138ms]
2024-07-30 09:07:04.528 [info] > git status -z -uall [1305ms] (cancelled)
2024-07-30 09:07:04.528 [info] > git config --local branch.master.vscode-merge-base [49ms]
2024-07-30 09:07:04.535 [info] > git for-each-ref --format=%(refname)%00%(upstream:short)%00%(objectname)%00%(upstream:track)%00%(upstream:remotename)%00%(upstream:remoteref) refs/heads/main refs/remotes/main [79ms]
2024-07-30 09:07:04.560 [info] > git status -z -uall [19ms]
2024-07-30 09:07:04.560 [info] > git for-each-ref --format=%(refname)%00%(upstream:short)%00%(objectname)%00%(upstream:track)%00%(upstream:remotename)%00%(upstream:remoteref) refs/heads/master refs/remotes/master [10ms]
2024-07-30 09:07:04.580 [info] > git for-each-ref --format=%(refname)%00%(upstream:short)%00%(objectname)%00%(upstream:track)%00%(upstream:remotename)%00%(upstream:remoteref) refs/heads/origin/master refs/remotes/origin/master [45ms]
2024-07-30 09:07:04.580 [info] > git diff --name-status -z --diff-filter=ADMR b9aeda9dc5f5420772aedbe98d41cca3042ad341...refs/remotes/origin/master [90ms]
2024-07-30 09:07:04.603 [info] > git config --local branch.master.vscode-merge-base [35ms]
2024-07-30 09:07:04.611 [info] > git merge-base refs/heads/master refs/remotes/origin/master [55ms]
2024-07-30 09:07:04.619 [info] > git status -z -uall [31ms]
2024-07-30 09:07:04.619 [info] > git for-each-ref --format=%(refname)%00%(upstream:short)%00%(objectname)%00%(upstream:track)%00%(upstream:remotename)%00%(upstream:remoteref) refs/heads/origin/master refs/remotes/origin/master [9ms]
2024-07-30 09:07:04.630 [info] > git for-each-ref --format=%(refname)%00%(upstream:short)%00%(objectname)%00%(upstream:track)%00%(upstream:remotename)%00%(upstream:remoteref) refs/heads/main refs/remotes/main [54ms]
2024-07-30 09:07:04.638 [info] > git for-each-ref --format=%(refname)%00%(upstream:short)%00%(objectname)%00%(upstream:track)%00%(upstream:remotename)%00%(upstream:remoteref) refs/heads/master refs/remotes/master [10ms]
2024-07-30 09:07:04.646 [info] > git rev-list --count --left-right refs/heads/master...refs/remotes/origin/master [28ms]
2024-07-30 09:07:04.654 [info] > git config --local branch.master.vscode-merge-base [9ms]
2024-07-30 09:07:04.662 [info] > git config --local branch.main.vscode-merge-base [25ms]
2024-07-30 09:07:04.683 [info] > git for-each-ref --format=%(refname)%00%(upstream:short)%00%(objectname)%00%(upstream:track)%00%(upstream:remotename)%00%(upstream:remoteref) refs/heads/origin/E01 refs/remotes/origin/E01 [14ms]
2024-07-30 09:07:04.684 [info] > git for-each-ref --format=%(refname)%00%(upstream:short)%00%(objectname)%00%(upstream:track)%00%(upstream:remotename)%00%(upstream:remoteref) refs/heads/origin/master refs/remotes/origin/master [22ms]
2024-07-30 09:07:04.684 [info] > git diff --name-status -z --diff-filter=ADMR 9bd9d524436050e86d87de2b3d2d6b23983e954b...refs/remotes/origin/master [31ms]
2024-07-30 09:07:05.358 [info] > git check-ignore -v -z --stdin [29ms]
2024-07-30 09:07:05.359 [info] > git check-ignore -v -z --stdin [19ms]
2024-07-30 09:07:05.359 [info] > git check-ignore -v -z --stdin [6ms]
2024-07-30 09:07:05.360 [info] > git check-ignore -v -z --stdin [26ms]
2024-07-30 09:07:05.364 [info] > git check-ignore -v -z --stdin [17ms]
