2024-07-29 13:36:03.040 [info] Log level: Info
2024-07-29 13:36:03.040 [info] Validating found git in: "git"
2024-07-29 13:36:03.040 [info] Using git "2.34.1" from "git"
2024-07-29 13:36:03.040 [info] > git rev-parse --show-toplevel [8ms]
2024-07-29 13:36:03.041 [info] > git rev-parse --git-dir --git-common-dir [4ms]
2024-07-29 13:36:03.041 [info] Open repository: /home/student
2024-07-29 13:36:03.041 [info] > git config --get commit.template [8ms]
2024-07-29 13:36:03.041 [info] > git rev-parse --show-toplevel [26ms]
2024-07-29 13:36:03.041 [info] > git rev-parse --git-dir --git-common-dir [3ms]
2024-07-29 13:36:03.041 [info] Open repository: /home/student/S04_TDD
2024-07-29 13:36:03.041 [info] > git for-each-ref --format=%(refname)%00%(upstream:short)%00%(objectname)%00%(upstream:track)%00%(upstream:remotename)%00%(upstream:remoteref) refs/heads/main refs/remotes/main [96ms]
2024-07-29 13:36:03.041 [info] > git rev-parse --show-toplevel [35ms]
2024-07-29 13:36:03.041 [info] > git config --get commit.template [73ms]
2024-07-29 13:36:03.041 [info] > git rev-parse --show-toplevel [53ms]
2024-07-29 13:36:03.041 [info] > git for-each-ref --format=%(refname)%00%(upstream:short)%00%(objectname)%00%(upstream:track)%00%(upstream:remotename)%00%(upstream:remoteref) refs/heads/E01-exemplesTest refs/remotes/E01-exemplesTest [65ms]
2024-07-29 13:36:03.041 [info] > git rev-parse --show-toplevel [45ms]
2024-07-29 13:36:03.080 [info] > git status -z -uall [42ms]
2024-07-29 13:36:03.242 [info] > git for-each-ref --format=%(refname)%00%(upstream:short)%00%(objectname)%00%(upstream:track)%00%(upstream:remotename)%00%(upstream:remoteref) refs/heads/E01-exemplesTest refs/remotes/E01-exemplesTest [97ms]
2024-07-29 13:36:03.274 [info] > git rev-parse --show-toplevel [203ms]
2024-07-29 13:36:03.316 [info] > git config --local branch.E01-exemplesTest.vscode-merge-base [43ms]
2024-07-29 13:36:03.317 [warning] git config failed: Failed to execute git
2024-07-29 13:36:03.343 [info] > git config --get commit.template [102ms]
2024-07-29 13:36:03.347 [info] > git rev-parse --show-toplevel [32ms]
2024-07-29 13:36:03.388 [info] > git check-ignore -v -z --stdin [29ms]
2024-07-29 13:36:03.390 [info] > git reflog E01-exemplesTest --grep-reflog=branch: Created from *. [47ms]
2024-07-29 13:36:03.416 [info] > git rev-parse --show-toplevel [29ms]
2024-07-29 13:36:03.417 [info] > git for-each-ref --format=%(refname)%00%(upstream:short)%00%(objectname)%00%(upstream:track)%00%(upstream:remotename)%00%(upstream:remoteref) refs/heads/E01-exemplesTest refs/remotes/E01-exemplesTest [46ms]
2024-07-29 13:36:03.440 [info] > git status -z -uall [10ms]
2024-07-29 13:36:03.441 [info] > git reflog HEAD --grep-reflog=checkout: moving from .* to E01-exemplesTest [26ms]
2024-07-29 13:36:03.467 [info] > git rev-parse --show-toplevel [27ms]
2024-07-29 13:36:03.516 [info] > git for-each-ref --format=%(refname)%00%(upstream:short)%00%(objectname)%00%(upstream:track)%00%(upstream:remotename)%00%(upstream:remoteref) refs/heads/E01 refs/remotes/E01 [51ms]
2024-07-29 13:36:03.526 [info] > git rev-parse --show-toplevel [11ms]
2024-07-29 13:36:03.527 [info] > git for-each-ref --format=%(refname)%00%(upstream:short)%00%(objectname)%00%(upstream:track)%00%(upstream:remotename)%00%(upstream:remoteref) refs/heads/E01-exemplesTest refs/remotes/E01-exemplesTest [46ms]
2024-07-29 13:36:03.552 [info] > git for-each-ref --format=%(refname)%00%(upstream:short)%00%(objectname)%00%(upstream:track)%00%(upstream:remotename)%00%(upstream:remoteref) refs/remotes/origin/E01 [27ms]
2024-07-29 13:36:03.563 [info] > git rev-parse --show-toplevel [12ms]
2024-07-29 13:36:03.564 [info] > git config --local branch.E01-exemplesTest.vscode-merge-base [20ms]
2024-07-29 13:36:03.564 [warning] git config failed: Failed to execute git
2024-07-29 13:36:03.613 [info] > git reflog E01-exemplesTest --grep-reflog=branch: Created from *. [39ms]
2024-07-29 13:36:03.639 [info] > git config --local branch.E01-exemplesTest.vscode-merge-base origin/E01 [80ms]
2024-07-29 13:36:03.641 [info] > git rev-parse --show-toplevel [30ms]
2024-07-29 13:36:03.672 [info] > git config --get commit.template [12ms]
2024-07-29 13:36:03.673 [info] > git reflog HEAD --grep-reflog=checkout: moving from .* to E01-exemplesTest [33ms]
2024-07-29 13:36:03.703 [info] > git rev-parse --show-toplevel [36ms]
2024-07-29 13:36:03.739 [info] > git for-each-ref --format=%(refname)%00%(upstream:short)%00%(objectname)%00%(upstream:track)%00%(upstream:remotename)%00%(upstream:remoteref) refs/heads/E01-exemplesTest refs/remotes/E01-exemplesTest [27ms]
2024-07-29 13:36:03.760 [info] > git for-each-ref --format=%(refname)%00%(upstream:short)%00%(objectname)%00%(upstream:track)%00%(upstream:remotename)%00%(upstream:remoteref) refs/heads/E01 refs/remotes/E01 [57ms]
2024-07-29 13:36:03.780 [info] > git rev-parse --git-dir --git-common-dir [42ms]
2024-07-29 13:36:03.797 [info] Open repository: /home/student/P01-Atelier-cedricRGT45
2024-07-29 13:36:03.823 [info] > git status -z -uall [64ms]
2024-07-29 13:36:03.836 [info] > git for-each-ref --format=%(refname)%00%(upstream:short)%00%(objectname)%00%(upstream:track)%00%(upstream:remotename)%00%(upstream:remoteref) refs/remotes/origin/E01 [66ms]
2024-07-29 13:36:03.946 [info] > git for-each-ref --format=%(refname)%00%(upstream:short)%00%(objectname)%00%(upstream:track)%00%(upstream:remotename)%00%(upstream:remoteref) refs/heads/E01-exemplesTest refs/remotes/E01-exemplesTest [112ms]
2024-07-29 13:36:03.969 [info] > git rev-parse --show-toplevel [145ms]
2024-07-29 13:36:03.969 [info] > git config --get commit.template [158ms]
2024-07-29 13:36:04.008 [info] > git config --local branch.E01-exemplesTest.vscode-merge-base origin/E01 [160ms]
2024-07-29 13:36:04.160 [info] > git config --local branch.E01-exemplesTest.vscode-merge-base [192ms]
2024-07-29 13:36:04.194 [info] > git config --get commit.template [34ms]
2024-07-29 13:36:04.195 [info] > git for-each-ref --format=%(refname)%00%(upstream:short)%00%(objectname)%00%(upstream:track)%00%(upstream:remotename)%00%(upstream:remoteref) refs/heads/master refs/remotes/master [99ms]
2024-07-29 13:36:04.195 [info] > git rev-parse --git-dir --git-common-dir [129ms]
2024-07-29 13:36:04.205 [info] Open repository: /home/student/P01-Parcours_dev-cedricRGT45
2024-07-29 13:36:04.273 [warning] ENOENT: no such file or directory, open '/home/student/P01-Atelier-cedricRGT45/.git/refs/remotes/origin/master'
2024-07-29 13:36:04.289 [info] > git show --textconv :projet1/@latest/src/utils/moyenne.js/moyenne.test.js [51ms]
2024-07-29 13:36:04.290 [info] > git for-each-ref --format=%(refname)%00%(upstream:short)%00%(objectname)%00%(upstream:track)%00%(upstream:remotename)%00%(upstream:remoteref) refs/heads/origin/E01 refs/remotes/origin/E01 [119ms]
2024-07-29 13:36:04.313 [info] > git rev-parse refs/remotes/origin/master [40ms]
2024-07-29 13:36:04.331 [info] > git ls-files --stage -- /home/student/S04_TDD/projet1/@latest/src/utils/moyenne.js/moyenne.test.js [72ms]
2024-07-29 13:36:04.347 [info] > git for-each-ref --format=%(refname)%00%(upstream:short)%00%(objectname)%00%(upstream:track)%00%(upstream:remotename)%00%(upstream:remoteref) refs/heads/E01-exemplesTest refs/remotes/E01-exemplesTest [44ms]
2024-07-29 13:36:04.366 [info] > git config --get commit.template [78ms]
2024-07-29 13:36:04.381 [info] > git status -z -uall [50ms]
2024-07-29 13:36:04.412 [info] > git cat-file -s 08f48fe5037a8f1434d87c4717486ad9c3aa4fd3 [68ms]
2024-07-29 13:36:04.437 [info] > git status -z -uall [72ms]
2024-07-29 13:36:04.438 [info] > git for-each-ref --format=%(refname)%00%(upstream:short)%00%(objectname)%00%(upstream:track)%00%(upstream:remotename)%00%(upstream:remoteref) refs/heads/master refs/remotes/master [45ms]
2024-07-29 13:36:04.463 [info] > git for-each-ref --format=%(refname)%00%(upstream:short)%00%(objectname)%00%(upstream:track)%00%(upstream:remotename)%00%(upstream:remoteref) refs/heads/master refs/remotes/master [84ms]
2024-07-29 13:36:04.508 [info] > git config --local branch.master.vscode-merge-base [43ms]
2024-07-29 13:36:04.514 [info] > git config --get commit.template [83ms]
2024-07-29 13:36:04.545 [info] > git for-each-ref --format=%(refname)%00%(upstream:short)%00%(objectname)%00%(upstream:track)%00%(upstream:remotename)%00%(upstream:remoteref) refs/heads/E01-exemplesTest refs/remotes/E01-exemplesTest [72ms]
2024-07-29 13:36:04.562 [info] > git status -z -uall [1590ms] (cancelled)
2024-07-29 13:36:04.566 [info] > git for-each-ref --format=%(refname)%00%(upstream:short)%00%(objectname)%00%(upstream:track)%00%(upstream:remotename)%00%(upstream:remoteref) refs/heads/origin/master refs/remotes/origin/master [53ms]
2024-07-29 13:36:04.595 [info] > git for-each-ref --format=%(refname)%00%(upstream:short)%00%(objectname)%00%(upstream:track)%00%(upstream:remotename)%00%(upstream:remoteref) refs/heads/master refs/remotes/master [39ms]
2024-07-29 13:36:04.595 [info] > git config --local branch.E01-exemplesTest.vscode-merge-base [45ms]
2024-07-29 13:36:04.617 [warning] ENOENT: no such file or directory, open '/home/student/P01-Atelier-cedricRGT45/.git/refs/remotes/origin/master'
2024-07-29 13:36:04.626 [info] > git status -z -uall [32ms]
2024-07-29 13:36:04.647 [info] > git merge-base refs/heads/master refs/remotes/origin/master [76ms]
2024-07-29 13:36:04.676 [info] > git for-each-ref --format=%(refname)%00%(upstream:short)%00%(objectname)%00%(upstream:track)%00%(upstream:remotename)%00%(upstream:remoteref) refs/heads/master refs/remotes/master [41ms]
2024-07-29 13:36:04.685 [info] > git rev-parse refs/remotes/origin/master [69ms]
2024-07-29 13:36:04.690 [info] > git for-each-ref --format=%(refname)%00%(upstream:short)%00%(objectname)%00%(upstream:track)%00%(upstream:remotename)%00%(upstream:remoteref) refs/heads/origin/E01 refs/remotes/origin/E01 [81ms]
2024-07-29 13:36:04.691 [info] > git config --local branch.master.vscode-merge-base [6ms]
2024-07-29 13:36:04.707 [info] > git config --get commit.template [32ms]
2024-07-29 13:36:04.707 [info] > git rev-list --count --left-right refs/heads/master...refs/remotes/origin/master [55ms]
2024-07-29 13:36:04.720 [info] > git for-each-ref --format=%(refname)%00%(upstream:short)%00%(objectname)%00%(upstream:track)%00%(upstream:remotename)%00%(upstream:remoteref) refs/heads/origin/master refs/remotes/origin/master [13ms]
2024-07-29 13:36:04.737 [info] > git status -z -uall [48ms]
2024-07-29 13:36:04.738 [info] > git diff --name-status -z --diff-filter=ADMR a613dd18878647b208b6ea7b58ca1aa45040182f...refs/remotes/origin/master [18ms]
2024-07-29 13:36:04.752 [info] > git for-each-ref --format=%(refname)%00%(upstream:short)%00%(objectname)%00%(upstream:track)%00%(upstream:remotename)%00%(upstream:remoteref) refs/heads/master refs/remotes/master [15ms]
2024-07-29 13:36:04.752 [info] > git merge-base refs/heads/master refs/remotes/origin/master [21ms]
2024-07-29 13:36:04.760 [info] > git for-each-ref --format=%(refname)%00%(upstream:short)%00%(objectname)%00%(upstream:track)%00%(upstream:remotename)%00%(upstream:remoteref) refs/heads/master refs/remotes/master [11ms]
2024-07-29 13:36:04.770 [info] > git rev-list --count --left-right refs/heads/master...refs/remotes/origin/master [11ms]
2024-07-29 13:36:04.784 [info] > git config --local branch.master.vscode-merge-base [16ms]
2024-07-29 13:36:04.812 [info] > git diff --name-status -z --diff-filter=ADMR b9aeda9dc5f5420772aedbe98d41cca3042ad341...refs/remotes/origin/master [29ms]
2024-07-29 13:36:04.813 [info] > git for-each-ref --format=%(refname)%00%(upstream:short)%00%(objectname)%00%(upstream:track)%00%(upstream:remotename)%00%(upstream:remoteref) refs/heads/origin/master refs/remotes/origin/master [18ms]
2024-07-29 13:36:04.822 [info] > git status -z -uall [11ms]
2024-07-29 13:36:04.865 [info] > git for-each-ref --format=%(refname)%00%(upstream:short)%00%(objectname)%00%(upstream:track)%00%(upstream:remotename)%00%(upstream:remoteref) refs/heads/master refs/remotes/master [28ms]
2024-07-29 13:36:04.896 [info] > git config --local branch.master.vscode-merge-base [8ms]
2024-07-29 13:36:04.904 [info] > git for-each-ref --format=%(refname)%00%(upstream:short)%00%(objectname)%00%(upstream:track)%00%(upstream:remotename)%00%(upstream:remoteref) refs/heads/origin/master refs/remotes/origin/master [3ms]
2024-07-29 13:36:05.155 [info] > git check-ignore -v -z --stdin [24ms]
2024-07-29 13:36:05.640 [info] > git config --get commit.template [8ms]
2024-07-29 13:36:05.643 [info] > git for-each-ref --format=%(refname)%00%(upstream:short)%00%(objectname)%00%(upstream:track)%00%(upstream:remotename)%00%(upstream:remoteref) refs/heads/E01-exemplesTest refs/remotes/E01-exemplesTest [5ms]
2024-07-29 13:36:05.667 [info] > git status -z -uall [19ms]
2024-07-29 13:36:05.679 [info] > git for-each-ref --format=%(refname)%00%(upstream:short)%00%(objectname)%00%(upstream:track)%00%(upstream:remotename)%00%(upstream:remoteref) refs/heads/E01-exemplesTest refs/remotes/E01-exemplesTest [6ms]
2024-07-29 13:36:05.687 [info] > git config --local branch.E01-exemplesTest.vscode-merge-base [3ms]
2024-07-29 13:36:05.697 [info] > git for-each-ref --format=%(refname)%00%(upstream:short)%00%(objectname)%00%(upstream:track)%00%(upstream:remotename)%00%(upstream:remoteref) refs/heads/origin/E01 refs/remotes/origin/E01 [3ms]
2024-07-29 13:36:05.985 [info] > git ls-files --stage -- /home/student/S04_TDD/projet1/@latest/src/utils/moyenne.js/moyenne.test.js [14ms]
2024-07-29 13:36:05.998 [info] > git cat-file -s 08f48fe5037a8f1434d87c4717486ad9c3aa4fd3 [3ms]
2024-07-29 13:36:06.143 [info] > git show --textconv :projet1/@latest/src/utils/moyenne.js/moyenne.test.js [4ms]
2024-07-29 13:36:06.523 [info] > git check-ignore -v -z --stdin [56ms]
2024-07-29 13:36:06.527 [info] > git check-ignore -v -z --stdin [49ms]
2024-07-29 13:36:06.528 [info] > git check-ignore -v -z --stdin [33ms]
2024-07-29 13:36:06.557 [info] > git check-ignore -v -z --stdin [36ms]
2024-07-29 13:36:43.161 [info] > git check-ignore -v -z --stdin [1ms]
2024-07-29 13:36:54.096 [info] > git check-ignore -v -z --stdin [2ms]
2024-07-29 13:36:57.535 [info] > git check-ignore -v -z --stdin [2ms]
2024-07-29 13:36:58.356 [info] > git check-ignore -v -z --stdin [2ms]
2024-07-29 13:36:58.521 [info] > git ls-files --stage -- /home/student/S04_TDD/conception [3ms]
2024-07-29 13:36:58.524 [info] > git show --textconv :conception [11ms]
2024-07-29 13:36:58.860 [info] > git config --get commit.template [5ms]
2024-07-29 13:36:58.862 [info] > git for-each-ref --format=%(refname)%00%(upstream:short)%00%(objectname)%00%(upstream:track)%00%(upstream:remotename)%00%(upstream:remoteref) refs/heads/E01-exemplesTest refs/remotes/E01-exemplesTest [3ms]
2024-07-29 13:36:58.870 [info] > git status -z -uall [5ms]
2024-07-29 13:36:58.878 [info] > git for-each-ref --format=%(refname)%00%(upstream:short)%00%(objectname)%00%(upstream:track)%00%(upstream:remotename)%00%(upstream:remoteref) refs/heads/E01-exemplesTest refs/remotes/E01-exemplesTest [4ms]
2024-07-29 13:36:58.884 [info] > git config --local branch.E01-exemplesTest.vscode-merge-base [2ms]
2024-07-29 13:36:58.891 [info] > git for-each-ref --format=%(refname)%00%(upstream:short)%00%(objectname)%00%(upstream:track)%00%(upstream:remotename)%00%(upstream:remoteref) refs/heads/origin/E01 refs/remotes/origin/E01 [3ms]
2024-07-29 13:37:06.365 [info] > git config --get commit.template [5ms]
2024-07-29 13:37:06.367 [info] > git for-each-ref --format=%(refname)%00%(upstream:short)%00%(objectname)%00%(upstream:track)%00%(upstream:remotename)%00%(upstream:remoteref) refs/heads/E01-exemplesTest refs/remotes/E01-exemplesTest [3ms]
2024-07-29 13:37:06.375 [info] > git status -z -uall [5ms]
2024-07-29 13:37:06.387 [info] > git for-each-ref --format=%(refname)%00%(upstream:short)%00%(objectname)%00%(upstream:track)%00%(upstream:remotename)%00%(upstream:remoteref) refs/heads/E01-exemplesTest refs/remotes/E01-exemplesTest [8ms]
2024-07-29 13:37:06.392 [info] > git check-ignore -v -z --stdin [7ms]
2024-07-29 13:37:06.394 [info] > git config --local branch.E01-exemplesTest.vscode-merge-base [2ms]
2024-07-29 13:37:06.403 [info] > git for-each-ref --format=%(refname)%00%(upstream:short)%00%(objectname)%00%(upstream:track)%00%(upstream:remotename)%00%(upstream:remoteref) refs/heads/origin/E01 refs/remotes/origin/E01 [2ms]
2024-07-29 13:37:11.723 [info] > git check-ignore -v -z --stdin [2ms]
2024-07-29 13:37:12.092 [info] > git config --get commit.template [5ms]
2024-07-29 13:37:12.093 [info] > git for-each-ref --format=%(refname)%00%(upstream:short)%00%(objectname)%00%(upstream:track)%00%(upstream:remotename)%00%(upstream:remoteref) refs/heads/E01-exemplesTest refs/remotes/E01-exemplesTest [2ms]
2024-07-29 13:37:12.101 [info] > git status -z -uall [4ms]
2024-07-29 13:37:12.110 [info] > git for-each-ref --format=%(refname)%00%(upstream:short)%00%(objectname)%00%(upstream:track)%00%(upstream:remotename)%00%(upstream:remoteref) refs/heads/E01-exemplesTest refs/remotes/E01-exemplesTest [4ms]
2024-07-29 13:37:12.118 [info] > git config --local branch.E01-exemplesTest.vscode-merge-base [3ms]
2024-07-29 13:37:12.124 [info] > git for-each-ref --format=%(refname)%00%(upstream:short)%00%(objectname)%00%(upstream:track)%00%(upstream:remotename)%00%(upstream:remoteref) refs/heads/origin/E01 refs/remotes/origin/E01 [0ms]
2024-07-29 13:37:21.954 [info] > git check-ignore -v -z --stdin [2ms]
2024-07-29 13:37:22.466 [info] > git config --get commit.template [5ms]
2024-07-29 13:37:22.468 [info] > git for-each-ref --format=%(refname)%00%(upstream:short)%00%(objectname)%00%(upstream:track)%00%(upstream:remotename)%00%(upstream:remoteref) refs/heads/E01-exemplesTest refs/remotes/E01-exemplesTest [3ms]
2024-07-29 13:37:22.478 [info] > git status -z -uall [5ms]
2024-07-29 13:37:22.485 [info] > git for-each-ref --format=%(refname)%00%(upstream:short)%00%(objectname)%00%(upstream:track)%00%(upstream:remotename)%00%(upstream:remoteref) refs/heads/E01-exemplesTest refs/remotes/E01-exemplesTest [3ms]
2024-07-29 13:37:22.491 [info] > git config --local branch.E01-exemplesTest.vscode-merge-base [2ms]
2024-07-29 13:37:22.497 [info] > git for-each-ref --format=%(refname)%00%(upstream:short)%00%(objectname)%00%(upstream:track)%00%(upstream:remotename)%00%(upstream:remoteref) refs/heads/origin/E01 refs/remotes/origin/E01 [2ms]
2024-07-29 13:37:22.566 [info] > git show --textconv :projet1/@latest/conception/diagramme/usecase.puml [6ms]
2024-07-29 13:37:22.567 [info] > git ls-files --stage -- /home/student/S04_TDD/projet1/@latest/conception/diagramme/usecase.puml [3ms]
2024-07-29 13:37:27.507 [info] > git config --get commit.template [11ms]
2024-07-29 13:37:27.508 [info] > git for-each-ref --format=%(refname)%00%(upstream:short)%00%(objectname)%00%(upstream:track)%00%(upstream:remotename)%00%(upstream:remoteref) refs/heads/E01-exemplesTest refs/remotes/E01-exemplesTest [2ms]
2024-07-29 13:37:27.537 [info] > git status -z -uall [15ms]
2024-07-29 13:37:27.563 [info] > git for-each-ref --format=%(refname)%00%(upstream:short)%00%(objectname)%00%(upstream:track)%00%(upstream:remotename)%00%(upstream:remoteref) refs/heads/E01-exemplesTest refs/remotes/E01-exemplesTest [8ms]
2024-07-29 13:37:27.594 [info] > git config --local branch.E01-exemplesTest.vscode-merge-base [10ms]
2024-07-29 13:37:27.615 [info] > git for-each-ref --format=%(refname)%00%(upstream:short)%00%(objectname)%00%(upstream:track)%00%(upstream:remotename)%00%(upstream:remoteref) refs/heads/origin/E01 refs/remotes/origin/E01 [15ms]
2024-07-29 13:39:54.364 [info] > git config --get commit.template [6ms]
2024-07-29 13:39:54.366 [info] > git for-each-ref --format=%(refname)%00%(upstream:short)%00%(objectname)%00%(upstream:track)%00%(upstream:remotename)%00%(upstream:remoteref) refs/heads/E01-exemplesTest refs/remotes/E01-exemplesTest [3ms]
2024-07-29 13:39:54.377 [info] > git status -z -uall [5ms]
2024-07-29 13:39:54.387 [info] > git for-each-ref --format=%(refname)%00%(upstream:short)%00%(objectname)%00%(upstream:track)%00%(upstream:remotename)%00%(upstream:remoteref) refs/heads/E01-exemplesTest refs/remotes/E01-exemplesTest [3ms]
2024-07-29 13:39:54.395 [info] > git config --local branch.E01-exemplesTest.vscode-merge-base [2ms]
2024-07-29 13:39:54.403 [info] > git for-each-ref --format=%(refname)%00%(upstream:short)%00%(objectname)%00%(upstream:track)%00%(upstream:remotename)%00%(upstream:remoteref) refs/heads/origin/E01 refs/remotes/origin/E01 [4ms]
2024-07-29 13:40:22.135 [info] > git config --get commit.template [17ms]
2024-07-29 13:40:22.139 [info] > git for-each-ref --format=%(refname)%00%(upstream:short)%00%(objectname)%00%(upstream:track)%00%(upstream:remotename)%00%(upstream:remoteref) refs/heads/E01-exemplesTest refs/remotes/E01-exemplesTest [5ms]
2024-07-29 13:40:22.175 [info] > git status -z -uall [31ms]
2024-07-29 13:40:22.209 [info] > git for-each-ref --format=%(refname)%00%(upstream:short)%00%(objectname)%00%(upstream:track)%00%(upstream:remotename)%00%(upstream:remoteref) refs/heads/E01-exemplesTest refs/remotes/E01-exemplesTest [27ms]
2024-07-29 13:40:22.257 [info] > git config --local branch.E01-exemplesTest.vscode-merge-base [32ms]
2024-07-29 13:40:22.279 [info] > git for-each-ref --format=%(refname)%00%(upstream:short)%00%(objectname)%00%(upstream:track)%00%(upstream:remotename)%00%(upstream:remoteref) refs/heads/origin/E01 refs/remotes/origin/E01 [2ms]
2024-07-29 13:40:32.566 [info] > git config --get commit.template [13ms]
2024-07-29 13:40:32.570 [info] > git for-each-ref --format=%(refname)%00%(upstream:short)%00%(objectname)%00%(upstream:track)%00%(upstream:remotename)%00%(upstream:remoteref) refs/heads/E01-exemplesTest refs/remotes/E01-exemplesTest [7ms]
2024-07-29 13:40:32.580 [info] > git status -z -uall [4ms]
2024-07-29 13:40:32.590 [info] > git for-each-ref --format=%(refname)%00%(upstream:short)%00%(objectname)%00%(upstream:track)%00%(upstream:remotename)%00%(upstream:remoteref) refs/heads/E01-exemplesTest refs/remotes/E01-exemplesTest [3ms]
2024-07-29 13:40:32.602 [info] > git config --local branch.E01-exemplesTest.vscode-merge-base [7ms]
2024-07-29 13:40:32.614 [info] > git for-each-ref --format=%(refname)%00%(upstream:short)%00%(objectname)%00%(upstream:track)%00%(upstream:remotename)%00%(upstream:remoteref) refs/heads/origin/E01 refs/remotes/origin/E01 [3ms]
2024-07-29 13:41:27.033 [info] > git config --get commit.template [19ms]
2024-07-29 13:41:27.052 [info] > git for-each-ref --format=%(refname)%00%(upstream:short)%00%(objectname)%00%(upstream:track)%00%(upstream:remotename)%00%(upstream:remoteref) refs/heads/E01-exemplesTest refs/remotes/E01-exemplesTest [19ms]
2024-07-29 13:41:27.086 [info] > git status -z -uall [27ms]
2024-07-29 13:41:27.118 [info] > git for-each-ref --format=%(refname)%00%(upstream:short)%00%(objectname)%00%(upstream:track)%00%(upstream:remotename)%00%(upstream:remoteref) refs/heads/E01-exemplesTest refs/remotes/E01-exemplesTest [18ms]
2024-07-29 13:41:27.142 [info] > git config --local branch.E01-exemplesTest.vscode-merge-base [14ms]
2024-07-29 13:41:27.163 [info] > git for-each-ref --format=%(refname)%00%(upstream:short)%00%(objectname)%00%(upstream:track)%00%(upstream:remotename)%00%(upstream:remoteref) refs/heads/origin/E01 refs/remotes/origin/E01 [2ms]
2024-07-29 13:41:32.113 [info] > git config --get commit.template [6ms]
2024-07-29 13:41:32.115 [info] > git for-each-ref --format=%(refname)%00%(upstream:short)%00%(objectname)%00%(upstream:track)%00%(upstream:remotename)%00%(upstream:remoteref) refs/heads/E01-exemplesTest refs/remotes/E01-exemplesTest [3ms]
2024-07-29 13:41:32.124 [info] > git status -z -uall [5ms]
2024-07-29 13:41:32.134 [info] > git for-each-ref --format=%(refname)%00%(upstream:short)%00%(objectname)%00%(upstream:track)%00%(upstream:remotename)%00%(upstream:remoteref) refs/heads/E01-exemplesTest refs/remotes/E01-exemplesTest [5ms]
2024-07-29 13:41:32.142 [info] > git config --local branch.E01-exemplesTest.vscode-merge-base [1ms]
2024-07-29 13:41:32.150 [info] > git for-each-ref --format=%(refname)%00%(upstream:short)%00%(objectname)%00%(upstream:track)%00%(upstream:remotename)%00%(upstream:remoteref) refs/heads/origin/E01 refs/remotes/origin/E01 [3ms]
2024-07-29 13:41:37.144 [info] > git config --get commit.template [6ms]
2024-07-29 13:41:37.146 [info] > git for-each-ref --format=%(refname)%00%(upstream:short)%00%(objectname)%00%(upstream:track)%00%(upstream:remotename)%00%(upstream:remoteref) refs/heads/E01-exemplesTest refs/remotes/E01-exemplesTest [3ms]
2024-07-29 13:41:37.154 [info] > git status -z -uall [4ms]
2024-07-29 13:41:37.162 [info] > git for-each-ref --format=%(refname)%00%(upstream:short)%00%(objectname)%00%(upstream:track)%00%(upstream:remotename)%00%(upstream:remoteref) refs/heads/E01-exemplesTest refs/remotes/E01-exemplesTest [3ms]
2024-07-29 13:41:37.169 [info] > git config --local branch.E01-exemplesTest.vscode-merge-base [2ms]
2024-07-29 13:41:37.176 [info] > git for-each-ref --format=%(refname)%00%(upstream:short)%00%(objectname)%00%(upstream:track)%00%(upstream:remotename)%00%(upstream:remoteref) refs/heads/origin/E01 refs/remotes/origin/E01 [2ms]
2024-07-29 13:42:17.635 [info] > git config --get commit.template [6ms]
2024-07-29 13:42:17.637 [info] > git for-each-ref --format=%(refname)%00%(upstream:short)%00%(objectname)%00%(upstream:track)%00%(upstream:remotename)%00%(upstream:remoteref) refs/heads/E01-exemplesTest refs/remotes/E01-exemplesTest [3ms]
2024-07-29 13:42:17.646 [info] > git status -z -uall [5ms]
2024-07-29 13:42:17.654 [info] > git for-each-ref --format=%(refname)%00%(upstream:short)%00%(objectname)%00%(upstream:track)%00%(upstream:remotename)%00%(upstream:remoteref) refs/heads/E01-exemplesTest refs/remotes/E01-exemplesTest [3ms]
2024-07-29 13:42:17.661 [info] > git config --local branch.E01-exemplesTest.vscode-merge-base [2ms]
2024-07-29 13:42:17.669 [info] > git for-each-ref --format=%(refname)%00%(upstream:short)%00%(objectname)%00%(upstream:track)%00%(upstream:remotename)%00%(upstream:remoteref) refs/heads/origin/E01 refs/remotes/origin/E01 [2ms]
2024-07-29 13:44:21.431 [info] > git config --get commit.template [5ms]
2024-07-29 13:44:21.433 [info] > git for-each-ref --format=%(refname)%00%(upstream:short)%00%(objectname)%00%(upstream:track)%00%(upstream:remotename)%00%(upstream:remoteref) refs/heads/E01-exemplesTest refs/remotes/E01-exemplesTest [3ms]
2024-07-29 13:44:21.441 [info] > git status -z -uall [5ms]
2024-07-29 13:44:21.448 [info] > git for-each-ref --format=%(refname)%00%(upstream:short)%00%(objectname)%00%(upstream:track)%00%(upstream:remotename)%00%(upstream:remoteref) refs/heads/E01-exemplesTest refs/remotes/E01-exemplesTest [3ms]
2024-07-29 13:44:21.454 [info] > git config --local branch.E01-exemplesTest.vscode-merge-base [2ms]
2024-07-29 13:44:21.461 [info] > git for-each-ref --format=%(refname)%00%(upstream:short)%00%(objectname)%00%(upstream:track)%00%(upstream:remotename)%00%(upstream:remoteref) refs/heads/origin/E01 refs/remotes/origin/E01 [3ms]
2024-07-29 13:44:26.457 [info] > git config --get commit.template [5ms]
2024-07-29 13:44:26.459 [info] > git for-each-ref --format=%(refname)%00%(upstream:short)%00%(objectname)%00%(upstream:track)%00%(upstream:remotename)%00%(upstream:remoteref) refs/heads/E01-exemplesTest refs/remotes/E01-exemplesTest [2ms]
2024-07-29 13:44:26.467 [info] > git status -z -uall [4ms]
2024-07-29 13:44:26.474 [info] > git for-each-ref --format=%(refname)%00%(upstream:short)%00%(objectname)%00%(upstream:track)%00%(upstream:remotename)%00%(upstream:remoteref) refs/heads/E01-exemplesTest refs/remotes/E01-exemplesTest [3ms]
2024-07-29 13:44:26.481 [info] > git config --local branch.E01-exemplesTest.vscode-merge-base [3ms]
2024-07-29 13:44:26.487 [info] > git for-each-ref --format=%(refname)%00%(upstream:short)%00%(objectname)%00%(upstream:track)%00%(upstream:remotename)%00%(upstream:remoteref) refs/heads/origin/E01 refs/remotes/origin/E01 [2ms]
2024-07-29 13:48:28.412 [info] > git config --get commit.template [5ms]
2024-07-29 13:48:28.413 [info] > git for-each-ref --format=%(refname)%00%(upstream:short)%00%(objectname)%00%(upstream:track)%00%(upstream:remotename)%00%(upstream:remoteref) refs/heads/E01-exemplesTest refs/remotes/E01-exemplesTest [2ms]
2024-07-29 13:48:28.421 [info] > git status -z -uall [4ms]
2024-07-29 13:48:28.428 [info] > git for-each-ref --format=%(refname)%00%(upstream:short)%00%(objectname)%00%(upstream:track)%00%(upstream:remotename)%00%(upstream:remoteref) refs/heads/E01-exemplesTest refs/remotes/E01-exemplesTest [2ms]
2024-07-29 13:48:28.434 [info] > git config --local branch.E01-exemplesTest.vscode-merge-base [2ms]
2024-07-29 13:48:28.441 [info] > git for-each-ref --format=%(refname)%00%(upstream:short)%00%(objectname)%00%(upstream:track)%00%(upstream:remotename)%00%(upstream:remoteref) refs/heads/origin/E01 refs/remotes/origin/E01 [2ms]
2024-07-29 13:55:26.034 [info] > git check-ignore -v -z --stdin [2ms]
2024-07-29 13:55:26.479 [info] > git config --get commit.template [27ms]
2024-07-29 13:55:26.481 [info] > git for-each-ref --format=%(refname)%00%(upstream:short)%00%(objectname)%00%(upstream:track)%00%(upstream:remotename)%00%(upstream:remoteref) refs/heads/E01-exemplesTest refs/remotes/E01-exemplesTest [3ms]
2024-07-29 13:55:26.489 [info] > git status -z -uall [4ms]
2024-07-29 13:55:26.497 [info] > git for-each-ref --format=%(refname)%00%(upstream:short)%00%(objectname)%00%(upstream:track)%00%(upstream:remotename)%00%(upstream:remoteref) refs/heads/E01-exemplesTest refs/remotes/E01-exemplesTest [3ms]
2024-07-29 13:55:26.505 [info] > git config --local branch.E01-exemplesTest.vscode-merge-base [2ms]
2024-07-29 13:55:26.511 [info] > git for-each-ref --format=%(refname)%00%(upstream:short)%00%(objectname)%00%(upstream:track)%00%(upstream:remotename)%00%(upstream:remoteref) refs/heads/origin/E01 refs/remotes/origin/E01 [2ms]
2024-07-29 13:55:28.081 [info] > git show --textconv :projet1/@latest/conception/userstory.md [8ms]
2024-07-29 13:55:28.082 [info] > git ls-files --stage -- /home/student/S04_TDD/projet1/@latest/conception/userstory.md [3ms]
2024-07-29 13:55:31.507 [info] > git config --get commit.template [5ms]
2024-07-29 13:55:31.509 [info] > git for-each-ref --format=%(refname)%00%(upstream:short)%00%(objectname)%00%(upstream:track)%00%(upstream:remotename)%00%(upstream:remoteref) refs/heads/E01-exemplesTest refs/remotes/E01-exemplesTest [2ms]
2024-07-29 13:55:31.517 [info] > git status -z -uall [5ms]
2024-07-29 13:55:31.524 [info] > git for-each-ref --format=%(refname)%00%(upstream:short)%00%(objectname)%00%(upstream:track)%00%(upstream:remotename)%00%(upstream:remoteref) refs/heads/E01-exemplesTest refs/remotes/E01-exemplesTest [2ms]
2024-07-29 13:55:31.530 [info] > git config --local branch.E01-exemplesTest.vscode-merge-base [2ms]
2024-07-29 13:55:31.536 [info] > git for-each-ref --format=%(refname)%00%(upstream:short)%00%(objectname)%00%(upstream:track)%00%(upstream:remotename)%00%(upstream:remoteref) refs/heads/origin/E01 refs/remotes/origin/E01 [2ms]
2024-07-29 13:55:38.618 [info] > git show --textconv :conception [5ms]
2024-07-29 13:55:38.620 [info] > git ls-files --stage -- /home/student/S04_TDD/conception [3ms]
2024-07-29 13:55:39.428 [info] > git show --textconv :projet1/@latest/src/utils/moyenne.js/moyenne.test.js [15ms]
2024-07-29 13:55:39.428 [info] > git ls-files --stage -- /home/student/S04_TDD/projet1/@latest/src/utils/moyenne.js/moyenne.test.js [9ms]
2024-07-29 13:55:39.435 [info] > git cat-file -s 08f48fe5037a8f1434d87c4717486ad9c3aa4fd3 [3ms]
2024-07-29 13:55:49.360 [info] > git config --get commit.template [5ms]
2024-07-29 13:55:49.362 [info] > git for-each-ref --format=%(refname)%00%(upstream:short)%00%(objectname)%00%(upstream:track)%00%(upstream:remotename)%00%(upstream:remoteref) refs/heads/E01-exemplesTest refs/remotes/E01-exemplesTest [2ms]
2024-07-29 13:55:49.370 [info] > git status -z -uall [4ms]
2024-07-29 13:55:49.378 [info] > git for-each-ref --format=%(refname)%00%(upstream:short)%00%(objectname)%00%(upstream:track)%00%(upstream:remotename)%00%(upstream:remoteref) refs/heads/E01-exemplesTest refs/remotes/E01-exemplesTest [2ms]
2024-07-29 13:55:49.383 [info] > git config --local branch.E01-exemplesTest.vscode-merge-base [1ms]
2024-07-29 13:55:49.390 [info] > git for-each-ref --format=%(refname)%00%(upstream:short)%00%(objectname)%00%(upstream:track)%00%(upstream:remotename)%00%(upstream:remoteref) refs/heads/origin/E01 refs/remotes/origin/E01 [3ms]
2024-07-29 13:55:54.388 [info] > git config --get commit.template [6ms]
2024-07-29 13:55:54.389 [info] > git for-each-ref --format=%(refname)%00%(upstream:short)%00%(objectname)%00%(upstream:track)%00%(upstream:remotename)%00%(upstream:remoteref) refs/heads/E01-exemplesTest refs/remotes/E01-exemplesTest [2ms]
2024-07-29 13:55:54.398 [info] > git status -z -uall [5ms]
2024-07-29 13:55:54.405 [info] > git for-each-ref --format=%(refname)%00%(upstream:short)%00%(objectname)%00%(upstream:track)%00%(upstream:remotename)%00%(upstream:remoteref) refs/heads/E01-exemplesTest refs/remotes/E01-exemplesTest [2ms]
2024-07-29 13:55:54.411 [info] > git config --local branch.E01-exemplesTest.vscode-merge-base [2ms]
2024-07-29 13:55:54.417 [info] > git for-each-ref --format=%(refname)%00%(upstream:short)%00%(objectname)%00%(upstream:track)%00%(upstream:remotename)%00%(upstream:remoteref) refs/heads/origin/E01 refs/remotes/origin/E01 [2ms]
2024-07-29 13:56:00.826 [info] > git config --get commit.template [6ms]
2024-07-29 13:56:00.827 [info] > git for-each-ref --format=%(refname)%00%(upstream:short)%00%(objectname)%00%(upstream:track)%00%(upstream:remotename)%00%(upstream:remoteref) refs/heads/E01-exemplesTest refs/remotes/E01-exemplesTest [2ms]
2024-07-29 13:56:00.836 [info] > git status -z -uall [5ms]
2024-07-29 13:56:00.843 [info] > git for-each-ref --format=%(refname)%00%(upstream:short)%00%(objectname)%00%(upstream:track)%00%(upstream:remotename)%00%(upstream:remoteref) refs/heads/E01-exemplesTest refs/remotes/E01-exemplesTest [3ms]
2024-07-29 13:56:00.849 [info] > git config --local branch.E01-exemplesTest.vscode-merge-base [2ms]
2024-07-29 13:56:00.855 [info] > git for-each-ref --format=%(refname)%00%(upstream:short)%00%(objectname)%00%(upstream:track)%00%(upstream:remotename)%00%(upstream:remoteref) refs/heads/origin/E01 refs/remotes/origin/E01 [2ms]
2024-07-29 13:56:05.851 [info] > git config --get commit.template [4ms]
2024-07-29 13:56:05.853 [info] > git for-each-ref --format=%(refname)%00%(upstream:short)%00%(objectname)%00%(upstream:track)%00%(upstream:remotename)%00%(upstream:remoteref) refs/heads/E01-exemplesTest refs/remotes/E01-exemplesTest [2ms]
2024-07-29 13:56:05.861 [info] > git status -z -uall [4ms]
2024-07-29 13:56:05.868 [info] > git for-each-ref --format=%(refname)%00%(upstream:short)%00%(objectname)%00%(upstream:track)%00%(upstream:remotename)%00%(upstream:remoteref) refs/heads/E01-exemplesTest refs/remotes/E01-exemplesTest [2ms]
2024-07-29 13:56:05.874 [info] > git config --local branch.E01-exemplesTest.vscode-merge-base [2ms]
2024-07-29 13:56:05.881 [info] > git for-each-ref --format=%(refname)%00%(upstream:short)%00%(objectname)%00%(upstream:track)%00%(upstream:remotename)%00%(upstream:remoteref) refs/heads/origin/E01 refs/remotes/origin/E01 [2ms]
2024-07-29 13:56:10.878 [info] > git config --get commit.template [5ms]
2024-07-29 13:56:10.879 [info] > git for-each-ref --format=%(refname)%00%(upstream:short)%00%(objectname)%00%(upstream:track)%00%(upstream:remotename)%00%(upstream:remoteref) refs/heads/E01-exemplesTest refs/remotes/E01-exemplesTest [2ms]
2024-07-29 13:56:10.887 [info] > git status -z -uall [4ms]
2024-07-29 13:56:10.895 [info] > git for-each-ref --format=%(refname)%00%(upstream:short)%00%(objectname)%00%(upstream:track)%00%(upstream:remotename)%00%(upstream:remoteref) refs/heads/E01-exemplesTest refs/remotes/E01-exemplesTest [3ms]
2024-07-29 13:56:10.901 [info] > git config --local branch.E01-exemplesTest.vscode-merge-base [2ms]
2024-07-29 13:56:10.907 [info] > git for-each-ref --format=%(refname)%00%(upstream:short)%00%(objectname)%00%(upstream:track)%00%(upstream:remotename)%00%(upstream:remoteref) refs/heads/origin/E01 refs/remotes/origin/E01 [2ms]
2024-07-29 13:56:15.904 [info] > git config --get commit.template [4ms]
2024-07-29 13:56:15.905 [info] > git for-each-ref --format=%(refname)%00%(upstream:short)%00%(objectname)%00%(upstream:track)%00%(upstream:remotename)%00%(upstream:remoteref) refs/heads/E01-exemplesTest refs/remotes/E01-exemplesTest [2ms]
2024-07-29 13:56:15.913 [info] > git status -z -uall [4ms]
2024-07-29 13:56:15.920 [info] > git for-each-ref --format=%(refname)%00%(upstream:short)%00%(objectname)%00%(upstream:track)%00%(upstream:remotename)%00%(upstream:remoteref) refs/heads/E01-exemplesTest refs/remotes/E01-exemplesTest [3ms]
2024-07-29 13:56:15.926 [info] > git config --local branch.E01-exemplesTest.vscode-merge-base [2ms]
2024-07-29 13:56:15.935 [info] > git for-each-ref --format=%(refname)%00%(upstream:short)%00%(objectname)%00%(upstream:track)%00%(upstream:remotename)%00%(upstream:remoteref) refs/heads/origin/E01 refs/remotes/origin/E01 [3ms]
2024-07-29 13:56:20.934 [info] > git for-each-ref --format=%(refname)%00%(upstream:short)%00%(objectname)%00%(upstream:track)%00%(upstream:remotename)%00%(upstream:remoteref) refs/heads/E01-exemplesTest refs/remotes/E01-exemplesTest [4ms]
2024-07-29 13:56:20.936 [info] > git config --get commit.template [10ms]
2024-07-29 13:56:20.944 [info] > git status -z -uall [4ms]
2024-07-29 13:56:20.952 [info] > git for-each-ref --format=%(refname)%00%(upstream:short)%00%(objectname)%00%(upstream:track)%00%(upstream:remotename)%00%(upstream:remoteref) refs/heads/E01-exemplesTest refs/remotes/E01-exemplesTest [3ms]
2024-07-29 13:56:20.959 [info] > git config --local branch.E01-exemplesTest.vscode-merge-base [2ms]
2024-07-29 13:56:20.965 [info] > git for-each-ref --format=%(refname)%00%(upstream:short)%00%(objectname)%00%(upstream:track)%00%(upstream:remotename)%00%(upstream:remoteref) refs/heads/origin/E01 refs/remotes/origin/E01 [2ms]
2024-07-29 13:56:26.952 [info] > git config --get commit.template [5ms]
2024-07-29 13:56:26.955 [info] > git for-each-ref --format=%(refname)%00%(upstream:short)%00%(objectname)%00%(upstream:track)%00%(upstream:remotename)%00%(upstream:remoteref) refs/heads/E01-exemplesTest refs/remotes/E01-exemplesTest [4ms]
2024-07-29 13:56:26.963 [info] > git status -z -uall [4ms]
2024-07-29 13:56:26.970 [info] > git for-each-ref --format=%(refname)%00%(upstream:short)%00%(objectname)%00%(upstream:track)%00%(upstream:remotename)%00%(upstream:remoteref) refs/heads/E01-exemplesTest refs/remotes/E01-exemplesTest [2ms]
2024-07-29 13:56:26.976 [info] > git config --local branch.E01-exemplesTest.vscode-merge-base [2ms]
2024-07-29 13:56:26.982 [info] > git for-each-ref --format=%(refname)%00%(upstream:short)%00%(objectname)%00%(upstream:track)%00%(upstream:remotename)%00%(upstream:remoteref) refs/heads/origin/E01 refs/remotes/origin/E01 [2ms]
2024-07-29 13:57:24.573 [info] > git config --get commit.template [5ms]
2024-07-29 13:57:24.574 [info] > git for-each-ref --format=%(refname)%00%(upstream:short)%00%(objectname)%00%(upstream:track)%00%(upstream:remotename)%00%(upstream:remoteref) refs/heads/E01-exemplesTest refs/remotes/E01-exemplesTest [2ms]
2024-07-29 13:57:24.582 [info] > git status -z -uall [4ms]
2024-07-29 13:57:24.590 [info] > git for-each-ref --format=%(refname)%00%(upstream:short)%00%(objectname)%00%(upstream:track)%00%(upstream:remotename)%00%(upstream:remoteref) refs/heads/E01-exemplesTest refs/remotes/E01-exemplesTest [3ms]
2024-07-29 13:57:24.597 [info] > git config --local branch.E01-exemplesTest.vscode-merge-base [2ms]
2024-07-29 13:57:24.604 [info] > git for-each-ref --format=%(refname)%00%(upstream:short)%00%(objectname)%00%(upstream:track)%00%(upstream:remotename)%00%(upstream:remoteref) refs/heads/origin/E01 refs/remotes/origin/E01 [2ms]
2024-07-29 13:57:35.392 [info] > git config --get commit.template [5ms]
2024-07-29 13:57:35.393 [info] > git for-each-ref --format=%(refname)%00%(upstream:short)%00%(objectname)%00%(upstream:track)%00%(upstream:remotename)%00%(upstream:remoteref) refs/heads/E01-exemplesTest refs/remotes/E01-exemplesTest [2ms]
2024-07-29 13:57:35.402 [info] > git status -z -uall [5ms]
2024-07-29 13:57:35.411 [info] > git for-each-ref --format=%(refname)%00%(upstream:short)%00%(objectname)%00%(upstream:track)%00%(upstream:remotename)%00%(upstream:remoteref) refs/heads/E01-exemplesTest refs/remotes/E01-exemplesTest [3ms]
2024-07-29 13:57:35.417 [info] > git config --local branch.E01-exemplesTest.vscode-merge-base [2ms]
2024-07-29 13:57:35.423 [info] > git for-each-ref --format=%(refname)%00%(upstream:short)%00%(objectname)%00%(upstream:track)%00%(upstream:remotename)%00%(upstream:remoteref) refs/heads/origin/E01 refs/remotes/origin/E01 [2ms]
2024-07-29 13:57:40.419 [info] > git config --get commit.template [4ms]
2024-07-29 13:57:40.420 [info] > git for-each-ref --format=%(refname)%00%(upstream:short)%00%(objectname)%00%(upstream:track)%00%(upstream:remotename)%00%(upstream:remoteref) refs/heads/E01-exemplesTest refs/remotes/E01-exemplesTest [2ms]
2024-07-29 13:57:40.428 [info] > git status -z -uall [4ms]
2024-07-29 13:57:40.436 [info] > git for-each-ref --format=%(refname)%00%(upstream:short)%00%(objectname)%00%(upstream:track)%00%(upstream:remotename)%00%(upstream:remoteref) refs/heads/E01-exemplesTest refs/remotes/E01-exemplesTest [3ms]
2024-07-29 13:57:40.442 [info] > git config --local branch.E01-exemplesTest.vscode-merge-base [2ms]
2024-07-29 13:57:40.449 [info] > git for-each-ref --format=%(refname)%00%(upstream:short)%00%(objectname)%00%(upstream:track)%00%(upstream:remotename)%00%(upstream:remoteref) refs/heads/origin/E01 refs/remotes/origin/E01 [2ms]
2024-07-29 13:58:32.821 [info] > git check-ignore -v -z --stdin [2ms]
2024-07-29 13:58:33.297 [info] > git show --textconv :projet1/@latest/conception/userstory.puml [7ms]
2024-07-29 13:58:33.298 [info] > git ls-files --stage -- /home/student/S04_TDD/projet1/@latest/conception/userstory.puml [2ms]
2024-07-29 13:58:33.326 [info] > git config --get commit.template [5ms]
2024-07-29 13:58:33.328 [info] > git for-each-ref --format=%(refname)%00%(upstream:short)%00%(objectname)%00%(upstream:track)%00%(upstream:remotename)%00%(upstream:remoteref) refs/heads/E01-exemplesTest refs/remotes/E01-exemplesTest [2ms]
2024-07-29 13:58:33.336 [info] > git status -z -uall [4ms]
2024-07-29 13:58:33.345 [info] > git for-each-ref --format=%(refname)%00%(upstream:short)%00%(objectname)%00%(upstream:track)%00%(upstream:remotename)%00%(upstream:remoteref) refs/heads/E01-exemplesTest refs/remotes/E01-exemplesTest [4ms]
2024-07-29 13:58:33.351 [info] > git config --local branch.E01-exemplesTest.vscode-merge-base [2ms]
2024-07-29 13:58:33.358 [info] > git for-each-ref --format=%(refname)%00%(upstream:short)%00%(objectname)%00%(upstream:track)%00%(upstream:remotename)%00%(upstream:remoteref) refs/heads/origin/E01 refs/remotes/origin/E01 [2ms]
2024-07-29 13:58:38.371 [info] > git config --get commit.template [10ms]
2024-07-29 13:58:38.387 [info] > git for-each-ref --format=%(refname)%00%(upstream:short)%00%(objectname)%00%(upstream:track)%00%(upstream:remotename)%00%(upstream:remoteref) refs/heads/E01-exemplesTest refs/remotes/E01-exemplesTest [17ms]
2024-07-29 13:58:38.419 [info] > git status -z -uall [14ms]
2024-07-29 13:58:38.444 [info] > git for-each-ref --format=%(refname)%00%(upstream:short)%00%(objectname)%00%(upstream:track)%00%(upstream:remotename)%00%(upstream:remoteref) refs/heads/E01-exemplesTest refs/remotes/E01-exemplesTest [11ms]
2024-07-29 13:58:38.465 [info] > git config --local branch.E01-exemplesTest.vscode-merge-base [9ms]
2024-07-29 13:58:38.488 [info] > git for-each-ref --format=%(refname)%00%(upstream:short)%00%(objectname)%00%(upstream:track)%00%(upstream:remotename)%00%(upstream:remoteref) refs/heads/origin/E01 refs/remotes/origin/E01 [10ms]
2024-07-29 13:59:37.280 [info] > git config --get commit.template [6ms]
2024-07-29 13:59:37.282 [info] > git for-each-ref --format=%(refname)%00%(upstream:short)%00%(objectname)%00%(upstream:track)%00%(upstream:remotename)%00%(upstream:remoteref) refs/heads/E01-exemplesTest refs/remotes/E01-exemplesTest [3ms]
2024-07-29 13:59:37.291 [info] > git status -z -uall [5ms]
2024-07-29 13:59:37.300 [info] > git for-each-ref --format=%(refname)%00%(upstream:short)%00%(objectname)%00%(upstream:track)%00%(upstream:remotename)%00%(upstream:remoteref) refs/heads/E01-exemplesTest refs/remotes/E01-exemplesTest [3ms]
2024-07-29 13:59:37.307 [info] > git config --local branch.E01-exemplesTest.vscode-merge-base [2ms]
2024-07-29 13:59:37.314 [info] > git for-each-ref --format=%(refname)%00%(upstream:short)%00%(objectname)%00%(upstream:track)%00%(upstream:remotename)%00%(upstream:remoteref) refs/heads/origin/E01 refs/remotes/origin/E01 [3ms]
2024-07-29 14:01:45.600 [info] > git config --get commit.template [5ms]
2024-07-29 14:01:45.602 [info] > git for-each-ref --format=%(refname)%00%(upstream:short)%00%(objectname)%00%(upstream:track)%00%(upstream:remotename)%00%(upstream:remoteref) refs/heads/E01-exemplesTest refs/remotes/E01-exemplesTest [3ms]
2024-07-29 14:01:45.610 [info] > git status -z -uall [5ms]
2024-07-29 14:01:45.617 [info] > git for-each-ref --format=%(refname)%00%(upstream:short)%00%(objectname)%00%(upstream:track)%00%(upstream:remotename)%00%(upstream:remoteref) refs/heads/E01-exemplesTest refs/remotes/E01-exemplesTest [2ms]
2024-07-29 14:01:45.623 [info] > git config --local branch.E01-exemplesTest.vscode-merge-base [2ms]
2024-07-29 14:01:45.630 [info] > git for-each-ref --format=%(refname)%00%(upstream:short)%00%(objectname)%00%(upstream:track)%00%(upstream:remotename)%00%(upstream:remoteref) refs/heads/origin/E01 refs/remotes/origin/E01 [3ms]
2024-07-29 14:02:42.052 [info] > git config --get commit.template [5ms]
2024-07-29 14:02:42.053 [info] > git for-each-ref --format=%(refname)%00%(upstream:short)%00%(objectname)%00%(upstream:track)%00%(upstream:remotename)%00%(upstream:remoteref) refs/heads/E01-exemplesTest refs/remotes/E01-exemplesTest [2ms]
2024-07-29 14:02:42.061 [info] > git status -z -uall [4ms]
2024-07-29 14:02:42.069 [info] > git for-each-ref --format=%(refname)%00%(upstream:short)%00%(objectname)%00%(upstream:track)%00%(upstream:remotename)%00%(upstream:remoteref) refs/heads/E01-exemplesTest refs/remotes/E01-exemplesTest [3ms]
2024-07-29 14:02:42.075 [info] > git config --local branch.E01-exemplesTest.vscode-merge-base [2ms]
2024-07-29 14:02:42.082 [info] > git for-each-ref --format=%(refname)%00%(upstream:short)%00%(objectname)%00%(upstream:track)%00%(upstream:remotename)%00%(upstream:remoteref) refs/heads/origin/E01 refs/remotes/origin/E01 [3ms]
2024-07-29 14:03:20.517 [info] > git show --textconv :projet1/@latest/conception/userstory.md [5ms]
2024-07-29 14:03:20.519 [info] > git ls-files --stage -- /home/student/S04_TDD/projet1/@latest/conception/userstory.md [2ms]
2024-07-29 14:03:20.781 [info] > git config --get commit.template [5ms]
2024-07-29 14:03:20.783 [info] > git for-each-ref --format=%(refname)%00%(upstream:short)%00%(objectname)%00%(upstream:track)%00%(upstream:remotename)%00%(upstream:remoteref) refs/heads/E01-exemplesTest refs/remotes/E01-exemplesTest [2ms]
2024-07-29 14:03:20.791 [info] > git status -z -uall [4ms]
2024-07-29 14:03:20.800 [info] > git for-each-ref --format=%(refname)%00%(upstream:short)%00%(objectname)%00%(upstream:track)%00%(upstream:remotename)%00%(upstream:remoteref) refs/heads/E01-exemplesTest refs/remotes/E01-exemplesTest [2ms]
2024-07-29 14:03:20.806 [info] > git config --local branch.E01-exemplesTest.vscode-merge-base [1ms]
2024-07-29 14:03:20.812 [info] > git for-each-ref --format=%(refname)%00%(upstream:short)%00%(objectname)%00%(upstream:track)%00%(upstream:remotename)%00%(upstream:remoteref) refs/heads/origin/E01 refs/remotes/origin/E01 [2ms]
2024-07-29 14:03:25.808 [info] > git config --get commit.template [5ms]
2024-07-29 14:03:25.810 [info] > git for-each-ref --format=%(refname)%00%(upstream:short)%00%(objectname)%00%(upstream:track)%00%(upstream:remotename)%00%(upstream:remoteref) refs/heads/E01-exemplesTest refs/remotes/E01-exemplesTest [2ms]
2024-07-29 14:03:25.818 [info] > git status -z -uall [4ms]
2024-07-29 14:03:25.825 [info] > git for-each-ref --format=%(refname)%00%(upstream:short)%00%(objectname)%00%(upstream:track)%00%(upstream:remotename)%00%(upstream:remoteref) refs/heads/E01-exemplesTest refs/remotes/E01-exemplesTest [2ms]
2024-07-29 14:03:25.831 [info] > git config --local branch.E01-exemplesTest.vscode-merge-base [2ms]
2024-07-29 14:03:25.838 [info] > git for-each-ref --format=%(refname)%00%(upstream:short)%00%(objectname)%00%(upstream:track)%00%(upstream:remotename)%00%(upstream:remoteref) refs/heads/origin/E01 refs/remotes/origin/E01 [3ms]
2024-07-29 14:04:39.880 [info] > git config --get commit.template [5ms]
2024-07-29 14:04:39.881 [info] > git for-each-ref --format=%(refname)%00%(upstream:short)%00%(objectname)%00%(upstream:track)%00%(upstream:remotename)%00%(upstream:remoteref) refs/heads/E01-exemplesTest refs/remotes/E01-exemplesTest [2ms]
2024-07-29 14:04:39.889 [info] > git status -z -uall [4ms]
2024-07-29 14:04:39.897 [info] > git for-each-ref --format=%(refname)%00%(upstream:short)%00%(objectname)%00%(upstream:track)%00%(upstream:remotename)%00%(upstream:remoteref) refs/heads/E01-exemplesTest refs/remotes/E01-exemplesTest [3ms]
2024-07-29 14:04:39.903 [info] > git config --local branch.E01-exemplesTest.vscode-merge-base [2ms]
2024-07-29 14:04:39.910 [info] > git for-each-ref --format=%(refname)%00%(upstream:short)%00%(objectname)%00%(upstream:track)%00%(upstream:remotename)%00%(upstream:remoteref) refs/heads/origin/E01 refs/remotes/origin/E01 [2ms]
2024-07-29 14:05:07.159 [info] > git config --get commit.template [5ms]
2024-07-29 14:05:07.161 [info] > git for-each-ref --format=%(refname)%00%(upstream:short)%00%(objectname)%00%(upstream:track)%00%(upstream:remotename)%00%(upstream:remoteref) refs/heads/E01-exemplesTest refs/remotes/E01-exemplesTest [3ms]
2024-07-29 14:05:07.169 [info] > git status -z -uall [4ms]
2024-07-29 14:05:07.176 [info] > git for-each-ref --format=%(refname)%00%(upstream:short)%00%(objectname)%00%(upstream:track)%00%(upstream:remotename)%00%(upstream:remoteref) refs/heads/E01-exemplesTest refs/remotes/E01-exemplesTest [2ms]
2024-07-29 14:05:07.182 [info] > git config --local branch.E01-exemplesTest.vscode-merge-base [2ms]
2024-07-29 14:05:07.189 [info] > git for-each-ref --format=%(refname)%00%(upstream:short)%00%(objectname)%00%(upstream:track)%00%(upstream:remotename)%00%(upstream:remoteref) refs/heads/origin/E01 refs/remotes/origin/E01 [2ms]
2024-07-29 14:05:07.356 [info] > git ls-files --stage -- /home/student/S04_TDD/projet1/@latest/conception/userstory.md [3ms]
2024-07-29 14:05:07.363 [info] > git cat-file -s 7640780dd59903e3f1d3abcc13a1a82fbe86b6dc [3ms]
2024-07-29 14:05:07.632 [info] > git show --textconv :projet1/@latest/conception/userstory.md [3ms]
2024-07-29 14:05:21.428 [info] > git config --get commit.template [6ms]
2024-07-29 14:05:21.428 [info] > git for-each-ref --format=%(refname)%00%(upstream:short)%00%(objectname)%00%(upstream:track)%00%(upstream:remotename)%00%(upstream:remoteref) refs/heads/E01-exemplesTest refs/remotes/E01-exemplesTest [3ms]
2024-07-29 14:05:21.436 [info] > git status -z -uall [4ms]
2024-07-29 14:05:21.444 [info] > git for-each-ref --format=%(refname)%00%(upstream:short)%00%(objectname)%00%(upstream:track)%00%(upstream:remotename)%00%(upstream:remoteref) refs/heads/E01-exemplesTest refs/remotes/E01-exemplesTest [3ms]
2024-07-29 14:05:21.450 [info] > git config --local branch.E01-exemplesTest.vscode-merge-base [2ms]
2024-07-29 14:05:21.457 [info] > git for-each-ref --format=%(refname)%00%(upstream:short)%00%(objectname)%00%(upstream:track)%00%(upstream:remotename)%00%(upstream:remoteref) refs/heads/origin/E01 refs/remotes/origin/E01 [3ms]
2024-07-29 14:05:21.795 [info] > git ls-files --stage -- /home/student/S04_TDD/projet1/@latest/conception/userstory.md [2ms]
2024-07-29 14:05:21.801 [info] > git cat-file -s 7640780dd59903e3f1d3abcc13a1a82fbe86b6dc [2ms]
2024-07-29 14:05:21.881 [info] > git show --textconv :projet1/@latest/conception/userstory.md [3ms]
